(R_,L,RL,G_,G_a,G_bg,G_d)
0:(50,2,0,50,0,0,0)
1:(50,2,1,50,0,0,0)
2:(50,2,2,50,0,0,0)
3:(50,2,3,50,0,0,0)
4:(50,2,2,49,1,1,0)
5:(50,2,2,49,0,1,1)
6:(51,2,2,49,0,1,1)
7:(50,2,3,49,0,1,1)
8:(50,2,4,49,0,1,1)
9:(50,2,5,49,0,1,1)
10:(51,2,5,49,0,1,1)
11:(52,2,5,49,0,1,1)
12:(53,2,5,49,0,1,1)
13:(54,2,5,49,0,1,1)
14:(55,2,5,49,0,1,1)
15:(56,2,5,49,0,1,1)
16:(55,2,6,49,0,1,1)
17:(55,2,5,48,1,2,1)
18:(55,2,4,47,2,3,1)
19:(55,2,4,47,1,3,2)
20:(55,2,4,47,0,3,3)
21:(56,2,4,47,0,3,3)
22:(57,2,4,47,0,3,3)
23:(58,2,4,47,0,3,3)
24:(59,2,4,47,0,3,3)
25:(60,2,4,47,0,3,3)
26:(60,2,5,47,0,3,3)
27:(60,2,4,46,1,4,3)
28:(60,2,4,46,0,4,4)
29:(61,2,4,46,0,4,4)
30:(62,2,4,46,0,4,4)
31:(61,2,5,46,0,4,4)
32:(61,2,4,45,1,5,4)
33:(61,2,4,45,0,5,5)
34:(61,2,5,45,0,5,5)
35:(62,2,5,45,0,5,5)
36:(63,2,5,45,0,5,5)
37:(63,2,6,45,0,5,5)
38:(64,2,6,45,0,5,5)
39:(64,2,5,44,1,6,5)
40:(64,2,5,44,0,6,6)
41:(64,2,4,43,1,7,6)
42:(65,2,4,43,1,7,6)
43:(66,2,4,43,1,7,6)
44:(65,2,5,43,1,7,6)
45:(65,2,5,43,0,7,7)
46:(65,2,6,43,0,7,7)
47:(64,2,7,43,0,7,7)
48:(64,2,6,42,1,8,7)
49:(64,2,6,42,0,8,8)
50:(64,2,5,41,1,9,8)
51:(64,2,4,40,2,10,8)
52:(65,2,4,40,2,10,8)
53:(66,2,3,40,2,10,8)
54:(66,2,2,39,3,11,8)
55:(67,2,2,39,3,11,8)
56:(68,2,2,39,3,11,8)
57:(67,2,3,39,3,11,8)
58:(66,2,4,39,3,11,8)
59:(66,2,4,39,2,11,9)
60:(66,2,4,39,1,11,10)
61:(66,2,5,39,1,11,10)
62:(67,2,5,39,1,11,10)
63:(67,2,4,38,2,12,10)
64:(67,2,5,38,2,12,10)
65:(67,2,6,38,2,12,10)
66:(67,2,6,38,1,12,11)
67:(68,2,6,38,1,12,11)
68:(69,2,6,38,1,12,11)
69:(70,2,6,38,1,12,11)
70:(70,2,7,38,1,12,11)
71:(70,2,7,38,0,12,12)
72:(71,2,7,38,0,12,12)
73:(72,2,7,38,0,12,12)
74:(73,2,7,38,0,12,12)
75:(74,2,7,38,0,12,12)
76:(75,2,7,38,0,12,12)
77:(75,2,6,37,1,13,12)
78:(75,2,7,37,1,13,12)
79:(75,2,7,37,0,13,13)
80:(75,2,8,37,0,13,13)
81:(75,2,9,37,0,13,13)
82:(75,2,10,37,0,13,13)
83:(76,2,10,37,0,13,13)
84:(77,2,10,37,0,13,13)
85:(78,2,10,37,0,13,13)
86:(78,2,9,36,1,14,13)
87:(78,2,9,36,0,14,14)
88:(77,2,10,36,0,14,14)
89:(77,2,11,36,0,14,14)
90:(77,2,10,35,1,15,14)
91:(77,2,11,35,1,15,14)
92:(77,2,12,35,1,15,14)
93:(77,2,13,35,1,15,14)
94:(77,2,14,35,1,15,14)
95:(77,2,14,35,0,15,15)
96:(77,2,15,35,0,15,15)
97:(77,2,15,36,0,14,14)
98:(78,2,15,36,0,14,14)
99:(79,2,15,36,0,14,14)
100:(80,2,15,36,0,14,14)
101:(81,2,14,36,0,14,14)
102:(82,2,14,36,0,14,14)
103:(82,2,15,36,0,14,14)
104:(83,2,15,36,0,14,14)
105:(82,2,16,36,0,14,14)
106:(83,2,16,36,0,14,14)
107:(83,2,17,36,0,14,14)
108:(84,2,17,36,0,14,14)
109:(84,2,18,36,0,14,14)
110:(84,2,17,35,1,15,14)
111:(83,2,17,35,1,15,14)
112:(82,2,18,35,1,15,14)
113:(83,2,18,35,1,15,14)
114:(83,2,17,34,2,16,14)
115:(83,2,17,34,1,16,15)
116:(83,2,18,34,1,16,15)
117:(84,2,18,34,1,16,15)
118:(83,2,19,34,1,16,15)
119:(83,2,18,33,2,17,15)
120:(82,2,19,33,2,17,15)
121:(81,2,20,33,2,17,15)
122:(81,2,20,33,1,17,16)
123:(81,2,19,32,2,18,16)
124:(81,2,18,31,3,19,16)
125:(80,2,19,31,3,19,16)
126:(80,2,18,30,4,20,16)
127:(79,2,18,30,4,20,16)
128:(78,2,19,30,4,20,16)
129:(77,2,20,30,4,20,16)
130:(77,2,21,30,4,20,16)
131:(77,2,22,30,4,20,16)
132:(77,2,23,30,4,20,16)
133:(77,2,22,29,5,21,16)
134:(76,2,23,29,5,21,16)
135:(75,2,24,29,5,21,16)
136:(75,2,25,29,5,21,16)
137:(75,2,26,29,5,21,16)
138:(76,2,26,29,5,21,16)
139:(77,2,26,29,5,21,16)
140:(78,2,26,29,5,21,16)
141:(79,2,26,29,5,21,16)
142:(79,2,27,29,5,21,16)
143:(80,2,27,29,5,21,16)
144:(81,2,27,29,5,21,16)
145:(81,2,28,29,5,21,16)
146:(81,2,29,29,5,21,16)
147:(81,2,30,29,5,21,16)
148:(81,2,29,28,6,22,16)
149:(81,2,30,28,6,22,16)
150:(80,2,31,28,6,22,16)
151:(79,2,32,28,6,22,16)
152:(79,2,33,28,6,22,16)
153:(79,2,34,28,6,22,16)
154:(79,2,35,28,6,22,16)
155:(78,2,36,28,6,22,16)
156:(77,2,37,28,6,22,16)
157:(76,2,38,28,6,22,16)
158:(75,2,39,28,6,22,16)
159:(74,2,40,28,6,22,16)
160:(74,2,39,27,7,23,16)
161:(74,2,38,26,8,24,16)
162:(74,2,37,25,9,25,16)
163:(74,2,36,24,10,26,16)
164:(74,2,35,23,11,27,16)
165:(74,2,34,22,12,28,16)
166:(74,2,33,21,13,29,16)
167:(74,2,32,20,14,30,16)
168:(74,2,31,19,15,31,16)
169:(74,2,30,18,16,32,16)
170:(74,2,29,17,17,33,16)
171:(74,2,28,16,18,34,16)
172:(74,2,27,15,19,35,16)
173:(74,2,26,14,20,36,16)
174:(74,2,25,13,21,37,16)
175:(74,2,24,12,22,38,16)
176:(74,2,23,11,23,39,16)
177:(74,2,22,10,24,40,16)
178:(74,2,21,9,25,41,16)
179:(74,2,20,8,26,42,16)
180:(74,2,19,7,27,43,16)
181:(74,2,18,6,28,44,16)
182:(74,2,17,5,29,45,16)
183:(74,2,16,4,30,46,16)
184:(74,2,15,3,31,47,16)
185:(74,2,14,2,32,48,16)
186:(74,2,13,1,33,49,16)
187:(74,2,12,0,34,50,16)
188:(75,2,12,0,34,50,16)
189:(73,2,12,0,34,50,16)
190:(73,2,13,0,34,50,16)
191:(74,2,13,0,34,50,16)
192:(75,2,13,1,33,49,16)
193:(73,2,13,1,33,49,16)
194:(73,2,14,1,33,49,16)
195:(74,2,14,1,33,49,16)
196:(75,2,14,2,32,48,16)
197:(73,2,14,2,32,48,16)
198:(73,2,15,2,32,48,16)
199:(74,2,15,2,32,48,16)
200:(75,2,15,3,31,47,16)
201:(73,2,15,3,31,47,16)
202:(73,2,16,3,31,47,16)
203:(74,2,16,3,31,47,16)
204:(75,2,16,4,30,46,16)
205:(73,2,16,4,30,46,16)
206:(73,2,17,4,30,46,16)
207:(74,2,17,4,30,46,16)
208:(75,2,17,5,29,45,16)
209:(73,2,17,5,29,45,16)
210:(73,2,18,5,29,45,16)
211:(74,2,18,5,29,45,16)
212:(75,2,18,6,28,44,16)
213:(73,2,18,6,28,44,16)
214:(73,2,19,6,28,44,16)
215:(74,2,19,6,28,44,16)
216:(75,2,19,7,27,43,16)
217:(73,2,19,7,27,43,16)
218:(73,2,20,7,27,43,16)
219:(74,2,20,7,27,43,16)
220:(75,2,20,8,26,42,16)
221:(73,2,20,8,26,42,16)
222:(73,2,21,8,26,42,16)
223:(74,2,21,8,26,42,16)
224:(75,2,21,9,25,41,16)
225:(73,2,21,9,25,41,16)
226:(73,2,22,9,25,41,16)
227:(74,2,22,9,25,41,16)
228:(75,2,22,10,24,40,16)
229:(73,2,22,10,24,40,16)
230:(73,2,23,10,24,40,16)
231:(74,2,23,10,24,40,16)
232:(75,2,23,11,23,39,16)
233:(73,2,23,11,23,39,16)
234:(73,2,24,11,23,39,16)
235:(74,2,24,11,23,39,16)
236:(75,2,24,12,22,38,16)
237:(73,2,24,12,22,38,16)
238:(73,2,25,12,22,38,16)
239:(74,2,25,12,22,38,16)
240:(75,2,25,13,21,37,16)
241:(73,2,25,13,21,37,16)
242:(73,2,26,13,21,37,16)
243:(74,2,26,13,21,37,16)
244:(75,2,26,14,20,36,16)
245:(73,2,26,14,20,36,16)
246:(73,2,27,14,20,36,16)
247:(74,2,27,14,20,36,16)
248:(75,2,27,15,19,35,16)
249:(73,2,27,15,19,35,16)
250:(73,2,28,15,19,35,16)
251:(74,2,28,15,19,35,16)
252:(75,2,28,16,18,34,16)
253:(73,2,28,16,18,34,16)
254:(73,2,29,16,18,34,16)
255:(74,2,29,16,18,34,16)
256:(75,2,29,17,17,33,16)
257:(73,2,29,17,17,33,16)
258:(73,2,30,17,17,33,16)
259:(74,2,30,17,17,33,16)
260:(75,2,30,18,16,32,16)
261:(73,2,30,18,16,32,16)
262:(73,2,31,18,16,32,16)
263:(74,2,31,18,16,32,16)
264:(75,2,31,19,15,31,16)
265:(73,2,31,19,15,31,16)
266:(73,2,32,19,15,31,16)
267:(74,2,32,19,15,31,16)
268:(75,2,32,20,14,30,16)
269:(73,2,32,20,14,30,16)
270:(73,2,33,20,14,30,16)
271:(74,2,33,20,14,30,16)
272:(75,2,33,21,13,29,16)
273:(73,2,33,21,13,29,16)
274:(73,2,34,21,13,29,16)
275:(74,2,34,21,13,29,16)
276:(75,2,34,22,12,28,16)
277:(73,2,34,22,12,28,16)
278:(73,2,35,22,12,28,16)
279:(74,2,35,22,12,28,16)
280:(75,2,35,23,11,27,16)
281:(73,2,35,23,11,27,16)
282:(73,2,36,23,11,27,16)
283:(74,2,36,23,11,27,16)
284:(75,2,36,24,10,26,16)
285:(73,2,36,24,10,26,16)
286:(73,2,37,24,10,26,16)
287:(74,2,37,24,10,26,16)
288:(75,2,37,25,9,25,16)
289:(73,2,37,25,9,25,16)
290:(73,2,38,25,9,25,16)
291:(74,2,38,25,9,25,16)
292:(75,2,38,26,8,24,16)
293:(73,2,38,26,8,24,16)
294:(73,2,39,26,8,24,16)
295:(74,2,39,26,8,24,16)
296:(75,2,39,27,7,23,16)
297:(73,2,39,27,7,23,16)
298:(73,2,40,27,7,23,16)
299:(74,2,40,27,7,23,16)
300:(75,2,40,28,6,22,16)
301:(73,2,40,28,6,22,16)
302:(73,2,41,28,6,22,16)
303:(74,2,41,28,6,22,16)
304:(76,2,39,28,6,22,16)
305:(74,2,39,28,6,22,16)
306:(77,2,38,28,6,22,16)
307:(75,2,38,28,6,22,16)
308:(78,2,37,28,6,22,16)
309:(76,2,37,28,6,22,16)
310:(79,2,36,28,6,22,16)
311:(77,2,36,28,6,22,16)
312:(80,2,35,28,6,22,16)
313:(78,2,35,28,6,22,16)
314:(80,2,34,28,6,22,16)
315:(78,2,34,28,6,22,16)
316:(80,2,33,28,6,22,16)
317:(78,2,33,28,6,22,16)
318:(80,2,32,28,6,22,16)
319:(78,2,32,28,6,22,16)
320:(81,2,31,28,6,22,16)
321:(79,2,31,28,6,22,16)
322:(82,2,30,28,6,22,16)
323:(80,2,30,28,6,22,16)
324:(82,2,29,28,6,22,16)
325:(80,2,29,28,6,22,16)
326:(82,2,30,29,5,21,16)
327:(80,2,30,29,5,21,16)
328:(80,2,31,29,5,21,16)
329:(81,2,31,29,5,21,16)
330:(82,2,29,29,5,21,16)
331:(80,2,29,29,5,21,16)
332:(82,2,28,29,5,21,16)
333:(80,2,28,29,5,21,16)
334:(82,2,27,29,5,21,16)
335:(79,2,28,29,5,21,16)
336:(78,2,27,29,5,21,16)
337:(78,2,28,29,5,21,16)
338:(80,2,26,29,5,21,16)
339:(77,2,27,29,5,21,16)
340:(76,2,27,29,5,21,16)
341:(75,2,27,29,5,21,16)
342:(74,2,26,29,5,21,16)
343:(74,2,27,29,5,21,16)
344:(76,2,25,29,5,21,16)
345:(74,2,25,29,5,21,16)
346:(76,2,24,29,5,21,16)
347:(74,2,24,29,5,21,16)
348:(77,2,23,29,5,21,16)
349:(75,2,23,29,5,21,16)
350:(78,2,22,29,5,21,16)
351:(76,2,22,29,5,21,16)
352:(78,2,23,30,4,20,16)
353:(76,2,23,30,4,20,16)
354:(76,2,24,30,4,20,16)
355:(77,2,24,30,4,20,16)
356:(78,2,22,30,4,20,16)
357:(76,2,22,30,4,20,16)
358:(78,2,21,30,4,20,16)
359:(76,2,21,30,4,20,16)
360:(78,2,20,30,4,20,16)
361:(76,2,20,30,4,20,16)
362:(79,2,19,30,4,20,16)
363:(77,2,19,30,4,20,16)
364:(78,2,18,30,4,20,16)
365:(81,2,18,30,4,20,16)
366:(80,2,19,30,4,20,16)
367:(81,2,19,31,3,19,16)
368:(79,2,19,31,3,19,16)
369:(79,2,20,31,3,19,16)
370:(80,2,20,31,3,19,16)
371:(82,2,18,31,3,19,16)
372:(80,2,18,31,3,19,16)
373:(82,2,19,32,2,18,16)
374:(80,2,19,32,2,18,16)
375:(80,2,20,32,2,18,16)
376:(81,2,20,32,2,18,16)
377:(82,2,20,33,1,17,16)
378:(80,2,20,33,1,17,16)
379:(80,2,21,33,1,17,16)
380:(81,2,21,33,1,17,16)
381:(82,2,20,33,2,17,15)
382:(80,2,20,33,2,17,15)
383:(80,2,21,33,2,17,15)
384:(81,2,21,33,2,17,15)
385:(83,2,19,33,2,17,15)
386:(81,2,19,33,2,17,15)
387:(84,2,18,33,2,17,15)
388:(82,2,18,33,2,17,15)
389:(84,2,19,34,1,16,15)
390:(82,2,19,34,1,16,15)
391:(82,2,20,34,1,16,15)
392:(83,2,20,34,1,16,15)
393:(85,2,18,34,1,16,15)
394:(82,2,18,34,1,16,15)
395:(84,2,17,34,1,16,15)
396:(82,2,17,34,1,16,15)
397:(84,2,17,34,2,16,14)
398:(82,2,17,34,2,16,14)
399:(82,2,18,34,2,16,14)
400:(83,2,18,34,2,16,14)
401:(84,2,18,35,1,15,14)
402:(82,2,19,35,1,15,14)
403:(83,2,19,35,1,15,14)
404:(81,2,18,35,1,15,14)
405:(81,2,19,35,1,15,14)
406:(82,2,17,35,1,15,14)
407:(85,2,17,35,1,15,14)
408:(85,2,18,36,0,14,14)
409:(83,2,18,36,0,14,14)
410:(83,2,19,36,0,14,14)
411:(84,2,19,36,0,14,14)
412:(85,2,17,36,0,14,14)
413:(82,2,17,36,0,14,14)
414:(82,2,18,36,0,14,14)
415:(84,2,16,36,0,14,14)
416:(81,2,16,36,0,14,14)
417:(81,2,17,36,0,14,14)
418:(84,2,15,36,0,14,14)
419:(81,2,15,36,0,14,14)
420:(83,2,14,36,0,14,14)
421:(80,2,14,36,0,14,14)
422:(79,2,16,36,0,14,14)
423:(80,2,16,36,0,14,14)
424:(78,2,16,36,0,14,14)
425:(77,2,16,36,0,14,14)
426:(76,2,15,36,0,14,14)
427:(76,2,16,36,0,14,14)
428:(78,2,15,35,0,15,15)
429:(76,2,15,35,0,15,15)
430:(76,2,16,35,0,15,15)
431:(77,2,16,35,0,15,15)
432:(78,2,14,35,0,15,15)
433:(76,2,14,35,0,15,15)
434:(78,2,14,35,1,15,14)
435:(76,2,14,35,1,15,14)
436:(76,2,15,35,1,15,14)
437:(77,2,15,35,1,15,14)
438:(78,2,13,35,1,15,14)
439:(76,2,13,35,1,15,14)
440:(78,2,12,35,1,15,14)
441:(76,2,12,35,1,15,14)
442:(78,2,11,35,1,15,14)
443:(76,2,11,35,1,15,14)
444:(78,2,10,35,1,15,14)
445:(76,2,10,35,1,15,14)
446:(78,2,11,36,0,14,14)
447:(76,2,11,36,0,14,14)
448:(76,2,12,36,0,14,14)
449:(77,2,12,36,0,14,14)
450:(78,2,10,36,0,14,14)
451:(76,2,10,36,0,14,14)
452:(79,2,9,36,0,14,14)
453:(77,2,9,36,0,14,14)
454:(79,2,9,36,1,14,13)
455:(77,2,9,36,1,14,13)
456:(77,2,10,36,1,14,13)
457:(78,2,10,36,1,14,13)
458:(79,2,10,37,0,13,13)
459:(77,2,11,37,0,13,13)
460:(78,2,11,37,0,13,13)
461:(76,2,11,37,0,13,13)
462:(75,2,11,37,0,13,13)
463:(74,2,10,37,0,13,13)
464:(74,2,11,37,0,13,13)
465:(76,2,9,37,0,13,13)
466:(74,2,9,37,0,13,13)
467:(76,2,8,37,0,13,13)
468:(74,2,8,37,0,13,13)
469:(76,2,7,37,0,13,13)
470:(74,2,7,37,0,13,13)
471:(76,2,7,37,1,13,12)
472:(74,2,7,37,1,13,12)
473:(74,2,8,37,1,13,12)
474:(75,2,8,37,1,13,12)
475:(76,2,6,37,1,13,12)
476:(74,2,6,37,1,13,12)
477:(76,2,7,38,0,12,12)
478:(74,2,8,38,0,12,12)
479:(75,2,8,38,0,12,12)
480:(73,2,8,38,0,12,12)
481:(72,2,8,38,0,12,12)
482:(71,2,8,38,0,12,12)
483:(70,2,8,38,0,12,12)
484:(69,2,7,38,0,12,12)
485:(69,2,8,38,0,12,12)
486:(71,2,7,38,1,12,11)
487:(69,2,7,38,1,12,11)
488:(69,2,8,38,1,12,11)
489:(70,2,8,38,1,12,11)
490:(71,2,6,38,1,12,11)
491:(68,2,7,38,1,12,11)
492:(67,2,7,38,1,12,11)
493:(66,2,6,38,1,12,11)
494:(66,2,7,38,1,12,11)
495:(68,2,6,38,2,12,10)
496:(66,2,6,38,2,12,10)
497:(66,2,7,38,2,12,10)
498:(67,2,7,38,2,12,10)
499:(68,2,5,38,2,12,10)
500:(66,2,5,38,2,12,10)
501:(68,2,4,38,2,12,10)
502:(66,2,4,38,2,12,10)
503:(68,2,5,39,1,11,10)
504:(66,2,6,39,1,11,10)
505:(67,2,6,39,1,11,10)
506:(65,2,5,39,1,11,10)
507:(65,2,6,39,1,11,10)
508:(67,2,4,39,1,11,10)
509:(65,2,4,39,1,11,10)
510:(67,2,4,39,2,11,9)
511:(65,2,4,39,2,11,9)
512:(65,2,5,39,2,11,9)
513:(66,2,5,39,2,11,9)
514:(67,2,4,39,3,11,8)
515:(65,2,4,39,3,11,8)
516:(65,2,5,39,3,11,8)
517:(66,2,5,39,3,11,8)
518:(68,2,3,39,3,11,8)
519:(66,2,3,39,3,11,8)
520:(69,2,2,39,3,11,8)
521:(65,2,2,39,3,11,8)
522:(65,2,3,39,3,11,8)
523:(67,2,3,40,2,10,8)
524:(65,2,3,40,2,10,8)
525:(66,2,4,40,2,10,8)
526:(64,2,5,40,2,10,8)
527:(65,2,5,40,2,10,8)
528:(63,2,4,40,2,10,8)
529:(63,2,5,40,2,10,8)
530:(65,2,5,41,1,9,8)
531:(63,2,5,41,1,9,8)
532:(63,2,6,41,1,9,8)
533:(64,2,6,41,1,9,8)
534:(65,2,6,42,0,8,8)
535:(63,2,6,42,0,8,8)
536:(63,2,7,42,0,8,8)
537:(64,2,7,42,0,8,8)
538:(65,2,6,42,1,8,7)
539:(63,2,6,42,1,8,7)
540:(63,2,7,42,1,8,7)
541:(64,2,7,42,1,8,7)
542:(65,2,7,43,0,7,7)
543:(63,2,7,43,0,7,7)
544:(63,2,8,43,0,7,7)
545:(64,2,8,43,0,7,7)
546:(66,2,6,43,0,7,7)
547:(64,2,6,43,0,7,7)
548:(66,2,5,43,0,7,7)
549:(64,2,5,43,0,7,7)
550:(66,2,5,43,1,7,6)
551:(64,2,5,43,1,7,6)
552:(64,2,6,43,1,7,6)
553:(65,2,6,43,1,7,6)
554:(67,2,4,43,1,7,6)
555:(63,2,4,43,1,7,6)
556:(63,2,5,43,1,7,6)
557:(65,2,5,44,0,6,6)
558:(63,2,5,44,0,6,6)
559:(63,2,6,44,0,6,6)
560:(64,2,6,44,0,6,6)
561:(65,2,5,44,1,6,5)
562:(63,2,5,44,1,6,5)
563:(63,2,6,44,1,6,5)
564:(64,2,6,44,1,6,5)
565:(65,2,6,45,0,5,5)
566:(63,2,7,45,0,5,5)
567:(64,2,7,45,0,5,5)
568:(62,2,6,45,0,5,5)
569:(62,2,7,45,0,5,5)
570:(64,2,5,45,0,5,5)
571:(61,2,6,45,0,5,5)
572:(60,2,5,45,0,5,5)
573:(60,2,6,45,0,5,5)
574:(62,2,4,45,0,5,5)
575:(60,2,4,45,0,5,5)
576:(62,2,4,45,1,5,4)
577:(60,2,4,45,1,5,4)
578:(60,2,5,45,1,5,4)
579:(61,2,5,45,1,5,4)
580:(62,2,5,46,0,4,4)
581:(60,2,5,46,0,4,4)
582:(60,2,6,46,0,4,4)
583:(61,2,6,46,0,4,4)
584:(63,2,4,46,0,4,4)
585:(59,2,4,46,0,4,4)
586:(59,2,5,46,0,4,4)
587:(61,2,4,46,1,4,3)
588:(59,2,4,46,1,4,3)
589:(59,2,5,46,1,4,3)
590:(60,2,5,46,1,4,3)
591:(61,2,5,47,0,3,3)
592:(59,2,5,47,0,3,3)
593:(59,2,6,47,0,3,3)
594:(60,2,6,47,0,3,3)
595:(61,2,4,47,0,3,3)
596:(58,2,5,47,0,3,3)
597:(57,2,5,47,0,3,3)
598:(56,2,5,47,0,3,3)
599:(55,2,5,47,0,3,3)
600:(54,2,4,47,0,3,3)
601:(54,2,5,47,0,3,3)
602:(56,2,4,47,1,3,2)
603:(54,2,4,47,1,3,2)
604:(54,2,5,47,1,3,2)
605:(55,2,5,47,1,3,2)
606:(56,2,4,47,2,3,1)
607:(54,2,4,47,2,3,1)
608:(54,2,5,47,2,3,1)
609:(55,2,5,47,2,3,1)
610:(56,2,5,48,1,2,1)
611:(54,2,5,48,1,2,1)
612:(54,2,6,48,1,2,1)
613:(55,2,6,48,1,2,1)
614:(56,2,6,49,0,1,1)
615:(54,2,6,49,0,1,1)
616:(54,2,7,49,0,1,1)
617:(55,2,7,49,0,1,1)
618:(57,2,5,49,0,1,1)
619:(53,2,6,49,0,1,1)
620:(52,2,6,49,0,1,1)
621:(51,2,6,49,0,1,1)
622:(50,2,6,49,0,1,1)
623:(49,2,5,49,0,1,1)
624:(49,2,6,49,0,1,1)
625:(51,2,4,49,0,1,1)
626:(49,2,4,49,0,1,1)
627:(51,2,3,49,0,1,1)
628:(49,2,3,49,0,1,1)
629:(52,2,2,49,0,1,1)
630:(49,2,2,49,0,1,1)
631:(51,2,2,49,1,1,0)
632:(49,2,2,49,1,1,0)
633:(49,2,3,49,1,1,0)
634:(50,2,3,49,1,1,0)
635:(51,2,3,50,0,0,0)
636:(49,2,3,50,0,0,0)
637:(49,2,4,50,0,0,0)
638:(50,2,4,50,0,0,0)
639:(51,2,2,50,0,0,0)
640:(49,2,2,50,0,0,0)
641:(51,2,1,50,0,0,0)
642:(49,2,1,50,0,0,0)
643:(51,2,0,50,0,0,0)
644:(49,2,0,50,0,0,0)
645:(76,2,13,1,33,49,16)
646:(75,2,14,1,33,49,16)
647:(76,2,14,2,32,48,16)
648:(75,2,15,2,32,48,16)
649:(76,2,15,3,31,47,16)
650:(75,2,16,3,31,47,16)
651:(76,2,16,4,30,46,16)
652:(75,2,17,4,30,46,16)
653:(76,2,17,5,29,45,16)
654:(75,2,18,5,29,45,16)
655:(76,2,18,6,28,44,16)
656:(75,2,19,6,28,44,16)
657:(76,2,19,7,27,43,16)
658:(75,2,20,7,27,43,16)
659:(76,2,20,8,26,42,16)
660:(75,2,21,8,26,42,16)
661:(76,2,21,9,25,41,16)
662:(75,2,22,9,25,41,16)
663:(76,2,22,10,24,40,16)
664:(75,2,23,10,24,40,16)
665:(76,2,23,11,23,39,16)
666:(75,2,24,11,23,39,16)
667:(76,2,24,12,22,38,16)
668:(75,2,25,12,22,38,16)
669:(76,2,25,13,21,37,16)
670:(75,2,26,13,21,37,16)
671:(76,2,26,14,20,36,16)
672:(75,2,27,14,20,36,16)
673:(76,2,27,15,19,35,16)
674:(75,2,28,15,19,35,16)
675:(76,2,28,16,18,34,16)
676:(75,2,29,16,18,34,16)
677:(76,2,29,17,17,33,16)
678:(75,2,30,17,17,33,16)
679:(76,2,30,18,16,32,16)
680:(75,2,31,18,16,32,16)
681:(76,2,31,19,15,31,16)
682:(75,2,32,19,15,31,16)
683:(76,2,32,20,14,30,16)
684:(75,2,33,20,14,30,16)
685:(76,2,33,21,13,29,16)
686:(75,2,34,21,13,29,16)
687:(76,2,34,22,12,28,16)
688:(75,2,35,22,12,28,16)
689:(76,2,35,23,11,27,16)
690:(75,2,36,23,11,27,16)
691:(76,2,36,24,10,26,16)
692:(75,2,37,24,10,26,16)
693:(76,2,37,25,9,25,16)
694:(75,2,38,25,9,25,16)
695:(76,2,38,26,8,24,16)
696:(75,2,39,26,8,24,16)
697:(76,2,39,27,7,23,16)
698:(75,2,40,27,7,23,16)
699:(76,2,40,28,6,22,16)
700:(75,2,41,28,6,22,16)
701:(77,2,39,28,6,22,16)
702:(78,2,38,28,6,22,16)
703:(79,2,37,28,6,22,16)
704:(80,2,36,28,6,22,16)
705:(81,2,35,28,6,22,16)
706:(81,2,34,28,6,22,16)
707:(81,2,33,28,6,22,16)
708:(81,2,32,28,6,22,16)
709:(82,2,31,28,6,22,16)
710:(83,2,30,28,6,22,16)
711:(83,2,29,28,6,22,16)
712:(83,2,30,29,5,21,16)
713:(82,2,31,29,5,21,16)
714:(83,2,29,29,5,21,16)
715:(83,2,28,29,5,21,16)
716:(83,2,27,29,5,21,16)
717:(81,2,26,29,5,21,16)
718:(77,2,25,29,5,21,16)
719:(77,2,24,29,5,21,16)
720:(78,2,23,29,5,21,16)
721:(79,2,22,29,5,21,16)
722:(79,2,23,30,4,20,16)
723:(78,2,24,30,4,20,16)
724:(79,2,22,30,4,20,16)
725:(79,2,21,30,4,20,16)
726:(79,2,20,30,4,20,16)
727:(82,2,18,30,4,20,16)
728:(81,2,19,30,4,20,16)
729:(82,2,19,31,3,19,16)
730:(81,2,20,31,3,19,16)
731:(83,2,18,31,3,19,16)
732:(83,2,19,32,2,18,16)
733:(82,2,20,32,2,18,16)
734:(83,2,20,33,1,17,16)
735:(82,2,21,33,1,17,16)
736:(83,2,20,33,2,17,15)
737:(82,2,21,33,2,17,15)
738:(84,2,19,33,2,17,15)
739:(85,2,18,33,2,17,15)
740:(85,2,19,34,1,16,15)
741:(84,2,20,34,1,16,15)
742:(86,2,18,34,1,16,15)
743:(85,2,17,34,1,16,15)
744:(85,2,17,34,2,16,14)
745:(84,2,18,34,2,16,14)
746:(85,2,18,35,1,15,14)
747:(84,2,19,35,1,15,14)
748:(86,2,17,35,1,15,14)
749:(86,2,18,36,0,14,14)
750:(85,2,19,36,0,14,14)
751:(86,2,17,36,0,14,14)
752:(85,2,16,36,0,14,14)
753:(85,2,15,36,0,14,14)
754:(84,2,14,36,0,14,14)
755:(79,2,15,35,0,15,15)
756:(78,2,16,35,0,15,15)
757:(79,2,14,35,0,15,15)
758:(79,2,14,35,1,15,14)
759:(78,2,15,35,1,15,14)
760:(79,2,13,35,1,15,14)
761:(79,2,12,35,1,15,14)
762:(79,2,11,35,1,15,14)
763:(79,2,10,35,1,15,14)
764:(79,2,11,36,0,14,14)
765:(78,2,12,36,0,14,14)
766:(79,2,10,36,0,14,14)
767:(80,2,9,36,0,14,14)
768:(80,2,9,36,1,14,13)
769:(79,2,10,36,1,14,13)
770:(80,2,10,37,0,13,13)
771:(79,2,11,37,0,13,13)
772:(77,2,9,37,0,13,13)
773:(77,2,8,37,0,13,13)
774:(77,2,7,37,0,13,13)
775:(77,2,7,37,1,13,12)
776:(76,2,8,37,1,13,12)
777:(77,2,6,37,1,13,12)
778:(77,2,7,38,0,12,12)
779:(76,2,8,38,0,12,12)
780:(72,2,7,38,1,12,11)
781:(71,2,8,38,1,12,11)
782:(72,2,6,38,1,12,11)
783:(69,2,6,38,2,12,10)
784:(68,2,7,38,2,12,10)
785:(69,2,5,38,2,12,10)
786:(69,2,4,38,2,12,10)
787:(69,2,5,39,1,11,10)
788:(68,2,6,39,1,11,10)
789:(68,2,4,39,1,11,10)
790:(68,2,4,39,2,11,9)
791:(67,2,5,39,2,11,9)
792:(68,2,4,39,3,11,8)
793:(67,2,5,39,3,11,8)
794:(69,2,3,39,3,11,8)
795:(70,2,2,39,3,11,8)
796:(68,2,3,40,2,10,8)
797:(67,2,4,40,2,10,8)
798:(66,2,5,40,2,10,8)
799:(66,2,5,41,1,9,8)
800:(65,2,6,41,1,9,8)
801:(66,2,6,42,0,8,8)
802:(65,2,7,42,0,8,8)
803:(66,2,6,42,1,8,7)
804:(65,2,7,42,1,8,7)
805:(66,2,7,43,0,7,7)
806:(65,2,8,43,0,7,7)
807:(67,2,6,43,0,7,7)
808:(67,2,5,43,0,7,7)
809:(67,2,5,43,1,7,6)
810:(66,2,6,43,1,7,6)
811:(68,2,4,43,1,7,6)
812:(66,2,5,44,0,6,6)
813:(65,2,6,44,0,6,6)
814:(66,2,5,44,1,6,5)
815:(65,2,6,44,1,6,5)
816:(66,2,6,45,0,5,5)
817:(65,2,7,45,0,5,5)
818:(65,2,5,45,0,5,5)
819:(63,2,4,45,0,5,5)
820:(63,2,4,45,1,5,4)
821:(62,2,5,45,1,5,4)
822:(63,2,5,46,0,4,4)
823:(62,2,6,46,0,4,4)
824:(64,2,4,46,0,4,4)
825:(62,2,4,46,1,4,3)
826:(61,2,5,46,1,4,3)
827:(62,2,5,47,0,3,3)
828:(61,2,6,47,0,3,3)
829:(62,2,4,47,0,3,3)
830:(57,2,4,47,1,3,2)
831:(56,2,5,47,1,3,2)
832:(57,2,4,47,2,3,1)
833:(56,2,5,47,2,3,1)
834:(57,2,5,48,1,2,1)
835:(56,2,6,48,1,2,1)
836:(57,2,6,49,0,1,1)
837:(56,2,7,49,0,1,1)
838:(58,2,5,49,0,1,1)
839:(52,2,4,49,0,1,1)
840:(52,2,3,49,0,1,1)
841:(53,2,2,49,0,1,1)
842:(52,2,2,49,1,1,0)
843:(51,2,3,49,1,1,0)
844:(52,2,3,50,0,0,0)
845:(51,2,4,50,0,0,0)
846:(52,2,2,50,0,0,0)
847:(52,2,1,50,0,0,0)
848:(52,2,0,50,0,0,0)
849:(76,2,12,0,34,50,16)
850:(77,2,14,2,32,48,16)
851:(76,2,15,2,32,48,16)
852:(77,2,15,3,31,47,16)
853:(76,2,16,3,31,47,16)
854:(77,2,16,4,30,46,16)
855:(76,2,17,4,30,46,16)
856:(77,2,17,5,29,45,16)
857:(76,2,18,5,29,45,16)
858:(77,2,18,6,28,44,16)
859:(76,2,19,6,28,44,16)
860:(77,2,19,7,27,43,16)
861:(76,2,20,7,27,43,16)
862:(77,2,20,8,26,42,16)
863:(76,2,21,8,26,42,16)
864:(77,2,21,9,25,41,16)
865:(76,2,22,9,25,41,16)
866:(77,2,22,10,24,40,16)
867:(76,2,23,10,24,40,16)
868:(77,2,23,11,23,39,16)
869:(76,2,24,11,23,39,16)
870:(77,2,24,12,22,38,16)
871:(76,2,25,12,22,38,16)
872:(77,2,25,13,21,37,16)
873:(76,2,26,13,21,37,16)
874:(77,2,26,14,20,36,16)
875:(76,2,27,14,20,36,16)
876:(77,2,27,15,19,35,16)
877:(76,2,28,15,19,35,16)
878:(77,2,28,16,18,34,16)
879:(76,2,29,16,18,34,16)
880:(77,2,29,17,17,33,16)
881:(76,2,30,17,17,33,16)
882:(77,2,30,18,16,32,16)
883:(76,2,31,18,16,32,16)
884:(77,2,31,19,15,31,16)
885:(76,2,32,19,15,31,16)
886:(77,2,32,20,14,30,16)
887:(76,2,33,20,14,30,16)
888:(77,2,33,21,13,29,16)
889:(76,2,34,21,13,29,16)
890:(77,2,34,22,12,28,16)
891:(76,2,35,22,12,28,16)
892:(77,2,35,23,11,27,16)
893:(76,2,36,23,11,27,16)
894:(77,2,36,24,10,26,16)
895:(76,2,37,24,10,26,16)
896:(77,2,37,25,9,25,16)
897:(76,2,38,25,9,25,16)
898:(77,2,38,26,8,24,16)
899:(76,2,39,26,8,24,16)
900:(77,2,39,27,7,23,16)
901:(76,2,40,27,7,23,16)
902:(77,2,40,28,6,22,16)
903:(76,2,41,28,6,22,16)
904:(78,2,39,28,6,22,16)
905:(79,2,38,28,6,22,16)
906:(80,2,37,28,6,22,16)
907:(81,2,36,28,6,22,16)
908:(82,2,35,28,6,22,16)
909:(82,2,34,28,6,22,16)
910:(82,2,33,28,6,22,16)
911:(82,2,32,28,6,22,16)
912:(83,2,31,28,6,22,16)
913:(84,2,30,28,6,22,16)
914:(84,2,29,28,6,22,16)
915:(84,2,30,29,5,21,16)
916:(83,2,31,29,5,21,16)
917:(84,2,29,29,5,21,16)
918:(84,2,28,29,5,21,16)
919:(84,2,27,29,5,21,16)
920:(82,2,26,29,5,21,16)
921:(78,2,25,29,5,21,16)
922:(78,2,24,29,5,21,16)
923:(79,2,23,29,5,21,16)
924:(80,2,22,29,5,21,16)
925:(80,2,23,30,4,20,16)
926:(79,2,24,30,4,20,16)
927:(80,2,22,30,4,20,16)
928:(80,2,21,30,4,20,16)
929:(80,2,20,30,4,20,16)
930:(83,2,18,30,4,20,16)
931:(82,2,19,30,4,20,16)
932:(83,2,19,31,3,19,16)
933:(82,2,20,31,3,19,16)
934:(84,2,18,31,3,19,16)
935:(84,2,19,32,2,18,16)
936:(83,2,20,32,2,18,16)
937:(84,2,20,33,1,17,16)
938:(83,2,21,33,1,17,16)
939:(84,2,20,33,2,17,15)
940:(83,2,21,33,2,17,15)
941:(85,2,19,33,2,17,15)
942:(86,2,18,33,2,17,15)
943:(86,2,19,34,1,16,15)
944:(85,2,20,34,1,16,15)
945:(87,2,18,34,1,16,15)
946:(86,2,17,34,1,16,15)
947:(86,2,17,34,2,16,14)
948:(85,2,18,34,2,16,14)
949:(86,2,18,35,1,15,14)
950:(85,2,19,35,1,15,14)
951:(87,2,17,35,1,15,14)
952:(87,2,18,36,0,14,14)
953:(86,2,19,36,0,14,14)
954:(87,2,17,36,0,14,14)
955:(86,2,16,36,0,14,14)
956:(86,2,15,36,0,14,14)
957:(85,2,14,36,0,14,14)
958:(80,2,15,35,0,15,15)
959:(79,2,16,35,0,15,15)
960:(80,2,14,35,0,15,15)
961:(80,2,14,35,1,15,14)
962:(79,2,15,35,1,15,14)
963:(80,2,13,35,1,15,14)
964:(80,2,12,35,1,15,14)
965:(80,2,11,35,1,15,14)
966:(80,2,10,35,1,15,14)
967:(80,2,11,36,0,14,14)
968:(79,2,12,36,0,14,14)
969:(80,2,10,36,0,14,14)
970:(81,2,9,36,0,14,14)
971:(81,2,9,36,1,14,13)
972:(80,2,10,36,1,14,13)
973:(81,2,10,37,0,13,13)
974:(80,2,11,37,0,13,13)
975:(78,2,9,37,0,13,13)
976:(78,2,8,37,0,13,13)
977:(78,2,7,37,0,13,13)
978:(78,2,7,37,1,13,12)
979:(77,2,8,37,1,13,12)
980:(78,2,6,37,1,13,12)
981:(78,2,7,38,0,12,12)
982:(77,2,8,38,0,12,12)
983:(73,2,7,38,1,12,11)
984:(72,2,8,38,1,12,11)
985:(73,2,6,38,1,12,11)
986:(70,2,6,38,2,12,10)
987:(69,2,7,38,2,12,10)
988:(70,2,5,38,2,12,10)
989:(70,2,4,38,2,12,10)
990:(70,2,5,39,1,11,10)
991:(69,2,6,39,1,11,10)
992:(69,2,4,39,1,11,10)
993:(69,2,4,39,2,11,9)
994:(68,2,5,39,2,11,9)
995:(69,2,4,39,3,11,8)
996:(68,2,5,39,3,11,8)
997:(70,2,3,39,3,11,8)
998:(71,2,2,39,3,11,8)
999:(69,2,3,40,2,10,8)
1000:(68,2,4,40,2,10,8)
1001:(67,2,5,40,2,10,8)
1002:(67,2,5,41,1,9,8)
1003:(66,2,6,41,1,9,8)
1004:(67,2,6,42,0,8,8)
1005:(66,2,7,42,0,8,8)
1006:(67,2,6,42,1,8,7)
1007:(66,2,7,42,1,8,7)
1008:(67,2,7,43,0,7,7)
1009:(66,2,8,43,0,7,7)
1010:(68,2,6,43,0,7,7)
1011:(68,2,5,43,0,7,7)
1012:(68,2,5,43,1,7,6)
1013:(67,2,6,43,1,7,6)
1014:(69,2,4,43,1,7,6)
1015:(67,2,5,44,0,6,6)
1016:(66,2,6,44,0,6,6)
1017:(67,2,5,44,1,6,5)
1018:(66,2,6,44,1,6,5)
1019:(67,2,6,45,0,5,5)
1020:(66,2,7,45,0,5,5)
1021:(66,2,5,45,0,5,5)
1022:(64,2,4,45,0,5,5)
1023:(64,2,4,45,1,5,4)
1024:(63,2,5,45,1,5,4)
1025:(64,2,5,46,0,4,4)
1026:(63,2,6,46,0,4,4)
1027:(65,2,4,46,0,4,4)
1028:(63,2,4,46,1,4,3)
1029:(62,2,5,46,1,4,3)
1030:(63,2,5,47,0,3,3)
1031:(62,2,6,47,0,3,3)
1032:(63,2,4,47,0,3,3)
1033:(58,2,4,47,1,3,2)
1034:(57,2,5,47,1,3,2)
1035:(58,2,4,47,2,3,1)
1036:(57,2,5,47,2,3,1)
1037:(58,2,5,48,1,2,1)
1038:(57,2,6,48,1,2,1)
1039:(58,2,6,49,0,1,1)
1040:(57,2,7,49,0,1,1)
1041:(59,2,5,49,0,1,1)
1042:(53,2,4,49,0,1,1)
1043:(53,2,3,49,0,1,1)
1044:(54,2,2,49,0,1,1)
1045:(53,2,2,49,1,1,0)
1046:(52,2,3,49,1,1,0)
1047:(53,2,3,50,0,0,0)
1048:(52,2,4,50,0,0,0)
1049:(53,2,2,50,0,0,0)
1050:(53,2,1,50,0,0,0)
1051:(53,2,0,50,0,0,0)
1052:(77,2,13,1,33,49,16)
1053:(77,2,12,0,34,50,16)
1054:(78,2,15,3,31,47,16)
1055:(77,2,16,3,31,47,16)
1056:(78,2,16,4,30,46,16)
1057:(77,2,17,4,30,46,16)
1058:(78,2,17,5,29,45,16)
1059:(77,2,18,5,29,45,16)
1060:(78,2,18,6,28,44,16)
1061:(77,2,19,6,28,44,16)
1062:(78,2,19,7,27,43,16)
1063:(77,2,20,7,27,43,16)
1064:(78,2,20,8,26,42,16)
1065:(77,2,21,8,26,42,16)
1066:(78,2,21,9,25,41,16)
1067:(77,2,22,9,25,41,16)
1068:(78,2,22,10,24,40,16)
1069:(77,2,23,10,24,40,16)
1070:(78,2,23,11,23,39,16)
1071:(77,2,24,11,23,39,16)
1072:(78,2,24,12,22,38,16)
1073:(77,2,25,12,22,38,16)
1074:(78,2,25,13,21,37,16)
1075:(77,2,26,13,21,37,16)
1076:(78,2,26,14,20,36,16)
1077:(77,2,27,14,20,36,16)
1078:(78,2,27,15,19,35,16)
1079:(77,2,28,15,19,35,16)
1080:(78,2,28,16,18,34,16)
1081:(77,2,29,16,18,34,16)
1082:(78,2,29,17,17,33,16)
1083:(77,2,30,17,17,33,16)
1084:(78,2,30,18,16,32,16)
1085:(77,2,31,18,16,32,16)
1086:(78,2,31,19,15,31,16)
1087:(77,2,32,19,15,31,16)
1088:(78,2,32,20,14,30,16)
1089:(77,2,33,20,14,30,16)
1090:(78,2,33,21,13,29,16)
1091:(77,2,34,21,13,29,16)
1092:(78,2,34,22,12,28,16)
1093:(77,2,35,22,12,28,16)
1094:(78,2,35,23,11,27,16)
1095:(77,2,36,23,11,27,16)
1096:(78,2,36,24,10,26,16)
1097:(77,2,37,24,10,26,16)
1098:(78,2,37,25,9,25,16)
1099:(77,2,38,25,9,25,16)
1100:(78,2,38,26,8,24,16)
1101:(77,2,39,26,8,24,16)
1102:(78,2,39,27,7,23,16)
1103:(77,2,40,27,7,23,16)
1104:(78,2,40,28,6,22,16)
1105:(77,2,41,28,6,22,16)
1106:(79,2,39,28,6,22,16)
1107:(80,2,38,28,6,22,16)
1108:(81,2,37,28,6,22,16)
1109:(82,2,36,28,6,22,16)
1110:(83,2,35,28,6,22,16)
1111:(83,2,34,28,6,22,16)
1112:(83,2,33,28,6,22,16)
1113:(83,2,32,28,6,22,16)
1114:(84,2,31,28,6,22,16)
1115:(85,2,30,28,6,22,16)
1116:(85,2,29,28,6,22,16)
1117:(85,2,30,29,5,21,16)
1118:(84,2,31,29,5,21,16)
1119:(85,2,29,29,5,21,16)
1120:(85,2,28,29,5,21,16)
1121:(85,2,27,29,5,21,16)
1122:(83,2,26,29,5,21,16)
1123:(79,2,25,29,5,21,16)
1124:(79,2,24,29,5,21,16)
1125:(80,2,23,29,5,21,16)
1126:(81,2,22,29,5,21,16)
1127:(81,2,23,30,4,20,16)
1128:(80,2,24,30,4,20,16)
1129:(81,2,22,30,4,20,16)
1130:(81,2,21,30,4,20,16)
1131:(81,2,20,30,4,20,16)
1132:(84,2,18,30,4,20,16)
1133:(83,2,19,30,4,20,16)
1134:(84,2,19,31,3,19,16)
1135:(83,2,20,31,3,19,16)
1136:(85,2,18,31,3,19,16)
1137:(85,2,19,32,2,18,16)
1138:(84,2,20,32,2,18,16)
1139:(85,2,20,33,1,17,16)
1140:(84,2,21,33,1,17,16)
1141:(85,2,20,33,2,17,15)
1142:(84,2,21,33,2,17,15)
1143:(86,2,19,33,2,17,15)
1144:(87,2,18,33,2,17,15)
1145:(87,2,19,34,1,16,15)
1146:(86,2,20,34,1,16,15)
1147:(88,2,18,34,1,16,15)
1148:(87,2,17,34,1,16,15)
1149:(87,2,17,34,2,16,14)
1150:(86,2,18,34,2,16,14)
1151:(87,2,18,35,1,15,14)
1152:(86,2,19,35,1,15,14)
1153:(88,2,17,35,1,15,14)
1154:(88,2,18,36,0,14,14)
1155:(87,2,19,36,0,14,14)
1156:(88,2,17,36,0,14,14)
1157:(87,2,16,36,0,14,14)
1158:(87,2,15,36,0,14,14)
1159:(86,2,14,36,0,14,14)
1160:(81,2,15,35,0,15,15)
1161:(80,2,16,35,0,15,15)
1162:(81,2,14,35,0,15,15)
1163:(81,2,14,35,1,15,14)
1164:(80,2,15,35,1,15,14)
1165:(81,2,13,35,1,15,14)
1166:(81,2,12,35,1,15,14)
1167:(81,2,11,35,1,15,14)
1168:(81,2,10,35,1,15,14)
1169:(81,2,11,36,0,14,14)
1170:(80,2,12,36,0,14,14)
1171:(81,2,10,36,0,14,14)
1172:(82,2,9,36,0,14,14)
1173:(82,2,9,36,1,14,13)
1174:(81,2,10,36,1,14,13)
1175:(82,2,10,37,0,13,13)
1176:(81,2,11,37,0,13,13)
1177:(79,2,9,37,0,13,13)
1178:(79,2,8,37,0,13,13)
1179:(79,2,7,37,0,13,13)
1180:(79,2,7,37,1,13,12)
1181:(78,2,8,37,1,13,12)
1182:(79,2,6,37,1,13,12)
1183:(79,2,7,38,0,12,12)
1184:(78,2,8,38,0,12,12)
1185:(74,2,7,38,1,12,11)
1186:(73,2,8,38,1,12,11)
1187:(74,2,6,38,1,12,11)
1188:(71,2,6,38,2,12,10)
1189:(70,2,7,38,2,12,10)
1190:(71,2,5,38,2,12,10)
1191:(71,2,4,38,2,12,10)
1192:(71,2,5,39,1,11,10)
1193:(70,2,6,39,1,11,10)
1194:(70,2,4,39,1,11,10)
1195:(70,2,4,39,2,11,9)
1196:(69,2,5,39,2,11,9)
1197:(70,2,4,39,3,11,8)
1198:(69,2,5,39,3,11,8)
1199:(71,2,3,39,3,11,8)
1200:(72,2,2,39,3,11,8)
1201:(70,2,3,40,2,10,8)
1202:(69,2,4,40,2,10,8)
1203:(68,2,5,40,2,10,8)
1204:(68,2,5,41,1,9,8)
1205:(67,2,6,41,1,9,8)
1206:(68,2,6,42,0,8,8)
1207:(67,2,7,42,0,8,8)
1208:(68,2,6,42,1,8,7)
1209:(67,2,7,42,1,8,7)
1210:(68,2,7,43,0,7,7)
1211:(67,2,8,43,0,7,7)
1212:(69,2,6,43,0,7,7)
1213:(69,2,5,43,0,7,7)
1214:(69,2,5,43,1,7,6)
1215:(68,2,6,43,1,7,6)
1216:(70,2,4,43,1,7,6)
1217:(68,2,5,44,0,6,6)
1218:(67,2,6,44,0,6,6)
1219:(68,2,5,44,1,6,5)
1220:(67,2,6,44,1,6,5)
1221:(68,2,6,45,0,5,5)
1222:(67,2,7,45,0,5,5)
1223:(67,2,5,45,0,5,5)
1224:(65,2,4,45,0,5,5)
1225:(65,2,4,45,1,5,4)
1226:(64,2,5,45,1,5,4)
1227:(65,2,5,46,0,4,4)
1228:(64,2,6,46,0,4,4)
1229:(66,2,4,46,0,4,4)
1230:(64,2,4,46,1,4,3)
1231:(63,2,5,46,1,4,3)
1232:(64,2,5,47,0,3,3)
1233:(63,2,6,47,0,3,3)
1234:(64,2,4,47,0,3,3)
1235:(59,2,4,47,1,3,2)
1236:(58,2,5,47,1,3,2)
1237:(59,2,4,47,2,3,1)
1238:(58,2,5,47,2,3,1)
1239:(59,2,5,48,1,2,1)
1240:(58,2,6,48,1,2,1)
1241:(59,2,6,49,0,1,1)
1242:(58,2,7,49,0,1,1)
1243:(60,2,5,49,0,1,1)
1244:(54,2,4,49,0,1,1)
1245:(54,2,3,49,0,1,1)
1246:(55,2,2,49,0,1,1)
1247:(54,2,2,49,1,1,0)
1248:(53,2,3,49,1,1,0)
1249:(54,2,3,50,0,0,0)
1250:(53,2,4,50,0,0,0)
1251:(54,2,2,50,0,0,0)
1252:(54,2,1,50,0,0,0)
1253:(54,2,0,50,0,0,0)
1254:(78,2,14,2,32,48,16)
1255:(78,2,13,1,33,49,16)
1256:(78,2,12,0,34,50,16)
1257:(76,2,14,1,33,49,16)
1258:(76,2,13,0,34,50,16)
1259:(77,2,15,2,32,48,16)
1260:(77,2,14,1,33,49,16)
1261:(77,2,13,0,34,50,16)
1262:(75,2,13,0,34,50,16)
1263:(74,2,17,3,31,47,16)
1264:(75,2,17,3,31,47,16)
1265:(74,2,18,4,30,46,16)
1266:(75,2,18,4,30,46,16)
1267:(74,2,19,5,29,45,16)
1268:(75,2,19,5,29,45,16)
1269:(74,2,20,6,28,44,16)
1270:(75,2,20,6,28,44,16)
1271:(74,2,21,7,27,43,16)
1272:(75,2,21,7,27,43,16)
1273:(74,2,22,8,26,42,16)
1274:(75,2,22,8,26,42,16)
1275:(74,2,23,9,25,41,16)
1276:(75,2,23,9,25,41,16)
1277:(74,2,24,10,24,40,16)
1278:(75,2,24,10,24,40,16)
1279:(74,2,25,11,23,39,16)
1280:(75,2,25,11,23,39,16)
1281:(74,2,26,12,22,38,16)
1282:(75,2,26,12,22,38,16)
1283:(74,2,27,13,21,37,16)
1284:(75,2,27,13,21,37,16)
1285:(74,2,28,14,20,36,16)
1286:(75,2,28,14,20,36,16)
1287:(74,2,29,15,19,35,16)
1288:(75,2,29,15,19,35,16)
1289:(74,2,30,16,18,34,16)
1290:(75,2,30,16,18,34,16)
1291:(74,2,31,17,17,33,16)
1292:(75,2,31,17,17,33,16)
1293:(74,2,32,18,16,32,16)
1294:(75,2,32,18,16,32,16)
1295:(74,2,33,19,15,31,16)
1296:(75,2,33,19,15,31,16)
1297:(74,2,34,20,14,30,16)
1298:(75,2,34,20,14,30,16)
1299:(74,2,35,21,13,29,16)
1300:(75,2,35,21,13,29,16)
1301:(74,2,36,22,12,28,16)
1302:(75,2,36,22,12,28,16)
1303:(74,2,37,23,11,27,16)
1304:(75,2,37,23,11,27,16)
1305:(74,2,38,24,10,26,16)
1306:(75,2,38,24,10,26,16)
1307:(74,2,39,25,9,25,16)
1308:(75,2,39,25,9,25,16)
1309:(74,2,40,26,8,24,16)
1310:(75,2,40,26,8,24,16)
1311:(74,2,41,27,7,23,16)
1312:(75,2,41,27,7,23,16)
1313:(74,2,42,28,6,22,16)
1314:(75,2,42,28,6,22,16)
1315:(81,2,32,29,5,21,16)
1316:(82,2,32,29,5,21,16)
1317:(79,2,29,29,5,21,16)
1318:(77,2,28,29,5,21,16)
1319:(76,2,28,29,5,21,16)
1320:(75,2,28,29,5,21,16)
1321:(77,2,25,30,4,20,16)
1322:(78,2,25,30,4,20,16)
1323:(80,2,21,31,3,19,16)
1324:(81,2,21,31,3,19,16)
1325:(81,2,21,32,2,18,16)
1326:(82,2,21,32,2,18,16)
1327:(81,2,22,33,1,17,16)
1328:(82,2,22,33,1,17,16)
1329:(81,2,22,33,2,17,15)
1330:(82,2,22,33,2,17,15)
1331:(83,2,21,34,1,16,15)
1332:(84,2,21,34,1,16,15)
1333:(83,2,19,34,2,16,14)
1334:(84,2,19,34,2,16,14)
1335:(83,2,20,35,1,15,14)
1336:(84,2,20,35,1,15,14)
1337:(82,2,20,35,1,15,14)
1338:(84,2,20,36,0,14,14)
1339:(85,2,20,36,0,14,14)
1340:(80,2,17,36,0,14,14)
1341:(79,2,17,36,0,14,14)
1342:(78,2,17,36,0,14,14)
1343:(77,2,17,36,0,14,14)
1344:(77,2,17,35,0,15,15)
1345:(78,2,17,35,0,15,15)
1346:(77,2,16,35,1,15,14)
1347:(78,2,16,35,1,15,14)
1348:(77,2,13,36,0,14,14)
1349:(78,2,13,36,0,14,14)
1350:(78,2,11,36,1,14,13)
1351:(79,2,11,36,1,14,13)
1352:(78,2,12,37,0,13,13)
1353:(79,2,12,37,0,13,13)
1354:(77,2,12,37,0,13,13)
1355:(76,2,12,37,0,13,13)
1356:(75,2,12,37,0,13,13)
1357:(75,2,9,37,1,13,12)
1358:(76,2,9,37,1,13,12)
1359:(75,2,9,38,0,12,12)
1360:(76,2,9,38,0,12,12)
1361:(74,2,9,38,0,12,12)
1362:(73,2,9,38,0,12,12)
1363:(72,2,9,38,0,12,12)
1364:(71,2,9,38,0,12,12)
1365:(70,2,9,38,0,12,12)
1366:(70,2,9,38,1,12,11)
1367:(71,2,9,38,1,12,11)
1368:(68,2,8,38,1,12,11)
1369:(67,2,8,38,1,12,11)
1370:(67,2,8,38,2,12,10)
1371:(68,2,8,38,2,12,10)
1372:(67,2,7,39,1,11,10)
1373:(68,2,7,39,1,11,10)
1374:(66,2,7,39,1,11,10)
1375:(66,2,6,39,2,11,9)
1376:(67,2,6,39,2,11,9)
1377:(66,2,6,39,3,11,8)
1378:(67,2,6,39,3,11,8)
1379:(65,2,6,40,2,10,8)
1380:(66,2,6,40,2,10,8)
1381:(64,2,6,40,2,10,8)
1382:(64,2,7,41,1,9,8)
1383:(65,2,7,41,1,9,8)
1384:(64,2,8,42,0,8,8)
1385:(65,2,8,42,0,8,8)
1386:(64,2,8,42,1,8,7)
1387:(65,2,8,42,1,8,7)
1388:(64,2,9,43,0,7,7)
1389:(65,2,9,43,0,7,7)
1390:(65,2,7,43,1,7,6)
1391:(66,2,7,43,1,7,6)
1392:(64,2,7,44,0,6,6)
1393:(65,2,7,44,0,6,6)
1394:(64,2,7,44,1,6,5)
1395:(65,2,7,44,1,6,5)
1396:(64,2,8,45,0,5,5)
1397:(65,2,8,45,0,5,5)
1398:(63,2,8,45,0,5,5)
1399:(61,2,7,45,0,5,5)
1400:(61,2,6,45,1,5,4)
1401:(62,2,6,45,1,5,4)
1402:(61,2,7,46,0,4,4)
1403:(62,2,7,46,0,4,4)
1404:(60,2,6,46,1,4,3)
1405:(61,2,6,46,1,4,3)
1406:(60,2,7,47,0,3,3)
1407:(61,2,7,47,0,3,3)
1408:(58,2,6,47,0,3,3)
1409:(57,2,6,47,0,3,3)
1410:(56,2,6,47,0,3,3)
1411:(55,2,6,47,0,3,3)
1412:(55,2,6,47,1,3,2)
1413:(56,2,6,47,1,3,2)
1414:(55,2,6,47,2,3,1)
1415:(56,2,6,47,2,3,1)
1416:(55,2,7,48,1,2,1)
1417:(56,2,7,48,1,2,1)
1418:(55,2,8,49,0,1,1)
1419:(56,2,8,49,0,1,1)
1420:(53,2,7,49,0,1,1)
1421:(52,2,7,49,0,1,1)
1422:(51,2,7,49,0,1,1)
1423:(50,2,7,49,0,1,1)
1424:(50,2,4,49,1,1,0)
1425:(51,2,4,49,1,1,0)
1426:(50,2,5,50,0,0,0)
1427:(51,2,5,50,0,0,0)
1428:(74,2,16,2,32,48,16)
1429:(74,2,15,1,33,49,16)
1430:(74,2,14,0,34,50,16)
1431:(75,2,16,2,32,48,16)
1432:(75,2,15,1,33,49,16)
1433:(75,2,14,0,34,50,16)
1434:(72,2,13,1,33,49,16)
1435:(72,2,14,1,33,49,16)
1436:(72,2,14,2,32,48,16)
1437:(72,2,15,2,32,48,16)
1438:(72,2,15,3,31,47,16)
1439:(72,2,16,3,31,47,16)
1440:(72,2,16,4,30,46,16)
1441:(72,2,17,4,30,46,16)
1442:(72,2,17,5,29,45,16)
1443:(72,2,18,5,29,45,16)
1444:(72,2,18,6,28,44,16)
1445:(72,2,19,6,28,44,16)
1446:(72,2,19,7,27,43,16)
1447:(72,2,20,7,27,43,16)
1448:(72,2,20,8,26,42,16)
1449:(72,2,21,8,26,42,16)
1450:(72,2,21,9,25,41,16)
1451:(72,2,22,9,25,41,16)
1452:(72,2,22,10,24,40,16)
1453:(72,2,23,10,24,40,16)
1454:(72,2,23,11,23,39,16)
1455:(72,2,24,11,23,39,16)
1456:(72,2,24,12,22,38,16)
1457:(72,2,25,12,22,38,16)
1458:(72,2,25,13,21,37,16)
1459:(72,2,26,13,21,37,16)
1460:(72,2,26,14,20,36,16)
1461:(72,2,27,14,20,36,16)
1462:(72,2,27,15,19,35,16)
1463:(72,2,28,15,19,35,16)
1464:(72,2,28,16,18,34,16)
1465:(72,2,29,16,18,34,16)
1466:(72,2,29,17,17,33,16)
1467:(72,2,30,17,17,33,16)
1468:(72,2,30,18,16,32,16)
1469:(72,2,31,18,16,32,16)
1470:(72,2,31,19,15,31,16)
1471:(72,2,32,19,15,31,16)
1472:(72,2,32,20,14,30,16)
1473:(72,2,33,20,14,30,16)
1474:(72,2,33,21,13,29,16)
1475:(72,2,34,21,13,29,16)
1476:(72,2,34,22,12,28,16)
1477:(72,2,35,22,12,28,16)
1478:(72,2,35,23,11,27,16)
1479:(72,2,36,23,11,27,16)
1480:(72,2,36,24,10,26,16)
1481:(72,2,37,24,10,26,16)
1482:(72,2,37,25,9,25,16)
1483:(72,2,38,25,9,25,16)
1484:(72,2,38,26,8,24,16)
1485:(72,2,39,26,8,24,16)
1486:(72,2,39,27,7,23,16)
1487:(72,2,40,27,7,23,16)
1488:(72,2,40,28,6,22,16)
1489:(72,2,41,28,6,22,16)
1490:(73,2,39,28,6,22,16)
1491:(74,2,38,28,6,22,16)
1492:(75,2,37,28,6,22,16)
1493:(76,2,36,28,6,22,16)
1494:(77,2,35,28,6,22,16)
1495:(77,2,34,28,6,22,16)
1496:(77,2,33,28,6,22,16)
1497:(77,2,32,28,6,22,16)
1498:(78,2,31,28,6,22,16)
1499:(79,2,30,28,6,22,16)
1500:(79,2,29,28,6,22,16)
1501:(79,2,30,29,5,21,16)
1502:(79,2,31,29,5,21,16)
1503:(73,2,26,29,5,21,16)
1504:(73,2,27,29,5,21,16)
1505:(73,2,25,29,5,21,16)
1506:(73,2,24,29,5,21,16)
1507:(74,2,23,29,5,21,16)
1508:(75,2,22,29,5,21,16)
1509:(75,2,23,30,4,20,16)
1510:(75,2,24,30,4,20,16)
1511:(75,2,22,30,4,20,16)
1512:(75,2,21,30,4,20,16)
1513:(75,2,20,30,4,20,16)
1514:(76,2,19,30,4,20,16)
1515:(77,2,18,30,4,20,16)
1516:(78,2,19,31,3,19,16)
1517:(78,2,20,31,3,19,16)
1518:(79,2,18,31,3,19,16)
1519:(79,2,19,32,2,18,16)
1520:(79,2,20,32,2,18,16)
1521:(79,2,20,33,1,17,16)
1522:(79,2,21,33,1,17,16)
1523:(79,2,20,33,2,17,15)
1524:(79,2,21,33,2,17,15)
1525:(80,2,19,33,2,17,15)
1526:(81,2,18,33,2,17,15)
1527:(81,2,19,34,1,16,15)
1528:(81,2,20,34,1,16,15)
1529:(81,2,18,34,1,16,15)
1530:(81,2,17,34,1,16,15)
1531:(81,2,17,34,2,16,14)
1532:(81,2,18,34,2,16,14)
1533:(80,2,18,35,1,15,14)
1534:(80,2,19,35,1,15,14)
1535:(81,2,17,35,1,15,14)
1536:(82,2,19,36,0,14,14)
1537:(81,2,18,36,0,14,14)
1538:(79,2,14,36,0,14,14)
1539:(75,2,15,36,0,14,14)
1540:(75,2,16,36,0,14,14)
1541:(75,2,15,35,0,15,15)
1542:(75,2,16,35,0,15,15)
1543:(75,2,14,35,0,15,15)
1544:(75,2,14,35,1,15,14)
1545:(75,2,15,35,1,15,14)
1546:(75,2,13,35,1,15,14)
1547:(75,2,12,35,1,15,14)
1548:(75,2,11,35,1,15,14)
1549:(75,2,10,35,1,15,14)
1550:(75,2,11,36,0,14,14)
1551:(75,2,12,36,0,14,14)
1552:(75,2,10,36,0,14,14)
1553:(76,2,9,36,0,14,14)
1554:(76,2,9,36,1,14,13)
1555:(76,2,10,36,1,14,13)
1556:(73,2,10,37,0,13,13)
1557:(73,2,11,37,0,13,13)
1558:(73,2,9,37,0,13,13)
1559:(73,2,8,37,0,13,13)
1560:(73,2,7,37,0,13,13)
1561:(73,2,7,37,1,13,12)
1562:(73,2,8,37,1,13,12)
1563:(73,2,6,37,1,13,12)
1564:(68,2,7,38,0,12,12)
1565:(68,2,8,38,0,12,12)
1566:(65,2,6,38,1,12,11)
1567:(65,2,7,38,1,12,11)
1568:(65,2,6,38,2,12,10)
1569:(65,2,7,38,2,12,10)
1570:(65,2,5,38,2,12,10)
1571:(65,2,4,38,2,12,10)
1572:(64,2,5,39,1,11,10)
1573:(64,2,6,39,1,11,10)
1574:(64,2,4,39,1,11,10)
1575:(64,2,4,39,2,11,9)
1576:(64,2,5,39,2,11,9)
1577:(64,2,4,39,3,11,8)
1578:(64,2,5,39,3,11,8)
1579:(64,2,2,39,3,11,8)
1580:(64,2,3,39,3,11,8)
1581:(64,2,3,40,2,10,8)
1582:(62,2,4,40,2,10,8)
1583:(62,2,5,40,2,10,8)
1584:(62,2,5,41,1,9,8)
1585:(62,2,6,41,1,9,8)
1586:(62,2,6,42,0,8,8)
1587:(62,2,7,42,0,8,8)
1588:(62,2,6,42,1,8,7)
1589:(62,2,7,42,1,8,7)
1590:(62,2,7,43,0,7,7)
1591:(62,2,8,43,0,7,7)
1592:(63,2,6,43,0,7,7)
1593:(63,2,5,43,0,7,7)
1594:(63,2,6,43,1,7,6)
1595:(62,2,4,43,1,7,6)
1596:(62,2,5,43,1,7,6)
1597:(62,2,5,44,0,6,6)
1598:(62,2,6,44,0,6,6)
1599:(62,2,5,44,1,6,5)
1600:(62,2,6,44,1,6,5)
1601:(59,2,5,45,0,5,5)
1602:(59,2,6,45,0,5,5)
1603:(59,2,4,45,0,5,5)
1604:(59,2,4,45,1,5,4)
1605:(59,2,5,45,1,5,4)
1606:(59,2,6,46,0,4,4)
1607:(58,2,4,46,0,4,4)
1608:(58,2,5,46,0,4,4)
1609:(58,2,4,46,1,4,3)
1610:(58,2,5,46,1,4,3)
1611:(53,2,4,47,0,3,3)
1612:(53,2,5,47,0,3,3)
1613:(53,2,4,47,1,3,2)
1614:(53,2,5,47,1,3,2)
1615:(53,2,4,47,2,3,1)
1616:(53,2,5,47,2,3,1)
1617:(53,2,5,48,1,2,1)
1618:(53,2,6,48,1,2,1)
1619:(48,2,5,49,0,1,1)
1620:(48,2,6,49,0,1,1)
1621:(48,2,4,49,0,1,1)
1622:(48,2,3,49,0,1,1)
1623:(48,2,2,49,0,1,1)
1624:(48,2,2,49,1,1,0)
1625:(48,2,3,49,1,1,0)
1626:(48,2,3,50,0,0,0)
1627:(48,2,4,50,0,0,0)
1628:(48,2,2,50,0,0,0)
1629:(48,2,1,50,0,0,0)
1630:(48,2,0,50,0,0,0)
1631:(72,2,12,0,34,50,16)
1632:(71,2,14,2,32,48,16)
1633:(71,2,15,2,32,48,16)
1634:(71,2,15,3,31,47,16)
1635:(71,2,16,3,31,47,16)
1636:(71,2,16,4,30,46,16)
1637:(71,2,17,4,30,46,16)
1638:(71,2,17,5,29,45,16)
1639:(71,2,18,5,29,45,16)
1640:(71,2,18,6,28,44,16)
1641:(71,2,19,6,28,44,16)
1642:(71,2,19,7,27,43,16)
1643:(71,2,20,7,27,43,16)
1644:(71,2,20,8,26,42,16)
1645:(71,2,21,8,26,42,16)
1646:(71,2,21,9,25,41,16)
1647:(71,2,22,9,25,41,16)
1648:(71,2,22,10,24,40,16)
1649:(71,2,23,10,24,40,16)
1650:(71,2,23,11,23,39,16)
1651:(71,2,24,11,23,39,16)
1652:(71,2,24,12,22,38,16)
1653:(71,2,25,12,22,38,16)
1654:(71,2,25,13,21,37,16)
1655:(71,2,26,13,21,37,16)
1656:(71,2,26,14,20,36,16)
1657:(71,2,27,14,20,36,16)
1658:(71,2,27,15,19,35,16)
1659:(71,2,28,15,19,35,16)
1660:(71,2,28,16,18,34,16)
1661:(71,2,29,16,18,34,16)
1662:(71,2,29,17,17,33,16)
1663:(71,2,30,17,17,33,16)
1664:(71,2,30,18,16,32,16)
1665:(71,2,31,18,16,32,16)
1666:(71,2,31,19,15,31,16)
1667:(71,2,32,19,15,31,16)
1668:(71,2,32,20,14,30,16)
1669:(71,2,33,20,14,30,16)
1670:(71,2,33,21,13,29,16)
1671:(71,2,34,21,13,29,16)
1672:(71,2,34,22,12,28,16)
1673:(71,2,35,22,12,28,16)
1674:(71,2,35,23,11,27,16)
1675:(71,2,36,23,11,27,16)
1676:(71,2,36,24,10,26,16)
1677:(71,2,37,24,10,26,16)
1678:(71,2,37,25,9,25,16)
1679:(71,2,38,25,9,25,16)
1680:(71,2,38,26,8,24,16)
1681:(71,2,39,26,8,24,16)
1682:(71,2,39,27,7,23,16)
1683:(71,2,40,27,7,23,16)
1684:(71,2,40,28,6,22,16)
1685:(71,2,41,28,6,22,16)
1686:(72,2,39,28,6,22,16)
1687:(73,2,38,28,6,22,16)
1688:(74,2,37,28,6,22,16)
1689:(75,2,36,28,6,22,16)
1690:(76,2,35,28,6,22,16)
1691:(76,2,34,28,6,22,16)
1692:(76,2,33,28,6,22,16)
1693:(76,2,32,28,6,22,16)
1694:(77,2,31,28,6,22,16)
1695:(78,2,30,28,6,22,16)
1696:(78,2,29,28,6,22,16)
1697:(78,2,30,29,5,21,16)
1698:(78,2,31,29,5,21,16)
1699:(78,2,29,29,5,21,16)
1700:(72,2,26,29,5,21,16)
1701:(72,2,27,29,5,21,16)
1702:(72,2,25,29,5,21,16)
1703:(72,2,24,29,5,21,16)
1704:(73,2,23,29,5,21,16)
1705:(74,2,22,29,5,21,16)
1706:(74,2,23,30,4,20,16)
1707:(74,2,24,30,4,20,16)
1708:(74,2,22,30,4,20,16)
1709:(74,2,21,30,4,20,16)
1710:(74,2,20,30,4,20,16)
1711:(75,2,19,30,4,20,16)
1712:(76,2,18,30,4,20,16)
1713:(77,2,19,31,3,19,16)
1714:(77,2,20,31,3,19,16)
1715:(78,2,18,31,3,19,16)
1716:(78,2,19,32,2,18,16)
1717:(78,2,20,32,2,18,16)
1718:(78,2,20,33,1,17,16)
1719:(78,2,21,33,1,17,16)
1720:(78,2,20,33,2,17,15)
1721:(78,2,21,33,2,17,15)
1722:(79,2,19,33,2,17,15)
1723:(80,2,18,33,2,17,15)
1724:(80,2,19,34,1,16,15)
1725:(80,2,20,34,1,16,15)
1726:(80,2,18,34,1,16,15)
1727:(80,2,17,34,1,16,15)
1728:(80,2,17,34,2,16,14)
1729:(80,2,18,34,2,16,14)
1730:(79,2,18,35,1,15,14)
1731:(79,2,19,35,1,15,14)
1732:(80,2,17,35,1,15,14)
1733:(81,2,19,36,0,14,14)
1734:(80,2,18,36,0,14,14)
1735:(78,2,14,36,0,14,14)
1736:(74,2,15,36,0,14,14)
1737:(74,2,16,36,0,14,14)
1738:(74,2,15,35,0,15,15)
1739:(74,2,16,35,0,15,15)
1740:(74,2,14,35,0,15,15)
1741:(74,2,14,35,1,15,14)
1742:(74,2,15,35,1,15,14)
1743:(74,2,13,35,1,15,14)
1744:(74,2,12,35,1,15,14)
1745:(74,2,11,35,1,15,14)
1746:(74,2,10,35,1,15,14)
1747:(74,2,11,36,0,14,14)
1748:(74,2,12,36,0,14,14)
1749:(74,2,10,36,0,14,14)
1750:(75,2,9,36,0,14,14)
1751:(75,2,9,36,1,14,13)
1752:(75,2,10,36,1,14,13)
1753:(72,2,10,37,0,13,13)
1754:(72,2,11,37,0,13,13)
1755:(72,2,9,37,0,13,13)
1756:(72,2,8,37,0,13,13)
1757:(72,2,7,37,0,13,13)
1758:(72,2,7,37,1,13,12)
1759:(72,2,8,37,1,13,12)
1760:(72,2,6,37,1,13,12)
1761:(67,2,7,38,0,12,12)
1762:(67,2,8,38,0,12,12)
1763:(64,2,6,38,1,12,11)
1764:(64,2,7,38,1,12,11)
1765:(64,2,6,38,2,12,10)
1766:(64,2,7,38,2,12,10)
1767:(64,2,5,38,2,12,10)
1768:(64,2,4,38,2,12,10)
1769:(63,2,5,39,1,11,10)
1770:(63,2,6,39,1,11,10)
1771:(63,2,4,39,1,11,10)
1772:(63,2,4,39,2,11,9)
1773:(63,2,5,39,2,11,9)
1774:(63,2,4,39,3,11,8)
1775:(63,2,5,39,3,11,8)
1776:(63,2,2,39,3,11,8)
1777:(63,2,3,39,3,11,8)
1778:(63,2,3,40,2,10,8)
1779:(61,2,4,40,2,10,8)
1780:(61,2,5,40,2,10,8)
1781:(61,2,5,41,1,9,8)
1782:(61,2,6,41,1,9,8)
1783:(61,2,6,42,0,8,8)
1784:(61,2,7,42,0,8,8)
1785:(61,2,6,42,1,8,7)
1786:(61,2,7,42,1,8,7)
1787:(61,2,7,43,0,7,7)
1788:(61,2,8,43,0,7,7)
1789:(62,2,6,43,0,7,7)
1790:(62,2,5,43,0,7,7)
1791:(62,2,6,43,1,7,6)
1792:(61,2,4,43,1,7,6)
1793:(61,2,5,43,1,7,6)
1794:(61,2,5,44,0,6,6)
1795:(61,2,6,44,0,6,6)
1796:(61,2,5,44,1,6,5)
1797:(61,2,6,44,1,6,5)
1798:(60,2,7,45,0,5,5)
1799:(58,2,5,45,0,5,5)
1800:(58,2,6,45,0,5,5)
1801:(58,2,4,45,0,5,5)
1802:(58,2,4,45,1,5,4)
1803:(58,2,5,45,1,5,4)
1804:(58,2,6,46,0,4,4)
1805:(57,2,4,46,0,4,4)
1806:(57,2,5,46,0,4,4)
1807:(57,2,4,46,1,4,3)
1808:(57,2,5,46,1,4,3)
1809:(52,2,4,47,0,3,3)
1810:(52,2,5,47,0,3,3)
1811:(52,2,4,47,1,3,2)
1812:(52,2,5,47,1,3,2)
1813:(52,2,4,47,2,3,1)
1814:(52,2,5,47,2,3,1)
1815:(52,2,5,48,1,2,1)
1816:(52,2,6,48,1,2,1)
1817:(47,2,5,49,0,1,1)
1818:(47,2,6,49,0,1,1)
1819:(47,2,4,49,0,1,1)
1820:(47,2,3,49,0,1,1)
1821:(47,2,2,49,0,1,1)
1822:(47,2,2,49,1,1,0)
1823:(47,2,3,49,1,1,0)
1824:(47,2,3,50,0,0,0)
1825:(47,2,4,50,0,0,0)
1826:(47,2,2,50,0,0,0)
1827:(47,2,1,50,0,0,0)
1828:(47,2,0,50,0,0,0)
1829:(71,2,13,1,33,49,16)
1830:(71,2,12,0,34,50,16)
1831:(71,2,14,1,33,49,16)
1832:(71,2,13,0,34,50,16)
1833:(72,2,13,0,34,50,16)
1834:(71,2,17,3,31,47,16)
1835:(72,2,17,3,31,47,16)
1836:(71,2,18,4,30,46,16)
1837:(72,2,18,4,30,46,16)
1838:(71,2,19,5,29,45,16)
1839:(72,2,19,5,29,45,16)
1840:(71,2,20,6,28,44,16)
1841:(72,2,20,6,28,44,16)
1842:(71,2,21,7,27,43,16)
1843:(72,2,21,7,27,43,16)
1844:(71,2,22,8,26,42,16)
1845:(72,2,22,8,26,42,16)
1846:(71,2,23,9,25,41,16)
1847:(72,2,23,9,25,41,16)
1848:(71,2,24,10,24,40,16)
1849:(72,2,24,10,24,40,16)
1850:(71,2,25,11,23,39,16)
1851:(72,2,25,11,23,39,16)
1852:(71,2,26,12,22,38,16)
1853:(72,2,26,12,22,38,16)
1854:(71,2,27,13,21,37,16)
1855:(72,2,27,13,21,37,16)
1856:(71,2,28,14,20,36,16)
1857:(72,2,28,14,20,36,16)
1858:(71,2,29,15,19,35,16)
1859:(72,2,29,15,19,35,16)
1860:(71,2,30,16,18,34,16)
1861:(72,2,30,16,18,34,16)
1862:(71,2,31,17,17,33,16)
1863:(72,2,31,17,17,33,16)
1864:(71,2,32,18,16,32,16)
1865:(72,2,32,18,16,32,16)
1866:(71,2,33,19,15,31,16)
1867:(72,2,33,19,15,31,16)
1868:(71,2,34,20,14,30,16)
1869:(72,2,34,20,14,30,16)
1870:(71,2,35,21,13,29,16)
1871:(72,2,35,21,13,29,16)
1872:(71,2,36,22,12,28,16)
1873:(72,2,36,22,12,28,16)
1874:(71,2,37,23,11,27,16)
1875:(72,2,37,23,11,27,16)
1876:(71,2,38,24,10,26,16)
1877:(72,2,38,24,10,26,16)
1878:(71,2,39,25,9,25,16)
1879:(72,2,39,25,9,25,16)
1880:(71,2,40,26,8,24,16)
1881:(72,2,40,26,8,24,16)
1882:(71,2,41,27,7,23,16)
1883:(72,2,41,27,7,23,16)
1884:(71,2,42,28,6,22,16)
1885:(72,2,42,28,6,22,16)
1886:(78,2,32,29,5,21,16)
1887:(79,2,32,29,5,21,16)
1888:(77,2,29,29,5,21,16)
1889:(76,2,29,29,5,21,16)
1890:(74,2,28,29,5,21,16)
1891:(73,2,28,29,5,21,16)
1892:(72,2,28,29,5,21,16)
1893:(74,2,25,30,4,20,16)
1894:(75,2,25,30,4,20,16)
1895:(77,2,21,31,3,19,16)
1896:(78,2,21,31,3,19,16)
1897:(78,2,21,32,2,18,16)
1898:(79,2,21,32,2,18,16)
1899:(78,2,22,33,1,17,16)
1900:(79,2,22,33,1,17,16)
1901:(78,2,22,33,2,17,15)
1902:(79,2,22,33,2,17,15)
1903:(80,2,21,34,1,16,15)
1904:(81,2,21,34,1,16,15)
1905:(80,2,19,34,2,16,14)
1906:(81,2,19,34,2,16,14)
1907:(80,2,20,35,1,15,14)
1908:(81,2,20,35,1,15,14)
1909:(79,2,20,35,1,15,14)
1910:(81,2,20,36,0,14,14)
1911:(82,2,20,36,0,14,14)
1912:(80,2,19,36,0,14,14)
1913:(79,2,18,36,0,14,14)
1914:(76,2,17,36,0,14,14)
1915:(75,2,17,36,0,14,14)
1916:(74,2,17,36,0,14,14)
1917:(74,2,17,35,0,15,15)
1918:(75,2,17,35,0,15,15)
1919:(74,2,16,35,1,15,14)
1920:(75,2,16,35,1,15,14)
1921:(74,2,13,36,0,14,14)
1922:(75,2,13,36,0,14,14)
1923:(75,2,11,36,1,14,13)
1924:(76,2,11,36,1,14,13)
1925:(74,2,12,37,0,13,13)
1926:(73,2,12,37,0,13,13)
1927:(72,2,12,37,0,13,13)
1928:(72,2,9,37,1,13,12)
1929:(73,2,9,37,1,13,12)
1930:(69,2,9,38,0,12,12)
1931:(68,2,9,38,0,12,12)
1932:(67,2,9,38,0,12,12)
1933:(67,2,9,38,1,12,11)
1934:(68,2,9,38,1,12,11)
1935:(66,2,8,38,1,12,11)
1936:(65,2,8,38,1,12,11)
1937:(64,2,8,38,1,12,11)
1938:(64,2,8,38,2,12,10)
1939:(65,2,8,38,2,12,10)
1940:(64,2,7,39,1,11,10)
1941:(65,2,7,39,1,11,10)
1942:(63,2,7,39,1,11,10)
1943:(63,2,6,39,2,11,9)
1944:(64,2,6,39,2,11,9)
1945:(63,2,6,39,3,11,8)
1946:(64,2,6,39,3,11,8)
1947:(62,2,6,40,2,10,8)
1948:(63,2,6,40,2,10,8)
1949:(61,2,6,40,2,10,8)
1950:(61,2,7,41,1,9,8)
1951:(62,2,7,41,1,9,8)
1952:(61,2,8,42,0,8,8)
1953:(62,2,8,42,0,8,8)
1954:(61,2,8,42,1,8,7)
1955:(62,2,8,42,1,8,7)
1956:(61,2,9,43,0,7,7)
1957:(62,2,9,43,0,7,7)
1958:(62,2,7,43,1,7,6)
1959:(63,2,7,43,1,7,6)
1960:(61,2,6,43,1,7,6)
1961:(61,2,7,44,0,6,6)
1962:(62,2,7,44,0,6,6)
1963:(61,2,7,44,1,6,5)
1964:(62,2,7,44,1,6,5)
1965:(61,2,8,45,0,5,5)
1966:(62,2,8,45,0,5,5)
1967:(60,2,8,45,0,5,5)
1968:(59,2,7,45,0,5,5)
1969:(58,2,7,45,0,5,5)
1970:(58,2,6,45,1,5,4)
1971:(59,2,6,45,1,5,4)
1972:(58,2,7,46,0,4,4)
1973:(59,2,7,46,0,4,4)
1974:(57,2,6,46,0,4,4)
1975:(57,2,6,46,1,4,3)
1976:(58,2,6,46,1,4,3)
1977:(57,2,7,47,0,3,3)
1978:(58,2,7,47,0,3,3)
1979:(54,2,6,47,0,3,3)
1980:(53,2,6,47,0,3,3)
1981:(52,2,6,47,0,3,3)
1982:(52,2,6,47,1,3,2)
1983:(53,2,6,47,1,3,2)
1984:(52,2,6,47,2,3,1)
1985:(53,2,6,47,2,3,1)
1986:(52,2,7,48,1,2,1)
1987:(53,2,7,48,1,2,1)
1988:(52,2,8,49,0,1,1)
1989:(53,2,8,49,0,1,1)
1990:(49,2,7,49,0,1,1)
1991:(48,2,7,49,0,1,1)
1992:(47,2,7,49,0,1,1)
1993:(47,2,4,49,1,1,0)
1994:(48,2,4,49,1,1,0)
1995:(47,2,5,50,0,0,0)
1996:(48,2,5,50,0,0,0)
1997:(71,2,16,2,32,48,16)
1998:(71,2,15,1,33,49,16)
1999:(71,2,14,0,34,50,16)
2000:(72,2,16,2,32,48,16)
2001:(72,2,15,1,33,49,16)
2002:(72,2,14,0,34,50,16)
2003:(-1,-1,-1,-1,-1,-1,-1)