(s1,s2)
0:(1,40)
1:(1,41)
2:(1,42)
3:(1,43)
4:(1,44)
5:(1,45)
6:(1,46)
7:(1,47)
8:(1,48)
9:(1,49)
10:(1,50)
11:(1,51)
12:(1,52)
13:(1,53)
14:(1,54)
15:(1,55)
16:(1,56)
17:(1,57)
18:(1,58)
19:(1,59)
20:(1,60)
21:(1,61)
22:(1,62)
23:(1,63)
24:(1,64)
25:(1,65)
26:(1,66)
27:(1,67)
28:(1,68)
29:(1,69)
30:(1,70)
31:(1,71)
32:(1,72)
33:(1,73)
34:(1,74)
35:(1,75)
36:(1,76)
37:(1,77)
38:(1,78)
39:(1,79)
40:(1,80)
41:(1,81)
42:(1,39)
43:(1,82)
44:(1,83)
45:(1,84)
46:(1,85)
47:(1,86)
48:(1,87)
49:(1,88)
50:(1,89)
51:(1,90)
52:(1,91)
53:(1,92)
54:(1,93)
55:(1,94)
56:(1,95)
57:(1,96)
58:(1,97)
59:(1,98)
60:(1,99)
61:(1,100)
62:(1,101)
63:(1,102)
64:(1,103)
65:(1,104)
66:(1,105)
67:(1,106)
68:(1,107)
69:(1,108)
70:(1,109)
71:(1,110)
72:(1,111)
73:(1,112)
74:(1,113)
75:(1,114)
76:(1,115)
77:(1,116)
78:(1,117)
79:(1,118)
80:(1,119)
81:(1,120)
82:(1,121)
83:(1,122)
84:(1,123)
85:(1,124)
86:(1,125)
87:(1,126)
88:(1,127)
89:(1,128)
90:(1,129)
91:(1,130)
92:(1,131)
93:(1,132)
94:(1,133)
95:(1,134)
96:(1,135)
97:(1,136)
98:(1,137)
99:(1,138)
100:(1,139)
101:(1,140)
102:(1,141)
103:(1,142)
104:(1,143)
105:(1,144)
106:(1,145)
107:(1,146)
108:(1,147)
109:(1,148)
110:(1,149)
111:(1,150)
112:(1,151)
113:(1,152)
114:(1,153)
115:(1,154)
116:(1,155)
117:(1,156)
118:(1,157)
119:(1,158)
120:(1,159)
121:(1,160)
122:(1,161)
123:(1,162)
124:(1,163)
125:(1,164)
126:(1,165)
127:(1,166)
128:(1,167)
129:(1,168)
130:(1,169)
131:(1,170)
132:(1,171)
133:(1,172)
134:(1,173)
135:(1,174)
136:(1,175)
137:(1,176)
138:(1,177)
139:(1,178)
140:(1,179)
141:(1,180)
142:(1,181)
143:(1,182)
144:(1,183)
145:(1,184)
146:(1,185)
147:(1,186)
148:(1,187)
149:(1,188)
150:(1,189)
151:(1,190)
152:(1,191)
153:(1,192)
154:(1,193)
155:(1,194)
156:(1,195)
157:(1,196)
158:(1,197)
159:(1,198)
160:(1,199)
161:(1,200)
162:(1,201)
163:(1,202)
164:(1,203)
165:(1,204)
166:(1,205)
167:(1,206)
168:(1,207)
169:(1,208)
170:(1,209)
171:(1,210)
172:(1,211)
173:(1,212)
174:(1,213)
175:(1,214)
176:(1,215)
177:(1,216)
178:(1,217)
179:(1,218)
180:(1,219)
181:(1,220)
182:(1,221)
183:(1,222)
184:(1,223)
185:(1,224)
186:(1,225)
187:(1,226)
188:(1,227)
189:(1,228)
190:(1,229)
191:(1,230)
192:(1,231)
193:(1,232)
194:(1,233)
195:(1,234)
196:(1,235)
197:(1,236)
198:(1,237)
199:(1,238)
200:(1,239)
201:(1,240)
202:(1,241)
203:(1,242)
204:(1,243)
205:(1,244)
206:(1,245)
207:(1,246)
208:(1,247)
209:(1,248)
210:(1,249)
211:(1,38)
212:(1,37)
213:(1,36)
214:(1,35)
215:(1,34)
216:(1,33)
217:(1,32)
218:(1,31)
219:(1,30)
220:(1,29)
221:(1,28)
222:(1,27)
223:(1,26)
224:(1,25)
225:(1,24)
226:(1,23)
227:(1,22)
228:(1,21)
229:(1,20)
230:(1,19)
231:(1,18)
232:(1,17)
233:(1,16)
234:(1,15)
235:(1,14)
236:(1,13)
237:(1,12)
238:(1,11)
239:(1,10)
240:(1,9)
241:(1,8)
242:(1,7)
243:(1,6)
244:(1,5)
245:(1,4)
246:(1,3)
247:(1,2)
248:(1,1)
249:(1,0)
250:(-1,-1)