(s1,s2)
0:(1,40)
1:(1,41)
2:(1,42)
3:(1,43)
4:(1,44)
5:(1,45)
6:(1,46)
7:(1,47)
8:(1,48)
9:(1,49)
10:(1,50)
11:(1,51)
12:(1,52)
13:(1,53)
14:(1,54)
15:(1,55)
16:(1,56)
17:(1,57)
18:(1,58)
19:(1,59)
20:(1,60)
21:(1,61)
22:(1,62)
23:(1,63)
24:(1,64)
25:(1,65)
26:(1,66)
27:(1,67)
28:(1,68)
29:(1,69)
30:(1,70)
31:(1,71)
32:(1,72)
33:(1,73)
34:(1,74)
35:(1,75)
36:(1,76)
37:(1,77)
38:(1,78)
39:(1,79)
40:(1,80)
41:(1,81)
42:(1,39)
43:(1,82)
44:(1,83)
45:(1,84)
46:(1,85)
47:(1,86)
48:(1,87)
49:(1,88)
50:(1,89)
51:(1,90)
52:(1,91)
53:(1,92)
54:(1,93)
55:(1,94)
56:(1,95)
57:(1,96)
58:(1,97)
59:(1,98)
60:(1,99)
61:(1,100)
62:(1,101)
63:(1,102)
64:(1,103)
65:(1,104)
66:(1,105)
67:(1,106)
68:(1,107)
69:(1,108)
70:(1,109)
71:(1,110)
72:(1,111)
73:(1,112)
74:(1,113)
75:(1,114)
76:(1,115)
77:(1,116)
78:(1,117)
79:(1,118)
80:(1,119)
81:(1,38)
82:(1,37)
83:(1,36)
84:(1,35)
85:(1,34)
86:(1,33)
87:(1,32)
88:(1,31)
89:(1,30)
90:(1,29)
91:(1,28)
92:(1,27)
93:(1,26)
94:(1,25)
95:(1,24)
96:(1,23)
97:(1,22)
98:(1,21)
99:(1,20)
100:(1,19)
101:(1,18)
102:(1,17)
103:(1,16)
104:(1,15)
105:(1,14)
106:(1,13)
107:(1,12)
108:(1,11)
109:(1,10)
110:(1,9)
111:(1,8)
112:(1,7)
113:(1,6)
114:(1,5)
115:(1,4)
116:(1,3)
117:(1,2)
118:(1,1)
119:(1,0)
120:(-1,-1)