(R_,L,RL,G_,G_a,G_bg,G_d)
0:(50,2,0,50,0,0,0)
1:(50,2,1,50,0,0,0)
2:(50,2,2,50,0,0,0)
3:(50,2,3,50,0,0,0)
4:(50,2,4,50,0,0,0)
5:(50,2,5,50,0,0,0)
6:(50,2,6,50,0,0,0)
7:(50,2,7,50,0,0,0)
8:(50,2,8,50,0,0,0)
9:(50,2,9,50,0,0,0)
10:(50,2,10,50,0,0,0)
11:(50,2,11,50,0,0,0)
12:(50,2,12,50,0,0,0)
13:(50,2,13,50,0,0,0)
14:(50,2,14,50,0,0,0)
15:(50,2,15,50,0,0,0)
16:(50,2,16,50,0,0,0)
17:(50,2,17,50,0,0,0)
18:(50,2,18,50,0,0,0)
19:(50,2,19,50,0,0,0)
20:(50,2,20,50,0,0,0)
21:(50,2,21,50,0,0,0)
22:(50,2,22,50,0,0,0)
23:(50,2,23,50,0,0,0)
24:(50,2,24,50,0,0,0)
25:(50,2,23,49,1,1,0)
26:(50,2,22,48,2,2,0)
27:(50,2,23,48,2,2,0)
28:(50,2,22,47,3,3,0)
29:(50,2,23,47,3,3,0)
30:(50,2,24,47,3,3,0)
31:(50,2,23,46,4,4,0)
32:(50,2,22,45,5,5,0)
33:(50,2,23,45,5,5,0)
34:(50,2,22,44,6,6,0)
35:(50,2,21,43,7,7,0)
36:(50,2,20,42,8,8,0)
37:(50,2,19,41,9,9,0)
38:(50,2,20,41,9,9,0)
39:(50,2,21,41,9,9,0)
40:(50,2,20,40,10,10,0)
41:(50,2,21,40,10,10,0)
42:(50,2,20,39,11,11,0)
43:(50,2,19,38,12,12,0)
44:(50,2,18,37,13,13,0)
45:(50,2,17,36,14,14,0)
46:(50,2,18,36,14,14,0)
47:(50,2,19,36,14,14,0)
48:(50,2,18,35,15,15,0)
49:(50,2,17,34,16,16,0)
50:(50,2,16,33,17,17,0)
51:(50,2,15,32,18,18,0)
52:(50,2,14,31,19,19,0)
53:(50,2,15,31,19,19,0)
54:(50,2,14,30,20,20,0)
55:(50,2,15,30,20,20,0)
56:(50,2,14,29,21,21,0)
57:(50,2,13,28,22,22,0)
58:(50,2,12,27,23,23,0)
59:(50,2,13,27,23,23,0)
60:(50,2,12,26,24,24,0)
61:(50,2,13,26,24,24,0)
62:(50,2,12,25,25,25,0)
63:(50,2,13,25,25,25,0)
64:(50,2,12,24,26,26,0)
65:(50,2,11,23,27,27,0)
66:(50,2,12,23,27,27,0)
67:(50,2,13,23,27,27,0)
68:(50,2,12,22,28,28,0)
69:(50,2,13,22,28,28,0)
70:(50,2,12,21,29,29,0)
71:(50,2,11,20,30,30,0)
72:(50,2,12,20,30,30,0)
73:(50,2,11,19,31,31,0)
74:(50,2,12,19,31,31,0)
75:(50,2,11,18,32,32,0)
76:(50,2,10,17,33,33,0)
77:(50,2,9,16,34,34,0)
78:(50,2,8,15,35,35,0)
79:(50,2,7,14,36,36,0)
80:(50,2,8,14,36,36,0)
81:(50,2,7,13,37,37,0)
82:(50,2,6,12,38,38,0)
83:(50,2,5,11,39,39,0)
84:(50,2,6,11,39,39,0)
85:(50,2,5,10,40,40,0)
86:(49,2,6,10,40,40,0)
87:(48,2,7,10,40,40,0)
88:(48,2,6,9,41,41,0)
89:(48,2,5,8,42,42,0)
90:(48,2,6,8,42,42,0)
91:(48,2,5,7,43,43,0)
92:(48,2,4,6,44,44,0)
93:(48,2,3,5,45,45,0)
94:(47,2,4,5,45,45,0)
95:(47,2,3,4,46,46,0)
96:(47,2,2,3,47,47,0)
97:(47,2,1,2,48,48,0)
98:(47,2,0,1,49,49,0)
99:(46,2,1,1,49,49,0)
100:(46,2,0,0,50,50,0)
101:(47,2,0,0,50,50,0)
102:(46,2,0,0,50,50,0)
103:(45,2,1,0,50,50,0)
104:(45,2,2,0,50,50,0)
105:(47,2,1,1,49,49,0)
106:(45,2,2,1,49,49,0)
107:(45,2,3,1,49,49,0)
108:(48,2,0,1,49,49,0)
109:(47,2,0,1,49,49,0)
110:(46,2,2,1,49,49,0)
111:(48,2,1,2,48,48,0)
112:(47,2,1,2,48,48,0)
113:(46,2,2,2,48,48,0)
114:(46,2,3,2,48,48,0)
115:(48,2,2,3,47,47,0)
116:(47,2,2,3,47,47,0)
117:(46,2,3,3,47,47,0)
118:(46,2,4,3,47,47,0)
119:(48,2,3,4,46,46,0)
120:(47,2,3,4,46,46,0)
121:(46,2,4,4,46,46,0)
122:(46,2,5,4,46,46,0)
123:(48,2,4,5,45,45,0)
124:(46,2,5,5,45,45,0)
125:(46,2,6,5,45,45,0)
126:(49,2,3,5,45,45,0)
127:(48,2,3,5,45,45,0)
128:(47,2,5,5,45,45,0)
129:(49,2,4,6,44,44,0)
130:(48,2,4,6,44,44,0)
131:(47,2,5,6,44,44,0)
132:(47,2,6,6,44,44,0)
133:(49,2,5,7,43,43,0)
134:(48,2,5,7,43,43,0)
135:(47,2,6,7,43,43,0)
136:(47,2,7,7,43,43,0)
137:(49,2,6,8,42,42,0)
138:(48,2,6,8,42,42,0)
139:(47,2,7,8,42,42,0)
140:(47,2,8,8,42,42,0)
141:(49,2,5,8,42,42,0)
142:(48,2,5,8,42,42,0)
143:(47,2,6,8,42,42,0)
144:(47,2,7,8,42,42,0)
145:(49,2,6,9,41,41,0)
146:(48,2,6,9,41,41,0)
147:(47,2,7,9,41,41,0)
148:(47,2,8,9,41,41,0)
149:(49,2,7,10,40,40,0)
150:(47,2,8,10,40,40,0)
151:(47,2,9,10,40,40,0)
152:(50,2,6,10,40,40,0)
153:(48,2,8,10,40,40,0)
154:(51,2,5,10,40,40,0)
155:(50,2,5,10,40,40,0)
156:(49,2,7,10,40,40,0)
157:(51,2,6,11,39,39,0)
158:(50,2,6,11,39,39,0)
159:(49,2,7,11,39,39,0)
160:(49,2,8,11,39,39,0)
161:(51,2,5,11,39,39,0)
162:(50,2,5,11,39,39,0)
163:(49,2,6,11,39,39,0)
164:(49,2,7,11,39,39,0)
165:(51,2,6,12,38,38,0)
166:(50,2,6,12,38,38,0)
167:(49,2,7,12,38,38,0)
168:(49,2,8,12,38,38,0)
169:(51,2,7,13,37,37,0)
170:(50,2,7,13,37,37,0)
171:(49,2,8,13,37,37,0)
172:(49,2,9,13,37,37,0)
173:(51,2,8,14,36,36,0)
174:(50,2,8,14,36,36,0)
175:(49,2,9,14,36,36,0)
176:(49,2,10,14,36,36,0)
177:(51,2,7,14,36,36,0)
178:(50,2,7,14,36,36,0)
179:(49,2,8,14,36,36,0)
180:(49,2,9,14,36,36,0)
181:(51,2,8,15,35,35,0)
182:(50,2,8,15,35,35,0)
183:(49,2,9,15,35,35,0)
184:(49,2,10,15,35,35,0)
185:(51,2,9,16,34,34,0)
186:(50,2,9,16,34,34,0)
187:(49,2,10,16,34,34,0)
188:(49,2,11,16,34,34,0)
189:(51,2,10,17,33,33,0)
190:(50,2,10,17,33,33,0)
191:(49,2,11,17,33,33,0)
192:(49,2,12,17,33,33,0)
193:(51,2,11,18,32,32,0)
194:(50,2,11,18,32,32,0)
195:(49,2,12,18,32,32,0)
196:(49,2,13,18,32,32,0)
197:(51,2,12,19,31,31,0)
198:(50,2,12,19,31,31,0)
199:(49,2,13,19,31,31,0)
200:(49,2,14,19,31,31,0)
201:(51,2,11,19,31,31,0)
202:(50,2,11,19,31,31,0)
203:(49,2,12,19,31,31,0)
204:(49,2,13,19,31,31,0)
205:(51,2,12,20,30,30,0)
206:(50,2,12,20,30,30,0)
207:(49,2,13,20,30,30,0)
208:(49,2,14,20,30,30,0)
209:(51,2,11,20,30,30,0)
210:(50,2,11,20,30,30,0)
211:(49,2,12,20,30,30,0)
212:(49,2,13,20,30,30,0)
213:(51,2,12,21,29,29,0)
214:(50,2,12,21,29,29,0)
215:(49,2,13,21,29,29,0)
216:(49,2,14,21,29,29,0)
217:(51,2,13,22,28,28,0)
218:(50,2,13,22,28,28,0)
219:(49,2,14,22,28,28,0)
220:(49,2,15,22,28,28,0)
221:(51,2,12,22,28,28,0)
222:(50,2,12,22,28,28,0)
223:(49,2,13,22,28,28,0)
224:(49,2,14,22,28,28,0)
225:(51,2,13,23,27,27,0)
226:(50,2,13,23,27,27,0)
227:(49,2,14,23,27,27,0)
228:(49,2,15,23,27,27,0)
229:(51,2,12,23,27,27,0)
230:(50,2,12,23,27,27,0)
231:(49,2,13,23,27,27,0)
232:(49,2,14,23,27,27,0)
233:(51,2,11,23,27,27,0)
234:(50,2,11,23,27,27,0)
235:(49,2,12,23,27,27,0)
236:(49,2,13,23,27,27,0)
237:(51,2,12,24,26,26,0)
238:(50,2,12,24,26,26,0)
239:(49,2,13,24,26,26,0)
240:(49,2,14,24,26,26,0)
241:(51,2,13,25,25,25,0)
242:(50,2,13,25,25,25,0)
243:(49,2,14,25,25,25,0)
244:(49,2,15,25,25,25,0)
245:(51,2,12,25,25,25,0)
246:(50,2,12,25,25,25,0)
247:(49,2,13,25,25,25,0)
248:(49,2,14,25,25,25,0)
249:(51,2,13,26,24,24,0)
250:(50,2,13,26,24,24,0)
251:(49,2,14,26,24,24,0)
252:(49,2,15,26,24,24,0)
253:(51,2,12,26,24,24,0)
254:(50,2,12,26,24,24,0)
255:(49,2,13,26,24,24,0)
256:(49,2,14,26,24,24,0)
257:(51,2,13,27,23,23,0)
258:(50,2,13,27,23,23,0)
259:(49,2,14,27,23,23,0)
260:(49,2,15,27,23,23,0)
261:(51,2,12,27,23,23,0)
262:(50,2,12,27,23,23,0)
263:(49,2,13,27,23,23,0)
264:(49,2,14,27,23,23,0)
265:(51,2,13,28,22,22,0)
266:(50,2,13,28,22,22,0)
267:(49,2,14,28,22,22,0)
268:(49,2,15,28,22,22,0)
269:(51,2,14,29,21,21,0)
270:(50,2,14,29,21,21,0)
271:(49,2,15,29,21,21,0)
272:(49,2,16,29,21,21,0)
273:(51,2,15,30,20,20,0)
274:(50,2,15,30,20,20,0)
275:(49,2,16,30,20,20,0)
276:(49,2,17,30,20,20,0)
277:(51,2,14,30,20,20,0)
278:(50,2,14,30,20,20,0)
279:(49,2,15,30,20,20,0)
280:(49,2,16,30,20,20,0)
281:(51,2,15,31,19,19,0)
282:(50,2,15,31,19,19,0)
283:(49,2,16,31,19,19,0)
284:(49,2,17,31,19,19,0)
285:(51,2,14,31,19,19,0)
286:(50,2,14,31,19,19,0)
287:(49,2,15,31,19,19,0)
288:(49,2,16,31,19,19,0)
289:(51,2,15,32,18,18,0)
290:(50,2,15,32,18,18,0)
291:(49,2,16,32,18,18,0)
292:(49,2,17,32,18,18,0)
293:(51,2,16,33,17,17,0)
294:(50,2,16,33,17,17,0)
295:(49,2,17,33,17,17,0)
296:(49,2,18,33,17,17,0)
297:(51,2,17,34,16,16,0)
298:(50,2,17,34,16,16,0)
299:(49,2,18,34,16,16,0)
300:(49,2,19,34,16,16,0)
301:(51,2,18,35,15,15,0)
302:(50,2,18,35,15,15,0)
303:(49,2,19,35,15,15,0)
304:(49,2,20,35,15,15,0)
305:(51,2,19,36,14,14,0)
306:(50,2,19,36,14,14,0)
307:(49,2,20,36,14,14,0)
308:(49,2,21,36,14,14,0)
309:(51,2,18,36,14,14,0)
310:(50,2,18,36,14,14,0)
311:(49,2,19,36,14,14,0)
312:(49,2,20,36,14,14,0)
313:(51,2,17,36,14,14,0)
314:(50,2,17,36,14,14,0)
315:(49,2,18,36,14,14,0)
316:(49,2,19,36,14,14,0)
317:(51,2,18,37,13,13,0)
318:(50,2,18,37,13,13,0)
319:(49,2,19,37,13,13,0)
320:(49,2,20,37,13,13,0)
321:(51,2,19,38,12,12,0)
322:(50,2,19,38,12,12,0)
323:(49,2,20,38,12,12,0)
324:(49,2,21,38,12,12,0)
325:(51,2,20,39,11,11,0)
326:(50,2,20,39,11,11,0)
327:(49,2,21,39,11,11,0)
328:(49,2,22,39,11,11,0)
329:(51,2,21,40,10,10,0)
330:(50,2,21,40,10,10,0)
331:(49,2,22,40,10,10,0)
332:(49,2,23,40,10,10,0)
333:(51,2,20,40,10,10,0)
334:(50,2,20,40,10,10,0)
335:(49,2,21,40,10,10,0)
336:(49,2,22,40,10,10,0)
337:(51,2,21,41,9,9,0)
338:(50,2,21,41,9,9,0)
339:(49,2,22,41,9,9,0)
340:(49,2,23,41,9,9,0)
341:(51,2,20,41,9,9,0)
342:(50,2,20,41,9,9,0)
343:(49,2,21,41,9,9,0)
344:(49,2,22,41,9,9,0)
345:(51,2,19,41,9,9,0)
346:(50,2,19,41,9,9,0)
347:(49,2,20,41,9,9,0)
348:(49,2,21,41,9,9,0)
349:(51,2,20,42,8,8,0)
350:(50,2,20,42,8,8,0)
351:(49,2,21,42,8,8,0)
352:(49,2,22,42,8,8,0)
353:(51,2,21,43,7,7,0)
354:(50,2,21,43,7,7,0)
355:(49,2,22,43,7,7,0)
356:(49,2,23,43,7,7,0)
357:(51,2,22,44,6,6,0)
358:(50,2,22,44,6,6,0)
359:(49,2,23,44,6,6,0)
360:(49,2,24,44,6,6,0)
361:(51,2,23,45,5,5,0)
362:(50,2,23,45,5,5,0)
363:(49,2,24,45,5,5,0)
364:(49,2,25,45,5,5,0)
365:(51,2,22,45,5,5,0)
366:(50,2,22,45,5,5,0)
367:(49,2,23,45,5,5,0)
368:(49,2,24,45,5,5,0)
369:(51,2,23,46,4,4,0)
370:(50,2,23,46,4,4,0)
371:(49,2,24,46,4,4,0)
372:(49,2,25,46,4,4,0)
373:(51,2,24,47,3,3,0)
374:(50,2,24,47,3,3,0)
375:(49,2,25,47,3,3,0)
376:(49,2,26,47,3,3,0)
377:(51,2,23,47,3,3,0)
378:(50,2,23,47,3,3,0)
379:(49,2,24,47,3,3,0)
380:(49,2,25,47,3,3,0)
381:(51,2,22,47,3,3,0)
382:(50,2,22,47,3,3,0)
383:(49,2,23,47,3,3,0)
384:(49,2,24,47,3,3,0)
385:(51,2,23,48,2,2,0)
386:(50,2,23,48,2,2,0)
387:(49,2,24,48,2,2,0)
388:(49,2,25,48,2,2,0)
389:(51,2,22,48,2,2,0)
390:(50,2,22,48,2,2,0)
391:(49,2,23,48,2,2,0)
392:(49,2,24,48,2,2,0)
393:(51,2,23,49,1,1,0)
394:(50,2,23,49,1,1,0)
395:(49,2,24,49,1,1,0)
396:(49,2,25,49,1,1,0)
397:(51,2,24,50,0,0,0)
398:(50,2,24,50,0,0,0)
399:(49,2,25,50,0,0,0)
400:(49,2,26,50,0,0,0)
401:(51,2,23,50,0,0,0)
402:(50,2,23,50,0,0,0)
403:(49,2,24,50,0,0,0)
404:(49,2,25,50,0,0,0)
405:(51,2,22,50,0,0,0)
406:(50,2,22,50,0,0,0)
407:(49,2,23,50,0,0,0)
408:(49,2,24,50,0,0,0)
409:(51,2,21,50,0,0,0)
410:(50,2,21,50,0,0,0)
411:(49,2,22,50,0,0,0)
412:(49,2,23,50,0,0,0)
413:(51,2,20,50,0,0,0)
414:(50,2,20,50,0,0,0)
415:(49,2,21,50,0,0,0)
416:(49,2,22,50,0,0,0)
417:(51,2,19,50,0,0,0)
418:(50,2,19,50,0,0,0)
419:(49,2,20,50,0,0,0)
420:(49,2,21,50,0,0,0)
421:(51,2,18,50,0,0,0)
422:(50,2,18,50,0,0,0)
423:(49,2,19,50,0,0,0)
424:(49,2,20,50,0,0,0)
425:(51,2,17,50,0,0,0)
426:(50,2,17,50,0,0,0)
427:(49,2,18,50,0,0,0)
428:(49,2,19,50,0,0,0)
429:(51,2,16,50,0,0,0)
430:(50,2,16,50,0,0,0)
431:(49,2,17,50,0,0,0)
432:(49,2,18,50,0,0,0)
433:(51,2,15,50,0,0,0)
434:(50,2,15,50,0,0,0)
435:(49,2,16,50,0,0,0)
436:(49,2,17,50,0,0,0)
437:(51,2,14,50,0,0,0)
438:(50,2,14,50,0,0,0)
439:(49,2,15,50,0,0,0)
440:(49,2,16,50,0,0,0)
441:(51,2,13,50,0,0,0)
442:(50,2,13,50,0,0,0)
443:(49,2,14,50,0,0,0)
444:(49,2,15,50,0,0,0)
445:(51,2,12,50,0,0,0)
446:(50,2,12,50,0,0,0)
447:(49,2,13,50,0,0,0)
448:(49,2,14,50,0,0,0)
449:(51,2,11,50,0,0,0)
450:(50,2,11,50,0,0,0)
451:(49,2,12,50,0,0,0)
452:(49,2,13,50,0,0,0)
453:(51,2,10,50,0,0,0)
454:(50,2,10,50,0,0,0)
455:(49,2,11,50,0,0,0)
456:(49,2,12,50,0,0,0)
457:(51,2,9,50,0,0,0)
458:(50,2,9,50,0,0,0)
459:(49,2,10,50,0,0,0)
460:(49,2,11,50,0,0,0)
461:(51,2,8,50,0,0,0)
462:(50,2,8,50,0,0,0)
463:(49,2,9,50,0,0,0)
464:(49,2,10,50,0,0,0)
465:(51,2,7,50,0,0,0)
466:(50,2,7,50,0,0,0)
467:(49,2,8,50,0,0,0)
468:(49,2,9,50,0,0,0)
469:(51,2,6,50,0,0,0)
470:(50,2,6,50,0,0,0)
471:(49,2,7,50,0,0,0)
472:(49,2,8,50,0,0,0)
473:(51,2,5,50,0,0,0)
474:(50,2,5,50,0,0,0)
475:(49,2,6,50,0,0,0)
476:(49,2,7,50,0,0,0)
477:(51,2,4,50,0,0,0)
478:(50,2,4,50,0,0,0)
479:(49,2,5,50,0,0,0)
480:(49,2,6,50,0,0,0)
481:(51,2,3,50,0,0,0)
482:(50,2,3,50,0,0,0)
483:(49,2,4,50,0,0,0)
484:(49,2,5,50,0,0,0)
485:(51,2,2,50,0,0,0)
486:(50,2,2,50,0,0,0)
487:(49,2,3,50,0,0,0)
488:(49,2,4,50,0,0,0)
489:(51,2,1,50,0,0,0)
490:(49,2,2,50,0,0,0)
491:(49,2,3,50,0,0,0)
492:(51,2,0,50,0,0,0)
493:(49,2,1,50,0,0,0)
494:(49,2,2,50,0,0,0)
495:(-1,-1,-1,-1,-1,-1,-1)