(R_,L,RL,G_,G_a,G_bg,G_d)
0:(50,2,0,50,0,0,0)
1:(50,2,1,50,0,0,0)
2:(50,2,2,50,0,0,0)
3:(50,2,3,50,0,0,0)
4:(50,2,2,49,1,1,0)
5:(50,2,2,49,0,1,1)
6:(51,2,2,49,0,1,1)
7:(50,2,3,49,0,1,1)
8:(50,2,4,49,0,1,1)
9:(50,2,5,49,0,1,1)
10:(51,2,5,49,0,1,1)
11:(52,2,5,49,0,1,1)
12:(53,2,5,49,0,1,1)
13:(54,2,5,49,0,1,1)
14:(55,2,5,49,0,1,1)
15:(56,2,5,49,0,1,1)
16:(55,2,6,49,0,1,1)
17:(55,2,5,48,1,2,1)
18:(55,2,4,47,2,3,1)
19:(55,2,4,47,1,3,2)
20:(55,2,4,47,0,3,3)
21:(56,2,4,47,0,3,3)
22:(57,2,4,47,0,3,3)
23:(58,2,4,47,0,3,3)
24:(59,2,4,47,0,3,3)
25:(60,2,4,47,0,3,3)
26:(60,2,5,47,0,3,3)
27:(60,2,4,46,1,4,3)
28:(60,2,4,46,0,4,4)
29:(61,2,4,46,0,4,4)
30:(62,2,4,46,0,4,4)
31:(61,2,5,46,0,4,4)
32:(61,2,4,45,1,5,4)
33:(61,2,4,45,0,5,5)
34:(61,2,5,45,0,5,5)
35:(62,2,5,45,0,5,5)
36:(63,2,5,45,0,5,5)
37:(63,2,6,45,0,5,5)
38:(64,2,6,45,0,5,5)
39:(64,2,5,44,1,6,5)
40:(64,2,5,44,0,6,6)
41:(64,2,4,43,1,7,6)
42:(65,2,4,43,1,7,6)
43:(66,2,4,43,1,7,6)
44:(65,2,5,43,1,7,6)
45:(65,2,5,43,0,7,7)
46:(65,2,6,43,0,7,7)
47:(64,2,7,43,0,7,7)
48:(64,2,6,42,1,8,7)
49:(64,2,6,42,0,8,8)
50:(64,2,5,41,1,9,8)
51:(64,2,4,40,2,10,8)
52:(65,2,4,40,2,10,8)
53:(66,2,3,40,2,10,8)
54:(66,2,2,39,3,11,8)
55:(67,2,2,39,3,11,8)
56:(68,2,2,39,3,11,8)
57:(67,2,3,39,3,11,8)
58:(66,2,4,39,3,11,8)
59:(66,2,4,39,2,11,9)
60:(66,2,4,39,1,11,10)
61:(66,2,5,39,1,11,10)
62:(67,2,5,39,1,11,10)
63:(67,2,4,38,2,12,10)
64:(67,2,5,38,2,12,10)
65:(67,2,6,38,2,12,10)
66:(67,2,6,38,1,12,11)
67:(68,2,6,38,1,12,11)
68:(69,2,6,38,1,12,11)
69:(70,2,6,38,1,12,11)
70:(70,2,7,38,1,12,11)
71:(70,2,7,38,0,12,12)
72:(71,2,7,38,0,12,12)
73:(72,2,7,38,0,12,12)
74:(73,2,7,38,0,12,12)
75:(74,2,7,38,0,12,12)
76:(75,2,7,38,0,12,12)
77:(75,2,6,37,1,13,12)
78:(75,2,7,37,1,13,12)
79:(75,2,7,37,0,13,13)
80:(75,2,8,37,0,13,13)
81:(75,2,9,37,0,13,13)
82:(75,2,10,37,0,13,13)
83:(76,2,10,37,0,13,13)
84:(77,2,10,37,0,13,13)
85:(78,2,10,37,0,13,13)
86:(78,2,9,36,1,14,13)
87:(78,2,9,36,0,14,14)
88:(77,2,10,36,0,14,14)
89:(77,2,11,36,0,14,14)
90:(77,2,10,35,1,15,14)
91:(77,2,11,35,1,15,14)
92:(77,2,12,35,1,15,14)
93:(77,2,13,35,1,15,14)
94:(77,2,14,35,1,15,14)
95:(77,2,14,35,0,15,15)
96:(77,2,15,35,0,15,15)
97:(77,2,15,36,0,14,14)
98:(78,2,15,36,0,14,14)
99:(79,2,15,36,0,14,14)
100:(80,2,15,36,0,14,14)
101:(81,2,14,36,0,14,14)
102:(82,2,14,36,0,14,14)
103:(82,2,15,36,0,14,14)
104:(83,2,15,36,0,14,14)
105:(82,2,16,36,0,14,14)
106:(83,2,16,36,0,14,14)
107:(83,2,17,36,0,14,14)
108:(84,2,17,36,0,14,14)
109:(84,2,18,36,0,14,14)
110:(84,2,17,35,1,15,14)
111:(83,2,17,35,1,15,14)
112:(82,2,18,35,1,15,14)
113:(83,2,18,35,1,15,14)
114:(83,2,17,34,2,16,14)
115:(83,2,17,34,1,16,15)
116:(83,2,18,34,1,16,15)
117:(84,2,18,34,1,16,15)
118:(83,2,19,34,1,16,15)
119:(83,2,18,33,2,17,15)
120:(82,2,19,33,2,17,15)
121:(81,2,20,33,2,17,15)
122:(81,2,20,33,1,17,16)
123:(81,2,19,32,2,18,16)
124:(81,2,18,31,3,19,16)
125:(80,2,19,31,3,19,16)
126:(80,2,18,30,4,20,16)
127:(79,2,18,30,4,20,16)
128:(78,2,19,30,4,20,16)
129:(77,2,20,30,4,20,16)
130:(77,2,21,30,4,20,16)
131:(77,2,22,30,4,20,16)
132:(77,2,23,30,4,20,16)
133:(77,2,22,29,5,21,16)
134:(76,2,23,29,5,21,16)
135:(75,2,24,29,5,21,16)
136:(75,2,25,29,5,21,16)
137:(75,2,26,29,5,21,16)
138:(76,2,26,29,5,21,16)
139:(77,2,26,29,5,21,16)
140:(78,2,26,29,5,21,16)
141:(79,2,26,29,5,21,16)
142:(79,2,27,29,5,21,16)
143:(80,2,27,29,5,21,16)
144:(81,2,27,29,5,21,16)
145:(81,2,28,29,5,21,16)
146:(81,2,29,29,5,21,16)
147:(81,2,30,29,5,21,16)
148:(81,2,29,28,6,22,16)
149:(81,2,30,28,6,22,16)
150:(80,2,31,28,6,22,16)
151:(79,2,32,28,6,22,16)
152:(79,2,33,28,6,22,16)
153:(79,2,34,28,6,22,16)
154:(79,2,35,28,6,22,16)
155:(78,2,36,28,6,22,16)
156:(77,2,37,28,6,22,16)
157:(76,2,38,28,6,22,16)
158:(75,2,39,28,6,22,16)
159:(74,2,40,28,6,22,16)
160:(74,2,39,27,7,23,16)
161:(74,2,38,26,8,24,16)
162:(74,2,37,25,9,25,16)
163:(74,2,36,24,10,26,16)
164:(74,2,35,23,11,27,16)
165:(74,2,34,22,12,28,16)
166:(74,2,33,21,13,29,16)
167:(74,2,32,20,14,30,16)
168:(74,2,31,19,15,31,16)
169:(74,2,30,18,16,32,16)
170:(74,2,29,17,17,33,16)
171:(74,2,28,16,18,34,16)
172:(74,2,27,15,19,35,16)
173:(74,2,26,14,20,36,16)
174:(74,2,25,13,21,37,16)
175:(74,2,24,12,22,38,16)
176:(74,2,23,11,23,39,16)
177:(74,2,22,10,24,40,16)
178:(74,2,21,9,25,41,16)
179:(74,2,20,8,26,42,16)
180:(74,2,19,7,27,43,16)
181:(74,2,18,6,28,44,16)
182:(74,2,17,5,29,45,16)
183:(74,2,16,4,30,46,16)
184:(74,2,15,3,31,47,16)
185:(74,2,14,2,32,48,16)
186:(74,2,13,1,33,49,16)
187:(74,2,12,0,34,50,16)
188:(75,2,12,0,34,50,16)
189:(73,2,12,0,34,50,16)
190:(73,2,13,0,34,50,16)
191:(75,2,13,1,33,49,16)
192:(73,2,13,1,33,49,16)
193:(73,2,14,1,33,49,16)
194:(75,2,14,2,32,48,16)
195:(73,2,14,2,32,48,16)
196:(73,2,15,2,32,48,16)
197:(75,2,15,3,31,47,16)
198:(73,2,15,3,31,47,16)
199:(73,2,16,3,31,47,16)
200:(75,2,16,4,30,46,16)
201:(73,2,16,4,30,46,16)
202:(73,2,17,4,30,46,16)
203:(75,2,17,5,29,45,16)
204:(73,2,17,5,29,45,16)
205:(73,2,18,5,29,45,16)
206:(75,2,18,6,28,44,16)
207:(73,2,18,6,28,44,16)
208:(73,2,19,6,28,44,16)
209:(75,2,19,7,27,43,16)
210:(73,2,19,7,27,43,16)
211:(73,2,20,7,27,43,16)
212:(75,2,20,8,26,42,16)
213:(73,2,20,8,26,42,16)
214:(73,2,21,8,26,42,16)
215:(75,2,21,9,25,41,16)
216:(73,2,21,9,25,41,16)
217:(73,2,22,9,25,41,16)
218:(75,2,22,10,24,40,16)
219:(73,2,22,10,24,40,16)
220:(73,2,23,10,24,40,16)
221:(75,2,23,11,23,39,16)
222:(73,2,23,11,23,39,16)
223:(73,2,24,11,23,39,16)
224:(75,2,24,12,22,38,16)
225:(73,2,24,12,22,38,16)
226:(73,2,25,12,22,38,16)
227:(75,2,25,13,21,37,16)
228:(73,2,25,13,21,37,16)
229:(73,2,26,13,21,37,16)
230:(75,2,26,14,20,36,16)
231:(73,2,26,14,20,36,16)
232:(73,2,27,14,20,36,16)
233:(75,2,27,15,19,35,16)
234:(73,2,27,15,19,35,16)
235:(73,2,28,15,19,35,16)
236:(75,2,28,16,18,34,16)
237:(73,2,28,16,18,34,16)
238:(73,2,29,16,18,34,16)
239:(75,2,29,17,17,33,16)
240:(73,2,29,17,17,33,16)
241:(73,2,30,17,17,33,16)
242:(75,2,30,18,16,32,16)
243:(73,2,30,18,16,32,16)
244:(73,2,31,18,16,32,16)
245:(75,2,31,19,15,31,16)
246:(73,2,31,19,15,31,16)
247:(73,2,32,19,15,31,16)
248:(75,2,32,20,14,30,16)
249:(73,2,32,20,14,30,16)
250:(73,2,33,20,14,30,16)
251:(75,2,33,21,13,29,16)
252:(73,2,33,21,13,29,16)
253:(73,2,34,21,13,29,16)
254:(75,2,34,22,12,28,16)
255:(73,2,34,22,12,28,16)
256:(73,2,35,22,12,28,16)
257:(75,2,35,23,11,27,16)
258:(73,2,35,23,11,27,16)
259:(73,2,36,23,11,27,16)
260:(75,2,36,24,10,26,16)
261:(73,2,36,24,10,26,16)
262:(73,2,37,24,10,26,16)
263:(75,2,37,25,9,25,16)
264:(73,2,37,25,9,25,16)
265:(73,2,38,25,9,25,16)
266:(75,2,38,26,8,24,16)
267:(73,2,38,26,8,24,16)
268:(73,2,39,26,8,24,16)
269:(75,2,39,27,7,23,16)
270:(73,2,39,27,7,23,16)
271:(73,2,40,27,7,23,16)
272:(75,2,40,28,6,22,16)
273:(73,2,40,28,6,22,16)
274:(73,2,41,28,6,22,16)
275:(76,2,39,28,6,22,16)
276:(74,2,39,28,6,22,16)
277:(77,2,38,28,6,22,16)
278:(75,2,38,28,6,22,16)
279:(78,2,37,28,6,22,16)
280:(76,2,37,28,6,22,16)
281:(79,2,36,28,6,22,16)
282:(77,2,36,28,6,22,16)
283:(80,2,35,28,6,22,16)
284:(78,2,35,28,6,22,16)
285:(80,2,34,28,6,22,16)
286:(78,2,34,28,6,22,16)
287:(80,2,33,28,6,22,16)
288:(78,2,33,28,6,22,16)
289:(80,2,32,28,6,22,16)
290:(78,2,32,28,6,22,16)
291:(81,2,31,28,6,22,16)
292:(79,2,31,28,6,22,16)
293:(82,2,30,28,6,22,16)
294:(80,2,30,28,6,22,16)
295:(82,2,29,28,6,22,16)
296:(80,2,29,28,6,22,16)
297:(82,2,30,29,5,21,16)
298:(80,2,30,29,5,21,16)
299:(80,2,31,29,5,21,16)
300:(82,2,29,29,5,21,16)
301:(80,2,29,29,5,21,16)
302:(82,2,28,29,5,21,16)
303:(80,2,28,29,5,21,16)
304:(82,2,27,29,5,21,16)
305:(79,2,28,29,5,21,16)
306:(78,2,27,29,5,21,16)
307:(78,2,28,29,5,21,16)
308:(80,2,26,29,5,21,16)
309:(77,2,27,29,5,21,16)
310:(76,2,27,29,5,21,16)
311:(75,2,27,29,5,21,16)
312:(74,2,26,29,5,21,16)
313:(74,2,27,29,5,21,16)
314:(76,2,25,29,5,21,16)
315:(74,2,25,29,5,21,16)
316:(76,2,24,29,5,21,16)
317:(74,2,24,29,5,21,16)
318:(77,2,23,29,5,21,16)
319:(75,2,23,29,5,21,16)
320:(78,2,22,29,5,21,16)
321:(76,2,22,29,5,21,16)
322:(78,2,23,30,4,20,16)
323:(76,2,23,30,4,20,16)
324:(76,2,24,30,4,20,16)
325:(78,2,22,30,4,20,16)
326:(76,2,22,30,4,20,16)
327:(78,2,21,30,4,20,16)
328:(76,2,21,30,4,20,16)
329:(78,2,20,30,4,20,16)
330:(76,2,20,30,4,20,16)
331:(79,2,19,30,4,20,16)
332:(77,2,19,30,4,20,16)
333:(78,2,18,30,4,20,16)
334:(81,2,18,30,4,20,16)
335:(80,2,19,30,4,20,16)
336:(81,2,19,31,3,19,16)
337:(79,2,19,31,3,19,16)
338:(79,2,20,31,3,19,16)
339:(82,2,18,31,3,19,16)
340:(80,2,18,31,3,19,16)
341:(82,2,19,32,2,18,16)
342:(80,2,19,32,2,18,16)
343:(80,2,20,32,2,18,16)
344:(82,2,20,33,1,17,16)
345:(80,2,20,33,1,17,16)
346:(80,2,21,33,1,17,16)
347:(82,2,20,33,2,17,15)
348:(80,2,20,33,2,17,15)
349:(80,2,21,33,2,17,15)
350:(83,2,19,33,2,17,15)
351:(81,2,19,33,2,17,15)
352:(84,2,18,33,2,17,15)
353:(82,2,18,33,2,17,15)
354:(84,2,19,34,1,16,15)
355:(82,2,19,34,1,16,15)
356:(82,2,20,34,1,16,15)
357:(85,2,18,34,1,16,15)
358:(82,2,18,34,1,16,15)
359:(84,2,17,34,1,16,15)
360:(82,2,17,34,1,16,15)
361:(84,2,17,34,2,16,14)
362:(82,2,17,34,2,16,14)
363:(82,2,18,34,2,16,14)
364:(84,2,18,35,1,15,14)
365:(82,2,19,35,1,15,14)
366:(83,2,19,35,1,15,14)
367:(81,2,18,35,1,15,14)
368:(81,2,19,35,1,15,14)
369:(82,2,17,35,1,15,14)
370:(85,2,17,35,1,15,14)
371:(85,2,18,36,0,14,14)
372:(83,2,18,36,0,14,14)
373:(83,2,19,36,0,14,14)
374:(85,2,17,36,0,14,14)
375:(82,2,17,36,0,14,14)
376:(82,2,18,36,0,14,14)
377:(84,2,16,36,0,14,14)
378:(81,2,16,36,0,14,14)
379:(81,2,17,36,0,14,14)
380:(84,2,15,36,0,14,14)
381:(81,2,15,36,0,14,14)
382:(83,2,14,36,0,14,14)
383:(80,2,14,36,0,14,14)
384:(79,2,16,36,0,14,14)
385:(80,2,16,36,0,14,14)
386:(78,2,16,36,0,14,14)
387:(77,2,16,36,0,14,14)
388:(76,2,15,36,0,14,14)
389:(76,2,16,36,0,14,14)
390:(78,2,15,35,0,15,15)
391:(76,2,15,35,0,15,15)
392:(76,2,16,35,0,15,15)
393:(78,2,14,35,0,15,15)
394:(76,2,14,35,0,15,15)
395:(78,2,14,35,1,15,14)
396:(76,2,14,35,1,15,14)
397:(76,2,15,35,1,15,14)
398:(78,2,13,35,1,15,14)
399:(76,2,13,35,1,15,14)
400:(78,2,12,35,1,15,14)
401:(76,2,12,35,1,15,14)
402:(78,2,11,35,1,15,14)
403:(76,2,11,35,1,15,14)
404:(78,2,10,35,1,15,14)
405:(76,2,10,35,1,15,14)
406:(78,2,11,36,0,14,14)
407:(76,2,11,36,0,14,14)
408:(76,2,12,36,0,14,14)
409:(78,2,10,36,0,14,14)
410:(76,2,10,36,0,14,14)
411:(79,2,9,36,0,14,14)
412:(77,2,9,36,0,14,14)
413:(79,2,9,36,1,14,13)
414:(77,2,9,36,1,14,13)
415:(77,2,10,36,1,14,13)
416:(79,2,10,37,0,13,13)
417:(77,2,11,37,0,13,13)
418:(78,2,11,37,0,13,13)
419:(76,2,11,37,0,13,13)
420:(75,2,11,37,0,13,13)
421:(74,2,10,37,0,13,13)
422:(74,2,11,37,0,13,13)
423:(76,2,9,37,0,13,13)
424:(74,2,9,37,0,13,13)
425:(76,2,8,37,0,13,13)
426:(74,2,8,37,0,13,13)
427:(76,2,7,37,0,13,13)
428:(74,2,7,37,0,13,13)
429:(76,2,7,37,1,13,12)
430:(74,2,7,37,1,13,12)
431:(74,2,8,37,1,13,12)
432:(76,2,6,37,1,13,12)
433:(74,2,6,37,1,13,12)
434:(76,2,7,38,0,12,12)
435:(74,2,8,38,0,12,12)
436:(75,2,8,38,0,12,12)
437:(73,2,8,38,0,12,12)
438:(72,2,8,38,0,12,12)
439:(71,2,8,38,0,12,12)
440:(70,2,8,38,0,12,12)
441:(69,2,7,38,0,12,12)
442:(69,2,8,38,0,12,12)
443:(71,2,7,38,1,12,11)
444:(69,2,7,38,1,12,11)
445:(69,2,8,38,1,12,11)
446:(71,2,6,38,1,12,11)
447:(68,2,7,38,1,12,11)
448:(67,2,7,38,1,12,11)
449:(66,2,6,38,1,12,11)
450:(66,2,7,38,1,12,11)
451:(68,2,6,38,2,12,10)
452:(66,2,6,38,2,12,10)
453:(66,2,7,38,2,12,10)
454:(68,2,5,38,2,12,10)
455:(66,2,5,38,2,12,10)
456:(68,2,4,38,2,12,10)
457:(66,2,4,38,2,12,10)
458:(68,2,5,39,1,11,10)
459:(66,2,6,39,1,11,10)
460:(67,2,6,39,1,11,10)
461:(65,2,5,39,1,11,10)
462:(65,2,6,39,1,11,10)
463:(67,2,4,39,1,11,10)
464:(65,2,4,39,1,11,10)
465:(67,2,4,39,2,11,9)
466:(65,2,4,39,2,11,9)
467:(65,2,5,39,2,11,9)
468:(67,2,4,39,3,11,8)
469:(65,2,4,39,3,11,8)
470:(65,2,5,39,3,11,8)
471:(68,2,3,39,3,11,8)
472:(66,2,3,39,3,11,8)
473:(69,2,2,39,3,11,8)
474:(65,2,2,39,3,11,8)
475:(65,2,3,39,3,11,8)
476:(67,2,3,40,2,10,8)
477:(65,2,3,40,2,10,8)
478:(66,2,4,40,2,10,8)
479:(64,2,5,40,2,10,8)
480:(65,2,5,40,2,10,8)
481:(63,2,4,40,2,10,8)
482:(63,2,5,40,2,10,8)
483:(65,2,5,41,1,9,8)
484:(63,2,5,41,1,9,8)
485:(63,2,6,41,1,9,8)
486:(65,2,6,42,0,8,8)
487:(63,2,6,42,0,8,8)
488:(63,2,7,42,0,8,8)
489:(65,2,6,42,1,8,7)
490:(63,2,6,42,1,8,7)
491:(63,2,7,42,1,8,7)
492:(65,2,7,43,0,7,7)
493:(63,2,7,43,0,7,7)
494:(63,2,8,43,0,7,7)
495:(66,2,6,43,0,7,7)
496:(64,2,6,43,0,7,7)
497:(66,2,5,43,0,7,7)
498:(64,2,5,43,0,7,7)
499:(66,2,5,43,1,7,6)
500:(64,2,5,43,1,7,6)
501:(64,2,6,43,1,7,6)
502:(67,2,4,43,1,7,6)
503:(63,2,4,43,1,7,6)
504:(63,2,5,43,1,7,6)
505:(65,2,5,44,0,6,6)
506:(63,2,5,44,0,6,6)
507:(63,2,6,44,0,6,6)
508:(65,2,5,44,1,6,5)
509:(63,2,5,44,1,6,5)
510:(63,2,6,44,1,6,5)
511:(65,2,6,45,0,5,5)
512:(63,2,7,45,0,5,5)
513:(64,2,7,45,0,5,5)
514:(62,2,6,45,0,5,5)
515:(62,2,7,45,0,5,5)
516:(64,2,5,45,0,5,5)
517:(61,2,6,45,0,5,5)
518:(60,2,5,45,0,5,5)
519:(60,2,6,45,0,5,5)
520:(62,2,4,45,0,5,5)
521:(60,2,4,45,0,5,5)
522:(62,2,4,45,1,5,4)
523:(60,2,4,45,1,5,4)
524:(60,2,5,45,1,5,4)
525:(62,2,5,46,0,4,4)
526:(60,2,5,46,0,4,4)
527:(60,2,6,46,0,4,4)
528:(63,2,4,46,0,4,4)
529:(59,2,4,46,0,4,4)
530:(59,2,5,46,0,4,4)
531:(61,2,4,46,1,4,3)
532:(59,2,4,46,1,4,3)
533:(59,2,5,46,1,4,3)
534:(61,2,5,47,0,3,3)
535:(59,2,5,47,0,3,3)
536:(59,2,6,47,0,3,3)
537:(61,2,4,47,0,3,3)
538:(58,2,5,47,0,3,3)
539:(57,2,5,47,0,3,3)
540:(56,2,5,47,0,3,3)
541:(55,2,5,47,0,3,3)
542:(54,2,4,47,0,3,3)
543:(54,2,5,47,0,3,3)
544:(56,2,4,47,1,3,2)
545:(54,2,4,47,1,3,2)
546:(54,2,5,47,1,3,2)
547:(56,2,4,47,2,3,1)
548:(54,2,4,47,2,3,1)
549:(54,2,5,47,2,3,1)
550:(56,2,5,48,1,2,1)
551:(54,2,5,48,1,2,1)
552:(54,2,6,48,1,2,1)
553:(56,2,6,49,0,1,1)
554:(54,2,6,49,0,1,1)
555:(54,2,7,49,0,1,1)
556:(57,2,5,49,0,1,1)
557:(53,2,6,49,0,1,1)
558:(52,2,6,49,0,1,1)
559:(51,2,6,49,0,1,1)
560:(50,2,6,49,0,1,1)
561:(49,2,5,49,0,1,1)
562:(49,2,6,49,0,1,1)
563:(51,2,4,49,0,1,1)
564:(49,2,4,49,0,1,1)
565:(51,2,3,49,0,1,1)
566:(49,2,3,49,0,1,1)
567:(52,2,2,49,0,1,1)
568:(49,2,2,49,0,1,1)
569:(51,2,2,49,1,1,0)
570:(49,2,2,49,1,1,0)
571:(49,2,3,49,1,1,0)
572:(51,2,3,50,0,0,0)
573:(49,2,3,50,0,0,0)
574:(49,2,4,50,0,0,0)
575:(51,2,2,50,0,0,0)
576:(49,2,2,50,0,0,0)
577:(51,2,1,50,0,0,0)
578:(49,2,1,50,0,0,0)
579:(51,2,0,50,0,0,0)
580:(49,2,0,50,0,0,0)
581:(76,2,13,1,33,49,16)
582:(75,2,14,1,33,49,16)
583:(76,2,14,2,32,48,16)
584:(75,2,15,2,32,48,16)
585:(76,2,15,3,31,47,16)
586:(75,2,16,3,31,47,16)
587:(76,2,16,4,30,46,16)
588:(75,2,17,4,30,46,16)
589:(76,2,17,5,29,45,16)
590:(75,2,18,5,29,45,16)
591:(76,2,18,6,28,44,16)
592:(75,2,19,6,28,44,16)
593:(76,2,19,7,27,43,16)
594:(75,2,20,7,27,43,16)
595:(76,2,20,8,26,42,16)
596:(75,2,21,8,26,42,16)
597:(76,2,21,9,25,41,16)
598:(75,2,22,9,25,41,16)
599:(76,2,22,10,24,40,16)
600:(75,2,23,10,24,40,16)
601:(76,2,23,11,23,39,16)
602:(75,2,24,11,23,39,16)
603:(76,2,24,12,22,38,16)
604:(75,2,25,12,22,38,16)
605:(76,2,25,13,21,37,16)
606:(75,2,26,13,21,37,16)
607:(76,2,26,14,20,36,16)
608:(75,2,27,14,20,36,16)
609:(76,2,27,15,19,35,16)
610:(75,2,28,15,19,35,16)
611:(76,2,28,16,18,34,16)
612:(75,2,29,16,18,34,16)
613:(76,2,29,17,17,33,16)
614:(75,2,30,17,17,33,16)
615:(76,2,30,18,16,32,16)
616:(75,2,31,18,16,32,16)
617:(76,2,31,19,15,31,16)
618:(75,2,32,19,15,31,16)
619:(76,2,32,20,14,30,16)
620:(75,2,33,20,14,30,16)
621:(76,2,33,21,13,29,16)
622:(75,2,34,21,13,29,16)
623:(76,2,34,22,12,28,16)
624:(75,2,35,22,12,28,16)
625:(76,2,35,23,11,27,16)
626:(75,2,36,23,11,27,16)
627:(76,2,36,24,10,26,16)
628:(75,2,37,24,10,26,16)
629:(76,2,37,25,9,25,16)
630:(75,2,38,25,9,25,16)
631:(76,2,38,26,8,24,16)
632:(75,2,39,26,8,24,16)
633:(76,2,39,27,7,23,16)
634:(75,2,40,27,7,23,16)
635:(76,2,40,28,6,22,16)
636:(75,2,41,28,6,22,16)
637:(77,2,39,28,6,22,16)
638:(78,2,38,28,6,22,16)
639:(79,2,37,28,6,22,16)
640:(80,2,36,28,6,22,16)
641:(81,2,35,28,6,22,16)
642:(81,2,34,28,6,22,16)
643:(81,2,33,28,6,22,16)
644:(81,2,32,28,6,22,16)
645:(82,2,31,28,6,22,16)
646:(83,2,30,28,6,22,16)
647:(83,2,29,28,6,22,16)
648:(83,2,30,29,5,21,16)
649:(82,2,31,29,5,21,16)
650:(83,2,29,29,5,21,16)
651:(83,2,28,29,5,21,16)
652:(83,2,27,29,5,21,16)
653:(81,2,26,29,5,21,16)
654:(77,2,25,29,5,21,16)
655:(77,2,24,29,5,21,16)
656:(78,2,23,29,5,21,16)
657:(79,2,22,29,5,21,16)
658:(79,2,23,30,4,20,16)
659:(78,2,24,30,4,20,16)
660:(79,2,22,30,4,20,16)
661:(79,2,21,30,4,20,16)
662:(79,2,20,30,4,20,16)
663:(82,2,18,30,4,20,16)
664:(81,2,19,30,4,20,16)
665:(82,2,19,31,3,19,16)
666:(81,2,20,31,3,19,16)
667:(83,2,18,31,3,19,16)
668:(83,2,19,32,2,18,16)
669:(82,2,20,32,2,18,16)
670:(83,2,20,33,1,17,16)
671:(82,2,21,33,1,17,16)
672:(83,2,20,33,2,17,15)
673:(82,2,21,33,2,17,15)
674:(84,2,19,33,2,17,15)
675:(85,2,18,33,2,17,15)
676:(85,2,19,34,1,16,15)
677:(84,2,20,34,1,16,15)
678:(86,2,18,34,1,16,15)
679:(85,2,17,34,1,16,15)
680:(85,2,17,34,2,16,14)
681:(84,2,18,34,2,16,14)
682:(85,2,18,35,1,15,14)
683:(84,2,19,35,1,15,14)
684:(86,2,17,35,1,15,14)
685:(86,2,18,36,0,14,14)
686:(85,2,19,36,0,14,14)
687:(86,2,17,36,0,14,14)
688:(85,2,16,36,0,14,14)
689:(85,2,15,36,0,14,14)
690:(84,2,14,36,0,14,14)
691:(79,2,15,35,0,15,15)
692:(78,2,16,35,0,15,15)
693:(79,2,14,35,0,15,15)
694:(79,2,14,35,1,15,14)
695:(78,2,15,35,1,15,14)
696:(79,2,13,35,1,15,14)
697:(79,2,12,35,1,15,14)
698:(79,2,11,35,1,15,14)
699:(79,2,10,35,1,15,14)
700:(79,2,11,36,0,14,14)
701:(78,2,12,36,0,14,14)
702:(79,2,10,36,0,14,14)
703:(80,2,9,36,0,14,14)
704:(80,2,9,36,1,14,13)
705:(79,2,10,36,1,14,13)
706:(80,2,10,37,0,13,13)
707:(79,2,11,37,0,13,13)
708:(77,2,9,37,0,13,13)
709:(77,2,8,37,0,13,13)
710:(77,2,7,37,0,13,13)
711:(77,2,7,37,1,13,12)
712:(76,2,8,37,1,13,12)
713:(77,2,6,37,1,13,12)
714:(77,2,7,38,0,12,12)
715:(76,2,8,38,0,12,12)
716:(72,2,7,38,1,12,11)
717:(71,2,8,38,1,12,11)
718:(72,2,6,38,1,12,11)
719:(69,2,6,38,2,12,10)
720:(68,2,7,38,2,12,10)
721:(69,2,5,38,2,12,10)
722:(69,2,4,38,2,12,10)
723:(69,2,5,39,1,11,10)
724:(68,2,6,39,1,11,10)
725:(68,2,4,39,1,11,10)
726:(68,2,4,39,2,11,9)
727:(67,2,5,39,2,11,9)
728:(68,2,4,39,3,11,8)
729:(67,2,5,39,3,11,8)
730:(69,2,3,39,3,11,8)
731:(70,2,2,39,3,11,8)
732:(68,2,3,40,2,10,8)
733:(67,2,4,40,2,10,8)
734:(66,2,5,40,2,10,8)
735:(66,2,5,41,1,9,8)
736:(65,2,6,41,1,9,8)
737:(66,2,6,42,0,8,8)
738:(65,2,7,42,0,8,8)
739:(66,2,6,42,1,8,7)
740:(65,2,7,42,1,8,7)
741:(66,2,7,43,0,7,7)
742:(65,2,8,43,0,7,7)
743:(67,2,6,43,0,7,7)
744:(67,2,5,43,0,7,7)
745:(67,2,5,43,1,7,6)
746:(66,2,6,43,1,7,6)
747:(68,2,4,43,1,7,6)
748:(66,2,5,44,0,6,6)
749:(65,2,6,44,0,6,6)
750:(66,2,5,44,1,6,5)
751:(65,2,6,44,1,6,5)
752:(66,2,6,45,0,5,5)
753:(65,2,7,45,0,5,5)
754:(65,2,5,45,0,5,5)
755:(63,2,4,45,0,5,5)
756:(63,2,4,45,1,5,4)
757:(62,2,5,45,1,5,4)
758:(63,2,5,46,0,4,4)
759:(62,2,6,46,0,4,4)
760:(64,2,4,46,0,4,4)
761:(62,2,4,46,1,4,3)
762:(61,2,5,46,1,4,3)
763:(62,2,5,47,0,3,3)
764:(61,2,6,47,0,3,3)
765:(62,2,4,47,0,3,3)
766:(57,2,4,47,1,3,2)
767:(56,2,5,47,1,3,2)
768:(57,2,4,47,2,3,1)
769:(56,2,5,47,2,3,1)
770:(57,2,5,48,1,2,1)
771:(56,2,6,48,1,2,1)
772:(57,2,6,49,0,1,1)
773:(56,2,7,49,0,1,1)
774:(58,2,5,49,0,1,1)
775:(52,2,4,49,0,1,1)
776:(52,2,3,49,0,1,1)
777:(53,2,2,49,0,1,1)
778:(52,2,2,49,1,1,0)
779:(51,2,3,49,1,1,0)
780:(52,2,3,50,0,0,0)
781:(51,2,4,50,0,0,0)
782:(52,2,2,50,0,0,0)
783:(52,2,1,50,0,0,0)
784:(52,2,0,50,0,0,0)
785:(76,2,12,0,34,50,16)
786:(75,2,13,0,34,50,16)
787:(79,2,29,29,5,21,16)
788:(77,2,28,29,5,21,16)
789:(80,2,17,36,0,14,14)
790:(68,2,8,38,1,12,11)
791:(61,2,7,45,0,5,5)
792:(58,2,6,47,0,3,3)
793:(53,2,7,49,0,1,1)
794:(72,2,13,1,33,49,16)
795:(72,2,14,1,33,49,16)
796:(72,2,14,2,32,48,16)
797:(72,2,15,2,32,48,16)
798:(72,2,15,3,31,47,16)
799:(72,2,16,3,31,47,16)
800:(72,2,16,4,30,46,16)
801:(72,2,17,4,30,46,16)
802:(72,2,17,5,29,45,16)
803:(72,2,18,5,29,45,16)
804:(72,2,18,6,28,44,16)
805:(72,2,19,6,28,44,16)
806:(72,2,19,7,27,43,16)
807:(72,2,20,7,27,43,16)
808:(72,2,20,8,26,42,16)
809:(72,2,21,8,26,42,16)
810:(72,2,21,9,25,41,16)
811:(72,2,22,9,25,41,16)
812:(72,2,22,10,24,40,16)
813:(72,2,23,10,24,40,16)
814:(72,2,23,11,23,39,16)
815:(72,2,24,11,23,39,16)
816:(72,2,24,12,22,38,16)
817:(72,2,25,12,22,38,16)
818:(72,2,25,13,21,37,16)
819:(72,2,26,13,21,37,16)
820:(72,2,26,14,20,36,16)
821:(72,2,27,14,20,36,16)
822:(72,2,27,15,19,35,16)
823:(72,2,28,15,19,35,16)
824:(72,2,28,16,18,34,16)
825:(72,2,29,16,18,34,16)
826:(72,2,29,17,17,33,16)
827:(72,2,30,17,17,33,16)
828:(72,2,30,18,16,32,16)
829:(72,2,31,18,16,32,16)
830:(72,2,31,19,15,31,16)
831:(72,2,32,19,15,31,16)
832:(72,2,32,20,14,30,16)
833:(72,2,33,20,14,30,16)
834:(72,2,33,21,13,29,16)
835:(72,2,34,21,13,29,16)
836:(72,2,34,22,12,28,16)
837:(72,2,35,22,12,28,16)
838:(72,2,35,23,11,27,16)
839:(72,2,36,23,11,27,16)
840:(72,2,36,24,10,26,16)
841:(72,2,37,24,10,26,16)
842:(72,2,37,25,9,25,16)
843:(72,2,38,25,9,25,16)
844:(72,2,38,26,8,24,16)
845:(72,2,39,26,8,24,16)
846:(72,2,39,27,7,23,16)
847:(72,2,40,27,7,23,16)
848:(72,2,40,28,6,22,16)
849:(72,2,41,28,6,22,16)
850:(73,2,39,28,6,22,16)
851:(74,2,38,28,6,22,16)
852:(75,2,37,28,6,22,16)
853:(76,2,36,28,6,22,16)
854:(77,2,35,28,6,22,16)
855:(77,2,34,28,6,22,16)
856:(77,2,33,28,6,22,16)
857:(77,2,32,28,6,22,16)
858:(78,2,31,28,6,22,16)
859:(79,2,30,28,6,22,16)
860:(79,2,29,28,6,22,16)
861:(79,2,30,29,5,21,16)
862:(79,2,31,29,5,21,16)
863:(73,2,26,29,5,21,16)
864:(73,2,27,29,5,21,16)
865:(73,2,25,29,5,21,16)
866:(73,2,24,29,5,21,16)
867:(74,2,23,29,5,21,16)
868:(75,2,22,29,5,21,16)
869:(75,2,23,30,4,20,16)
870:(75,2,24,30,4,20,16)
871:(75,2,22,30,4,20,16)
872:(75,2,21,30,4,20,16)
873:(75,2,20,30,4,20,16)
874:(76,2,19,30,4,20,16)
875:(77,2,18,30,4,20,16)
876:(78,2,19,31,3,19,16)
877:(78,2,20,31,3,19,16)
878:(79,2,18,31,3,19,16)
879:(79,2,19,32,2,18,16)
880:(79,2,20,32,2,18,16)
881:(79,2,20,33,1,17,16)
882:(79,2,21,33,1,17,16)
883:(79,2,20,33,2,17,15)
884:(79,2,21,33,2,17,15)
885:(80,2,19,33,2,17,15)
886:(81,2,18,33,2,17,15)
887:(81,2,19,34,1,16,15)
888:(81,2,20,34,1,16,15)
889:(81,2,18,34,1,16,15)
890:(81,2,17,34,1,16,15)
891:(81,2,17,34,2,16,14)
892:(81,2,18,34,2,16,14)
893:(80,2,18,35,1,15,14)
894:(80,2,19,35,1,15,14)
895:(81,2,17,35,1,15,14)
896:(82,2,19,36,0,14,14)
897:(81,2,18,36,0,14,14)
898:(79,2,14,36,0,14,14)
899:(75,2,15,36,0,14,14)
900:(75,2,16,36,0,14,14)
901:(75,2,15,35,0,15,15)
902:(75,2,16,35,0,15,15)
903:(75,2,14,35,0,15,15)
904:(75,2,14,35,1,15,14)
905:(75,2,15,35,1,15,14)
906:(75,2,13,35,1,15,14)
907:(75,2,12,35,1,15,14)
908:(75,2,11,35,1,15,14)
909:(75,2,10,35,1,15,14)
910:(75,2,11,36,0,14,14)
911:(75,2,12,36,0,14,14)
912:(75,2,10,36,0,14,14)
913:(76,2,9,36,0,14,14)
914:(76,2,9,36,1,14,13)
915:(76,2,10,36,1,14,13)
916:(73,2,10,37,0,13,13)
917:(73,2,11,37,0,13,13)
918:(73,2,9,37,0,13,13)
919:(73,2,8,37,0,13,13)
920:(73,2,7,37,0,13,13)
921:(73,2,7,37,1,13,12)
922:(73,2,8,37,1,13,12)
923:(73,2,6,37,1,13,12)
924:(68,2,7,38,0,12,12)
925:(68,2,8,38,0,12,12)
926:(65,2,6,38,1,12,11)
927:(65,2,7,38,1,12,11)
928:(65,2,6,38,2,12,10)
929:(65,2,7,38,2,12,10)
930:(65,2,5,38,2,12,10)
931:(65,2,4,38,2,12,10)
932:(64,2,5,39,1,11,10)
933:(64,2,6,39,1,11,10)
934:(64,2,4,39,1,11,10)
935:(64,2,4,39,2,11,9)
936:(64,2,5,39,2,11,9)
937:(64,2,4,39,3,11,8)
938:(64,2,5,39,3,11,8)
939:(64,2,2,39,3,11,8)
940:(64,2,3,39,3,11,8)
941:(64,2,3,40,2,10,8)
942:(62,2,4,40,2,10,8)
943:(62,2,5,40,2,10,8)
944:(62,2,5,41,1,9,8)
945:(62,2,6,41,1,9,8)
946:(62,2,6,42,0,8,8)
947:(62,2,7,42,0,8,8)
948:(62,2,6,42,1,8,7)
949:(62,2,7,42,1,8,7)
950:(62,2,7,43,0,7,7)
951:(62,2,8,43,0,7,7)
952:(63,2,6,43,0,7,7)
953:(63,2,5,43,0,7,7)
954:(63,2,6,43,1,7,6)
955:(62,2,4,43,1,7,6)
956:(62,2,5,43,1,7,6)
957:(62,2,5,44,0,6,6)
958:(62,2,6,44,0,6,6)
959:(62,2,5,44,1,6,5)
960:(62,2,6,44,1,6,5)
961:(59,2,5,45,0,5,5)
962:(59,2,6,45,0,5,5)
963:(59,2,4,45,0,5,5)
964:(59,2,4,45,1,5,4)
965:(59,2,5,45,1,5,4)
966:(59,2,6,46,0,4,4)
967:(58,2,4,46,0,4,4)
968:(58,2,5,46,0,4,4)
969:(58,2,4,46,1,4,3)
970:(58,2,5,46,1,4,3)
971:(53,2,4,47,0,3,3)
972:(53,2,5,47,0,3,3)
973:(53,2,4,47,1,3,2)
974:(53,2,5,47,1,3,2)
975:(53,2,4,47,2,3,1)
976:(53,2,5,47,2,3,1)
977:(53,2,5,48,1,2,1)
978:(53,2,6,48,1,2,1)
979:(48,2,5,49,0,1,1)
980:(48,2,6,49,0,1,1)
981:(48,2,4,49,0,1,1)
982:(48,2,3,49,0,1,1)
983:(48,2,2,49,0,1,1)
984:(48,2,2,49,1,1,0)
985:(48,2,3,49,1,1,0)
986:(48,2,3,50,0,0,0)
987:(48,2,4,50,0,0,0)
988:(48,2,2,50,0,0,0)
989:(48,2,1,50,0,0,0)
990:(48,2,0,50,0,0,0)
991:(72,2,12,0,34,50,16)
992:(72,2,13,0,34,50,16)
993:(-1,-1,-1,-1,-1,-1,-1)