(codY,flache,SigD_hag,hag,CodY_flache,CodY_hag,CodY,SigD,Hag)
0:(1,1,1,1,1,1,10,10,10) [ 2.8060000000000005 ]
1:(1,1,1,1,1,1,11,10,10) [ 2.8362000000000003 ]
2:(1,1,1,1,1,1,12,10,10) [ 2.8664000000000005 ]
3:(1,1,1,1,1,1,13,10,10) [ 2.8966000000000003 ]
4:(1,1,1,1,1,1,14,10,10) [ 2.9268000000000005 ]
5:(1,1,1,1,1,1,15,10,10) [ 2.957 ]
6:(1,1,1,1,1,1,16,10,10) [ 2.9872 ]
7:(1,1,1,1,1,1,17,10,10) [ 3.0174 ]
8:(1,1,1,1,1,1,18,10,10) [ 3.0476 ]
9:(1,1,1,1,1,1,19,10,10) [ 3.0778000000000003 ]
10:(1,1,1,1,1,1,20,10,10) [ 2.8080000000000003 TARGET ]
11:(1,1,1,1,1,1,20,11,10) [ 2.8181999999999996 TARGET ]
12:(1,1,1,1,1,1,20,9,10) [ 2.7977999999999996 TARGET ]
13:(1,1,0,2,1,1,20,11,11) [ 2.0284 TARGET ]
14:(1,1,1,1,1,1,20,10,9) [ 2.8078000000000003 TARGET ]
15:(1,1,2,0,1,1,20,9,10) [ 3.6077999999999997 TARGET ]
16:(1,1,0,2,1,1,20,11,10) [ 2.0282 TARGET ]
17:(1,1,1,1,1,1,19,11,10) [ 3.0879999999999996 ]
18:(1,1,1,1,1,1,19,9,10) [ 3.0675999999999997 ]
19:(1,1,0,2,1,1,19,11,11) [ 2.2882000000000002 ]
20:(1,1,1,1,1,1,19,10,9) [ 3.0776000000000003 ]
21:(1,1,2,0,1,1,19,9,10) [ 3.8876 ]
22:(1,1,0,2,1,1,19,11,10) [ 2.2880000000000003 ]
23:(1,0,1,1,2,1,18,10,10) [ 1.7876 ]
24:(1,1,1,0,1,2,18,10,10) [ 2.8676 ]
25:(1,1,1,1,1,1,18,11,10) [ 3.0578 ]
26:(1,1,1,1,1,1,18,9,10) [ 3.0374 ]
27:(1,1,0,2,1,1,18,11,11) [ 2.2479999999999998 ]
28:(1,1,1,1,1,1,18,10,9) [ 3.0474 ]
29:(1,1,2,0,1,1,18,9,10) [ 3.8674 ]
30:(1,1,0,2,1,1,18,11,10) [ 2.2478 ]
31:(1,0,1,1,2,1,17,10,10) [ 1.7774 ]
32:(1,1,1,0,1,2,17,10,10) [ 2.8474 ]
33:(1,1,1,1,1,1,17,11,10) [ 3.0275999999999996 ]
34:(1,1,1,1,1,1,17,9,10) [ 3.0071999999999997 ]
35:(1,1,0,2,1,1,17,11,11) [ 2.2078 ]
36:(1,1,1,1,1,1,17,10,9) [ 3.0172 ]
37:(1,1,2,0,1,1,17,9,10) [ 3.8472 ]
38:(1,1,0,2,1,1,17,11,10) [ 2.2076000000000002 ]
39:(1,0,1,1,2,1,16,10,10) [ 1.7672 ]
40:(1,1,1,0,1,2,16,10,10) [ 2.8272 ]
41:(1,1,1,1,1,1,16,11,10) [ 2.9974 ]
42:(1,1,1,1,1,1,16,9,10) [ 2.977 ]
43:(1,1,0,2,1,1,16,11,11) [ 2.1676 ]
44:(1,1,1,1,1,1,16,10,9) [ 2.987 ]
45:(1,1,2,0,1,1,16,9,10) [ 3.827 ]
46:(1,1,0,2,1,1,16,11,10) [ 2.1674 ]
47:(1,0,1,1,2,1,15,10,10) [ 1.7570000000000001 ]
48:(1,1,1,0,1,2,15,10,10) [ 2.807 ]
49:(1,1,1,1,1,1,15,11,10) [ 2.9671999999999996 ]
50:(1,1,1,1,1,1,15,9,10) [ 2.9467999999999996 ]
51:(1,1,0,2,1,1,15,11,11) [ 2.1274 ]
52:(1,1,1,1,1,1,15,10,9) [ 2.9568 ]
53:(1,1,2,0,1,1,15,9,10) [ 3.8068 ]
54:(1,1,0,2,1,1,15,11,10) [ 2.1272 ]
55:(1,0,1,1,2,1,14,10,10) [ 1.7468000000000004 ]
56:(1,1,1,0,1,2,14,10,10) [ 2.7868 ]
57:(1,1,1,1,1,1,14,11,10) [ 2.937 ]
58:(1,1,1,1,1,1,14,9,10) [ 2.9166000000000003 ]
59:(1,1,0,2,1,1,14,11,11) [ 2.0872 ]
60:(1,1,1,1,1,1,14,10,9) [ 2.9266 ]
61:(1,1,2,0,1,1,14,9,10) [ 3.7866 ]
62:(1,1,0,2,1,1,14,11,10) [ 2.087 ]
63:(1,0,1,1,2,1,13,10,10) [ 1.7366000000000001 ]
64:(1,1,1,0,1,2,13,10,10) [ 2.7666 ]
65:(1,1,1,1,1,1,13,11,10) [ 2.9067999999999996 ]
66:(1,1,1,1,1,1,13,9,10) [ 2.8864 ]
67:(1,1,0,2,1,1,13,11,11) [ 2.047 ]
68:(1,1,1,1,1,1,13,10,9) [ 2.8964 ]
69:(1,1,2,0,1,1,13,9,10) [ 3.7664 ]
70:(1,1,0,2,1,1,13,11,10) [ 2.0468 ]
71:(1,0,1,1,2,1,12,10,10) [ 1.7264000000000004 ]
72:(1,1,1,0,1,2,12,10,10) [ 2.7464 ]
73:(1,1,1,1,1,1,12,11,10) [ 2.8766 ]
74:(1,1,1,1,1,1,12,9,10) [ 2.8562000000000003 ]
75:(1,1,0,2,1,1,12,11,11) [ 2.0068 ]
76:(1,1,1,1,1,1,12,10,9) [ 2.8662 ]
77:(1,1,2,0,1,1,12,9,10) [ 3.7462 ]
78:(1,1,0,2,1,1,12,11,10) [ 2.0066 ]
79:(1,0,1,1,2,1,11,10,10) [ 1.7162000000000004 ]
80:(1,1,1,0,1,2,11,10,10) [ 2.7262000000000004 ]
81:(1,1,1,1,1,1,11,11,10) [ 2.8464 ]
82:(1,1,1,1,1,1,11,9,10) [ 2.826 ]
83:(1,1,0,2,1,1,11,11,11) [ 1.9666000000000001 ]
84:(1,1,1,1,1,1,11,10,9) [ 2.8360000000000003 ]
85:(1,1,2,0,1,1,11,9,10) [ 3.7260000000000004 ]
86:(1,1,0,2,1,1,11,11,10) [ 1.9664000000000001 ]
87:(1,0,1,1,2,1,10,10,10) [ 1.7060000000000004 ]
88:(1,1,1,0,1,2,10,10,10) [ 2.7060000000000004 ]
89:(1,1,1,1,1,1,9,10,10) [ 2.7758 ]
90:(1,1,1,1,1,1,10,11,10) [ 2.8162000000000003 ]
91:(1,1,1,1,1,1,10,9,10) [ 2.7958000000000003 ]
92:(1,1,0,2,1,1,10,11,11) [ 1.9264000000000001 ]
93:(1,1,1,1,1,1,10,10,9) [ 2.8058000000000005 ]
94:(1,1,2,0,1,1,10,9,10) [ 3.7058000000000004 ]
95:(1,1,0,2,1,1,10,11,10) [ 1.9262000000000001 ]
96:(1,0,1,1,2,1,9,10,10) [ 1.6958000000000004 ]
97:(1,1,1,0,1,2,9,10,10) [ 2.6858 ]
98:(1,2,1,1,0,1,19,10,10) [ 4.3578 ]
99:(1,1,1,2,1,0,19,10,10) [ 3.2678000000000003 ]
100:(1,2,1,1,0,1,18,10,10) [ 4.307599999999999 ]
101:(1,1,1,2,1,0,18,10,10) [ 3.2276 ]
102:(1,2,1,1,0,1,17,10,10) [ 4.2574 ]
103:(1,1,1,2,1,0,17,10,10) [ 3.1874 ]
104:(1,2,1,1,0,1,16,10,10) [ 4.207199999999999 ]
105:(1,1,1,2,1,0,16,10,10) [ 3.1471999999999998 ]
106:(1,2,1,1,0,1,15,10,10) [ 4.157 ]
107:(1,1,1,2,1,0,15,10,10) [ 3.1069999999999998 ]
108:(1,2,1,1,0,1,14,10,10) [ 4.1068 ]
109:(1,1,1,2,1,0,14,10,10) [ 3.0667999999999997 ]
110:(1,2,1,1,0,1,13,10,10) [ 4.0565999999999995 ]
111:(1,1,1,2,1,0,13,10,10) [ 3.0266 ]
112:(1,2,1,1,0,1,12,10,10) [ 4.006399999999999 ]
113:(1,1,1,2,1,0,12,10,10) [ 2.9863999999999997 ]
114:(1,2,1,1,0,1,11,10,10) [ 3.9561999999999995 ]
115:(1,1,1,2,1,0,11,10,10) [ 2.9462000000000006 ]
116:(1,1,1,1,1,1,8,10,10) [ 2.7456000000000005 ]
117:(1,1,1,1,1,1,9,11,10) [ 2.786 ]
118:(1,1,1,1,1,1,9,9,10) [ 2.7656 ]
119:(1,1,0,2,1,1,9,11,11) [ 1.8861999999999999 ]
120:(1,1,1,1,1,1,9,10,9) [ 2.7756 ]
121:(1,1,2,0,1,1,9,9,10) [ 3.6856000000000004 ]
122:(1,1,0,2,1,1,9,11,10) [ 1.886 ]
123:(1,0,1,1,2,1,8,10,10) [ 1.6856000000000002 ]
124:(1,2,1,1,0,1,10,10,10) [ 3.9059999999999997 ]
125:(1,1,1,0,1,2,8,10,10) [ 2.6656000000000004 ]
126:(1,1,1,2,1,0,10,10,10) [ 2.9060000000000006 ]
127:(1,1,1,1,1,1,7,10,10) [ 2.7154 ]
128:(1,1,1,1,1,1,8,11,10) [ 2.7558 ]
129:(1,1,1,1,1,1,8,9,10) [ 2.7354 ]
130:(1,1,0,2,1,1,8,11,11) [ 1.8459999999999999 ]
131:(1,1,1,1,1,1,8,10,9) [ 2.7454000000000005 ]
132:(1,1,2,0,1,1,8,9,10) [ 3.6654 ]
133:(1,1,0,2,1,1,8,11,10) [ 1.8457999999999999 ]
134:(1,0,1,1,2,1,7,10,10) [ 1.6754000000000002 ]
135:(1,2,1,1,0,1,9,10,10) [ 3.8557999999999995 ]
136:(1,1,1,0,1,2,7,10,10) [ 2.6454 ]
137:(1,1,1,2,1,0,9,10,10) [ 2.8658 ]
138:(1,1,1,1,1,1,17,12,10) [ 3.0378 ]
139:(1,1,0,2,1,1,17,12,11) [ 2.228 ]
140:(1,1,1,1,1,1,17,11,9) [ 3.0273999999999996 ]
141:(1,1,2,0,1,1,17,10,10) [ 3.8474 ]
142:(1,1,0,2,1,1,17,12,10) [ 2.2278000000000002 ]
143:(1,0,1,1,2,1,16,11,10) [ 1.7774 ]
144:(1,2,1,1,0,1,18,11,10) [ 4.317799999999999 ]
145:(1,1,1,0,1,2,16,11,10) [ 2.8274 ]
146:(1,1,1,2,1,0,18,11,10) [ 3.2478 ]
147:(1,1,1,1,1,1,16,12,10) [ 3.0076 ]
148:(1,1,0,2,1,1,16,12,11) [ 2.1878 ]
149:(1,1,1,1,1,1,16,11,9) [ 2.9972 ]
150:(1,1,2,0,1,1,16,10,10) [ 3.8272 ]
151:(1,1,0,2,1,1,16,12,10) [ 2.1876 ]
152:(1,0,1,1,2,1,15,11,10) [ 1.7672 ]
153:(1,2,1,1,0,1,17,11,10) [ 4.2676 ]
154:(1,1,1,0,1,2,15,11,10) [ 2.8072 ]
155:(1,1,1,2,1,0,17,11,10) [ 3.2076 ]
156:(1,1,1,1,1,1,15,12,10) [ 2.9774 ]
157:(1,1,0,2,1,1,15,12,11) [ 2.1476 ]
158:(1,1,1,1,1,1,15,11,9) [ 2.9669999999999996 ]
159:(1,1,2,0,1,1,15,10,10) [ 3.807 ]
160:(1,1,0,2,1,1,15,12,10) [ 2.1474 ]
161:(1,0,1,1,2,1,14,11,10) [ 1.7570000000000001 ]
162:(1,2,1,1,0,1,16,11,10) [ 4.2174 ]
163:(1,1,1,0,1,2,14,11,10) [ 2.7870000000000004 ]
164:(1,1,1,2,1,0,16,11,10) [ 3.1673999999999998 ]
165:(1,1,1,1,1,1,14,12,10) [ 2.9472 ]
166:(1,1,0,2,1,1,14,12,11) [ 2.1074 ]
167:(1,1,1,1,1,1,14,11,9) [ 2.9368000000000003 ]
168:(1,1,2,0,1,1,14,10,10) [ 3.7868000000000004 ]
169:(1,1,0,2,1,1,14,12,10) [ 2.1072 ]
170:(1,0,1,1,2,1,13,11,10) [ 1.7468000000000004 ]
171:(1,2,1,1,0,1,15,11,10) [ 4.1672 ]
172:(1,1,1,0,1,2,13,11,10) [ 2.7668000000000004 ]
173:(1,1,1,2,1,0,15,11,10) [ 3.1271999999999998 ]
174:(1,1,1,1,1,1,13,12,10) [ 2.917 ]
175:(1,1,0,2,1,1,13,12,11) [ 2.0672 ]
176:(1,1,1,1,1,1,13,11,9) [ 2.9066 ]
177:(1,1,2,0,1,1,13,10,10) [ 3.7666000000000004 ]
178:(1,1,0,2,1,1,13,12,10) [ 2.067 ]
179:(1,0,1,1,2,1,12,11,10) [ 1.7366000000000001 ]
180:(1,2,1,1,0,1,14,11,10) [ 4.117 ]
181:(1,1,1,0,1,2,12,11,10) [ 2.7466000000000004 ]
182:(1,1,1,2,1,0,14,11,10) [ 3.0869999999999997 ]
183:(1,1,1,1,1,1,12,12,10) [ 2.8868 ]
184:(1,1,0,2,1,1,12,12,11) [ 2.027 ]
185:(1,1,1,1,1,1,12,11,9) [ 2.8764000000000003 ]
186:(1,1,2,0,1,1,12,10,10) [ 3.7464000000000004 ]
187:(1,1,0,2,1,1,12,12,10) [ 2.0268 ]
188:(1,0,1,1,2,1,11,11,10) [ 1.7264000000000004 ]
189:(1,2,1,1,0,1,13,11,10) [ 4.0668 ]
190:(1,1,1,0,1,2,11,11,10) [ 2.7264000000000004 ]
191:(1,1,1,2,1,0,13,11,10) [ 3.0468 ]
192:(1,1,1,1,1,1,11,12,10) [ 2.8566000000000003 ]
193:(1,1,0,2,1,1,11,12,11) [ 1.9868000000000001 ]
194:(1,1,1,1,1,1,11,11,9) [ 2.8462 ]
195:(1,1,2,0,1,1,11,10,10) [ 3.7262000000000004 ]
196:(1,1,0,2,1,1,11,12,10) [ 1.9866000000000001 ]
197:(1,0,1,1,2,1,10,11,10) [ 1.7162000000000004 ]
198:(1,2,1,1,0,1,12,11,10) [ 4.0165999999999995 ]
199:(1,1,1,0,1,2,10,11,10) [ 2.7062000000000004 ]
200:(1,1,1,2,1,0,12,11,10) [ 3.0065999999999997 ]
201:(1,1,1,1,1,1,10,12,10) [ 2.8264000000000005 ]
202:(1,1,0,2,1,1,10,12,11) [ 1.9466 ]
203:(1,1,1,1,1,1,10,11,9) [ 2.8160000000000003 ]
204:(1,1,2,0,1,1,10,10,10) [ 3.7060000000000004 ]
205:(1,1,0,2,1,1,10,12,10) [ 1.9464000000000001 ]
206:(1,0,1,1,2,1,9,11,10) [ 1.7060000000000004 ]
207:(1,2,1,1,0,1,11,11,10) [ 3.9663999999999997 ]
208:(1,1,1,0,1,2,9,11,10) [ 2.6860000000000004 ]
209:(1,1,1,2,1,0,11,11,10) [ 2.9664000000000006 ]
210:(1,1,1,1,1,1,9,12,10) [ 2.7962 ]
211:(1,1,0,2,1,1,9,12,11) [ 1.9063999999999999 ]
212:(1,1,1,1,1,1,9,11,9) [ 2.7858 ]
213:(1,1,2,0,1,1,9,10,10) [ 3.6858 ]
214:(1,1,0,2,1,1,9,12,10) [ 1.9062 ]
215:(1,0,1,1,2,1,8,11,10) [ 1.6958000000000004 ]
216:(1,2,1,1,0,1,10,11,10) [ 3.9162 ]
217:(1,1,1,0,1,2,8,11,10) [ 2.6658 ]
218:(1,1,1,2,1,0,10,11,10) [ 2.9262000000000006 ]
219:(1,1,1,1,1,1,17,8,10) [ 2.997 ]
220:(1,1,0,2,1,1,17,10,11) [ 2.1876 ]
221:(1,1,1,1,1,1,17,9,9) [ 3.0069999999999997 ]
222:(1,1,2,0,1,1,17,8,10) [ 3.847 ]
223:(1,1,0,2,1,1,17,10,10) [ 2.1874000000000002 ]
224:(1,0,1,1,2,1,16,9,10) [ 1.7570000000000001 ]
225:(1,2,1,1,0,1,18,9,10) [ 4.297399999999999 ]
226:(1,1,1,0,1,2,16,9,10) [ 2.827 ]
227:(1,1,1,2,1,0,18,9,10) [ 3.2074 ]
228:(1,1,1,1,1,1,16,8,10) [ 2.9668 ]
229:(1,1,0,2,1,1,16,10,11) [ 2.1474 ]
230:(1,1,1,1,1,1,16,9,9) [ 2.9768 ]
231:(1,1,2,0,1,1,16,8,10) [ 3.8268 ]
232:(1,1,0,2,1,1,16,10,10) [ 2.1472 ]
233:(1,0,1,1,2,1,15,9,10) [ 1.7468000000000001 ]
234:(1,2,1,1,0,1,17,9,10) [ 4.247199999999999 ]
235:(1,1,1,0,1,2,15,9,10) [ 2.8068 ]
236:(1,1,1,2,1,0,17,9,10) [ 3.1672 ]
237:(1,1,1,1,1,1,15,8,10) [ 2.9366 ]
238:(1,1,0,2,1,1,15,10,11) [ 2.1072 ]
239:(1,1,1,1,1,1,15,9,9) [ 2.9465999999999997 ]
240:(1,1,2,0,1,1,15,8,10) [ 3.8066 ]
241:(1,1,0,2,1,1,15,10,10) [ 2.107 ]
242:(1,0,1,1,2,1,14,9,10) [ 1.7366000000000001 ]
243:(1,2,1,1,0,1,16,9,10) [ 4.196999999999999 ]
244:(1,1,1,0,1,2,14,9,10) [ 2.7866000000000004 ]
245:(1,1,1,2,1,0,16,9,10) [ 3.127 ]
246:(1,1,1,1,1,1,14,8,10) [ 2.9064 ]
247:(1,1,0,2,1,1,14,10,11) [ 2.067 ]
248:(1,1,1,1,1,1,14,9,9) [ 2.9164 ]
249:(1,1,2,0,1,1,14,8,10) [ 3.7864000000000004 ]
250:(1,1,0,2,1,1,14,10,10) [ 2.0668 ]
251:(1,0,1,1,2,1,13,9,10) [ 1.7264000000000004 ]
252:(1,2,1,1,0,1,15,9,10) [ 4.1468 ]
253:(1,1,1,0,1,2,13,9,10) [ 2.7664000000000004 ]
254:(1,1,1,2,1,0,15,9,10) [ 3.0867999999999998 ]
255:(1,1,1,1,1,1,13,8,10) [ 2.8762 ]
256:(1,1,0,2,1,1,13,10,11) [ 2.0268 ]
257:(1,1,1,1,1,1,13,9,9) [ 2.8861999999999997 ]
258:(1,1,2,0,1,1,13,8,10) [ 3.7662000000000004 ]
259:(1,1,0,2,1,1,13,10,10) [ 2.0266 ]
260:(1,0,1,1,2,1,12,9,10) [ 1.7162000000000002 ]
261:(1,2,1,1,0,1,14,9,10) [ 4.0966 ]
262:(1,1,1,0,1,2,12,9,10) [ 2.7462000000000004 ]
263:(1,1,1,2,1,0,14,9,10) [ 3.0465999999999998 ]
264:(1,1,1,1,1,1,12,8,10) [ 2.846 ]
265:(1,1,0,2,1,1,12,10,11) [ 1.9866000000000001 ]
266:(1,1,1,1,1,1,12,9,9) [ 2.856 ]
267:(1,1,2,0,1,1,12,8,10) [ 3.7460000000000004 ]
268:(1,1,0,2,1,1,12,10,10) [ 1.9864000000000002 ]
269:(1,0,1,1,2,1,11,9,10) [ 1.7060000000000004 ]
270:(1,2,1,1,0,1,13,9,10) [ 4.046399999999999 ]
271:(1,1,1,0,1,2,11,9,10) [ 2.7260000000000004 ]
272:(1,1,1,2,1,0,13,9,10) [ 3.0064 ]
273:(1,1,1,1,1,1,11,8,10) [ 2.8158000000000003 ]
274:(1,1,0,2,1,1,11,10,11) [ 1.9464000000000001 ]
275:(1,1,1,1,1,1,11,9,9) [ 2.8258 ]
276:(1,1,2,0,1,1,11,8,10) [ 3.7258000000000004 ]
277:(1,1,0,2,1,1,11,10,10) [ 1.9462000000000002 ]
278:(1,0,1,1,2,1,10,9,10) [ 1.6958000000000004 ]
279:(1,2,1,1,0,1,12,9,10) [ 3.9961999999999995 ]
280:(1,1,1,0,1,2,10,9,10) [ 2.7058000000000004 ]
281:(1,1,1,2,1,0,12,9,10) [ 2.9661999999999997 ]
282:(1,1,1,1,1,1,10,8,10) [ 2.7856000000000005 ]
283:(1,1,0,2,1,1,10,10,11) [ 1.9062000000000001 ]
284:(1,1,1,1,1,1,10,9,9) [ 2.7956000000000003 ]
285:(1,1,2,0,1,1,10,8,10) [ 3.7056000000000004 ]
286:(1,1,0,2,1,1,10,10,10) [ 1.9060000000000001 ]
287:(1,0,1,1,2,1,9,9,10) [ 1.6856000000000002 ]
288:(1,2,1,1,0,1,11,9,10) [ 3.9459999999999993 ]
289:(1,1,1,0,1,2,9,9,10) [ 2.6856000000000004 ]
290:(1,1,1,2,1,0,11,9,10) [ 2.9260000000000006 ]
291:(1,1,1,1,1,1,9,8,10) [ 2.7554 ]
292:(1,1,0,2,1,1,9,10,11) [ 1.8659999999999999 ]
293:(1,1,1,1,1,1,9,9,9) [ 2.7654 ]
294:(1,1,2,0,1,1,9,8,10) [ 3.6854 ]
295:(1,1,0,2,1,1,9,10,10) [ 1.8658 ]
296:(1,0,1,1,2,1,8,9,10) [ 1.6754000000000002 ]
297:(1,2,1,1,0,1,10,9,10) [ 3.8957999999999995 ]
298:(1,1,1,0,1,2,8,9,10) [ 2.6654 ]
299:(1,1,1,2,1,0,10,9,10) [ 2.8858000000000006 ]
300:(1,1,1,1,1,1,17,10,11) [ 3.0176000000000003 ]
301:(1,0,0,2,2,1,16,11,11) [ 0.9476000000000001 ]
302:(1,2,0,2,0,1,18,11,11) [ 3.508000000000001 ]
303:(1,1,0,1,1,2,16,11,11) [ 1.9976 ]
304:(1,1,0,3,1,0,18,11,11) [ 2.438 ]
305:(1,1,1,1,1,1,16,10,11) [ 2.9874000000000005 ]
306:(1,0,0,2,2,1,15,11,11) [ 0.9274000000000001 ]
307:(1,2,0,2,0,1,17,11,11) [ 3.447800000000001 ]
308:(1,1,0,1,1,2,15,11,11) [ 1.9674 ]
309:(1,1,0,3,1,0,17,11,11) [ 2.3878000000000004 ]
310:(1,1,1,1,1,1,15,10,11) [ 2.9572000000000003 ]
311:(1,0,0,2,2,1,14,11,11) [ 0.9072 ]
312:(1,2,0,2,0,1,16,11,11) [ 3.387600000000001 ]
313:(1,1,0,1,1,2,14,11,11) [ 1.9372 ]
314:(1,1,0,3,1,0,16,11,11) [ 2.3376 ]
315:(1,1,1,1,1,1,14,10,11) [ 2.927000000000001 ]
316:(1,0,0,2,2,1,13,11,11) [ 0.887 ]
317:(1,2,0,2,0,1,15,11,11) [ 3.327400000000001 ]
318:(1,1,0,1,1,2,13,11,11) [ 1.9070000000000003 ]
319:(1,1,0,3,1,0,15,11,11) [ 2.2874 ]
320:(1,1,1,1,1,1,13,10,11) [ 2.8968000000000007 ]
321:(1,0,0,2,2,1,12,11,11) [ 0.8667999999999999 ]
322:(1,2,0,2,0,1,14,11,11) [ 3.267200000000001 ]
323:(1,1,0,1,1,2,12,11,11) [ 1.8768 ]
324:(1,1,0,3,1,0,14,11,11) [ 2.2372 ]
325:(1,1,1,1,1,1,12,10,11) [ 2.866600000000001 ]
326:(1,0,0,2,2,1,11,11,11) [ 0.8465999999999999 ]
327:(1,2,0,2,0,1,13,11,11) [ 3.2070000000000003 ]
328:(1,1,0,1,1,2,11,11,11) [ 1.8466000000000002 ]
329:(1,1,0,3,1,0,13,11,11) [ 2.1870000000000003 ]
330:(1,1,1,1,1,1,11,10,11) [ 2.8364000000000007 ]
331:(1,0,0,2,2,1,10,11,11) [ 0.8263999999999999 ]
332:(1,2,0,2,0,1,12,11,11) [ 3.1468000000000003 ]
333:(1,1,0,1,1,2,10,11,11) [ 1.8164000000000002 ]
334:(1,1,0,3,1,0,12,11,11) [ 2.1368 ]
335:(1,1,1,1,1,1,10,10,11) [ 2.806200000000001 ]
336:(1,0,0,2,2,1,9,11,11) [ 0.8061999999999999 ]
337:(1,2,0,2,0,1,11,11,11) [ 3.0866000000000007 ]
338:(1,1,0,1,1,2,9,11,11) [ 1.7862 ]
339:(1,1,0,3,1,0,11,11,11) [ 2.0866000000000002 ]
340:(1,1,1,1,1,1,9,10,11) [ 2.7760000000000002 ]
341:(1,0,0,2,2,1,8,11,11) [ 0.786 ]
342:(1,2,0,2,0,1,10,11,11) [ 3.0264000000000006 ]
343:(1,1,0,1,1,2,8,11,11) [ 1.756 ]
344:(1,1,0,3,1,0,10,11,11) [ 2.0364000000000004 ]
345:(1,1,1,1,1,1,17,10,8) [ 3.017 ]
346:(1,1,2,0,1,1,17,9,9) [ 3.847 ]
347:(1,1,0,2,1,1,17,11,9) [ 2.2074000000000003 ]
348:(1,0,1,1,2,1,16,10,9) [ 1.7670000000000001 ]
349:(1,2,1,1,0,1,18,10,9) [ 4.3073999999999995 ]
350:(1,1,1,0,1,2,16,10,9) [ 2.827 ]
351:(1,1,1,2,1,0,18,10,9) [ 3.2274 ]
352:(1,1,1,1,1,1,16,10,8) [ 2.9868 ]
353:(1,1,2,0,1,1,16,9,9) [ 3.8268 ]
354:(1,1,0,2,1,1,16,11,9) [ 2.1672000000000002 ]
355:(1,0,1,1,2,1,15,10,9) [ 1.7568000000000001 ]
356:(1,2,1,1,0,1,17,10,9) [ 4.2572 ]
357:(1,1,1,0,1,2,15,10,9) [ 2.8068 ]
358:(1,1,1,2,1,0,17,10,9) [ 3.1872 ]
359:(1,1,1,1,1,1,15,10,8) [ 2.9566 ]
360:(1,1,2,0,1,1,15,9,9) [ 3.8066 ]
361:(1,1,0,2,1,1,15,11,9) [ 2.1270000000000002 ]
362:(1,0,1,1,2,1,14,10,9) [ 1.7466000000000004 ]
363:(1,2,1,1,0,1,16,10,9) [ 4.207 ]
364:(1,1,1,0,1,2,14,10,9) [ 2.7866000000000004 ]
365:(1,1,1,2,1,0,16,10,9) [ 3.147 ]
366:(1,1,1,1,1,1,14,10,8) [ 2.9264000000000006 ]
367:(1,1,2,0,1,1,14,9,9) [ 3.7864000000000004 ]
368:(1,1,0,2,1,1,14,11,9) [ 2.0868 ]
369:(1,0,1,1,2,1,13,10,9) [ 1.7364000000000002 ]
370:(1,2,1,1,0,1,15,10,9) [ 4.1568 ]
371:(1,1,1,0,1,2,13,10,9) [ 2.7664000000000004 ]
372:(1,1,1,2,1,0,15,10,9) [ 3.1068 ]
373:(1,1,1,1,1,1,13,10,8) [ 2.8962000000000003 ]
374:(1,1,2,0,1,1,13,9,9) [ 3.7662000000000004 ]
375:(1,1,0,2,1,1,13,11,9) [ 2.0466 ]
376:(1,0,1,1,2,1,12,10,9) [ 1.7262000000000004 ]
377:(1,2,1,1,0,1,14,10,9) [ 4.106599999999999 ]
378:(1,1,1,0,1,2,12,10,9) [ 2.7462000000000004 ]
379:(1,1,1,2,1,0,14,10,9) [ 3.0666 ]
380:(1,1,1,1,1,1,12,10,8) [ 2.8660000000000005 ]
381:(1,1,2,0,1,1,12,9,9) [ 3.7460000000000004 ]
382:(1,1,0,2,1,1,12,11,9) [ 2.0064 ]
383:(1,0,1,1,2,1,11,10,9) [ 1.7160000000000004 ]
384:(1,2,1,1,0,1,13,10,9) [ 4.056399999999999 ]
385:(1,1,1,0,1,2,11,10,9) [ 2.7260000000000004 ]
386:(1,1,1,2,1,0,13,10,9) [ 3.0264000000000006 ]
387:(1,1,1,1,1,1,11,10,8) [ 2.8358000000000003 ]
388:(1,1,2,0,1,1,11,9,9) [ 3.7258000000000004 ]
389:(1,1,0,2,1,1,11,11,9) [ 1.9662000000000002 ]
390:(1,0,1,1,2,1,10,10,9) [ 1.7058000000000004 ]
391:(1,2,1,1,0,1,12,10,9) [ 4.0062 ]
392:(1,1,1,0,1,2,10,10,9) [ 2.7058000000000004 ]
393:(1,1,1,2,1,0,12,10,9) [ 2.9862 ]
394:(1,1,1,1,1,1,10,10,8) [ 2.8056000000000005 ]
395:(1,1,2,0,1,1,10,9,9) [ 3.7056000000000004 ]
396:(1,1,0,2,1,1,10,11,9) [ 1.9260000000000002 ]
397:(1,0,1,1,2,1,9,10,9) [ 1.6956000000000004 ]
398:(1,2,1,1,0,1,11,10,9) [ 3.9559999999999995 ]
399:(1,1,1,0,1,2,9,10,9) [ 2.6856 ]
400:(1,1,1,2,1,0,11,10,9) [ 2.9460000000000006 ]
401:(1,1,1,1,1,1,9,10,8) [ 2.7754 ]
402:(1,1,2,0,1,1,9,9,9) [ 3.6854000000000005 ]
403:(1,1,0,2,1,1,9,11,9) [ 1.8858 ]
404:(1,0,1,1,2,1,8,10,9) [ 1.6854000000000002 ]
405:(1,2,1,1,0,1,10,10,9) [ 3.9057999999999997 ]
406:(1,1,1,0,1,2,8,10,9) [ 2.6654000000000004 ]
407:(1,1,1,2,1,0,10,10,9) [ 2.9058000000000006 ]
408:(1,0,2,0,2,1,16,9,10) [ 2.607 ]
409:(1,2,2,0,0,1,18,9,10) [ 5.127399999999999 ]
410:(1,1,2,1,1,0,18,9,10) [ 4.0374 ]
411:(1,0,2,0,2,1,15,9,10) [ 2.6068000000000002 ]
412:(1,2,2,0,0,1,17,9,10) [ 5.087199999999999 ]
413:(1,1,2,1,1,0,17,9,10) [ 4.0072 ]
414:(1,0,2,0,2,1,14,9,10) [ 2.6066000000000003 ]
415:(1,2,2,0,0,1,16,9,10) [ 5.047 ]
416:(1,1,2,1,1,0,16,9,10) [ 3.977 ]
417:(1,0,2,0,2,1,13,9,10) [ 2.6064000000000003 ]
418:(1,2,2,0,0,1,15,9,10) [ 5.006799999999999 ]
419:(1,1,2,1,1,0,15,9,10) [ 3.9467999999999996 ]
420:(1,0,2,0,2,1,12,9,10) [ 2.6062000000000003 ]
421:(1,2,2,0,0,1,14,9,10) [ 4.9666 ]
422:(1,1,2,1,1,0,14,9,10) [ 3.9166 ]
423:(1,0,2,0,2,1,11,9,10) [ 2.6060000000000003 ]
424:(1,2,2,0,0,1,13,9,10) [ 4.926399999999999 ]
425:(1,1,2,1,1,0,13,9,10) [ 3.8863999999999996 ]
426:(1,0,2,0,2,1,10,9,10) [ 2.6058000000000003 ]
427:(1,2,2,0,0,1,12,9,10) [ 4.886199999999999 ]
428:(1,1,2,1,1,0,12,9,10) [ 3.8562 ]
429:(1,0,2,0,2,1,9,9,10) [ 2.6056000000000004 ]
430:(1,2,2,0,0,1,11,9,10) [ 4.845999999999999 ]
431:(1,1,2,1,1,0,11,9,10) [ 3.826 ]
432:(1,0,2,0,2,1,8,9,10) [ 2.6054000000000004 ]
433:(1,2,2,0,0,1,10,9,10) [ 4.8058 ]
434:(1,1,2,1,1,0,10,9,10) [ 3.7958000000000003 ]
435:(1,0,0,2,2,1,16,11,10) [ 0.9474000000000001 ]
436:(1,2,0,2,0,1,18,11,10) [ 3.5078000000000005 ]
437:(1,1,0,1,1,2,16,11,10) [ 1.9974 ]
438:(1,1,0,3,1,0,18,11,10) [ 2.4378 ]
439:(1,0,0,2,2,1,15,11,10) [ 0.9271999999999999 ]
440:(1,2,0,2,0,1,17,11,10) [ 3.4476000000000004 ]
441:(1,1,0,1,1,2,15,11,10) [ 1.9672 ]
442:(1,1,0,3,1,0,17,11,10) [ 2.3876 ]
443:(1,0,0,2,2,1,14,11,10) [ 0.907 ]
444:(1,2,0,2,0,1,16,11,10) [ 3.3874000000000004 ]
445:(1,1,0,1,1,2,14,11,10) [ 1.937 ]
446:(1,1,0,3,1,0,16,11,10) [ 2.3374 ]
447:(1,0,0,2,2,1,13,11,10) [ 0.8867999999999999 ]
448:(1,2,0,2,0,1,15,11,10) [ 3.3272000000000004 ]
449:(1,1,0,1,1,2,13,11,10) [ 1.9068000000000003 ]
450:(1,1,0,3,1,0,15,11,10) [ 2.2872000000000003 ]
451:(1,0,0,2,2,1,12,11,10) [ 0.8665999999999999 ]
452:(1,2,0,2,0,1,14,11,10) [ 3.267000000000001 ]
453:(1,1,0,1,1,2,12,11,10) [ 1.8766 ]
454:(1,1,0,3,1,0,14,11,10) [ 2.237 ]
455:(1,0,0,2,2,1,11,11,10) [ 0.8463999999999999 ]
456:(1,2,0,2,0,1,13,11,10) [ 3.2068 ]
457:(1,1,0,1,1,2,11,11,10) [ 1.8464000000000003 ]
458:(1,1,0,3,1,0,13,11,10) [ 2.1868000000000003 ]
459:(1,0,0,2,2,1,10,11,10) [ 0.8261999999999999 ]
460:(1,2,0,2,0,1,12,11,10) [ 3.1466 ]
461:(1,1,0,1,1,2,10,11,10) [ 1.8162000000000003 ]
462:(1,1,0,3,1,0,12,11,10) [ 2.1366 ]
463:(1,0,0,2,2,1,9,11,10) [ 0.8059999999999999 ]
464:(1,2,0,2,0,1,11,11,10) [ 3.0864000000000003 ]
465:(1,1,0,1,1,2,9,11,10) [ 1.786 ]
466:(1,1,0,3,1,0,11,11,10) [ 2.0864000000000003 ]
467:(1,0,0,2,2,1,8,11,10) [ 0.7858 ]
468:(1,2,0,2,0,1,10,11,10) [ 3.0262000000000002 ]
469:(1,1,0,1,1,2,8,11,10) [ 1.7558 ]
470:(1,1,0,3,1,0,10,11,10) [ 2.0362 ]
471:(1,0,1,0,2,2,15,10,10) [ 1.607 ]
472:(1,0,1,2,2,0,17,10,10) [ 1.9474 ]
473:(1,0,1,0,2,2,14,10,10) [ 1.6068 ]
474:(1,0,1,2,2,0,16,10,10) [ 1.9272 ]
475:(1,0,1,0,2,2,13,10,10) [ 1.6066 ]
476:(1,0,1,2,2,0,15,10,10) [ 1.907 ]
477:(1,0,1,0,2,2,12,10,10) [ 1.6064 ]
478:(1,0,1,2,2,0,14,10,10) [ 1.8868 ]
479:(1,0,1,0,2,2,11,10,10) [ 1.6062 ]
480:(1,0,1,2,2,0,13,10,10) [ 1.8666 ]
481:(1,0,1,0,2,2,10,10,10) [ 1.606 ]
482:(1,0,1,2,2,0,12,10,10) [ 1.8464 ]
483:(1,0,1,0,2,2,9,10,10) [ 1.6058000000000001 ]
484:(1,0,1,2,2,0,11,10,10) [ 1.8262 ]
485:(1,0,1,0,2,2,8,10,10) [ 1.6056 ]
486:(1,0,1,2,2,0,10,10,10) [ 1.806 ]
487:(1,0,1,0,2,2,7,10,10) [ 1.6054 ]
488:(1,0,1,2,2,0,9,10,10) [ 1.7858 ]
489:(1,2,1,0,0,2,17,10,10) [ 4.0874 ]
490:(1,2,1,0,0,2,16,10,10) [ 4.0472 ]
491:(1,2,1,0,0,2,15,10,10) [ 4.007 ]
492:(1,2,1,0,0,2,14,10,10) [ 3.9668 ]
493:(1,2,1,0,0,2,13,10,10) [ 3.9265999999999996 ]
494:(1,2,1,0,0,2,12,10,10) [ 3.8863999999999996 ]
495:(1,2,1,0,0,2,11,10,10) [ 3.8461999999999996 ]
496:(1,2,1,0,0,2,10,10,10) [ 3.8059999999999996 ]
497:(1,2,1,0,0,2,9,10,10) [ 3.7657999999999996 ]
498:(1,1,1,1,1,1,18,12,10) [ 3.068 ]
499:(1,1,0,2,1,1,18,12,11) [ 2.2681999999999998 ]
500:(1,1,1,1,1,1,18,11,9) [ 3.0576 ]
501:(1,1,2,0,1,1,18,10,10) [ 3.8676 ]
502:(1,1,0,2,1,1,18,12,10) [ 2.268 ]
503:(1,0,1,1,2,1,17,11,10) [ 1.7876 ]
504:(1,2,1,1,0,1,19,11,10) [ 4.368 ]
505:(1,1,1,0,1,2,17,11,10) [ 2.8476 ]
506:(1,1,1,2,1,0,19,11,10) [ 3.288 ]
507:(1,1,0,2,1,1,20,12,10) [ 2.0484 TARGET ]
508:(1,1,0,2,1,1,19,12,10) [ 2.3082000000000003 ]
509:(1,1,0,2,1,1,18,13,10) [ 2.2882 ]
510:(1,1,0,2,1,1,17,13,10) [ 2.248 ]
511:(1,1,0,2,1,1,16,13,10) [ 2.2078 ]
512:(1,1,0,2,1,1,15,13,10) [ 2.1676 ]
513:(1,1,0,2,1,1,14,13,10) [ 2.1274 ]
514:(1,1,0,2,1,1,13,13,10) [ 2.0872 ]
515:(1,1,0,2,1,1,12,13,10) [ 2.047 ]
516:(1,1,0,2,1,1,11,13,10) [ 2.0068 ]
517:(1,1,0,2,1,1,10,13,10) [ 1.9666000000000001 ]
518:(1,1,0,2,1,1,18,12,9) [ 2.2678 ]
519:(1,1,0,2,1,1,17,12,9) [ 2.2276000000000002 ]
520:(1,1,0,2,1,1,16,12,9) [ 2.1874000000000002 ]
521:(1,1,0,2,1,1,15,12,9) [ 2.1472 ]
522:(1,1,0,2,1,1,14,12,9) [ 2.107 ]
523:(1,1,0,2,1,1,13,12,9) [ 2.0668 ]
524:(1,1,0,2,1,1,12,12,9) [ 2.0266 ]
525:(1,1,0,2,1,1,11,12,9) [ 1.9864000000000002 ]
526:(1,1,0,2,1,1,10,12,9) [ 1.9462000000000002 ]
527:(1,0,0,2,2,1,17,12,10) [ 0.9878000000000001 ]
528:(1,1,0,1,1,2,17,12,10) [ 2.0378 ]
529:(1,0,0,2,2,1,16,12,10) [ 0.9676000000000001 ]
530:(1,1,0,1,1,2,16,12,10) [ 2.0076 ]
531:(1,0,0,2,2,1,15,12,10) [ 0.9473999999999999 ]
532:(1,1,0,1,1,2,15,12,10) [ 1.9773999999999998 ]
533:(1,0,0,2,2,1,14,12,10) [ 0.9272 ]
534:(1,1,0,1,1,2,14,12,10) [ 1.9471999999999998 ]
535:(1,0,0,2,2,1,13,12,10) [ 0.9069999999999999 ]
536:(1,1,0,1,1,2,13,12,10) [ 1.917 ]
537:(1,0,0,2,2,1,12,12,10) [ 0.8867999999999999 ]
538:(1,1,0,1,1,2,12,12,10) [ 1.8867999999999998 ]
539:(1,0,0,2,2,1,11,12,10) [ 0.8665999999999999 ]
540:(1,1,0,1,1,2,11,12,10) [ 1.8566 ]
541:(1,0,0,2,2,1,10,12,10) [ 0.8463999999999999 ]
542:(1,1,0,1,1,2,10,12,10) [ 1.8264 ]
543:(1,0,0,2,2,1,9,12,10) [ 0.8261999999999999 ]
544:(1,1,0,1,1,2,9,12,10) [ 1.7962 ]
545:(1,2,1,1,0,1,20,11,10) [ 4.2182 TARGET ]
546:(1,2,1,1,0,1,20,10,10) [ 4.208 TARGET ]
547:(1,1,1,2,1,0,20,11,10) [ 3.1281999999999996 TARGET ]
548:(1,1,1,2,1,0,20,10,10) [ 3.108 TARGET ]
549:(1,1,1,1,1,1,18,8,10) [ 3.0272 ]
550:(1,1,0,2,1,1,18,10,11) [ 2.2278 ]
551:(1,1,1,1,1,1,18,9,9) [ 3.0372 ]
552:(1,1,2,0,1,1,18,8,10) [ 3.8672 ]
553:(1,1,0,2,1,1,18,10,10) [ 2.2276 ]
554:(1,0,1,1,2,1,17,9,10) [ 1.7672 ]
555:(1,2,1,1,0,1,19,9,10) [ 4.3476 ]
556:(1,1,1,0,1,2,17,9,10) [ 2.8472 ]
557:(1,1,1,2,1,0,19,9,10) [ 3.2476 ]
558:(1,1,0,2,1,1,20,10,10) [ 2.008 TARGET ]
559:(1,1,0,2,1,1,19,10,10) [ 2.2678000000000003 ]
560:(1,1,0,2,1,1,18,9,10) [ 2.2074 ]
561:(1,1,0,2,1,1,17,9,10) [ 2.1672000000000002 ]
562:(1,1,0,2,1,1,16,9,10) [ 2.1270000000000002 ]
563:(1,1,0,2,1,1,15,9,10) [ 2.0868 ]
564:(1,1,0,2,1,1,14,9,10) [ 2.0466 ]
565:(1,1,0,2,1,1,13,9,10) [ 2.0064 ]
566:(1,1,0,2,1,1,12,9,10) [ 1.9662000000000002 ]
567:(1,1,0,2,1,1,11,9,10) [ 1.9260000000000002 ]
568:(1,1,0,2,1,1,10,9,10) [ 1.8858000000000001 ]
569:(1,1,0,2,1,1,18,10,9) [ 2.2274 ]
570:(1,1,0,2,1,1,17,10,9) [ 2.1872000000000003 ]
571:(1,1,0,2,1,1,16,10,9) [ 2.1470000000000002 ]
572:(1,1,0,2,1,1,15,10,9) [ 2.1068000000000002 ]
573:(1,1,0,2,1,1,14,10,9) [ 2.0666 ]
574:(1,1,0,2,1,1,13,10,9) [ 2.0264 ]
575:(1,1,0,2,1,1,12,10,9) [ 1.9862000000000002 ]
576:(1,1,0,2,1,1,11,10,9) [ 1.9460000000000002 ]
577:(1,1,0,2,1,1,10,10,9) [ 1.9058000000000002 ]
578:(1,0,0,2,2,1,17,10,10) [ 0.9474000000000001 ]
579:(1,1,0,1,1,2,17,10,10) [ 2.0174000000000003 ]
580:(1,0,0,2,2,1,16,10,10) [ 0.9272000000000001 ]
581:(1,1,0,1,1,2,16,10,10) [ 1.9872 ]
582:(1,0,0,2,2,1,15,10,10) [ 0.9070000000000001 ]
583:(1,1,0,1,1,2,15,10,10) [ 1.957 ]
584:(1,0,0,2,2,1,14,10,10) [ 0.8868 ]
585:(1,1,0,1,1,2,14,10,10) [ 1.9268000000000003 ]
586:(1,0,0,2,2,1,13,10,10) [ 0.8666 ]
587:(1,1,0,1,1,2,13,10,10) [ 1.8966 ]
588:(1,0,0,2,2,1,12,10,10) [ 0.8463999999999999 ]
589:(1,1,0,1,1,2,12,10,10) [ 1.8664000000000003 ]
590:(1,0,0,2,2,1,11,10,10) [ 0.8261999999999999 ]
591:(1,1,0,1,1,2,11,10,10) [ 1.8362000000000003 ]
592:(1,0,0,2,2,1,10,10,10) [ 0.8059999999999999 ]
593:(1,1,0,1,1,2,10,10,10) [ 1.8060000000000003 ]
594:(1,0,0,2,2,1,9,10,10) [ 0.7857999999999999 ]
595:(1,1,0,1,1,2,9,10,10) [ 1.7758 ]
596:(1,2,1,1,0,1,20,9,10) [ 4.1978 TARGET ]
597:(1,1,1,2,1,0,20,9,10) [ 3.0877999999999997 TARGET ]
598:(1,1,1,1,1,1,18,10,11) [ 3.0478000000000005 ]
599:(1,0,0,2,2,1,17,11,11) [ 0.9678000000000001 ]
600:(1,2,0,2,0,1,19,11,11) [ 3.5682000000000005 ]
601:(1,1,0,1,1,2,17,11,11) [ 2.0278 ]
602:(1,1,0,3,1,0,19,11,11) [ 2.4882 ]
603:(1,1,0,2,1,1,18,11,9) [ 2.2476 ]
604:(1,0,0,2,2,1,17,11,10) [ 0.9676000000000001 ]
605:(1,2,0,2,0,1,19,11,10) [ 3.568 ]
606:(1,1,0,1,1,2,17,11,10) [ 2.0276 ]
607:(1,1,0,3,1,0,19,11,10) [ 2.4880000000000004 ]
608:(1,2,0,2,0,1,20,11,11) [ 3.4284000000000003 TARGET ]
609:(1,2,0,2,0,1,20,11,10) [ 3.4282 TARGET ]
610:(1,1,0,3,1,0,20,11,11) [ 2.3384 TARGET ]
611:(1,1,0,3,1,0,20,11,10) [ 2.3382 TARGET ]
612:(1,1,1,1,1,1,18,10,8) [ 3.0472 ]
613:(1,1,2,0,1,1,18,9,9) [ 3.8672 ]
614:(1,0,1,1,2,1,17,10,9) [ 1.7772000000000001 ]
615:(1,2,1,1,0,1,19,10,9) [ 4.3576 ]
616:(1,1,1,0,1,2,17,10,9) [ 2.8472 ]
617:(1,1,1,2,1,0,19,10,9) [ 3.2676000000000003 ]
618:(1,1,0,2,1,1,20,11,9) [ 2.028 TARGET ]
619:(1,1,0,2,1,1,19,11,9) [ 2.2878000000000003 ]
620:(1,1,0,2,1,1,18,11,8) [ 2.2474 ]
621:(1,1,0,2,1,1,17,11,8) [ 2.2072000000000003 ]
622:(1,1,0,2,1,1,16,11,8) [ 2.1670000000000003 ]
623:(1,1,0,2,1,1,15,11,8) [ 2.1268000000000002 ]
624:(1,1,0,2,1,1,14,11,8) [ 2.0866000000000002 ]
625:(1,1,0,2,1,1,13,11,8) [ 2.0464 ]
626:(1,1,0,2,1,1,12,11,8) [ 2.0062 ]
627:(1,1,0,2,1,1,11,11,8) [ 1.9660000000000002 ]
628:(1,1,0,2,1,1,10,11,8) [ 1.9258000000000002 ]
629:(1,0,0,2,2,1,17,11,9) [ 0.9674000000000001 ]
630:(1,1,0,1,1,2,17,11,9) [ 2.0274 ]
631:(1,0,0,2,2,1,16,11,9) [ 0.9471999999999999 ]
632:(1,1,0,1,1,2,16,11,9) [ 1.9972 ]
633:(1,0,0,2,2,1,15,11,9) [ 0.9269999999999999 ]
634:(1,1,0,1,1,2,15,11,9) [ 1.967 ]
635:(1,0,0,2,2,1,14,11,9) [ 0.9067999999999999 ]
636:(1,1,0,1,1,2,14,11,9) [ 1.9368 ]
637:(1,0,0,2,2,1,13,11,9) [ 0.8865999999999999 ]
638:(1,1,0,1,1,2,13,11,9) [ 1.9066000000000003 ]
639:(1,0,0,2,2,1,12,11,9) [ 0.8664 ]
640:(1,1,0,1,1,2,12,11,9) [ 1.8764 ]
641:(1,0,0,2,2,1,11,11,9) [ 0.8462 ]
642:(1,1,0,1,1,2,11,11,9) [ 1.8462000000000003 ]
643:(1,0,0,2,2,1,10,11,9) [ 0.826 ]
644:(1,1,0,1,1,2,10,11,9) [ 1.8160000000000003 ]
645:(1,0,0,2,2,1,9,11,9) [ 0.8058 ]
646:(1,1,0,1,1,2,9,11,9) [ 1.7858 ]
647:(1,2,1,1,0,1,20,10,9) [ 4.2078 TARGET ]
648:(1,1,1,2,1,0,20,10,9) [ 3.1078 TARGET ]
649:(1,0,2,0,2,1,17,9,10) [ 2.6072 ]
650:(1,2,2,0,0,1,19,9,10) [ 5.167599999999999 ]
651:(1,1,2,1,1,0,19,9,10) [ 4.0676 ]
652:(1,2,2,0,0,1,20,9,10) [ 5.0078 TARGET ]
653:(1,1,2,1,1,0,20,9,10) [ 3.8977999999999997 TARGET ]
654:(1,0,1,0,2,2,16,10,10) [ 1.6072 ]
655:(1,0,1,2,2,0,18,10,10) [ 1.9676 ]
656:(1,0,0,2,2,1,18,11,10) [ 0.9878 ]
657:(1,0,0,1,2,2,16,11,10) [ 0.7774000000000001 ]
658:(1,0,0,3,2,0,18,11,10) [ 1.1778 ]
659:(1,0,0,1,2,2,15,11,10) [ 0.7672000000000001 ]
660:(1,0,0,3,2,0,17,11,10) [ 1.1476 ]
661:(1,0,0,1,2,2,14,11,10) [ 0.7570000000000001 ]
662:(1,0,0,3,2,0,16,11,10) [ 1.1174 ]
663:(1,0,0,1,2,2,13,11,10) [ 0.7467999999999999 ]
664:(1,0,0,3,2,0,15,11,10) [ 1.0872 ]
665:(1,0,0,1,2,2,12,11,10) [ 0.7365999999999999 ]
666:(1,0,0,3,2,0,14,11,10) [ 1.057 ]
667:(1,0,0,1,2,2,11,11,10) [ 0.7263999999999999 ]
668:(1,0,0,3,2,0,13,11,10) [ 1.0268000000000002 ]
669:(1,0,0,1,2,2,10,11,10) [ 0.7162 ]
670:(1,0,0,3,2,0,12,11,10) [ 0.9966 ]
671:(1,0,0,1,2,2,9,11,10) [ 0.706 ]
672:(1,0,0,3,2,0,11,11,10) [ 0.9664000000000001 ]
673:(1,0,0,1,2,2,8,11,10) [ 0.6958 ]
674:(1,0,0,3,2,0,10,11,10) [ 0.9362000000000001 ]
675:(1,2,1,0,0,2,18,10,10) [ 4.1276 ]
676:(1,2,0,1,0,2,19,11,10) [ 3.368 ]
677:(1,2,0,1,0,2,18,11,10) [ 3.3178000000000005 ]
678:(1,2,0,1,0,2,17,11,10) [ 3.2676000000000003 ]
679:(1,2,0,1,0,2,16,11,10) [ 3.2174000000000005 ]
680:(1,2,0,1,0,2,15,11,10) [ 3.1672000000000002 ]
681:(1,2,0,1,0,2,14,11,10) [ 3.1170000000000004 ]
682:(1,2,0,1,0,2,13,11,10) [ 3.0667999999999997 ]
683:(1,2,0,1,0,2,12,11,10) [ 3.0166 ]
684:(1,2,0,1,0,2,11,11,10) [ 2.9663999999999997 ]
685:(1,2,0,1,0,2,10,11,10) [ 2.9162 ]
686:(1,1,0,1,1,2,18,11,10) [ 2.0578 ]
687:(1,1,0,0,1,3,16,11,10) [ 1.8274000000000001 ]
688:(1,1,0,0,1,3,15,11,10) [ 1.8072000000000001 ]
689:(1,1,0,0,1,3,14,11,10) [ 1.7870000000000001 ]
690:(1,1,0,0,1,3,13,11,10) [ 1.7668000000000001 ]
691:(1,1,0,0,1,3,12,11,10) [ 1.7466000000000002 ]
692:(1,1,0,0,1,3,11,11,10) [ 1.7264000000000002 ]
693:(1,1,0,0,1,3,10,11,10) [ 1.7062000000000002 ]
694:(1,1,0,0,1,3,9,11,10) [ 1.686 ]
695:(1,1,0,0,1,3,8,11,10) [ 1.6658 ]
696:(1,0,0,3,2,0,19,11,10) [ 1.2080000000000002 ]
697:(1,0,0,2,2,1,19,11,10) [ 1.008 ]
698:(1,1,0,1,1,2,19,11,10) [ 2.0880000000000005 ]
699:(1,1,0,2,1,1,20,13,10) [ 2.0686 TARGET ]
700:(1,1,0,2,1,1,20,12,9) [ 2.0482 TARGET ]
701:(1,1,0,2,1,1,19,13,10) [ 2.3284000000000002 ]
702:(1,1,0,2,1,1,19,12,9) [ 2.3080000000000003 ]
703:(1,0,0,2,2,1,18,12,10) [ 1.008 ]
704:(1,1,0,1,1,2,18,12,10) [ 2.0679999999999996 ]
705:(1,1,0,2,1,1,20,9,10) [ 1.9878 TARGET ]
706:(1,1,0,2,1,1,20,10,9) [ 2.0078 TARGET ]
707:(1,1,0,2,1,1,19,9,10) [ 2.2476000000000003 ]
708:(1,1,0,2,1,1,19,10,9) [ 2.2676000000000003 ]
709:(1,0,0,2,2,1,18,10,10) [ 0.9676 ]
710:(1,1,0,1,1,2,18,10,10) [ 2.0476 ]
711:(1,1,0,2,1,1,20,11,8) [ 2.0278 TARGET ]
712:(1,1,0,2,1,1,19,11,8) [ 2.2876000000000003 ]
713:(1,0,0,2,2,1,18,11,9) [ 0.9876 ]
714:(1,1,0,1,1,2,18,11,9) [ 2.0576 ]
715:(1,0,0,1,2,2,17,11,10) [ 0.7876000000000001 ]
716:(1,0,0,2,2,1,20,11,10) [ 0.6282000000000001 TARGET ]
717:(1,0,0,3,2,0,20,11,10) [ 0.9382000000000001 TARGET ]
718:(1,1,0,0,1,3,17,11,10) [ 1.8476000000000001 ]
719:(1,1,0,1,1,2,20,11,10) [ 1.7182000000000002 TARGET ]
720:(1,2,0,1,0,2,20,11,10) [ 3.1182 TARGET ]
721:(-1,-1,-1,-1,-1,-1,-1,-1,-1) [ 0.0 ]