(R_,L,RL,G_,G_a,G_bg,G_d)
0:(50,2,0,50,0,0,0)
1:(50,2,1,50,0,0,0)
2:(50,2,2,50,0,0,0)
3:(50,2,3,50,0,0,0)
4:(50,2,4,50,0,0,0)
5:(50,2,5,50,0,0,0)
6:(50,2,6,50,0,0,0)
7:(50,2,7,50,0,0,0)
8:(50,2,8,50,0,0,0)
9:(50,2,9,50,0,0,0)
10:(50,2,10,50,0,0,0)
11:(50,2,11,50,0,0,0)
12:(50,2,12,50,0,0,0)
13:(50,2,13,50,0,0,0)
14:(50,2,14,50,0,0,0)
15:(50,2,15,50,0,0,0)
16:(50,2,16,50,0,0,0)
17:(50,2,17,50,0,0,0)
18:(50,2,18,50,0,0,0)
19:(50,2,19,50,0,0,0)
20:(50,2,20,50,0,0,0)
21:(50,2,21,50,0,0,0)
22:(50,2,22,50,0,0,0)
23:(50,2,23,50,0,0,0)
24:(50,2,24,50,0,0,0)
25:(50,2,23,49,1,1,0)
26:(50,2,22,48,2,2,0)
27:(50,2,23,48,2,2,0)
28:(50,2,22,47,3,3,0)
29:(50,2,23,47,3,3,0)
30:(50,2,24,47,3,3,0)
31:(50,2,23,46,4,4,0)
32:(50,2,22,45,5,5,0)
33:(50,2,23,45,5,5,0)
34:(50,2,22,44,6,6,0)
35:(50,2,21,43,7,7,0)
36:(50,2,20,42,8,8,0)
37:(50,2,19,41,9,9,0)
38:(50,2,20,41,9,9,0)
39:(50,2,21,41,9,9,0)
40:(50,2,20,40,10,10,0)
41:(50,2,21,40,10,10,0)
42:(50,2,20,39,11,11,0)
43:(50,2,19,38,12,12,0)
44:(50,2,18,37,13,13,0)
45:(50,2,17,36,14,14,0)
46:(50,2,18,36,14,14,0)
47:(50,2,19,36,14,14,0)
48:(50,2,18,35,15,15,0)
49:(50,2,17,34,16,16,0)
50:(50,2,16,33,17,17,0)
51:(50,2,15,32,18,18,0)
52:(50,2,14,31,19,19,0)
53:(50,2,15,31,19,19,0)
54:(50,2,14,30,20,20,0)
55:(50,2,15,30,20,20,0)
56:(50,2,14,29,21,21,0)
57:(50,2,13,28,22,22,0)
58:(50,2,12,27,23,23,0)
59:(50,2,13,27,23,23,0)
60:(50,2,12,26,24,24,0)
61:(50,2,13,26,24,24,0)
62:(50,2,12,25,25,25,0)
63:(50,2,13,25,25,25,0)
64:(50,2,12,24,26,26,0)
65:(50,2,11,23,27,27,0)
66:(50,2,12,23,27,27,0)
67:(50,2,13,23,27,27,0)
68:(50,2,12,22,28,28,0)
69:(50,2,13,22,28,28,0)
70:(50,2,12,21,29,29,0)
71:(50,2,11,20,30,30,0)
72:(50,2,12,20,30,30,0)
73:(50,2,11,19,31,31,0)
74:(50,2,12,19,31,31,0)
75:(50,2,11,18,32,32,0)
76:(50,2,10,17,33,33,0)
77:(50,2,9,16,34,34,0)
78:(50,2,8,15,35,35,0)
79:(50,2,7,14,36,36,0)
80:(50,2,8,14,36,36,0)
81:(50,2,7,13,37,37,0)
82:(50,2,6,12,38,38,0)
83:(50,2,5,11,39,39,0)
84:(50,2,6,11,39,39,0)
85:(50,2,5,10,40,40,0)
86:(49,2,6,10,40,40,0)
87:(48,2,7,10,40,40,0)
88:(48,2,6,9,41,41,0)
89:(48,2,5,8,42,42,0)
90:(48,2,6,8,42,42,0)
91:(48,2,5,7,43,43,0)
92:(48,2,4,6,44,44,0)
93:(48,2,3,5,45,45,0)
94:(47,2,4,5,45,45,0)
95:(47,2,3,4,46,46,0)
96:(47,2,2,3,47,47,0)
97:(47,2,1,2,48,48,0)
98:(47,2,0,1,49,49,0)
99:(46,2,1,1,49,49,0)
100:(46,2,0,0,50,50,0)
101:(47,2,0,0,50,50,0)
102:(45,2,0,0,50,50,0)
103:(45,2,1,0,50,50,0)
104:(46,2,1,0,50,50,0)
105:(47,2,1,1,49,49,0)
106:(45,2,1,1,49,49,0)
107:(45,2,2,1,49,49,0)
108:(46,2,2,1,49,49,0)
109:(48,2,0,1,49,49,0)
110:(46,2,0,1,49,49,0)
111:(48,2,1,2,48,48,0)
112:(46,2,1,2,48,48,0)
113:(46,2,2,2,48,48,0)
114:(47,2,2,2,48,48,0)
115:(48,2,2,3,47,47,0)
116:(46,2,2,3,47,47,0)
117:(46,2,3,3,47,47,0)
118:(47,2,3,3,47,47,0)
119:(48,2,3,4,46,46,0)
120:(46,2,3,4,46,46,0)
121:(46,2,4,4,46,46,0)
122:(47,2,4,4,46,46,0)
123:(48,2,4,5,45,45,0)
124:(46,2,4,5,45,45,0)
125:(46,2,5,5,45,45,0)
126:(47,2,5,5,45,45,0)
127:(49,2,3,5,45,45,0)
128:(47,2,3,5,45,45,0)
129:(49,2,4,6,44,44,0)
130:(47,2,4,6,44,44,0)
131:(47,2,5,6,44,44,0)
132:(48,2,5,6,44,44,0)
133:(49,2,5,7,43,43,0)
134:(47,2,5,7,43,43,0)
135:(47,2,6,7,43,43,0)
136:(48,2,6,7,43,43,0)
137:(49,2,6,8,42,42,0)
138:(47,2,6,8,42,42,0)
139:(47,2,7,8,42,42,0)
140:(48,2,7,8,42,42,0)
141:(49,2,5,8,42,42,0)
142:(47,2,5,8,42,42,0)
143:(49,2,6,9,41,41,0)
144:(47,2,6,9,41,41,0)
145:(47,2,7,9,41,41,0)
146:(48,2,7,9,41,41,0)
147:(49,2,7,10,40,40,0)
148:(47,2,7,10,40,40,0)
149:(47,2,8,10,40,40,0)
150:(48,2,8,10,40,40,0)
151:(50,2,6,10,40,40,0)
152:(48,2,6,10,40,40,0)
153:(51,2,5,10,40,40,0)
154:(49,2,5,10,40,40,0)
155:(51,2,6,11,39,39,0)
156:(49,2,6,11,39,39,0)
157:(49,2,7,11,39,39,0)
158:(50,2,7,11,39,39,0)
159:(51,2,5,11,39,39,0)
160:(49,2,5,11,39,39,0)
161:(51,2,6,12,38,38,0)
162:(49,2,6,12,38,38,0)
163:(49,2,7,12,38,38,0)
164:(50,2,7,12,38,38,0)
165:(51,2,7,13,37,37,0)
166:(49,2,7,13,37,37,0)
167:(49,2,8,13,37,37,0)
168:(50,2,8,13,37,37,0)
169:(51,2,8,14,36,36,0)
170:(49,2,8,14,36,36,0)
171:(49,2,9,14,36,36,0)
172:(50,2,9,14,36,36,0)
173:(51,2,7,14,36,36,0)
174:(49,2,7,14,36,36,0)
175:(51,2,8,15,35,35,0)
176:(49,2,8,15,35,35,0)
177:(49,2,9,15,35,35,0)
178:(50,2,9,15,35,35,0)
179:(51,2,9,16,34,34,0)
180:(49,2,9,16,34,34,0)
181:(49,2,10,16,34,34,0)
182:(50,2,10,16,34,34,0)
183:(51,2,10,17,33,33,0)
184:(49,2,10,17,33,33,0)
185:(49,2,11,17,33,33,0)
186:(50,2,11,17,33,33,0)
187:(51,2,11,18,32,32,0)
188:(49,2,11,18,32,32,0)
189:(49,2,12,18,32,32,0)
190:(50,2,12,18,32,32,0)
191:(51,2,12,19,31,31,0)
192:(49,2,12,19,31,31,0)
193:(49,2,13,19,31,31,0)
194:(50,2,13,19,31,31,0)
195:(51,2,11,19,31,31,0)
196:(49,2,11,19,31,31,0)
197:(51,2,12,20,30,30,0)
198:(49,2,12,20,30,30,0)
199:(49,2,13,20,30,30,0)
200:(50,2,13,20,30,30,0)
201:(51,2,11,20,30,30,0)
202:(49,2,11,20,30,30,0)
203:(51,2,12,21,29,29,0)
204:(49,2,12,21,29,29,0)
205:(49,2,13,21,29,29,0)
206:(50,2,13,21,29,29,0)
207:(51,2,13,22,28,28,0)
208:(49,2,13,22,28,28,0)
209:(49,2,14,22,28,28,0)
210:(50,2,14,22,28,28,0)
211:(51,2,12,22,28,28,0)
212:(49,2,12,22,28,28,0)
213:(51,2,13,23,27,27,0)
214:(49,2,13,23,27,27,0)
215:(49,2,14,23,27,27,0)
216:(50,2,14,23,27,27,0)
217:(51,2,12,23,27,27,0)
218:(49,2,12,23,27,27,0)
219:(51,2,11,23,27,27,0)
220:(49,2,11,23,27,27,0)
221:(51,2,12,24,26,26,0)
222:(49,2,12,24,26,26,0)
223:(49,2,13,24,26,26,0)
224:(50,2,13,24,26,26,0)
225:(51,2,13,25,25,25,0)
226:(49,2,13,25,25,25,0)
227:(49,2,14,25,25,25,0)
228:(50,2,14,25,25,25,0)
229:(51,2,12,25,25,25,0)
230:(49,2,12,25,25,25,0)
231:(51,2,13,26,24,24,0)
232:(49,2,13,26,24,24,0)
233:(49,2,14,26,24,24,0)
234:(50,2,14,26,24,24,0)
235:(51,2,12,26,24,24,0)
236:(49,2,12,26,24,24,0)
237:(51,2,13,27,23,23,0)
238:(49,2,13,27,23,23,0)
239:(49,2,14,27,23,23,0)
240:(50,2,14,27,23,23,0)
241:(51,2,12,27,23,23,0)
242:(49,2,12,27,23,23,0)
243:(51,2,13,28,22,22,0)
244:(49,2,13,28,22,22,0)
245:(49,2,14,28,22,22,0)
246:(50,2,14,28,22,22,0)
247:(51,2,14,29,21,21,0)
248:(49,2,14,29,21,21,0)
249:(49,2,15,29,21,21,0)
250:(50,2,15,29,21,21,0)
251:(51,2,15,30,20,20,0)
252:(49,2,15,30,20,20,0)
253:(49,2,16,30,20,20,0)
254:(50,2,16,30,20,20,0)
255:(51,2,14,30,20,20,0)
256:(49,2,14,30,20,20,0)
257:(51,2,15,31,19,19,0)
258:(49,2,15,31,19,19,0)
259:(49,2,16,31,19,19,0)
260:(50,2,16,31,19,19,0)
261:(51,2,14,31,19,19,0)
262:(49,2,14,31,19,19,0)
263:(51,2,15,32,18,18,0)
264:(49,2,15,32,18,18,0)
265:(49,2,16,32,18,18,0)
266:(50,2,16,32,18,18,0)
267:(51,2,16,33,17,17,0)
268:(49,2,16,33,17,17,0)
269:(49,2,17,33,17,17,0)
270:(50,2,17,33,17,17,0)
271:(51,2,17,34,16,16,0)
272:(49,2,17,34,16,16,0)
273:(49,2,18,34,16,16,0)
274:(50,2,18,34,16,16,0)
275:(51,2,18,35,15,15,0)
276:(49,2,18,35,15,15,0)
277:(49,2,19,35,15,15,0)
278:(50,2,19,35,15,15,0)
279:(51,2,19,36,14,14,0)
280:(49,2,19,36,14,14,0)
281:(49,2,20,36,14,14,0)
282:(50,2,20,36,14,14,0)
283:(51,2,18,36,14,14,0)
284:(49,2,18,36,14,14,0)
285:(51,2,17,36,14,14,0)
286:(49,2,17,36,14,14,0)
287:(51,2,18,37,13,13,0)
288:(49,2,18,37,13,13,0)
289:(49,2,19,37,13,13,0)
290:(50,2,19,37,13,13,0)
291:(51,2,19,38,12,12,0)
292:(49,2,19,38,12,12,0)
293:(49,2,20,38,12,12,0)
294:(50,2,20,38,12,12,0)
295:(51,2,20,39,11,11,0)
296:(49,2,20,39,11,11,0)
297:(49,2,21,39,11,11,0)
298:(50,2,21,39,11,11,0)
299:(51,2,21,40,10,10,0)
300:(49,2,21,40,10,10,0)
301:(49,2,22,40,10,10,0)
302:(50,2,22,40,10,10,0)
303:(51,2,20,40,10,10,0)
304:(49,2,20,40,10,10,0)
305:(51,2,21,41,9,9,0)
306:(49,2,21,41,9,9,0)
307:(49,2,22,41,9,9,0)
308:(50,2,22,41,9,9,0)
309:(51,2,20,41,9,9,0)
310:(49,2,20,41,9,9,0)
311:(51,2,19,41,9,9,0)
312:(49,2,19,41,9,9,0)
313:(51,2,20,42,8,8,0)
314:(49,2,20,42,8,8,0)
315:(49,2,21,42,8,8,0)
316:(50,2,21,42,8,8,0)
317:(51,2,21,43,7,7,0)
318:(49,2,21,43,7,7,0)
319:(49,2,22,43,7,7,0)
320:(50,2,22,43,7,7,0)
321:(51,2,22,44,6,6,0)
322:(49,2,22,44,6,6,0)
323:(49,2,23,44,6,6,0)
324:(50,2,23,44,6,6,0)
325:(51,2,23,45,5,5,0)
326:(49,2,23,45,5,5,0)
327:(49,2,24,45,5,5,0)
328:(50,2,24,45,5,5,0)
329:(51,2,22,45,5,5,0)
330:(49,2,22,45,5,5,0)
331:(51,2,23,46,4,4,0)
332:(49,2,23,46,4,4,0)
333:(49,2,24,46,4,4,0)
334:(50,2,24,46,4,4,0)
335:(51,2,24,47,3,3,0)
336:(49,2,24,47,3,3,0)
337:(49,2,25,47,3,3,0)
338:(50,2,25,47,3,3,0)
339:(51,2,23,47,3,3,0)
340:(49,2,23,47,3,3,0)
341:(51,2,22,47,3,3,0)
342:(49,2,22,47,3,3,0)
343:(51,2,23,48,2,2,0)
344:(49,2,23,48,2,2,0)
345:(49,2,24,48,2,2,0)
346:(50,2,24,48,2,2,0)
347:(51,2,22,48,2,2,0)
348:(49,2,22,48,2,2,0)
349:(51,2,23,49,1,1,0)
350:(49,2,23,49,1,1,0)
351:(49,2,24,49,1,1,0)
352:(50,2,24,49,1,1,0)
353:(51,2,24,50,0,0,0)
354:(49,2,24,50,0,0,0)
355:(49,2,25,50,0,0,0)
356:(50,2,25,50,0,0,0)
357:(51,2,23,50,0,0,0)
358:(49,2,23,50,0,0,0)
359:(51,2,22,50,0,0,0)
360:(49,2,22,50,0,0,0)
361:(51,2,21,50,0,0,0)
362:(49,2,21,50,0,0,0)
363:(51,2,20,50,0,0,0)
364:(49,2,20,50,0,0,0)
365:(51,2,19,50,0,0,0)
366:(49,2,19,50,0,0,0)
367:(51,2,18,50,0,0,0)
368:(49,2,18,50,0,0,0)
369:(51,2,17,50,0,0,0)
370:(49,2,17,50,0,0,0)
371:(51,2,16,50,0,0,0)
372:(49,2,16,50,0,0,0)
373:(51,2,15,50,0,0,0)
374:(49,2,15,50,0,0,0)
375:(51,2,14,50,0,0,0)
376:(49,2,14,50,0,0,0)
377:(51,2,13,50,0,0,0)
378:(49,2,13,50,0,0,0)
379:(51,2,12,50,0,0,0)
380:(49,2,12,50,0,0,0)
381:(51,2,11,50,0,0,0)
382:(49,2,11,50,0,0,0)
383:(51,2,10,50,0,0,0)
384:(49,2,10,50,0,0,0)
385:(51,2,9,50,0,0,0)
386:(49,2,9,50,0,0,0)
387:(51,2,8,50,0,0,0)
388:(49,2,8,50,0,0,0)
389:(51,2,7,50,0,0,0)
390:(49,2,7,50,0,0,0)
391:(51,2,6,50,0,0,0)
392:(49,2,6,50,0,0,0)
393:(51,2,5,50,0,0,0)
394:(49,2,5,50,0,0,0)
395:(51,2,4,50,0,0,0)
396:(49,2,4,50,0,0,0)
397:(51,2,3,50,0,0,0)
398:(49,2,3,50,0,0,0)
399:(51,2,2,50,0,0,0)
400:(49,2,2,50,0,0,0)
401:(51,2,1,50,0,0,0)
402:(49,2,1,50,0,0,0)
403:(51,2,0,50,0,0,0)
404:(49,2,0,50,0,0,0)
405:(48,2,1,1,49,49,0)
406:(47,2,2,1,49,49,0)
407:(49,2,0,1,49,49,0)
408:(49,2,1,2,48,48,0)
409:(48,2,2,2,48,48,0)
410:(49,2,2,3,47,47,0)
411:(48,2,3,3,47,47,0)
412:(49,2,3,4,46,46,0)
413:(48,2,4,4,46,46,0)
414:(49,2,4,5,45,45,0)
415:(48,2,5,5,45,45,0)
416:(50,2,3,5,45,45,0)
417:(50,2,4,6,44,44,0)
418:(49,2,5,6,44,44,0)
419:(50,2,5,7,43,43,0)
420:(49,2,6,7,43,43,0)
421:(50,2,6,8,42,42,0)
422:(49,2,7,8,42,42,0)
423:(50,2,5,8,42,42,0)
424:(50,2,6,9,41,41,0)
425:(49,2,7,9,41,41,0)
426:(50,2,7,10,40,40,0)
427:(49,2,8,10,40,40,0)
428:(51,2,6,10,40,40,0)
429:(52,2,5,10,40,40,0)
430:(52,2,6,11,39,39,0)
431:(51,2,7,11,39,39,0)
432:(52,2,5,11,39,39,0)
433:(52,2,6,12,38,38,0)
434:(51,2,7,12,38,38,0)
435:(52,2,7,13,37,37,0)
436:(51,2,8,13,37,37,0)
437:(52,2,8,14,36,36,0)
438:(51,2,9,14,36,36,0)
439:(52,2,7,14,36,36,0)
440:(52,2,8,15,35,35,0)
441:(51,2,9,15,35,35,0)
442:(52,2,9,16,34,34,0)
443:(51,2,10,16,34,34,0)
444:(52,2,10,17,33,33,0)
445:(51,2,11,17,33,33,0)
446:(52,2,11,18,32,32,0)
447:(51,2,12,18,32,32,0)
448:(52,2,12,19,31,31,0)
449:(51,2,13,19,31,31,0)
450:(52,2,11,19,31,31,0)
451:(52,2,12,20,30,30,0)
452:(51,2,13,20,30,30,0)
453:(52,2,11,20,30,30,0)
454:(52,2,12,21,29,29,0)
455:(51,2,13,21,29,29,0)
456:(52,2,13,22,28,28,0)
457:(51,2,14,22,28,28,0)
458:(52,2,12,22,28,28,0)
459:(52,2,13,23,27,27,0)
460:(51,2,14,23,27,27,0)
461:(52,2,12,23,27,27,0)
462:(52,2,11,23,27,27,0)
463:(52,2,12,24,26,26,0)
464:(51,2,13,24,26,26,0)
465:(52,2,13,25,25,25,0)
466:(51,2,14,25,25,25,0)
467:(52,2,12,25,25,25,0)
468:(52,2,13,26,24,24,0)
469:(51,2,14,26,24,24,0)
470:(52,2,12,26,24,24,0)
471:(52,2,13,27,23,23,0)
472:(51,2,14,27,23,23,0)
473:(52,2,12,27,23,23,0)
474:(52,2,13,28,22,22,0)
475:(51,2,14,28,22,22,0)
476:(52,2,14,29,21,21,0)
477:(51,2,15,29,21,21,0)
478:(52,2,15,30,20,20,0)
479:(51,2,16,30,20,20,0)
480:(52,2,14,30,20,20,0)
481:(52,2,15,31,19,19,0)
482:(51,2,16,31,19,19,0)
483:(52,2,14,31,19,19,0)
484:(52,2,15,32,18,18,0)
485:(51,2,16,32,18,18,0)
486:(52,2,16,33,17,17,0)
487:(51,2,17,33,17,17,0)
488:(52,2,17,34,16,16,0)
489:(51,2,18,34,16,16,0)
490:(52,2,18,35,15,15,0)
491:(51,2,19,35,15,15,0)
492:(52,2,19,36,14,14,0)
493:(51,2,20,36,14,14,0)
494:(52,2,18,36,14,14,0)
495:(52,2,17,36,14,14,0)
496:(52,2,18,37,13,13,0)
497:(51,2,19,37,13,13,0)
498:(52,2,19,38,12,12,0)
499:(51,2,20,38,12,12,0)
500:(52,2,20,39,11,11,0)
501:(51,2,21,39,11,11,0)
502:(52,2,21,40,10,10,0)
503:(51,2,22,40,10,10,0)
504:(52,2,20,40,10,10,0)
505:(52,2,21,41,9,9,0)
506:(51,2,22,41,9,9,0)
507:(52,2,20,41,9,9,0)
508:(52,2,19,41,9,9,0)
509:(52,2,20,42,8,8,0)
510:(51,2,21,42,8,8,0)
511:(52,2,21,43,7,7,0)
512:(51,2,22,43,7,7,0)
513:(52,2,22,44,6,6,0)
514:(51,2,23,44,6,6,0)
515:(52,2,23,45,5,5,0)
516:(51,2,24,45,5,5,0)
517:(52,2,22,45,5,5,0)
518:(52,2,23,46,4,4,0)
519:(51,2,24,46,4,4,0)
520:(52,2,24,47,3,3,0)
521:(51,2,25,47,3,3,0)
522:(52,2,23,47,3,3,0)
523:(52,2,22,47,3,3,0)
524:(52,2,23,48,2,2,0)
525:(51,2,24,48,2,2,0)
526:(52,2,22,48,2,2,0)
527:(52,2,23,49,1,1,0)
528:(51,2,24,49,1,1,0)
529:(52,2,24,50,0,0,0)
530:(51,2,25,50,0,0,0)
531:(52,2,23,50,0,0,0)
532:(52,2,22,50,0,0,0)
533:(52,2,21,50,0,0,0)
534:(52,2,20,50,0,0,0)
535:(52,2,19,50,0,0,0)
536:(52,2,18,50,0,0,0)
537:(52,2,17,50,0,0,0)
538:(52,2,16,50,0,0,0)
539:(52,2,15,50,0,0,0)
540:(52,2,14,50,0,0,0)
541:(52,2,13,50,0,0,0)
542:(52,2,12,50,0,0,0)
543:(52,2,11,50,0,0,0)
544:(52,2,10,50,0,0,0)
545:(52,2,9,50,0,0,0)
546:(52,2,8,50,0,0,0)
547:(52,2,7,50,0,0,0)
548:(52,2,6,50,0,0,0)
549:(52,2,5,50,0,0,0)
550:(52,2,4,50,0,0,0)
551:(52,2,3,50,0,0,0)
552:(52,2,2,50,0,0,0)
553:(52,2,1,50,0,0,0)
554:(52,2,0,50,0,0,0)
555:(48,2,0,0,50,50,0)
556:(50,2,0,1,49,49,0)
557:(49,2,1,1,49,49,0)
558:(50,2,1,2,48,48,0)
559:(49,2,2,2,48,48,0)
560:(50,2,2,3,47,47,0)
561:(49,2,3,3,47,47,0)
562:(50,2,3,4,46,46,0)
563:(49,2,4,4,46,46,0)
564:(50,2,4,5,45,45,0)
565:(49,2,5,5,45,45,0)
566:(51,2,3,5,45,45,0)
567:(51,2,4,6,44,44,0)
568:(50,2,5,6,44,44,0)
569:(51,2,5,7,43,43,0)
570:(50,2,6,7,43,43,0)
571:(51,2,6,8,42,42,0)
572:(50,2,7,8,42,42,0)
573:(51,2,5,8,42,42,0)
574:(51,2,6,9,41,41,0)
575:(50,2,7,9,41,41,0)
576:(51,2,7,10,40,40,0)
577:(50,2,8,10,40,40,0)
578:(52,2,6,10,40,40,0)
579:(53,2,5,10,40,40,0)
580:(53,2,6,11,39,39,0)
581:(52,2,7,11,39,39,0)
582:(53,2,5,11,39,39,0)
583:(53,2,6,12,38,38,0)
584:(52,2,7,12,38,38,0)
585:(53,2,7,13,37,37,0)
586:(52,2,8,13,37,37,0)
587:(53,2,8,14,36,36,0)
588:(52,2,9,14,36,36,0)
589:(53,2,7,14,36,36,0)
590:(53,2,8,15,35,35,0)
591:(52,2,9,15,35,35,0)
592:(53,2,9,16,34,34,0)
593:(52,2,10,16,34,34,0)
594:(53,2,10,17,33,33,0)
595:(52,2,11,17,33,33,0)
596:(53,2,11,18,32,32,0)
597:(52,2,12,18,32,32,0)
598:(53,2,12,19,31,31,0)
599:(52,2,13,19,31,31,0)
600:(53,2,11,19,31,31,0)
601:(53,2,12,20,30,30,0)
602:(52,2,13,20,30,30,0)
603:(53,2,11,20,30,30,0)
604:(53,2,12,21,29,29,0)
605:(52,2,13,21,29,29,0)
606:(53,2,13,22,28,28,0)
607:(52,2,14,22,28,28,0)
608:(53,2,12,22,28,28,0)
609:(53,2,13,23,27,27,0)
610:(52,2,14,23,27,27,0)
611:(53,2,12,23,27,27,0)
612:(53,2,11,23,27,27,0)
613:(53,2,12,24,26,26,0)
614:(52,2,13,24,26,26,0)
615:(53,2,13,25,25,25,0)
616:(52,2,14,25,25,25,0)
617:(53,2,12,25,25,25,0)
618:(53,2,13,26,24,24,0)
619:(52,2,14,26,24,24,0)
620:(53,2,12,26,24,24,0)
621:(53,2,13,27,23,23,0)
622:(52,2,14,27,23,23,0)
623:(53,2,12,27,23,23,0)
624:(53,2,13,28,22,22,0)
625:(52,2,14,28,22,22,0)
626:(53,2,14,29,21,21,0)
627:(52,2,15,29,21,21,0)
628:(53,2,15,30,20,20,0)
629:(52,2,16,30,20,20,0)
630:(53,2,14,30,20,20,0)
631:(53,2,15,31,19,19,0)
632:(52,2,16,31,19,19,0)
633:(53,2,14,31,19,19,0)
634:(53,2,15,32,18,18,0)
635:(52,2,16,32,18,18,0)
636:(53,2,16,33,17,17,0)
637:(52,2,17,33,17,17,0)
638:(53,2,17,34,16,16,0)
639:(52,2,18,34,16,16,0)
640:(53,2,18,35,15,15,0)
641:(52,2,19,35,15,15,0)
642:(53,2,19,36,14,14,0)
643:(52,2,20,36,14,14,0)
644:(53,2,18,36,14,14,0)
645:(53,2,17,36,14,14,0)
646:(53,2,18,37,13,13,0)
647:(52,2,19,37,13,13,0)
648:(53,2,19,38,12,12,0)
649:(52,2,20,38,12,12,0)
650:(53,2,20,39,11,11,0)
651:(52,2,21,39,11,11,0)
652:(53,2,21,40,10,10,0)
653:(52,2,22,40,10,10,0)
654:(53,2,20,40,10,10,0)
655:(53,2,21,41,9,9,0)
656:(52,2,22,41,9,9,0)
657:(53,2,20,41,9,9,0)
658:(53,2,19,41,9,9,0)
659:(53,2,20,42,8,8,0)
660:(52,2,21,42,8,8,0)
661:(53,2,21,43,7,7,0)
662:(52,2,22,43,7,7,0)
663:(53,2,22,44,6,6,0)
664:(52,2,23,44,6,6,0)
665:(53,2,23,45,5,5,0)
666:(52,2,24,45,5,5,0)
667:(53,2,22,45,5,5,0)
668:(53,2,23,46,4,4,0)
669:(52,2,24,46,4,4,0)
670:(53,2,24,47,3,3,0)
671:(52,2,25,47,3,3,0)
672:(53,2,23,47,3,3,0)
673:(53,2,22,47,3,3,0)
674:(53,2,23,48,2,2,0)
675:(52,2,24,48,2,2,0)
676:(53,2,22,48,2,2,0)
677:(53,2,23,49,1,1,0)
678:(52,2,24,49,1,1,0)
679:(53,2,24,50,0,0,0)
680:(52,2,25,50,0,0,0)
681:(53,2,23,50,0,0,0)
682:(53,2,22,50,0,0,0)
683:(53,2,21,50,0,0,0)
684:(53,2,20,50,0,0,0)
685:(53,2,19,50,0,0,0)
686:(53,2,18,50,0,0,0)
687:(53,2,17,50,0,0,0)
688:(53,2,16,50,0,0,0)
689:(53,2,15,50,0,0,0)
690:(53,2,14,50,0,0,0)
691:(53,2,13,50,0,0,0)
692:(53,2,12,50,0,0,0)
693:(53,2,11,50,0,0,0)
694:(53,2,10,50,0,0,0)
695:(53,2,9,50,0,0,0)
696:(53,2,8,50,0,0,0)
697:(53,2,7,50,0,0,0)
698:(53,2,6,50,0,0,0)
699:(53,2,5,50,0,0,0)
700:(53,2,4,50,0,0,0)
701:(53,2,3,50,0,0,0)
702:(53,2,2,50,0,0,0)
703:(53,2,1,50,0,0,0)
704:(53,2,0,50,0,0,0)
705:(49,2,0,0,50,50,0)
706:(51,2,1,2,48,48,0)
707:(50,2,2,2,48,48,0)
708:(51,2,2,3,47,47,0)
709:(50,2,3,3,47,47,0)
710:(51,2,3,4,46,46,0)
711:(50,2,4,4,46,46,0)
712:(51,2,4,5,45,45,0)
713:(50,2,5,5,45,45,0)
714:(52,2,3,5,45,45,0)
715:(52,2,4,6,44,44,0)
716:(51,2,5,6,44,44,0)
717:(52,2,5,7,43,43,0)
718:(51,2,6,7,43,43,0)
719:(52,2,6,8,42,42,0)
720:(51,2,7,8,42,42,0)
721:(52,2,5,8,42,42,0)
722:(52,2,6,9,41,41,0)
723:(51,2,7,9,41,41,0)
724:(52,2,7,10,40,40,0)
725:(51,2,8,10,40,40,0)
726:(53,2,6,10,40,40,0)
727:(54,2,5,10,40,40,0)
728:(54,2,6,11,39,39,0)
729:(53,2,7,11,39,39,0)
730:(54,2,5,11,39,39,0)
731:(54,2,6,12,38,38,0)
732:(53,2,7,12,38,38,0)
733:(54,2,7,13,37,37,0)
734:(53,2,8,13,37,37,0)
735:(54,2,8,14,36,36,0)
736:(53,2,9,14,36,36,0)
737:(54,2,7,14,36,36,0)
738:(54,2,8,15,35,35,0)
739:(53,2,9,15,35,35,0)
740:(54,2,9,16,34,34,0)
741:(53,2,10,16,34,34,0)
742:(54,2,10,17,33,33,0)
743:(53,2,11,17,33,33,0)
744:(54,2,11,18,32,32,0)
745:(53,2,12,18,32,32,0)
746:(54,2,12,19,31,31,0)
747:(53,2,13,19,31,31,0)
748:(54,2,11,19,31,31,0)
749:(54,2,12,20,30,30,0)
750:(53,2,13,20,30,30,0)
751:(54,2,11,20,30,30,0)
752:(54,2,12,21,29,29,0)
753:(53,2,13,21,29,29,0)
754:(54,2,13,22,28,28,0)
755:(53,2,14,22,28,28,0)
756:(54,2,12,22,28,28,0)
757:(54,2,13,23,27,27,0)
758:(53,2,14,23,27,27,0)
759:(54,2,12,23,27,27,0)
760:(54,2,11,23,27,27,0)
761:(54,2,12,24,26,26,0)
762:(53,2,13,24,26,26,0)
763:(54,2,13,25,25,25,0)
764:(53,2,14,25,25,25,0)
765:(54,2,12,25,25,25,0)
766:(54,2,13,26,24,24,0)
767:(53,2,14,26,24,24,0)
768:(54,2,12,26,24,24,0)
769:(54,2,13,27,23,23,0)
770:(53,2,14,27,23,23,0)
771:(54,2,12,27,23,23,0)
772:(54,2,13,28,22,22,0)
773:(53,2,14,28,22,22,0)
774:(54,2,14,29,21,21,0)
775:(53,2,15,29,21,21,0)
776:(54,2,15,30,20,20,0)
777:(53,2,16,30,20,20,0)
778:(54,2,14,30,20,20,0)
779:(54,2,15,31,19,19,0)
780:(53,2,16,31,19,19,0)
781:(54,2,14,31,19,19,0)
782:(54,2,15,32,18,18,0)
783:(53,2,16,32,18,18,0)
784:(54,2,16,33,17,17,0)
785:(53,2,17,33,17,17,0)
786:(54,2,17,34,16,16,0)
787:(53,2,18,34,16,16,0)
788:(54,2,18,35,15,15,0)
789:(53,2,19,35,15,15,0)
790:(54,2,19,36,14,14,0)
791:(53,2,20,36,14,14,0)
792:(54,2,18,36,14,14,0)
793:(54,2,17,36,14,14,0)
794:(54,2,18,37,13,13,0)
795:(53,2,19,37,13,13,0)
796:(54,2,19,38,12,12,0)
797:(53,2,20,38,12,12,0)
798:(54,2,20,39,11,11,0)
799:(53,2,21,39,11,11,0)
800:(54,2,21,40,10,10,0)
801:(53,2,22,40,10,10,0)
802:(54,2,20,40,10,10,0)
803:(54,2,21,41,9,9,0)
804:(53,2,22,41,9,9,0)
805:(54,2,20,41,9,9,0)
806:(54,2,19,41,9,9,0)
807:(54,2,20,42,8,8,0)
808:(53,2,21,42,8,8,0)
809:(54,2,21,43,7,7,0)
810:(53,2,22,43,7,7,0)
811:(54,2,22,44,6,6,0)
812:(53,2,23,44,6,6,0)
813:(54,2,23,45,5,5,0)
814:(53,2,24,45,5,5,0)
815:(54,2,22,45,5,5,0)
816:(54,2,23,46,4,4,0)
817:(53,2,24,46,4,4,0)
818:(54,2,24,47,3,3,0)
819:(53,2,25,47,3,3,0)
820:(54,2,23,47,3,3,0)
821:(54,2,22,47,3,3,0)
822:(54,2,23,48,2,2,0)
823:(53,2,24,48,2,2,0)
824:(54,2,22,48,2,2,0)
825:(54,2,23,49,1,1,0)
826:(53,2,24,49,1,1,0)
827:(54,2,24,50,0,0,0)
828:(53,2,25,50,0,0,0)
829:(54,2,23,50,0,0,0)
830:(54,2,22,50,0,0,0)
831:(54,2,21,50,0,0,0)
832:(54,2,20,50,0,0,0)
833:(54,2,19,50,0,0,0)
834:(54,2,18,50,0,0,0)
835:(54,2,17,50,0,0,0)
836:(54,2,16,50,0,0,0)
837:(54,2,15,50,0,0,0)
838:(54,2,14,50,0,0,0)
839:(54,2,13,50,0,0,0)
840:(54,2,12,50,0,0,0)
841:(54,2,11,50,0,0,0)
842:(54,2,10,50,0,0,0)
843:(54,2,9,50,0,0,0)
844:(54,2,8,50,0,0,0)
845:(54,2,7,50,0,0,0)
846:(54,2,6,50,0,0,0)
847:(54,2,5,50,0,0,0)
848:(54,2,4,50,0,0,0)
849:(54,2,3,50,0,0,0)
850:(54,2,2,50,0,0,0)
851:(54,2,1,50,0,0,0)
852:(54,2,0,50,0,0,0)
853:(51,2,0,1,49,49,0)
854:(50,2,1,1,49,49,0)
855:(50,2,0,0,50,50,0)
856:(52,2,2,3,47,47,0)
857:(51,2,3,3,47,47,0)
858:(52,2,3,4,46,46,0)
859:(51,2,4,4,46,46,0)
860:(52,2,4,5,45,45,0)
861:(51,2,5,5,45,45,0)
862:(53,2,3,5,45,45,0)
863:(53,2,4,6,44,44,0)
864:(52,2,5,6,44,44,0)
865:(53,2,5,7,43,43,0)
866:(52,2,6,7,43,43,0)
867:(53,2,6,8,42,42,0)
868:(52,2,7,8,42,42,0)
869:(53,2,5,8,42,42,0)
870:(53,2,6,9,41,41,0)
871:(52,2,7,9,41,41,0)
872:(53,2,7,10,40,40,0)
873:(52,2,8,10,40,40,0)
874:(54,2,6,10,40,40,0)
875:(55,2,5,10,40,40,0)
876:(55,2,6,11,39,39,0)
877:(54,2,7,11,39,39,0)
878:(55,2,5,11,39,39,0)
879:(55,2,6,12,38,38,0)
880:(54,2,7,12,38,38,0)
881:(55,2,7,13,37,37,0)
882:(54,2,8,13,37,37,0)
883:(55,2,8,14,36,36,0)
884:(54,2,9,14,36,36,0)
885:(55,2,7,14,36,36,0)
886:(55,2,8,15,35,35,0)
887:(54,2,9,15,35,35,0)
888:(55,2,9,16,34,34,0)
889:(54,2,10,16,34,34,0)
890:(55,2,10,17,33,33,0)
891:(54,2,11,17,33,33,0)
892:(55,2,11,18,32,32,0)
893:(54,2,12,18,32,32,0)
894:(55,2,12,19,31,31,0)
895:(54,2,13,19,31,31,0)
896:(55,2,11,19,31,31,0)
897:(55,2,12,20,30,30,0)
898:(54,2,13,20,30,30,0)
899:(55,2,11,20,30,30,0)
900:(55,2,12,21,29,29,0)
901:(54,2,13,21,29,29,0)
902:(55,2,13,22,28,28,0)
903:(54,2,14,22,28,28,0)
904:(55,2,12,22,28,28,0)
905:(55,2,13,23,27,27,0)
906:(54,2,14,23,27,27,0)
907:(55,2,12,23,27,27,0)
908:(55,2,11,23,27,27,0)
909:(55,2,12,24,26,26,0)
910:(54,2,13,24,26,26,0)
911:(55,2,13,25,25,25,0)
912:(54,2,14,25,25,25,0)
913:(55,2,12,25,25,25,0)
914:(55,2,13,26,24,24,0)
915:(54,2,14,26,24,24,0)
916:(55,2,12,26,24,24,0)
917:(55,2,13,27,23,23,0)
918:(54,2,14,27,23,23,0)
919:(55,2,12,27,23,23,0)
920:(55,2,13,28,22,22,0)
921:(54,2,14,28,22,22,0)
922:(55,2,14,29,21,21,0)
923:(54,2,15,29,21,21,0)
924:(55,2,15,30,20,20,0)
925:(54,2,16,30,20,20,0)
926:(55,2,14,30,20,20,0)
927:(55,2,15,31,19,19,0)
928:(54,2,16,31,19,19,0)
929:(55,2,14,31,19,19,0)
930:(55,2,15,32,18,18,0)
931:(54,2,16,32,18,18,0)
932:(55,2,16,33,17,17,0)
933:(54,2,17,33,17,17,0)
934:(55,2,17,34,16,16,0)
935:(54,2,18,34,16,16,0)
936:(55,2,18,35,15,15,0)
937:(54,2,19,35,15,15,0)
938:(55,2,19,36,14,14,0)
939:(54,2,20,36,14,14,0)
940:(55,2,18,36,14,14,0)
941:(55,2,17,36,14,14,0)
942:(55,2,18,37,13,13,0)
943:(54,2,19,37,13,13,0)
944:(55,2,19,38,12,12,0)
945:(54,2,20,38,12,12,0)
946:(55,2,20,39,11,11,0)
947:(54,2,21,39,11,11,0)
948:(55,2,21,40,10,10,0)
949:(54,2,22,40,10,10,0)
950:(55,2,20,40,10,10,0)
951:(55,2,21,41,9,9,0)
952:(54,2,22,41,9,9,0)
953:(55,2,20,41,9,9,0)
954:(55,2,19,41,9,9,0)
955:(55,2,20,42,8,8,0)
956:(54,2,21,42,8,8,0)
957:(55,2,21,43,7,7,0)
958:(54,2,22,43,7,7,0)
959:(55,2,22,44,6,6,0)
960:(54,2,23,44,6,6,0)
961:(55,2,23,45,5,5,0)
962:(54,2,24,45,5,5,0)
963:(55,2,22,45,5,5,0)
964:(55,2,23,46,4,4,0)
965:(54,2,24,46,4,4,0)
966:(55,2,24,47,3,3,0)
967:(54,2,25,47,3,3,0)
968:(55,2,23,47,3,3,0)
969:(55,2,22,47,3,3,0)
970:(55,2,23,48,2,2,0)
971:(54,2,24,48,2,2,0)
972:(55,2,22,48,2,2,0)
973:(55,2,23,49,1,1,0)
974:(54,2,24,49,1,1,0)
975:(55,2,24,50,0,0,0)
976:(54,2,25,50,0,0,0)
977:(55,2,23,50,0,0,0)
978:(55,2,22,50,0,0,0)
979:(55,2,21,50,0,0,0)
980:(55,2,20,50,0,0,0)
981:(55,2,19,50,0,0,0)
982:(55,2,18,50,0,0,0)
983:(55,2,17,50,0,0,0)
984:(55,2,16,50,0,0,0)
985:(55,2,15,50,0,0,0)
986:(55,2,14,50,0,0,0)
987:(55,2,13,50,0,0,0)
988:(55,2,12,50,0,0,0)
989:(55,2,11,50,0,0,0)
990:(55,2,10,50,0,0,0)
991:(55,2,9,50,0,0,0)
992:(55,2,8,50,0,0,0)
993:(55,2,7,50,0,0,0)
994:(55,2,6,50,0,0,0)
995:(55,2,5,50,0,0,0)
996:(55,2,4,50,0,0,0)
997:(55,2,3,50,0,0,0)
998:(55,2,2,50,0,0,0)
999:(55,2,1,50,0,0,0)
1000:(55,2,0,50,0,0,0)
1001:(52,2,1,2,48,48,0)
1002:(52,2,0,1,49,49,0)
1003:(51,2,1,1,49,49,0)
1004:(51,2,0,0,50,50,0)
1005:(53,2,3,4,46,46,0)
1006:(52,2,4,4,46,46,0)
1007:(53,2,4,5,45,45,0)
1008:(52,2,5,5,45,45,0)
1009:(54,2,3,5,45,45,0)
1010:(54,2,4,6,44,44,0)
1011:(53,2,5,6,44,44,0)
1012:(54,2,5,7,43,43,0)
1013:(53,2,6,7,43,43,0)
1014:(54,2,6,8,42,42,0)
1015:(53,2,7,8,42,42,0)
1016:(54,2,5,8,42,42,0)
1017:(54,2,6,9,41,41,0)
1018:(53,2,7,9,41,41,0)
1019:(54,2,7,10,40,40,0)
1020:(53,2,8,10,40,40,0)
1021:(55,2,6,10,40,40,0)
1022:(56,2,5,10,40,40,0)
1023:(56,2,6,11,39,39,0)
1024:(55,2,7,11,39,39,0)
1025:(56,2,5,11,39,39,0)
1026:(56,2,6,12,38,38,0)
1027:(55,2,7,12,38,38,0)
1028:(56,2,7,13,37,37,0)
1029:(55,2,8,13,37,37,0)
1030:(56,2,8,14,36,36,0)
1031:(55,2,9,14,36,36,0)
1032:(56,2,7,14,36,36,0)
1033:(56,2,8,15,35,35,0)
1034:(55,2,9,15,35,35,0)
1035:(56,2,9,16,34,34,0)
1036:(55,2,10,16,34,34,0)
1037:(56,2,10,17,33,33,0)
1038:(55,2,11,17,33,33,0)
1039:(56,2,11,18,32,32,0)
1040:(55,2,12,18,32,32,0)
1041:(56,2,12,19,31,31,0)
1042:(55,2,13,19,31,31,0)
1043:(56,2,11,19,31,31,0)
1044:(56,2,12,20,30,30,0)
1045:(55,2,13,20,30,30,0)
1046:(56,2,11,20,30,30,0)
1047:(56,2,12,21,29,29,0)
1048:(55,2,13,21,29,29,0)
1049:(56,2,13,22,28,28,0)
1050:(55,2,14,22,28,28,0)
1051:(56,2,12,22,28,28,0)
1052:(56,2,13,23,27,27,0)
1053:(55,2,14,23,27,27,0)
1054:(56,2,12,23,27,27,0)
1055:(56,2,11,23,27,27,0)
1056:(56,2,12,24,26,26,0)
1057:(55,2,13,24,26,26,0)
1058:(56,2,13,25,25,25,0)
1059:(55,2,14,25,25,25,0)
1060:(56,2,12,25,25,25,0)
1061:(56,2,13,26,24,24,0)
1062:(55,2,14,26,24,24,0)
1063:(56,2,12,26,24,24,0)
1064:(56,2,13,27,23,23,0)
1065:(55,2,14,27,23,23,0)
1066:(56,2,12,27,23,23,0)
1067:(56,2,13,28,22,22,0)
1068:(55,2,14,28,22,22,0)
1069:(56,2,14,29,21,21,0)
1070:(55,2,15,29,21,21,0)
1071:(56,2,15,30,20,20,0)
1072:(55,2,16,30,20,20,0)
1073:(56,2,14,30,20,20,0)
1074:(56,2,15,31,19,19,0)
1075:(55,2,16,31,19,19,0)
1076:(56,2,14,31,19,19,0)
1077:(56,2,15,32,18,18,0)
1078:(55,2,16,32,18,18,0)
1079:(56,2,16,33,17,17,0)
1080:(55,2,17,33,17,17,0)
1081:(56,2,17,34,16,16,0)
1082:(55,2,18,34,16,16,0)
1083:(56,2,18,35,15,15,0)
1084:(55,2,19,35,15,15,0)
1085:(56,2,19,36,14,14,0)
1086:(55,2,20,36,14,14,0)
1087:(56,2,18,36,14,14,0)
1088:(56,2,17,36,14,14,0)
1089:(56,2,18,37,13,13,0)
1090:(55,2,19,37,13,13,0)
1091:(56,2,19,38,12,12,0)
1092:(55,2,20,38,12,12,0)
1093:(56,2,20,39,11,11,0)
1094:(55,2,21,39,11,11,0)
1095:(56,2,21,40,10,10,0)
1096:(55,2,22,40,10,10,0)
1097:(56,2,20,40,10,10,0)
1098:(56,2,21,41,9,9,0)
1099:(55,2,22,41,9,9,0)
1100:(56,2,20,41,9,9,0)
1101:(56,2,19,41,9,9,0)
1102:(56,2,20,42,8,8,0)
1103:(55,2,21,42,8,8,0)
1104:(56,2,21,43,7,7,0)
1105:(55,2,22,43,7,7,0)
1106:(56,2,22,44,6,6,0)
1107:(55,2,23,44,6,6,0)
1108:(56,2,23,45,5,5,0)
1109:(55,2,24,45,5,5,0)
1110:(56,2,22,45,5,5,0)
1111:(56,2,23,46,4,4,0)
1112:(55,2,24,46,4,4,0)
1113:(56,2,24,47,3,3,0)
1114:(55,2,25,47,3,3,0)
1115:(56,2,23,47,3,3,0)
1116:(56,2,22,47,3,3,0)
1117:(56,2,23,48,2,2,0)
1118:(55,2,24,48,2,2,0)
1119:(56,2,22,48,2,2,0)
1120:(56,2,23,49,1,1,0)
1121:(55,2,24,49,1,1,0)
1122:(56,2,24,50,0,0,0)
1123:(55,2,25,50,0,0,0)
1124:(56,2,23,50,0,0,0)
1125:(56,2,22,50,0,0,0)
1126:(56,2,21,50,0,0,0)
1127:(56,2,20,50,0,0,0)
1128:(56,2,19,50,0,0,0)
1129:(56,2,18,50,0,0,0)
1130:(56,2,17,50,0,0,0)
1131:(56,2,16,50,0,0,0)
1132:(56,2,15,50,0,0,0)
1133:(56,2,14,50,0,0,0)
1134:(56,2,13,50,0,0,0)
1135:(56,2,12,50,0,0,0)
1136:(56,2,11,50,0,0,0)
1137:(56,2,10,50,0,0,0)
1138:(56,2,9,50,0,0,0)
1139:(56,2,8,50,0,0,0)
1140:(56,2,7,50,0,0,0)
1141:(56,2,6,50,0,0,0)
1142:(56,2,5,50,0,0,0)
1143:(56,2,4,50,0,0,0)
1144:(56,2,3,50,0,0,0)
1145:(56,2,2,50,0,0,0)
1146:(56,2,1,50,0,0,0)
1147:(56,2,0,50,0,0,0)
1148:(49,2,2,1,49,49,0)
1149:(49,2,1,0,50,50,0)
1150:(49,2,5,4,46,46,0)
1151:(50,2,5,4,46,46,0)
1152:(49,2,6,5,45,45,0)
1153:(50,2,6,5,45,45,0)
1154:(50,2,6,6,44,44,0)
1155:(51,2,6,6,44,44,0)
1156:(50,2,7,7,43,43,0)
1157:(51,2,7,7,43,43,0)
1158:(50,2,8,8,42,42,0)
1159:(51,2,8,8,42,42,0)
1160:(50,2,8,9,41,41,0)
1161:(51,2,8,9,41,41,0)
1162:(50,2,9,10,40,40,0)
1163:(51,2,9,10,40,40,0)
1164:(52,2,8,11,39,39,0)
1165:(53,2,8,11,39,39,0)
1166:(52,2,8,12,38,38,0)
1167:(53,2,8,12,38,38,0)
1168:(52,2,9,13,37,37,0)
1169:(53,2,9,13,37,37,0)
1170:(52,2,10,14,36,36,0)
1171:(53,2,10,14,36,36,0)
1172:(52,2,10,15,35,35,0)
1173:(53,2,10,15,35,35,0)
1174:(52,2,11,16,34,34,0)
1175:(53,2,11,16,34,34,0)
1176:(52,2,12,17,33,33,0)
1177:(53,2,12,17,33,33,0)
1178:(52,2,13,18,32,32,0)
1179:(53,2,13,18,32,32,0)
1180:(52,2,14,19,31,31,0)
1181:(53,2,14,19,31,31,0)
1182:(52,2,14,20,30,30,0)
1183:(53,2,14,20,30,30,0)
1184:(52,2,14,21,29,29,0)
1185:(53,2,14,21,29,29,0)
1186:(52,2,15,22,28,28,0)
1187:(53,2,15,22,28,28,0)
1188:(52,2,15,23,27,27,0)
1189:(53,2,15,23,27,27,0)
1190:(52,2,14,24,26,26,0)
1191:(53,2,14,24,26,26,0)
1192:(52,2,15,25,25,25,0)
1193:(53,2,15,25,25,25,0)
1194:(52,2,15,26,24,24,0)
1195:(53,2,15,26,24,24,0)
1196:(52,2,15,27,23,23,0)
1197:(53,2,15,27,23,23,0)
1198:(52,2,15,28,22,22,0)
1199:(53,2,15,28,22,22,0)
1200:(52,2,16,29,21,21,0)
1201:(53,2,16,29,21,21,0)
1202:(52,2,17,30,20,20,0)
1203:(53,2,17,30,20,20,0)
1204:(52,2,17,31,19,19,0)
1205:(53,2,17,31,19,19,0)
1206:(52,2,17,32,18,18,0)
1207:(53,2,17,32,18,18,0)
1208:(52,2,18,33,17,17,0)
1209:(53,2,18,33,17,17,0)
1210:(52,2,19,34,16,16,0)
1211:(53,2,19,34,16,16,0)
1212:(52,2,20,35,15,15,0)
1213:(53,2,20,35,15,15,0)
1214:(52,2,21,36,14,14,0)
1215:(53,2,21,36,14,14,0)
1216:(52,2,20,37,13,13,0)
1217:(53,2,20,37,13,13,0)
1218:(52,2,21,38,12,12,0)
1219:(53,2,21,38,12,12,0)
1220:(52,2,22,39,11,11,0)
1221:(53,2,22,39,11,11,0)
1222:(52,2,23,40,10,10,0)
1223:(53,2,23,40,10,10,0)
1224:(52,2,23,41,9,9,0)
1225:(53,2,23,41,9,9,0)
1226:(52,2,22,42,8,8,0)
1227:(53,2,22,42,8,8,0)
1228:(52,2,23,43,7,7,0)
1229:(53,2,23,43,7,7,0)
1230:(52,2,24,44,6,6,0)
1231:(53,2,24,44,6,6,0)
1232:(52,2,25,45,5,5,0)
1233:(53,2,25,45,5,5,0)
1234:(52,2,25,46,4,4,0)
1235:(53,2,25,46,4,4,0)
1236:(52,2,26,47,3,3,0)
1237:(53,2,26,47,3,3,0)
1238:(52,2,25,48,2,2,0)
1239:(53,2,25,48,2,2,0)
1240:(52,2,25,49,1,1,0)
1241:(53,2,25,49,1,1,0)
1242:(52,2,26,50,0,0,0)
1243:(53,2,26,50,0,0,0)
1244:(51,2,2,2,48,48,0)
1245:(50,2,2,1,49,49,0)
1246:(50,2,1,0,50,50,0)
1247:(51,2,5,4,46,46,0)
1248:(51,2,6,5,45,45,0)
1249:(52,2,6,6,44,44,0)
1250:(52,2,7,7,43,43,0)
1251:(52,2,8,8,42,42,0)
1252:(52,2,8,9,41,41,0)
1253:(52,2,9,10,40,40,0)
1254:(54,2,8,11,39,39,0)
1255:(54,2,8,12,38,38,0)
1256:(54,2,9,13,37,37,0)
1257:(54,2,10,14,36,36,0)
1258:(54,2,10,15,35,35,0)
1259:(54,2,11,16,34,34,0)
1260:(54,2,12,17,33,33,0)
1261:(54,2,13,18,32,32,0)
1262:(54,2,14,19,31,31,0)
1263:(54,2,14,20,30,30,0)
1264:(54,2,14,21,29,29,0)
1265:(54,2,15,22,28,28,0)
1266:(54,2,15,23,27,27,0)
1267:(54,2,14,24,26,26,0)
1268:(54,2,15,25,25,25,0)
1269:(54,2,15,26,24,24,0)
1270:(54,2,15,27,23,23,0)
1271:(54,2,15,28,22,22,0)
1272:(54,2,16,29,21,21,0)
1273:(54,2,17,30,20,20,0)
1274:(54,2,17,31,19,19,0)
1275:(54,2,17,32,18,18,0)
1276:(54,2,18,33,17,17,0)
1277:(54,2,19,34,16,16,0)
1278:(54,2,20,35,15,15,0)
1279:(54,2,21,36,14,14,0)
1280:(54,2,20,37,13,13,0)
1281:(54,2,21,38,12,12,0)
1282:(54,2,22,39,11,11,0)
1283:(54,2,23,40,10,10,0)
1284:(54,2,23,41,9,9,0)
1285:(54,2,22,42,8,8,0)
1286:(54,2,23,43,7,7,0)
1287:(54,2,24,44,6,6,0)
1288:(54,2,25,45,5,5,0)
1289:(54,2,25,46,4,4,0)
1290:(54,2,26,47,3,3,0)
1291:(54,2,25,48,2,2,0)
1292:(54,2,25,49,1,1,0)
1293:(54,2,26,50,0,0,0)
1294:(48,2,2,1,49,49,0)
1295:(48,2,1,0,50,50,0)
1296:(48,2,4,3,47,47,0)
1297:(49,2,4,3,47,47,0)
1298:(48,2,5,4,46,46,0)
1299:(48,2,6,5,45,45,0)
1300:(49,2,6,6,44,44,0)
1301:(49,2,7,7,43,43,0)
1302:(49,2,8,8,42,42,0)
1303:(49,2,8,9,41,41,0)
1304:(49,2,9,10,40,40,0)
1305:(51,2,8,11,39,39,0)
1306:(51,2,8,12,38,38,0)
1307:(51,2,9,13,37,37,0)
1308:(51,2,10,14,36,36,0)
1309:(51,2,10,15,35,35,0)
1310:(51,2,11,16,34,34,0)
1311:(51,2,12,17,33,33,0)
1312:(51,2,13,18,32,32,0)
1313:(51,2,14,19,31,31,0)
1314:(51,2,14,20,30,30,0)
1315:(51,2,14,21,29,29,0)
1316:(51,2,15,22,28,28,0)
1317:(51,2,15,23,27,27,0)
1318:(51,2,14,24,26,26,0)
1319:(51,2,15,25,25,25,0)
1320:(51,2,15,26,24,24,0)
1321:(51,2,15,27,23,23,0)
1322:(51,2,15,28,22,22,0)
1323:(51,2,16,29,21,21,0)
1324:(51,2,17,30,20,20,0)
1325:(51,2,17,31,19,19,0)
1326:(51,2,17,32,18,18,0)
1327:(51,2,18,33,17,17,0)
1328:(51,2,19,34,16,16,0)
1329:(51,2,20,35,15,15,0)
1330:(51,2,21,36,14,14,0)
1331:(51,2,20,37,13,13,0)
1332:(51,2,21,38,12,12,0)
1333:(51,2,22,39,11,11,0)
1334:(51,2,23,40,10,10,0)
1335:(51,2,23,41,9,9,0)
1336:(51,2,22,42,8,8,0)
1337:(51,2,23,43,7,7,0)
1338:(51,2,24,44,6,6,0)
1339:(51,2,25,45,5,5,0)
1340:(51,2,25,46,4,4,0)
1341:(51,2,26,47,3,3,0)
1342:(51,2,25,48,2,2,0)
1343:(51,2,25,49,1,1,0)
1344:(51,2,26,50,0,0,0)
1345:(47,2,1,0,50,50,0)
1346:(47,2,5,4,46,46,0)
1347:(47,2,6,5,45,45,0)
1348:(48,2,6,6,44,44,0)
1349:(48,2,7,7,43,43,0)
1350:(48,2,8,8,42,42,0)
1351:(48,2,8,9,41,41,0)
1352:(48,2,9,10,40,40,0)
1353:(50,2,8,11,39,39,0)
1354:(50,2,8,12,38,38,0)
1355:(50,2,9,13,37,37,0)
1356:(50,2,10,14,36,36,0)
1357:(50,2,10,15,35,35,0)
1358:(50,2,11,16,34,34,0)
1359:(50,2,12,17,33,33,0)
1360:(50,2,13,18,32,32,0)
1361:(50,2,14,19,31,31,0)
1362:(50,2,14,20,30,30,0)
1363:(50,2,14,21,29,29,0)
1364:(50,2,15,22,28,28,0)
1365:(50,2,15,23,27,27,0)
1366:(50,2,14,24,26,26,0)
1367:(50,2,15,25,25,25,0)
1368:(50,2,15,26,24,24,0)
1369:(50,2,15,27,23,23,0)
1370:(50,2,15,28,22,22,0)
1371:(50,2,16,29,21,21,0)
1372:(50,2,17,30,20,20,0)
1373:(50,2,17,31,19,19,0)
1374:(50,2,17,32,18,18,0)
1375:(50,2,18,33,17,17,0)
1376:(50,2,19,34,16,16,0)
1377:(50,2,20,35,15,15,0)
1378:(50,2,21,36,14,14,0)
1379:(50,2,20,37,13,13,0)
1380:(50,2,21,38,12,12,0)
1381:(50,2,22,39,11,11,0)
1382:(50,2,23,40,10,10,0)
1383:(50,2,23,41,9,9,0)
1384:(50,2,22,42,8,8,0)
1385:(50,2,23,43,7,7,0)
1386:(50,2,24,44,6,6,0)
1387:(50,2,25,45,5,5,0)
1388:(50,2,25,46,4,4,0)
1389:(50,2,26,47,3,3,0)
1390:(50,2,25,48,2,2,0)
1391:(50,2,25,49,1,1,0)
1392:(50,2,26,50,0,0,0)
1393:(48,2,3,2,48,48,0)
1394:(47,2,3,1,49,49,0)
1395:(47,2,2,0,50,50,0)
1396:(47,2,6,4,46,46,0)
1397:(48,2,6,4,46,46,0)
1398:(47,2,7,5,45,45,0)
1399:(48,2,7,5,45,45,0)
1400:(48,2,7,6,44,44,0)
1401:(49,2,7,6,44,44,0)
1402:(48,2,8,7,43,43,0)
1403:(49,2,8,7,43,43,0)
1404:(48,2,9,8,42,42,0)
1405:(49,2,9,8,42,42,0)
1406:(48,2,9,9,41,41,0)
1407:(49,2,9,9,41,41,0)
1408:(48,2,10,10,40,40,0)
1409:(49,2,10,10,40,40,0)
1410:(50,2,9,11,39,39,0)
1411:(51,2,9,11,39,39,0)
1412:(50,2,9,12,38,38,0)
1413:(51,2,9,12,38,38,0)
1414:(50,2,10,13,37,37,0)
1415:(51,2,10,13,37,37,0)
1416:(50,2,11,14,36,36,0)
1417:(51,2,11,14,36,36,0)
1418:(50,2,11,15,35,35,0)
1419:(51,2,11,15,35,35,0)
1420:(50,2,12,16,34,34,0)
1421:(51,2,12,16,34,34,0)
1422:(50,2,13,17,33,33,0)
1423:(51,2,13,17,33,33,0)
1424:(50,2,14,18,32,32,0)
1425:(51,2,14,18,32,32,0)
1426:(50,2,15,19,31,31,0)
1427:(51,2,15,19,31,31,0)
1428:(50,2,15,20,30,30,0)
1429:(51,2,15,20,30,30,0)
1430:(50,2,15,21,29,29,0)
1431:(51,2,15,21,29,29,0)
1432:(50,2,16,22,28,28,0)
1433:(51,2,16,22,28,28,0)
1434:(50,2,16,23,27,27,0)
1435:(51,2,16,23,27,27,0)
1436:(50,2,15,24,26,26,0)
1437:(51,2,15,24,26,26,0)
1438:(50,2,16,25,25,25,0)
1439:(51,2,16,25,25,25,0)
1440:(50,2,16,26,24,24,0)
1441:(51,2,16,26,24,24,0)
1442:(50,2,16,27,23,23,0)
1443:(51,2,16,27,23,23,0)
1444:(50,2,16,28,22,22,0)
1445:(51,2,16,28,22,22,0)
1446:(50,2,17,29,21,21,0)
1447:(51,2,17,29,21,21,0)
1448:(50,2,18,30,20,20,0)
1449:(51,2,18,30,20,20,0)
1450:(50,2,18,31,19,19,0)
1451:(51,2,18,31,19,19,0)
1452:(50,2,18,32,18,18,0)
1453:(51,2,18,32,18,18,0)
1454:(50,2,19,33,17,17,0)
1455:(51,2,19,33,17,17,0)
1456:(50,2,20,34,16,16,0)
1457:(51,2,20,34,16,16,0)
1458:(50,2,21,35,15,15,0)
1459:(51,2,21,35,15,15,0)
1460:(50,2,22,36,14,14,0)
1461:(51,2,22,36,14,14,0)
1462:(50,2,21,37,13,13,0)
1463:(51,2,21,37,13,13,0)
1464:(50,2,22,38,12,12,0)
1465:(51,2,22,38,12,12,0)
1466:(50,2,23,39,11,11,0)
1467:(51,2,23,39,11,11,0)
1468:(50,2,24,40,10,10,0)
1469:(51,2,24,40,10,10,0)
1470:(50,2,24,41,9,9,0)
1471:(51,2,24,41,9,9,0)
1472:(50,2,23,42,8,8,0)
1473:(51,2,23,42,8,8,0)
1474:(50,2,24,43,7,7,0)
1475:(51,2,24,43,7,7,0)
1476:(50,2,25,44,6,6,0)
1477:(51,2,25,44,6,6,0)
1478:(50,2,26,45,5,5,0)
1479:(51,2,26,45,5,5,0)
1480:(50,2,26,46,4,4,0)
1481:(51,2,26,46,4,4,0)
1482:(50,2,27,47,3,3,0)
1483:(51,2,27,47,3,3,0)
1484:(50,2,26,48,2,2,0)
1485:(51,2,26,48,2,2,0)
1486:(50,2,26,49,1,1,0)
1487:(51,2,26,49,1,1,0)
1488:(50,2,27,50,0,0,0)
1489:(51,2,27,50,0,0,0)
1490:(49,2,3,2,48,48,0)
1491:(48,2,3,1,49,49,0)
1492:(48,2,2,0,50,50,0)
1493:(49,2,6,4,46,46,0)
1494:(49,2,7,5,45,45,0)
1495:(50,2,7,6,44,44,0)
1496:(50,2,8,7,43,43,0)
1497:(50,2,9,8,42,42,0)
1498:(50,2,9,9,41,41,0)
1499:(50,2,10,10,40,40,0)
1500:(52,2,9,11,39,39,0)
1501:(52,2,9,12,38,38,0)
1502:(52,2,10,13,37,37,0)
1503:(52,2,11,14,36,36,0)
1504:(52,2,11,15,35,35,0)
1505:(52,2,12,16,34,34,0)
1506:(52,2,13,17,33,33,0)
1507:(52,2,14,18,32,32,0)
1508:(52,2,15,19,31,31,0)
1509:(52,2,15,20,30,30,0)
1510:(52,2,15,21,29,29,0)
1511:(52,2,16,22,28,28,0)
1512:(52,2,16,23,27,27,0)
1513:(52,2,15,24,26,26,0)
1514:(52,2,16,25,25,25,0)
1515:(52,2,16,26,24,24,0)
1516:(52,2,16,27,23,23,0)
1517:(52,2,16,28,22,22,0)
1518:(52,2,17,29,21,21,0)
1519:(52,2,18,30,20,20,0)
1520:(52,2,18,31,19,19,0)
1521:(52,2,18,32,18,18,0)
1522:(52,2,19,33,17,17,0)
1523:(52,2,20,34,16,16,0)
1524:(52,2,21,35,15,15,0)
1525:(52,2,22,36,14,14,0)
1526:(52,2,21,37,13,13,0)
1527:(52,2,22,38,12,12,0)
1528:(52,2,23,39,11,11,0)
1529:(52,2,24,40,10,10,0)
1530:(52,2,24,41,9,9,0)
1531:(52,2,23,42,8,8,0)
1532:(52,2,24,43,7,7,0)
1533:(52,2,25,44,6,6,0)
1534:(52,2,26,45,5,5,0)
1535:(52,2,26,46,4,4,0)
1536:(52,2,27,47,3,3,0)
1537:(52,2,26,48,2,2,0)
1538:(52,2,26,49,1,1,0)
1539:(52,2,27,50,0,0,0)
1540:(45,2,1,2,48,48,0)
1541:(45,2,2,2,48,48,0)
1542:(45,2,2,3,47,47,0)
1543:(45,2,3,3,47,47,0)
1544:(45,2,3,4,46,46,0)
1545:(45,2,4,4,46,46,0)
1546:(45,2,4,5,45,45,0)
1547:(45,2,5,5,45,45,0)
1548:(46,2,3,5,45,45,0)
1549:(46,2,4,6,44,44,0)
1550:(46,2,5,6,44,44,0)
1551:(46,2,5,7,43,43,0)
1552:(46,2,6,7,43,43,0)
1553:(46,2,6,8,42,42,0)
1554:(46,2,7,8,42,42,0)
1555:(46,2,5,8,42,42,0)
1556:(46,2,6,9,41,41,0)
1557:(46,2,7,9,41,41,0)
1558:(46,2,7,10,40,40,0)
1559:(46,2,8,10,40,40,0)
1560:(47,2,6,10,40,40,0)
1561:(48,2,5,10,40,40,0)
1562:(48,2,6,11,39,39,0)
1563:(48,2,7,11,39,39,0)
1564:(48,2,5,11,39,39,0)
1565:(48,2,6,12,38,38,0)
1566:(48,2,7,12,38,38,0)
1567:(48,2,7,13,37,37,0)
1568:(48,2,8,13,37,37,0)
1569:(48,2,8,14,36,36,0)
1570:(48,2,9,14,36,36,0)
1571:(48,2,7,14,36,36,0)
1572:(48,2,8,15,35,35,0)
1573:(48,2,9,15,35,35,0)
1574:(48,2,9,16,34,34,0)
1575:(48,2,10,16,34,34,0)
1576:(48,2,10,17,33,33,0)
1577:(48,2,11,17,33,33,0)
1578:(48,2,11,18,32,32,0)
1579:(48,2,12,18,32,32,0)
1580:(48,2,12,19,31,31,0)
1581:(48,2,13,19,31,31,0)
1582:(48,2,11,19,31,31,0)
1583:(48,2,12,20,30,30,0)
1584:(48,2,13,20,30,30,0)
1585:(48,2,11,20,30,30,0)
1586:(48,2,12,21,29,29,0)
1587:(48,2,13,21,29,29,0)
1588:(48,2,13,22,28,28,0)
1589:(48,2,14,22,28,28,0)
1590:(48,2,12,22,28,28,0)
1591:(48,2,13,23,27,27,0)
1592:(48,2,14,23,27,27,0)
1593:(48,2,12,23,27,27,0)
1594:(48,2,11,23,27,27,0)
1595:(48,2,12,24,26,26,0)
1596:(48,2,13,24,26,26,0)
1597:(48,2,13,25,25,25,0)
1598:(48,2,14,25,25,25,0)
1599:(48,2,12,25,25,25,0)
1600:(48,2,13,26,24,24,0)
1601:(48,2,14,26,24,24,0)
1602:(48,2,12,26,24,24,0)
1603:(48,2,13,27,23,23,0)
1604:(48,2,14,27,23,23,0)
1605:(48,2,12,27,23,23,0)
1606:(48,2,13,28,22,22,0)
1607:(48,2,14,28,22,22,0)
1608:(48,2,14,29,21,21,0)
1609:(48,2,15,29,21,21,0)
1610:(48,2,15,30,20,20,0)
1611:(48,2,16,30,20,20,0)
1612:(48,2,14,30,20,20,0)
1613:(48,2,15,31,19,19,0)
1614:(48,2,16,31,19,19,0)
1615:(48,2,14,31,19,19,0)
1616:(48,2,15,32,18,18,0)
1617:(48,2,16,32,18,18,0)
1618:(48,2,16,33,17,17,0)
1619:(48,2,17,33,17,17,0)
1620:(48,2,17,34,16,16,0)
1621:(48,2,18,34,16,16,0)
1622:(48,2,18,35,15,15,0)
1623:(48,2,19,35,15,15,0)
1624:(48,2,19,36,14,14,0)
1625:(48,2,20,36,14,14,0)
1626:(48,2,18,36,14,14,0)
1627:(48,2,17,36,14,14,0)
1628:(48,2,18,37,13,13,0)
1629:(48,2,19,37,13,13,0)
1630:(48,2,19,38,12,12,0)
1631:(48,2,20,38,12,12,0)
1632:(48,2,20,39,11,11,0)
1633:(48,2,21,39,11,11,0)
1634:(48,2,21,40,10,10,0)
1635:(48,2,22,40,10,10,0)
1636:(48,2,20,40,10,10,0)
1637:(48,2,21,41,9,9,0)
1638:(48,2,22,41,9,9,0)
1639:(48,2,20,41,9,9,0)
1640:(48,2,19,41,9,9,0)
1641:(48,2,20,42,8,8,0)
1642:(48,2,21,42,8,8,0)
1643:(48,2,21,43,7,7,0)
1644:(48,2,22,43,7,7,0)
1645:(48,2,22,44,6,6,0)
1646:(48,2,23,44,6,6,0)
1647:(48,2,23,45,5,5,0)
1648:(48,2,24,45,5,5,0)
1649:(48,2,22,45,5,5,0)
1650:(48,2,23,46,4,4,0)
1651:(48,2,24,46,4,4,0)
1652:(48,2,24,47,3,3,0)
1653:(48,2,25,47,3,3,0)
1654:(48,2,23,47,3,3,0)
1655:(48,2,22,47,3,3,0)
1656:(48,2,23,48,2,2,0)
1657:(48,2,24,48,2,2,0)
1658:(48,2,22,48,2,2,0)
1659:(48,2,23,49,1,1,0)
1660:(48,2,24,49,1,1,0)
1661:(48,2,24,50,0,0,0)
1662:(48,2,25,50,0,0,0)
1663:(48,2,23,50,0,0,0)
1664:(48,2,22,50,0,0,0)
1665:(48,2,21,50,0,0,0)
1666:(48,2,20,50,0,0,0)
1667:(48,2,19,50,0,0,0)
1668:(48,2,18,50,0,0,0)
1669:(48,2,17,50,0,0,0)
1670:(48,2,16,50,0,0,0)
1671:(48,2,15,50,0,0,0)
1672:(48,2,14,50,0,0,0)
1673:(48,2,13,50,0,0,0)
1674:(48,2,12,50,0,0,0)
1675:(48,2,11,50,0,0,0)
1676:(48,2,10,50,0,0,0)
1677:(48,2,9,50,0,0,0)
1678:(48,2,8,50,0,0,0)
1679:(48,2,7,50,0,0,0)
1680:(48,2,6,50,0,0,0)
1681:(48,2,5,50,0,0,0)
1682:(48,2,4,50,0,0,0)
1683:(48,2,3,50,0,0,0)
1684:(48,2,2,50,0,0,0)
1685:(48,2,1,50,0,0,0)
1686:(48,2,0,50,0,0,0)
1687:(45,2,0,1,49,49,0)
1688:(44,2,1,1,49,49,0)
1689:(44,2,0,0,50,50,0)
1690:(44,2,2,3,47,47,0)
1691:(44,2,3,3,47,47,0)
1692:(44,2,3,4,46,46,0)
1693:(44,2,4,4,46,46,0)
1694:(44,2,4,5,45,45,0)
1695:(44,2,5,5,45,45,0)
1696:(45,2,3,5,45,45,0)
1697:(45,2,4,6,44,44,0)
1698:(45,2,5,6,44,44,0)
1699:(45,2,5,7,43,43,0)
1700:(45,2,6,7,43,43,0)
1701:(45,2,6,8,42,42,0)
1702:(45,2,7,8,42,42,0)
1703:(45,2,5,8,42,42,0)
1704:(45,2,6,9,41,41,0)
1705:(45,2,7,9,41,41,0)
1706:(45,2,7,10,40,40,0)
1707:(45,2,8,10,40,40,0)
1708:(46,2,6,10,40,40,0)
1709:(47,2,5,10,40,40,0)
1710:(47,2,6,11,39,39,0)
1711:(47,2,7,11,39,39,0)
1712:(47,2,5,11,39,39,0)
1713:(47,2,6,12,38,38,0)
1714:(47,2,7,12,38,38,0)
1715:(47,2,7,13,37,37,0)
1716:(47,2,8,13,37,37,0)
1717:(47,2,8,14,36,36,0)
1718:(47,2,9,14,36,36,0)
1719:(47,2,7,14,36,36,0)
1720:(47,2,8,15,35,35,0)
1721:(47,2,9,15,35,35,0)
1722:(47,2,9,16,34,34,0)
1723:(47,2,10,16,34,34,0)
1724:(47,2,10,17,33,33,0)
1725:(47,2,11,17,33,33,0)
1726:(47,2,11,18,32,32,0)
1727:(47,2,12,18,32,32,0)
1728:(47,2,12,19,31,31,0)
1729:(47,2,13,19,31,31,0)
1730:(47,2,11,19,31,31,0)
1731:(47,2,12,20,30,30,0)
1732:(47,2,13,20,30,30,0)
1733:(47,2,11,20,30,30,0)
1734:(47,2,12,21,29,29,0)
1735:(47,2,13,21,29,29,0)
1736:(47,2,13,22,28,28,0)
1737:(47,2,14,22,28,28,0)
1738:(47,2,12,22,28,28,0)
1739:(47,2,13,23,27,27,0)
1740:(47,2,14,23,27,27,0)
1741:(47,2,12,23,27,27,0)
1742:(47,2,11,23,27,27,0)
1743:(47,2,12,24,26,26,0)
1744:(47,2,13,24,26,26,0)
1745:(47,2,13,25,25,25,0)
1746:(47,2,14,25,25,25,0)
1747:(47,2,12,25,25,25,0)
1748:(47,2,13,26,24,24,0)
1749:(47,2,14,26,24,24,0)
1750:(47,2,12,26,24,24,0)
1751:(47,2,13,27,23,23,0)
1752:(47,2,14,27,23,23,0)
1753:(47,2,12,27,23,23,0)
1754:(47,2,13,28,22,22,0)
1755:(47,2,14,28,22,22,0)
1756:(47,2,14,29,21,21,0)
1757:(47,2,15,29,21,21,0)
1758:(47,2,15,30,20,20,0)
1759:(47,2,16,30,20,20,0)
1760:(47,2,14,30,20,20,0)
1761:(47,2,15,31,19,19,0)
1762:(47,2,16,31,19,19,0)
1763:(47,2,14,31,19,19,0)
1764:(47,2,15,32,18,18,0)
1765:(47,2,16,32,18,18,0)
1766:(47,2,16,33,17,17,0)
1767:(47,2,17,33,17,17,0)
1768:(47,2,17,34,16,16,0)
1769:(47,2,18,34,16,16,0)
1770:(47,2,18,35,15,15,0)
1771:(47,2,19,35,15,15,0)
1772:(47,2,19,36,14,14,0)
1773:(47,2,20,36,14,14,0)
1774:(47,2,18,36,14,14,0)
1775:(47,2,17,36,14,14,0)
1776:(47,2,18,37,13,13,0)
1777:(47,2,19,37,13,13,0)
1778:(47,2,19,38,12,12,0)
1779:(47,2,20,38,12,12,0)
1780:(47,2,20,39,11,11,0)
1781:(47,2,21,39,11,11,0)
1782:(47,2,21,40,10,10,0)
1783:(47,2,22,40,10,10,0)
1784:(47,2,20,40,10,10,0)
1785:(47,2,21,41,9,9,0)
1786:(47,2,22,41,9,9,0)
1787:(47,2,20,41,9,9,0)
1788:(47,2,19,41,9,9,0)
1789:(47,2,20,42,8,8,0)
1790:(47,2,21,42,8,8,0)
1791:(47,2,21,43,7,7,0)
1792:(47,2,22,43,7,7,0)
1793:(47,2,22,44,6,6,0)
1794:(47,2,23,44,6,6,0)
1795:(47,2,23,45,5,5,0)
1796:(47,2,24,45,5,5,0)
1797:(47,2,22,45,5,5,0)
1798:(47,2,23,46,4,4,0)
1799:(47,2,24,46,4,4,0)
1800:(47,2,24,47,3,3,0)
1801:(47,2,25,47,3,3,0)
1802:(47,2,23,47,3,3,0)
1803:(47,2,22,47,3,3,0)
1804:(47,2,23,48,2,2,0)
1805:(47,2,24,48,2,2,0)
1806:(47,2,22,48,2,2,0)
1807:(47,2,23,49,1,1,0)
1808:(47,2,24,49,1,1,0)
1809:(47,2,24,50,0,0,0)
1810:(47,2,25,50,0,0,0)
1811:(47,2,23,50,0,0,0)
1812:(47,2,22,50,0,0,0)
1813:(47,2,21,50,0,0,0)
1814:(47,2,20,50,0,0,0)
1815:(47,2,19,50,0,0,0)
1816:(47,2,18,50,0,0,0)
1817:(47,2,17,50,0,0,0)
1818:(47,2,16,50,0,0,0)
1819:(47,2,15,50,0,0,0)
1820:(47,2,14,50,0,0,0)
1821:(47,2,13,50,0,0,0)
1822:(47,2,12,50,0,0,0)
1823:(47,2,11,50,0,0,0)
1824:(47,2,10,50,0,0,0)
1825:(47,2,9,50,0,0,0)
1826:(47,2,8,50,0,0,0)
1827:(47,2,7,50,0,0,0)
1828:(47,2,6,50,0,0,0)
1829:(47,2,5,50,0,0,0)
1830:(47,2,4,50,0,0,0)
1831:(47,2,3,50,0,0,0)
1832:(47,2,2,50,0,0,0)
1833:(47,2,1,50,0,0,0)
1834:(47,2,0,50,0,0,0)
1835:(44,2,1,2,48,48,0)
1836:(44,2,0,1,49,49,0)
1837:(43,2,1,1,49,49,0)
1838:(43,2,0,0,50,50,0)
1839:(43,2,3,4,46,46,0)
1840:(43,2,4,4,46,46,0)
1841:(43,2,4,5,45,45,0)
1842:(43,2,5,5,45,45,0)
1843:(44,2,3,5,45,45,0)
1844:(44,2,4,6,44,44,0)
1845:(44,2,5,6,44,44,0)
1846:(44,2,5,7,43,43,0)
1847:(44,2,6,7,43,43,0)
1848:(44,2,6,8,42,42,0)
1849:(44,2,7,8,42,42,0)
1850:(44,2,5,8,42,42,0)
1851:(44,2,6,9,41,41,0)
1852:(44,2,7,9,41,41,0)
1853:(44,2,7,10,40,40,0)
1854:(44,2,8,10,40,40,0)
1855:(45,2,6,10,40,40,0)
1856:(46,2,5,10,40,40,0)
1857:(46,2,6,11,39,39,0)
1858:(46,2,7,11,39,39,0)
1859:(46,2,5,11,39,39,0)
1860:(46,2,6,12,38,38,0)
1861:(46,2,7,12,38,38,0)
1862:(46,2,7,13,37,37,0)
1863:(46,2,8,13,37,37,0)
1864:(46,2,8,14,36,36,0)
1865:(46,2,9,14,36,36,0)
1866:(46,2,7,14,36,36,0)
1867:(46,2,8,15,35,35,0)
1868:(46,2,9,15,35,35,0)
1869:(46,2,9,16,34,34,0)
1870:(46,2,10,16,34,34,0)
1871:(46,2,10,17,33,33,0)
1872:(46,2,11,17,33,33,0)
1873:(46,2,11,18,32,32,0)
1874:(46,2,12,18,32,32,0)
1875:(46,2,12,19,31,31,0)
1876:(46,2,13,19,31,31,0)
1877:(46,2,11,19,31,31,0)
1878:(46,2,12,20,30,30,0)
1879:(46,2,13,20,30,30,0)
1880:(46,2,11,20,30,30,0)
1881:(46,2,12,21,29,29,0)
1882:(46,2,13,21,29,29,0)
1883:(46,2,13,22,28,28,0)
1884:(46,2,14,22,28,28,0)
1885:(46,2,12,22,28,28,0)
1886:(46,2,13,23,27,27,0)
1887:(46,2,14,23,27,27,0)
1888:(46,2,12,23,27,27,0)
1889:(46,2,11,23,27,27,0)
1890:(46,2,12,24,26,26,0)
1891:(46,2,13,24,26,26,0)
1892:(46,2,13,25,25,25,0)
1893:(46,2,14,25,25,25,0)
1894:(46,2,12,25,25,25,0)
1895:(46,2,13,26,24,24,0)
1896:(46,2,14,26,24,24,0)
1897:(46,2,12,26,24,24,0)
1898:(46,2,13,27,23,23,0)
1899:(46,2,14,27,23,23,0)
1900:(46,2,12,27,23,23,0)
1901:(46,2,13,28,22,22,0)
1902:(46,2,14,28,22,22,0)
1903:(46,2,14,29,21,21,0)
1904:(46,2,15,29,21,21,0)
1905:(46,2,15,30,20,20,0)
1906:(46,2,16,30,20,20,0)
1907:(46,2,14,30,20,20,0)
1908:(46,2,15,31,19,19,0)
1909:(46,2,16,31,19,19,0)
1910:(46,2,14,31,19,19,0)
1911:(46,2,15,32,18,18,0)
1912:(46,2,16,32,18,18,0)
1913:(46,2,16,33,17,17,0)
1914:(46,2,17,33,17,17,0)
1915:(46,2,17,34,16,16,0)
1916:(46,2,18,34,16,16,0)
1917:(46,2,18,35,15,15,0)
1918:(46,2,19,35,15,15,0)
1919:(46,2,19,36,14,14,0)
1920:(46,2,20,36,14,14,0)
1921:(46,2,18,36,14,14,0)
1922:(46,2,17,36,14,14,0)
1923:(46,2,18,37,13,13,0)
1924:(46,2,19,37,13,13,0)
1925:(46,2,19,38,12,12,0)
1926:(46,2,20,38,12,12,0)
1927:(46,2,20,39,11,11,0)
1928:(46,2,21,39,11,11,0)
1929:(46,2,21,40,10,10,0)
1930:(46,2,22,40,10,10,0)
1931:(46,2,20,40,10,10,0)
1932:(46,2,21,41,9,9,0)
1933:(46,2,22,41,9,9,0)
1934:(46,2,20,41,9,9,0)
1935:(46,2,19,41,9,9,0)
1936:(46,2,20,42,8,8,0)
1937:(46,2,21,42,8,8,0)
1938:(46,2,21,43,7,7,0)
1939:(46,2,22,43,7,7,0)
1940:(46,2,22,44,6,6,0)
1941:(46,2,23,44,6,6,0)
1942:(46,2,23,45,5,5,0)
1943:(46,2,24,45,5,5,0)
1944:(46,2,22,45,5,5,0)
1945:(46,2,23,46,4,4,0)
1946:(46,2,24,46,4,4,0)
1947:(46,2,24,47,3,3,0)
1948:(46,2,25,47,3,3,0)
1949:(46,2,23,47,3,3,0)
1950:(46,2,22,47,3,3,0)
1951:(46,2,23,48,2,2,0)
1952:(46,2,24,48,2,2,0)
1953:(46,2,22,48,2,2,0)
1954:(46,2,23,49,1,1,0)
1955:(46,2,24,49,1,1,0)
1956:(46,2,24,50,0,0,0)
1957:(46,2,25,50,0,0,0)
1958:(46,2,23,50,0,0,0)
1959:(46,2,22,50,0,0,0)
1960:(46,2,21,50,0,0,0)
1961:(46,2,20,50,0,0,0)
1962:(46,2,19,50,0,0,0)
1963:(46,2,18,50,0,0,0)
1964:(46,2,17,50,0,0,0)
1965:(46,2,16,50,0,0,0)
1966:(46,2,15,50,0,0,0)
1967:(46,2,14,50,0,0,0)
1968:(46,2,13,50,0,0,0)
1969:(46,2,12,50,0,0,0)
1970:(46,2,11,50,0,0,0)
1971:(46,2,10,50,0,0,0)
1972:(46,2,9,50,0,0,0)
1973:(46,2,8,50,0,0,0)
1974:(46,2,7,50,0,0,0)
1975:(46,2,6,50,0,0,0)
1976:(46,2,5,50,0,0,0)
1977:(46,2,4,50,0,0,0)
1978:(46,2,3,50,0,0,0)
1979:(46,2,2,50,0,0,0)
1980:(46,2,1,50,0,0,0)
1981:(46,2,0,50,0,0,0)
1982:(44,2,2,2,48,48,0)
1983:(43,2,2,1,49,49,0)
1984:(43,2,1,0,50,50,0)
1985:(43,2,5,4,46,46,0)
1986:(44,2,5,4,46,46,0)
1987:(43,2,6,5,45,45,0)
1988:(44,2,6,5,45,45,0)
1989:(44,2,6,6,44,44,0)
1990:(45,2,6,6,44,44,0)
1991:(44,2,7,7,43,43,0)
1992:(45,2,7,7,43,43,0)
1993:(44,2,8,8,42,42,0)
1994:(45,2,8,8,42,42,0)
1995:(44,2,8,9,41,41,0)
1996:(45,2,8,9,41,41,0)
1997:(44,2,9,10,40,40,0)
1998:(45,2,9,10,40,40,0)
1999:(46,2,8,11,39,39,0)
2000:(47,2,8,11,39,39,0)
2001:(46,2,8,12,38,38,0)
2002:(47,2,8,12,38,38,0)
2003:(46,2,9,13,37,37,0)
2004:(47,2,9,13,37,37,0)
2005:(46,2,10,14,36,36,0)
2006:(47,2,10,14,36,36,0)
2007:(46,2,10,15,35,35,0)
2008:(47,2,10,15,35,35,0)
2009:(46,2,11,16,34,34,0)
2010:(47,2,11,16,34,34,0)
2011:(46,2,12,17,33,33,0)
2012:(47,2,12,17,33,33,0)
2013:(46,2,13,18,32,32,0)
2014:(47,2,13,18,32,32,0)
2015:(46,2,14,19,31,31,0)
2016:(47,2,14,19,31,31,0)
2017:(46,2,14,20,30,30,0)
2018:(47,2,14,20,30,30,0)
2019:(46,2,14,21,29,29,0)
2020:(47,2,14,21,29,29,0)
2021:(46,2,15,22,28,28,0)
2022:(47,2,15,22,28,28,0)
2023:(46,2,15,23,27,27,0)
2024:(47,2,15,23,27,27,0)
2025:(46,2,14,24,26,26,0)
2026:(47,2,14,24,26,26,0)
2027:(46,2,15,25,25,25,0)
2028:(47,2,15,25,25,25,0)
2029:(46,2,15,26,24,24,0)
2030:(47,2,15,26,24,24,0)
2031:(46,2,15,27,23,23,0)
2032:(47,2,15,27,23,23,0)
2033:(46,2,15,28,22,22,0)
2034:(47,2,15,28,22,22,0)
2035:(46,2,16,29,21,21,0)
2036:(47,2,16,29,21,21,0)
2037:(46,2,17,30,20,20,0)
2038:(47,2,17,30,20,20,0)
2039:(46,2,17,31,19,19,0)
2040:(47,2,17,31,19,19,0)
2041:(46,2,17,32,18,18,0)
2042:(47,2,17,32,18,18,0)
2043:(46,2,18,33,17,17,0)
2044:(47,2,18,33,17,17,0)
2045:(46,2,19,34,16,16,0)
2046:(47,2,19,34,16,16,0)
2047:(46,2,20,35,15,15,0)
2048:(47,2,20,35,15,15,0)
2049:(46,2,21,36,14,14,0)
2050:(47,2,21,36,14,14,0)
2051:(46,2,20,37,13,13,0)
2052:(47,2,20,37,13,13,0)
2053:(46,2,21,38,12,12,0)
2054:(47,2,21,38,12,12,0)
2055:(46,2,22,39,11,11,0)
2056:(47,2,22,39,11,11,0)
2057:(46,2,23,40,10,10,0)
2058:(47,2,23,40,10,10,0)
2059:(46,2,23,41,9,9,0)
2060:(47,2,23,41,9,9,0)
2061:(46,2,22,42,8,8,0)
2062:(47,2,22,42,8,8,0)
2063:(46,2,23,43,7,7,0)
2064:(47,2,23,43,7,7,0)
2065:(46,2,24,44,6,6,0)
2066:(47,2,24,44,6,6,0)
2067:(46,2,25,45,5,5,0)
2068:(47,2,25,45,5,5,0)
2069:(46,2,25,46,4,4,0)
2070:(47,2,25,46,4,4,0)
2071:(46,2,26,47,3,3,0)
2072:(47,2,26,47,3,3,0)
2073:(46,2,25,48,2,2,0)
2074:(47,2,25,48,2,2,0)
2075:(46,2,25,49,1,1,0)
2076:(47,2,25,49,1,1,0)
2077:(46,2,26,50,0,0,0)
2078:(47,2,26,50,0,0,0)
2079:(44,2,2,1,49,49,0)
2080:(44,2,1,0,50,50,0)
2081:(45,2,5,4,46,46,0)
2082:(45,2,6,5,45,45,0)
2083:(46,2,6,6,44,44,0)
2084:(46,2,7,7,43,43,0)
2085:(46,2,8,8,42,42,0)
2086:(46,2,8,9,41,41,0)
2087:(46,2,9,10,40,40,0)
2088:(48,2,8,11,39,39,0)
2089:(48,2,8,12,38,38,0)
2090:(48,2,9,13,37,37,0)
2091:(48,2,10,14,36,36,0)
2092:(48,2,10,15,35,35,0)
2093:(48,2,11,16,34,34,0)
2094:(48,2,12,17,33,33,0)
2095:(48,2,13,18,32,32,0)
2096:(48,2,14,19,31,31,0)
2097:(48,2,14,20,30,30,0)
2098:(48,2,14,21,29,29,0)
2099:(48,2,15,22,28,28,0)
2100:(48,2,15,23,27,27,0)
2101:(48,2,14,24,26,26,0)
2102:(48,2,15,25,25,25,0)
2103:(48,2,15,26,24,24,0)
2104:(48,2,15,27,23,23,0)
2105:(48,2,15,28,22,22,0)
2106:(48,2,16,29,21,21,0)
2107:(48,2,17,30,20,20,0)
2108:(48,2,17,31,19,19,0)
2109:(48,2,17,32,18,18,0)
2110:(48,2,18,33,17,17,0)
2111:(48,2,19,34,16,16,0)
2112:(48,2,20,35,15,15,0)
2113:(48,2,21,36,14,14,0)
2114:(48,2,20,37,13,13,0)
2115:(48,2,21,38,12,12,0)
2116:(48,2,22,39,11,11,0)
2117:(48,2,23,40,10,10,0)
2118:(48,2,23,41,9,9,0)
2119:(48,2,22,42,8,8,0)
2120:(48,2,23,43,7,7,0)
2121:(48,2,24,44,6,6,0)
2122:(48,2,25,45,5,5,0)
2123:(48,2,25,46,4,4,0)
2124:(48,2,26,47,3,3,0)
2125:(48,2,25,48,2,2,0)
2126:(48,2,25,49,1,1,0)
2127:(48,2,26,50,0,0,0)
2128:(45,2,4,3,47,47,0)
2129:(46,2,4,3,47,47,0)
2130:(46,2,5,4,46,46,0)
2131:(46,2,6,5,45,45,0)
2132:(47,2,6,6,44,44,0)
2133:(47,2,7,7,43,43,0)
2134:(47,2,8,8,42,42,0)
2135:(47,2,8,9,41,41,0)
2136:(47,2,9,10,40,40,0)
2137:(49,2,8,11,39,39,0)
2138:(49,2,8,12,38,38,0)
2139:(49,2,9,13,37,37,0)
2140:(49,2,10,14,36,36,0)
2141:(49,2,10,15,35,35,0)
2142:(49,2,11,16,34,34,0)
2143:(49,2,12,17,33,33,0)
2144:(49,2,13,18,32,32,0)
2145:(49,2,14,19,31,31,0)
2146:(49,2,14,20,30,30,0)
2147:(49,2,14,21,29,29,0)
2148:(49,2,15,22,28,28,0)
2149:(49,2,15,23,27,27,0)
2150:(49,2,14,24,26,26,0)
2151:(49,2,15,25,25,25,0)
2152:(49,2,15,26,24,24,0)
2153:(49,2,15,27,23,23,0)
2154:(49,2,15,28,22,22,0)
2155:(49,2,16,29,21,21,0)
2156:(49,2,17,30,20,20,0)
2157:(49,2,17,31,19,19,0)
2158:(49,2,17,32,18,18,0)
2159:(49,2,18,33,17,17,0)
2160:(49,2,19,34,16,16,0)
2161:(49,2,20,35,15,15,0)
2162:(49,2,21,36,14,14,0)
2163:(49,2,20,37,13,13,0)
2164:(49,2,21,38,12,12,0)
2165:(49,2,22,39,11,11,0)
2166:(49,2,23,40,10,10,0)
2167:(49,2,23,41,9,9,0)
2168:(49,2,22,42,8,8,0)
2169:(49,2,23,43,7,7,0)
2170:(49,2,24,44,6,6,0)
2171:(49,2,25,45,5,5,0)
2172:(49,2,25,46,4,4,0)
2173:(49,2,26,47,3,3,0)
2174:(49,2,25,48,2,2,0)
2175:(49,2,25,49,1,1,0)
2176:(49,2,26,50,0,0,0)
2177:(45,2,3,2,48,48,0)
2178:(44,2,3,1,49,49,0)
2179:(44,2,2,0,50,50,0)
2180:(44,2,6,4,46,46,0)
2181:(45,2,6,4,46,46,0)
2182:(44,2,7,5,45,45,0)
2183:(45,2,7,5,45,45,0)
2184:(45,2,7,6,44,44,0)
2185:(46,2,7,6,44,44,0)
2186:(45,2,8,7,43,43,0)
2187:(46,2,8,7,43,43,0)
2188:(45,2,9,8,42,42,0)
2189:(46,2,9,8,42,42,0)
2190:(45,2,9,9,41,41,0)
2191:(46,2,9,9,41,41,0)
2192:(45,2,10,10,40,40,0)
2193:(46,2,10,10,40,40,0)
2194:(47,2,9,11,39,39,0)
2195:(48,2,9,11,39,39,0)
2196:(47,2,9,12,38,38,0)
2197:(48,2,9,12,38,38,0)
2198:(47,2,10,13,37,37,0)
2199:(48,2,10,13,37,37,0)
2200:(47,2,11,14,36,36,0)
2201:(48,2,11,14,36,36,0)
2202:(47,2,11,15,35,35,0)
2203:(48,2,11,15,35,35,0)
2204:(47,2,12,16,34,34,0)
2205:(48,2,12,16,34,34,0)
2206:(47,2,13,17,33,33,0)
2207:(48,2,13,17,33,33,0)
2208:(47,2,14,18,32,32,0)
2209:(48,2,14,18,32,32,0)
2210:(47,2,15,19,31,31,0)
2211:(48,2,15,19,31,31,0)
2212:(47,2,15,20,30,30,0)
2213:(48,2,15,20,30,30,0)
2214:(47,2,15,21,29,29,0)
2215:(48,2,15,21,29,29,0)
2216:(47,2,16,22,28,28,0)
2217:(48,2,16,22,28,28,0)
2218:(47,2,16,23,27,27,0)
2219:(48,2,16,23,27,27,0)
2220:(47,2,15,24,26,26,0)
2221:(48,2,15,24,26,26,0)
2222:(47,2,16,25,25,25,0)
2223:(48,2,16,25,25,25,0)
2224:(47,2,16,26,24,24,0)
2225:(48,2,16,26,24,24,0)
2226:(47,2,16,27,23,23,0)
2227:(48,2,16,27,23,23,0)
2228:(47,2,16,28,22,22,0)
2229:(48,2,16,28,22,22,0)
2230:(47,2,17,29,21,21,0)
2231:(48,2,17,29,21,21,0)
2232:(47,2,18,30,20,20,0)
2233:(48,2,18,30,20,20,0)
2234:(47,2,18,31,19,19,0)
2235:(48,2,18,31,19,19,0)
2236:(47,2,18,32,18,18,0)
2237:(48,2,18,32,18,18,0)
2238:(47,2,19,33,17,17,0)
2239:(48,2,19,33,17,17,0)
2240:(47,2,20,34,16,16,0)
2241:(48,2,20,34,16,16,0)
2242:(47,2,21,35,15,15,0)
2243:(48,2,21,35,15,15,0)
2244:(47,2,22,36,14,14,0)
2245:(48,2,22,36,14,14,0)
2246:(47,2,21,37,13,13,0)
2247:(48,2,21,37,13,13,0)
2248:(47,2,22,38,12,12,0)
2249:(48,2,22,38,12,12,0)
2250:(47,2,23,39,11,11,0)
2251:(48,2,23,39,11,11,0)
2252:(47,2,24,40,10,10,0)
2253:(48,2,24,40,10,10,0)
2254:(47,2,24,41,9,9,0)
2255:(48,2,24,41,9,9,0)
2256:(47,2,23,42,8,8,0)
2257:(48,2,23,42,8,8,0)
2258:(47,2,24,43,7,7,0)
2259:(48,2,24,43,7,7,0)
2260:(47,2,25,44,6,6,0)
2261:(48,2,25,44,6,6,0)
2262:(47,2,26,45,5,5,0)
2263:(48,2,26,45,5,5,0)
2264:(47,2,26,46,4,4,0)
2265:(48,2,26,46,4,4,0)
2266:(47,2,27,47,3,3,0)
2267:(48,2,27,47,3,3,0)
2268:(47,2,26,48,2,2,0)
2269:(48,2,26,48,2,2,0)
2270:(47,2,26,49,1,1,0)
2271:(48,2,26,49,1,1,0)
2272:(47,2,27,50,0,0,0)
2273:(48,2,27,50,0,0,0)
2274:(46,2,3,2,48,48,0)
2275:(45,2,3,1,49,49,0)
2276:(45,2,2,0,50,50,0)
2277:(46,2,6,4,46,46,0)
2278:(46,2,7,5,45,45,0)
2279:(47,2,7,6,44,44,0)
2280:(47,2,8,7,43,43,0)
2281:(47,2,9,8,42,42,0)
2282:(47,2,9,9,41,41,0)
2283:(47,2,10,10,40,40,0)
2284:(49,2,9,11,39,39,0)
2285:(49,2,9,12,38,38,0)
2286:(49,2,10,13,37,37,0)
2287:(49,2,11,14,36,36,0)
2288:(49,2,11,15,35,35,0)
2289:(49,2,12,16,34,34,0)
2290:(49,2,13,17,33,33,0)
2291:(49,2,14,18,32,32,0)
2292:(49,2,15,19,31,31,0)
2293:(49,2,15,20,30,30,0)
2294:(49,2,15,21,29,29,0)
2295:(49,2,16,22,28,28,0)
2296:(49,2,16,23,27,27,0)
2297:(49,2,15,24,26,26,0)
2298:(49,2,16,25,25,25,0)
2299:(49,2,16,26,24,24,0)
2300:(49,2,16,27,23,23,0)
2301:(49,2,16,28,22,22,0)
2302:(49,2,17,29,21,21,0)
2303:(49,2,18,30,20,20,0)
2304:(49,2,18,31,19,19,0)
2305:(49,2,18,32,18,18,0)
2306:(49,2,19,33,17,17,0)
2307:(49,2,20,34,16,16,0)
2308:(49,2,21,35,15,15,0)
2309:(49,2,22,36,14,14,0)
2310:(49,2,21,37,13,13,0)
2311:(49,2,22,38,12,12,0)
2312:(49,2,23,39,11,11,0)
2313:(49,2,24,40,10,10,0)
2314:(49,2,24,41,9,9,0)
2315:(49,2,23,42,8,8,0)
2316:(49,2,24,43,7,7,0)
2317:(49,2,25,44,6,6,0)
2318:(49,2,26,45,5,5,0)
2319:(49,2,26,46,4,4,0)
2320:(49,2,27,47,3,3,0)
2321:(49,2,26,48,2,2,0)
2322:(49,2,26,49,1,1,0)
2323:(49,2,27,50,0,0,0)
2324:(-1,-1,-1,-1,-1,-1,-1)