(R_,L,RL,G_,G_a,G_bg,G_d)
0:(50,2,0,50,0,0,0) [ 7.4338 ]
1:(50,2,1,50,0,0,0) [ 7.993799999999999 ]
2:(50,2,2,50,0,0,0) [ 8.553799999999999 ]
3:(50,2,3,50,0,0,0) [ 9.113800000000001 ]
4:(50,2,2,49,1,1,0) [ 8.6318 ]
5:(50,2,2,49,0,1,1) [ 1058.5318 ]
6:(51,2,2,49,0,1,1) [ 1058.6162 ]
7:(50,2,3,49,0,1,1) [ 1059.0808 ]
8:(50,2,4,49,0,1,1) [ 1059.6298 ]
9:(50,2,5,49,0,1,1) [ 1060.1788 ]
10:(51,2,5,49,0,1,1) [ 1060.2632 ]
11:(52,2,5,49,0,1,1) [ 1060.3476 ]
12:(53,2,5,49,0,1,1) [ 1060.432 ]
13:(54,2,5,49,0,1,1) [ 1060.5164 ]
14:(55,2,5,49,0,1,1) [ 1060.6008 ]
15:(56,2,5,49,0,1,1) [ 1060.6852 ]
16:(55,2,6,49,0,1,1) [ 1061.1498 ]
17:(55,2,5,48,1,2,1) [ 2110.6458 ]
18:(55,2,4,47,2,3,1) [ 3160.1638 ]
19:(55,2,4,47,1,3,2) [ 6310.063800000001 ]
20:(55,2,4,47,0,3,3) [ 9459.9638 ]
21:(56,2,4,47,0,3,3) [ 9460.0482 ]
22:(57,2,4,47,0,3,3) [ 9460.1326 ]
23:(58,2,4,47,0,3,3) [ 9460.217 ]
24:(59,2,4,47,0,3,3) [ 9460.3014 ]
25:(60,2,4,47,0,3,3) [ 9460.3858 ]
26:(60,2,5,47,0,3,3) [ 9460.9128 ]
27:(60,2,4,46,1,4,3) [ 12610.4418 ]
28:(60,2,4,46,0,4,4) [ 16810.3418 ]
29:(61,2,4,46,0,4,4) [ 16810.4262 ]
30:(62,2,4,46,0,4,4) [ 16810.5106 ]
31:(61,2,5,46,0,4,4) [ 16810.9422 ]
32:(61,2,4,45,1,5,4) [ 21010.4822 ]
33:(61,2,4,45,0,5,5) [ 26260.3822 ]
34:(61,2,5,45,0,5,5) [ 26260.8872 ]
35:(62,2,5,45,0,5,5) [ 26260.9716 ]
36:(63,2,5,45,0,5,5) [ 26261.056 ]
37:(63,2,6,45,0,5,5) [ 26261.561 ]
38:(64,2,6,45,0,5,5) [ 26261.6454 ]
39:(64,2,5,44,1,6,5) [ 31511.1854 ]
40:(64,2,5,44,0,6,6) [ 37811.0854 ]
41:(64,2,4,43,1,7,6) [ 44110.6474 ]
42:(65,2,4,43,1,7,6) [ 44110.7318 ]
43:(66,2,4,43,1,7,6) [ 44110.8162 ]
44:(65,2,5,43,1,7,6) [ 44111.2148 ]
45:(65,2,5,43,0,7,7) [ 51461.1148 ]
46:(65,2,6,43,0,7,7) [ 51461.5978 ]
47:(64,2,7,43,0,7,7) [ 51461.9964 ]
48:(64,2,6,42,1,8,7) [ 58811.547399999996 ]
49:(64,2,6,42,0,8,8) [ 67211.4474 ]
50:(64,2,5,41,1,9,8) [ 75611.02040000001 ]
51:(64,2,4,40,2,10,8) [ 84010.6154 ]
52:(65,2,4,40,2,10,8) [ 84010.6998 ]
53:(66,2,3,40,2,10,8) [ 84010.3342 ]
54:(66,2,2,39,3,11,8) [ 92409.96220000001 ]
55:(67,2,2,39,3,11,8) [ 92410.0466 ]
56:(68,2,2,39,3,11,8) [ 92410.13100000001 ]
57:(67,2,3,39,3,11,8) [ 92410.4856 ]
58:(66,2,4,39,3,11,8) [ 92410.8402 ]
59:(66,2,4,39,2,11,9) [ 103960.7402 ]
60:(66,2,4,39,1,11,10) [ 115510.64020000001 ]
61:(66,2,5,39,1,11,10) [ 115511.07920000001 ]
62:(67,2,5,39,1,11,10) [ 115511.1636 ]
63:(67,2,4,38,2,12,10) [ 126010.7806 ]
64:(67,2,5,38,2,12,10) [ 126011.2086 ]
65:(67,2,6,38,2,12,10) [ 126011.6366 ]
66:(67,2,6,38,1,12,11) [ 138611.5366 ]
67:(68,2,6,38,1,12,11) [ 138611.621 ]
68:(69,2,6,38,1,12,11) [ 138611.7054 ]
69:(70,2,6,38,1,12,11) [ 138611.7898 ]
70:(70,2,7,38,1,12,11) [ 138612.2178 ]
71:(70,2,7,38,0,12,12) [ 151212.1178 ]
72:(71,2,7,38,0,12,12) [ 151212.2022 ]
73:(72,2,7,38,0,12,12) [ 151212.2866 ]
74:(73,2,7,38,0,12,12) [ 151212.371 ]
75:(74,2,7,38,0,12,12) [ 151212.4554 ]
76:(75,2,7,38,0,12,12) [ 151212.5398 ]
77:(75,2,6,37,1,13,12) [ 163812.1458 ]
78:(75,2,7,37,1,13,12) [ 163812.5628 ]
79:(75,2,7,37,0,13,13) [ 177462.4628 ]
80:(75,2,8,37,0,13,13) [ 177462.8798 ]
81:(75,2,9,37,0,13,13) [ 177463.2968 ]
82:(75,2,10,37,0,13,13) [ 177463.7138 ]
83:(76,2,10,37,0,13,13) [ 177463.7982 ]
84:(77,2,10,37,0,13,13) [ 177463.8826 ]
85:(78,2,10,37,0,13,13) [ 177463.967 ]
86:(78,2,9,36,1,14,13) [ 191113.551 ]
87:(78,2,9,36,0,14,14) [ 205813.451 ]
88:(77,2,10,36,0,14,14) [ 205813.7726 ]
89:(77,2,11,36,0,14,14) [ 205814.1786 ]
90:(77,2,10,35,1,15,14) [ 220513.76260000002 ]
91:(77,2,11,35,1,15,14) [ 220514.1576 ]
92:(77,2,12,35,1,15,14) [ 220514.5526 ]
93:(77,2,13,35,1,15,14) [ 220514.9476 ]
94:(77,2,14,35,1,15,14) [ 220515.3426 ]
95:(77,2,14,35,0,15,15) [ 236265.2426 ]
96:(77,2,15,35,0,15,15) [ 236265.6376 ]
97:(77,2,15,36,0,14,14) [ 205815.8026 ]
98:(78,2,15,36,0,14,14) [ 205815.887 ]
99:(79,2,15,36,0,14,14) [ 205815.9714 ]
100:(80,2,15,36,0,14,14) [ 205816.0558 ]
101:(81,2,14,36,0,14,14) [ 205815.7342 ]
102:(82,2,14,36,0,14,14) [ 205815.8186 ]
103:(82,2,15,36,0,14,14) [ 205816.2246 ]
104:(83,2,15,36,0,14,14) [ 205816.309 ]
105:(82,2,16,36,0,14,14) [ 205816.6306 ]
106:(83,2,16,36,0,14,14) [ 205816.715 ]
107:(83,2,17,36,0,14,14) [ 205817.121 ]
108:(84,2,17,36,0,14,14) [ 205817.2054 ]
109:(84,2,18,36,0,14,14) [ 205817.6114 ]
110:(84,2,17,35,1,15,14) [ 220517.1184 ]
111:(83,2,17,35,1,15,14) [ 220517.034 ]
112:(82,2,18,35,1,15,14) [ 220517.3446 ]
113:(83,2,18,35,1,15,14) [ 220517.429 ]
114:(83,2,17,34,2,16,14) [ 235216.94700000001 ]
115:(83,2,17,34,1,16,15) [ 252016.847 ]
116:(83,2,18,34,1,16,15) [ 252017.231 ]
117:(84,2,18,34,1,16,15) [ 252017.3154 ]
118:(83,2,19,34,1,16,15) [ 252017.61500000002 ]
119:(83,2,18,33,2,17,15) [ 267767.13300000003 ]
120:(82,2,19,33,2,17,15) [ 267767.4216 ]
121:(81,2,20,33,2,17,15) [ 267767.71020000003 ]
122:(81,2,20,33,1,17,16) [ 285617.6102 ]
123:(81,2,19,32,2,18,16) [ 302417.12820000004 ]
124:(81,2,18,31,3,19,16) [ 319216.6682 ]
125:(80,2,19,31,3,19,16) [ 319216.9348 ]
126:(80,2,18,30,4,20,16) [ 336016.4858 ]
127:(79,2,18,30,4,20,16) [ 336016.40140000003 ]
128:(78,2,19,30,4,20,16) [ 336016.657 ]
129:(77,2,20,30,4,20,16) [ 336016.91260000004 ]
130:(77,2,21,30,4,20,16) [ 336017.2526 ]
131:(77,2,22,30,4,20,16) [ 336017.59260000003 ]
132:(77,2,23,30,4,20,16) [ 336017.9326 ]
133:(77,2,22,29,5,21,16) [ 352817.4506 ]
134:(76,2,23,29,5,21,16) [ 352817.6952 ]
135:(75,2,24,29,5,21,16) [ 352817.9398 ]
136:(75,2,25,29,5,21,16) [ 352818.2688 ]
137:(75,2,26,29,5,21,16) [ 352818.5978 ]
138:(76,2,26,29,5,21,16) [ 352818.6822 ]
139:(77,2,26,29,5,21,16) [ 352818.7666 ]
140:(78,2,26,29,5,21,16) [ 352818.851 ]
141:(79,2,26,29,5,21,16) [ 352818.9354 ]
142:(79,2,27,29,5,21,16) [ 352819.2644 ]
143:(80,2,27,29,5,21,16) [ 352819.3488 ]
144:(81,2,27,29,5,21,16) [ 352819.4332 ]
145:(81,2,28,29,5,21,16) [ 352819.7622 ]
146:(81,2,29,29,5,21,16) [ 352820.0912 ]
147:(81,2,30,29,5,21,16) [ 352820.4202 ]
148:(81,2,29,28,6,22,16) [ 369619.8722 ]
149:(81,2,30,28,6,22,16) [ 369620.19019999995 ]
150:(80,2,31,28,6,22,16) [ 369620.4238 ]
151:(79,2,32,28,6,22,16) [ 369620.65739999997 ]
152:(79,2,33,28,6,22,16) [ 369620.9754 ]
153:(79,2,34,28,6,22,16) [ 369621.29339999997 ]
154:(79,2,35,28,6,22,16) [ 369621.6114 ]
155:(78,2,36,28,6,22,16) [ 369621.845 ]
156:(77,2,37,28,6,22,16) [ 369622.07859999995 ]
157:(76,2,38,28,6,22,16) [ 369622.3122 ]
158:(75,2,39,28,6,22,16) [ 369622.54579999996 ]
159:(74,2,40,28,6,22,16) [ 369622.7794 ]
160:(74,2,39,27,7,23,16) [ 386422.1324 ]
161:(74,2,38,26,8,24,16) [ 403221.5074 ]
162:(74,2,37,25,9,25,16) [ 420020.9044 ]
163:(74,2,36,24,10,26,16) [ 436820.3234 ]
164:(74,2,35,23,11,27,16) [ 453619.7644 ]
165:(74,2,34,22,12,28,16) [ 470419.22740000003 ]
166:(74,2,33,21,13,29,16) [ 487218.71239999996 ]
167:(74,2,32,20,14,30,16) [ 504018.2194 ]
168:(74,2,31,19,15,31,16) [ 520817.7484 ]
169:(74,2,30,18,16,32,16) [ 537617.2994 ]
170:(74,2,29,17,17,33,16) [ 554416.8724 ]
171:(74,2,28,16,18,34,16) [ 571216.4674000001 ]
172:(74,2,27,15,19,35,16) [ 588016.0844 ]
173:(74,2,26,14,20,36,16) [ 604815.7234 ]
174:(74,2,25,13,21,37,16) [ 621615.3844 ]
175:(74,2,24,12,22,38,16) [ 638415.0673999999 ]
176:(74,2,23,11,23,39,16) [ 655214.7724 ]
177:(74,2,22,10,24,40,16) [ 672014.4994 ]
178:(74,2,21,9,25,41,16) [ 688814.2484 ]
179:(74,2,20,8,26,42,16) [ 705614.0194 ]
180:(74,2,19,7,27,43,16) [ 722413.8123999999 ]
181:(74,2,18,6,28,44,16) [ 739213.6274 ]
182:(74,2,17,5,29,45,16) [ 756013.4644 ]
183:(74,2,16,4,30,46,16) [ 772813.3234 ]
184:(74,2,15,3,31,47,16) [ 789613.2043999999 ]
185:(74,2,14,2,32,48,16) [ 806413.1074 ]
186:(74,2,13,1,33,49,16) [ 823213.0324 ]
187:(74,2,12,0,34,50,16) [ 840012.9794000001 TARGET ]
188:(75,2,12,0,34,50,16) [ 840013.0638 TARGET ]
189:(73,2,12,0,34,50,16) [ 840012.895 TARGET ]
190:(73,2,13,0,34,50,16) [ 840012.905 TARGET ]
191:(74,2,13,0,34,50,16) [ 840012.9894000001 TARGET ]
192:(75,2,13,1,33,49,16) [ 823213.1168000001 ]
193:(73,2,13,1,33,49,16) [ 823212.9480000001 ]
194:(73,2,14,1,33,49,16) [ 823212.969 ]
195:(74,2,14,1,33,49,16) [ 823213.0534000001 ]
196:(75,2,14,2,32,48,16) [ 806413.1917999999 ]
197:(73,2,14,2,32,48,16) [ 806413.0229999999 ]
198:(73,2,15,2,32,48,16) [ 806413.0549999999 ]
199:(74,2,15,2,32,48,16) [ 806413.1394 ]
200:(75,2,15,3,31,47,16) [ 789613.2888 ]
201:(73,2,15,3,31,47,16) [ 789613.12 ]
202:(73,2,16,3,31,47,16) [ 789613.163 ]
203:(74,2,16,3,31,47,16) [ 789613.2474 ]
204:(75,2,16,4,30,46,16) [ 772813.4078 ]
205:(73,2,16,4,30,46,16) [ 772813.239 ]
206:(73,2,17,4,30,46,16) [ 772813.293 ]
207:(74,2,17,4,30,46,16) [ 772813.3774 ]
208:(75,2,17,5,29,45,16) [ 756013.5488 ]
209:(73,2,17,5,29,45,16) [ 756013.38 ]
210:(73,2,18,5,29,45,16) [ 756013.4450000001 ]
211:(74,2,18,5,29,45,16) [ 756013.5294 ]
212:(75,2,18,6,28,44,16) [ 739213.7118 ]
213:(73,2,18,6,28,44,16) [ 739213.5430000001 ]
214:(73,2,19,6,28,44,16) [ 739213.6190000001 ]
215:(74,2,19,6,28,44,16) [ 739213.7034 ]
216:(75,2,19,7,27,43,16) [ 722413.8968 ]
217:(73,2,19,7,27,43,16) [ 722413.728 ]
218:(73,2,20,7,27,43,16) [ 722413.815 ]
219:(74,2,20,7,27,43,16) [ 722413.8994 ]
220:(75,2,20,8,26,42,16) [ 705614.1037999999 ]
221:(73,2,20,8,26,42,16) [ 705613.9349999999 ]
222:(73,2,21,8,26,42,16) [ 705614.0329999999 ]
223:(74,2,21,8,26,42,16) [ 705614.1174 ]
224:(75,2,21,9,25,41,16) [ 688814.3328 ]
225:(73,2,21,9,25,41,16) [ 688814.164 ]
226:(73,2,22,9,25,41,16) [ 688814.273 ]
227:(74,2,22,9,25,41,16) [ 688814.3574 ]
228:(75,2,22,10,24,40,16) [ 672014.5838 ]
229:(73,2,22,10,24,40,16) [ 672014.415 ]
230:(73,2,23,10,24,40,16) [ 672014.535 ]
231:(74,2,23,10,24,40,16) [ 672014.6194 ]
232:(75,2,23,11,23,39,16) [ 655214.8568000001 ]
233:(73,2,23,11,23,39,16) [ 655214.6880000001 ]
234:(73,2,24,11,23,39,16) [ 655214.819 ]
235:(74,2,24,11,23,39,16) [ 655214.9034000001 ]
236:(75,2,24,12,22,38,16) [ 638415.1518 ]
237:(73,2,24,12,22,38,16) [ 638414.983 ]
238:(73,2,25,12,22,38,16) [ 638415.125 ]
239:(74,2,25,12,22,38,16) [ 638415.2093999999 ]
240:(75,2,25,13,21,37,16) [ 621615.4688 ]
241:(73,2,25,13,21,37,16) [ 621615.2999999999 ]
242:(73,2,26,13,21,37,16) [ 621615.453 ]
243:(74,2,26,13,21,37,16) [ 621615.5374 ]
244:(75,2,26,14,20,36,16) [ 604815.8078 ]
245:(73,2,26,14,20,36,16) [ 604815.639 ]
246:(73,2,27,14,20,36,16) [ 604815.803 ]
247:(74,2,27,14,20,36,16) [ 604815.8874 ]
248:(75,2,27,15,19,35,16) [ 588016.1688 ]
249:(73,2,27,15,19,35,16) [ 588016.0 ]
250:(73,2,28,15,19,35,16) [ 588016.175 ]
251:(74,2,28,15,19,35,16) [ 588016.2594 ]
252:(75,2,28,16,18,34,16) [ 571216.5518 ]
253:(73,2,28,16,18,34,16) [ 571216.383 ]
254:(73,2,29,16,18,34,16) [ 571216.569 ]
255:(74,2,29,16,18,34,16) [ 571216.6534000001 ]
256:(75,2,29,17,17,33,16) [ 554416.9567999999 ]
257:(73,2,29,17,17,33,16) [ 554416.788 ]
258:(73,2,30,17,17,33,16) [ 554416.985 ]
259:(74,2,30,17,17,33,16) [ 554417.0693999999 ]
260:(75,2,30,18,16,32,16) [ 537617.3838 ]
261:(73,2,30,18,16,32,16) [ 537617.215 ]
262:(73,2,31,18,16,32,16) [ 537617.423 ]
263:(74,2,31,18,16,32,16) [ 537617.5074 ]
264:(75,2,31,19,15,31,16) [ 520817.8328 ]
265:(73,2,31,19,15,31,16) [ 520817.664 ]
266:(73,2,32,19,15,31,16) [ 520817.883 ]
267:(74,2,32,19,15,31,16) [ 520817.9674 ]
268:(75,2,32,20,14,30,16) [ 504018.3038 ]
269:(73,2,32,20,14,30,16) [ 504018.135 ]
270:(73,2,33,20,14,30,16) [ 504018.36500000005 ]
271:(74,2,33,20,14,30,16) [ 504018.44940000004 ]
272:(75,2,33,21,13,29,16) [ 487218.7968 ]
273:(73,2,33,21,13,29,16) [ 487218.62799999997 ]
274:(73,2,34,21,13,29,16) [ 487218.869 ]
275:(74,2,34,21,13,29,16) [ 487218.9534 ]
276:(75,2,34,22,12,28,16) [ 470419.3118 ]
277:(73,2,34,22,12,28,16) [ 470419.14300000004 ]
278:(73,2,35,22,12,28,16) [ 470419.395 ]
279:(74,2,35,22,12,28,16) [ 470419.4794 ]
280:(75,2,35,23,11,27,16) [ 453619.8488 ]
281:(73,2,35,23,11,27,16) [ 453619.68 ]
282:(73,2,36,23,11,27,16) [ 453619.94299999997 ]
283:(74,2,36,23,11,27,16) [ 453620.02739999996 ]
284:(75,2,36,24,10,26,16) [ 436820.4078 ]
285:(73,2,36,24,10,26,16) [ 436820.239 ]
286:(73,2,37,24,10,26,16) [ 436820.513 ]
287:(74,2,37,24,10,26,16) [ 436820.5974 ]
288:(75,2,37,25,9,25,16) [ 420020.98880000005 ]
289:(73,2,37,25,9,25,16) [ 420020.82 ]
290:(73,2,38,25,9,25,16) [ 420021.10500000004 ]
291:(74,2,38,25,9,25,16) [ 420021.18940000003 ]
292:(75,2,38,26,8,24,16) [ 403221.5918 ]
293:(73,2,38,26,8,24,16) [ 403221.423 ]
294:(73,2,39,26,8,24,16) [ 403221.719 ]
295:(74,2,39,26,8,24,16) [ 403221.8034 ]
296:(75,2,39,27,7,23,16) [ 386422.2168 ]
297:(73,2,39,27,7,23,16) [ 386422.048 ]
298:(73,2,40,27,7,23,16) [ 386422.35500000004 ]
299:(74,2,40,27,7,23,16) [ 386422.43940000003 ]
300:(75,2,40,28,6,22,16) [ 369622.8638 ]
301:(73,2,40,28,6,22,16) [ 369622.69499999995 ]
302:(73,2,41,28,6,22,16) [ 369623.013 ]
303:(74,2,41,28,6,22,16) [ 369623.09739999997 ]
304:(76,2,39,28,6,22,16) [ 369622.63019999996 ]
305:(74,2,39,28,6,22,16) [ 369622.4614 ]
306:(77,2,38,28,6,22,16) [ 369622.3966 ]
307:(75,2,38,28,6,22,16) [ 369622.2278 ]
308:(78,2,37,28,6,22,16) [ 369622.163 ]
309:(76,2,37,28,6,22,16) [ 369621.99419999996 ]
310:(79,2,36,28,6,22,16) [ 369621.92939999996 ]
311:(77,2,36,28,6,22,16) [ 369621.7606 ]
312:(80,2,35,28,6,22,16) [ 369621.6958 ]
313:(78,2,35,28,6,22,16) [ 369621.527 ]
314:(80,2,34,28,6,22,16) [ 369621.37779999996 ]
315:(78,2,34,28,6,22,16) [ 369621.209 ]
316:(80,2,33,28,6,22,16) [ 369621.0598 ]
317:(78,2,33,28,6,22,16) [ 369620.891 ]
318:(80,2,32,28,6,22,16) [ 369620.74179999996 ]
319:(78,2,32,28,6,22,16) [ 369620.573 ]
320:(81,2,31,28,6,22,16) [ 369620.5082 ]
321:(79,2,31,28,6,22,16) [ 369620.3394 ]
322:(82,2,30,28,6,22,16) [ 369620.2746 ]
323:(80,2,30,28,6,22,16) [ 369620.10579999996 ]
324:(82,2,29,28,6,22,16) [ 369619.9566 ]
325:(80,2,29,28,6,22,16) [ 369619.7878 ]
326:(82,2,30,29,5,21,16) [ 352820.5046 ]
327:(80,2,30,29,5,21,16) [ 352820.3358 ]
328:(80,2,31,29,5,21,16) [ 352820.6648 ]
329:(81,2,31,29,5,21,16) [ 352820.7492 ]
330:(82,2,29,29,5,21,16) [ 352820.1756 ]
331:(80,2,29,29,5,21,16) [ 352820.0068 ]
332:(82,2,28,29,5,21,16) [ 352819.8466 ]
333:(80,2,28,29,5,21,16) [ 352819.6778 ]
334:(82,2,27,29,5,21,16) [ 352819.5176 ]
335:(79,2,28,29,5,21,16) [ 352819.5934 ]
336:(78,2,27,29,5,21,16) [ 352819.18 ]
337:(78,2,28,29,5,21,16) [ 352819.509 ]
338:(80,2,26,29,5,21,16) [ 352819.0198 ]
339:(77,2,27,29,5,21,16) [ 352819.0956 ]
340:(76,2,27,29,5,21,16) [ 352819.0112 ]
341:(75,2,27,29,5,21,16) [ 352818.9268 ]
342:(74,2,26,29,5,21,16) [ 352818.5134 ]
343:(74,2,27,29,5,21,16) [ 352818.8424 ]
344:(76,2,25,29,5,21,16) [ 352818.3532 ]
345:(74,2,25,29,5,21,16) [ 352818.1844 ]
346:(76,2,24,29,5,21,16) [ 352818.0242 ]
347:(74,2,24,29,5,21,16) [ 352817.8554 ]
348:(77,2,23,29,5,21,16) [ 352817.7796 ]
349:(75,2,23,29,5,21,16) [ 352817.6108 ]
350:(78,2,22,29,5,21,16) [ 352817.535 ]
351:(76,2,22,29,5,21,16) [ 352817.3662 ]
352:(78,2,23,30,4,20,16) [ 336018.01700000005 ]
353:(76,2,23,30,4,20,16) [ 336017.8482 ]
354:(76,2,24,30,4,20,16) [ 336018.18820000003 ]
355:(77,2,24,30,4,20,16) [ 336018.2726 ]
356:(78,2,22,30,4,20,16) [ 336017.677 ]
357:(76,2,22,30,4,20,16) [ 336017.50820000004 ]
358:(78,2,21,30,4,20,16) [ 336017.337 ]
359:(76,2,21,30,4,20,16) [ 336017.1682 ]
360:(78,2,20,30,4,20,16) [ 336016.99700000003 ]
361:(76,2,20,30,4,20,16) [ 336016.82820000005 ]
362:(79,2,19,30,4,20,16) [ 336016.7414 ]
363:(77,2,19,30,4,20,16) [ 336016.5726 ]
364:(78,2,18,30,4,20,16) [ 336016.31700000004 ]
365:(81,2,18,30,4,20,16) [ 336016.5702 ]
366:(80,2,19,30,4,20,16) [ 336016.82580000005 ]
367:(81,2,19,31,3,19,16) [ 319217.0192 ]
368:(79,2,19,31,3,19,16) [ 319216.8504 ]
369:(79,2,20,31,3,19,16) [ 319217.20139999996 ]
370:(80,2,20,31,3,19,16) [ 319217.2858 ]
371:(82,2,18,31,3,19,16) [ 319216.7526 ]
372:(80,2,18,31,3,19,16) [ 319216.58379999996 ]
373:(82,2,19,32,2,18,16) [ 302417.2126 ]
374:(80,2,19,32,2,18,16) [ 302417.0438 ]
375:(80,2,20,32,2,18,16) [ 302417.4058 ]
376:(81,2,20,32,2,18,16) [ 302417.4902 ]
377:(82,2,20,33,1,17,16) [ 285617.6946 ]
378:(80,2,20,33,1,17,16) [ 285617.5258 ]
379:(80,2,21,33,1,17,16) [ 285617.89879999997 ]
380:(81,2,21,33,1,17,16) [ 285617.98319999996 ]
381:(82,2,20,33,2,17,15) [ 267767.7946 ]
382:(80,2,20,33,2,17,15) [ 267767.62580000004 ]
383:(80,2,21,33,2,17,15) [ 267767.9988 ]
384:(81,2,21,33,2,17,15) [ 267768.0832 ]
385:(83,2,19,33,2,17,15) [ 267767.506 ]
386:(81,2,19,33,2,17,15) [ 267767.3372 ]
387:(84,2,18,33,2,17,15) [ 267767.2174 ]
388:(82,2,18,33,2,17,15) [ 267767.04860000004 ]
389:(84,2,19,34,1,16,15) [ 252017.6994 ]
390:(82,2,19,34,1,16,15) [ 252017.5306 ]
391:(82,2,20,34,1,16,15) [ 252017.91460000002 ]
392:(83,2,20,34,1,16,15) [ 252017.999 ]
393:(85,2,18,34,1,16,15) [ 252017.3998 ]
394:(82,2,18,34,1,16,15) [ 252017.1466 ]
395:(84,2,17,34,1,16,15) [ 252016.9314 ]
396:(82,2,17,34,1,16,15) [ 252016.76260000002 ]
397:(84,2,17,34,2,16,14) [ 235217.0314 ]
398:(82,2,17,34,2,16,14) [ 235216.86260000002 ]
399:(82,2,18,34,2,16,14) [ 235217.2466 ]
400:(83,2,18,34,2,16,14) [ 235217.331 ]
401:(84,2,18,35,1,15,14) [ 220517.5134 ]
402:(82,2,19,35,1,15,14) [ 220517.7396 ]
403:(83,2,19,35,1,15,14) [ 220517.824 ]
404:(81,2,18,35,1,15,14) [ 220517.26020000002 ]
405:(81,2,19,35,1,15,14) [ 220517.6552 ]
406:(82,2,17,35,1,15,14) [ 220516.9496 ]
407:(85,2,17,35,1,15,14) [ 220517.2028 ]
408:(85,2,18,36,0,14,14) [ 205817.6958 ]
409:(83,2,18,36,0,14,14) [ 205817.527 ]
410:(83,2,19,36,0,14,14) [ 205817.933 ]
411:(84,2,19,36,0,14,14) [ 205818.0174 ]
412:(85,2,17,36,0,14,14) [ 205817.2898 ]
413:(82,2,17,36,0,14,14) [ 205817.0366 ]
414:(82,2,18,36,0,14,14) [ 205817.4426 ]
415:(84,2,16,36,0,14,14) [ 205816.7994 ]
416:(81,2,16,36,0,14,14) [ 205816.5462 ]
417:(81,2,17,36,0,14,14) [ 205816.9522 ]
418:(84,2,15,36,0,14,14) [ 205816.3934 ]
419:(81,2,15,36,0,14,14) [ 205816.1402 ]
420:(83,2,14,36,0,14,14) [ 205815.903 ]
421:(80,2,14,36,0,14,14) [ 205815.6498 ]
422:(79,2,16,36,0,14,14) [ 205816.3774 ]
423:(80,2,16,36,0,14,14) [ 205816.4618 ]
424:(78,2,16,36,0,14,14) [ 205816.293 ]
425:(77,2,16,36,0,14,14) [ 205816.2086 ]
426:(76,2,15,36,0,14,14) [ 205815.7182 ]
427:(76,2,16,36,0,14,14) [ 205816.1242 ]
428:(78,2,15,35,0,15,15) [ 236265.722 ]
429:(76,2,15,35,0,15,15) [ 236265.5532 ]
430:(76,2,16,35,0,15,15) [ 236265.9482 ]
431:(77,2,16,35,0,15,15) [ 236266.0326 ]
432:(78,2,14,35,0,15,15) [ 236265.327 ]
433:(76,2,14,35,0,15,15) [ 236265.1582 ]
434:(78,2,14,35,1,15,14) [ 220515.427 ]
435:(76,2,14,35,1,15,14) [ 220515.2582 ]
436:(76,2,15,35,1,15,14) [ 220515.6532 ]
437:(77,2,15,35,1,15,14) [ 220515.7376 ]
438:(78,2,13,35,1,15,14) [ 220515.032 ]
439:(76,2,13,35,1,15,14) [ 220514.8632 ]
440:(78,2,12,35,1,15,14) [ 220514.63700000002 ]
441:(76,2,12,35,1,15,14) [ 220514.4682 ]
442:(78,2,11,35,1,15,14) [ 220514.242 ]
443:(76,2,11,35,1,15,14) [ 220514.0732 ]
444:(78,2,10,35,1,15,14) [ 220513.847 ]
445:(76,2,10,35,1,15,14) [ 220513.6782 ]
446:(78,2,11,36,0,14,14) [ 205814.263 ]
447:(76,2,11,36,0,14,14) [ 205814.0942 ]
448:(76,2,12,36,0,14,14) [ 205814.5002 ]
449:(77,2,12,36,0,14,14) [ 205814.5846 ]
450:(78,2,10,36,0,14,14) [ 205813.857 ]
451:(76,2,10,36,0,14,14) [ 205813.6882 ]
452:(79,2,9,36,0,14,14) [ 205813.5354 ]
453:(77,2,9,36,0,14,14) [ 205813.3666 ]
454:(79,2,9,36,1,14,13) [ 191113.6354 ]
455:(77,2,9,36,1,14,13) [ 191113.4666 ]
456:(77,2,10,36,1,14,13) [ 191113.8726 ]
457:(78,2,10,36,1,14,13) [ 191113.957 ]
458:(79,2,10,37,0,13,13) [ 177464.0514 ]
459:(77,2,11,37,0,13,13) [ 177464.2996 ]
460:(78,2,11,37,0,13,13) [ 177464.384 ]
461:(76,2,11,37,0,13,13) [ 177464.2152 ]
462:(75,2,11,37,0,13,13) [ 177464.1308 ]
463:(74,2,10,37,0,13,13) [ 177463.6294 ]
464:(74,2,11,37,0,13,13) [ 177464.0464 ]
465:(76,2,9,37,0,13,13) [ 177463.3812 ]
466:(74,2,9,37,0,13,13) [ 177463.2124 ]
467:(76,2,8,37,0,13,13) [ 177462.9642 ]
468:(74,2,8,37,0,13,13) [ 177462.7954 ]
469:(76,2,7,37,0,13,13) [ 177462.5472 ]
470:(74,2,7,37,0,13,13) [ 177462.3784 ]
471:(76,2,7,37,1,13,12) [ 163812.6472 ]
472:(74,2,7,37,1,13,12) [ 163812.4784 ]
473:(74,2,8,37,1,13,12) [ 163812.8954 ]
474:(75,2,8,37,1,13,12) [ 163812.9798 ]
475:(76,2,6,37,1,13,12) [ 163812.23020000002 ]
476:(74,2,6,37,1,13,12) [ 163812.0614 ]
477:(76,2,7,38,0,12,12) [ 151212.6242 ]
478:(74,2,8,38,0,12,12) [ 151212.8834 ]
479:(75,2,8,38,0,12,12) [ 151212.9678 ]
480:(73,2,8,38,0,12,12) [ 151212.799 ]
481:(72,2,8,38,0,12,12) [ 151212.7146 ]
482:(71,2,8,38,0,12,12) [ 151212.6302 ]
483:(70,2,8,38,0,12,12) [ 151212.5458 ]
484:(69,2,7,38,0,12,12) [ 151212.0334 ]
485:(69,2,8,38,0,12,12) [ 151212.4614 ]
486:(71,2,7,38,1,12,11) [ 138612.3022 ]
487:(69,2,7,38,1,12,11) [ 138612.1334 ]
488:(69,2,8,38,1,12,11) [ 138612.5614 ]
489:(70,2,8,38,1,12,11) [ 138612.6458 ]
490:(71,2,6,38,1,12,11) [ 138611.87420000002 ]
491:(68,2,7,38,1,12,11) [ 138612.049 ]
492:(67,2,7,38,1,12,11) [ 138611.9646 ]
493:(66,2,6,38,1,12,11) [ 138611.4522 ]
494:(66,2,7,38,1,12,11) [ 138611.8802 ]
495:(68,2,6,38,2,12,10) [ 126011.72099999999 ]
496:(66,2,6,38,2,12,10) [ 126011.55219999999 ]
497:(66,2,7,38,2,12,10) [ 126011.98019999999 ]
498:(67,2,7,38,2,12,10) [ 126012.0646 ]
499:(68,2,5,38,2,12,10) [ 126011.29299999999 ]
500:(66,2,5,38,2,12,10) [ 126011.12419999999 ]
501:(68,2,4,38,2,12,10) [ 126010.86499999999 ]
502:(66,2,4,38,2,12,10) [ 126010.69619999999 ]
503:(68,2,5,39,1,11,10) [ 115511.248 ]
504:(66,2,6,39,1,11,10) [ 115511.5182 ]
505:(67,2,6,39,1,11,10) [ 115511.60260000001 ]
506:(65,2,5,39,1,11,10) [ 115510.9948 ]
507:(65,2,6,39,1,11,10) [ 115511.4338 ]
508:(67,2,4,39,1,11,10) [ 115510.7246 ]
509:(65,2,4,39,1,11,10) [ 115510.5558 ]
510:(67,2,4,39,2,11,9) [ 103960.82459999999 ]
511:(65,2,4,39,2,11,9) [ 103960.6558 ]
512:(65,2,5,39,2,11,9) [ 103961.09479999999 ]
513:(66,2,5,39,2,11,9) [ 103961.1792 ]
514:(67,2,4,39,3,11,8) [ 92410.9246 ]
515:(65,2,4,39,3,11,8) [ 92410.7558 ]
516:(65,2,5,39,3,11,8) [ 92411.1948 ]
517:(66,2,5,39,3,11,8) [ 92411.2792 ]
518:(68,2,3,39,3,11,8) [ 92410.57 ]
519:(66,2,3,39,3,11,8) [ 92410.40120000001 ]
520:(69,2,2,39,3,11,8) [ 92410.2154 ]
521:(65,2,2,39,3,11,8) [ 92409.8778 ]
522:(65,2,3,39,3,11,8) [ 92410.3168 ]
523:(67,2,3,40,2,10,8) [ 84010.41859999999 ]
524:(65,2,3,40,2,10,8) [ 84010.24979999999 ]
525:(66,2,4,40,2,10,8) [ 84010.7842 ]
526:(64,2,5,40,2,10,8) [ 84011.06539999999 ]
527:(65,2,5,40,2,10,8) [ 84011.1498 ]
528:(63,2,4,40,2,10,8) [ 84010.531 ]
529:(63,2,5,40,2,10,8) [ 84010.981 ]
530:(65,2,5,41,1,9,8) [ 75611.1048 ]
531:(63,2,5,41,1,9,8) [ 75610.936 ]
532:(63,2,6,41,1,9,8) [ 75611.39700000001 ]
533:(64,2,6,41,1,9,8) [ 75611.4814 ]
534:(65,2,6,42,0,8,8) [ 67211.5318 ]
535:(63,2,6,42,0,8,8) [ 67211.363 ]
536:(63,2,7,42,0,8,8) [ 67211.835 ]
537:(64,2,7,42,0,8,8) [ 67211.9194 ]
538:(65,2,6,42,1,8,7) [ 58811.631799999996 ]
539:(63,2,6,42,1,8,7) [ 58811.462999999996 ]
540:(63,2,7,42,1,8,7) [ 58811.935 ]
541:(64,2,7,42,1,8,7) [ 58812.0194 ]
542:(65,2,7,43,0,7,7) [ 51462.0808 ]
543:(63,2,7,43,0,7,7) [ 51461.912 ]
544:(63,2,8,43,0,7,7) [ 51462.395 ]
545:(64,2,8,43,0,7,7) [ 51462.4794 ]
546:(66,2,6,43,0,7,7) [ 51461.6822 ]
547:(64,2,6,43,0,7,7) [ 51461.5134 ]
548:(66,2,5,43,0,7,7) [ 51461.1992 ]
549:(64,2,5,43,0,7,7) [ 51461.0304 ]
550:(66,2,5,43,1,7,6) [ 44111.2992 ]
551:(64,2,5,43,1,7,6) [ 44111.1304 ]
552:(64,2,6,43,1,7,6) [ 44111.6134 ]
553:(65,2,6,43,1,7,6) [ 44111.6978 ]
554:(67,2,4,43,1,7,6) [ 44110.9006 ]
555:(63,2,4,43,1,7,6) [ 44110.563 ]
556:(63,2,5,43,1,7,6) [ 44111.046 ]
557:(65,2,5,44,0,6,6) [ 37811.1698 ]
558:(63,2,5,44,0,6,6) [ 37811.001 ]
559:(63,2,6,44,0,6,6) [ 37811.495 ]
560:(64,2,6,44,0,6,6) [ 37811.5794 ]
561:(65,2,5,44,1,6,5) [ 31511.2698 ]
562:(63,2,5,44,1,6,5) [ 31511.101 ]
563:(63,2,6,44,1,6,5) [ 31511.594999999998 ]
564:(64,2,6,44,1,6,5) [ 31511.679399999997 ]
565:(65,2,6,45,0,5,5) [ 26261.7298 ]
566:(63,2,7,45,0,5,5) [ 26262.066 ]
567:(64,2,7,45,0,5,5) [ 26262.1504 ]
568:(62,2,6,45,0,5,5) [ 26261.4766 ]
569:(62,2,7,45,0,5,5) [ 26261.9816 ]
570:(64,2,5,45,0,5,5) [ 26261.1404 ]
571:(61,2,6,45,0,5,5) [ 26261.3922 ]
572:(60,2,5,45,0,5,5) [ 26260.8028 ]
573:(60,2,6,45,0,5,5) [ 26261.3078 ]
574:(62,2,4,45,0,5,5) [ 26260.4666 ]
575:(60,2,4,45,0,5,5) [ 26260.2978 ]
576:(62,2,4,45,1,5,4) [ 21010.5666 ]
577:(60,2,4,45,1,5,4) [ 21010.3978 ]
578:(60,2,5,45,1,5,4) [ 21010.9028 ]
579:(61,2,5,45,1,5,4) [ 21010.9872 ]
580:(62,2,5,46,0,4,4) [ 16811.0266 ]
581:(60,2,5,46,0,4,4) [ 16810.8578 ]
582:(60,2,6,46,0,4,4) [ 16811.3738 ]
583:(61,2,6,46,0,4,4) [ 16811.4582 ]
584:(63,2,4,46,0,4,4) [ 16810.595 ]
585:(59,2,4,46,0,4,4) [ 16810.2574 ]
586:(59,2,5,46,0,4,4) [ 16810.7734 ]
587:(61,2,4,46,1,4,3) [ 12610.5262 ]
588:(59,2,4,46,1,4,3) [ 12610.3574 ]
589:(59,2,5,46,1,4,3) [ 12610.8734 ]
590:(60,2,5,46,1,4,3) [ 12610.9578 ]
591:(61,2,5,47,0,3,3) [ 9460.9972 ]
592:(59,2,5,47,0,3,3) [ 9460.8284 ]
593:(59,2,6,47,0,3,3) [ 9461.3554 ]
594:(60,2,6,47,0,3,3) [ 9461.4398 ]
595:(61,2,4,47,0,3,3) [ 9460.4702 ]
596:(58,2,5,47,0,3,3) [ 9460.744 ]
597:(57,2,5,47,0,3,3) [ 9460.6596 ]
598:(56,2,5,47,0,3,3) [ 9460.5752 ]
599:(55,2,5,47,0,3,3) [ 9460.4908 ]
600:(54,2,4,47,0,3,3) [ 9459.8794 ]
601:(54,2,5,47,0,3,3) [ 9460.4064 ]
602:(56,2,4,47,1,3,2) [ 6310.1482000000005 ]
603:(54,2,4,47,1,3,2) [ 6309.9794 ]
604:(54,2,5,47,1,3,2) [ 6310.5064 ]
605:(55,2,5,47,1,3,2) [ 6310.5908 ]
606:(56,2,4,47,2,3,1) [ 3160.2482 ]
607:(54,2,4,47,2,3,1) [ 3160.0793999999996 ]
608:(54,2,5,47,2,3,1) [ 3160.6063999999997 ]
609:(55,2,5,47,2,3,1) [ 3160.6908 ]
610:(56,2,5,48,1,2,1) [ 2110.7302 ]
611:(54,2,5,48,1,2,1) [ 2110.5614 ]
612:(54,2,6,48,1,2,1) [ 2111.0994 ]
613:(55,2,6,48,1,2,1) [ 2111.1838 ]
614:(56,2,6,49,0,1,1) [ 1061.2342 ]
615:(54,2,6,49,0,1,1) [ 1061.0654 ]
616:(54,2,7,49,0,1,1) [ 1061.6144 ]
617:(55,2,7,49,0,1,1) [ 1061.6988 ]
618:(57,2,5,49,0,1,1) [ 1060.7696 ]
619:(53,2,6,49,0,1,1) [ 1060.981 ]
620:(52,2,6,49,0,1,1) [ 1060.8966 ]
621:(51,2,6,49,0,1,1) [ 1060.8122 ]
622:(50,2,6,49,0,1,1) [ 1060.7278 ]
623:(49,2,5,49,0,1,1) [ 1060.0944 ]
624:(49,2,6,49,0,1,1) [ 1060.6434 ]
625:(51,2,4,49,0,1,1) [ 1059.7142 ]
626:(49,2,4,49,0,1,1) [ 1059.5454 ]
627:(51,2,3,49,0,1,1) [ 1059.1652 ]
628:(49,2,3,49,0,1,1) [ 1058.9964 ]
629:(52,2,2,49,0,1,1) [ 1058.7006 ]
630:(49,2,2,49,0,1,1) [ 1058.4474 ]
631:(51,2,2,49,1,1,0) [ 8.716199999999999 ]
632:(49,2,2,49,1,1,0) [ 8.547399999999998 ]
633:(49,2,3,49,1,1,0) [ 9.096400000000001 ]
634:(50,2,3,49,1,1,0) [ 9.1808 ]
635:(51,2,3,50,0,0,0) [ 9.198200000000002 ]
636:(49,2,3,50,0,0,0) [ 9.0294 ]
637:(49,2,4,50,0,0,0) [ 9.589400000000001 ]
638:(50,2,4,50,0,0,0) [ 9.6738 ]
639:(51,2,2,50,0,0,0) [ 8.638200000000001 ]
640:(49,2,2,50,0,0,0) [ 8.4694 ]
641:(51,2,1,50,0,0,0) [ 8.0782 ]
642:(49,2,1,50,0,0,0) [ 7.9094 ]
643:(51,2,0,50,0,0,0) [ 7.518200000000001 ]
644:(49,2,0,50,0,0,0) [ 7.3494 ]
645:(50,2,5,50,0,0,0) [ 10.233799999999999 ]
646:(50,2,6,50,0,0,0) [ 10.793800000000001 ]
647:(50,2,7,50,0,0,0) [ 11.3538 ]
648:(50,2,8,50,0,0,0) [ 11.913799999999998 ]
649:(50,2,9,50,0,0,0) [ 12.4738 ]
650:(50,2,10,50,0,0,0) [ 13.0338 ]
651:(50,2,11,50,0,0,0) [ 13.593800000000002 ]
652:(50,2,12,50,0,0,0) [ 14.1538 ]
653:(50,2,13,50,0,0,0) [ 14.713799999999999 ]
654:(50,2,14,50,0,0,0) [ 15.273800000000001 ]
655:(50,2,15,50,0,0,0) [ 15.8338 ]
656:(50,2,16,50,0,0,0) [ 16.3938 ]
657:(50,2,17,50,0,0,0) [ 16.9538 ]
658:(50,2,18,50,0,0,0) [ 17.5138 ]
659:(50,2,19,50,0,0,0) [ 18.0738 ]
660:(50,2,20,50,0,0,0) [ 18.633799999999997 ]
661:(50,2,21,50,0,0,0) [ 19.1938 ]
662:(50,2,22,50,0,0,0) [ 19.7538 ]
663:(50,2,23,50,0,0,0) [ 20.3138 ]
664:(50,2,24,50,0,0,0) [ 20.873800000000003 ]
665:(50,2,23,49,1,1,0) [ 20.160800000000002 ]
666:(50,2,22,48,2,2,0) [ 19.4698 ]
667:(50,2,23,48,2,2,0) [ 20.0078 ]
668:(50,2,22,47,3,3,0) [ 19.3278 ]
669:(50,2,23,47,3,3,0) [ 19.8548 ]
670:(50,2,24,47,3,3,0) [ 20.381800000000002 ]
671:(50,2,23,46,4,4,0) [ 19.7018 ]
672:(50,2,22,45,5,5,0) [ 19.0438 ]
673:(50,2,23,45,5,5,0) [ 19.5488 ]
674:(50,2,22,44,6,6,0) [ 18.9018 ]
675:(50,2,21,43,7,7,0) [ 18.276799999999998 ]
676:(50,2,20,42,8,8,0) [ 17.6738 ]
677:(50,2,19,41,9,9,0) [ 17.092799999999997 ]
678:(50,2,20,41,9,9,0) [ 17.5538 ]
679:(50,2,21,41,9,9,0) [ 18.014799999999997 ]
680:(50,2,20,40,10,10,0) [ 17.433799999999998 ]
681:(50,2,21,40,10,10,0) [ 17.883799999999997 ]
682:(50,2,20,39,11,11,0) [ 17.3138 ]
683:(50,2,19,38,12,12,0) [ 16.7658 ]
684:(50,2,18,37,13,13,0) [ 16.2398 ]
685:(50,2,17,36,14,14,0) [ 15.7358 ]
686:(50,2,18,36,14,14,0) [ 16.141799999999996 ]
687:(50,2,19,36,14,14,0) [ 16.5478 ]
688:(50,2,18,35,15,15,0) [ 16.0438 ]
689:(50,2,17,34,16,16,0) [ 15.5618 ]
690:(50,2,16,33,17,17,0) [ 15.1018 ]
691:(50,2,15,32,18,18,0) [ 14.663800000000002 ]
692:(50,2,14,31,19,19,0) [ 14.2478 ]
693:(50,2,15,31,19,19,0) [ 14.598799999999999 ]
694:(50,2,14,30,20,20,0) [ 14.1938 ]
695:(50,2,15,30,20,20,0) [ 14.5338 ]
696:(50,2,14,29,21,21,0) [ 14.1398 ]
697:(50,2,13,28,22,22,0) [ 13.767799999999998 ]
698:(50,2,12,27,23,23,0) [ 13.4178 ]
699:(50,2,13,27,23,23,0) [ 13.724800000000002 ]
700:(50,2,12,26,24,24,0) [ 13.385800000000001 ]
701:(50,2,13,26,24,24,0) [ 13.6818 ]
702:(50,2,12,25,25,25,0) [ 13.3538 ]
703:(50,2,13,25,25,25,0) [ 13.6388 ]
704:(50,2,12,24,26,26,0) [ 13.3218 ]
705:(50,2,11,23,27,27,0) [ 13.026799999999998 ]
706:(50,2,12,23,27,27,0) [ 13.2898 ]
707:(50,2,13,23,27,27,0) [ 13.552799999999998 ]
708:(50,2,12,22,28,28,0) [ 13.2578 ]
709:(50,2,13,22,28,28,0) [ 13.5098 ]
710:(50,2,12,21,29,29,0) [ 13.225800000000001 ]
711:(50,2,11,20,30,30,0) [ 12.963799999999999 ]
712:(50,2,12,20,30,30,0) [ 13.1938 ]
713:(50,2,11,19,31,31,0) [ 12.9428 ]
714:(50,2,12,19,31,31,0) [ 13.1618 ]
715:(50,2,11,18,32,32,0) [ 12.921800000000001 ]
716:(50,2,10,17,33,33,0) [ 12.703800000000001 ]
717:(50,2,9,16,34,34,0) [ 12.5078 ]
718:(50,2,8,15,35,35,0) [ 12.3338 ]
719:(50,2,7,14,36,36,0) [ 12.1818 ]
720:(50,2,8,14,36,36,0) [ 12.345799999999999 ]
721:(50,2,7,13,37,37,0) [ 12.204799999999999 ]
722:(50,2,6,12,38,38,0) [ 12.085799999999999 ]
723:(50,2,5,11,39,39,0) [ 11.9888 ]
724:(50,2,6,11,39,39,0) [ 12.1198 ]
725:(50,2,5,10,40,40,0) [ 12.0338 ]
726:(49,2,6,10,40,40,0) [ 12.0694 ]
727:(48,2,7,10,40,40,0) [ 12.105 ]
728:(48,2,6,9,41,41,0) [ 12.019 ]
729:(48,2,5,8,42,42,0) [ 11.955 ]
730:(48,2,6,8,42,42,0) [ 12.052999999999999 ]
731:(48,2,5,7,43,43,0) [ 12.0 ]
732:(48,2,4,6,44,44,0) [ 11.969000000000001 ]
733:(48,2,3,5,45,45,0) [ 11.96 ]
734:(47,2,4,5,45,45,0) [ 11.9406 ]
735:(47,2,3,4,46,46,0) [ 11.9426 ]
736:(47,2,2,3,47,47,0) [ 11.9666 ]
737:(47,2,1,2,48,48,0) [ 12.0126 ]
738:(47,2,0,1,49,49,0) [ 12.0806 ]
739:(46,2,1,1,49,49,0) [ 12.0172 ]
740:(46,2,0,0,50,50,0) [ 12.0962 TARGET ]
741:(-1,-1,-1,-1,-1,-1,-1) [ 0.0 ]