(R_,L,RL,G_,G_a,G_bg,G_d)
0:(50,2,0,50,0,0,0) [ 7.4338 ]
1:(50,2,1,50,0,0,0) [ 7.993799999999999 ]
2:(50,2,2,50,0,0,0) [ 8.553799999999999 ]
3:(50,2,3,50,0,0,0) [ 9.113800000000001 ]
4:(50,2,2,49,1,1,0) [ 8.6318 ]
5:(50,2,2,49,0,1,1) [ 1058.5318 ]
6:(51,2,2,49,0,1,1) [ 1058.6162 ]
7:(50,2,3,49,0,1,1) [ 1059.0808 ]
8:(50,2,4,49,0,1,1) [ 1059.6298 ]
9:(50,2,5,49,0,1,1) [ 1060.1788 ]
10:(51,2,5,49,0,1,1) [ 1060.2632 ]
11:(52,2,5,49,0,1,1) [ 1060.3476 ]
12:(53,2,5,49,0,1,1) [ 1060.432 ]
13:(54,2,5,49,0,1,1) [ 1060.5164 ]
14:(55,2,5,49,0,1,1) [ 1060.6008 ]
15:(56,2,5,49,0,1,1) [ 1060.6852 ]
16:(55,2,6,49,0,1,1) [ 1061.1498 ]
17:(55,2,5,48,1,2,1) [ 2110.6458 ]
18:(55,2,4,47,2,3,1) [ 3160.1638 ]
19:(55,2,4,47,1,3,2) [ 6310.063800000001 ]
20:(55,2,4,47,0,3,3) [ 9459.9638 ]
21:(56,2,4,47,0,3,3) [ 9460.0482 ]
22:(57,2,4,47,0,3,3) [ 9460.1326 ]
23:(58,2,4,47,0,3,3) [ 9460.217 ]
24:(59,2,4,47,0,3,3) [ 9460.3014 ]
25:(60,2,4,47,0,3,3) [ 9460.3858 ]
26:(60,2,5,47,0,3,3) [ 9460.9128 ]
27:(60,2,4,46,1,4,3) [ 12610.4418 ]
28:(60,2,4,46,0,4,4) [ 16810.3418 ]
29:(61,2,4,46,0,4,4) [ 16810.4262 ]
30:(62,2,4,46,0,4,4) [ 16810.5106 ]
31:(61,2,5,46,0,4,4) [ 16810.9422 ]
32:(61,2,4,45,1,5,4) [ 21010.4822 ]
33:(61,2,4,45,0,5,5) [ 26260.3822 ]
34:(61,2,5,45,0,5,5) [ 26260.8872 ]
35:(62,2,5,45,0,5,5) [ 26260.9716 ]
36:(63,2,5,45,0,5,5) [ 26261.056 ]
37:(63,2,6,45,0,5,5) [ 26261.561 ]
38:(64,2,6,45,0,5,5) [ 26261.6454 ]
39:(64,2,5,44,1,6,5) [ 31511.1854 ]
40:(64,2,5,44,0,6,6) [ 37811.0854 ]
41:(64,2,4,43,1,7,6) [ 44110.6474 ]
42:(65,2,4,43,1,7,6) [ 44110.7318 ]
43:(66,2,4,43,1,7,6) [ 44110.8162 ]
44:(65,2,5,43,1,7,6) [ 44111.2148 ]
45:(65,2,5,43,0,7,7) [ 51461.1148 ]
46:(65,2,6,43,0,7,7) [ 51461.5978 ]
47:(64,2,7,43,0,7,7) [ 51461.9964 ]
48:(64,2,6,42,1,8,7) [ 58811.547399999996 ]
49:(64,2,6,42,0,8,8) [ 67211.4474 ]
50:(64,2,5,41,1,9,8) [ 75611.02040000001 ]
51:(64,2,4,40,2,10,8) [ 84010.6154 ]
52:(65,2,4,40,2,10,8) [ 84010.6998 ]
53:(66,2,3,40,2,10,8) [ 84010.3342 ]
54:(66,2,2,39,3,11,8) [ 92409.96220000001 ]
55:(67,2,2,39,3,11,8) [ 92410.0466 ]
56:(68,2,2,39,3,11,8) [ 92410.13100000001 ]
57:(67,2,3,39,3,11,8) [ 92410.4856 ]
58:(66,2,4,39,3,11,8) [ 92410.8402 ]
59:(66,2,4,39,2,11,9) [ 103960.7402 ]
60:(66,2,4,39,1,11,10) [ 115510.64020000001 ]
61:(66,2,5,39,1,11,10) [ 115511.07920000001 ]
62:(67,2,5,39,1,11,10) [ 115511.1636 ]
63:(67,2,4,38,2,12,10) [ 126010.7806 ]
64:(67,2,5,38,2,12,10) [ 126011.2086 ]
65:(67,2,6,38,2,12,10) [ 126011.6366 ]
66:(67,2,6,38,1,12,11) [ 138611.5366 ]
67:(68,2,6,38,1,12,11) [ 138611.621 ]
68:(69,2,6,38,1,12,11) [ 138611.7054 ]
69:(70,2,6,38,1,12,11) [ 138611.7898 ]
70:(70,2,7,38,1,12,11) [ 138612.2178 ]
71:(70,2,7,38,0,12,12) [ 151212.1178 ]
72:(71,2,7,38,0,12,12) [ 151212.2022 ]
73:(72,2,7,38,0,12,12) [ 151212.2866 ]
74:(73,2,7,38,0,12,12) [ 151212.371 ]
75:(74,2,7,38,0,12,12) [ 151212.4554 ]
76:(75,2,7,38,0,12,12) [ 151212.5398 ]
77:(75,2,6,37,1,13,12) [ 163812.1458 ]
78:(75,2,7,37,1,13,12) [ 163812.5628 ]
79:(75,2,7,37,0,13,13) [ 177462.4628 ]
80:(75,2,8,37,0,13,13) [ 177462.8798 ]
81:(75,2,9,37,0,13,13) [ 177463.2968 ]
82:(75,2,10,37,0,13,13) [ 177463.7138 ]
83:(76,2,10,37,0,13,13) [ 177463.7982 ]
84:(77,2,10,37,0,13,13) [ 177463.8826 ]
85:(78,2,10,37,0,13,13) [ 177463.967 ]
86:(78,2,9,36,1,14,13) [ 191113.551 ]
87:(78,2,9,36,0,14,14) [ 205813.451 ]
88:(77,2,10,36,0,14,14) [ 205813.7726 ]
89:(77,2,11,36,0,14,14) [ 205814.1786 ]
90:(77,2,10,35,1,15,14) [ 220513.76260000002 ]
91:(77,2,11,35,1,15,14) [ 220514.1576 ]
92:(77,2,12,35,1,15,14) [ 220514.5526 ]
93:(77,2,13,35,1,15,14) [ 220514.9476 ]
94:(77,2,14,35,1,15,14) [ 220515.3426 ]
95:(77,2,14,35,0,15,15) [ 236265.2426 ]
96:(77,2,15,35,0,15,15) [ 236265.6376 ]
97:(77,2,15,36,0,14,14) [ 205815.8026 ]
98:(78,2,15,36,0,14,14) [ 205815.887 ]
99:(79,2,15,36,0,14,14) [ 205815.9714 ]
100:(80,2,15,36,0,14,14) [ 205816.0558 ]
101:(81,2,14,36,0,14,14) [ 205815.7342 ]
102:(82,2,14,36,0,14,14) [ 205815.8186 ]
103:(82,2,15,36,0,14,14) [ 205816.2246 ]
104:(83,2,15,36,0,14,14) [ 205816.309 ]
105:(82,2,16,36,0,14,14) [ 205816.6306 ]
106:(83,2,16,36,0,14,14) [ 205816.715 ]
107:(83,2,17,36,0,14,14) [ 205817.121 ]
108:(84,2,17,36,0,14,14) [ 205817.2054 ]
109:(84,2,18,36,0,14,14) [ 205817.6114 ]
110:(84,2,17,35,1,15,14) [ 220517.1184 ]
111:(83,2,17,35,1,15,14) [ 220517.034 ]
112:(82,2,18,35,1,15,14) [ 220517.3446 ]
113:(83,2,18,35,1,15,14) [ 220517.429 ]
114:(83,2,17,34,2,16,14) [ 235216.94700000001 ]
115:(83,2,17,34,1,16,15) [ 252016.847 ]
116:(83,2,18,34,1,16,15) [ 252017.231 ]
117:(84,2,18,34,1,16,15) [ 252017.3154 ]
118:(83,2,19,34,1,16,15) [ 252017.61500000002 ]
119:(83,2,18,33,2,17,15) [ 267767.13300000003 ]
120:(82,2,19,33,2,17,15) [ 267767.4216 ]
121:(81,2,20,33,2,17,15) [ 267767.71020000003 ]
122:(81,2,20,33,1,17,16) [ 285617.6102 ]
123:(81,2,19,32,2,18,16) [ 302417.12820000004 ]
124:(81,2,18,31,3,19,16) [ 319216.6682 ]
125:(80,2,19,31,3,19,16) [ 319216.9348 ]
126:(80,2,18,30,4,20,16) [ 336016.4858 ]
127:(79,2,18,30,4,20,16) [ 336016.40140000003 ]
128:(78,2,19,30,4,20,16) [ 336016.657 ]
129:(77,2,20,30,4,20,16) [ 336016.91260000004 ]
130:(77,2,21,30,4,20,16) [ 336017.2526 ]
131:(77,2,22,30,4,20,16) [ 336017.59260000003 ]
132:(77,2,23,30,4,20,16) [ 336017.9326 ]
133:(77,2,22,29,5,21,16) [ 352817.4506 ]
134:(76,2,23,29,5,21,16) [ 352817.6952 ]
135:(75,2,24,29,5,21,16) [ 352817.9398 ]
136:(75,2,25,29,5,21,16) [ 352818.2688 ]
137:(75,2,26,29,5,21,16) [ 352818.5978 ]
138:(76,2,26,29,5,21,16) [ 352818.6822 ]
139:(77,2,26,29,5,21,16) [ 352818.7666 ]
140:(78,2,26,29,5,21,16) [ 352818.851 ]
141:(79,2,26,29,5,21,16) [ 352818.9354 ]
142:(79,2,27,29,5,21,16) [ 352819.2644 ]
143:(80,2,27,29,5,21,16) [ 352819.3488 ]
144:(81,2,27,29,5,21,16) [ 352819.4332 ]
145:(81,2,28,29,5,21,16) [ 352819.7622 ]
146:(81,2,29,29,5,21,16) [ 352820.0912 ]
147:(81,2,30,29,5,21,16) [ 352820.4202 ]
148:(81,2,29,28,6,22,16) [ 369619.8722 ]
149:(81,2,30,28,6,22,16) [ 369620.19019999995 ]
150:(80,2,31,28,6,22,16) [ 369620.4238 ]
151:(79,2,32,28,6,22,16) [ 369620.65739999997 ]
152:(79,2,33,28,6,22,16) [ 369620.9754 ]
153:(79,2,34,28,6,22,16) [ 369621.29339999997 ]
154:(79,2,35,28,6,22,16) [ 369621.6114 ]
155:(78,2,36,28,6,22,16) [ 369621.845 ]
156:(77,2,37,28,6,22,16) [ 369622.07859999995 ]
157:(76,2,38,28,6,22,16) [ 369622.3122 ]
158:(75,2,39,28,6,22,16) [ 369622.54579999996 ]
159:(74,2,40,28,6,22,16) [ 369622.7794 ]
160:(74,2,39,27,7,23,16) [ 386422.1324 ]
161:(74,2,38,26,8,24,16) [ 403221.5074 ]
162:(74,2,37,25,9,25,16) [ 420020.9044 ]
163:(74,2,36,24,10,26,16) [ 436820.3234 ]
164:(74,2,35,23,11,27,16) [ 453619.7644 ]
165:(74,2,34,22,12,28,16) [ 470419.22740000003 ]
166:(74,2,33,21,13,29,16) [ 487218.71239999996 ]
167:(74,2,32,20,14,30,16) [ 504018.2194 ]
168:(74,2,31,19,15,31,16) [ 520817.7484 ]
169:(74,2,30,18,16,32,16) [ 537617.2994 ]
170:(74,2,29,17,17,33,16) [ 554416.8724 ]
171:(74,2,28,16,18,34,16) [ 571216.4674000001 ]
172:(74,2,27,15,19,35,16) [ 588016.0844 ]
173:(74,2,26,14,20,36,16) [ 604815.7234 ]
174:(74,2,25,13,21,37,16) [ 621615.3844 ]
175:(74,2,24,12,22,38,16) [ 638415.0673999999 ]
176:(74,2,23,11,23,39,16) [ 655214.7724 ]
177:(74,2,22,10,24,40,16) [ 672014.4994 ]
178:(74,2,21,9,25,41,16) [ 688814.2484 ]
179:(74,2,20,8,26,42,16) [ 705614.0194 ]
180:(74,2,19,7,27,43,16) [ 722413.8123999999 ]
181:(74,2,18,6,28,44,16) [ 739213.6274 ]
182:(74,2,17,5,29,45,16) [ 756013.4644 ]
183:(74,2,16,4,30,46,16) [ 772813.3234 ]
184:(74,2,15,3,31,47,16) [ 789613.2043999999 ]
185:(74,2,14,2,32,48,16) [ 806413.1074 ]
186:(74,2,13,1,33,49,16) [ 823213.0324 ]
187:(74,2,12,0,34,50,16) [ 840012.9794000001 TARGET ]
188:(50,2,4,50,0,0,0) [ 9.6738 ]
189:(50,2,5,50,0,0,0) [ 10.233799999999999 ]
190:(50,2,6,50,0,0,0) [ 10.793800000000001 ]
191:(50,2,7,50,0,0,0) [ 11.3538 ]
192:(50,2,8,50,0,0,0) [ 11.913799999999998 ]
193:(50,2,9,50,0,0,0) [ 12.4738 ]
194:(50,2,10,50,0,0,0) [ 13.0338 ]
195:(50,2,11,50,0,0,0) [ 13.593800000000002 ]
196:(50,2,12,50,0,0,0) [ 14.1538 ]
197:(50,2,13,50,0,0,0) [ 14.713799999999999 ]
198:(50,2,14,50,0,0,0) [ 15.273800000000001 ]
199:(50,2,15,50,0,0,0) [ 15.8338 ]
200:(50,2,16,50,0,0,0) [ 16.3938 ]
201:(50,2,17,50,0,0,0) [ 16.9538 ]
202:(50,2,18,50,0,0,0) [ 17.5138 ]
203:(50,2,19,50,0,0,0) [ 18.0738 ]
204:(50,2,20,50,0,0,0) [ 18.633799999999997 ]
205:(50,2,21,50,0,0,0) [ 19.1938 ]
206:(50,2,22,50,0,0,0) [ 19.7538 ]
207:(50,2,23,50,0,0,0) [ 20.3138 ]
208:(50,2,24,50,0,0,0) [ 20.873800000000003 ]
209:(50,2,23,49,1,1,0) [ 20.160800000000002 ]
210:(50,2,22,48,2,2,0) [ 19.4698 ]
211:(50,2,23,48,2,2,0) [ 20.0078 ]
212:(50,2,22,47,3,3,0) [ 19.3278 ]
213:(50,2,23,47,3,3,0) [ 19.8548 ]
214:(50,2,24,47,3,3,0) [ 20.381800000000002 ]
215:(50,2,23,46,4,4,0) [ 19.7018 ]
216:(50,2,22,45,5,5,0) [ 19.0438 ]
217:(50,2,23,45,5,5,0) [ 19.5488 ]
218:(50,2,22,44,6,6,0) [ 18.9018 ]
219:(50,2,21,43,7,7,0) [ 18.276799999999998 ]
220:(50,2,20,42,8,8,0) [ 17.6738 ]
221:(50,2,19,41,9,9,0) [ 17.092799999999997 ]
222:(50,2,20,41,9,9,0) [ 17.5538 ]
223:(50,2,21,41,9,9,0) [ 18.014799999999997 ]
224:(50,2,20,40,10,10,0) [ 17.433799999999998 ]
225:(50,2,21,40,10,10,0) [ 17.883799999999997 ]
226:(50,2,20,39,11,11,0) [ 17.3138 ]
227:(50,2,19,38,12,12,0) [ 16.7658 ]
228:(50,2,18,37,13,13,0) [ 16.2398 ]
229:(50,2,17,36,14,14,0) [ 15.7358 ]
230:(50,2,18,36,14,14,0) [ 16.141799999999996 ]
231:(50,2,19,36,14,14,0) [ 16.5478 ]
232:(50,2,18,35,15,15,0) [ 16.0438 ]
233:(50,2,17,34,16,16,0) [ 15.5618 ]
234:(50,2,16,33,17,17,0) [ 15.1018 ]
235:(50,2,15,32,18,18,0) [ 14.663800000000002 ]
236:(50,2,14,31,19,19,0) [ 14.2478 ]
237:(50,2,15,31,19,19,0) [ 14.598799999999999 ]
238:(50,2,14,30,20,20,0) [ 14.1938 ]
239:(50,2,15,30,20,20,0) [ 14.5338 ]
240:(50,2,14,29,21,21,0) [ 14.1398 ]
241:(50,2,13,28,22,22,0) [ 13.767799999999998 ]
242:(50,2,12,27,23,23,0) [ 13.4178 ]
243:(50,2,13,27,23,23,0) [ 13.724800000000002 ]
244:(50,2,12,26,24,24,0) [ 13.385800000000001 ]
245:(50,2,13,26,24,24,0) [ 13.6818 ]
246:(50,2,12,25,25,25,0) [ 13.3538 ]
247:(50,2,13,25,25,25,0) [ 13.6388 ]
248:(50,2,12,24,26,26,0) [ 13.3218 ]
249:(50,2,11,23,27,27,0) [ 13.026799999999998 ]
250:(50,2,12,23,27,27,0) [ 13.2898 ]
251:(50,2,13,23,27,27,0) [ 13.552799999999998 ]
252:(50,2,12,22,28,28,0) [ 13.2578 ]
253:(50,2,13,22,28,28,0) [ 13.5098 ]
254:(50,2,12,21,29,29,0) [ 13.225800000000001 ]
255:(50,2,11,20,30,30,0) [ 12.963799999999999 ]
256:(50,2,12,20,30,30,0) [ 13.1938 ]
257:(50,2,11,19,31,31,0) [ 12.9428 ]
258:(50,2,12,19,31,31,0) [ 13.1618 ]
259:(50,2,11,18,32,32,0) [ 12.921800000000001 ]
260:(50,2,10,17,33,33,0) [ 12.703800000000001 ]
261:(50,2,9,16,34,34,0) [ 12.5078 ]
262:(50,2,8,15,35,35,0) [ 12.3338 ]
263:(50,2,7,14,36,36,0) [ 12.1818 ]
264:(50,2,8,14,36,36,0) [ 12.345799999999999 ]
265:(50,2,7,13,37,37,0) [ 12.204799999999999 ]
266:(50,2,6,12,38,38,0) [ 12.085799999999999 ]
267:(50,2,5,11,39,39,0) [ 11.9888 ]
268:(50,2,6,11,39,39,0) [ 12.1198 ]
269:(50,2,5,10,40,40,0) [ 12.0338 ]
270:(49,2,6,10,40,40,0) [ 12.0694 ]
271:(48,2,7,10,40,40,0) [ 12.105 ]
272:(48,2,6,9,41,41,0) [ 12.019 ]
273:(48,2,5,8,42,42,0) [ 11.955 ]
274:(48,2,6,8,42,42,0) [ 12.052999999999999 ]
275:(48,2,5,7,43,43,0) [ 12.0 ]
276:(48,2,4,6,44,44,0) [ 11.969000000000001 ]
277:(48,2,3,5,45,45,0) [ 11.96 ]
278:(47,2,4,5,45,45,0) [ 11.9406 ]
279:(47,2,3,4,46,46,0) [ 11.9426 ]
280:(47,2,2,3,47,47,0) [ 11.9666 ]
281:(47,2,1,2,48,48,0) [ 12.0126 ]
282:(47,2,0,1,49,49,0) [ 12.0806 ]
283:(46,2,1,1,49,49,0) [ 12.0172 ]
284:(46,2,0,0,50,50,0) [ 12.0962 TARGET ]
285:(-1,-1,-1,-1,-1,-1,-1) [ 0.0 ]