(r,l,rl,g,ga,gbg,gd)
0:(50,2,0,50,0,0,0)
1:(50,2,1,50,0,0,0)
2:(50,2,2,50,0,0,0)
3:(50,2,3,50,0,0,0)
4:(50,2,2,49,1,1,0)
5:(50,2,2,49,0,1,1)
6:(51,2,2,49,0,1,1)
7:(50,2,3,49,0,1,1)
8:(50,2,4,49,0,1,1)
9:(50,2,5,49,0,1,1)
10:(51,2,5,49,0,1,1)
11:(52,2,5,49,0,1,1)
12:(53,2,5,49,0,1,1)
13:(54,2,5,49,0,1,1)
14:(55,2,5,49,0,1,1)
15:(56,2,5,49,0,1,1)
16:(55,2,6,49,0,1,1)
17:(55,2,5,48,1,2,1)
18:(55,2,4,47,2,3,1)
19:(55,2,4,47,1,3,2)
20:(55,2,4,47,0,3,3)
21:(56,2,4,47,0,3,3)
22:(57,2,4,47,0,3,3)
23:(58,2,4,47,0,3,3)
24:(59,2,4,47,0,3,3)
25:(60,2,4,47,0,3,3)
26:(60,2,5,47,0,3,3)
27:(60,2,4,46,1,4,3)
28:(60,2,4,46,0,4,4)
29:(61,2,4,46,0,4,4)
30:(62,2,4,46,0,4,4)
31:(61,2,5,46,0,4,4)
32:(61,2,4,45,1,5,4)
33:(61,2,4,45,0,5,5)
34:(61,2,5,45,0,5,5)
35:(62,2,5,45,0,5,5)
36:(63,2,5,45,0,5,5)
37:(63,2,6,45,0,5,5)
38:(64,2,6,45,0,5,5)
39:(64,2,5,44,1,6,5)
40:(64,2,5,44,0,6,6)
41:(64,2,4,43,1,7,6)
42:(65,2,4,43,1,7,6)
43:(66,2,4,43,1,7,6)
44:(65,2,5,43,1,7,6)
45:(65,2,5,43,0,7,7)
46:(65,2,6,43,0,7,7)
47:(64,2,7,43,0,7,7)
48:(64,2,6,42,1,8,7)
49:(64,2,6,42,0,8,8)
50:(64,2,5,41,1,9,8)
51:(64,2,4,40,2,10,8)
52:(65,2,4,40,2,10,8)
53:(66,2,3,40,2,10,8)
54:(66,2,2,39,3,11,8)
55:(67,2,2,39,3,11,8)
56:(68,2,2,39,3,11,8)
57:(67,2,3,39,3,11,8)
58:(66,2,4,39,3,11,8)
59:(66,2,4,39,2,11,9)
60:(66,2,4,39,1,11,10)
61:(66,2,5,39,1,11,10)
62:(67,2,5,39,1,11,10)
63:(67,2,4,38,2,12,10)
64:(67,2,5,38,2,12,10)
65:(67,2,6,38,2,12,10)
66:(67,2,6,38,1,12,11)
67:(68,2,6,38,1,12,11)
68:(69,2,6,38,1,12,11)
69:(70,2,6,38,1,12,11)
70:(70,2,7,38,1,12,11)
71:(70,2,7,38,0,12,12)
72:(71,2,7,38,0,12,12)
73:(72,2,7,38,0,12,12)
74:(73,2,7,38,0,12,12)
75:(74,2,7,38,0,12,12)
76:(75,2,7,38,0,12,12)
77:(75,2,6,37,1,13,12)
78:(75,2,7,37,1,13,12)
79:(75,2,7,37,0,13,13)
80:(75,2,8,37,0,13,13)
81:(75,2,9,37,0,13,13)
82:(75,2,10,37,0,13,13)
83:(76,2,10,37,0,13,13)
84:(77,2,10,37,0,13,13)
85:(78,2,10,37,0,13,13)
86:(78,2,9,36,1,14,13)
87:(78,2,9,36,0,14,14)
88:(77,2,10,36,0,14,14)
89:(77,2,11,36,0,14,14)
90:(77,2,10,35,1,15,14)
91:(77,2,11,35,1,15,14)
92:(77,2,12,35,1,15,14)
93:(77,2,13,35,1,15,14)
94:(77,2,14,35,1,15,14)
95:(77,2,14,35,0,15,15)
96:(77,2,15,35,0,15,15)
97:(77,2,15,36,0,14,14)
98:(78,2,15,36,0,14,14)
99:(79,2,15,36,0,14,14)
100:(80,2,15,36,0,14,14)
101:(81,2,14,36,0,14,14)
102:(82,2,14,36,0,14,14)
103:(82,2,15,36,0,14,14)
104:(83,2,15,36,0,14,14)
105:(82,2,16,36,0,14,14)
106:(83,2,16,36,0,14,14)
107:(83,2,17,36,0,14,14)
108:(84,2,17,36,0,14,14)
109:(84,2,18,36,0,14,14)
110:(84,2,17,35,1,15,14)
111:(83,2,17,35,1,15,14)
112:(82,2,18,35,1,15,14)
113:(83,2,18,35,1,15,14)
114:(83,2,17,34,2,16,14)
115:(83,2,17,34,1,16,15)
116:(83,2,18,34,1,16,15)
117:(84,2,18,34,1,16,15)
118:(83,2,19,34,1,16,15)
119:(83,2,18,33,2,17,15)
120:(82,2,19,33,2,17,15)
121:(81,2,20,33,2,17,15)
122:(81,2,20,33,1,17,16)
123:(81,2,19,32,2,18,16)
124:(81,2,18,31,3,19,16)
125:(80,2,19,31,3,19,16)
126:(80,2,18,30,4,20,16)
127:(79,2,18,30,4,20,16)
128:(78,2,19,30,4,20,16)
129:(77,2,20,30,4,20,16)
130:(77,2,21,30,4,20,16)
131:(77,2,22,30,4,20,16)
132:(77,2,23,30,4,20,16)
133:(77,2,22,29,5,21,16)
134:(76,2,23,29,5,21,16)
135:(75,2,24,29,5,21,16)
136:(75,2,25,29,5,21,16)
137:(75,2,26,29,5,21,16)
138:(76,2,26,29,5,21,16)
139:(77,2,26,29,5,21,16)
140:(78,2,26,29,5,21,16)
141:(79,2,26,29,5,21,16)
142:(79,2,27,29,5,21,16)
143:(80,2,27,29,5,21,16)
144:(81,2,27,29,5,21,16)
145:(81,2,28,29,5,21,16)
146:(81,2,29,29,5,21,16)
147:(81,2,30,29,5,21,16)
148:(81,2,29,28,6,22,16)
149:(81,2,30,28,6,22,16)
150:(80,2,31,28,6,22,16)
151:(79,2,32,28,6,22,16)
152:(79,2,33,28,6,22,16)
153:(79,2,34,28,6,22,16)
154:(79,2,35,28,6,22,16)
155:(78,2,36,28,6,22,16)
156:(77,2,37,28,6,22,16)
157:(76,2,38,28,6,22,16)
158:(75,2,39,28,6,22,16)
159:(74,2,40,28,6,22,16)
160:(74,2,39,27,7,23,16)
161:(74,2,38,26,8,24,16)
162:(74,2,37,25,9,25,16)
163:(74,2,36,24,10,26,16)
164:(74,2,35,23,11,27,16)
165:(74,2,34,22,12,28,16)
166:(74,2,33,21,13,29,16)
167:(74,2,32,20,14,30,16)
168:(74,2,31,19,15,31,16)
169:(74,2,30,18,16,32,16)
170:(74,2,29,17,17,33,16)
171:(74,2,28,16,18,34,16)
172:(74,2,27,15,19,35,16)
173:(74,2,26,14,20,36,16)
174:(74,2,25,13,21,37,16)
175:(74,2,24,12,22,38,16)
176:(74,2,23,11,23,39,16)
177:(74,2,22,10,24,40,16)
178:(74,2,21,9,25,41,16)
179:(74,2,20,8,26,42,16)
180:(74,2,19,7,27,43,16)
181:(74,2,18,6,28,44,16)
182:(74,2,17,5,29,45,16)
183:(74,2,16,4,30,46,16)
184:(74,2,15,3,31,47,16)
185:(74,2,14,2,32,48,16)
186:(74,2,13,1,33,49,16)
187:(74,2,12,0,34,50,16)
188:(51,2,0,50,0,0,0)
189:(51,2,1,50,0,0,0)
190:(51,2,2,50,0,0,0)
191:(51,2,3,50,0,0,0)
192:(51,2,2,49,1,1,0)
193:(52,2,2,49,0,1,1)
194:(51,2,3,49,0,1,1)
195:(51,2,4,49,0,1,1)
196:(57,2,5,49,0,1,1)
197:(56,2,6,49,0,1,1)
198:(56,2,5,48,1,2,1)
199:(56,2,4,47,2,3,1)
200:(56,2,4,47,1,3,2)
201:(61,2,4,47,0,3,3)
202:(61,2,5,47,0,3,3)
203:(61,2,4,46,1,4,3)
204:(63,2,4,46,0,4,4)
205:(62,2,5,46,0,4,4)
206:(62,2,4,45,1,5,4)
207:(62,2,4,45,0,5,5)
208:(64,2,5,45,0,5,5)
209:(65,2,6,45,0,5,5)
210:(65,2,5,44,1,6,5)
211:(65,2,5,44,0,6,6)
212:(67,2,4,43,1,7,6)
213:(66,2,5,43,1,7,6)
214:(66,2,5,43,0,7,7)
215:(66,2,6,43,0,7,7)
216:(65,2,7,43,0,7,7)
217:(65,2,6,42,1,8,7)
218:(65,2,6,42,0,8,8)
219:(65,2,5,41,1,9,8)
220:(66,2,4,40,2,10,8)
221:(67,2,3,40,2,10,8)
222:(69,2,2,39,3,11,8)
223:(68,2,3,39,3,11,8)
224:(67,2,4,39,3,11,8)
225:(67,2,4,39,2,11,9)
226:(67,2,4,39,1,11,10)
227:(68,2,5,39,1,11,10)
228:(68,2,4,38,2,12,10)
229:(68,2,5,38,2,12,10)
230:(68,2,6,38,2,12,10)
231:(71,2,6,38,1,12,11)
232:(71,2,7,38,1,12,11)
233:(76,2,7,38,0,12,12)
234:(76,2,6,37,1,13,12)
235:(76,2,7,37,1,13,12)
236:(76,2,7,37,0,13,13)
237:(76,2,8,37,0,13,13)
238:(76,2,9,37,0,13,13)
239:(79,2,10,37,0,13,13)
240:(79,2,9,36,1,14,13)
241:(79,2,9,36,0,14,14)
242:(78,2,10,36,0,14,14)
243:(78,2,11,36,0,14,14)
244:(78,2,10,35,1,15,14)
245:(78,2,11,35,1,15,14)
246:(78,2,12,35,1,15,14)
247:(78,2,13,35,1,15,14)
248:(78,2,14,35,1,15,14)
249:(78,2,14,35,0,15,15)
250:(78,2,15,35,0,15,15)
251:(81,2,15,36,0,14,14)
252:(83,2,14,36,0,14,14)
253:(84,2,15,36,0,14,14)
254:(84,2,16,36,0,14,14)
255:(85,2,17,36,0,14,14)
256:(85,2,18,36,0,14,14)
257:(85,2,17,35,1,15,14)
258:(84,2,18,35,1,15,14)
259:(84,2,17,34,2,16,14)
260:(84,2,17,34,1,16,15)
261:(85,2,18,34,1,16,15)
262:(84,2,19,34,1,16,15)
263:(84,2,18,33,2,17,15)
264:(83,2,19,33,2,17,15)
265:(82,2,20,33,2,17,15)
266:(82,2,20,33,1,17,16)
267:(82,2,19,32,2,18,16)
268:(82,2,18,31,3,19,16)
269:(81,2,19,31,3,19,16)
270:(81,2,18,30,4,20,16)
271:(79,2,19,30,4,20,16)
272:(78,2,20,30,4,20,16)
273:(78,2,21,30,4,20,16)
274:(78,2,22,30,4,20,16)
275:(78,2,23,30,4,20,16)
276:(78,2,22,29,5,21,16)
277:(77,2,23,29,5,21,16)
278:(76,2,24,29,5,21,16)
279:(76,2,25,29,5,21,16)
280:(80,2,26,29,5,21,16)
281:(82,2,27,29,5,21,16)
282:(82,2,28,29,5,21,16)
283:(82,2,29,29,5,21,16)
284:(82,2,30,29,5,21,16)
285:(82,2,29,28,6,22,16)
286:(82,2,30,28,6,22,16)
287:(81,2,31,28,6,22,16)
288:(80,2,32,28,6,22,16)
289:(80,2,33,28,6,22,16)
290:(80,2,34,28,6,22,16)
291:(80,2,35,28,6,22,16)
292:(79,2,36,28,6,22,16)
293:(78,2,37,28,6,22,16)
294:(77,2,38,28,6,22,16)
295:(76,2,39,28,6,22,16)
296:(75,2,40,28,6,22,16)
297:(75,2,39,27,7,23,16)
298:(75,2,38,26,8,24,16)
299:(75,2,37,25,9,25,16)
300:(75,2,36,24,10,26,16)
301:(75,2,35,23,11,27,16)
302:(75,2,34,22,12,28,16)
303:(75,2,33,21,13,29,16)
304:(75,2,32,20,14,30,16)
305:(75,2,31,19,15,31,16)
306:(75,2,30,18,16,32,16)
307:(75,2,29,17,17,33,16)
308:(75,2,28,16,18,34,16)
309:(75,2,27,15,19,35,16)
310:(75,2,26,14,20,36,16)
311:(75,2,25,13,21,37,16)
312:(75,2,24,12,22,38,16)
313:(75,2,23,11,23,39,16)
314:(75,2,22,10,24,40,16)
315:(75,2,21,9,25,41,16)
316:(75,2,20,8,26,42,16)
317:(75,2,19,7,27,43,16)
318:(75,2,18,6,28,44,16)
319:(75,2,17,5,29,45,16)
320:(75,2,16,4,30,46,16)
321:(75,2,15,3,31,47,16)
322:(75,2,14,2,32,48,16)
323:(75,2,13,1,33,49,16)
324:(75,2,12,0,34,50,16)
325:(49,2,0,50,0,0,0)
326:(49,2,1,50,0,0,0)
327:(49,2,2,50,0,0,0)
328:(49,2,3,50,0,0,0)
329:(49,2,2,49,1,1,0)
330:(49,2,2,49,0,1,1)
331:(49,2,3,49,0,1,1)
332:(49,2,4,49,0,1,1)
333:(49,2,5,49,0,1,1)
334:(54,2,6,49,0,1,1)
335:(54,2,5,48,1,2,1)
336:(54,2,4,47,2,3,1)
337:(54,2,4,47,1,3,2)
338:(54,2,4,47,0,3,3)
339:(59,2,5,47,0,3,3)
340:(59,2,4,46,1,4,3)
341:(59,2,4,46,0,4,4)
342:(60,2,5,46,0,4,4)
343:(60,2,4,45,1,5,4)
344:(60,2,4,45,0,5,5)
345:(60,2,5,45,0,5,5)
346:(62,2,6,45,0,5,5)
347:(63,2,5,44,1,6,5)
348:(63,2,5,44,0,6,6)
349:(63,2,4,43,1,7,6)
350:(64,2,5,43,1,7,6)
351:(64,2,5,43,0,7,7)
352:(64,2,6,43,0,7,7)
353:(63,2,7,43,0,7,7)
354:(63,2,6,42,1,8,7)
355:(63,2,6,42,0,8,8)
356:(63,2,5,41,1,9,8)
357:(63,2,4,40,2,10,8)
358:(65,2,3,40,2,10,8)
359:(65,2,2,39,3,11,8)
360:(66,2,3,39,3,11,8)
361:(65,2,4,39,3,11,8)
362:(65,2,4,39,2,11,9)
363:(65,2,4,39,1,11,10)
364:(65,2,5,39,1,11,10)
365:(66,2,4,38,2,12,10)
366:(66,2,5,38,2,12,10)
367:(66,2,6,38,2,12,10)
368:(66,2,6,38,1,12,11)
369:(69,2,7,38,1,12,11)
370:(69,2,7,38,0,12,12)
371:(74,2,6,37,1,13,12)
372:(74,2,7,37,1,13,12)
373:(74,2,7,37,0,13,13)
374:(74,2,8,37,0,13,13)
375:(74,2,9,37,0,13,13)
376:(74,2,10,37,0,13,13)
377:(77,2,9,36,1,14,13)
378:(77,2,9,36,0,14,14)
379:(76,2,10,36,0,14,14)
380:(76,2,11,36,0,14,14)
381:(76,2,10,35,1,15,14)
382:(76,2,11,35,1,15,14)
383:(76,2,12,35,1,15,14)
384:(76,2,13,35,1,15,14)
385:(76,2,14,35,1,15,14)
386:(76,2,14,35,0,15,15)
387:(76,2,15,35,0,15,15)
388:(76,2,15,36,0,14,14)
389:(80,2,14,36,0,14,14)
390:(81,2,16,36,0,14,14)
391:(82,2,17,36,0,14,14)
392:(83,2,18,36,0,14,14)
393:(82,2,17,35,1,15,14)
394:(81,2,18,35,1,15,14)
395:(82,2,17,34,2,16,14)
396:(82,2,17,34,1,16,15)
397:(82,2,18,34,1,16,15)
398:(82,2,19,34,1,16,15)
399:(82,2,18,33,2,17,15)
400:(81,2,19,33,2,17,15)
401:(80,2,20,33,2,17,15)
402:(80,2,20,33,1,17,16)
403:(80,2,19,32,2,18,16)
404:(80,2,18,31,3,19,16)
405:(79,2,19,31,3,19,16)
406:(78,2,18,30,4,20,16)
407:(77,2,19,30,4,20,16)
408:(76,2,20,30,4,20,16)
409:(76,2,21,30,4,20,16)
410:(76,2,22,30,4,20,16)
411:(76,2,23,30,4,20,16)
412:(76,2,22,29,5,21,16)
413:(75,2,23,29,5,21,16)
414:(74,2,24,29,5,21,16)
415:(74,2,25,29,5,21,16)
416:(74,2,26,29,5,21,16)
417:(78,2,27,29,5,21,16)
418:(80,2,28,29,5,21,16)
419:(80,2,29,29,5,21,16)
420:(80,2,30,29,5,21,16)
421:(80,2,29,28,6,22,16)
422:(80,2,30,28,6,22,16)
423:(79,2,31,28,6,22,16)
424:(78,2,32,28,6,22,16)
425:(78,2,33,28,6,22,16)
426:(78,2,34,28,6,22,16)
427:(78,2,35,28,6,22,16)
428:(77,2,36,28,6,22,16)
429:(76,2,37,28,6,22,16)
430:(75,2,38,28,6,22,16)
431:(74,2,39,28,6,22,16)
432:(73,2,40,28,6,22,16)
433:(73,2,39,27,7,23,16)
434:(73,2,38,26,8,24,16)
435:(73,2,37,25,9,25,16)
436:(73,2,36,24,10,26,16)
437:(73,2,35,23,11,27,16)
438:(73,2,34,22,12,28,16)
439:(73,2,33,21,13,29,16)
440:(73,2,32,20,14,30,16)
441:(73,2,31,19,15,31,16)
442:(73,2,30,18,16,32,16)
443:(73,2,29,17,17,33,16)
444:(73,2,28,16,18,34,16)
445:(73,2,27,15,19,35,16)
446:(73,2,26,14,20,36,16)
447:(73,2,25,13,21,37,16)
448:(73,2,24,12,22,38,16)
449:(73,2,23,11,23,39,16)
450:(73,2,22,10,24,40,16)
451:(73,2,21,9,25,41,16)
452:(73,2,20,8,26,42,16)
453:(73,2,19,7,27,43,16)
454:(73,2,18,6,28,44,16)
455:(73,2,17,5,29,45,16)
456:(73,2,16,4,30,46,16)
457:(73,2,15,3,31,47,16)
458:(73,2,14,2,32,48,16)
459:(73,2,13,1,33,49,16)
460:(73,2,12,0,34,50,16)
461:(49,2,4,50,0,0,0)
462:(49,2,3,49,1,1,0)
463:(49,2,6,49,0,1,1)
464:(50,2,6,49,0,1,1)
465:(51,2,6,49,0,1,1)
466:(52,2,6,49,0,1,1)
467:(53,2,6,49,0,1,1)
468:(54,2,7,49,0,1,1)
469:(54,2,6,48,1,2,1)
470:(54,2,5,47,2,3,1)
471:(54,2,5,47,1,3,2)
472:(54,2,5,47,0,3,3)
473:(55,2,5,47,0,3,3)
474:(56,2,5,47,0,3,3)
475:(57,2,5,47,0,3,3)
476:(58,2,5,47,0,3,3)
477:(59,2,6,47,0,3,3)
478:(59,2,5,46,1,4,3)
479:(59,2,5,46,0,4,4)
480:(60,2,6,46,0,4,4)
481:(60,2,5,45,1,5,4)
482:(60,2,6,45,0,5,5)
483:(61,2,6,45,0,5,5)
484:(62,2,7,45,0,5,5)
485:(63,2,7,45,0,5,5)
486:(63,2,6,44,1,6,5)
487:(63,2,6,44,0,6,6)
488:(63,2,5,43,1,7,6)
489:(64,2,6,43,1,7,6)
490:(63,2,8,43,0,7,7)
491:(63,2,7,42,1,8,7)
492:(63,2,7,42,0,8,8)
493:(63,2,6,41,1,9,8)
494:(63,2,5,40,2,10,8)
495:(64,2,5,40,2,10,8)
496:(65,2,3,39,3,11,8)
497:(65,2,5,39,3,11,8)
498:(65,2,5,39,2,11,9)
499:(65,2,6,39,1,11,10)
500:(66,2,6,39,1,11,10)
501:(66,2,7,38,2,12,10)
502:(66,2,7,38,1,12,11)
503:(67,2,7,38,1,12,11)
504:(68,2,7,38,1,12,11)
505:(69,2,8,38,1,12,11)
506:(69,2,8,38,0,12,12)
507:(70,2,8,38,0,12,12)
508:(71,2,8,38,0,12,12)
509:(72,2,8,38,0,12,12)
510:(73,2,8,38,0,12,12)
511:(74,2,8,38,0,12,12)
512:(74,2,8,37,1,13,12)
513:(74,2,11,37,0,13,13)
514:(75,2,11,37,0,13,13)
515:(76,2,11,37,0,13,13)
516:(77,2,11,37,0,13,13)
517:(77,2,10,36,1,14,13)
518:(76,2,12,36,0,14,14)
519:(76,2,15,35,1,15,14)
520:(76,2,16,35,0,15,15)
521:(76,2,16,36,0,14,14)
522:(77,2,16,36,0,14,14)
523:(78,2,16,36,0,14,14)
524:(79,2,16,36,0,14,14)
525:(81,2,17,36,0,14,14)
526:(82,2,18,36,0,14,14)
527:(83,2,19,36,0,14,14)
528:(81,2,19,35,1,15,14)
529:(82,2,19,35,1,15,14)
530:(82,2,18,34,2,16,14)
531:(82,2,20,34,1,16,15)
532:(80,2,21,33,2,17,15)
533:(80,2,21,33,1,17,16)
534:(80,2,20,32,2,18,16)
535:(79,2,20,31,3,19,16)
536:(76,2,24,30,4,20,16)
537:(74,2,27,29,5,21,16)
538:(75,2,27,29,5,21,16)
539:(76,2,27,29,5,21,16)
540:(77,2,27,29,5,21,16)
541:(78,2,28,29,5,21,16)
542:(79,2,28,29,5,21,16)
543:(80,2,31,29,5,21,16)
544:(73,2,41,28,6,22,16)
545:(73,2,40,27,7,23,16)
546:(73,2,39,26,8,24,16)
547:(73,2,38,25,9,25,16)
548:(73,2,37,24,10,26,16)
549:(73,2,36,23,11,27,16)
550:(73,2,35,22,12,28,16)
551:(73,2,34,21,13,29,16)
552:(73,2,33,20,14,30,16)
553:(73,2,32,19,15,31,16)
554:(73,2,31,18,16,32,16)
555:(73,2,30,17,17,33,16)
556:(73,2,29,16,18,34,16)
557:(73,2,28,15,19,35,16)
558:(73,2,27,14,20,36,16)
559:(73,2,26,13,21,37,16)
560:(73,2,25,12,22,38,16)
561:(73,2,24,11,23,39,16)
562:(73,2,23,10,24,40,16)
563:(73,2,22,9,25,41,16)
564:(73,2,21,8,26,42,16)
565:(73,2,20,7,27,43,16)
566:(73,2,19,6,28,44,16)
567:(73,2,18,5,29,45,16)
568:(73,2,17,4,30,46,16)
569:(73,2,16,3,31,47,16)
570:(73,2,15,2,32,48,16)
571:(73,2,14,1,33,49,16)
572:(73,2,13,0,34,50,16)
573:(50,2,4,50,0,0,0)
574:(50,2,3,49,1,1,0)
575:(55,2,7,49,0,1,1)
576:(55,2,6,48,1,2,1)
577:(55,2,5,47,2,3,1)
578:(55,2,5,47,1,3,2)
579:(60,2,6,47,0,3,3)
580:(60,2,5,46,1,4,3)
581:(61,2,6,46,0,4,4)
582:(61,2,5,45,1,5,4)
583:(64,2,7,45,0,5,5)
584:(64,2,6,44,1,6,5)
585:(64,2,6,44,0,6,6)
586:(65,2,6,43,1,7,6)
587:(64,2,8,43,0,7,7)
588:(64,2,7,42,1,8,7)
589:(64,2,7,42,0,8,8)
590:(64,2,6,41,1,9,8)
591:(65,2,5,40,2,10,8)
592:(66,2,5,39,3,11,8)
593:(66,2,5,39,2,11,9)
594:(67,2,6,39,1,11,10)
595:(67,2,7,38,2,12,10)
596:(70,2,8,38,1,12,11)
597:(75,2,8,38,0,12,12)
598:(75,2,8,37,1,13,12)
599:(78,2,11,37,0,13,13)
600:(78,2,10,36,1,14,13)
601:(77,2,12,36,0,14,14)
602:(77,2,15,35,1,15,14)
603:(77,2,16,35,0,15,15)
604:(80,2,16,36,0,14,14)
605:(84,2,19,36,0,14,14)
606:(83,2,19,35,1,15,14)
607:(83,2,18,34,2,16,14)
608:(83,2,20,34,1,16,15)
609:(81,2,21,33,2,17,15)
610:(81,2,21,33,1,17,16)
611:(81,2,20,32,2,18,16)
612:(80,2,20,31,3,19,16)
613:(80,2,19,30,4,20,16)
614:(77,2,24,30,4,20,16)
615:(81,2,31,29,5,21,16)
616:(74,2,41,28,6,22,16)
617:(74,2,40,27,7,23,16)
618:(74,2,39,26,8,24,16)
619:(74,2,38,25,9,25,16)
620:(74,2,37,24,10,26,16)
621:(74,2,36,23,11,27,16)
622:(74,2,35,22,12,28,16)
623:(74,2,34,21,13,29,16)
624:(74,2,33,20,14,30,16)
625:(74,2,32,19,15,31,16)
626:(74,2,31,18,16,32,16)
627:(74,2,30,17,17,33,16)
628:(74,2,29,16,18,34,16)
629:(74,2,28,15,19,35,16)
630:(74,2,27,14,20,36,16)
631:(74,2,26,13,21,37,16)
632:(74,2,25,12,22,38,16)
633:(74,2,24,11,23,39,16)
634:(74,2,23,10,24,40,16)
635:(74,2,22,9,25,41,16)
636:(74,2,21,8,26,42,16)
637:(74,2,20,7,27,43,16)
638:(74,2,19,6,28,44,16)
639:(74,2,18,5,29,45,16)
640:(74,2,17,4,30,46,16)
641:(74,2,16,3,31,47,16)
642:(74,2,15,2,32,48,16)
643:(74,2,14,1,33,49,16)
644:(74,2,13,0,34,50,16)
645:(51,2,4,50,0,0,0)
646:(51,2,3,49,1,1,0)
647:(52,2,3,49,0,1,1)
648:(57,2,6,49,0,1,1)
649:(56,2,7,49,0,1,1)
650:(56,2,6,48,1,2,1)
651:(56,2,5,47,2,3,1)
652:(56,2,5,47,1,3,2)
653:(61,2,6,47,0,3,3)
654:(61,2,5,46,1,4,3)
655:(63,2,5,46,0,4,4)
656:(62,2,6,46,0,4,4)
657:(62,2,5,45,1,5,4)
658:(65,2,7,45,0,5,5)
659:(65,2,6,44,1,6,5)
660:(65,2,6,44,0,6,6)
661:(67,2,5,43,1,7,6)
662:(66,2,6,43,1,7,6)
663:(66,2,7,43,0,7,7)
664:(65,2,8,43,0,7,7)
665:(65,2,7,42,1,8,7)
666:(65,2,7,42,0,8,8)
667:(65,2,6,41,1,9,8)
668:(66,2,5,40,2,10,8)
669:(67,2,4,40,2,10,8)
670:(69,2,3,39,3,11,8)
671:(68,2,4,39,3,11,8)
672:(67,2,5,39,3,11,8)
673:(67,2,5,39,2,11,9)
674:(68,2,6,39,1,11,10)
675:(68,2,7,38,2,12,10)
676:(71,2,8,38,1,12,11)
677:(76,2,8,38,0,12,12)
678:(76,2,8,37,1,13,12)
679:(79,2,11,37,0,13,13)
680:(79,2,10,36,1,14,13)
681:(79,2,10,36,0,14,14)
682:(78,2,12,36,0,14,14)
683:(78,2,15,35,1,15,14)
684:(78,2,16,35,0,15,15)
685:(85,2,19,36,0,14,14)
686:(85,2,18,35,1,15,14)
687:(84,2,19,35,1,15,14)
688:(84,2,18,34,2,16,14)
689:(85,2,19,34,1,16,15)
690:(84,2,20,34,1,16,15)
691:(84,2,19,33,2,17,15)
692:(83,2,20,33,2,17,15)
693:(82,2,21,33,2,17,15)
694:(82,2,21,33,1,17,16)
695:(82,2,20,32,2,18,16)
696:(82,2,19,31,3,19,16)
697:(81,2,20,31,3,19,16)
698:(81,2,19,30,4,20,16)
699:(79,2,20,30,4,20,16)
700:(78,2,24,30,4,20,16)
701:(78,2,23,29,5,21,16)
702:(77,2,24,29,5,21,16)
703:(82,2,31,29,5,21,16)
704:(82,2,31,28,6,22,16)
705:(81,2,32,28,6,22,16)
706:(80,2,36,28,6,22,16)
707:(79,2,37,28,6,22,16)
708:(78,2,38,28,6,22,16)
709:(77,2,39,28,6,22,16)
710:(76,2,40,28,6,22,16)
711:(75,2,41,28,6,22,16)
712:(75,2,40,27,7,23,16)
713:(75,2,39,26,8,24,16)
714:(75,2,38,25,9,25,16)
715:(75,2,37,24,10,26,16)
716:(75,2,36,23,11,27,16)
717:(75,2,35,22,12,28,16)
718:(75,2,34,21,13,29,16)
719:(75,2,33,20,14,30,16)
720:(75,2,32,19,15,31,16)
721:(75,2,31,18,16,32,16)
722:(75,2,30,17,17,33,16)
723:(75,2,29,16,18,34,16)
724:(75,2,28,15,19,35,16)
725:(75,2,27,14,20,36,16)
726:(75,2,26,13,21,37,16)
727:(75,2,25,12,22,38,16)
728:(75,2,24,11,23,39,16)
729:(75,2,23,10,24,40,16)
730:(75,2,22,9,25,41,16)
731:(75,2,21,8,26,42,16)
732:(75,2,20,7,27,43,16)
733:(75,2,19,6,28,44,16)
734:(75,2,18,5,29,45,16)
735:(75,2,17,4,30,46,16)
736:(75,2,16,3,31,47,16)
737:(75,2,15,2,32,48,16)
738:(75,2,14,1,33,49,16)
739:(75,2,13,0,34,50,16)
740:(49,2,5,50,0,0,0)
741:(49,2,4,49,1,1,0)
742:(49,2,7,49,0,1,1)
743:(50,2,7,49,0,1,1)
744:(51,2,7,49,0,1,1)
745:(52,2,7,49,0,1,1)
746:(53,2,7,49,0,1,1)
747:(54,2,8,49,0,1,1)
748:(54,2,7,48,1,2,1)
749:(54,2,6,47,2,3,1)
750:(54,2,6,47,1,3,2)
751:(54,2,6,47,0,3,3)
752:(55,2,6,47,0,3,3)
753:(56,2,6,47,0,3,3)
754:(57,2,6,47,0,3,3)
755:(58,2,6,47,0,3,3)
756:(59,2,7,47,0,3,3)
757:(59,2,6,46,1,4,3)
758:(59,2,6,46,0,4,4)
759:(60,2,7,46,0,4,4)
760:(60,2,6,45,1,5,4)
761:(60,2,7,45,0,5,5)
762:(61,2,7,45,0,5,5)
763:(62,2,8,45,0,5,5)
764:(63,2,8,45,0,5,5)
765:(63,2,7,44,1,6,5)
766:(63,2,7,44,0,6,6)
767:(63,2,6,43,1,7,6)
768:(64,2,7,43,1,7,6)
769:(63,2,9,43,0,7,7)
770:(63,2,8,42,1,8,7)
771:(63,2,8,42,0,8,8)
772:(63,2,7,41,1,9,8)
773:(63,2,6,40,2,10,8)
774:(64,2,6,40,2,10,8)
775:(65,2,6,39,3,11,8)
776:(65,2,6,39,2,11,9)
777:(65,2,7,39,1,11,10)
778:(66,2,7,39,1,11,10)
779:(66,2,8,38,2,12,10)
780:(66,2,8,38,1,12,11)
781:(67,2,8,38,1,12,11)
782:(68,2,8,38,1,12,11)
783:(69,2,9,38,1,12,11)
784:(69,2,9,38,0,12,12)
785:(70,2,9,38,0,12,12)
786:(71,2,9,38,0,12,12)
787:(72,2,9,38,0,12,12)
788:(73,2,9,38,0,12,12)
789:(74,2,9,38,0,12,12)
790:(74,2,9,37,1,13,12)
791:(74,2,12,37,0,13,13)
792:(75,2,12,37,0,13,13)
793:(76,2,12,37,0,13,13)
794:(77,2,12,37,0,13,13)
795:(77,2,11,36,1,14,13)
796:(76,2,13,36,0,14,14)
797:(76,2,16,35,1,15,14)
798:(76,2,17,35,0,15,15)
799:(76,2,17,36,0,14,14)
800:(77,2,17,36,0,14,14)
801:(78,2,17,36,0,14,14)
802:(79,2,17,36,0,14,14)
803:(81,2,18,36,0,14,14)
804:(82,2,19,36,0,14,14)
805:(83,2,20,36,0,14,14)
806:(81,2,20,35,1,15,14)
807:(82,2,20,35,1,15,14)
808:(82,2,19,34,2,16,14)
809:(82,2,21,34,1,16,15)
810:(80,2,22,33,2,17,15)
811:(80,2,22,33,1,17,16)
812:(80,2,21,32,2,18,16)
813:(79,2,21,31,3,19,16)
814:(76,2,25,30,4,20,16)
815:(74,2,28,29,5,21,16)
816:(75,2,28,29,5,21,16)
817:(76,2,28,29,5,21,16)
818:(77,2,28,29,5,21,16)
819:(78,2,29,29,5,21,16)
820:(79,2,29,29,5,21,16)
821:(80,2,32,29,5,21,16)
822:(73,2,42,28,6,22,16)
823:(73,2,41,27,7,23,16)
824:(73,2,40,26,8,24,16)
825:(73,2,39,25,9,25,16)
826:(73,2,38,24,10,26,16)
827:(73,2,37,23,11,27,16)
828:(73,2,36,22,12,28,16)
829:(73,2,35,21,13,29,16)
830:(73,2,34,20,14,30,16)
831:(73,2,33,19,15,31,16)
832:(73,2,32,18,16,32,16)
833:(73,2,31,17,17,33,16)
834:(73,2,30,16,18,34,16)
835:(73,2,29,15,19,35,16)
836:(73,2,28,14,20,36,16)
837:(73,2,27,13,21,37,16)
838:(73,2,26,12,22,38,16)
839:(73,2,25,11,23,39,16)
840:(73,2,24,10,24,40,16)
841:(73,2,23,9,25,41,16)
842:(73,2,22,8,26,42,16)
843:(73,2,21,7,27,43,16)
844:(73,2,20,6,28,44,16)
845:(73,2,19,5,29,45,16)
846:(73,2,18,4,30,46,16)
847:(73,2,17,3,31,47,16)
848:(73,2,16,2,32,48,16)
849:(73,2,15,1,33,49,16)
850:(73,2,14,0,34,50,16)
851:(50,2,0,49,1,1,0)
852:(50,2,1,49,1,1,0)
853:(50,2,2,48,2,2,0)
854:(50,2,2,48,1,2,1)
855:(51,2,2,48,1,2,1)
856:(50,2,3,48,1,2,1)
857:(50,2,4,48,1,2,1)
858:(50,2,5,48,1,2,1)
859:(51,2,5,48,1,2,1)
860:(52,2,5,48,1,2,1)
861:(53,2,5,48,1,2,1)
862:(55,2,4,46,3,4,1)
863:(55,2,4,46,2,4,2)
864:(55,2,4,46,1,4,3)
865:(56,2,4,46,1,4,3)
866:(57,2,4,46,1,4,3)
867:(58,2,4,46,1,4,3)
868:(60,2,4,45,2,5,3)
869:(61,2,4,44,2,6,4)
870:(61,2,4,44,1,6,5)
871:(61,2,5,44,1,6,5)
872:(62,2,5,44,1,6,5)
873:(64,2,5,43,2,7,5)
874:(64,2,4,42,2,8,6)
875:(65,2,4,42,2,8,6)
876:(66,2,4,42,2,8,6)
877:(65,2,5,42,2,8,6)
878:(65,2,5,42,1,8,7)
879:(64,2,6,41,2,9,7)
880:(64,2,4,39,3,11,8)
881:(66,2,2,38,4,12,8)
882:(67,2,2,38,4,12,8)
883:(68,2,2,38,4,12,8)
884:(67,2,3,38,4,12,8)
885:(66,2,4,38,4,12,8)
886:(66,2,4,38,3,12,9)
887:(67,2,4,37,3,13,10)
888:(67,2,5,37,3,13,10)
889:(67,2,6,37,3,13,10)
890:(67,2,6,37,2,13,11)
891:(68,2,6,37,2,13,11)
892:(69,2,6,37,2,13,11)
893:(70,2,6,37,2,13,11)
894:(70,2,7,37,2,13,11)
895:(70,2,7,37,1,13,12)
896:(71,2,7,37,1,13,12)
897:(72,2,7,37,1,13,12)
898:(73,2,7,37,1,13,12)
899:(75,2,6,36,2,14,12)
900:(75,2,7,36,2,14,12)
901:(75,2,7,36,1,14,13)
902:(75,2,8,36,1,14,13)
903:(75,2,9,36,1,14,13)
904:(75,2,10,36,1,14,13)
905:(76,2,10,36,1,14,13)
906:(78,2,9,35,2,15,13)
907:(78,2,9,35,1,15,14)
908:(77,2,10,34,2,16,14)
909:(77,2,11,34,2,16,14)
910:(77,2,12,34,2,16,14)
911:(77,2,13,34,2,16,14)
912:(77,2,14,34,2,16,14)
913:(77,2,14,34,1,16,15)
914:(77,2,15,34,1,16,15)
915:(79,2,15,35,1,15,14)
916:(80,2,15,35,1,15,14)
917:(81,2,14,35,1,15,14)
918:(82,2,14,35,1,15,14)
919:(82,2,15,35,1,15,14)
920:(83,2,15,35,1,15,14)
921:(82,2,16,35,1,15,14)
922:(83,2,16,35,1,15,14)
923:(83,2,17,33,3,17,14)
924:(83,2,17,33,2,17,15)
925:(83,2,18,32,3,18,15)
926:(82,2,19,32,3,18,15)
927:(81,2,20,32,3,18,15)
928:(80,2,18,29,5,21,16)
929:(79,2,18,29,5,21,16)
930:(78,2,19,29,5,21,16)
931:(77,2,20,29,5,21,16)
932:(77,2,21,29,5,21,16)
933:(77,2,22,28,6,22,16)
934:(76,2,23,28,6,22,16)
935:(75,2,24,28,6,22,16)
936:(75,2,25,28,6,22,16)
937:(75,2,26,28,6,22,16)
938:(76,2,26,28,6,22,16)
939:(77,2,26,28,6,22,16)
940:(78,2,26,28,6,22,16)
941:(79,2,26,28,6,22,16)
942:(79,2,27,28,6,22,16)
943:(80,2,27,28,6,22,16)
944:(81,2,27,28,6,22,16)
945:(81,2,28,28,6,22,16)
946:(81,2,29,27,7,23,16)
947:(81,2,30,27,7,23,16)
948:(80,2,31,27,7,23,16)
949:(79,2,32,27,7,23,16)
950:(79,2,33,27,7,23,16)
951:(79,2,34,27,7,23,16)
952:(79,2,35,27,7,23,16)
953:(78,2,36,27,7,23,16)
954:(77,2,37,27,7,23,16)
955:(76,2,38,27,7,23,16)
956:(50,2,5,50,0,0,0)
957:(50,2,4,49,1,1,0)
958:(55,2,8,49,0,1,1)
959:(55,2,7,48,1,2,1)
960:(55,2,6,47,2,3,1)
961:(55,2,6,47,1,3,2)
962:(60,2,7,47,0,3,3)
963:(60,2,6,46,1,4,3)
964:(61,2,7,46,0,4,4)
965:(61,2,6,45,1,5,4)
966:(64,2,8,45,0,5,5)
967:(64,2,7,44,1,6,5)
968:(64,2,7,44,0,6,6)
969:(65,2,7,43,1,7,6)
970:(64,2,9,43,0,7,7)
971:(64,2,8,42,1,8,7)
972:(64,2,8,42,0,8,8)
973:(64,2,7,41,1,9,8)
974:(65,2,6,40,2,10,8)
975:(66,2,6,39,3,11,8)
976:(66,2,6,39,2,11,9)
977:(67,2,7,39,1,11,10)
978:(67,2,8,38,2,12,10)
979:(70,2,9,38,1,12,11)
980:(75,2,9,38,0,12,12)
981:(75,2,9,37,1,13,12)
982:(78,2,12,37,0,13,13)
983:(78,2,11,36,1,14,13)
984:(77,2,13,36,0,14,14)
985:(77,2,16,35,1,15,14)
986:(77,2,17,35,0,15,15)
987:(80,2,17,36,0,14,14)
988:(84,2,20,36,0,14,14)
989:(83,2,20,35,1,15,14)
990:(83,2,19,34,2,16,14)
991:(83,2,21,34,1,16,15)
992:(81,2,22,33,2,17,15)
993:(81,2,22,33,1,17,16)
994:(81,2,21,32,2,18,16)
995:(80,2,21,31,3,19,16)
996:(80,2,20,30,4,20,16)
997:(77,2,25,30,4,20,16)
998:(81,2,32,29,5,21,16)
999:(74,2,42,28,6,22,16)
1000:(74,2,41,27,7,23,16)
1001:(74,2,40,26,8,24,16)
1002:(74,2,39,25,9,25,16)
1003:(74,2,38,24,10,26,16)
1004:(74,2,37,23,11,27,16)
1005:(74,2,36,22,12,28,16)
1006:(74,2,35,21,13,29,16)
1007:(74,2,34,20,14,30,16)
1008:(74,2,33,19,15,31,16)
1009:(74,2,32,18,16,32,16)
1010:(74,2,31,17,17,33,16)
1011:(74,2,30,16,18,34,16)
1012:(74,2,29,15,19,35,16)
1013:(74,2,28,14,20,36,16)
1014:(74,2,27,13,21,37,16)
1015:(74,2,26,12,22,38,16)
1016:(74,2,25,11,23,39,16)
1017:(74,2,24,10,24,40,16)
1018:(74,2,23,9,25,41,16)
1019:(74,2,22,8,26,42,16)
1020:(74,2,21,7,27,43,16)
1021:(74,2,20,6,28,44,16)
1022:(74,2,19,5,29,45,16)
1023:(74,2,18,4,30,46,16)
1024:(74,2,17,3,31,47,16)
1025:(74,2,16,2,32,48,16)
1026:(74,2,15,1,33,49,16)
1027:(74,2,14,0,34,50,16)
1028:(48,2,1,50,0,0,0)
1029:(48,2,2,50,0,0,0)
1030:(48,2,3,50,0,0,0)
1031:(48,2,4,50,0,0,0)
1032:(48,2,3,49,1,1,0)
1033:(48,2,3,49,0,1,1)
1034:(48,2,4,49,0,1,1)
1035:(48,2,5,49,0,1,1)
1036:(48,2,6,49,0,1,1)
1037:(53,2,6,48,1,2,1)
1038:(53,2,5,47,2,3,1)
1039:(53,2,5,47,1,3,2)
1040:(53,2,5,47,0,3,3)
1041:(58,2,5,46,1,4,3)
1042:(58,2,5,46,0,4,4)
1043:(59,2,5,45,1,5,4)
1044:(59,2,5,45,0,5,5)
1045:(59,2,6,45,0,5,5)
1046:(62,2,6,44,1,6,5)
1047:(62,2,6,44,0,6,6)
1048:(62,2,5,43,1,7,6)
1049:(63,2,6,43,0,7,7)
1050:(62,2,8,43,0,7,7)
1051:(62,2,7,42,1,8,7)
1052:(62,2,7,42,0,8,8)
1053:(62,2,6,41,1,9,8)
1054:(62,2,5,40,2,10,8)
1055:(64,2,3,39,3,11,8)
1056:(64,2,5,39,3,11,8)
1057:(64,2,5,39,2,11,9)
1058:(64,2,5,39,1,11,10)
1059:(64,2,6,39,1,11,10)
1060:(65,2,5,38,2,12,10)
1061:(65,2,6,38,2,12,10)
1062:(65,2,7,38,2,12,10)
1063:(65,2,7,38,1,12,11)
1064:(68,2,8,38,0,12,12)
1065:(73,2,8,37,1,13,12)
1066:(73,2,8,37,0,13,13)
1067:(73,2,9,37,0,13,13)
1068:(73,2,10,37,0,13,13)
1069:(73,2,11,37,0,13,13)
1070:(75,2,11,36,0,14,14)
1071:(75,2,12,36,0,14,14)
1072:(75,2,11,35,1,15,14)
1073:(75,2,12,35,1,15,14)
1074:(75,2,13,35,1,15,14)
1075:(75,2,14,35,1,15,14)
1076:(75,2,15,35,1,15,14)
1077:(75,2,15,35,0,15,15)
1078:(75,2,16,35,0,15,15)
1079:(75,2,16,36,0,14,14)
1080:(80,2,19,35,1,15,14)
1081:(81,2,18,34,2,16,14)
1082:(81,2,18,34,1,16,15)
1083:(81,2,19,34,1,16,15)
1084:(81,2,20,34,1,16,15)
1085:(79,2,21,33,2,17,15)
1086:(79,2,21,33,1,17,16)
1087:(79,2,20,32,2,18,16)
1088:(78,2,20,31,3,19,16)
1089:(75,2,21,30,4,20,16)
1090:(75,2,22,30,4,20,16)
1091:(75,2,23,30,4,20,16)
1092:(75,2,24,30,4,20,16)
1093:(73,2,25,29,5,21,16)
1094:(73,2,26,29,5,21,16)
1095:(73,2,27,29,5,21,16)
1096:(79,2,30,29,5,21,16)
1097:(79,2,31,29,5,21,16)
1098:(79,2,30,28,6,22,16)
1099:(77,2,33,28,6,22,16)
1100:(77,2,34,28,6,22,16)
1101:(77,2,35,28,6,22,16)
1102:(72,2,41,28,6,22,16)
1103:(72,2,40,27,7,23,16)
1104:(72,2,39,26,8,24,16)
1105:(72,2,38,25,9,25,16)
1106:(72,2,37,24,10,26,16)
1107:(72,2,36,23,11,27,16)
1108:(72,2,35,22,12,28,16)
1109:(72,2,34,21,13,29,16)
1110:(72,2,33,20,14,30,16)
1111:(72,2,32,19,15,31,16)
1112:(72,2,31,18,16,32,16)
1113:(72,2,30,17,17,33,16)
1114:(72,2,29,16,18,34,16)
1115:(72,2,28,15,19,35,16)
1116:(72,2,27,14,20,36,16)
1117:(72,2,26,13,21,37,16)
1118:(72,2,25,12,22,38,16)
1119:(72,2,24,11,23,39,16)
1120:(72,2,23,10,24,40,16)
1121:(72,2,22,9,25,41,16)
1122:(72,2,21,8,26,42,16)
1123:(72,2,20,7,27,43,16)
1124:(72,2,19,6,28,44,16)
1125:(72,2,18,5,29,45,16)
1126:(72,2,17,4,30,46,16)
1127:(72,2,16,3,31,47,16)
1128:(72,2,15,2,32,48,16)
1129:(72,2,14,1,33,49,16)
1130:(72,2,13,0,34,50,16)
1131:(48,2,5,50,0,0,0)
1132:(48,2,4,49,1,1,0)
1133:(48,2,7,49,0,1,1)
1134:(53,2,8,49,0,1,1)
1135:(53,2,7,48,1,2,1)
1136:(53,2,6,47,2,3,1)
1137:(53,2,6,47,1,3,2)
1138:(53,2,6,47,0,3,3)
1139:(58,2,7,47,0,3,3)
1140:(58,2,6,46,1,4,3)
1141:(58,2,6,46,0,4,4)
1142:(59,2,7,46,0,4,4)
1143:(59,2,6,45,1,5,4)
1144:(59,2,7,45,0,5,5)
1145:(61,2,8,45,0,5,5)
1146:(62,2,7,44,1,6,5)
1147:(62,2,7,44,0,6,6)
1148:(62,2,6,43,1,7,6)
1149:(63,2,7,43,1,7,6)
1150:(62,2,9,43,0,7,7)
1151:(62,2,8,42,1,8,7)
1152:(62,2,8,42,0,8,8)
1153:(62,2,7,41,1,9,8)
1154:(62,2,6,40,2,10,8)
1155:(64,2,6,39,3,11,8)
1156:(64,2,6,39,2,11,9)
1157:(64,2,7,39,1,11,10)
1158:(65,2,8,38,2,12,10)
1159:(65,2,8,38,1,12,11)
1160:(68,2,9,38,1,12,11)
1161:(68,2,9,38,0,12,12)
1162:(73,2,9,37,1,13,12)
1163:(73,2,12,37,0,13,13)
1164:(76,2,11,36,1,14,13)
1165:(75,2,13,36,0,14,14)
1166:(75,2,16,35,1,15,14)
1167:(75,2,17,35,0,15,15)
1168:(75,2,17,36,0,14,14)
1169:(80,2,18,36,0,14,14)
1170:(81,2,19,36,0,14,14)
1171:(82,2,20,36,0,14,14)
1172:(80,2,20,35,1,15,14)
1173:(81,2,19,34,2,16,14)
1174:(81,2,21,34,1,16,15)
1175:(79,2,22,33,2,17,15)
1176:(79,2,22,33,1,17,16)
1177:(79,2,21,32,2,18,16)
1178:(78,2,21,31,3,19,16)
1179:(75,2,25,30,4,20,16)
1180:(73,2,28,29,5,21,16)
1181:(77,2,29,29,5,21,16)
1182:(79,2,32,29,5,21,16)
1183:(72,2,42,28,6,22,16)
1184:(72,2,41,27,7,23,16)
1185:(72,2,40,26,8,24,16)
1186:(72,2,39,25,9,25,16)
1187:(72,2,38,24,10,26,16)
1188:(72,2,37,23,11,27,16)
1189:(72,2,36,22,12,28,16)
1190:(72,2,35,21,13,29,16)
1191:(72,2,34,20,14,30,16)
1192:(72,2,33,19,15,31,16)
1193:(72,2,32,18,16,32,16)
1194:(72,2,31,17,17,33,16)
1195:(72,2,30,16,18,34,16)
1196:(72,2,29,15,19,35,16)
1197:(72,2,28,14,20,36,16)
1198:(72,2,27,13,21,37,16)
1199:(72,2,26,12,22,38,16)
1200:(72,2,25,11,23,39,16)
1201:(72,2,24,10,24,40,16)
1202:(72,2,23,9,25,41,16)
1203:(72,2,22,8,26,42,16)
1204:(72,2,21,7,27,43,16)
1205:(72,2,20,6,28,44,16)
1206:(72,2,19,5,29,45,16)
1207:(72,2,18,4,30,46,16)
1208:(72,2,17,3,31,47,16)
1209:(72,2,16,2,32,48,16)
1210:(72,2,15,1,33,49,16)
1211:(72,2,14,0,34,50,16)
1212:(49,2,0,49,1,1,0)
1213:(49,2,1,49,1,1,0)
1214:(49,2,2,48,2,2,0)
1215:(49,2,2,48,1,2,1)
1216:(49,2,3,48,1,2,1)
1217:(49,2,4,48,1,2,1)
1218:(49,2,5,48,1,2,1)
1219:(54,2,4,46,3,4,1)
1220:(54,2,4,46,2,4,2)
1221:(54,2,4,46,1,4,3)
1222:(59,2,4,45,2,5,3)
1223:(59,2,4,45,1,5,4)
1224:(60,2,4,44,2,6,4)
1225:(60,2,4,44,1,6,5)
1226:(60,2,5,44,1,6,5)
1227:(63,2,5,43,2,7,5)
1228:(63,2,4,42,2,8,6)
1229:(64,2,5,42,2,8,6)
1230:(64,2,5,42,1,8,7)
1231:(63,2,6,41,2,9,7)
1232:(63,2,4,39,3,11,8)
1233:(65,2,2,38,4,12,8)
1234:(66,2,3,38,4,12,8)
1235:(65,2,4,38,4,12,8)
1236:(65,2,4,38,3,12,9)
1237:(65,2,4,38,2,12,10)
1238:(66,2,4,37,3,13,10)
1239:(66,2,5,37,3,13,10)
1240:(66,2,6,37,3,13,10)
1241:(66,2,6,37,2,13,11)
1242:(69,2,7,37,2,13,11)
1243:(69,2,7,37,1,13,12)
1244:(74,2,6,36,2,14,12)
1245:(74,2,7,36,2,14,12)
1246:(74,2,7,36,1,14,13)
1247:(74,2,8,36,1,14,13)
1248:(74,2,9,36,1,14,13)
1249:(74,2,10,36,1,14,13)
1250:(77,2,9,35,2,15,13)
1251:(77,2,9,35,1,15,14)
1252:(76,2,10,34,2,16,14)
1253:(76,2,11,34,2,16,14)
1254:(76,2,12,34,2,16,14)
1255:(76,2,13,34,2,16,14)
1256:(76,2,14,34,2,16,14)
1257:(76,2,14,34,1,16,15)
1258:(76,2,15,34,1,16,15)
1259:(80,2,14,35,1,15,14)
1260:(81,2,15,35,1,15,14)
1261:(81,2,16,35,1,15,14)
1262:(82,2,17,33,3,17,14)
1263:(82,2,17,33,2,17,15)
1264:(82,2,18,32,3,18,15)
1265:(81,2,19,32,3,18,15)
1266:(80,2,20,32,3,18,15)
1267:(78,2,18,29,5,21,16)
1268:(77,2,19,29,5,21,16)
1269:(76,2,20,29,5,21,16)
1270:(76,2,21,29,5,21,16)
1271:(76,2,22,28,6,22,16)
1272:(75,2,23,28,6,22,16)
1273:(74,2,24,28,6,22,16)
1274:(74,2,25,28,6,22,16)
1275:(74,2,26,28,6,22,16)
1276:(78,2,27,28,6,22,16)
1277:(80,2,28,28,6,22,16)
1278:(80,2,29,27,7,23,16)
1279:(80,2,30,27,7,23,16)
1280:(79,2,31,27,7,23,16)
1281:(78,2,32,27,7,23,16)
1282:(78,2,33,27,7,23,16)
1283:(78,2,34,27,7,23,16)
1284:(78,2,35,27,7,23,16)
1285:(77,2,36,27,7,23,16)
1286:(76,2,37,27,7,23,16)
1287:(75,2,38,27,7,23,16)
1288:(48,2,0,50,0,0,0)
1289:(48,2,2,49,1,1,0)
1290:(48,2,2,49,0,1,1)
1291:(53,2,4,47,2,3,1)
1292:(53,2,4,47,1,3,2)
1293:(53,2,4,47,0,3,3)
1294:(58,2,4,46,0,4,4)
1295:(59,2,4,45,0,5,5)
1296:(62,2,5,44,0,6,6)
1297:(62,2,4,43,1,7,6)
1298:(63,2,5,43,0,7,7)
1299:(62,2,7,43,0,7,7)
1300:(62,2,6,42,1,8,7)
1301:(62,2,6,42,0,8,8)
1302:(62,2,5,41,1,9,8)
1303:(62,2,4,40,2,10,8)
1304:(64,2,3,40,2,10,8)
1305:(64,2,2,39,3,11,8)
1306:(64,2,4,39,2,11,9)
1307:(64,2,4,39,1,11,10)
1308:(65,2,6,38,1,12,11)
1309:(68,2,7,38,0,12,12)
1310:(73,2,6,37,1,13,12)
1311:(73,2,7,37,0,13,13)
1312:(76,2,9,36,1,14,13)
1313:(76,2,9,36,0,14,14)
1314:(75,2,10,36,0,14,14)
1315:(75,2,10,35,1,15,14)
1316:(75,2,14,35,0,15,15)
1317:(75,2,15,36,0,14,14)
1318:(79,2,14,36,0,14,14)
1319:(81,2,17,35,1,15,14)
1320:(80,2,18,35,1,15,14)
1321:(81,2,17,34,2,16,14)
1322:(81,2,17,34,1,16,15)
1323:(81,2,18,33,2,17,15)
1324:(80,2,19,33,2,17,15)
1325:(79,2,20,33,2,17,15)
1326:(79,2,20,33,1,17,16)
1327:(79,2,19,32,2,18,16)
1328:(79,2,18,31,3,19,16)
1329:(78,2,19,31,3,19,16)
1330:(77,2,18,30,4,20,16)
1331:(76,2,19,30,4,20,16)
1332:(75,2,20,30,4,20,16)
1333:(75,2,22,29,5,21,16)
1334:(74,2,23,29,5,21,16)
1335:(73,2,24,29,5,21,16)
1336:(79,2,29,28,6,22,16)
1337:(78,2,31,28,6,22,16)
1338:(77,2,32,28,6,22,16)
1339:(76,2,36,28,6,22,16)
1340:(75,2,37,28,6,22,16)
1341:(74,2,38,28,6,22,16)
1342:(73,2,39,28,6,22,16)
1343:(72,2,40,28,6,22,16)
1344:(72,2,39,27,7,23,16)
1345:(72,2,38,26,8,24,16)
1346:(72,2,37,25,9,25,16)
1347:(72,2,36,24,10,26,16)
1348:(72,2,35,23,11,27,16)
1349:(72,2,34,22,12,28,16)
1350:(72,2,33,21,13,29,16)
1351:(72,2,32,20,14,30,16)
1352:(72,2,31,19,15,31,16)
1353:(72,2,30,18,16,32,16)
1354:(72,2,29,17,17,33,16)
1355:(72,2,28,16,18,34,16)
1356:(72,2,27,15,19,35,16)
1357:(72,2,26,14,20,36,16)
1358:(72,2,25,13,21,37,16)
1359:(72,2,24,12,22,38,16)
1360:(72,2,23,11,23,39,16)
1361:(72,2,22,10,24,40,16)
1362:(72,2,21,9,25,41,16)
1363:(72,2,20,8,26,42,16)
1364:(72,2,19,7,27,43,16)
1365:(72,2,18,6,28,44,16)
1366:(72,2,17,5,29,45,16)
1367:(72,2,16,4,30,46,16)
1368:(72,2,15,3,31,47,16)
1369:(72,2,14,2,32,48,16)
1370:(72,2,13,1,33,49,16)
1371:(72,2,12,0,34,50,16)
1372:(52,2,0,50,0,0,0)
1373:(52,2,1,50,0,0,0)
1374:(52,2,2,50,0,0,0)
1375:(52,2,3,50,0,0,0)
1376:(52,2,2,49,1,1,0)
1377:(53,2,2,49,0,1,1)
1378:(52,2,4,49,0,1,1)
1379:(58,2,5,49,0,1,1)
1380:(57,2,5,48,1,2,1)
1381:(57,2,4,47,2,3,1)
1382:(57,2,4,47,1,3,2)
1383:(62,2,4,47,0,3,3)
1384:(62,2,5,47,0,3,3)
1385:(62,2,4,46,1,4,3)
1386:(64,2,4,46,0,4,4)
1387:(63,2,4,45,1,5,4)
1388:(63,2,4,45,0,5,5)
1389:(65,2,5,45,0,5,5)
1390:(66,2,6,45,0,5,5)
1391:(66,2,5,44,1,6,5)
1392:(66,2,5,44,0,6,6)
1393:(68,2,4,43,1,7,6)
1394:(67,2,5,43,0,7,7)
1395:(67,2,6,43,0,7,7)
1396:(66,2,6,42,1,8,7)
1397:(66,2,6,42,0,8,8)
1398:(66,2,5,41,1,9,8)
1399:(68,2,3,40,2,10,8)
1400:(70,2,2,39,3,11,8)
1401:(68,2,4,39,2,11,9)
1402:(68,2,4,39,1,11,10)
1403:(69,2,5,39,1,11,10)
1404:(69,2,4,38,2,12,10)
1405:(69,2,5,38,2,12,10)
1406:(69,2,6,38,2,12,10)
1407:(72,2,6,38,1,12,11)
1408:(72,2,7,38,1,12,11)
1409:(77,2,7,38,0,12,12)
1410:(77,2,6,37,1,13,12)
1411:(77,2,7,37,1,13,12)
1412:(77,2,7,37,0,13,13)
1413:(77,2,8,37,0,13,13)
1414:(77,2,9,37,0,13,13)
1415:(80,2,10,37,0,13,13)
1416:(80,2,9,36,1,14,13)
1417:(80,2,9,36,0,14,14)
1418:(79,2,11,36,0,14,14)
1419:(79,2,10,35,1,15,14)
1420:(79,2,11,35,1,15,14)
1421:(79,2,12,35,1,15,14)
1422:(79,2,13,35,1,15,14)
1423:(79,2,14,35,1,15,14)
1424:(79,2,14,35,0,15,15)
1425:(79,2,15,35,0,15,15)
1426:(84,2,14,36,0,14,14)
1427:(85,2,15,36,0,14,14)
1428:(85,2,16,36,0,14,14)
1429:(86,2,17,36,0,14,14)
1430:(86,2,18,36,0,14,14)
1431:(86,2,17,35,1,15,14)
1432:(85,2,17,34,2,16,14)
1433:(85,2,17,34,1,16,15)
1434:(86,2,18,34,1,16,15)
1435:(85,2,18,33,2,17,15)
1436:(83,2,20,33,1,17,16)
1437:(83,2,19,32,2,18,16)
1438:(83,2,18,31,3,19,16)
1439:(82,2,18,30,4,20,16)
1440:(79,2,21,30,4,20,16)
1441:(79,2,22,30,4,20,16)
1442:(79,2,23,30,4,20,16)
1443:(79,2,22,29,5,21,16)
1444:(77,2,25,29,5,21,16)
1445:(81,2,26,29,5,21,16)
1446:(83,2,27,29,5,21,16)
1447:(83,2,28,29,5,21,16)
1448:(83,2,29,29,5,21,16)
1449:(83,2,30,29,5,21,16)
1450:(83,2,29,28,6,22,16)
1451:(83,2,30,28,6,22,16)
1452:(81,2,33,28,6,22,16)
1453:(81,2,34,28,6,22,16)
1454:(81,2,35,28,6,22,16)
1455:(76,2,39,27,7,23,16)
1456:(76,2,38,26,8,24,16)
1457:(76,2,37,25,9,25,16)
1458:(76,2,36,24,10,26,16)
1459:(76,2,35,23,11,27,16)
1460:(76,2,34,22,12,28,16)
1461:(76,2,33,21,13,29,16)
1462:(76,2,32,20,14,30,16)
1463:(76,2,31,19,15,31,16)
1464:(76,2,30,18,16,32,16)
1465:(76,2,29,17,17,33,16)
1466:(76,2,28,16,18,34,16)
1467:(76,2,27,15,19,35,16)
1468:(76,2,26,14,20,36,16)
1469:(76,2,25,13,21,37,16)
1470:(76,2,24,12,22,38,16)
1471:(76,2,23,11,23,39,16)
1472:(76,2,22,10,24,40,16)
1473:(76,2,21,9,25,41,16)
1474:(76,2,20,8,26,42,16)
1475:(76,2,19,7,27,43,16)
1476:(76,2,18,6,28,44,16)
1477:(76,2,17,5,29,45,16)
1478:(76,2,16,4,30,46,16)
1479:(76,2,15,3,31,47,16)
1480:(76,2,14,2,32,48,16)
1481:(76,2,13,1,33,49,16)
1482:(76,2,12,0,34,50,16)
1483:(-1,-1,-1,-1,-1,-1,-1)