test	r_four	r_six	r_four	r_six	r_four	r_six	r_four	r_six	r_four	r_six	r_four	r_six	r_four	r_six	r_four	r_six	r_four	r_six	r_four	
r_four	test	r_six	r_four	r_six	r_four	r_six	r_four	r_six	r_four	r_six	r_four	r_six	r_four	r_six	r_four	r_six	r_four	r_six	r_four	
r_four	r_six	test	r_four	r_six	r_four	r_six	r_four	r_six	r_four	r_six	r_four	r_six	r_four	r_six	r_four	r_six	r_four	r_six	r_four	
r_four	r_six	r_four	test	r_six	r_four	r_six	r_four	r_six	r_four	r_six	r_four	r_six	r_four	r_six	r_four	r_six	r_four	r_six	r_four	
r_four	r_six	r_four	r_six	test	r_four	r_six	r_four	r_six	r_four	r_six	r_four	r_six	r_four	r_six	r_four	r_six	r_four	r_six	r_four	
r_four	r_six	r_four	r_six	r_four	test	r_six	r_four	r_six	r_four	r_six	r_four	r_six	r_four	r_six	r_four	r_six	r_four	r_six	r_four	
r_four	r_six	r_four	r_six	r_four	r_six	test	r_four	r_six	r_four	r_six	r_four	r_six	r_four	r_six	r_four	r_six	r_four	r_six	r_four	
r_four	r_six	r_four	r_six	r_four	r_six	r_four	test	r_six	r_four	r_six	r_four	r_six	r_four	r_six	r_four	r_six	r_four	r_six	r_four	
r_four	r_six	r_four	r_six	r_four	r_six	r_four	r_six	test	r_four	r_six	r_four	r_six	r_four	r_six	r_four	r_six	r_four	r_six	r_four	
r_four	r_six	r_four	r_six	r_four	r_six	r_four	r_six	r_four	test	r_six	r_four	r_six	r_four	r_six	r_four	r_six	r_four	r_six	r_four	
r_four	r_six	r_four	r_six	r_four	r_six	r_four	r_six	r_four	r_six	test	r_four	r_six	r_four	r_six	r_four	r_six	r_four	r_six	r_four	
r_four	r_six	r_four	r_six	r_four	r_six	r_four	r_six	r_four	r_six	r_four	test	r_six	r_four	r_six	r_four	r_six	r_four	r_six	r_four	
r_four	r_six	r_four	r_six	r_four	r_six	r_four	r_six	r_four	r_six	r_four	r_six	test	r_four	r_six	r_four	r_six	r_four	r_six	r_four	
r_four	r_six	r_four	r_six	r_four	r_six	r_four	r_six	r_four	r_six	r_four	r_six	r_four	test	r_six	r_four	r_six	r_four	r_six	r_four	
r_four	r_six	r_four	r_six	r_four	r_six	r_four	r_six	r_four	r_six	r_four	r_six	r_four	r_six	test	r_four	r_six	r_four	r_six	r_four	
r_four	r_six	r_four	r_six	r_four	r_six	r_four	r_six	r_four	r_six	r_four	r_six	r_four	r_six	r_four	test	r_six	r_four	r_six	r_four	
r_four	r_six	r_four	r_six	r_four	r_six	r_four	r_six	r_four	r_six	r_four	r_six	r_four	r_six	r_four	r_six	test	r_four	r_six	r_four	
r_four	r_six	r_four	r_six	r_four	r_six	r_four	r_six	r_four	r_six	r_four	r_six	r_four	r_six	r_four	r_six	r_four	test	r_six	r_four	
r_four	r_six	r_four	r_six	r_four	r_six	r_four	r_six	r_four	r_six	r_four	r_six	r_four	r_six	r_four	r_six	r_four	r_six	test	r_four	
a	r_four	r_six	r_four	r_six	r_four	r_six	r_four	r_six	r_four	r_six	r_four	r_six	r_four	r_six	r_four	r_six	r_four	r_six	r_four	
r_four	a	r_six	r_four	r_six	r_four	r_six	r_four	r_six	r_four	r_six	r_four	r_six	r_four	r_six	r_four	r_six	r_four	r_six	r_four	
r_four	r_six	a	r_four	r_six	r_four	r_six	r_four	r_six	r_four	r_six	r_four	r_six	r_four	r_six	r_four	r_six	r_four	r_six	r_four	
r_four	r_six	r_four	a	r_six	r_four	r_six	r_four	r_six	r_four	r_six	r_four	r_six	r_four	r_six	r_four	r_six	r_four	r_six	r_four	
r_four	r_six	r_four	r_six	a	r_four	r_six	r_four	r_six	r_four	r_six	r_four	r_six	r_four	r_six	r_four	r_six	r_four	r_six	r_four	
r_four	r_six	r_four	r_six	r_four	a	r_six	r_four	r_six	r_four	r_six	r_four	r_six	r_four	r_six	r_four	r_six	r_four	r_six	r_four	
r_four	r_six	r_four	r_six	r_four	r_six	a	r_four	r_six	r_four	r_six	r_four	r_six	r_four	r_six	r_four	r_six	r_four	r_six	r_four	
r_four	r_six	r_four	r_six	r_four	r_six	r_four	a	r_six	r_four	r_six	r_four	r_six	r_four	r_six	r_four	r_six	r_four	r_six	r_four	
r_four	r_six	r_four	r_six	r_four	r_six	r_four	r_six	a	r_four	r_six	r_four	r_six	r_four	r_six	r_four	r_six	r_four	r_six	r_four	
r_four	r_six	r_four	r_six	r_four	r_six	r_four	r_six	r_four	a	r_six	r_four	r_six	r_four	r_six	r_four	r_six	r_four	r_six	r_four	
r_four	r_six	r_four	r_six	r_four	r_six	r_four	r_six	r_four	r_six	a	r_four	r_six	r_four	r_six	r_four	r_six	r_four	r_six	r_four	
r_four	r_six	r_four	r_six	r_four	r_six	r_four	r_six	r_four	r_six	r_four	a	r_six	r_four	r_six	r_four	r_six	r_four	r_six	r_four	
r_four	r_six	r_four	r_six	r_four	r_six	r_four	r_six	r_four	r_six	r_four	r_six	a	r_four	r_six	r_four	r_six	r_four	r_six	r_four	
r_four	r_six	r_four	r_six	r_four	r_six	r_four	r_six	r_four	r_six	r_four	r_six	r_four	a	r_six	r_four	r_six	r_four	r_six	r_four	
r_four	r_six	r_four	r_six	r_four	r_six	r_four	r_six	r_four	r_six	r_four	r_six	r_four	r_six	a	r_four	r_six	r_four	r_six	r_four	
r_four	r_six	r_four	r_six	r_four	r_six	r_four	r_six	r_four	r_six	r_four	r_six	r_four	r_six	r_four	a	r_six	r_four	r_six	r_four	
r_four	r_six	r_four	r_six	r_four	r_six	r_four	r_six	r_four	r_six	r_four	r_six	r_four	r_six	r_four	r_six	a	r_four	r_six	r_four	
r_four	r_six	r_four	r_six	r_four	r_six	r_four	r_six	r_four	r_six	r_four	r_six	r_four	r_six	r_four	r_six	r_four	a	r_six	r_four	
r_four	r_six	r_four	r_six	r_four	r_six	r_four	r_six	r_four	r_six	r_four	r_six	r_four	r_six	r_four	r_six	r_four	r_six	a	r_four	
