(r,l,rl,g,ga,gbg,gd)
0:(50,2,0,50,0,0)
1:(50,2,1,50,0,0)
2:(50,2,2,50,0,0)
3:(50,2,3,50,0,0)
4:(50,2,2,49,1,1)
5:(50,2,2,49,0,1)
6:(51,2,2,49,0,1)
7:(50,2,3,49,0,1)
8:(50,2,4,49,0,1)
9:(50,2,5,49,0,1)
10:(51,2,5,49,0,1)
11:(52,2,5,49,0,1)
12:(53,2,5,49,0,1)
13:(54,2,5,49,0,1)
14:(55,2,5,49,0,1)
15:(56,2,5,49,0,1)
16:(55,2,6,49,0,1)
17:(55,2,5,48,1,2)
18:(55,2,4,47,2,3)
19:(55,2,4,47,1,3)
20:(55,2,4,47,0,3)
21:(56,2,4,47,0,3)
22:(57,2,4,47,0,3)
23:(58,2,4,47,0,3)
24:(59,2,4,47,0,3)
25:(60,2,4,47,0,3)
26:(60,2,5,47,0,3)
27:(60,2,4,46,1,4)
28:(60,2,4,46,0,4)
29:(61,2,4,46,0,4)
30:(62,2,4,46,0,4)
31:(61,2,5,46,0,4)
32:(61,2,4,45,1,5)
33:(61,2,4,45,0,5)
34:(61,2,5,45,0,5)
35:(62,2,5,45,0,5)
36:(63,2,5,45,0,5)
37:(63,2,6,45,0,5)
38:(64,2,6,45,0,5)
39:(64,2,5,44,1,6)
40:(64,2,5,44,0,6)
41:(64,2,4,43,1,7)
42:(65,2,4,43,1,7)
43:(66,2,4,43,1,7)
44:(65,2,5,43,1,7)
45:(65,2,5,43,0,7)
46:(65,2,6,43,0,7)
47:(64,2,7,43,0,7)
48:(64,2,6,42,1,8)
49:(64,2,6,42,0,8)
50:(64,2,5,41,1,9)
51:(64,2,4,40,2,10)
52:(65,2,4,40,2,10)
53:(66,2,3,40,2,10)
54:(66,2,2,39,3,11)
55:(67,2,2,39,3,11)
56:(68,2,2,39,3,11)
57:(67,2,3,39,3,11)
58:(66,2,4,39,3,11)
59:(66,2,4,39,2,11)
60:(66,2,4,39,1,11)
61:(66,2,5,39,1,11)
62:(67,2,5,39,1,11)
63:(67,2,4,38,2,12)
64:(67,2,5,38,2,12)
65:(67,2,6,38,2,12)
66:(67,2,6,38,1,12)
67:(68,2,6,38,1,12)
68:(69,2,6,38,1,12)
69:(70,2,6,38,1,12)
70:(70,2,7,38,1,12)
71:(70,2,7,38,0,12)
72:(71,2,7,38,0,12)
73:(72,2,7,38,0,12)
74:(73,2,7,38,0,12)
75:(74,2,7,38,0,12)
76:(75,2,7,38,0,12)
77:(75,2,6,37,1,13)
78:(75,2,7,37,1,13)
79:(75,2,7,37,0,13)
80:(75,2,8,37,0,13)
81:(75,2,9,37,0,13)
82:(75,2,10,37,0,13)
83:(76,2,10,37,0,13)
84:(77,2,10,37,0,13)
85:(78,2,10,37,0,13)
86:(78,2,9,36,1,14)
87:(78,2,9,36,0,14)
88:(77,2,10,36,0,14)
89:(77,2,11,36,0,14)
90:(77,2,10,35,1,15)
91:(77,2,11,35,1,15)
92:(77,2,12,35,1,15)
93:(77,2,13,35,1,15)
94:(77,2,14,35,1,15)
95:(77,2,14,35,0,15)
96:(77,2,15,35,0,15)
97:(77,2,15,36,0,14)
98:(78,2,15,36,0,14)
99:(79,2,15,36,0,14)
100:(80,2,15,36,0,14)
101:(81,2,14,36,0,14)
102:(82,2,14,36,0,14)
103:(82,2,15,36,0,14)
104:(83,2,15,36,0,14)
105:(82,2,16,36,0,14)
106:(83,2,16,36,0,14)
107:(83,2,17,36,0,14)
108:(84,2,17,36,0,14)
109:(84,2,18,36,0,14)
110:(84,2,17,35,1,15)
111:(83,2,17,35,1,15)
112:(82,2,18,35,1,15)
113:(83,2,18,35,1,15)
114:(83,2,17,34,2,16)
115:(83,2,17,34,1,16)
116:(83,2,18,34,1,16)
117:(84,2,18,34,1,16)
118:(83,2,19,34,1,16)
119:(83,2,18,33,2,17)
120:(82,2,19,33,2,17)
121:(81,2,20,33,2,17)
122:(81,2,20,33,1,17)
123:(81,2,19,32,2,18)
124:(81,2,18,31,3,19)
125:(80,2,19,31,3,19)
126:(80,2,18,30,4,20)
127:(79,2,18,30,4,20)
128:(78,2,19,30,4,20)
129:(77,2,20,30,4,20)
130:(77,2,21,30,4,20)
131:(77,2,22,30,4,20)
132:(77,2,23,30,4,20)
133:(77,2,22,29,5,21)
134:(76,2,23,29,5,21)
135:(75,2,24,29,5,21)
136:(75,2,25,29,5,21)
137:(75,2,26,29,5,21)
138:(76,2,26,29,5,21)
139:(77,2,26,29,5,21)
140:(78,2,26,29,5,21)
141:(79,2,26,29,5,21)
142:(79,2,27,29,5,21)
143:(80,2,27,29,5,21)
144:(81,2,27,29,5,21)
145:(81,2,28,29,5,21)
146:(81,2,29,29,5,21)
147:(81,2,30,29,5,21)
148:(81,2,29,28,6,22)
149:(81,2,30,28,6,22)
150:(80,2,31,28,6,22)
151:(79,2,32,28,6,22)
152:(79,2,33,28,6,22)
153:(79,2,34,28,6,22)
154:(79,2,35,28,6,22)
155:(78,2,36,28,6,22)
156:(77,2,37,28,6,22)
157:(76,2,38,28,6,22)
158:(75,2,39,28,6,22)
159:(74,2,40,28,6,22)
160:(74,2,39,27,7,23)
161:(74,2,38,26,8,24)
162:(74,2,37,25,9,25)
163:(74,2,36,24,10,26)
164:(74,2,35,23,11,27)
165:(74,2,34,22,12,28)
166:(74,2,33,21,13,29)
167:(74,2,32,20,14,30)
168:(74,2,31,19,15,31)
169:(74,2,30,18,16,32)
170:(74,2,29,17,17,33)
171:(74,2,28,16,18,34)
172:(74,2,27,15,19,35)
173:(74,2,26,14,20,36)
174:(74,2,25,13,21,37)
175:(74,2,24,12,22,38)
176:(74,2,23,11,23,39)
177:(74,2,22,10,24,40)
178:(74,2,21,9,25,41)
179:(74,2,20,8,26,42)
180:(74,2,19,7,27,43)
181:(74,2,18,6,28,44)
182:(74,2,17,5,29,45)
183:(74,2,16,4,30,46)
184:(74,2,15,3,31,47)
185:(74,2,14,2,32,48)
186:(74,2,13,1,33,49)
187:(74,2,12,0,34,50)
188:(51,2,0,50,0,0)
189:(51,2,1,50,0,0)
190:(51,2,2,50,0,0)
191:(51,2,3,50,0,0)
192:(51,2,2,49,1,1)
193:(51,2,2,49,0,1)
194:(52,2,2,49,0,1)
195:(51,2,3,49,0,1)
196:(51,2,4,49,0,1)
197:(51,2,5,49,0,1)
198:(52,2,5,49,0,1)
199:(53,2,5,49,0,1)
200:(54,2,5,49,0,1)
201:(55,2,5,49,0,1)
202:(56,2,5,49,0,1)
203:(57,2,5,49,0,1)
204:(56,2,6,49,0,1)
205:(56,2,5,48,1,2)
206:(56,2,4,47,2,3)
207:(56,2,4,47,1,3)
208:(56,2,4,47,0,3)
209:(57,2,4,47,0,3)
210:(58,2,4,47,0,3)
211:(59,2,4,47,0,3)
212:(60,2,4,47,0,3)
213:(61,2,4,47,0,3)
214:(61,2,5,47,0,3)
215:(61,2,4,46,1,4)
216:(61,2,4,46,0,4)
217:(62,2,4,46,0,4)
218:(63,2,4,46,0,4)
219:(62,2,5,46,0,4)
220:(62,2,4,45,1,5)
221:(62,2,4,45,0,5)
222:(62,2,5,45,0,5)
223:(63,2,5,45,0,5)
224:(64,2,5,45,0,5)
225:(64,2,6,45,0,5)
226:(65,2,6,45,0,5)
227:(65,2,5,44,1,6)
228:(65,2,5,44,0,6)
229:(65,2,4,43,1,7)
230:(66,2,4,43,1,7)
231:(67,2,4,43,1,7)
232:(66,2,5,43,1,7)
233:(66,2,5,43,0,7)
234:(66,2,6,43,0,7)
235:(65,2,7,43,0,7)
236:(65,2,6,42,1,8)
237:(65,2,6,42,0,8)
238:(65,2,5,41,1,9)
239:(65,2,4,40,2,10)
240:(66,2,4,40,2,10)
241:(67,2,3,40,2,10)
242:(67,2,2,39,3,11)
243:(68,2,2,39,3,11)
244:(69,2,2,39,3,11)
245:(68,2,3,39,3,11)
246:(67,2,4,39,3,11)
247:(67,2,4,39,2,11)
248:(67,2,4,39,1,11)
249:(67,2,5,39,1,11)
250:(68,2,5,39,1,11)
251:(68,2,4,38,2,12)
252:(68,2,5,38,2,12)
253:(68,2,6,38,2,12)
254:(68,2,6,38,1,12)
255:(69,2,6,38,1,12)
256:(70,2,6,38,1,12)
257:(71,2,6,38,1,12)
258:(71,2,7,38,1,12)
259:(71,2,7,38,0,12)
260:(72,2,7,38,0,12)
261:(73,2,7,38,0,12)
262:(74,2,7,38,0,12)
263:(75,2,7,38,0,12)
264:(76,2,7,38,0,12)
265:(76,2,6,37,1,13)
266:(76,2,7,37,1,13)
267:(76,2,7,37,0,13)
268:(76,2,8,37,0,13)
269:(76,2,9,37,0,13)
270:(76,2,10,37,0,13)
271:(77,2,10,37,0,13)
272:(78,2,10,37,0,13)
273:(79,2,10,37,0,13)
274:(79,2,9,36,1,14)
275:(79,2,9,36,0,14)
276:(78,2,10,36,0,14)
277:(78,2,11,36,0,14)
278:(78,2,10,35,1,15)
279:(78,2,11,35,1,15)
280:(78,2,12,35,1,15)
281:(78,2,13,35,1,15)
282:(78,2,14,35,1,15)
283:(78,2,14,35,0,15)
284:(78,2,15,35,0,15)
285:(78,2,15,36,0,14)
286:(79,2,15,36,0,14)
287:(80,2,15,36,0,14)
288:(81,2,15,36,0,14)
289:(82,2,14,36,0,14)
290:(83,2,14,36,0,14)
291:(83,2,15,36,0,14)
292:(84,2,15,36,0,14)
293:(83,2,16,36,0,14)
294:(84,2,16,36,0,14)
295:(84,2,17,36,0,14)
296:(85,2,17,36,0,14)
297:(85,2,18,36,0,14)
298:(85,2,17,35,1,15)
299:(84,2,17,35,1,15)
300:(83,2,18,35,1,15)
301:(84,2,18,35,1,15)
302:(84,2,17,34,2,16)
303:(84,2,17,34,1,16)
304:(84,2,18,34,1,16)
305:(85,2,18,34,1,16)
306:(84,2,19,34,1,16)
307:(84,2,18,33,2,17)
308:(83,2,19,33,2,17)
309:(82,2,20,33,2,17)
310:(82,2,20,33,1,17)
311:(82,2,19,32,2,18)
312:(82,2,18,31,3,19)
313:(81,2,19,31,3,19)
314:(81,2,18,30,4,20)
315:(80,2,18,30,4,20)
316:(79,2,19,30,4,20)
317:(78,2,20,30,4,20)
318:(78,2,21,30,4,20)
319:(78,2,22,30,4,20)
320:(78,2,23,30,4,20)
321:(78,2,22,29,5,21)
322:(77,2,23,29,5,21)
323:(76,2,24,29,5,21)
324:(76,2,25,29,5,21)
325:(76,2,26,29,5,21)
326:(77,2,26,29,5,21)
327:(78,2,26,29,5,21)
328:(79,2,26,29,5,21)
329:(80,2,26,29,5,21)
330:(80,2,27,29,5,21)
331:(81,2,27,29,5,21)
332:(82,2,27,29,5,21)
333:(82,2,28,29,5,21)
334:(82,2,29,29,5,21)
335:(82,2,30,29,5,21)
336:(82,2,29,28,6,22)
337:(82,2,30,28,6,22)
338:(81,2,31,28,6,22)
339:(80,2,32,28,6,22)
340:(80,2,33,28,6,22)
341:(80,2,34,28,6,22)
342:(80,2,35,28,6,22)
343:(79,2,36,28,6,22)
344:(78,2,37,28,6,22)
345:(77,2,38,28,6,22)
346:(76,2,39,28,6,22)
347:(75,2,40,28,6,22)
348:(75,2,39,27,7,23)
349:(75,2,38,26,8,24)
350:(75,2,37,25,9,25)
351:(75,2,36,24,10,26)
352:(75,2,35,23,11,27)
353:(75,2,34,22,12,28)
354:(75,2,33,21,13,29)
355:(75,2,32,20,14,30)
356:(75,2,31,19,15,31)
357:(75,2,30,18,16,32)
358:(75,2,29,17,17,33)
359:(75,2,28,16,18,34)
360:(75,2,27,15,19,35)
361:(75,2,26,14,20,36)
362:(75,2,25,13,21,37)
363:(75,2,24,12,22,38)
364:(75,2,23,11,23,39)
365:(75,2,22,10,24,40)
366:(75,2,21,9,25,41)
367:(75,2,20,8,26,42)
368:(75,2,19,7,27,43)
369:(75,2,18,6,28,44)
370:(75,2,17,5,29,45)
371:(75,2,16,4,30,46)
372:(75,2,15,3,31,47)
373:(75,2,14,2,32,48)
374:(75,2,13,1,33,49)
375:(75,2,12,0,34,50)
376:(-1,-1,-1,-1,-1,-1)
