(r,l,rl,g,ga,gbg,gd)
0:(-1,-1,-1,-1,-1,-1,-1)
1:(50,2,0,50,0,0,0)
2:(50,2,1,50,0,0,0)
3:(50,2,2,49,0,1,1)
4:(50,2,2,49,1,1,0)
5:(50,2,2,50,0,0,0)
6:(50,2,3,49,0,1,1)
7:(50,2,3,50,0,0,0)
8:(50,2,4,49,0,1,1)
9:(50,2,5,49,0,1,1)
10:(51,2,0,50,0,0,0)
11:(51,2,1,50,0,0,0)
12:(51,2,2,49,0,1,1)
13:(51,2,2,49,1,1,0)
14:(51,2,2,50,0,0,0)
15:(51,2,3,49,0,1,1)
16:(51,2,3,50,0,0,0)
17:(51,2,4,49,0,1,1)
18:(51,2,5,49,0,1,1)
19:(52,2,2,49,0,1,1)
20:(52,2,5,49,0,1,1)
21:(53,2,5,49,0,1,1)
22:(54,2,5,49,0,1,1)
23:(55,2,4,47,0,3,3)
24:(55,2,4,47,1,3,2)
25:(55,2,4,47,2,3,1)
26:(55,2,5,48,1,2,1)
27:(55,2,5,49,0,1,1)
28:(55,2,6,49,0,1,1)
29:(56,2,4,47,0,3,3)
30:(56,2,4,47,1,3,2)
31:(56,2,4,47,2,3,1)
32:(56,2,5,48,1,2,1)
33:(56,2,5,49,0,1,1)
34:(56,2,6,49,0,1,1)
35:(57,2,4,47,0,3,3)
36:(57,2,5,49,0,1,1)
37:(58,2,4,47,0,3,3)
38:(59,2,4,47,0,3,3)
39:(60,2,4,46,0,4,4)
40:(60,2,4,46,1,4,3)
41:(60,2,4,47,0,3,3)
42:(60,2,5,47,0,3,3)
43:(61,2,4,45,0,5,5)
44:(61,2,4,45,1,5,4)
45:(61,2,4,46,0,4,4)
46:(61,2,4,46,1,4,3)
47:(61,2,4,47,0,3,3)
48:(61,2,5,45,0,5,5)
49:(61,2,5,46,0,4,4)
50:(61,2,5,47,0,3,3)
51:(62,2,4,45,0,5,5)
52:(62,2,4,45,1,5,4)
53:(62,2,4,46,0,4,4)
54:(62,2,5,45,0,5,5)
55:(62,2,5,46,0,4,4)
56:(63,2,4,46,0,4,4)
57:(63,2,5,45,0,5,5)
58:(63,2,6,45,0,5,5)
59:(64,2,4,40,2,10,8)
60:(64,2,4,43,1,7,6)
61:(64,2,5,41,1,9,8)
62:(64,2,5,44,0,6,6)
63:(64,2,5,44,1,6,5)
64:(64,2,5,45,0,5,5)
65:(64,2,6,42,0,8,8)
66:(64,2,6,42,1,8,7)
67:(64,2,6,45,0,5,5)
68:(64,2,7,43,0,7,7)
69:(65,2,4,40,2,10,8)
70:(65,2,4,43,1,7,6)
71:(65,2,5,41,1,9,8)
72:(65,2,5,43,0,7,7)
73:(65,2,5,43,1,7,6)
74:(65,2,5,44,0,6,6)
75:(65,2,5,44,1,6,5)
76:(65,2,6,42,0,8,8)
77:(65,2,6,42,1,8,7)
78:(65,2,6,43,0,7,7)
79:(65,2,6,45,0,5,5)
80:(65,2,7,43,0,7,7)
81:(66,2,2,39,3,11,8)
82:(66,2,3,40,2,10,8)
83:(66,2,4,39,1,11,10)
84:(66,2,4,39,2,11,9)
85:(66,2,4,39,3,11,8)
86:(66,2,4,40,2,10,8)
87:(66,2,4,43,1,7,6)
88:(66,2,5,39,1,11,10)
89:(66,2,5,43,0,7,7)
90:(66,2,5,43,1,7,6)
91:(66,2,6,43,0,7,7)
92:(67,2,2,39,3,11,8)
93:(67,2,3,39,3,11,8)
94:(67,2,3,40,2,10,8)
95:(67,2,4,38,2,12,10)
96:(67,2,4,39,1,11,10)
97:(67,2,4,39,2,11,9)
98:(67,2,4,39,3,11,8)
99:(67,2,4,43,1,7,6)
100:(67,2,5,38,2,12,10)
101:(67,2,5,39,1,11,10)
102:(67,2,6,38,1,12,11)
103:(67,2,6,38,2,12,10)
104:(68,2,2,39,3,11,8)
105:(68,2,3,39,3,11,8)
106:(68,2,4,38,2,12,10)
107:(68,2,5,38,2,12,10)
108:(68,2,5,39,1,11,10)
109:(68,2,6,38,1,12,11)
110:(68,2,6,38,2,12,10)
111:(69,2,2,39,3,11,8)
112:(69,2,6,38,1,12,11)
113:(70,2,6,38,1,12,11)
114:(70,2,7,38,0,12,12)
115:(70,2,7,38,1,12,11)
116:(71,2,6,38,1,12,11)
117:(71,2,7,38,0,12,12)
118:(71,2,7,38,1,12,11)
119:(72,2,7,38,0,12,12)
120:(73,2,7,38,0,12,12)
121:(74,2,7,38,0,12,12)
122:(74,2,12,0,34,50,16)
123:(74,2,13,1,33,49,16)
124:(74,2,14,2,32,48,16)
125:(74,2,15,3,31,47,16)
126:(74,2,16,4,30,46,16)
127:(74,2,17,5,29,45,16)
128:(74,2,18,6,28,44,16)
129:(74,2,19,7,27,43,16)
130:(74,2,20,8,26,42,16)
131:(74,2,21,9,25,41,16)
132:(74,2,22,10,24,40,16)
133:(74,2,23,11,23,39,16)
134:(74,2,24,12,22,38,16)
135:(74,2,25,13,21,37,16)
136:(74,2,26,14,20,36,16)
137:(74,2,27,15,19,35,16)
138:(74,2,28,16,18,34,16)
139:(74,2,29,17,17,33,16)
140:(74,2,30,18,16,32,16)
141:(74,2,31,19,15,31,16)
142:(74,2,32,20,14,30,16)
143:(74,2,33,21,13,29,16)
144:(74,2,34,22,12,28,16)
145:(74,2,35,23,11,27,16)
146:(74,2,36,24,10,26,16)
147:(74,2,37,25,9,25,16)
148:(74,2,38,26,8,24,16)
149:(74,2,39,27,7,23,16)
150:(74,2,40,28,6,22,16)
151:(75,2,6,37,1,13,12)
152:(75,2,7,37,0,13,13)
153:(75,2,7,37,1,13,12)
154:(75,2,7,38,0,12,12)
155:(75,2,8,37,0,13,13)
156:(75,2,9,37,0,13,13)
157:(75,2,10,37,0,13,13)
158:(75,2,12,0,34,50,16)
159:(75,2,13,1,33,49,16)
160:(75,2,14,2,32,48,16)
161:(75,2,15,3,31,47,16)
162:(75,2,16,4,30,46,16)
163:(75,2,17,5,29,45,16)
164:(75,2,18,6,28,44,16)
165:(75,2,19,7,27,43,16)
166:(75,2,20,8,26,42,16)
167:(75,2,21,9,25,41,16)
168:(75,2,22,10,24,40,16)
169:(75,2,23,11,23,39,16)
170:(75,2,24,12,22,38,16)
171:(75,2,24,29,5,21,16)
172:(75,2,25,13,21,37,16)
173:(75,2,25,29,5,21,16)
174:(75,2,26,14,20,36,16)
175:(75,2,26,29,5,21,16)
176:(75,2,27,15,19,35,16)
177:(75,2,28,16,18,34,16)
178:(75,2,29,17,17,33,16)
179:(75,2,30,18,16,32,16)
180:(75,2,31,19,15,31,16)
181:(75,2,32,20,14,30,16)
182:(75,2,33,21,13,29,16)
183:(75,2,34,22,12,28,16)
184:(75,2,35,23,11,27,16)
185:(75,2,36,24,10,26,16)
186:(75,2,37,25,9,25,16)
187:(75,2,38,26,8,24,16)
188:(75,2,39,27,7,23,16)
189:(75,2,39,28,6,22,16)
190:(75,2,40,28,6,22,16)
191:(76,2,6,37,1,13,12)
192:(76,2,7,37,0,13,13)
193:(76,2,7,37,1,13,12)
194:(76,2,7,38,0,12,12)
195:(76,2,8,37,0,13,13)
196:(76,2,9,37,0,13,13)
197:(76,2,10,37,0,13,13)
198:(76,2,23,29,5,21,16)
199:(76,2,24,29,5,21,16)
200:(76,2,25,29,5,21,16)
201:(76,2,26,29,5,21,16)
202:(76,2,38,28,6,22,16)
203:(76,2,39,28,6,22,16)
204:(77,2,10,35,1,15,14)
205:(77,2,10,36,0,14,14)
206:(77,2,10,37,0,13,13)
207:(77,2,11,35,1,15,14)
208:(77,2,11,36,0,14,14)
209:(77,2,12,35,1,15,14)
210:(77,2,13,35,1,15,14)
211:(77,2,14,35,0,15,15)
212:(77,2,14,35,1,15,14)
213:(77,2,15,35,0,15,15)
214:(77,2,15,36,0,14,14)
215:(77,2,20,30,4,20,16)
216:(77,2,21,30,4,20,16)
217:(77,2,22,29,5,21,16)
218:(77,2,22,30,4,20,16)
219:(77,2,23,29,5,21,16)
220:(77,2,23,30,4,20,16)
221:(77,2,26,29,5,21,16)
222:(77,2,37,28,6,22,16)
223:(77,2,38,28,6,22,16)
224:(78,2,9,36,0,14,14)
225:(78,2,9,36,1,14,13)
226:(78,2,10,35,1,15,14)
227:(78,2,10,36,0,14,14)
228:(78,2,10,37,0,13,13)
229:(78,2,11,35,1,15,14)
230:(78,2,11,36,0,14,14)
231:(78,2,12,35,1,15,14)
232:(78,2,13,35,1,15,14)
233:(78,2,14,35,0,15,15)
234:(78,2,14,35,1,15,14)
235:(78,2,15,35,0,15,15)
236:(78,2,15,36,0,14,14)
237:(78,2,19,30,4,20,16)
238:(78,2,20,30,4,20,16)
239:(78,2,21,30,4,20,16)
240:(78,2,22,29,5,21,16)
241:(78,2,22,30,4,20,16)
242:(78,2,23,30,4,20,16)
243:(78,2,26,29,5,21,16)
244:(78,2,36,28,6,22,16)
245:(78,2,37,28,6,22,16)
246:(79,2,9,36,0,14,14)
247:(79,2,9,36,1,14,13)
248:(79,2,10,37,0,13,13)
249:(79,2,15,36,0,14,14)
250:(79,2,18,30,4,20,16)
251:(79,2,19,30,4,20,16)
252:(79,2,26,29,5,21,16)
253:(79,2,27,29,5,21,16)
254:(79,2,32,28,6,22,16)
255:(79,2,33,28,6,22,16)
256:(79,2,34,28,6,22,16)
257:(79,2,35,28,6,22,16)
258:(79,2,36,28,6,22,16)
259:(80,2,15,36,0,14,14)
260:(80,2,18,30,4,20,16)
261:(80,2,19,31,3,19,16)
262:(80,2,26,29,5,21,16)
263:(80,2,27,29,5,21,16)
264:(80,2,31,28,6,22,16)
265:(80,2,32,28,6,22,16)
266:(80,2,33,28,6,22,16)
267:(80,2,34,28,6,22,16)
268:(80,2,35,28,6,22,16)
269:(81,2,14,36,0,14,14)
270:(81,2,15,36,0,14,14)
271:(81,2,18,30,4,20,16)
272:(81,2,18,31,3,19,16)
273:(81,2,19,31,3,19,16)
274:(81,2,19,32,2,18,16)
275:(81,2,20,33,1,17,16)
276:(81,2,20,33,2,17,15)
277:(81,2,27,29,5,21,16)
278:(81,2,28,29,5,21,16)
279:(81,2,29,28,6,22,16)
280:(81,2,29,29,5,21,16)
281:(81,2,30,28,6,22,16)
282:(81,2,30,29,5,21,16)
283:(81,2,31,28,6,22,16)
284:(82,2,14,36,0,14,14)
285:(82,2,15,36,0,14,14)
286:(82,2,16,36,0,14,14)
287:(82,2,18,31,3,19,16)
288:(82,2,18,35,1,15,14)
289:(82,2,19,32,2,18,16)
290:(82,2,19,33,2,17,15)
291:(82,2,20,33,1,17,16)
292:(82,2,20,33,2,17,15)
293:(82,2,27,29,5,21,16)
294:(82,2,28,29,5,21,16)
295:(82,2,29,28,6,22,16)
296:(82,2,29,29,5,21,16)
297:(82,2,30,28,6,22,16)
298:(82,2,30,29,5,21,16)
299:(83,2,14,36,0,14,14)
300:(83,2,15,36,0,14,14)
301:(83,2,16,36,0,14,14)
302:(83,2,17,34,1,16,15)
303:(83,2,17,34,2,16,14)
304:(83,2,17,35,1,15,14)
305:(83,2,17,36,0,14,14)
306:(83,2,18,33,2,17,15)
307:(83,2,18,34,1,16,15)
308:(83,2,18,35,1,15,14)
309:(83,2,19,33,2,17,15)
310:(83,2,19,34,1,16,15)
311:(84,2,15,36,0,14,14)
312:(84,2,16,36,0,14,14)
313:(84,2,17,34,1,16,15)
314:(84,2,17,34,2,16,14)
315:(84,2,17,35,1,15,14)
316:(84,2,17,36,0,14,14)
317:(84,2,18,33,2,17,15)
318:(84,2,18,34,1,16,15)
319:(84,2,18,35,1,15,14)
320:(84,2,18,36,0,14,14)
321:(84,2,19,34,1,16,15)
322:(85,2,17,35,1,15,14)
323:(85,2,17,36,0,14,14)
324:(85,2,18,34,1,16,15)
325:(85,2,18,36,0,14,14)
