(R_,L,RL,G_,G_a,G_bg,G_d)
0:(50,2,0,50,0,0,0)
1:(50,2,1,50,0,0,0)
2:(50,2,2,50,0,0,0)
3:(50,2,3,50,0,0,0)
4:(50,2,4,50,0,0,0)
5:(50,2,5,50,0,0,0)
6:(50,2,6,50,0,0,0)
7:(50,2,7,50,0,0,0)
8:(50,2,8,50,0,0,0)
9:(50,2,9,50,0,0,0)
10:(50,2,10,50,0,0,0)
11:(50,2,11,50,0,0,0)
12:(50,2,12,50,0,0,0)
13:(50,2,13,50,0,0,0)
14:(50,2,14,50,0,0,0)
15:(50,2,15,50,0,0,0)
16:(50,2,16,50,0,0,0)
17:(50,2,17,50,0,0,0)
18:(50,2,18,50,0,0,0)
19:(50,2,19,50,0,0,0)
20:(50,2,20,50,0,0,0)
21:(50,2,21,50,0,0,0)
22:(50,2,22,50,0,0,0)
23:(50,2,23,50,0,0,0)
24:(50,2,24,50,0,0,0)
25:(50,2,23,49,1,1,0)
26:(50,2,22,48,2,2,0)
27:(50,2,23,48,2,2,0)
28:(50,2,22,47,3,3,0)
29:(50,2,23,47,3,3,0)
30:(50,2,24,47,3,3,0)
31:(49,2,6,10,40,40,0)
32:(48,2,7,10,40,40,0)
33:(48,2,6,9,41,41,0)
34:(48,2,5,8,42,42,0)
35:(48,2,6,8,42,42,0)
36:(48,2,5,7,43,43,0)
37:(48,2,4,6,44,44,0)
38:(48,2,3,5,45,45,0)
39:(47,2,4,5,45,45,0)
40:(47,2,3,4,46,46,0)
41:(47,2,2,3,47,47,0)
42:(47,2,1,2,48,48,0)
43:(47,2,0,1,49,49,0)
44:(46,2,1,1,49,49,0)
45:(46,2,0,0,50,50,0)
46:(47,2,0,0,50,50,0)
47:(45,2,0,0,50,50,0)
48:(45,2,1,0,50,50,0)
49:(46,2,1,0,50,50,0)
50:(47,2,1,1,49,49,0)
51:(45,2,1,1,49,49,0)
52:(45,2,2,1,49,49,0)
53:(46,2,2,1,49,49,0)
54:(48,2,0,1,49,49,0)
55:(46,2,0,1,49,49,0)
56:(46,2,1,1,49,49,0)
57:(48,2,1,2,48,48,0)
58:(46,2,1,2,48,48,0)
59:(46,2,2,2,48,48,0)
60:(47,2,2,2,48,48,0)
61:(48,2,2,3,47,47,0)
62:(46,2,2,3,47,47,0)
63:(46,2,3,3,47,47,0)
64:(47,2,3,3,47,47,0)
65:(48,2,3,4,46,46,0)
66:(46,2,3,4,46,46,0)
67:(46,2,4,4,46,46,0)
68:(47,2,4,4,46,46,0)
69:(48,2,4,5,45,45,0)
70:(46,2,4,5,45,45,0)
71:(46,2,5,5,45,45,0)
72:(47,2,5,5,45,45,0)
73:(49,2,3,5,45,45,0)
74:(47,2,3,5,45,45,0)
75:(47,2,4,5,45,45,0)
76:(49,2,4,6,44,44,0)
77:(47,2,4,6,44,44,0)
78:(47,2,5,6,44,44,0)
79:(48,2,5,6,44,44,0)
80:(49,2,5,7,43,43,0)
81:(47,2,5,7,43,43,0)
82:(47,2,6,7,43,43,0)
83:(48,2,6,7,43,43,0)
84:(49,2,6,8,42,42,0)
85:(47,2,6,8,42,42,0)
86:(47,2,7,8,42,42,0)
87:(48,2,7,8,42,42,0)
88:(49,2,5,8,42,42,0)
89:(47,2,5,8,42,42,0)
90:(49,2,6,9,41,41,0)
91:(47,2,6,9,41,41,0)
92:(47,2,7,9,41,41,0)
93:(48,2,7,9,41,41,0)
94:(49,2,7,10,40,40,0)
95:(47,2,7,10,40,40,0)
96:(47,2,8,10,40,40,0)
97:(48,2,8,10,40,40,0)
98:(48,2,6,10,40,40,0)
99:(48,2,7,10,40,40,0)
100:(51,2,5,10,40,40,0)
101:(49,2,5,10,40,40,0)
102:(49,2,6,10,40,40,0)
103:(51,2,6,11,39,39,0)
104:(49,2,6,11,39,39,0)
105:(49,2,7,11,39,39,0)
106:(51,2,5,11,39,39,0)
107:(49,2,5,11,39,39,0)
108:(51,2,6,12,38,38,0)
109:(49,2,6,12,38,38,0)
110:(49,2,7,12,38,38,0)
111:(51,2,7,13,37,37,0)
112:(49,2,7,13,37,37,0)
113:(49,2,8,13,37,37,0)
114:(51,2,8,14,36,36,0)
115:(49,2,8,14,36,36,0)
116:(49,2,9,14,36,36,0)
117:(51,2,7,14,36,36,0)
118:(49,2,7,14,36,36,0)
119:(51,2,8,15,35,35,0)
120:(49,2,8,15,35,35,0)
121:(49,2,9,15,35,35,0)
122:(51,2,9,16,34,34,0)
123:(49,2,9,16,34,34,0)
124:(49,2,10,16,34,34,0)
125:(51,2,10,17,33,33,0)
126:(49,2,10,17,33,33,0)
127:(49,2,11,17,33,33,0)
128:(51,2,11,18,32,32,0)
129:(49,2,11,18,32,32,0)
130:(49,2,12,18,32,32,0)
131:(51,2,12,19,31,31,0)
132:(49,2,12,19,31,31,0)
133:(49,2,13,19,31,31,0)
134:(51,2,11,19,31,31,0)
135:(51,2,12,20,30,30,0)
136:(51,2,11,20,30,30,0)
137:(51,2,12,21,29,29,0)
138:(51,2,13,22,28,28,0)
139:(49,2,14,22,28,28,0)
140:(51,2,12,22,28,28,0)
141:(51,2,13,23,27,27,0)
142:(51,2,12,23,27,27,0)
143:(51,2,11,23,27,27,0)
144:(51,2,12,24,26,26,0)
145:(51,2,13,25,25,25,0)
146:(51,2,12,25,25,25,0)
147:(51,2,13,26,24,24,0)
148:(51,2,12,26,24,24,0)
149:(51,2,13,27,23,23,0)
150:(51,2,12,27,23,23,0)
151:(51,2,13,28,22,22,0)
152:(51,2,14,29,21,21,0)
153:(49,2,15,29,21,21,0)
154:(51,2,15,30,20,20,0)
155:(50,2,25,47,3,3,0)
156:(50,2,24,50,0,0,0)
157:(50,2,23,50,0,0,0)
158:(50,2,22,50,0,0,0)
159:(50,2,21,50,0,0,0)
160:(50,2,20,50,0,0,0)
161:(50,2,19,50,0,0,0)
162:(50,2,18,50,0,0,0)
163:(50,2,17,50,0,0,0)
164:(50,2,16,50,0,0,0)
165:(50,2,15,50,0,0,0)
166:(50,2,14,50,0,0,0)
167:(50,2,13,50,0,0,0)
168:(50,2,12,50,0,0,0)
169:(50,2,11,50,0,0,0)
170:(50,2,10,50,0,0,0)
171:(50,2,9,50,0,0,0)
172:(50,2,8,50,0,0,0)
173:(50,2,7,50,0,0,0)
174:(50,2,6,50,0,0,0)
175:(50,2,5,50,0,0,0)
176:(50,2,4,50,0,0,0)
177:(50,2,3,50,0,0,0)
178:(50,2,2,50,0,0,0)
179:(50,2,1,50,0,0,0)
180:(51,2,14,29,21,21,0)
181:(51,2,13,22,28,28,0)
182:(51,2,5,10,40,40,0)
183:(48,2,1,1,49,49,0)
184:(46,2,1,1,49,49,0)
185:(47,2,2,1,49,49,0)
186:(47,2,0,1,49,49,0)
187:(47,2,1,2,48,48,0)
188:(48,2,2,2,48,48,0)
189:(47,2,2,3,47,47,0)
190:(48,2,3,3,47,47,0)
191:(47,2,3,4,46,46,0)
192:(48,2,4,4,46,46,0)
193:(47,2,4,5,45,45,0)
194:(48,2,5,5,45,45,0)
195:(48,2,3,5,45,45,0)
196:(48,2,4,6,44,44,0)
197:(48,2,5,8,42,42,0)
198:(48,2,6,9,41,41,0)
199:(48,2,7,10,40,40,0)
200:(49,2,6,10,40,40,0)
201:(52,2,5,10,40,40,0)
202:(52,2,6,11,39,39,0)
203:(52,2,5,11,39,39,0)
204:(52,2,6,12,38,38,0)
205:(52,2,7,13,37,37,0)
206:(52,2,8,14,36,36,0)
207:(52,2,7,14,36,36,0)
208:(52,2,8,15,35,35,0)
209:(52,2,9,16,34,34,0)
210:(52,2,10,17,33,33,0)
211:(52,2,11,18,32,32,0)
212:(52,2,12,19,31,31,0)
213:(52,2,11,19,31,31,0)
214:(52,2,12,20,30,30,0)
215:(52,2,11,20,30,30,0)
216:(52,2,12,21,29,29,0)
217:(52,2,13,22,28,28,0)
218:(52,2,12,22,28,28,0)
219:(51,2,13,22,28,28,0)
220:(52,2,13,23,27,27,0)
221:(52,2,12,23,27,27,0)
222:(52,2,11,23,27,27,0)
223:(52,2,12,24,26,26,0)
224:(52,2,13,25,25,25,0)
225:(52,2,12,25,25,25,0)
226:(52,2,13,26,24,24,0)
227:(52,2,12,26,24,24,0)
228:(52,2,13,27,23,23,0)
229:(52,2,12,27,23,23,0)
230:(52,2,13,28,22,22,0)
231:(52,2,14,29,21,21,0)
232:(52,2,15,30,20,20,0)
233:(50,2,24,50,0,0,0)
234:(50,2,23,50,0,0,0)
235:(50,2,24,50,0,0,0)
236:(50,2,22,50,0,0,0)
237:(50,2,23,50,0,0,0)
238:(50,2,21,50,0,0,0)
239:(50,2,22,50,0,0,0)
240:(50,2,20,50,0,0,0)
241:(50,2,21,50,0,0,0)
242:(50,2,19,50,0,0,0)
243:(50,2,20,50,0,0,0)
244:(50,2,18,50,0,0,0)
245:(50,2,19,50,0,0,0)
246:(50,2,17,50,0,0,0)
247:(50,2,18,50,0,0,0)
248:(50,2,16,50,0,0,0)
249:(50,2,17,50,0,0,0)
250:(50,2,15,50,0,0,0)
251:(50,2,16,50,0,0,0)
252:(50,2,14,50,0,0,0)
253:(50,2,15,50,0,0,0)
254:(50,2,13,50,0,0,0)
255:(50,2,14,50,0,0,0)
256:(50,2,12,50,0,0,0)
257:(50,2,13,50,0,0,0)
258:(50,2,11,50,0,0,0)
259:(50,2,12,50,0,0,0)
260:(50,2,10,50,0,0,0)
261:(50,2,11,50,0,0,0)
262:(50,2,9,50,0,0,0)
263:(50,2,10,50,0,0,0)
264:(50,2,8,50,0,0,0)
265:(50,2,9,50,0,0,0)
266:(50,2,7,50,0,0,0)
267:(50,2,8,50,0,0,0)
268:(50,2,6,50,0,0,0)
269:(50,2,7,50,0,0,0)
270:(50,2,5,50,0,0,0)
271:(50,2,6,50,0,0,0)
272:(50,2,4,50,0,0,0)
273:(50,2,5,50,0,0,0)
274:(50,2,3,50,0,0,0)
275:(50,2,4,50,0,0,0)
276:(50,2,2,50,0,0,0)
277:(50,2,3,50,0,0,0)
278:(50,2,1,50,0,0,0)
279:(50,2,2,50,0,0,0)
280:(50,2,0,50,0,0,0)
281:(50,2,1,50,0,0,0)
282:(50,2,1,50,0,0,0)
283:(52,2,15,32,18,18,0)
284:(52,2,15,31,19,19,0)
285:(52,2,15,30,20,20,0)
286:(52,2,14,29,21,21,0)
287:(52,2,13,22,28,28,0)
288:(52,2,12,19,31,31,0)
289:(52,2,11,18,32,32,0)
290:(52,2,10,17,33,33,0)
291:(52,2,9,16,34,34,0)
292:(52,2,8,14,36,36,0)
293:(52,2,7,13,37,37,0)
294:(52,2,6,11,39,39,0)
295:(52,2,5,10,40,40,0)
296:(48,2,0,0,50,50,0)
297:(53,2,5,10,40,40,0)
298:(51,2,5,10,40,40,0)
299:(53,2,6,11,39,39,0)
300:(53,2,5,11,39,39,0)
301:(52,2,6,11,39,39,0)
302:(53,2,6,12,38,38,0)
303:(53,2,7,13,37,37,0)
304:(53,2,8,14,36,36,0)
305:(53,2,7,14,36,36,0)
306:(52,2,8,14,36,36,0)
307:(53,2,8,15,35,35,0)
308:(53,2,9,16,34,34,0)
309:(53,2,10,17,33,33,0)
310:(53,2,11,18,32,32,0)
311:(53,2,12,19,31,31,0)
312:(53,2,11,19,31,31,0)
313:(52,2,12,19,31,31,0)
314:(53,2,12,20,30,30,0)
315:(53,2,11,20,30,30,0)
316:(53,2,12,21,29,29,0)
317:(53,2,13,22,28,28,0)
318:(51,2,13,22,28,28,0)
319:(53,2,12,22,28,28,0)
320:(51,2,13,22,28,28,0)
321:(52,2,13,22,28,28,0)
322:(53,2,13,23,27,27,0)
323:(53,2,12,23,27,27,0)
324:(53,2,11,23,27,27,0)
325:(53,2,12,24,26,26,0)
326:(53,2,13,25,25,25,0)
327:(53,2,12,25,25,25,0)
328:(53,2,13,26,24,24,0)
329:(53,2,12,26,24,24,0)
330:(53,2,13,27,23,23,0)
331:(53,2,12,27,23,23,0)
332:(53,2,13,28,22,22,0)
333:(53,2,14,29,21,21,0)
334:(51,2,14,29,21,21,0)
335:(53,2,15,30,20,20,0)
336:(52,2,15,30,20,20,0)
337:(52,2,15,31,19,19,0)
338:(50,2,0,50,0,0,0)
339:(50,2,1,50,0,0,0)
340:(50,2,1,50,0,0,0)
341:(50,2,0,50,0,0,0)
342:(50,2,1,50,0,0,0)
343:(50,2,2,50,0,0,0)
344:(50,2,3,50,0,0,0)
345:(50,2,4,50,0,0,0)
346:(50,2,5,50,0,0,0)
347:(50,2,6,50,0,0,0)
348:(50,2,7,50,0,0,0)
349:(50,2,8,50,0,0,0)
350:(50,2,9,50,0,0,0)
351:(50,2,10,50,0,0,0)
352:(50,2,11,50,0,0,0)
353:(50,2,12,50,0,0,0)
354:(50,2,13,50,0,0,0)
355:(50,2,14,50,0,0,0)
356:(50,2,15,50,0,0,0)
357:(50,2,16,50,0,0,0)
358:(50,2,17,50,0,0,0)
359:(50,2,18,50,0,0,0)
360:(50,2,19,50,0,0,0)
361:(50,2,20,50,0,0,0)
362:(50,2,21,50,0,0,0)
363:(50,2,22,50,0,0,0)
364:(50,2,23,50,0,0,0)
365:(50,2,24,50,0,0,0)
366:(49,2,6,10,40,40,0)
367:(48,2,7,10,40,40,0)
368:(48,2,6,9,41,41,0)
369:(48,2,5,8,42,42,0)
370:(48,2,4,6,44,44,0)
371:(48,2,3,5,45,45,0)
372:(47,2,4,5,45,45,0)
373:(47,2,3,4,46,46,0)
374:(47,2,2,3,47,47,0)
375:(47,2,1,2,48,48,0)
376:(47,2,0,1,49,49,0)
377:(46,2,1,1,49,49,0)
378:(46,2,0,0,50,50,0)
379:(46,2,1,1,49,49,0)
380:(46,2,2,2,48,48,0)
381:(46,2,3,3,47,47,0)
382:(46,2,4,4,46,46,0)
383:(46,2,5,5,45,45,0)
384:(47,2,4,5,45,45,0)
385:(47,2,5,6,44,44,0)
386:(47,2,6,7,43,43,0)
387:(47,2,7,8,42,42,0)
388:(47,2,7,9,41,41,0)
389:(47,2,8,10,40,40,0)
390:(48,2,7,10,40,40,0)
391:(51,2,5,10,40,40,0)
392:(49,2,6,10,40,40,0)
393:(49,2,7,11,39,39,0)
394:(49,2,7,12,38,38,0)
395:(49,2,8,13,37,37,0)
396:(49,2,9,14,36,36,0)
397:(49,2,9,15,35,35,0)
398:(49,2,10,16,34,34,0)
399:(49,2,11,17,33,33,0)
400:(49,2,12,18,32,32,0)
401:(49,2,13,19,31,31,0)
402:(51,2,13,22,28,28,0)
403:(51,2,14,29,21,21,0)
404:(50,2,24,50,0,0,0)
405:(50,2,23,50,0,0,0)
406:(50,2,22,50,0,0,0)
407:(50,2,21,50,0,0,0)
408:(50,2,20,50,0,0,0)
409:(50,2,19,50,0,0,0)
410:(50,2,18,50,0,0,0)
411:(50,2,17,50,0,0,0)
412:(50,2,16,50,0,0,0)
413:(50,2,15,50,0,0,0)
414:(50,2,14,50,0,0,0)
415:(50,2,13,50,0,0,0)
416:(50,2,12,50,0,0,0)
417:(50,2,11,50,0,0,0)
418:(50,2,10,50,0,0,0)
419:(50,2,9,50,0,0,0)
420:(50,2,8,50,0,0,0)
421:(50,2,7,50,0,0,0)
422:(50,2,6,50,0,0,0)
423:(50,2,5,50,0,0,0)
424:(50,2,4,50,0,0,0)
425:(50,2,3,50,0,0,0)
426:(50,2,2,50,0,0,0)
427:(50,2,1,50,0,0,0)
428:(50,2,0,50,0,0,0)
429:(50,2,1,50,0,0,0)
430:(50,2,1,50,0,0,0)
431:(50,2,1,50,0,0,0)
432:(50,2,2,50,0,0,0)
433:(50,2,3,50,0,0,0)
434:(50,2,4,50,0,0,0)
435:(50,2,5,50,0,0,0)
436:(50,2,6,50,0,0,0)
437:(50,2,7,50,0,0,0)
438:(50,2,8,50,0,0,0)
439:(50,2,9,50,0,0,0)
440:(50,2,10,50,0,0,0)
441:(50,2,11,50,0,0,0)
442:(50,2,12,50,0,0,0)
443:(50,2,13,50,0,0,0)
444:(50,2,14,50,0,0,0)
445:(50,2,15,50,0,0,0)
446:(50,2,16,50,0,0,0)
447:(50,2,17,50,0,0,0)
448:(50,2,18,50,0,0,0)
449:(50,2,19,50,0,0,0)
450:(50,2,20,50,0,0,0)
451:(50,2,21,50,0,0,0)
452:(50,2,22,50,0,0,0)
453:(50,2,23,50,0,0,0)
454:(50,2,24,50,0,0,0)
455:(46,2,1,1,49,49,0)
456:(46,2,2,2,48,48,0)
457:(46,2,3,2,48,48,0)
458:(47,2,3,2,48,48,0)
459:(46,2,3,3,47,47,0)
460:(46,2,4,3,47,47,0)
461:(47,2,4,3,47,47,0)
462:(46,2,4,4,46,46,0)
463:(46,2,5,4,46,46,0)
464:(47,2,5,4,46,46,0)
465:(46,2,5,5,45,45,0)
466:(46,2,6,5,45,45,0)
467:(47,2,6,5,45,45,0)
468:(47,2,4,5,45,45,0)
469:(47,2,5,6,44,44,0)
470:(48,2,6,6,44,44,0)
471:(47,2,6,7,43,43,0)
472:(48,2,7,7,43,43,0)
473:(47,2,7,8,42,42,0)
474:(47,2,8,8,42,42,0)
475:(48,2,8,8,42,42,0)
476:(47,2,7,8,42,42,0)
477:(47,2,7,9,41,41,0)
478:(48,2,8,9,41,41,0)
479:(47,2,8,10,40,40,0)
480:(47,2,9,10,40,40,0)
481:(48,2,9,10,40,40,0)
482:(48,2,7,10,40,40,0)
483:(49,2,6,10,40,40,0)
484:(51,2,5,10,40,40,0)
485:(49,2,7,11,39,39,0)
486:(49,2,7,11,39,39,0)
487:(49,2,7,12,38,38,0)
488:(49,2,8,13,37,37,0)
489:(49,2,9,14,36,36,0)
490:(49,2,9,14,36,36,0)
491:(49,2,9,15,35,35,0)
492:(49,2,10,16,34,34,0)
493:(49,2,11,17,33,33,0)
494:(49,2,12,18,32,32,0)
495:(49,2,13,19,31,31,0)
496:(49,2,13,19,31,31,0)
497:(51,2,13,22,28,28,0)
498:(51,2,13,22,28,28,0)
499:(51,2,14,29,21,21,0)
500:(50,2,24,50,0,0,0)
501:(50,2,23,50,0,0,0)
502:(50,2,22,50,0,0,0)
503:(50,2,21,50,0,0,0)
504:(50,2,20,50,0,0,0)
505:(50,2,19,50,0,0,0)
506:(50,2,18,50,0,0,0)
507:(50,2,17,50,0,0,0)
508:(50,2,16,50,0,0,0)
509:(50,2,15,50,0,0,0)
510:(50,2,14,50,0,0,0)
511:(50,2,13,50,0,0,0)
512:(50,2,12,50,0,0,0)
513:(50,2,11,50,0,0,0)
514:(50,2,10,50,0,0,0)
515:(50,2,9,50,0,0,0)
516:(50,2,8,50,0,0,0)
517:(50,2,7,50,0,0,0)
518:(50,2,6,50,0,0,0)
519:(50,2,5,50,0,0,0)
520:(50,2,4,50,0,0,0)
521:(50,2,3,50,0,0,0)
522:(50,2,2,50,0,0,0)
523:(50,2,0,50,0,0,0)
524:(50,2,1,50,0,0,0)
525:(50,2,1,50,0,0,0)
526:(45,2,0,0,50,50,0)
527:(46,2,1,1,49,49,0)
528:(44,2,1,1,49,49,0)
529:(44,2,2,1,49,49,0)
530:(45,2,2,1,49,49,0)
531:(47,2,0,1,49,49,0)
532:(45,2,0,1,49,49,0)
533:(46,2,1,1,49,49,0)
534:(47,2,1,2,48,48,0)
535:(45,2,1,2,48,48,0)
536:(45,2,2,2,48,48,0)
537:(46,2,2,2,48,48,0)
538:(47,2,2,3,47,47,0)
539:(45,2,2,3,47,47,0)
540:(45,2,3,3,47,47,0)
541:(46,2,3,3,47,47,0)
542:(47,2,3,4,46,46,0)
543:(45,2,3,4,46,46,0)
544:(45,2,4,4,46,46,0)
545:(46,2,4,4,46,46,0)
546:(47,2,4,5,45,45,0)
547:(45,2,4,5,45,45,0)
548:(45,2,5,5,45,45,0)
549:(46,2,5,5,45,45,0)
550:(48,2,3,5,45,45,0)
551:(46,2,3,5,45,45,0)
552:(47,2,4,5,45,45,0)
553:(48,2,4,6,44,44,0)
554:(46,2,4,6,44,44,0)
555:(46,2,5,6,44,44,0)
556:(47,2,5,6,44,44,0)
557:(46,2,5,7,43,43,0)
558:(46,2,6,7,43,43,0)
559:(47,2,6,7,43,43,0)
560:(46,2,6,8,42,42,0)
561:(46,2,7,8,42,42,0)
562:(47,2,7,8,42,42,0)
563:(48,2,5,8,42,42,0)
564:(46,2,5,8,42,42,0)
565:(48,2,6,9,41,41,0)
566:(46,2,6,9,41,41,0)
567:(46,2,7,9,41,41,0)
568:(47,2,7,9,41,41,0)
569:(48,2,7,10,40,40,0)
570:(46,2,7,10,40,40,0)
571:(46,2,8,10,40,40,0)
572:(47,2,8,10,40,40,0)
573:(49,2,6,10,40,40,0)
574:(48,2,7,10,40,40,0)
575:(49,2,6,10,40,40,0)
576:(49,2,7,11,39,39,0)
577:(49,2,7,12,38,38,0)
578:(48,2,8,13,37,37,0)
579:(49,2,8,13,37,37,0)
580:(48,2,9,14,36,36,0)
581:(49,2,9,14,36,36,0)
582:(49,2,9,15,35,35,0)
583:(49,2,10,16,34,34,0)
584:(49,2,11,17,33,33,0)
585:(49,2,12,18,32,32,0)
586:(49,2,13,19,31,31,0)
587:(50,2,24,50,0,0,0)
588:(50,2,23,50,0,0,0)
589:(50,2,22,50,0,0,0)
590:(50,2,21,50,0,0,0)
591:(50,2,20,50,0,0,0)
592:(50,2,19,50,0,0,0)
593:(50,2,18,50,0,0,0)
594:(50,2,17,50,0,0,0)
595:(50,2,16,50,0,0,0)
596:(50,2,15,50,0,0,0)
597:(50,2,14,50,0,0,0)
598:(50,2,13,50,0,0,0)
599:(50,2,12,50,0,0,0)
600:(50,2,11,50,0,0,0)
601:(50,2,10,50,0,0,0)
602:(50,2,9,50,0,0,0)
603:(50,2,8,50,0,0,0)
604:(50,2,7,50,0,0,0)
605:(50,2,6,50,0,0,0)
606:(50,2,5,50,0,0,0)
607:(50,2,4,50,0,0,0)
608:(50,2,3,50,0,0,0)
609:(50,2,2,50,0,0,0)
610:(50,2,1,50,0,0,0)
611:(50,2,0,50,0,0,0)
612:(50,2,1,50,0,0,0)
613:(50,2,0,50,0,0,0)
614:(50,2,1,50,0,0,0)
615:(50,2,2,50,0,0,0)
616:(50,2,3,50,0,0,0)
617:(50,2,4,50,0,0,0)
618:(50,2,5,50,0,0,0)
619:(50,2,6,50,0,0,0)
620:(50,2,7,50,0,0,0)
621:(50,2,8,50,0,0,0)
622:(50,2,9,50,0,0,0)
623:(50,2,10,50,0,0,0)
624:(50,2,11,50,0,0,0)
625:(50,2,12,50,0,0,0)
626:(50,2,13,50,0,0,0)
627:(50,2,14,50,0,0,0)
628:(50,2,15,50,0,0,0)
629:(50,2,16,50,0,0,0)
630:(50,2,17,50,0,0,0)
631:(50,2,18,50,0,0,0)
632:(50,2,19,50,0,0,0)
633:(50,2,20,50,0,0,0)
634:(50,2,21,50,0,0,0)
635:(50,2,22,50,0,0,0)
636:(50,2,23,50,0,0,0)
637:(50,2,24,50,0,0,0)
638:(49,2,6,10,40,40,0)
639:(48,2,7,10,40,40,0)
640:(48,2,6,9,41,41,0)
641:(48,2,5,8,42,42,0)
642:(48,2,4,6,44,44,0)
643:(48,2,3,5,45,45,0)
644:(47,2,4,5,45,45,0)
645:(47,2,3,4,46,46,0)
646:(47,2,2,3,47,47,0)
647:(47,2,1,2,48,48,0)
648:(47,2,0,1,49,49,0)
649:(46,2,1,1,49,49,0)
650:(46,2,0,0,50,50,0)
651:(46,2,1,1,49,49,0)
652:(46,2,2,2,48,48,0)
653:(46,2,3,3,47,47,0)
654:(46,2,4,4,46,46,0)
655:(46,2,5,5,45,45,0)
656:(47,2,4,5,45,45,0)
657:(47,2,5,6,44,44,0)
658:(47,2,6,7,43,43,0)
659:(47,2,7,8,42,42,0)
660:(47,2,7,9,41,41,0)
661:(47,2,8,10,40,40,0)
662:(48,2,7,10,40,40,0)
663:(51,2,5,10,40,40,0)
664:(49,2,6,10,40,40,0)
665:(49,2,7,11,39,39,0)
666:(49,2,7,12,38,38,0)
667:(49,2,8,13,37,37,0)
668:(49,2,9,14,36,36,0)
669:(49,2,9,15,35,35,0)
670:(49,2,10,16,34,34,0)
671:(49,2,11,17,33,33,0)
672:(49,2,12,18,32,32,0)
673:(49,2,13,19,31,31,0)
674:(51,2,13,22,28,28,0)
675:(51,2,14,29,21,21,0)
676:(50,2,24,50,0,0,0)
677:(50,2,23,50,0,0,0)
678:(50,2,22,50,0,0,0)
679:(50,2,21,50,0,0,0)
680:(50,2,20,50,0,0,0)
681:(50,2,19,50,0,0,0)
682:(50,2,18,50,0,0,0)
683:(50,2,17,50,0,0,0)
684:(50,2,16,50,0,0,0)
685:(50,2,15,50,0,0,0)
686:(50,2,14,50,0,0,0)
687:(50,2,13,50,0,0,0)
688:(50,2,12,50,0,0,0)
689:(50,2,11,50,0,0,0)
690:(50,2,10,50,0,0,0)
691:(50,2,9,50,0,0,0)
692:(50,2,8,50,0,0,0)
693:(50,2,7,50,0,0,0)
694:(50,2,6,50,0,0,0)
695:(50,2,5,50,0,0,0)
696:(50,2,4,50,0,0,0)
697:(50,2,3,50,0,0,0)
698:(50,2,2,50,0,0,0)
699:(50,2,1,50,0,0,0)
700:(50,2,0,50,0,0,0)
701:(50,2,1,50,0,0,0)
702:(44,2,1,1,49,49,0)
703:(44,2,0,0,50,50,0)
704:(44,2,0,1,49,49,0)
705:(44,2,1,1,49,49,0)
706:(44,2,1,2,48,48,0)
707:(44,2,2,2,48,48,0)
708:(45,2,2,2,48,48,0)
709:(44,2,2,3,47,47,0)
710:(44,2,3,3,47,47,0)
711:(45,2,3,3,47,47,0)
712:(44,2,3,4,46,46,0)
713:(44,2,4,4,46,46,0)
714:(45,2,4,4,46,46,0)
715:(44,2,4,5,45,45,0)
716:(44,2,5,5,45,45,0)
717:(45,2,5,5,45,45,0)
718:(45,2,3,5,45,45,0)
719:(45,2,4,6,44,44,0)
720:(45,2,5,6,44,44,0)
721:(45,2,5,7,43,43,0)
722:(45,2,6,7,43,43,0)
723:(46,2,6,7,43,43,0)
724:(45,2,6,8,42,42,0)
725:(45,2,7,8,42,42,0)
726:(46,2,7,8,42,42,0)
727:(45,2,5,8,42,42,0)
728:(45,2,6,9,41,41,0)
729:(45,2,7,9,41,41,0)
730:(46,2,7,9,41,41,0)
731:(45,2,7,10,40,40,0)
732:(45,2,8,10,40,40,0)
733:(46,2,8,10,40,40,0)
734:(47,2,10,16,34,34,0)
735:(47,2,8,50,0,0,0)
736:(50,2,0,50,0,0,0)
737:(50,2,1,50,0,0,0)
738:(46,2,8,10,40,40,0)
739:(46,2,7,9,41,41,0)
740:(46,2,7,8,42,42,0)
741:(46,2,6,7,43,43,0)
742:(45,2,5,5,45,45,0)
743:(45,2,4,4,46,46,0)
744:(45,2,3,3,47,47,0)
745:(45,2,2,2,48,48,0)
746:(44,2,2,1,49,49,0)
747:(44,2,1,0,50,50,0)
748:(46,2,1,1,49,49,0)
749:(44,2,1,1,49,49,0)
750:(44,2,2,1,49,49,0)
751:(45,2,2,1,49,49,0)
752:(46,2,2,2,48,48,0)
753:(44,2,3,2,48,48,0)
754:(45,2,3,2,48,48,0)
755:(46,2,3,3,47,47,0)
756:(44,2,3,3,47,47,0)
757:(44,2,4,3,47,47,0)
758:(45,2,4,3,47,47,0)
759:(46,2,4,4,46,46,0)
760:(44,2,4,4,46,46,0)
761:(44,2,5,4,46,46,0)
762:(46,2,5,5,45,45,0)
763:(44,2,5,5,45,45,0)
764:(44,2,6,5,45,45,0)
765:(45,2,6,5,45,45,0)
766:(47,2,4,5,45,45,0)
767:(45,2,5,5,45,45,0)
768:(46,2,5,5,45,45,0)
769:(47,2,5,6,44,44,0)
770:(45,2,5,6,44,44,0)
771:(47,2,6,7,43,43,0)
772:(45,2,6,7,43,43,0)
773:(47,2,7,8,42,42,0)
774:(45,2,7,8,42,42,0)
775:(45,2,8,8,42,42,0)
776:(45,2,7,8,42,42,0)
777:(46,2,7,8,42,42,0)
778:(47,2,7,9,41,41,0)
779:(45,2,7,9,41,41,0)
780:(47,2,8,10,40,40,0)
781:(45,2,8,10,40,40,0)
782:(45,2,9,10,40,40,0)
783:(46,2,9,10,40,40,0)
784:(48,2,7,10,40,40,0)
785:(46,2,8,10,40,40,0)
786:(47,2,8,10,40,40,0)
787:(49,2,6,10,40,40,0)
788:(48,2,7,10,40,40,0)
789:(49,2,7,11,39,39,0)
790:(49,2,7,12,38,38,0)
791:(49,2,8,13,37,37,0)
792:(49,2,9,14,36,36,0)
793:(49,2,9,15,35,35,0)
794:(49,2,10,16,34,34,0)
795:(49,2,11,17,33,33,0)
796:(49,2,12,18,32,32,0)
797:(49,2,13,19,31,31,0)
798:(47,2,8,50,0,0,0)
799:(47,2,8,50,0,0,0)
800:(50,2,0,50,0,0,0)
801:(50,2,1,50,0,0,0)
802:(50,2,1,50,0,0,0)
803:(50,2,2,50,0,0,0)
804:(50,2,3,50,0,0,0)
805:(50,2,4,50,0,0,0)
806:(50,2,5,50,0,0,0)
807:(50,2,6,50,0,0,0)
808:(50,2,7,50,0,0,0)
809:(50,2,8,50,0,0,0)
810:(50,2,9,50,0,0,0)
811:(50,2,10,50,0,0,0)
812:(50,2,11,50,0,0,0)
813:(50,2,12,50,0,0,0)
814:(50,2,13,50,0,0,0)
815:(50,2,14,50,0,0,0)
816:(50,2,15,50,0,0,0)
817:(50,2,16,50,0,0,0)
818:(50,2,17,50,0,0,0)
819:(50,2,18,50,0,0,0)
820:(50,2,19,50,0,0,0)
821:(50,2,20,50,0,0,0)
822:(50,2,21,50,0,0,0)
823:(50,2,22,50,0,0,0)
824:(50,2,23,50,0,0,0)
825:(50,2,24,50,0,0,0)
826:(46,2,1,1,49,49,0)
827:(46,2,2,2,48,48,0)
828:(46,2,3,3,47,47,0)
829:(46,2,4,4,46,46,0)
830:(46,2,5,5,45,45,0)
831:(47,2,4,5,45,45,0)
832:(47,2,5,6,44,44,0)
833:(47,2,6,7,43,43,0)
834:(47,2,7,8,42,42,0)
835:(47,2,7,8,42,42,0)
836:(47,2,7,9,41,41,0)
837:(47,2,8,10,40,40,0)
838:(48,2,7,10,40,40,0)
839:(49,2,6,10,40,40,0)
840:(51,2,5,10,40,40,0)
841:(49,2,7,11,39,39,0)
842:(49,2,7,11,39,39,0)
843:(49,2,7,12,38,38,0)
844:(49,2,8,13,37,37,0)
845:(49,2,9,14,36,36,0)
846:(49,2,9,14,36,36,0)
847:(49,2,9,15,35,35,0)
848:(49,2,10,16,34,34,0)
849:(49,2,11,17,33,33,0)
850:(49,2,12,18,32,32,0)
851:(49,2,13,19,31,31,0)
852:(49,2,13,19,31,31,0)
853:(51,2,13,22,28,28,0)
854:(51,2,13,22,28,28,0)
855:(51,2,14,29,21,21,0)
856:(50,2,24,50,0,0,0)
857:(50,2,23,50,0,0,0)
858:(50,2,22,50,0,0,0)
859:(50,2,21,50,0,0,0)
860:(50,2,20,50,0,0,0)
861:(50,2,19,50,0,0,0)
862:(50,2,18,50,0,0,0)
863:(50,2,17,50,0,0,0)
864:(50,2,16,50,0,0,0)
865:(50,2,15,50,0,0,0)
866:(50,2,14,50,0,0,0)
867:(50,2,13,50,0,0,0)
868:(50,2,12,50,0,0,0)
869:(50,2,11,50,0,0,0)
870:(50,2,10,50,0,0,0)
871:(50,2,9,50,0,0,0)
872:(50,2,8,50,0,0,0)
873:(50,2,7,50,0,0,0)
874:(50,2,6,50,0,0,0)
875:(50,2,5,50,0,0,0)
876:(50,2,4,50,0,0,0)
877:(50,2,3,50,0,0,0)
878:(50,2,2,50,0,0,0)
879:(50,2,1,50,0,0,0)
880:(50,2,1,50,0,0,0)
881:(50,2,1,50,0,0,0)
882:(50,2,1,50,0,0,0)
883:(50,2,1,50,0,0,0)
884:(50,2,1,50,0,0,0)
885:(50,2,1,50,0,0,0)
886:(50,2,2,50,0,0,0)
887:(50,2,3,50,0,0,0)
888:(50,2,4,50,0,0,0)
889:(50,2,5,50,0,0,0)
890:(50,2,6,50,0,0,0)
891:(50,2,7,50,0,0,0)
892:(50,2,8,50,0,0,0)
893:(50,2,9,50,0,0,0)
894:(50,2,10,50,0,0,0)
895:(50,2,11,50,0,0,0)
896:(50,2,12,50,0,0,0)
897:(50,2,13,50,0,0,0)
898:(50,2,14,50,0,0,0)
899:(50,2,15,50,0,0,0)
900:(50,2,16,50,0,0,0)
901:(50,2,17,50,0,0,0)
902:(50,2,18,50,0,0,0)
903:(50,2,19,50,0,0,0)
904:(50,2,20,50,0,0,0)
905:(50,2,21,50,0,0,0)
906:(50,2,22,50,0,0,0)
907:(50,2,23,50,0,0,0)
908:(50,2,24,50,0,0,0)
909:(47,2,7,8,42,42,0)
910:(49,2,7,11,39,39,0)
911:(49,2,9,14,36,36,0)
912:(49,2,13,19,31,31,0)
913:(51,2,13,22,28,28,0)
914:(50,2,24,50,0,0,0)
915:(50,2,23,50,0,0,0)
916:(50,2,22,50,0,0,0)
917:(50,2,21,50,0,0,0)
918:(50,2,20,50,0,0,0)
919:(50,2,19,50,0,0,0)
920:(50,2,18,50,0,0,0)
921:(50,2,17,50,0,0,0)
922:(50,2,16,50,0,0,0)
923:(50,2,15,50,0,0,0)
924:(50,2,14,50,0,0,0)
925:(50,2,13,50,0,0,0)
926:(50,2,12,50,0,0,0)
927:(50,2,11,50,0,0,0)
928:(50,2,10,50,0,0,0)
929:(50,2,9,50,0,0,0)
930:(50,2,8,50,0,0,0)
931:(50,2,7,50,0,0,0)
932:(50,2,6,50,0,0,0)
933:(50,2,5,50,0,0,0)
934:(50,2,4,50,0,0,0)
935:(50,2,3,50,0,0,0)
936:(50,2,2,50,0,0,0)
937:(50,2,1,50,0,0,0)
938:(-1,-1,-1,-1,-1,-1,-1)