
Isolate this:

********************************************************************************

This version has been modified by Landon Taylor. landon.taylor@aggiemail.usu.edu
The ABCModelChecker function is using 'pdr -qt -L pdr_log.txt'. For more info, 


install abc, and on the command line use 'abc' > 'pdr --help'
r_six.ivy: line 89: Model checking invariant

Instantiating quantifiers (see logfiles/ivy_mc_1650654771.log for instantiations)...
Expanding schemata...
Instantiating axioms...
file name: aigerfiles/1650654771.aag
aigtoaig_path:/usr/local/lib/python2.7/dist-packages/ms_ivy-1.7.0-py2.7.egg/ivy/bin/aigtoaig
abc_path: /usr/local/lib/python2.7/dist-packages/ms_ivy-1.7.0-py2.7.egg/ivy/bin/abc
using cmd ['/usr/local/lib/python2.7/dist-packages/ms_ivy-1.7.0-py2.7.egg/ivy/bin/abc', '-c', 'read_aiger aigerfiles/1650654771.aig; pdr -qt -L aigerfiles/1650654771_pdr.log; write_aiger_cex  aigerfiles/1650654771.out']

Model checker output:
--------------------------------------------------------------------------------
ABC command line: "read_aiger aigerfiles/1650654771.aig; pdr -qt -L aigerfiles/1650654771_pdr.log; write_aiger_cex  aigerfiles/1650654771.out".

Output 0 of miter "aigerfiles/1650654771" was asserted in frame 6.  Time =     0.23 sec
--------------------------------------------------------------------------------

FAIL

Counterexample trace follows...
********************************************************************************

Counterexample follows:
--------------------------------------------------------------------------------
err_flag := false

r_six.ivy: line 21: spec.s1 := 1:bv8

[
    spec.s1 = 1
]
r_six.ivy: line 22: spec.s2 := 57:bv8

[
    spec.s2 = 57
]
r_six.ivy: line 23: spec.s3 := 0:bv8

[
    spec.s3 = 0
]
r_six.ivy: line 24: spec.s4 := 1:bv8

[
    spec.s4 = 1
]
r_six.ivy: line 25: spec.s5 := 43:bv8

[
    spec.s5 = 43
]
r_six.ivy: line 26: spec.s6 := 0:bv8

[
    spec.s6 = 0
]
__init := true

err_flag := false

call ext:spec.r_four

{
    r_six.ivy: line 58: spec.s4 := spec.s4 - 1

    [
        spec.s4 = 0
    ]
    r_six.ivy: line 59: spec.s5 := spec.s5 - 1

    [
        spec.s5 = 42
    ]
    r_six.ivy: line 60: spec.s6 := spec.s6 + 1

    [
        spec.s6 = 1
    ]
}

err_flag := false

call ext:spec.r_six

{
    r_six.ivy: line 74: spec.s4 := spec.s4 + 1

    [
        spec.s4 = 1
    ]
    r_six.ivy: line 75: spec.s2 := spec.s2 + 1

    [
        spec.s2 = 58
    ]
    r_six.ivy: line 76: spec.s6 := spec.s6 - 1

    [
        spec.s6 = 0
    ]
}

err_flag := false

call ext:spec.r_four

{
    r_six.ivy: line 58: spec.s4 := spec.s4 - 1

    [
        spec.s4 = 0
    ]
    r_six.ivy: line 59: spec.s5 := spec.s5 - 1

    [
        spec.s5 = 41
    ]
    r_six.ivy: line 60: spec.s6 := spec.s6 + 1

    [
        spec.s6 = 1
    ]
}

err_flag := false

call ext:spec.r_six

{
    r_six.ivy: line 74: spec.s4 := spec.s4 + 1

    [
        spec.s4 = 1
    ]
    r_six.ivy: line 75: spec.s2 := spec.s2 + 1

    [
        spec.s2 = 59
    ]
    r_six.ivy: line 76: spec.s6 := spec.s6 - 1

    [
        spec.s6 = 0
    ]
}

err_flag := false

call ext:spec.r_four

{
    r_six.ivy: line 58: spec.s4 := spec.s4 - 1

    [
        spec.s4 = 0
    ]
    r_six.ivy: line 59: spec.s5 := spec.s5 - 1

    [
        spec.s5 = 40
    ]
    r_six.ivy: line 60: spec.s6 := spec.s6 + 1

    [
        spec.s6 = 1
    ]
}


--------------------------------------------------------------------------------

********************************************************************************
