(R_,L,RL,G_,G_a,G_bg,G_d)
0:(50,2,0,50,0,0,0)
1:(50,2,1,50,0,0,0)
2:(50,2,2,50,0,0,0)
3:(50,2,3,50,0,0,0)
4:(50,2,4,50,0,0,0)
5:(50,2,5,50,0,0,0)
6:(50,2,6,50,0,0,0)
7:(50,2,7,50,0,0,0)
8:(50,2,8,50,0,0,0)
9:(50,2,9,50,0,0,0)
10:(50,2,10,50,0,0,0)
11:(50,2,11,50,0,0,0)
12:(50,2,12,50,0,0,0)
13:(50,2,13,50,0,0,0)
14:(50,2,14,50,0,0,0)
15:(50,2,15,50,0,0,0)
16:(50,2,16,50,0,0,0)
17:(50,2,17,50,0,0,0)
18:(50,2,18,50,0,0,0)
19:(50,2,19,50,0,0,0)
20:(50,2,20,50,0,0,0)
21:(50,2,21,50,0,0,0)
22:(50,2,22,50,0,0,0)
23:(50,2,23,50,0,0,0)
24:(50,2,24,50,0,0,0)
25:(50,2,23,49,1,1,0)
26:(50,2,22,48,2,2,0)
27:(50,2,23,48,2,2,0)
28:(50,2,22,47,3,3,0)
29:(50,2,23,47,3,3,0)
30:(50,2,24,47,3,3,0)
31:(50,2,23,46,4,4,0)
32:(50,2,22,45,5,5,0)
33:(50,2,23,45,5,5,0)
34:(50,2,22,44,6,6,0)
35:(50,2,21,43,7,7,0)
36:(50,2,20,42,8,8,0)
37:(50,2,19,41,9,9,0)
38:(50,2,20,41,9,9,0)
39:(50,2,21,41,9,9,0)
40:(50,2,20,40,10,10,0)
41:(50,2,21,40,10,10,0)
42:(50,2,20,39,11,11,0)
43:(50,2,19,38,12,12,0)
44:(50,2,18,37,13,13,0)
45:(50,2,17,36,14,14,0)
46:(50,2,18,36,14,14,0)
47:(50,2,19,36,14,14,0)
48:(50,2,18,35,15,15,0)
49:(50,2,17,34,16,16,0)
50:(50,2,16,33,17,17,0)
51:(50,2,15,32,18,18,0)
52:(50,2,14,31,19,19,0)
53:(50,2,15,31,19,19,0)
54:(50,2,14,30,20,20,0)
55:(50,2,15,30,20,20,0)
56:(50,2,14,29,21,21,0)
57:(50,2,13,28,22,22,0)
58:(50,2,12,27,23,23,0)
59:(50,2,13,27,23,23,0)
60:(50,2,12,26,24,24,0)
61:(50,2,13,26,24,24,0)
62:(50,2,12,25,25,25,0)
63:(50,2,13,25,25,25,0)
64:(50,2,12,24,26,26,0)
65:(50,2,11,23,27,27,0)
66:(50,2,12,23,27,27,0)
67:(50,2,13,23,27,27,0)
68:(50,2,12,22,28,28,0)
69:(50,2,13,22,28,28,0)
70:(50,2,12,21,29,29,0)
71:(50,2,11,20,30,30,0)
72:(50,2,12,20,30,30,0)
73:(50,2,11,19,31,31,0)
74:(50,2,12,19,31,31,0)
75:(50,2,11,18,32,32,0)
76:(50,2,10,17,33,33,0)
77:(50,2,9,16,34,34,0)
78:(50,2,8,15,35,35,0)
79:(50,2,7,14,36,36,0)
80:(50,2,8,14,36,36,0)
81:(50,2,7,13,37,37,0)
82:(50,2,6,12,38,38,0)
83:(50,2,5,11,39,39,0)
84:(50,2,6,11,39,39,0)
85:(50,2,5,10,40,40,0)
86:(49,2,6,10,40,40,0)
87:(48,2,7,10,40,40,0)
88:(48,2,6,9,41,41,0)
89:(48,2,5,8,42,42,0)
90:(48,2,6,8,42,42,0)
91:(48,2,5,7,43,43,0)
92:(48,2,4,6,44,44,0)
93:(48,2,3,5,45,45,0)
94:(47,2,4,5,45,45,0)
95:(47,2,3,4,46,46,0)
96:(47,2,2,3,47,47,0)
97:(47,2,1,2,48,48,0)
98:(47,2,0,1,49,49,0)
99:(46,2,1,1,49,49,0)
100:(46,2,0,0,50,50,0)
101:(47,2,0,0,50,50,0)
102:(45,2,0,0,50,50,0)
103:(45,2,1,0,50,50,0)
104:(46,2,1,0,50,50,0)
105:(47,2,1,1,49,49,0)
106:(45,2,1,1,49,49,0)
107:(45,2,2,1,49,49,0)
108:(46,2,2,1,49,49,0)
109:(48,2,0,1,49,49,0)
110:(46,2,0,1,49,49,0)
111:(48,2,1,2,48,48,0)
112:(46,2,1,2,48,48,0)
113:(46,2,2,2,48,48,0)
114:(47,2,2,2,48,48,0)
115:(48,2,2,3,47,47,0)
116:(46,2,2,3,47,47,0)
117:(46,2,3,3,47,47,0)
118:(47,2,3,3,47,47,0)
119:(48,2,3,4,46,46,0)
120:(46,2,3,4,46,46,0)
121:(46,2,4,4,46,46,0)
122:(47,2,4,4,46,46,0)
123:(48,2,4,5,45,45,0)
124:(46,2,4,5,45,45,0)
125:(46,2,5,5,45,45,0)
126:(47,2,5,5,45,45,0)
127:(49,2,3,5,45,45,0)
128:(47,2,3,5,45,45,0)
129:(49,2,4,6,44,44,0)
130:(47,2,4,6,44,44,0)
131:(47,2,5,6,44,44,0)
132:(48,2,5,6,44,44,0)
133:(49,2,5,7,43,43,0)
134:(47,2,5,7,43,43,0)
135:(47,2,6,7,43,43,0)
136:(48,2,6,7,43,43,0)
137:(49,2,6,8,42,42,0)
138:(47,2,6,8,42,42,0)
139:(47,2,7,8,42,42,0)
140:(48,2,7,8,42,42,0)
141:(49,2,5,8,42,42,0)
142:(47,2,5,8,42,42,0)
143:(49,2,6,9,41,41,0)
144:(47,2,6,9,41,41,0)
145:(47,2,7,9,41,41,0)
146:(48,2,7,9,41,41,0)
147:(49,2,7,10,40,40,0)
148:(47,2,7,10,40,40,0)
149:(47,2,8,10,40,40,0)
150:(48,2,8,10,40,40,0)
151:(50,2,6,10,40,40,0)
152:(48,2,6,10,40,40,0)
153:(51,2,5,10,40,40,0)
154:(49,2,5,10,40,40,0)
155:(51,2,6,11,39,39,0)
156:(49,2,6,11,39,39,0)
157:(49,2,7,11,39,39,0)
158:(50,2,7,11,39,39,0)
159:(51,2,5,11,39,39,0)
160:(49,2,5,11,39,39,0)
161:(51,2,6,12,38,38,0)
162:(49,2,6,12,38,38,0)
163:(49,2,7,12,38,38,0)
164:(50,2,7,12,38,38,0)
165:(51,2,7,13,37,37,0)
166:(49,2,7,13,37,37,0)
167:(49,2,8,13,37,37,0)
168:(50,2,8,13,37,37,0)
169:(51,2,8,14,36,36,0)
170:(49,2,8,14,36,36,0)
171:(49,2,9,14,36,36,0)
172:(50,2,9,14,36,36,0)
173:(51,2,7,14,36,36,0)
174:(49,2,7,14,36,36,0)
175:(51,2,8,15,35,35,0)
176:(49,2,8,15,35,35,0)
177:(49,2,9,15,35,35,0)
178:(50,2,9,15,35,35,0)
179:(51,2,9,16,34,34,0)
180:(49,2,9,16,34,34,0)
181:(49,2,10,16,34,34,0)
182:(50,2,10,16,34,34,0)
183:(51,2,10,17,33,33,0)
184:(49,2,10,17,33,33,0)
185:(49,2,11,17,33,33,0)
186:(50,2,11,17,33,33,0)
187:(51,2,11,18,32,32,0)
188:(49,2,11,18,32,32,0)
189:(49,2,12,18,32,32,0)
190:(50,2,12,18,32,32,0)
191:(51,2,12,19,31,31,0)
192:(49,2,12,19,31,31,0)
193:(49,2,13,19,31,31,0)
194:(50,2,13,19,31,31,0)
195:(51,2,11,19,31,31,0)
196:(49,2,11,19,31,31,0)
197:(51,2,12,20,30,30,0)
198:(49,2,12,20,30,30,0)
199:(49,2,13,20,30,30,0)
200:(50,2,13,20,30,30,0)
201:(51,2,11,20,30,30,0)
202:(49,2,11,20,30,30,0)
203:(51,2,12,21,29,29,0)
204:(49,2,12,21,29,29,0)
205:(49,2,13,21,29,29,0)
206:(50,2,13,21,29,29,0)
207:(51,2,13,22,28,28,0)
208:(49,2,13,22,28,28,0)
209:(49,2,14,22,28,28,0)
210:(50,2,14,22,28,28,0)
211:(51,2,12,22,28,28,0)
212:(49,2,12,22,28,28,0)
213:(51,2,13,23,27,27,0)
214:(49,2,13,23,27,27,0)
215:(49,2,14,23,27,27,0)
216:(50,2,14,23,27,27,0)
217:(51,2,12,23,27,27,0)
218:(49,2,12,23,27,27,0)
219:(51,2,11,23,27,27,0)
220:(49,2,11,23,27,27,0)
221:(51,2,12,24,26,26,0)
222:(49,2,12,24,26,26,0)
223:(49,2,13,24,26,26,0)
224:(50,2,13,24,26,26,0)
225:(51,2,13,25,25,25,0)
226:(49,2,13,25,25,25,0)
227:(49,2,14,25,25,25,0)
228:(50,2,14,25,25,25,0)
229:(51,2,12,25,25,25,0)
230:(49,2,12,25,25,25,0)
231:(51,2,13,26,24,24,0)
232:(49,2,13,26,24,24,0)
233:(49,2,14,26,24,24,0)
234:(50,2,14,26,24,24,0)
235:(51,2,12,26,24,24,0)
236:(49,2,12,26,24,24,0)
237:(51,2,13,27,23,23,0)
238:(49,2,13,27,23,23,0)
239:(49,2,14,27,23,23,0)
240:(50,2,14,27,23,23,0)
241:(51,2,12,27,23,23,0)
242:(49,2,12,27,23,23,0)
243:(51,2,13,28,22,22,0)
244:(49,2,13,28,22,22,0)
245:(49,2,14,28,22,22,0)
246:(50,2,14,28,22,22,0)
247:(51,2,14,29,21,21,0)
248:(49,2,14,29,21,21,0)
249:(49,2,15,29,21,21,0)
250:(50,2,15,29,21,21,0)
251:(51,2,15,30,20,20,0)
252:(49,2,15,30,20,20,0)
253:(49,2,16,30,20,20,0)
254:(50,2,16,30,20,20,0)
255:(51,2,14,30,20,20,0)
256:(49,2,14,30,20,20,0)
257:(51,2,15,31,19,19,0)
258:(49,2,15,31,19,19,0)
259:(49,2,16,31,19,19,0)
260:(50,2,16,31,19,19,0)
261:(51,2,14,31,19,19,0)
262:(49,2,14,31,19,19,0)
263:(51,2,15,32,18,18,0)
264:(49,2,15,32,18,18,0)
265:(49,2,16,32,18,18,0)
266:(50,2,16,32,18,18,0)
267:(51,2,16,33,17,17,0)
268:(49,2,16,33,17,17,0)
269:(49,2,17,33,17,17,0)
270:(50,2,17,33,17,17,0)
271:(51,2,17,34,16,16,0)
272:(49,2,17,34,16,16,0)
273:(49,2,18,34,16,16,0)
274:(50,2,18,34,16,16,0)
275:(51,2,18,35,15,15,0)
276:(49,2,18,35,15,15,0)
277:(49,2,19,35,15,15,0)
278:(50,2,19,35,15,15,0)
279:(51,2,19,36,14,14,0)
280:(49,2,19,36,14,14,0)
281:(49,2,20,36,14,14,0)
282:(50,2,20,36,14,14,0)
283:(51,2,18,36,14,14,0)
284:(49,2,18,36,14,14,0)
285:(51,2,17,36,14,14,0)
286:(49,2,17,36,14,14,0)
287:(51,2,18,37,13,13,0)
288:(49,2,18,37,13,13,0)
289:(49,2,19,37,13,13,0)
290:(50,2,19,37,13,13,0)
291:(51,2,19,38,12,12,0)
292:(49,2,19,38,12,12,0)
293:(49,2,20,38,12,12,0)
294:(50,2,20,38,12,12,0)
295:(51,2,20,39,11,11,0)
296:(49,2,20,39,11,11,0)
297:(49,2,21,39,11,11,0)
298:(50,2,21,39,11,11,0)
299:(51,2,21,40,10,10,0)
300:(49,2,21,40,10,10,0)
301:(49,2,22,40,10,10,0)
302:(50,2,22,40,10,10,0)
303:(51,2,20,40,10,10,0)
304:(49,2,20,40,10,10,0)
305:(51,2,21,41,9,9,0)
306:(49,2,21,41,9,9,0)
307:(49,2,22,41,9,9,0)
308:(50,2,22,41,9,9,0)
309:(51,2,20,41,9,9,0)
310:(49,2,20,41,9,9,0)
311:(51,2,19,41,9,9,0)
312:(49,2,19,41,9,9,0)
313:(51,2,20,42,8,8,0)
314:(49,2,20,42,8,8,0)
315:(49,2,21,42,8,8,0)
316:(50,2,21,42,8,8,0)
317:(51,2,21,43,7,7,0)
318:(49,2,21,43,7,7,0)
319:(49,2,22,43,7,7,0)
320:(50,2,22,43,7,7,0)
321:(51,2,22,44,6,6,0)
322:(49,2,22,44,6,6,0)
323:(49,2,23,44,6,6,0)
324:(50,2,23,44,6,6,0)
325:(51,2,23,45,5,5,0)
326:(49,2,23,45,5,5,0)
327:(49,2,24,45,5,5,0)
328:(50,2,24,45,5,5,0)
329:(51,2,22,45,5,5,0)
330:(49,2,22,45,5,5,0)
331:(51,2,23,46,4,4,0)
332:(49,2,23,46,4,4,0)
333:(49,2,24,46,4,4,0)
334:(50,2,24,46,4,4,0)
335:(51,2,24,47,3,3,0)
336:(49,2,24,47,3,3,0)
337:(49,2,25,47,3,3,0)
338:(50,2,25,47,3,3,0)
339:(51,2,23,47,3,3,0)
340:(49,2,23,47,3,3,0)
341:(51,2,22,47,3,3,0)
342:(49,2,22,47,3,3,0)
343:(51,2,23,48,2,2,0)
344:(49,2,23,48,2,2,0)
345:(49,2,24,48,2,2,0)
346:(50,2,24,48,2,2,0)
347:(51,2,22,48,2,2,0)
348:(49,2,22,48,2,2,0)
349:(51,2,23,49,1,1,0)
350:(49,2,23,49,1,1,0)
351:(49,2,24,49,1,1,0)
352:(50,2,24,49,1,1,0)
353:(51,2,24,50,0,0,0)
354:(49,2,24,50,0,0,0)
355:(49,2,25,50,0,0,0)
356:(50,2,25,50,0,0,0)
357:(51,2,23,50,0,0,0)
358:(49,2,23,50,0,0,0)
359:(51,2,22,50,0,0,0)
360:(49,2,22,50,0,0,0)
361:(51,2,21,50,0,0,0)
362:(49,2,21,50,0,0,0)
363:(51,2,20,50,0,0,0)
364:(49,2,20,50,0,0,0)
365:(51,2,19,50,0,0,0)
366:(49,2,19,50,0,0,0)
367:(51,2,18,50,0,0,0)
368:(49,2,18,50,0,0,0)
369:(51,2,17,50,0,0,0)
370:(49,2,17,50,0,0,0)
371:(51,2,16,50,0,0,0)
372:(49,2,16,50,0,0,0)
373:(51,2,15,50,0,0,0)
374:(49,2,15,50,0,0,0)
375:(51,2,14,50,0,0,0)
376:(49,2,14,50,0,0,0)
377:(51,2,13,50,0,0,0)
378:(49,2,13,50,0,0,0)
379:(51,2,12,50,0,0,0)
380:(49,2,12,50,0,0,0)
381:(51,2,11,50,0,0,0)
382:(49,2,11,50,0,0,0)
383:(51,2,10,50,0,0,0)
384:(49,2,10,50,0,0,0)
385:(51,2,9,50,0,0,0)
386:(49,2,9,50,0,0,0)
387:(51,2,8,50,0,0,0)
388:(49,2,8,50,0,0,0)
389:(51,2,7,50,0,0,0)
390:(49,2,7,50,0,0,0)
391:(51,2,6,50,0,0,0)
392:(49,2,6,50,0,0,0)
393:(51,2,5,50,0,0,0)
394:(49,2,5,50,0,0,0)
395:(51,2,4,50,0,0,0)
396:(49,2,4,50,0,0,0)
397:(51,2,3,50,0,0,0)
398:(49,2,3,50,0,0,0)
399:(51,2,2,50,0,0,0)
400:(49,2,2,50,0,0,0)
401:(51,2,1,50,0,0,0)
402:(49,2,1,50,0,0,0)
403:(51,2,0,50,0,0,0)
404:(49,2,0,50,0,0,0)
405:(48,2,1,1,49,49,0)
406:(47,2,2,1,49,49,0)
407:(49,2,0,1,49,49,0)
408:(49,2,1,2,48,48,0)
409:(48,2,2,2,48,48,0)
410:(49,2,2,3,47,47,0)
411:(48,2,3,3,47,47,0)
412:(49,2,3,4,46,46,0)
413:(48,2,4,4,46,46,0)
414:(49,2,4,5,45,45,0)
415:(48,2,5,5,45,45,0)
416:(50,2,3,5,45,45,0)
417:(50,2,4,6,44,44,0)
418:(49,2,5,6,44,44,0)
419:(50,2,5,7,43,43,0)
420:(49,2,6,7,43,43,0)
421:(50,2,6,8,42,42,0)
422:(49,2,7,8,42,42,0)
423:(50,2,5,8,42,42,0)
424:(50,2,6,9,41,41,0)
425:(49,2,7,9,41,41,0)
426:(50,2,7,10,40,40,0)
427:(49,2,8,10,40,40,0)
428:(51,2,6,10,40,40,0)
429:(52,2,5,10,40,40,0)
430:(52,2,6,11,39,39,0)
431:(51,2,7,11,39,39,0)
432:(52,2,5,11,39,39,0)
433:(52,2,6,12,38,38,0)
434:(51,2,7,12,38,38,0)
435:(52,2,7,13,37,37,0)
436:(51,2,8,13,37,37,0)
437:(52,2,8,14,36,36,0)
438:(51,2,9,14,36,36,0)
439:(52,2,7,14,36,36,0)
440:(52,2,8,15,35,35,0)
441:(51,2,9,15,35,35,0)
442:(52,2,9,16,34,34,0)
443:(51,2,10,16,34,34,0)
444:(52,2,10,17,33,33,0)
445:(51,2,11,17,33,33,0)
446:(52,2,11,18,32,32,0)
447:(51,2,12,18,32,32,0)
448:(52,2,12,19,31,31,0)
449:(51,2,13,19,31,31,0)
450:(52,2,11,19,31,31,0)
451:(52,2,12,20,30,30,0)
452:(51,2,13,20,30,30,0)
453:(52,2,11,20,30,30,0)
454:(52,2,12,21,29,29,0)
455:(51,2,13,21,29,29,0)
456:(52,2,13,22,28,28,0)
457:(51,2,14,22,28,28,0)
458:(52,2,12,22,28,28,0)
459:(52,2,13,23,27,27,0)
460:(51,2,14,23,27,27,0)
461:(52,2,12,23,27,27,0)
462:(52,2,11,23,27,27,0)
463:(52,2,12,24,26,26,0)
464:(51,2,13,24,26,26,0)
465:(52,2,13,25,25,25,0)
466:(51,2,14,25,25,25,0)
467:(52,2,12,25,25,25,0)
468:(52,2,13,26,24,24,0)
469:(51,2,14,26,24,24,0)
470:(52,2,12,26,24,24,0)
471:(52,2,13,27,23,23,0)
472:(51,2,14,27,23,23,0)
473:(52,2,12,27,23,23,0)
474:(52,2,13,28,22,22,0)
475:(51,2,14,28,22,22,0)
476:(52,2,14,29,21,21,0)
477:(51,2,15,29,21,21,0)
478:(52,2,15,30,20,20,0)
479:(51,2,16,30,20,20,0)
480:(52,2,14,30,20,20,0)
481:(52,2,15,31,19,19,0)
482:(51,2,16,31,19,19,0)
483:(52,2,14,31,19,19,0)
484:(52,2,15,32,18,18,0)
485:(51,2,16,32,18,18,0)
486:(52,2,16,33,17,17,0)
487:(51,2,17,33,17,17,0)
488:(52,2,17,34,16,16,0)
489:(51,2,18,34,16,16,0)
490:(52,2,18,35,15,15,0)
491:(51,2,19,35,15,15,0)
492:(52,2,19,36,14,14,0)
493:(51,2,20,36,14,14,0)
494:(52,2,18,36,14,14,0)
495:(52,2,17,36,14,14,0)
496:(52,2,18,37,13,13,0)
497:(51,2,19,37,13,13,0)
498:(52,2,19,38,12,12,0)
499:(51,2,20,38,12,12,0)
500:(52,2,20,39,11,11,0)
501:(51,2,21,39,11,11,0)
502:(52,2,21,40,10,10,0)
503:(51,2,22,40,10,10,0)
504:(52,2,20,40,10,10,0)
505:(52,2,21,41,9,9,0)
506:(51,2,22,41,9,9,0)
507:(52,2,20,41,9,9,0)
508:(52,2,19,41,9,9,0)
509:(52,2,20,42,8,8,0)
510:(51,2,21,42,8,8,0)
511:(52,2,21,43,7,7,0)
512:(51,2,22,43,7,7,0)
513:(52,2,22,44,6,6,0)
514:(51,2,23,44,6,6,0)
515:(52,2,23,45,5,5,0)
516:(51,2,24,45,5,5,0)
517:(52,2,22,45,5,5,0)
518:(52,2,23,46,4,4,0)
519:(51,2,24,46,4,4,0)
520:(52,2,24,47,3,3,0)
521:(51,2,25,47,3,3,0)
522:(52,2,23,47,3,3,0)
523:(52,2,22,47,3,3,0)
524:(52,2,23,48,2,2,0)
525:(51,2,24,48,2,2,0)
526:(52,2,22,48,2,2,0)
527:(52,2,23,49,1,1,0)
528:(51,2,24,49,1,1,0)
529:(52,2,24,50,0,0,0)
530:(51,2,25,50,0,0,0)
531:(52,2,23,50,0,0,0)
532:(52,2,22,50,0,0,0)
533:(52,2,21,50,0,0,0)
534:(52,2,20,50,0,0,0)
535:(52,2,19,50,0,0,0)
536:(52,2,18,50,0,0,0)
537:(52,2,17,50,0,0,0)
538:(52,2,16,50,0,0,0)
539:(52,2,15,50,0,0,0)
540:(52,2,14,50,0,0,0)
541:(52,2,13,50,0,0,0)
542:(52,2,12,50,0,0,0)
543:(52,2,11,50,0,0,0)
544:(52,2,10,50,0,0,0)
545:(52,2,9,50,0,0,0)
546:(52,2,8,50,0,0,0)
547:(52,2,7,50,0,0,0)
548:(52,2,6,50,0,0,0)
549:(52,2,5,50,0,0,0)
550:(52,2,4,50,0,0,0)
551:(52,2,3,50,0,0,0)
552:(52,2,2,50,0,0,0)
553:(52,2,1,50,0,0,0)
554:(52,2,0,50,0,0,0)
555:(48,2,0,0,50,50,0)
556:(50,2,0,1,49,49,0)
557:(49,2,1,1,49,49,0)
558:(50,2,1,2,48,48,0)
559:(49,2,2,2,48,48,0)
560:(50,2,2,3,47,47,0)
561:(49,2,3,3,47,47,0)
562:(50,2,3,4,46,46,0)
563:(49,2,4,4,46,46,0)
564:(50,2,4,5,45,45,0)
565:(49,2,5,5,45,45,0)
566:(51,2,3,5,45,45,0)
567:(51,2,4,6,44,44,0)
568:(50,2,5,6,44,44,0)
569:(51,2,5,7,43,43,0)
570:(50,2,6,7,43,43,0)
571:(51,2,6,8,42,42,0)
572:(50,2,7,8,42,42,0)
573:(51,2,5,8,42,42,0)
574:(51,2,6,9,41,41,0)
575:(50,2,7,9,41,41,0)
576:(51,2,7,10,40,40,0)
577:(50,2,8,10,40,40,0)
578:(52,2,6,10,40,40,0)
579:(53,2,5,10,40,40,0)
580:(53,2,6,11,39,39,0)
581:(52,2,7,11,39,39,0)
582:(53,2,5,11,39,39,0)
583:(53,2,6,12,38,38,0)
584:(52,2,7,12,38,38,0)
585:(53,2,7,13,37,37,0)
586:(52,2,8,13,37,37,0)
587:(53,2,8,14,36,36,0)
588:(52,2,9,14,36,36,0)
589:(53,2,7,14,36,36,0)
590:(53,2,8,15,35,35,0)
591:(52,2,9,15,35,35,0)
592:(53,2,9,16,34,34,0)
593:(52,2,10,16,34,34,0)
594:(53,2,10,17,33,33,0)
595:(52,2,11,17,33,33,0)
596:(53,2,11,18,32,32,0)
597:(52,2,12,18,32,32,0)
598:(53,2,12,19,31,31,0)
599:(52,2,13,19,31,31,0)
600:(53,2,11,19,31,31,0)
601:(53,2,12,20,30,30,0)
602:(52,2,13,20,30,30,0)
603:(53,2,11,20,30,30,0)
604:(53,2,12,21,29,29,0)
605:(52,2,13,21,29,29,0)
606:(53,2,13,22,28,28,0)
607:(52,2,14,22,28,28,0)
608:(53,2,12,22,28,28,0)
609:(53,2,13,23,27,27,0)
610:(52,2,14,23,27,27,0)
611:(53,2,12,23,27,27,0)
612:(53,2,11,23,27,27,0)
613:(53,2,12,24,26,26,0)
614:(52,2,13,24,26,26,0)
615:(53,2,13,25,25,25,0)
616:(52,2,14,25,25,25,0)
617:(53,2,12,25,25,25,0)
618:(53,2,13,26,24,24,0)
619:(52,2,14,26,24,24,0)
620:(53,2,12,26,24,24,0)
621:(53,2,13,27,23,23,0)
622:(52,2,14,27,23,23,0)
623:(53,2,12,27,23,23,0)
624:(53,2,13,28,22,22,0)
625:(52,2,14,28,22,22,0)
626:(53,2,14,29,21,21,0)
627:(52,2,15,29,21,21,0)
628:(53,2,15,30,20,20,0)
629:(52,2,16,30,20,20,0)
630:(53,2,14,30,20,20,0)
631:(53,2,15,31,19,19,0)
632:(52,2,16,31,19,19,0)
633:(53,2,14,31,19,19,0)
634:(53,2,15,32,18,18,0)
635:(52,2,16,32,18,18,0)
636:(53,2,16,33,17,17,0)
637:(52,2,17,33,17,17,0)
638:(53,2,17,34,16,16,0)
639:(52,2,18,34,16,16,0)
640:(53,2,18,35,15,15,0)
641:(52,2,19,35,15,15,0)
642:(53,2,19,36,14,14,0)
643:(52,2,20,36,14,14,0)
644:(53,2,18,36,14,14,0)
645:(53,2,17,36,14,14,0)
646:(53,2,18,37,13,13,0)
647:(52,2,19,37,13,13,0)
648:(53,2,19,38,12,12,0)
649:(52,2,20,38,12,12,0)
650:(53,2,20,39,11,11,0)
651:(52,2,21,39,11,11,0)
652:(53,2,21,40,10,10,0)
653:(52,2,22,40,10,10,0)
654:(53,2,20,40,10,10,0)
655:(53,2,21,41,9,9,0)
656:(52,2,22,41,9,9,0)
657:(53,2,20,41,9,9,0)
658:(53,2,19,41,9,9,0)
659:(53,2,20,42,8,8,0)
660:(52,2,21,42,8,8,0)
661:(53,2,21,43,7,7,0)
662:(52,2,22,43,7,7,0)
663:(53,2,22,44,6,6,0)
664:(52,2,23,44,6,6,0)
665:(53,2,23,45,5,5,0)
666:(52,2,24,45,5,5,0)
667:(53,2,22,45,5,5,0)
668:(53,2,23,46,4,4,0)
669:(52,2,24,46,4,4,0)
670:(53,2,24,47,3,3,0)
671:(52,2,25,47,3,3,0)
672:(53,2,23,47,3,3,0)
673:(53,2,22,47,3,3,0)
674:(53,2,23,48,2,2,0)
675:(52,2,24,48,2,2,0)
676:(53,2,22,48,2,2,0)
677:(53,2,23,49,1,1,0)
678:(52,2,24,49,1,1,0)
679:(53,2,24,50,0,0,0)
680:(52,2,25,50,0,0,0)
681:(53,2,23,50,0,0,0)
682:(53,2,22,50,0,0,0)
683:(53,2,21,50,0,0,0)
684:(53,2,20,50,0,0,0)
685:(53,2,19,50,0,0,0)
686:(53,2,18,50,0,0,0)
687:(53,2,17,50,0,0,0)
688:(53,2,16,50,0,0,0)
689:(53,2,15,50,0,0,0)
690:(53,2,14,50,0,0,0)
691:(53,2,13,50,0,0,0)
692:(53,2,12,50,0,0,0)
693:(53,2,11,50,0,0,0)
694:(53,2,10,50,0,0,0)
695:(53,2,9,50,0,0,0)
696:(53,2,8,50,0,0,0)
697:(53,2,7,50,0,0,0)
698:(53,2,6,50,0,0,0)
699:(53,2,5,50,0,0,0)
700:(53,2,4,50,0,0,0)
701:(53,2,3,50,0,0,0)
702:(53,2,2,50,0,0,0)
703:(53,2,1,50,0,0,0)
704:(53,2,0,50,0,0,0)
705:(47,2,1,0,50,50,0)
706:(48,2,2,1,49,49,0)
707:(47,2,3,2,48,48,0)
708:(48,2,3,2,48,48,0)
709:(47,2,4,3,47,47,0)
710:(48,2,4,3,47,47,0)
711:(47,2,5,4,46,46,0)
712:(48,2,5,4,46,46,0)
713:(47,2,6,5,45,45,0)
714:(48,2,6,5,45,45,0)
715:(48,2,6,6,44,44,0)
716:(49,2,6,6,44,44,0)
717:(48,2,7,7,43,43,0)
718:(49,2,7,7,43,43,0)
719:(48,2,8,8,42,42,0)
720:(49,2,8,8,42,42,0)
721:(48,2,8,9,41,41,0)
722:(49,2,8,9,41,41,0)
723:(48,2,9,10,40,40,0)
724:(49,2,9,10,40,40,0)
725:(50,2,8,11,39,39,0)
726:(51,2,8,11,39,39,0)
727:(50,2,8,12,38,38,0)
728:(51,2,8,12,38,38,0)
729:(50,2,9,13,37,37,0)
730:(51,2,9,13,37,37,0)
731:(50,2,10,14,36,36,0)
732:(51,2,10,14,36,36,0)
733:(50,2,10,15,35,35,0)
734:(51,2,10,15,35,35,0)
735:(50,2,11,16,34,34,0)
736:(51,2,11,16,34,34,0)
737:(50,2,12,17,33,33,0)
738:(51,2,12,17,33,33,0)
739:(50,2,13,18,32,32,0)
740:(51,2,13,18,32,32,0)
741:(50,2,14,19,31,31,0)
742:(51,2,14,19,31,31,0)
743:(50,2,14,20,30,30,0)
744:(51,2,14,20,30,30,0)
745:(50,2,14,21,29,29,0)
746:(51,2,14,21,29,29,0)
747:(50,2,15,22,28,28,0)
748:(51,2,15,22,28,28,0)
749:(50,2,15,23,27,27,0)
750:(51,2,15,23,27,27,0)
751:(50,2,14,24,26,26,0)
752:(51,2,14,24,26,26,0)
753:(50,2,15,25,25,25,0)
754:(51,2,15,25,25,25,0)
755:(50,2,15,26,24,24,0)
756:(51,2,15,26,24,24,0)
757:(50,2,15,27,23,23,0)
758:(51,2,15,27,23,23,0)
759:(50,2,15,28,22,22,0)
760:(51,2,15,28,22,22,0)
761:(50,2,16,29,21,21,0)
762:(51,2,16,29,21,21,0)
763:(50,2,17,30,20,20,0)
764:(51,2,17,30,20,20,0)
765:(50,2,17,31,19,19,0)
766:(51,2,17,31,19,19,0)
767:(50,2,17,32,18,18,0)
768:(51,2,17,32,18,18,0)
769:(50,2,18,33,17,17,0)
770:(51,2,18,33,17,17,0)
771:(50,2,19,34,16,16,0)
772:(51,2,19,34,16,16,0)
773:(50,2,20,35,15,15,0)
774:(51,2,20,35,15,15,0)
775:(50,2,21,36,14,14,0)
776:(51,2,21,36,14,14,0)
777:(50,2,20,37,13,13,0)
778:(51,2,20,37,13,13,0)
779:(50,2,21,38,12,12,0)
780:(51,2,21,38,12,12,0)
781:(50,2,22,39,11,11,0)
782:(51,2,22,39,11,11,0)
783:(50,2,23,40,10,10,0)
784:(51,2,23,40,10,10,0)
785:(50,2,23,41,9,9,0)
786:(51,2,23,41,9,9,0)
787:(50,2,22,42,8,8,0)
788:(51,2,22,42,8,8,0)
789:(50,2,23,43,7,7,0)
790:(51,2,23,43,7,7,0)
791:(50,2,24,44,6,6,0)
792:(51,2,24,44,6,6,0)
793:(50,2,25,45,5,5,0)
794:(51,2,25,45,5,5,0)
795:(50,2,25,46,4,4,0)
796:(51,2,25,46,4,4,0)
797:(50,2,26,47,3,3,0)
798:(51,2,26,47,3,3,0)
799:(50,2,25,48,2,2,0)
800:(51,2,25,48,2,2,0)
801:(50,2,25,49,1,1,0)
802:(51,2,25,49,1,1,0)
803:(50,2,26,50,0,0,0)
804:(51,2,26,50,0,0,0)
805:(44,2,1,1,49,49,0)
806:(44,2,2,1,49,49,0)
807:(45,2,0,1,49,49,0)
808:(45,2,1,2,48,48,0)
809:(45,2,2,2,48,48,0)
810:(45,2,2,3,47,47,0)
811:(45,2,3,3,47,47,0)
812:(45,2,3,4,46,46,0)
813:(45,2,4,4,46,46,0)
814:(45,2,4,5,45,45,0)
815:(45,2,5,5,45,45,0)
816:(46,2,3,5,45,45,0)
817:(46,2,4,6,44,44,0)
818:(46,2,5,6,44,44,0)
819:(46,2,5,7,43,43,0)
820:(46,2,6,7,43,43,0)
821:(46,2,6,8,42,42,0)
822:(46,2,7,8,42,42,0)
823:(46,2,5,8,42,42,0)
824:(46,2,6,9,41,41,0)
825:(46,2,7,9,41,41,0)
826:(46,2,7,10,40,40,0)
827:(46,2,8,10,40,40,0)
828:(47,2,6,10,40,40,0)
829:(48,2,5,10,40,40,0)
830:(48,2,6,11,39,39,0)
831:(48,2,7,11,39,39,0)
832:(48,2,5,11,39,39,0)
833:(48,2,6,12,38,38,0)
834:(48,2,7,12,38,38,0)
835:(48,2,7,13,37,37,0)
836:(48,2,8,13,37,37,0)
837:(48,2,8,14,36,36,0)
838:(48,2,9,14,36,36,0)
839:(48,2,7,14,36,36,0)
840:(48,2,8,15,35,35,0)
841:(48,2,9,15,35,35,0)
842:(48,2,9,16,34,34,0)
843:(48,2,10,16,34,34,0)
844:(48,2,10,17,33,33,0)
845:(48,2,11,17,33,33,0)
846:(48,2,11,18,32,32,0)
847:(48,2,12,18,32,32,0)
848:(48,2,12,19,31,31,0)
849:(48,2,13,19,31,31,0)
850:(48,2,11,19,31,31,0)
851:(48,2,12,20,30,30,0)
852:(48,2,13,20,30,30,0)
853:(48,2,11,20,30,30,0)
854:(48,2,12,21,29,29,0)
855:(48,2,13,21,29,29,0)
856:(48,2,13,22,28,28,0)
857:(48,2,14,22,28,28,0)
858:(48,2,12,22,28,28,0)
859:(48,2,13,23,27,27,0)
860:(48,2,14,23,27,27,0)
861:(48,2,12,23,27,27,0)
862:(48,2,11,23,27,27,0)
863:(48,2,12,24,26,26,0)
864:(48,2,13,24,26,26,0)
865:(48,2,13,25,25,25,0)
866:(48,2,14,25,25,25,0)
867:(48,2,12,25,25,25,0)
868:(48,2,13,26,24,24,0)
869:(48,2,14,26,24,24,0)
870:(48,2,12,26,24,24,0)
871:(48,2,13,27,23,23,0)
872:(48,2,14,27,23,23,0)
873:(48,2,12,27,23,23,0)
874:(48,2,13,28,22,22,0)
875:(48,2,14,28,22,22,0)
876:(48,2,14,29,21,21,0)
877:(48,2,15,29,21,21,0)
878:(48,2,15,30,20,20,0)
879:(48,2,16,30,20,20,0)
880:(48,2,14,30,20,20,0)
881:(48,2,15,31,19,19,0)
882:(48,2,16,31,19,19,0)
883:(48,2,14,31,19,19,0)
884:(48,2,15,32,18,18,0)
885:(48,2,16,32,18,18,0)
886:(48,2,16,33,17,17,0)
887:(48,2,17,33,17,17,0)
888:(48,2,17,34,16,16,0)
889:(48,2,18,34,16,16,0)
890:(48,2,18,35,15,15,0)
891:(48,2,19,35,15,15,0)
892:(48,2,19,36,14,14,0)
893:(48,2,20,36,14,14,0)
894:(48,2,18,36,14,14,0)
895:(48,2,17,36,14,14,0)
896:(48,2,18,37,13,13,0)
897:(48,2,19,37,13,13,0)
898:(48,2,19,38,12,12,0)
899:(48,2,20,38,12,12,0)
900:(48,2,20,39,11,11,0)
901:(48,2,21,39,11,11,0)
902:(48,2,21,40,10,10,0)
903:(48,2,22,40,10,10,0)
904:(48,2,20,40,10,10,0)
905:(48,2,21,41,9,9,0)
906:(48,2,22,41,9,9,0)
907:(48,2,20,41,9,9,0)
908:(48,2,19,41,9,9,0)
909:(48,2,20,42,8,8,0)
910:(48,2,21,42,8,8,0)
911:(48,2,21,43,7,7,0)
912:(48,2,22,43,7,7,0)
913:(48,2,22,44,6,6,0)
914:(48,2,23,44,6,6,0)
915:(48,2,23,45,5,5,0)
916:(48,2,24,45,5,5,0)
917:(48,2,22,45,5,5,0)
918:(48,2,23,46,4,4,0)
919:(48,2,24,46,4,4,0)
920:(48,2,24,47,3,3,0)
921:(48,2,25,47,3,3,0)
922:(48,2,23,47,3,3,0)
923:(48,2,22,47,3,3,0)
924:(48,2,23,48,2,2,0)
925:(48,2,24,48,2,2,0)
926:(48,2,22,48,2,2,0)
927:(48,2,23,49,1,1,0)
928:(48,2,24,49,1,1,0)
929:(48,2,24,50,0,0,0)
930:(48,2,25,50,0,0,0)
931:(48,2,23,50,0,0,0)
932:(48,2,22,50,0,0,0)
933:(48,2,21,50,0,0,0)
934:(48,2,20,50,0,0,0)
935:(48,2,19,50,0,0,0)
936:(48,2,18,50,0,0,0)
937:(48,2,17,50,0,0,0)
938:(48,2,16,50,0,0,0)
939:(48,2,15,50,0,0,0)
940:(48,2,14,50,0,0,0)
941:(48,2,13,50,0,0,0)
942:(48,2,12,50,0,0,0)
943:(48,2,11,50,0,0,0)
944:(48,2,10,50,0,0,0)
945:(48,2,9,50,0,0,0)
946:(48,2,8,50,0,0,0)
947:(48,2,7,50,0,0,0)
948:(48,2,6,50,0,0,0)
949:(48,2,5,50,0,0,0)
950:(48,2,4,50,0,0,0)
951:(48,2,3,50,0,0,0)
952:(48,2,2,50,0,0,0)
953:(48,2,1,50,0,0,0)
954:(48,2,0,50,0,0,0)
955:(44,2,0,0,50,50,0)
956:(44,2,0,1,49,49,0)
957:(44,2,1,2,48,48,0)
958:(44,2,2,2,48,48,0)
959:(44,2,2,3,47,47,0)
960:(44,2,3,3,47,47,0)
961:(44,2,3,4,46,46,0)
962:(44,2,4,4,46,46,0)
963:(44,2,4,5,45,45,0)
964:(44,2,5,5,45,45,0)
965:(45,2,3,5,45,45,0)
966:(45,2,4,6,44,44,0)
967:(45,2,5,6,44,44,0)
968:(45,2,5,7,43,43,0)
969:(45,2,6,7,43,43,0)
970:(45,2,6,8,42,42,0)
971:(45,2,7,8,42,42,0)
972:(45,2,5,8,42,42,0)
973:(45,2,6,9,41,41,0)
974:(45,2,7,9,41,41,0)
975:(45,2,7,10,40,40,0)
976:(45,2,8,10,40,40,0)
977:(46,2,6,10,40,40,0)
978:(47,2,5,10,40,40,0)
979:(47,2,6,11,39,39,0)
980:(47,2,7,11,39,39,0)
981:(47,2,5,11,39,39,0)
982:(47,2,6,12,38,38,0)
983:(47,2,7,12,38,38,0)
984:(47,2,7,13,37,37,0)
985:(47,2,8,13,37,37,0)
986:(47,2,8,14,36,36,0)
987:(47,2,9,14,36,36,0)
988:(47,2,7,14,36,36,0)
989:(47,2,8,15,35,35,0)
990:(47,2,9,15,35,35,0)
991:(47,2,9,16,34,34,0)
992:(47,2,10,16,34,34,0)
993:(47,2,10,17,33,33,0)
994:(47,2,11,17,33,33,0)
995:(47,2,11,18,32,32,0)
996:(47,2,12,18,32,32,0)
997:(47,2,12,19,31,31,0)
998:(47,2,13,19,31,31,0)
999:(47,2,11,19,31,31,0)
1000:(47,2,12,20,30,30,0)
1001:(47,2,13,20,30,30,0)
1002:(47,2,11,20,30,30,0)
1003:(47,2,12,21,29,29,0)
1004:(47,2,13,21,29,29,0)
1005:(47,2,13,22,28,28,0)
1006:(47,2,14,22,28,28,0)
1007:(47,2,12,22,28,28,0)
1008:(47,2,13,23,27,27,0)
1009:(47,2,14,23,27,27,0)
1010:(47,2,12,23,27,27,0)
1011:(47,2,11,23,27,27,0)
1012:(47,2,12,24,26,26,0)
1013:(47,2,13,24,26,26,0)
1014:(47,2,13,25,25,25,0)
1015:(47,2,14,25,25,25,0)
1016:(47,2,12,25,25,25,0)
1017:(47,2,13,26,24,24,0)
1018:(47,2,14,26,24,24,0)
1019:(47,2,12,26,24,24,0)
1020:(47,2,13,27,23,23,0)
1021:(47,2,14,27,23,23,0)
1022:(47,2,12,27,23,23,0)
1023:(47,2,13,28,22,22,0)
1024:(47,2,14,28,22,22,0)
1025:(47,2,14,29,21,21,0)
1026:(47,2,15,29,21,21,0)
1027:(47,2,15,30,20,20,0)
1028:(47,2,16,30,20,20,0)
1029:(47,2,14,30,20,20,0)
1030:(47,2,15,31,19,19,0)
1031:(47,2,16,31,19,19,0)
1032:(47,2,14,31,19,19,0)
1033:(47,2,15,32,18,18,0)
1034:(47,2,16,32,18,18,0)
1035:(47,2,16,33,17,17,0)
1036:(47,2,17,33,17,17,0)
1037:(47,2,17,34,16,16,0)
1038:(47,2,18,34,16,16,0)
1039:(47,2,18,35,15,15,0)
1040:(47,2,19,35,15,15,0)
1041:(47,2,19,36,14,14,0)
1042:(47,2,20,36,14,14,0)
1043:(47,2,18,36,14,14,0)
1044:(47,2,17,36,14,14,0)
1045:(47,2,18,37,13,13,0)
1046:(47,2,19,37,13,13,0)
1047:(47,2,19,38,12,12,0)
1048:(47,2,20,38,12,12,0)
1049:(47,2,20,39,11,11,0)
1050:(47,2,21,39,11,11,0)
1051:(47,2,21,40,10,10,0)
1052:(47,2,22,40,10,10,0)
1053:(47,2,20,40,10,10,0)
1054:(47,2,21,41,9,9,0)
1055:(47,2,22,41,9,9,0)
1056:(47,2,20,41,9,9,0)
1057:(47,2,19,41,9,9,0)
1058:(47,2,20,42,8,8,0)
1059:(47,2,21,42,8,8,0)
1060:(47,2,21,43,7,7,0)
1061:(47,2,22,43,7,7,0)
1062:(47,2,22,44,6,6,0)
1063:(47,2,23,44,6,6,0)
1064:(47,2,23,45,5,5,0)
1065:(47,2,24,45,5,5,0)
1066:(47,2,22,45,5,5,0)
1067:(47,2,23,46,4,4,0)
1068:(47,2,24,46,4,4,0)
1069:(47,2,24,47,3,3,0)
1070:(47,2,25,47,3,3,0)
1071:(47,2,23,47,3,3,0)
1072:(47,2,22,47,3,3,0)
1073:(47,2,23,48,2,2,0)
1074:(47,2,24,48,2,2,0)
1075:(47,2,22,48,2,2,0)
1076:(47,2,23,49,1,1,0)
1077:(47,2,24,49,1,1,0)
1078:(47,2,24,50,0,0,0)
1079:(47,2,25,50,0,0,0)
1080:(47,2,23,50,0,0,0)
1081:(47,2,22,50,0,0,0)
1082:(47,2,21,50,0,0,0)
1083:(47,2,20,50,0,0,0)
1084:(47,2,19,50,0,0,0)
1085:(47,2,18,50,0,0,0)
1086:(47,2,17,50,0,0,0)
1087:(47,2,16,50,0,0,0)
1088:(47,2,15,50,0,0,0)
1089:(47,2,14,50,0,0,0)
1090:(47,2,13,50,0,0,0)
1091:(47,2,12,50,0,0,0)
1092:(47,2,11,50,0,0,0)
1093:(47,2,10,50,0,0,0)
1094:(47,2,9,50,0,0,0)
1095:(47,2,8,50,0,0,0)
1096:(47,2,7,50,0,0,0)
1097:(47,2,6,50,0,0,0)
1098:(47,2,5,50,0,0,0)
1099:(47,2,4,50,0,0,0)
1100:(47,2,3,50,0,0,0)
1101:(47,2,2,50,0,0,0)
1102:(47,2,1,50,0,0,0)
1103:(47,2,0,50,0,0,0)
1104:(44,2,1,0,50,50,0)
1105:(44,2,3,2,48,48,0)
1106:(45,2,3,2,48,48,0)
1107:(44,2,4,3,47,47,0)
1108:(45,2,4,3,47,47,0)
1109:(44,2,5,4,46,46,0)
1110:(45,2,5,4,46,46,0)
1111:(44,2,6,5,45,45,0)
1112:(45,2,6,5,45,45,0)
1113:(45,2,6,6,44,44,0)
1114:(46,2,6,6,44,44,0)
1115:(45,2,7,7,43,43,0)
1116:(46,2,7,7,43,43,0)
1117:(45,2,8,8,42,42,0)
1118:(46,2,8,8,42,42,0)
1119:(45,2,8,9,41,41,0)
1120:(46,2,8,9,41,41,0)
1121:(45,2,9,10,40,40,0)
1122:(46,2,9,10,40,40,0)
1123:(47,2,8,11,39,39,0)
1124:(48,2,8,11,39,39,0)
1125:(47,2,8,12,38,38,0)
1126:(48,2,8,12,38,38,0)
1127:(47,2,9,13,37,37,0)
1128:(48,2,9,13,37,37,0)
1129:(47,2,10,14,36,36,0)
1130:(48,2,10,14,36,36,0)
1131:(47,2,10,15,35,35,0)
1132:(48,2,10,15,35,35,0)
1133:(47,2,11,16,34,34,0)
1134:(48,2,11,16,34,34,0)
1135:(47,2,12,17,33,33,0)
1136:(48,2,12,17,33,33,0)
1137:(47,2,13,18,32,32,0)
1138:(48,2,13,18,32,32,0)
1139:(47,2,14,19,31,31,0)
1140:(48,2,14,19,31,31,0)
1141:(47,2,14,20,30,30,0)
1142:(48,2,14,20,30,30,0)
1143:(47,2,14,21,29,29,0)
1144:(48,2,14,21,29,29,0)
1145:(47,2,15,22,28,28,0)
1146:(48,2,15,22,28,28,0)
1147:(47,2,15,23,27,27,0)
1148:(48,2,15,23,27,27,0)
1149:(47,2,14,24,26,26,0)
1150:(48,2,14,24,26,26,0)
1151:(47,2,15,25,25,25,0)
1152:(48,2,15,25,25,25,0)
1153:(47,2,15,26,24,24,0)
1154:(48,2,15,26,24,24,0)
1155:(47,2,15,27,23,23,0)
1156:(48,2,15,27,23,23,0)
1157:(47,2,15,28,22,22,0)
1158:(48,2,15,28,22,22,0)
1159:(47,2,16,29,21,21,0)
1160:(48,2,16,29,21,21,0)
1161:(47,2,17,30,20,20,0)
1162:(48,2,17,30,20,20,0)
1163:(47,2,17,31,19,19,0)
1164:(48,2,17,31,19,19,0)
1165:(47,2,17,32,18,18,0)
1166:(48,2,17,32,18,18,0)
1167:(47,2,18,33,17,17,0)
1168:(48,2,18,33,17,17,0)
1169:(47,2,19,34,16,16,0)
1170:(48,2,19,34,16,16,0)
1171:(47,2,20,35,15,15,0)
1172:(48,2,20,35,15,15,0)
1173:(47,2,21,36,14,14,0)
1174:(48,2,21,36,14,14,0)
1175:(47,2,20,37,13,13,0)
1176:(48,2,20,37,13,13,0)
1177:(47,2,21,38,12,12,0)
1178:(48,2,21,38,12,12,0)
1179:(47,2,22,39,11,11,0)
1180:(48,2,22,39,11,11,0)
1181:(47,2,23,40,10,10,0)
1182:(48,2,23,40,10,10,0)
1183:(47,2,23,41,9,9,0)
1184:(48,2,23,41,9,9,0)
1185:(47,2,22,42,8,8,0)
1186:(48,2,22,42,8,8,0)
1187:(47,2,23,43,7,7,0)
1188:(48,2,23,43,7,7,0)
1189:(47,2,24,44,6,6,0)
1190:(48,2,24,44,6,6,0)
1191:(47,2,25,45,5,5,0)
1192:(48,2,25,45,5,5,0)
1193:(47,2,25,46,4,4,0)
1194:(48,2,25,46,4,4,0)
1195:(47,2,26,47,3,3,0)
1196:(48,2,26,47,3,3,0)
1197:(47,2,25,48,2,2,0)
1198:(48,2,25,48,2,2,0)
1199:(47,2,25,49,1,1,0)
1200:(48,2,25,49,1,1,0)
1201:(47,2,26,50,0,0,0)
1202:(48,2,26,50,0,0,0)
1203:(46,2,3,2,48,48,0)
1204:(46,2,4,3,47,47,0)
1205:(46,2,5,4,46,46,0)
1206:(46,2,6,5,45,45,0)
1207:(47,2,6,6,44,44,0)
1208:(47,2,7,7,43,43,0)
1209:(47,2,8,8,42,42,0)
1210:(47,2,8,9,41,41,0)
1211:(47,2,9,10,40,40,0)
1212:(49,2,8,11,39,39,0)
1213:(49,2,8,12,38,38,0)
1214:(49,2,9,13,37,37,0)
1215:(49,2,10,14,36,36,0)
1216:(49,2,10,15,35,35,0)
1217:(49,2,11,16,34,34,0)
1218:(49,2,12,17,33,33,0)
1219:(49,2,13,18,32,32,0)
1220:(49,2,14,19,31,31,0)
1221:(49,2,14,20,30,30,0)
1222:(49,2,14,21,29,29,0)
1223:(49,2,15,22,28,28,0)
1224:(49,2,15,23,27,27,0)
1225:(49,2,14,24,26,26,0)
1226:(49,2,15,25,25,25,0)
1227:(49,2,15,26,24,24,0)
1228:(49,2,15,27,23,23,0)
1229:(49,2,15,28,22,22,0)
1230:(49,2,16,29,21,21,0)
1231:(49,2,17,30,20,20,0)
1232:(49,2,17,31,19,19,0)
1233:(49,2,17,32,18,18,0)
1234:(49,2,18,33,17,17,0)
1235:(49,2,19,34,16,16,0)
1236:(49,2,20,35,15,15,0)
1237:(49,2,21,36,14,14,0)
1238:(49,2,20,37,13,13,0)
1239:(49,2,21,38,12,12,0)
1240:(49,2,22,39,11,11,0)
1241:(49,2,23,40,10,10,0)
1242:(49,2,23,41,9,9,0)
1243:(49,2,22,42,8,8,0)
1244:(49,2,23,43,7,7,0)
1245:(49,2,24,44,6,6,0)
1246:(49,2,25,45,5,5,0)
1247:(49,2,25,46,4,4,0)
1248:(49,2,26,47,3,3,0)
1249:(49,2,25,48,2,2,0)
1250:(49,2,25,49,1,1,0)
1251:(49,2,26,50,0,0,0)
1252:(-1,-1,-1,-1,-1,-1,-1)