(r,l,rl,g,ga,gbg,gd)
0:(50,2,0,50,0,0,0)
1:(50,2,1,50,0,0,0)
2:(50,2,2,50,0,0,0)
3:(50,2,3,50,0,0,0)
4:(50,2,4,50,0,0,0)
5:(50,2,5,50,0,0,0)
6:(50,2,6,50,0,0,0)
7:(50,2,7,50,0,0,0)
8:(50,2,8,50,0,0,0)
9:(50,2,9,50,0,0,0)
10:(50,2,10,50,0,0,0)
11:(50,2,11,50,0,0,0)
12:(50,2,12,50,0,0,0)
13:(50,2,13,50,0,0,0)
14:(50,2,14,50,0,0,0)
15:(50,2,15,50,0,0,0)
16:(50,2,16,50,0,0,0)
17:(50,2,17,50,0,0,0)
18:(50,2,18,50,0,0,0)
19:(50,2,19,50,0,0,0)
20:(50,2,20,50,0,0,0)
21:(50,2,21,50,0,0,0)
22:(50,2,22,50,0,0,0)
23:(50,2,23,50,0,0,0)
24:(50,2,24,50,0,0,0)
25:(50,2,23,49,1,1,0)
26:(50,2,22,48,2,2,0)
27:(50,2,23,48,2,2,0)
28:(50,2,22,47,3,3,0)
29:(50,2,23,47,3,3,0)
30:(50,2,24,47,3,3,0)
31:(50,2,23,46,4,4,0)
32:(50,2,22,45,5,5,0)
33:(50,2,23,45,5,5,0)
34:(50,2,22,44,6,6,0)
35:(50,2,21,43,7,7,0)
36:(50,2,20,42,8,8,0)
37:(50,2,19,41,9,9,0)
38:(50,2,20,41,9,9,0)
39:(50,2,21,41,9,9,0)
40:(50,2,20,40,10,10,0)
41:(50,2,21,40,10,10,0)
42:(50,2,20,39,11,11,0)
43:(50,2,19,38,12,12,0)
44:(50,2,18,37,13,13,0)
45:(50,2,17,36,14,14,0)
46:(50,2,18,36,14,14,0)
47:(50,2,19,36,14,14,0)
48:(50,2,18,35,15,15,0)
49:(50,2,17,34,16,16,0)
50:(50,2,16,33,17,17,0)
51:(50,2,15,32,18,18,0)
52:(50,2,14,31,19,19,0)
53:(50,2,15,31,19,19,0)
54:(50,2,14,30,20,20,0)
55:(50,2,15,30,20,20,0)
56:(50,2,14,29,21,21,0)
57:(50,2,13,28,22,22,0)
58:(50,2,12,27,23,23,0)
59:(50,2,13,27,23,23,0)
60:(50,2,12,26,24,24,0)
61:(50,2,13,26,24,24,0)
62:(50,2,12,25,25,25,0)
63:(50,2,13,25,25,25,0)
64:(50,2,12,24,26,26,0)
65:(50,2,11,23,27,27,0)
66:(50,2,12,23,27,27,0)
67:(50,2,13,23,27,27,0)
68:(50,2,12,22,28,28,0)
69:(50,2,13,22,28,28,0)
70:(50,2,12,21,29,29,0)
71:(50,2,11,20,30,30,0)
72:(50,2,12,20,30,30,0)
73:(50,2,11,19,31,31,0)
74:(50,2,12,19,31,31,0)
75:(50,2,11,18,32,32,0)
76:(50,2,10,17,33,33,0)
77:(50,2,9,16,34,34,0)
78:(50,2,8,15,35,35,0)
79:(50,2,7,14,36,36,0)
80:(50,2,8,14,36,36,0)
81:(50,2,7,13,37,37,0)
82:(50,2,6,12,38,38,0)
83:(50,2,5,11,39,39,0)
84:(50,2,6,11,39,39,0)
85:(50,2,5,10,40,40,0)
86:(49,2,6,10,40,40,0)
87:(48,2,7,10,40,40,0)
88:(48,2,6,9,41,41,0)
89:(48,2,5,8,42,42,0)
90:(48,2,6,8,42,42,0)
91:(48,2,5,7,43,43,0)
92:(48,2,4,6,44,44,0)
93:(48,2,3,5,45,45,0)
94:(47,2,4,5,45,45,0)
95:(47,2,3,4,46,46,0)
96:(47,2,2,3,47,47,0)
97:(47,2,1,2,48,48,0)
98:(47,2,0,1,49,49,0)
99:(46,2,1,1,49,49,0)
100:(46,2,0,0,50,50,0)
101:(47,2,0,0,50,50,0)
102:(45,2,1,0,50,50,0)
103:(45,2,2,0,50,50,0)
104:(47,2,1,1,49,49,0)
105:(45,2,2,1,49,49,0)
106:(45,2,3,1,49,49,0)
107:(48,2,0,1,49,49,0)
108:(46,2,2,1,49,49,0)
109:(48,2,1,2,48,48,0)
110:(46,2,2,2,48,48,0)
111:(46,2,3,2,48,48,0)
112:(48,2,2,3,47,47,0)
113:(46,2,3,3,47,47,0)
114:(46,2,4,3,47,47,0)
115:(48,2,3,4,46,46,0)
116:(46,2,4,4,46,46,0)
117:(46,2,5,4,46,46,0)
118:(48,2,4,5,45,45,0)
119:(46,2,5,5,45,45,0)
120:(46,2,6,5,45,45,0)
121:(49,2,3,5,45,45,0)
122:(47,2,5,5,45,45,0)
123:(49,2,4,6,44,44,0)
124:(47,2,5,6,44,44,0)
125:(47,2,6,6,44,44,0)
126:(49,2,5,7,43,43,0)
127:(47,2,6,7,43,43,0)
128:(47,2,7,7,43,43,0)
129:(49,2,6,8,42,42,0)
130:(47,2,7,8,42,42,0)
131:(47,2,8,8,42,42,0)
132:(49,2,5,8,42,42,0)
133:(47,2,6,8,42,42,0)
134:(49,2,6,9,41,41,0)
135:(47,2,7,9,41,41,0)
136:(47,2,8,9,41,41,0)
137:(49,2,7,10,40,40,0)
138:(47,2,8,10,40,40,0)
139:(47,2,9,10,40,40,0)
140:(50,2,6,10,40,40,0)
141:(48,2,8,10,40,40,0)
142:(51,2,5,10,40,40,0)
143:(51,2,6,11,39,39,0)
144:(49,2,7,11,39,39,0)
145:(49,2,8,11,39,39,0)
146:(51,2,5,11,39,39,0)
147:(49,2,6,11,39,39,0)
148:(51,2,6,12,38,38,0)
149:(49,2,7,12,38,38,0)
150:(49,2,8,12,38,38,0)
151:(51,2,7,13,37,37,0)
152:(49,2,8,13,37,37,0)
153:(49,2,9,13,37,37,0)
154:(51,2,8,14,36,36,0)
155:(49,2,9,14,36,36,0)
156:(49,2,10,14,36,36,0)
157:(51,2,7,14,36,36,0)
158:(49,2,8,14,36,36,0)
159:(51,2,8,15,35,35,0)
160:(49,2,9,15,35,35,0)
161:(49,2,10,15,35,35,0)
162:(51,2,9,16,34,34,0)
163:(49,2,10,16,34,34,0)
164:(49,2,11,16,34,34,0)
165:(51,2,10,17,33,33,0)
166:(49,2,11,17,33,33,0)
167:(49,2,12,17,33,33,0)
168:(51,2,11,18,32,32,0)
169:(49,2,12,18,32,32,0)
170:(49,2,13,18,32,32,0)
171:(51,2,12,19,31,31,0)
172:(49,2,13,19,31,31,0)
173:(49,2,14,19,31,31,0)
174:(51,2,11,19,31,31,0)
175:(49,2,12,19,31,31,0)
176:(51,2,12,20,30,30,0)
177:(49,2,13,20,30,30,0)
178:(49,2,14,20,30,30,0)
179:(51,2,11,20,30,30,0)
180:(49,2,12,20,30,30,0)
181:(51,2,12,21,29,29,0)
182:(49,2,13,21,29,29,0)
183:(49,2,14,21,29,29,0)
184:(51,2,13,22,28,28,0)
185:(49,2,14,22,28,28,0)
186:(49,2,15,22,28,28,0)
187:(51,2,12,22,28,28,0)
188:(49,2,13,22,28,28,0)
189:(51,2,13,23,27,27,0)
190:(49,2,14,23,27,27,0)
191:(49,2,15,23,27,27,0)
192:(51,2,12,23,27,27,0)
193:(49,2,13,23,27,27,0)
194:(51,2,11,23,27,27,0)
195:(49,2,12,23,27,27,0)
196:(51,2,12,24,26,26,0)
197:(49,2,13,24,26,26,0)
198:(49,2,14,24,26,26,0)
199:(51,2,13,25,25,25,0)
200:(49,2,14,25,25,25,0)
201:(49,2,15,25,25,25,0)
202:(51,2,12,25,25,25,0)
203:(49,2,13,25,25,25,0)
204:(51,2,13,26,24,24,0)
205:(49,2,14,26,24,24,0)
206:(49,2,15,26,24,24,0)
207:(51,2,12,26,24,24,0)
208:(49,2,13,26,24,24,0)
209:(51,2,13,27,23,23,0)
210:(49,2,14,27,23,23,0)
211:(49,2,15,27,23,23,0)
212:(51,2,12,27,23,23,0)
213:(49,2,13,27,23,23,0)
214:(51,2,13,28,22,22,0)
215:(49,2,14,28,22,22,0)
216:(49,2,15,28,22,22,0)
217:(51,2,14,29,21,21,0)
218:(49,2,15,29,21,21,0)
219:(49,2,16,29,21,21,0)
220:(51,2,15,30,20,20,0)
221:(49,2,16,30,20,20,0)
222:(49,2,17,30,20,20,0)
223:(51,2,14,30,20,20,0)
224:(49,2,15,30,20,20,0)
225:(51,2,15,31,19,19,0)
226:(49,2,16,31,19,19,0)
227:(49,2,17,31,19,19,0)
228:(51,2,14,31,19,19,0)
229:(49,2,15,31,19,19,0)
230:(51,2,15,32,18,18,0)
231:(49,2,16,32,18,18,0)
232:(49,2,17,32,18,18,0)
233:(51,2,16,33,17,17,0)
234:(49,2,17,33,17,17,0)
235:(49,2,18,33,17,17,0)
236:(51,2,17,34,16,16,0)
237:(49,2,18,34,16,16,0)
238:(49,2,19,34,16,16,0)
239:(51,2,18,35,15,15,0)
240:(49,2,19,35,15,15,0)
241:(49,2,20,35,15,15,0)
242:(51,2,19,36,14,14,0)
243:(49,2,20,36,14,14,0)
244:(49,2,21,36,14,14,0)
245:(51,2,18,36,14,14,0)
246:(49,2,19,36,14,14,0)
247:(51,2,17,36,14,14,0)
248:(49,2,18,36,14,14,0)
249:(51,2,18,37,13,13,0)
250:(49,2,19,37,13,13,0)
251:(49,2,20,37,13,13,0)
252:(51,2,19,38,12,12,0)
253:(49,2,20,38,12,12,0)
254:(49,2,21,38,12,12,0)
255:(51,2,20,39,11,11,0)
256:(49,2,21,39,11,11,0)
257:(49,2,22,39,11,11,0)
258:(51,2,21,40,10,10,0)
259:(49,2,22,40,10,10,0)
260:(49,2,23,40,10,10,0)
261:(51,2,20,40,10,10,0)
262:(49,2,21,40,10,10,0)
263:(51,2,21,41,9,9,0)
264:(49,2,22,41,9,9,0)
265:(49,2,23,41,9,9,0)
266:(51,2,20,41,9,9,0)
267:(49,2,21,41,9,9,0)
268:(51,2,19,41,9,9,0)
269:(49,2,20,41,9,9,0)
270:(51,2,20,42,8,8,0)
271:(49,2,21,42,8,8,0)
272:(49,2,22,42,8,8,0)
273:(51,2,21,43,7,7,0)
274:(49,2,22,43,7,7,0)
275:(49,2,23,43,7,7,0)
276:(51,2,22,44,6,6,0)
277:(49,2,23,44,6,6,0)
278:(49,2,24,44,6,6,0)
279:(51,2,23,45,5,5,0)
280:(49,2,24,45,5,5,0)
281:(49,2,25,45,5,5,0)
282:(51,2,22,45,5,5,0)
283:(49,2,23,45,5,5,0)
284:(51,2,23,46,4,4,0)
285:(49,2,24,46,4,4,0)
286:(49,2,25,46,4,4,0)
287:(51,2,24,47,3,3,0)
288:(49,2,25,47,3,3,0)
289:(49,2,26,47,3,3,0)
290:(51,2,23,47,3,3,0)
291:(49,2,24,47,3,3,0)
292:(51,2,22,47,3,3,0)
293:(49,2,23,47,3,3,0)
294:(51,2,23,48,2,2,0)
295:(49,2,24,48,2,2,0)
296:(49,2,25,48,2,2,0)
297:(51,2,22,48,2,2,0)
298:(49,2,23,48,2,2,0)
299:(51,2,23,49,1,1,0)
300:(49,2,24,49,1,1,0)
301:(49,2,25,49,1,1,0)
302:(51,2,24,50,0,0,0)
303:(49,2,25,50,0,0,0)
304:(49,2,26,50,0,0,0)
305:(51,2,23,50,0,0,0)
306:(49,2,24,50,0,0,0)
307:(51,2,22,50,0,0,0)
308:(49,2,23,50,0,0,0)
309:(51,2,21,50,0,0,0)
310:(49,2,22,50,0,0,0)
311:(51,2,20,50,0,0,0)
312:(49,2,21,50,0,0,0)
313:(51,2,19,50,0,0,0)
314:(49,2,20,50,0,0,0)
315:(51,2,18,50,0,0,0)
316:(49,2,19,50,0,0,0)
317:(51,2,17,50,0,0,0)
318:(49,2,18,50,0,0,0)
319:(51,2,16,50,0,0,0)
320:(49,2,17,50,0,0,0)
321:(51,2,15,50,0,0,0)
322:(49,2,16,50,0,0,0)
323:(51,2,14,50,0,0,0)
324:(49,2,15,50,0,0,0)
325:(51,2,13,50,0,0,0)
326:(49,2,14,50,0,0,0)
327:(51,2,12,50,0,0,0)
328:(49,2,13,50,0,0,0)
329:(51,2,11,50,0,0,0)
330:(49,2,12,50,0,0,0)
331:(51,2,10,50,0,0,0)
332:(49,2,11,50,0,0,0)
333:(51,2,9,50,0,0,0)
334:(49,2,10,50,0,0,0)
335:(51,2,8,50,0,0,0)
336:(49,2,9,50,0,0,0)
337:(51,2,7,50,0,0,0)
338:(49,2,8,50,0,0,0)
339:(51,2,6,50,0,0,0)
340:(49,2,7,50,0,0,0)
341:(51,2,5,50,0,0,0)
342:(49,2,6,50,0,0,0)
343:(51,2,4,50,0,0,0)
344:(49,2,5,50,0,0,0)
345:(51,2,3,50,0,0,0)
346:(49,2,4,50,0,0,0)
347:(51,2,2,50,0,0,0)
348:(49,2,3,50,0,0,0)
349:(51,2,1,50,0,0,0)
350:(49,2,2,50,0,0,0)
351:(51,2,0,50,0,0,0)
352:(50,2,0,50,0,0,0)
353:(49,2,1,50,0,0,0)
354:(48,2,1,1,49,49,0)
355:(46,2,3,1,49,49,0)
356:(49,2,0,1,49,49,0)
357:(47,2,2,1,49,49,0)
358:(49,2,1,2,48,48,0)
359:(47,2,2,2,48,48,0)
360:(47,2,3,2,48,48,0)
361:(49,2,2,3,47,47,0)
362:(47,2,3,3,47,47,0)
363:(47,2,4,3,47,47,0)
364:(49,2,3,4,46,46,0)
365:(47,2,4,4,46,46,0)
366:(47,2,5,4,46,46,0)
367:(49,2,4,5,45,45,0)
368:(47,2,6,5,45,45,0)
369:(50,2,3,5,45,45,0)
370:(48,2,5,5,45,45,0)
371:(50,2,4,6,44,44,0)
372:(48,2,5,6,44,44,0)
373:(48,2,6,6,44,44,0)
374:(50,2,5,7,43,43,0)
375:(48,2,6,7,43,43,0)
376:(48,2,7,7,43,43,0)
377:(50,2,6,8,42,42,0)
378:(48,2,7,8,42,42,0)
379:(48,2,8,8,42,42,0)
380:(50,2,5,8,42,42,0)
381:(50,2,6,9,41,41,0)
382:(48,2,7,9,41,41,0)
383:(48,2,8,9,41,41,0)
384:(50,2,7,10,40,40,0)
385:(48,2,9,10,40,40,0)
386:(51,2,6,10,40,40,0)
387:(49,2,8,10,40,40,0)
388:(52,2,5,10,40,40,0)
389:(52,2,6,11,39,39,0)
390:(50,2,7,11,39,39,0)
391:(50,2,8,11,39,39,0)
392:(52,2,5,11,39,39,0)
393:(52,2,6,12,38,38,0)
394:(50,2,7,12,38,38,0)
395:(50,2,8,12,38,38,0)
396:(52,2,7,13,37,37,0)
397:(50,2,8,13,37,37,0)
398:(50,2,9,13,37,37,0)
399:(52,2,8,14,36,36,0)
400:(50,2,9,14,36,36,0)
401:(50,2,10,14,36,36,0)
402:(52,2,7,14,36,36,0)
403:(52,2,8,15,35,35,0)
404:(50,2,9,15,35,35,0)
405:(50,2,10,15,35,35,0)
406:(52,2,9,16,34,34,0)
407:(50,2,10,16,34,34,0)
408:(50,2,11,16,34,34,0)
409:(52,2,10,17,33,33,0)
410:(50,2,11,17,33,33,0)
411:(50,2,12,17,33,33,0)
412:(52,2,11,18,32,32,0)
413:(50,2,12,18,32,32,0)
414:(50,2,13,18,32,32,0)
415:(52,2,12,19,31,31,0)
416:(50,2,13,19,31,31,0)
417:(50,2,14,19,31,31,0)
418:(52,2,11,19,31,31,0)
419:(52,2,12,20,30,30,0)
420:(50,2,13,20,30,30,0)
421:(50,2,14,20,30,30,0)
422:(52,2,11,20,30,30,0)
423:(52,2,12,21,29,29,0)
424:(50,2,13,21,29,29,0)
425:(50,2,14,21,29,29,0)
426:(52,2,13,22,28,28,0)
427:(50,2,14,22,28,28,0)
428:(50,2,15,22,28,28,0)
429:(52,2,12,22,28,28,0)
430:(52,2,13,23,27,27,0)
431:(50,2,14,23,27,27,0)
432:(50,2,15,23,27,27,0)
433:(52,2,12,23,27,27,0)
434:(52,2,11,23,27,27,0)
435:(52,2,12,24,26,26,0)
436:(50,2,13,24,26,26,0)
437:(50,2,14,24,26,26,0)
438:(52,2,13,25,25,25,0)
439:(50,2,14,25,25,25,0)
440:(50,2,15,25,25,25,0)
441:(52,2,12,25,25,25,0)
442:(52,2,13,26,24,24,0)
443:(50,2,14,26,24,24,0)
444:(50,2,15,26,24,24,0)
445:(52,2,12,26,24,24,0)
446:(52,2,13,27,23,23,0)
447:(50,2,14,27,23,23,0)
448:(50,2,15,27,23,23,0)
449:(52,2,12,27,23,23,0)
450:(52,2,13,28,22,22,0)
451:(50,2,14,28,22,22,0)
452:(50,2,15,28,22,22,0)
453:(52,2,14,29,21,21,0)
454:(50,2,15,29,21,21,0)
455:(50,2,16,29,21,21,0)
456:(52,2,15,30,20,20,0)
457:(50,2,16,30,20,20,0)
458:(50,2,17,30,20,20,0)
459:(52,2,14,30,20,20,0)
460:(52,2,15,31,19,19,0)
461:(50,2,16,31,19,19,0)
462:(50,2,17,31,19,19,0)
463:(52,2,14,31,19,19,0)
464:(52,2,15,32,18,18,0)
465:(50,2,16,32,18,18,0)
466:(50,2,17,32,18,18,0)
467:(52,2,16,33,17,17,0)
468:(50,2,17,33,17,17,0)
469:(50,2,18,33,17,17,0)
470:(52,2,17,34,16,16,0)
471:(50,2,18,34,16,16,0)
472:(50,2,19,34,16,16,0)
473:(52,2,18,35,15,15,0)
474:(50,2,19,35,15,15,0)
475:(50,2,20,35,15,15,0)
476:(52,2,19,36,14,14,0)
477:(50,2,20,36,14,14,0)
478:(50,2,21,36,14,14,0)
479:(52,2,18,36,14,14,0)
480:(52,2,17,36,14,14,0)
481:(52,2,18,37,13,13,0)
482:(50,2,19,37,13,13,0)
483:(50,2,20,37,13,13,0)
484:(52,2,19,38,12,12,0)
485:(50,2,20,38,12,12,0)
486:(50,2,21,38,12,12,0)
487:(52,2,20,39,11,11,0)
488:(50,2,21,39,11,11,0)
489:(50,2,22,39,11,11,0)
490:(52,2,21,40,10,10,0)
491:(50,2,22,40,10,10,0)
492:(50,2,23,40,10,10,0)
493:(52,2,20,40,10,10,0)
494:(52,2,21,41,9,9,0)
495:(50,2,22,41,9,9,0)
496:(50,2,23,41,9,9,0)
497:(52,2,20,41,9,9,0)
498:(52,2,19,41,9,9,0)
499:(52,2,20,42,8,8,0)
500:(50,2,21,42,8,8,0)
501:(50,2,22,42,8,8,0)
502:(52,2,21,43,7,7,0)
503:(50,2,22,43,7,7,0)
504:(50,2,23,43,7,7,0)
505:(52,2,22,44,6,6,0)
506:(50,2,23,44,6,6,0)
507:(50,2,24,44,6,6,0)
508:(52,2,23,45,5,5,0)
509:(50,2,24,45,5,5,0)
510:(50,2,25,45,5,5,0)
511:(52,2,22,45,5,5,0)
512:(52,2,23,46,4,4,0)
513:(50,2,24,46,4,4,0)
514:(50,2,25,46,4,4,0)
515:(52,2,24,47,3,3,0)
516:(50,2,25,47,3,3,0)
517:(50,2,26,47,3,3,0)
518:(52,2,23,47,3,3,0)
519:(52,2,22,47,3,3,0)
520:(52,2,23,48,2,2,0)
521:(50,2,24,48,2,2,0)
522:(50,2,25,48,2,2,0)
523:(52,2,22,48,2,2,0)
524:(52,2,23,49,1,1,0)
525:(50,2,24,49,1,1,0)
526:(50,2,25,49,1,1,0)
527:(52,2,24,50,0,0,0)
528:(50,2,25,50,0,0,0)
529:(50,2,26,50,0,0,0)
530:(52,2,23,50,0,0,0)
531:(52,2,22,50,0,0,0)
532:(52,2,21,50,0,0,0)
533:(52,2,20,50,0,0,0)
534:(52,2,19,50,0,0,0)
535:(52,2,18,50,0,0,0)
536:(52,2,17,50,0,0,0)
537:(52,2,16,50,0,0,0)
538:(52,2,15,50,0,0,0)
539:(52,2,14,50,0,0,0)
540:(52,2,13,50,0,0,0)
541:(52,2,12,50,0,0,0)
542:(52,2,11,50,0,0,0)
543:(52,2,10,50,0,0,0)
544:(52,2,9,50,0,0,0)
545:(52,2,8,50,0,0,0)
546:(52,2,7,50,0,0,0)
547:(52,2,6,50,0,0,0)
548:(52,2,5,50,0,0,0)
549:(52,2,4,50,0,0,0)
550:(52,2,3,50,0,0,0)
551:(52,2,2,50,0,0,0)
552:(52,2,1,50,0,0,0)
553:(52,2,0,50,0,0,0)
554:(48,2,0,0,50,50,0)
555:(50,2,0,1,49,49,0)
556:(48,2,2,1,49,49,0)
557:(50,2,1,2,48,48,0)
558:(48,2,2,2,48,48,0)
559:(48,2,3,2,48,48,0)
560:(50,2,2,3,47,47,0)
561:(48,2,3,3,47,47,0)
562:(48,2,4,3,47,47,0)
563:(50,2,3,4,46,46,0)
564:(48,2,4,4,46,46,0)
565:(48,2,5,4,46,46,0)
566:(50,2,4,5,45,45,0)
567:(48,2,6,5,45,45,0)
568:(51,2,3,5,45,45,0)
569:(49,2,5,5,45,45,0)
570:(51,2,4,6,44,44,0)
571:(49,2,5,6,44,44,0)
572:(49,2,6,6,44,44,0)
573:(51,2,5,7,43,43,0)
574:(49,2,6,7,43,43,0)
575:(49,2,7,7,43,43,0)
576:(51,2,6,8,42,42,0)
577:(49,2,7,8,42,42,0)
578:(49,2,8,8,42,42,0)
579:(51,2,5,8,42,42,0)
580:(51,2,6,9,41,41,0)
581:(49,2,7,9,41,41,0)
582:(49,2,8,9,41,41,0)
583:(51,2,7,10,40,40,0)
584:(49,2,9,10,40,40,0)
585:(52,2,6,10,40,40,0)
586:(50,2,8,10,40,40,0)
587:(53,2,5,10,40,40,0)
588:(53,2,6,11,39,39,0)
589:(51,2,7,11,39,39,0)
590:(51,2,8,11,39,39,0)
591:(53,2,5,11,39,39,0)
592:(53,2,6,12,38,38,0)
593:(51,2,7,12,38,38,0)
594:(51,2,8,12,38,38,0)
595:(53,2,7,13,37,37,0)
596:(51,2,8,13,37,37,0)
597:(51,2,9,13,37,37,0)
598:(53,2,8,14,36,36,0)
599:(51,2,9,14,36,36,0)
600:(51,2,10,14,36,36,0)
601:(53,2,7,14,36,36,0)
602:(53,2,8,15,35,35,0)
603:(51,2,9,15,35,35,0)
604:(51,2,10,15,35,35,0)
605:(53,2,9,16,34,34,0)
606:(51,2,10,16,34,34,0)
607:(51,2,11,16,34,34,0)
608:(53,2,10,17,33,33,0)
609:(51,2,11,17,33,33,0)
610:(51,2,12,17,33,33,0)
611:(53,2,11,18,32,32,0)
612:(51,2,12,18,32,32,0)
613:(51,2,13,18,32,32,0)
614:(53,2,12,19,31,31,0)
615:(51,2,13,19,31,31,0)
616:(51,2,14,19,31,31,0)
617:(53,2,11,19,31,31,0)
618:(53,2,12,20,30,30,0)
619:(51,2,13,20,30,30,0)
620:(51,2,14,20,30,30,0)
621:(53,2,11,20,30,30,0)
622:(53,2,12,21,29,29,0)
623:(51,2,13,21,29,29,0)
624:(51,2,14,21,29,29,0)
625:(53,2,13,22,28,28,0)
626:(51,2,14,22,28,28,0)
627:(51,2,15,22,28,28,0)
628:(53,2,12,22,28,28,0)
629:(53,2,13,23,27,27,0)
630:(51,2,14,23,27,27,0)
631:(51,2,15,23,27,27,0)
632:(53,2,12,23,27,27,0)
633:(53,2,11,23,27,27,0)
634:(53,2,12,24,26,26,0)
635:(51,2,13,24,26,26,0)
636:(51,2,14,24,26,26,0)
637:(53,2,13,25,25,25,0)
638:(51,2,14,25,25,25,0)
639:(51,2,15,25,25,25,0)
640:(53,2,12,25,25,25,0)
641:(53,2,13,26,24,24,0)
642:(51,2,14,26,24,24,0)
643:(51,2,15,26,24,24,0)
644:(53,2,12,26,24,24,0)
645:(53,2,13,27,23,23,0)
646:(51,2,14,27,23,23,0)
647:(51,2,15,27,23,23,0)
648:(53,2,12,27,23,23,0)
649:(53,2,13,28,22,22,0)
650:(51,2,14,28,22,22,0)
651:(51,2,15,28,22,22,0)
652:(53,2,14,29,21,21,0)
653:(51,2,15,29,21,21,0)
654:(51,2,16,29,21,21,0)
655:(53,2,15,30,20,20,0)
656:(51,2,16,30,20,20,0)
657:(51,2,17,30,20,20,0)
658:(53,2,14,30,20,20,0)
659:(53,2,15,31,19,19,0)
660:(51,2,16,31,19,19,0)
661:(51,2,17,31,19,19,0)
662:(53,2,14,31,19,19,0)
663:(53,2,15,32,18,18,0)
664:(51,2,16,32,18,18,0)
665:(51,2,17,32,18,18,0)
666:(53,2,16,33,17,17,0)
667:(51,2,17,33,17,17,0)
668:(51,2,18,33,17,17,0)
669:(53,2,17,34,16,16,0)
670:(51,2,18,34,16,16,0)
671:(51,2,19,34,16,16,0)
672:(53,2,18,35,15,15,0)
673:(51,2,19,35,15,15,0)
674:(51,2,20,35,15,15,0)
675:(53,2,19,36,14,14,0)
676:(51,2,20,36,14,14,0)
677:(51,2,21,36,14,14,0)
678:(53,2,18,36,14,14,0)
679:(53,2,17,36,14,14,0)
680:(53,2,18,37,13,13,0)
681:(51,2,19,37,13,13,0)
682:(51,2,20,37,13,13,0)
683:(53,2,19,38,12,12,0)
684:(51,2,20,38,12,12,0)
685:(51,2,21,38,12,12,0)
686:(53,2,20,39,11,11,0)
687:(51,2,21,39,11,11,0)
688:(51,2,22,39,11,11,0)
689:(53,2,21,40,10,10,0)
690:(51,2,22,40,10,10,0)
691:(51,2,23,40,10,10,0)
692:(53,2,20,40,10,10,0)
693:(53,2,21,41,9,9,0)
694:(51,2,22,41,9,9,0)
695:(51,2,23,41,9,9,0)
696:(53,2,20,41,9,9,0)
697:(53,2,19,41,9,9,0)
698:(53,2,20,42,8,8,0)
699:(51,2,21,42,8,8,0)
700:(51,2,22,42,8,8,0)
701:(53,2,21,43,7,7,0)
702:(51,2,22,43,7,7,0)
703:(51,2,23,43,7,7,0)
704:(53,2,22,44,6,6,0)
705:(51,2,23,44,6,6,0)
706:(51,2,24,44,6,6,0)
707:(53,2,23,45,5,5,0)
708:(51,2,24,45,5,5,0)
709:(51,2,25,45,5,5,0)
710:(53,2,22,45,5,5,0)
711:(53,2,23,46,4,4,0)
712:(51,2,24,46,4,4,0)
713:(51,2,25,46,4,4,0)
714:(53,2,24,47,3,3,0)
715:(51,2,25,47,3,3,0)
716:(51,2,26,47,3,3,0)
717:(53,2,23,47,3,3,0)
718:(53,2,22,47,3,3,0)
719:(53,2,23,48,2,2,0)
720:(51,2,24,48,2,2,0)
721:(51,2,25,48,2,2,0)
722:(53,2,22,48,2,2,0)
723:(53,2,23,49,1,1,0)
724:(51,2,24,49,1,1,0)
725:(51,2,25,49,1,1,0)
726:(53,2,24,50,0,0,0)
727:(51,2,25,50,0,0,0)
728:(51,2,26,50,0,0,0)
729:(53,2,23,50,0,0,0)
730:(53,2,22,50,0,0,0)
731:(53,2,21,50,0,0,0)
732:(53,2,20,50,0,0,0)
733:(53,2,19,50,0,0,0)
734:(53,2,18,50,0,0,0)
735:(53,2,17,50,0,0,0)
736:(53,2,16,50,0,0,0)
737:(53,2,15,50,0,0,0)
738:(53,2,14,50,0,0,0)
739:(53,2,13,50,0,0,0)
740:(53,2,12,50,0,0,0)
741:(53,2,11,50,0,0,0)
742:(53,2,10,50,0,0,0)
743:(53,2,9,50,0,0,0)
744:(53,2,8,50,0,0,0)
745:(53,2,7,50,0,0,0)
746:(53,2,6,50,0,0,0)
747:(53,2,5,50,0,0,0)
748:(53,2,4,50,0,0,0)
749:(53,2,3,50,0,0,0)
750:(53,2,2,50,0,0,0)
751:(53,2,1,50,0,0,0)
752:(53,2,0,50,0,0,0)
753:(49,2,1,1,49,49,0)
754:(49,2,0,0,50,50,0)
755:(51,2,1,2,48,48,0)
756:(49,2,2,2,48,48,0)
757:(49,2,3,2,48,48,0)
758:(51,2,2,3,47,47,0)
759:(49,2,3,3,47,47,0)
760:(49,2,4,3,47,47,0)
761:(51,2,3,4,46,46,0)
762:(49,2,4,4,46,46,0)
763:(49,2,5,4,46,46,0)
764:(51,2,4,5,45,45,0)
765:(49,2,6,5,45,45,0)
766:(52,2,3,5,45,45,0)
767:(50,2,5,5,45,45,0)
768:(52,2,4,6,44,44,0)
769:(50,2,5,6,44,44,0)
770:(50,2,6,6,44,44,0)
771:(52,2,5,7,43,43,0)
772:(50,2,6,7,43,43,0)
773:(50,2,7,7,43,43,0)
774:(52,2,6,8,42,42,0)
775:(50,2,7,8,42,42,0)
776:(50,2,8,8,42,42,0)
777:(52,2,5,8,42,42,0)
778:(52,2,6,9,41,41,0)
779:(50,2,7,9,41,41,0)
780:(50,2,8,9,41,41,0)
781:(52,2,7,10,40,40,0)
782:(50,2,9,10,40,40,0)
783:(53,2,6,10,40,40,0)
784:(51,2,8,10,40,40,0)
785:(54,2,5,10,40,40,0)
786:(54,2,6,11,39,39,0)
787:(52,2,7,11,39,39,0)
788:(52,2,8,11,39,39,0)
789:(54,2,5,11,39,39,0)
790:(54,2,6,12,38,38,0)
791:(52,2,7,12,38,38,0)
792:(52,2,8,12,38,38,0)
793:(54,2,7,13,37,37,0)
794:(52,2,8,13,37,37,0)
795:(52,2,9,13,37,37,0)
796:(54,2,8,14,36,36,0)
797:(52,2,9,14,36,36,0)
798:(52,2,10,14,36,36,0)
799:(54,2,7,14,36,36,0)
800:(54,2,8,15,35,35,0)
801:(52,2,9,15,35,35,0)
802:(52,2,10,15,35,35,0)
803:(54,2,9,16,34,34,0)
804:(52,2,10,16,34,34,0)
805:(52,2,11,16,34,34,0)
806:(54,2,10,17,33,33,0)
807:(52,2,11,17,33,33,0)
808:(52,2,12,17,33,33,0)
809:(54,2,11,18,32,32,0)
810:(52,2,12,18,32,32,0)
811:(52,2,13,18,32,32,0)
812:(54,2,12,19,31,31,0)
813:(52,2,13,19,31,31,0)
814:(52,2,14,19,31,31,0)
815:(54,2,11,19,31,31,0)
816:(54,2,12,20,30,30,0)
817:(52,2,13,20,30,30,0)
818:(52,2,14,20,30,30,0)
819:(54,2,11,20,30,30,0)
820:(54,2,12,21,29,29,0)
821:(52,2,13,21,29,29,0)
822:(52,2,14,21,29,29,0)
823:(54,2,13,22,28,28,0)
824:(52,2,14,22,28,28,0)
825:(52,2,15,22,28,28,0)
826:(54,2,12,22,28,28,0)
827:(54,2,13,23,27,27,0)
828:(52,2,14,23,27,27,0)
829:(52,2,15,23,27,27,0)
830:(54,2,12,23,27,27,0)
831:(54,2,11,23,27,27,0)
832:(54,2,12,24,26,26,0)
833:(52,2,13,24,26,26,0)
834:(52,2,14,24,26,26,0)
835:(54,2,13,25,25,25,0)
836:(52,2,14,25,25,25,0)
837:(52,2,15,25,25,25,0)
838:(54,2,12,25,25,25,0)
839:(54,2,13,26,24,24,0)
840:(52,2,14,26,24,24,0)
841:(52,2,15,26,24,24,0)
842:(54,2,12,26,24,24,0)
843:(54,2,13,27,23,23,0)
844:(52,2,14,27,23,23,0)
845:(52,2,15,27,23,23,0)
846:(54,2,12,27,23,23,0)
847:(54,2,13,28,22,22,0)
848:(52,2,14,28,22,22,0)
849:(52,2,15,28,22,22,0)
850:(54,2,14,29,21,21,0)
851:(52,2,15,29,21,21,0)
852:(52,2,16,29,21,21,0)
853:(54,2,15,30,20,20,0)
854:(52,2,16,30,20,20,0)
855:(52,2,17,30,20,20,0)
856:(54,2,14,30,20,20,0)
857:(54,2,15,31,19,19,0)
858:(52,2,16,31,19,19,0)
859:(52,2,17,31,19,19,0)
860:(54,2,14,31,19,19,0)
861:(54,2,15,32,18,18,0)
862:(52,2,16,32,18,18,0)
863:(52,2,17,32,18,18,0)
864:(54,2,16,33,17,17,0)
865:(52,2,17,33,17,17,0)
866:(52,2,18,33,17,17,0)
867:(54,2,17,34,16,16,0)
868:(52,2,18,34,16,16,0)
869:(52,2,19,34,16,16,0)
870:(54,2,18,35,15,15,0)
871:(52,2,19,35,15,15,0)
872:(52,2,20,35,15,15,0)
873:(54,2,19,36,14,14,0)
874:(52,2,20,36,14,14,0)
875:(52,2,21,36,14,14,0)
876:(54,2,18,36,14,14,0)
877:(54,2,17,36,14,14,0)
878:(54,2,18,37,13,13,0)
879:(52,2,19,37,13,13,0)
880:(52,2,20,37,13,13,0)
881:(54,2,19,38,12,12,0)
882:(52,2,20,38,12,12,0)
883:(52,2,21,38,12,12,0)
884:(54,2,20,39,11,11,0)
885:(52,2,21,39,11,11,0)
886:(52,2,22,39,11,11,0)
887:(54,2,21,40,10,10,0)
888:(52,2,22,40,10,10,0)
889:(52,2,23,40,10,10,0)
890:(54,2,20,40,10,10,0)
891:(54,2,21,41,9,9,0)
892:(52,2,22,41,9,9,0)
893:(52,2,23,41,9,9,0)
894:(54,2,20,41,9,9,0)
895:(54,2,19,41,9,9,0)
896:(54,2,20,42,8,8,0)
897:(52,2,21,42,8,8,0)
898:(52,2,22,42,8,8,0)
899:(54,2,21,43,7,7,0)
900:(52,2,22,43,7,7,0)
901:(52,2,23,43,7,7,0)
902:(54,2,22,44,6,6,0)
903:(52,2,23,44,6,6,0)
904:(52,2,24,44,6,6,0)
905:(54,2,23,45,5,5,0)
906:(52,2,24,45,5,5,0)
907:(52,2,25,45,5,5,0)
908:(54,2,22,45,5,5,0)
909:(54,2,23,46,4,4,0)
910:(52,2,24,46,4,4,0)
911:(52,2,25,46,4,4,0)
912:(54,2,24,47,3,3,0)
913:(52,2,25,47,3,3,0)
914:(52,2,26,47,3,3,0)
915:(54,2,23,47,3,3,0)
916:(54,2,22,47,3,3,0)
917:(54,2,23,48,2,2,0)
918:(52,2,24,48,2,2,0)
919:(52,2,25,48,2,2,0)
920:(54,2,22,48,2,2,0)
921:(54,2,23,49,1,1,0)
922:(52,2,24,49,1,1,0)
923:(52,2,25,49,1,1,0)
924:(54,2,24,50,0,0,0)
925:(52,2,25,50,0,0,0)
926:(52,2,26,50,0,0,0)
927:(54,2,23,50,0,0,0)
928:(54,2,22,50,0,0,0)
929:(54,2,21,50,0,0,0)
930:(54,2,20,50,0,0,0)
931:(54,2,19,50,0,0,0)
932:(54,2,18,50,0,0,0)
933:(54,2,17,50,0,0,0)
934:(54,2,16,50,0,0,0)
935:(54,2,15,50,0,0,0)
936:(54,2,14,50,0,0,0)
937:(54,2,13,50,0,0,0)
938:(54,2,12,50,0,0,0)
939:(54,2,11,50,0,0,0)
940:(54,2,10,50,0,0,0)
941:(54,2,9,50,0,0,0)
942:(54,2,8,50,0,0,0)
943:(54,2,7,50,0,0,0)
944:(54,2,6,50,0,0,0)
945:(54,2,5,50,0,0,0)
946:(54,2,4,50,0,0,0)
947:(54,2,3,50,0,0,0)
948:(54,2,2,50,0,0,0)
949:(54,2,1,50,0,0,0)
950:(54,2,0,50,0,0,0)
951:(51,2,0,1,49,49,0)
952:(50,2,1,1,49,49,0)
953:(50,2,0,0,50,50,0)
954:(52,2,2,3,47,47,0)
955:(50,2,3,3,47,47,0)
956:(50,2,4,3,47,47,0)
957:(52,2,3,4,46,46,0)
958:(50,2,4,4,46,46,0)
959:(50,2,5,4,46,46,0)
960:(52,2,4,5,45,45,0)
961:(50,2,6,5,45,45,0)
962:(53,2,3,5,45,45,0)
963:(51,2,5,5,45,45,0)
964:(53,2,4,6,44,44,0)
965:(51,2,5,6,44,44,0)
966:(51,2,6,6,44,44,0)
967:(53,2,5,7,43,43,0)
968:(51,2,6,7,43,43,0)
969:(51,2,7,7,43,43,0)
970:(53,2,6,8,42,42,0)
971:(51,2,7,8,42,42,0)
972:(51,2,8,8,42,42,0)
973:(53,2,5,8,42,42,0)
974:(53,2,6,9,41,41,0)
975:(51,2,7,9,41,41,0)
976:(51,2,8,9,41,41,0)
977:(53,2,7,10,40,40,0)
978:(51,2,9,10,40,40,0)
979:(54,2,6,10,40,40,0)
980:(52,2,8,10,40,40,0)
981:(55,2,5,10,40,40,0)
982:(55,2,6,11,39,39,0)
983:(53,2,7,11,39,39,0)
984:(53,2,8,11,39,39,0)
985:(55,2,5,11,39,39,0)
986:(55,2,6,12,38,38,0)
987:(53,2,7,12,38,38,0)
988:(53,2,8,12,38,38,0)
989:(55,2,7,13,37,37,0)
990:(53,2,8,13,37,37,0)
991:(53,2,9,13,37,37,0)
992:(55,2,8,14,36,36,0)
993:(53,2,9,14,36,36,0)
994:(53,2,10,14,36,36,0)
995:(55,2,7,14,36,36,0)
996:(55,2,8,15,35,35,0)
997:(53,2,9,15,35,35,0)
998:(53,2,10,15,35,35,0)
999:(55,2,9,16,34,34,0)
1000:(53,2,10,16,34,34,0)
1001:(53,2,11,16,34,34,0)
1002:(55,2,10,17,33,33,0)
1003:(53,2,11,17,33,33,0)
1004:(53,2,12,17,33,33,0)
1005:(55,2,11,18,32,32,0)
1006:(53,2,12,18,32,32,0)
1007:(53,2,13,18,32,32,0)
1008:(55,2,12,19,31,31,0)
1009:(53,2,13,19,31,31,0)
1010:(53,2,14,19,31,31,0)
1011:(55,2,11,19,31,31,0)
1012:(55,2,12,20,30,30,0)
1013:(53,2,13,20,30,30,0)
1014:(53,2,14,20,30,30,0)
1015:(55,2,11,20,30,30,0)
1016:(55,2,12,21,29,29,0)
1017:(53,2,13,21,29,29,0)
1018:(53,2,14,21,29,29,0)
1019:(55,2,13,22,28,28,0)
1020:(53,2,14,22,28,28,0)
1021:(53,2,15,22,28,28,0)
1022:(55,2,12,22,28,28,0)
1023:(55,2,13,23,27,27,0)
1024:(53,2,14,23,27,27,0)
1025:(53,2,15,23,27,27,0)
1026:(55,2,12,23,27,27,0)
1027:(55,2,11,23,27,27,0)
1028:(55,2,12,24,26,26,0)
1029:(53,2,13,24,26,26,0)
1030:(53,2,14,24,26,26,0)
1031:(55,2,13,25,25,25,0)
1032:(53,2,14,25,25,25,0)
1033:(53,2,15,25,25,25,0)
1034:(55,2,12,25,25,25,0)
1035:(55,2,13,26,24,24,0)
1036:(53,2,14,26,24,24,0)
1037:(53,2,15,26,24,24,0)
1038:(55,2,12,26,24,24,0)
1039:(55,2,13,27,23,23,0)
1040:(53,2,14,27,23,23,0)
1041:(53,2,15,27,23,23,0)
1042:(55,2,12,27,23,23,0)
1043:(55,2,13,28,22,22,0)
1044:(53,2,14,28,22,22,0)
1045:(53,2,15,28,22,22,0)
1046:(55,2,14,29,21,21,0)
1047:(53,2,15,29,21,21,0)
1048:(53,2,16,29,21,21,0)
1049:(55,2,15,30,20,20,0)
1050:(53,2,16,30,20,20,0)
1051:(53,2,17,30,20,20,0)
1052:(55,2,14,30,20,20,0)
1053:(55,2,15,31,19,19,0)
1054:(53,2,16,31,19,19,0)
1055:(53,2,17,31,19,19,0)
1056:(55,2,14,31,19,19,0)
1057:(55,2,15,32,18,18,0)
1058:(53,2,16,32,18,18,0)
1059:(53,2,17,32,18,18,0)
1060:(55,2,16,33,17,17,0)
1061:(53,2,17,33,17,17,0)
1062:(53,2,18,33,17,17,0)
1063:(55,2,17,34,16,16,0)
1064:(53,2,18,34,16,16,0)
1065:(53,2,19,34,16,16,0)
1066:(55,2,18,35,15,15,0)
1067:(53,2,19,35,15,15,0)
1068:(53,2,20,35,15,15,0)
1069:(55,2,19,36,14,14,0)
1070:(53,2,20,36,14,14,0)
1071:(53,2,21,36,14,14,0)
1072:(55,2,18,36,14,14,0)
1073:(55,2,17,36,14,14,0)
1074:(55,2,18,37,13,13,0)
1075:(53,2,19,37,13,13,0)
1076:(53,2,20,37,13,13,0)
1077:(55,2,19,38,12,12,0)
1078:(53,2,20,38,12,12,0)
1079:(53,2,21,38,12,12,0)
1080:(55,2,20,39,11,11,0)
1081:(53,2,21,39,11,11,0)
1082:(53,2,22,39,11,11,0)
1083:(55,2,21,40,10,10,0)
1084:(53,2,22,40,10,10,0)
1085:(53,2,23,40,10,10,0)
1086:(55,2,20,40,10,10,0)
1087:(55,2,21,41,9,9,0)
1088:(53,2,22,41,9,9,0)
1089:(53,2,23,41,9,9,0)
1090:(55,2,20,41,9,9,0)
1091:(55,2,19,41,9,9,0)
1092:(55,2,20,42,8,8,0)
1093:(53,2,21,42,8,8,0)
1094:(53,2,22,42,8,8,0)
1095:(55,2,21,43,7,7,0)
1096:(53,2,22,43,7,7,0)
1097:(53,2,23,43,7,7,0)
1098:(55,2,22,44,6,6,0)
1099:(53,2,23,44,6,6,0)
1100:(53,2,24,44,6,6,0)
1101:(55,2,23,45,5,5,0)
1102:(53,2,24,45,5,5,0)
1103:(53,2,25,45,5,5,0)
1104:(55,2,22,45,5,5,0)
1105:(55,2,23,46,4,4,0)
1106:(53,2,24,46,4,4,0)
1107:(53,2,25,46,4,4,0)
1108:(55,2,24,47,3,3,0)
1109:(53,2,25,47,3,3,0)
1110:(53,2,26,47,3,3,0)
1111:(55,2,23,47,3,3,0)
1112:(55,2,22,47,3,3,0)
1113:(55,2,23,48,2,2,0)
1114:(53,2,24,48,2,2,0)
1115:(53,2,25,48,2,2,0)
1116:(55,2,22,48,2,2,0)
1117:(55,2,23,49,1,1,0)
1118:(53,2,24,49,1,1,0)
1119:(53,2,25,49,1,1,0)
1120:(55,2,24,50,0,0,0)
1121:(53,2,25,50,0,0,0)
1122:(53,2,26,50,0,0,0)
1123:(55,2,23,50,0,0,0)
1124:(55,2,22,50,0,0,0)
1125:(55,2,21,50,0,0,0)
1126:(55,2,20,50,0,0,0)
1127:(55,2,19,50,0,0,0)
1128:(55,2,18,50,0,0,0)
1129:(55,2,17,50,0,0,0)
1130:(55,2,16,50,0,0,0)
1131:(55,2,15,50,0,0,0)
1132:(55,2,14,50,0,0,0)
1133:(55,2,13,50,0,0,0)
1134:(55,2,12,50,0,0,0)
1135:(55,2,11,50,0,0,0)
1136:(55,2,10,50,0,0,0)
1137:(55,2,9,50,0,0,0)
1138:(55,2,8,50,0,0,0)
1139:(55,2,7,50,0,0,0)
1140:(55,2,6,50,0,0,0)
1141:(55,2,5,50,0,0,0)
1142:(55,2,4,50,0,0,0)
1143:(55,2,3,50,0,0,0)
1144:(55,2,2,50,0,0,0)
1145:(55,2,1,50,0,0,0)
1146:(55,2,0,50,0,0,0)
1147:(48,2,1,0,50,50,0)
1148:(50,2,2,2,48,48,0)
1149:(49,2,2,1,49,49,0)
1150:(49,2,1,0,50,50,0)
1151:(51,2,3,3,47,47,0)
1152:(51,2,4,4,46,46,0)
1153:(52,2,5,6,44,44,0)
1154:(52,2,6,7,43,43,0)
1155:(52,2,7,8,42,42,0)
1156:(52,2,7,9,41,41,0)
1157:(54,2,7,11,39,39,0)
1158:(54,2,7,12,38,38,0)
1159:(54,2,8,13,37,37,0)
1160:(54,2,9,14,36,36,0)
1161:(54,2,9,15,35,35,0)
1162:(54,2,10,16,34,34,0)
1163:(54,2,11,17,33,33,0)
1164:(54,2,12,18,32,32,0)
1165:(54,2,13,19,31,31,0)
1166:(54,2,13,20,30,30,0)
1167:(54,2,13,21,29,29,0)
1168:(54,2,14,22,28,28,0)
1169:(54,2,14,23,27,27,0)
1170:(54,2,13,24,26,26,0)
1171:(54,2,14,25,25,25,0)
1172:(54,2,14,26,24,24,0)
1173:(54,2,14,27,23,23,0)
1174:(54,2,14,28,22,22,0)
1175:(54,2,15,29,21,21,0)
1176:(54,2,16,30,20,20,0)
1177:(54,2,16,31,19,19,0)
1178:(54,2,16,32,18,18,0)
1179:(54,2,17,33,17,17,0)
1180:(54,2,18,34,16,16,0)
1181:(54,2,19,35,15,15,0)
1182:(54,2,20,36,14,14,0)
1183:(54,2,19,37,13,13,0)
1184:(54,2,20,38,12,12,0)
1185:(54,2,21,39,11,11,0)
1186:(54,2,22,40,10,10,0)
1187:(54,2,22,41,9,9,0)
1188:(54,2,21,42,8,8,0)
1189:(54,2,22,43,7,7,0)
1190:(54,2,23,44,6,6,0)
1191:(54,2,24,45,5,5,0)
1192:(54,2,24,46,4,4,0)
1193:(54,2,25,47,3,3,0)
1194:(54,2,24,48,2,2,0)
1195:(54,2,24,49,1,1,0)
1196:(54,2,25,50,0,0,0)
1197:(46,2,1,0,50,50,0)
1198:(47,2,1,0,50,50,0)
1199:(51,2,5,9,41,41,0)
1200:(51,2,11,22,28,28,0)
1201:(51,2,17,35,15,15,0)
1202:(51,2,19,40,10,10,0)
1203:(51,2,22,46,4,4,0)
1204:(51,2,22,49,1,1,0)
1205:(51,2,21,49,1,1,0)
1206:(51,2,20,49,1,1,0)
1207:(51,2,19,49,1,1,0)
1208:(51,2,18,49,1,1,0)
1209:(51,2,17,49,1,1,0)
1210:(51,2,16,49,1,1,0)
1211:(51,2,15,49,1,1,0)
1212:(51,2,14,49,1,1,0)
1213:(51,2,13,49,1,1,0)
1214:(51,2,12,49,1,1,0)
1215:(51,2,11,49,1,1,0)
1216:(51,2,10,49,1,1,0)
1217:(51,2,9,49,1,1,0)
1218:(51,2,8,49,1,1,0)
1219:(51,2,7,49,1,1,0)
1220:(51,2,6,49,1,1,0)
1221:(51,2,5,49,1,1,0)
1222:(51,2,4,49,1,1,0)
1223:(51,2,3,49,1,1,0)
1224:(51,2,2,49,1,1,0)
1225:(51,2,1,49,1,1,0)
1226:(51,2,0,49,1,1,0)
1227:(52,2,5,9,41,41,0)
1228:(52,2,11,22,28,28,0)
1229:(52,2,17,35,15,15,0)
1230:(52,2,19,40,10,10,0)
1231:(52,2,22,46,4,4,0)
1232:(52,2,22,49,1,1,0)
1233:(52,2,21,49,1,1,0)
1234:(52,2,20,49,1,1,0)
1235:(52,2,19,49,1,1,0)
1236:(52,2,18,49,1,1,0)
1237:(52,2,17,49,1,1,0)
1238:(52,2,16,49,1,1,0)
1239:(52,2,15,49,1,1,0)
1240:(52,2,14,49,1,1,0)
1241:(52,2,13,49,1,1,0)
1242:(52,2,12,49,1,1,0)
1243:(52,2,11,49,1,1,0)
1244:(52,2,10,49,1,1,0)
1245:(52,2,9,49,1,1,0)
1246:(52,2,8,49,1,1,0)
1247:(52,2,7,49,1,1,0)
1248:(52,2,6,49,1,1,0)
1249:(52,2,5,49,1,1,0)
1250:(52,2,4,49,1,1,0)
1251:(52,2,3,49,1,1,0)
1252:(52,2,2,49,1,1,0)
1253:(52,2,1,49,1,1,0)
1254:(52,2,0,49,1,1,0)
1255:(50,2,5,9,41,41,0)
1256:(50,2,11,22,28,28,0)
1257:(50,2,17,35,15,15,0)
1258:(50,2,19,40,10,10,0)
1259:(50,2,22,46,4,4,0)
1260:(50,2,22,49,1,1,0)
1261:(50,2,21,49,1,1,0)
1262:(50,2,20,49,1,1,0)
1263:(50,2,19,49,1,1,0)
1264:(50,2,18,49,1,1,0)
1265:(50,2,17,49,1,1,0)
1266:(50,2,16,49,1,1,0)
1267:(50,2,15,49,1,1,0)
1268:(50,2,14,49,1,1,0)
1269:(50,2,13,49,1,1,0)
1270:(50,2,12,49,1,1,0)
1271:(50,2,11,49,1,1,0)
1272:(50,2,10,49,1,1,0)
1273:(50,2,9,49,1,1,0)
1274:(50,2,8,49,1,1,0)
1275:(50,2,7,49,1,1,0)
1276:(50,2,6,49,1,1,0)
1277:(50,2,5,49,1,1,0)
1278:(50,2,4,49,1,1,0)
1279:(50,2,3,49,1,1,0)
1280:(50,2,2,49,1,1,0)
1281:(50,2,1,49,1,1,0)
1282:(50,2,0,49,1,1,0)
1283:(46,2,2,0,50,50,0)
1284:(46,2,5,3,47,47,0)
1285:(47,2,5,3,47,47,0)
1286:(46,2,6,4,46,46,0)
1287:(47,2,6,4,46,46,0)
1288:(46,2,7,5,45,45,0)
1289:(47,2,7,5,45,45,0)
1290:(47,2,7,6,44,44,0)
1291:(48,2,7,6,44,44,0)
1292:(47,2,8,7,43,43,0)
1293:(48,2,8,7,43,43,0)
1294:(47,2,9,8,42,42,0)
1295:(48,2,9,8,42,42,0)
1296:(47,2,9,9,41,41,0)
1297:(48,2,9,9,41,41,0)
1298:(47,2,10,10,40,40,0)
1299:(48,2,10,10,40,40,0)
1300:(49,2,9,11,39,39,0)
1301:(50,2,9,11,39,39,0)
1302:(49,2,9,12,38,38,0)
1303:(50,2,9,12,38,38,0)
1304:(49,2,10,13,37,37,0)
1305:(50,2,10,13,37,37,0)
1306:(49,2,11,14,36,36,0)
1307:(50,2,11,14,36,36,0)
1308:(49,2,11,15,35,35,0)
1309:(50,2,11,15,35,35,0)
1310:(49,2,12,16,34,34,0)
1311:(50,2,12,16,34,34,0)
1312:(49,2,13,17,33,33,0)
1313:(50,2,13,17,33,33,0)
1314:(49,2,14,18,32,32,0)
1315:(50,2,14,18,32,32,0)
1316:(49,2,15,19,31,31,0)
1317:(50,2,15,19,31,31,0)
1318:(49,2,15,20,30,30,0)
1319:(50,2,15,20,30,30,0)
1320:(49,2,15,21,29,29,0)
1321:(50,2,15,21,29,29,0)
1322:(49,2,16,22,28,28,0)
1323:(50,2,16,22,28,28,0)
1324:(49,2,16,23,27,27,0)
1325:(50,2,16,23,27,27,0)
1326:(49,2,15,24,26,26,0)
1327:(50,2,15,24,26,26,0)
1328:(49,2,16,25,25,25,0)
1329:(50,2,16,25,25,25,0)
1330:(49,2,16,26,24,24,0)
1331:(50,2,16,26,24,24,0)
1332:(49,2,16,27,23,23,0)
1333:(50,2,16,27,23,23,0)
1334:(49,2,16,28,22,22,0)
1335:(50,2,16,28,22,22,0)
1336:(49,2,17,29,21,21,0)
1337:(50,2,17,29,21,21,0)
1338:(49,2,18,30,20,20,0)
1339:(50,2,18,30,20,20,0)
1340:(49,2,18,31,19,19,0)
1341:(50,2,18,31,19,19,0)
1342:(49,2,18,32,18,18,0)
1343:(50,2,18,32,18,18,0)
1344:(49,2,19,33,17,17,0)
1345:(50,2,19,33,17,17,0)
1346:(49,2,20,34,16,16,0)
1347:(50,2,20,34,16,16,0)
1348:(49,2,21,35,15,15,0)
1349:(50,2,21,35,15,15,0)
1350:(49,2,22,36,14,14,0)
1351:(50,2,22,36,14,14,0)
1352:(49,2,21,37,13,13,0)
1353:(50,2,21,37,13,13,0)
1354:(49,2,22,38,12,12,0)
1355:(50,2,22,38,12,12,0)
1356:(49,2,23,39,11,11,0)
1357:(50,2,23,39,11,11,0)
1358:(49,2,24,40,10,10,0)
1359:(50,2,24,40,10,10,0)
1360:(49,2,24,41,9,9,0)
1361:(50,2,24,41,9,9,0)
1362:(49,2,23,42,8,8,0)
1363:(50,2,23,42,8,8,0)
1364:(49,2,24,43,7,7,0)
1365:(50,2,24,43,7,7,0)
1366:(49,2,25,44,6,6,0)
1367:(50,2,25,44,6,6,0)
1368:(49,2,26,45,5,5,0)
1369:(50,2,26,45,5,5,0)
1370:(49,2,26,46,4,4,0)
1371:(50,2,26,46,4,4,0)
1372:(49,2,27,47,3,3,0)
1373:(50,2,27,47,3,3,0)
1374:(49,2,26,48,2,2,0)
1375:(50,2,26,48,2,2,0)
1376:(49,2,26,49,1,1,0)
1377:(50,2,26,49,1,1,0)
1378:(49,2,27,50,0,0,0)
1379:(50,2,27,50,0,0,0)
1380:(47,2,3,1,49,49,0)
1381:(47,2,2,0,50,50,0)
1382:(48,2,5,3,47,47,0)
1383:(48,2,6,4,46,46,0)
1384:(48,2,7,5,45,45,0)
1385:(49,2,7,6,44,44,0)
1386:(49,2,8,7,43,43,0)
1387:(49,2,9,8,42,42,0)
1388:(49,2,9,9,41,41,0)
1389:(49,2,10,10,40,40,0)
1390:(51,2,9,11,39,39,0)
1391:(51,2,9,12,38,38,0)
1392:(51,2,10,13,37,37,0)
1393:(51,2,11,14,36,36,0)
1394:(51,2,11,15,35,35,0)
1395:(51,2,12,16,34,34,0)
1396:(51,2,13,17,33,33,0)
1397:(51,2,14,18,32,32,0)
1398:(51,2,15,19,31,31,0)
1399:(51,2,15,20,30,30,0)
1400:(51,2,15,21,29,29,0)
1401:(51,2,16,22,28,28,0)
1402:(51,2,16,23,27,27,0)
1403:(51,2,15,24,26,26,0)
1404:(51,2,16,25,25,25,0)
1405:(51,2,16,26,24,24,0)
1406:(51,2,16,27,23,23,0)
1407:(51,2,16,28,22,22,0)
1408:(51,2,17,29,21,21,0)
1409:(51,2,18,30,20,20,0)
1410:(51,2,18,31,19,19,0)
1411:(51,2,18,32,18,18,0)
1412:(51,2,19,33,17,17,0)
1413:(51,2,20,34,16,16,0)
1414:(51,2,21,35,15,15,0)
1415:(51,2,22,36,14,14,0)
1416:(51,2,21,37,13,13,0)
1417:(51,2,22,38,12,12,0)
1418:(51,2,23,39,11,11,0)
1419:(51,2,24,40,10,10,0)
1420:(51,2,24,41,9,9,0)
1421:(51,2,23,42,8,8,0)
1422:(51,2,24,43,7,7,0)
1423:(51,2,25,44,6,6,0)
1424:(51,2,26,45,5,5,0)
1425:(51,2,26,46,4,4,0)
1426:(51,2,27,47,3,3,0)
1427:(51,2,26,48,2,2,0)
1428:(51,2,26,49,1,1,0)
1429:(51,2,27,50,0,0,0)
1430:(53,2,5,9,41,41,0)
1431:(53,2,11,22,28,28,0)
1432:(53,2,17,35,15,15,0)
1433:(53,2,19,40,10,10,0)
1434:(53,2,22,46,4,4,0)
1435:(53,2,22,49,1,1,0)
1436:(53,2,21,49,1,1,0)
1437:(53,2,20,49,1,1,0)
1438:(53,2,19,49,1,1,0)
1439:(53,2,18,49,1,1,0)
1440:(53,2,17,49,1,1,0)
1441:(53,2,16,49,1,1,0)
1442:(53,2,15,49,1,1,0)
1443:(53,2,14,49,1,1,0)
1444:(53,2,13,49,1,1,0)
1445:(53,2,12,49,1,1,0)
1446:(53,2,11,49,1,1,0)
1447:(53,2,10,49,1,1,0)
1448:(53,2,9,49,1,1,0)
1449:(53,2,8,49,1,1,0)
1450:(53,2,7,49,1,1,0)
1451:(53,2,6,49,1,1,0)
1452:(53,2,5,49,1,1,0)
1453:(53,2,4,49,1,1,0)
1454:(53,2,3,49,1,1,0)
1455:(53,2,2,49,1,1,0)
1456:(53,2,1,49,1,1,0)
1457:(53,2,0,49,1,1,0)
1458:(48,2,3,1,49,49,0)
1459:(48,2,2,0,50,50,0)
1460:(49,2,5,3,47,47,0)
1461:(49,2,6,4,46,46,0)
1462:(49,2,7,5,45,45,0)
1463:(50,2,7,6,44,44,0)
1464:(50,2,8,7,43,43,0)
1465:(50,2,9,8,42,42,0)
1466:(50,2,9,9,41,41,0)
1467:(50,2,10,10,40,40,0)
1468:(52,2,9,11,39,39,0)
1469:(52,2,9,12,38,38,0)
1470:(52,2,10,13,37,37,0)
1471:(52,2,11,14,36,36,0)
1472:(52,2,11,15,35,35,0)
1473:(52,2,12,16,34,34,0)
1474:(52,2,13,17,33,33,0)
1475:(52,2,14,18,32,32,0)
1476:(52,2,15,19,31,31,0)
1477:(52,2,15,20,30,30,0)
1478:(52,2,15,21,29,29,0)
1479:(52,2,16,22,28,28,0)
1480:(52,2,16,23,27,27,0)
1481:(52,2,15,24,26,26,0)
1482:(52,2,16,25,25,25,0)
1483:(52,2,16,26,24,24,0)
1484:(52,2,16,27,23,23,0)
1485:(52,2,16,28,22,22,0)
1486:(52,2,17,29,21,21,0)
1487:(52,2,18,30,20,20,0)
1488:(52,2,18,31,19,19,0)
1489:(52,2,18,32,18,18,0)
1490:(52,2,19,33,17,17,0)
1491:(52,2,20,34,16,16,0)
1492:(52,2,21,35,15,15,0)
1493:(52,2,22,36,14,14,0)
1494:(52,2,21,37,13,13,0)
1495:(52,2,22,38,12,12,0)
1496:(52,2,23,39,11,11,0)
1497:(52,2,24,40,10,10,0)
1498:(52,2,24,41,9,9,0)
1499:(52,2,23,42,8,8,0)
1500:(52,2,24,43,7,7,0)
1501:(52,2,25,44,6,6,0)
1502:(52,2,26,45,5,5,0)
1503:(52,2,26,46,4,4,0)
1504:(52,2,27,47,3,3,0)
1505:(52,2,26,48,2,2,0)
1506:(52,2,26,49,1,1,0)
1507:(52,2,27,50,0,0,0)
1508:(49,2,0,50,0,0,0)
1509:(49,2,23,49,1,1,0)
1510:(49,2,22,48,2,2,0)
1511:(49,2,22,47,3,3,0)
1512:(49,2,23,46,4,4,0)
1513:(49,2,22,45,5,5,0)
1514:(49,2,22,44,6,6,0)
1515:(49,2,21,43,7,7,0)
1516:(49,2,20,42,8,8,0)
1517:(49,2,19,41,9,9,0)
1518:(49,2,20,40,10,10,0)
1519:(49,2,20,39,11,11,0)
1520:(49,2,19,38,12,12,0)
1521:(49,2,18,37,13,13,0)
1522:(49,2,17,36,14,14,0)
1523:(49,2,18,35,15,15,0)
1524:(49,2,17,34,16,16,0)
1525:(49,2,16,33,17,17,0)
1526:(49,2,15,32,18,18,0)
1527:(49,2,14,31,19,19,0)
1528:(49,2,14,30,20,20,0)
1529:(49,2,14,29,21,21,0)
1530:(49,2,13,28,22,22,0)
1531:(49,2,12,27,23,23,0)
1532:(49,2,12,26,24,24,0)
1533:(49,2,12,25,25,25,0)
1534:(49,2,12,24,26,26,0)
1535:(49,2,11,23,27,27,0)
1536:(49,2,12,22,28,28,0)
1537:(49,2,12,21,29,29,0)
1538:(49,2,11,20,30,30,0)
1539:(49,2,11,19,31,31,0)
1540:(49,2,11,18,32,32,0)
1541:(49,2,10,17,33,33,0)
1542:(49,2,9,16,34,34,0)
1543:(49,2,8,15,35,35,0)
1544:(49,2,7,14,36,36,0)
1545:(49,2,7,13,37,37,0)
1546:(49,2,6,12,38,38,0)
1547:(49,2,5,11,39,39,0)
1548:(49,2,5,10,40,40,0)
1549:(48,2,6,10,40,40,0)
1550:(47,2,7,10,40,40,0)
1551:(47,2,6,9,41,41,0)
1552:(47,2,5,8,42,42,0)
1553:(47,2,5,7,43,43,0)
1554:(47,2,4,6,44,44,0)
1555:(47,2,3,5,45,45,0)
1556:(46,2,4,5,45,45,0)
1557:(46,2,3,4,46,46,0)
1558:(46,2,2,3,47,47,0)
1559:(46,2,1,2,48,48,0)
1560:(46,2,0,1,49,49,0)
1561:(45,2,1,1,49,49,0)
1562:(45,2,0,0,50,50,0)
1563:(45,2,2,2,48,48,0)
1564:(45,2,3,2,48,48,0)
1565:(45,2,3,3,47,47,0)
1566:(45,2,4,3,47,47,0)
1567:(45,2,4,4,46,46,0)
1568:(45,2,5,4,46,46,0)
1569:(45,2,5,5,45,45,0)
1570:(45,2,6,5,45,45,0)
1571:(46,2,5,6,44,44,0)
1572:(46,2,6,6,44,44,0)
1573:(46,2,6,7,43,43,0)
1574:(46,2,7,7,43,43,0)
1575:(46,2,7,8,42,42,0)
1576:(46,2,8,8,42,42,0)
1577:(46,2,6,8,42,42,0)
1578:(46,2,7,9,41,41,0)
1579:(46,2,8,9,41,41,0)
1580:(46,2,8,10,40,40,0)
1581:(46,2,9,10,40,40,0)
1582:(48,2,7,11,39,39,0)
1583:(48,2,8,11,39,39,0)
1584:(48,2,6,11,39,39,0)
1585:(48,2,7,12,38,38,0)
1586:(48,2,8,12,38,38,0)
1587:(48,2,8,13,37,37,0)
1588:(48,2,9,13,37,37,0)
1589:(48,2,9,14,36,36,0)
1590:(48,2,10,14,36,36,0)
1591:(48,2,8,14,36,36,0)
1592:(48,2,9,15,35,35,0)
1593:(48,2,10,15,35,35,0)
1594:(48,2,10,16,34,34,0)
1595:(48,2,11,16,34,34,0)
1596:(48,2,11,17,33,33,0)
1597:(48,2,12,17,33,33,0)
1598:(48,2,12,18,32,32,0)
1599:(48,2,13,18,32,32,0)
1600:(48,2,13,19,31,31,0)
1601:(48,2,14,19,31,31,0)
1602:(48,2,12,19,31,31,0)
1603:(48,2,13,20,30,30,0)
1604:(48,2,14,20,30,30,0)
1605:(48,2,12,20,30,30,0)
1606:(48,2,13,21,29,29,0)
1607:(48,2,14,21,29,29,0)
1608:(48,2,14,22,28,28,0)
1609:(48,2,15,22,28,28,0)
1610:(48,2,13,22,28,28,0)
1611:(48,2,14,23,27,27,0)
1612:(48,2,15,23,27,27,0)
1613:(48,2,13,23,27,27,0)
1614:(48,2,12,23,27,27,0)
1615:(48,2,13,24,26,26,0)
1616:(48,2,14,24,26,26,0)
1617:(48,2,14,25,25,25,0)
1618:(48,2,15,25,25,25,0)
1619:(48,2,13,25,25,25,0)
1620:(48,2,14,26,24,24,0)
1621:(48,2,15,26,24,24,0)
1622:(48,2,13,26,24,24,0)
1623:(48,2,14,27,23,23,0)
1624:(48,2,15,27,23,23,0)
1625:(48,2,13,27,23,23,0)
1626:(48,2,14,28,22,22,0)
1627:(48,2,15,28,22,22,0)
1628:(48,2,15,29,21,21,0)
1629:(48,2,16,29,21,21,0)
1630:(48,2,16,30,20,20,0)
1631:(48,2,17,30,20,20,0)
1632:(48,2,15,30,20,20,0)
1633:(48,2,16,31,19,19,0)
1634:(48,2,17,31,19,19,0)
1635:(48,2,15,31,19,19,0)
1636:(48,2,16,32,18,18,0)
1637:(48,2,17,32,18,18,0)
1638:(48,2,17,33,17,17,0)
1639:(48,2,18,33,17,17,0)
1640:(48,2,18,34,16,16,0)
1641:(48,2,19,34,16,16,0)
1642:(48,2,19,35,15,15,0)
1643:(48,2,20,35,15,15,0)
1644:(48,2,20,36,14,14,0)
1645:(48,2,21,36,14,14,0)
1646:(48,2,19,36,14,14,0)
1647:(48,2,18,36,14,14,0)
1648:(48,2,19,37,13,13,0)
1649:(48,2,20,37,13,13,0)
1650:(48,2,20,38,12,12,0)
1651:(48,2,21,38,12,12,0)
1652:(48,2,21,39,11,11,0)
1653:(48,2,22,39,11,11,0)
1654:(48,2,22,40,10,10,0)
1655:(48,2,23,40,10,10,0)
1656:(48,2,21,40,10,10,0)
1657:(48,2,22,41,9,9,0)
1658:(48,2,23,41,9,9,0)
1659:(48,2,21,41,9,9,0)
1660:(48,2,20,41,9,9,0)
1661:(48,2,21,42,8,8,0)
1662:(48,2,22,42,8,8,0)
1663:(48,2,22,43,7,7,0)
1664:(48,2,23,43,7,7,0)
1665:(48,2,23,44,6,6,0)
1666:(48,2,24,44,6,6,0)
1667:(48,2,24,45,5,5,0)
1668:(48,2,25,45,5,5,0)
1669:(48,2,23,45,5,5,0)
1670:(48,2,24,46,4,4,0)
1671:(48,2,25,46,4,4,0)
1672:(48,2,25,47,3,3,0)
1673:(48,2,26,47,3,3,0)
1674:(48,2,24,47,3,3,0)
1675:(48,2,23,47,3,3,0)
1676:(48,2,24,48,2,2,0)
1677:(48,2,25,48,2,2,0)
1678:(48,2,23,48,2,2,0)
1679:(48,2,24,49,1,1,0)
1680:(48,2,25,49,1,1,0)
1681:(48,2,25,50,0,0,0)
1682:(48,2,26,50,0,0,0)
1683:(48,2,24,50,0,0,0)
1684:(48,2,23,50,0,0,0)
1685:(48,2,22,50,0,0,0)
1686:(48,2,21,50,0,0,0)
1687:(48,2,20,50,0,0,0)
1688:(48,2,19,50,0,0,0)
1689:(48,2,18,50,0,0,0)
1690:(48,2,17,50,0,0,0)
1691:(48,2,16,50,0,0,0)
1692:(48,2,15,50,0,0,0)
1693:(48,2,14,50,0,0,0)
1694:(48,2,13,50,0,0,0)
1695:(48,2,12,50,0,0,0)
1696:(48,2,11,50,0,0,0)
1697:(48,2,10,50,0,0,0)
1698:(48,2,9,50,0,0,0)
1699:(48,2,8,50,0,0,0)
1700:(48,2,7,50,0,0,0)
1701:(48,2,6,50,0,0,0)
1702:(48,2,5,50,0,0,0)
1703:(48,2,4,50,0,0,0)
1704:(48,2,3,50,0,0,0)
1705:(48,2,2,50,0,0,0)
1706:(48,2,1,50,0,0,0)
1707:(48,2,0,50,0,0,0)
1708:(48,2,23,49,1,1,0)
1709:(48,2,22,48,2,2,0)
1710:(48,2,22,47,3,3,0)
1711:(48,2,23,46,4,4,0)
1712:(48,2,22,45,5,5,0)
1713:(48,2,22,44,6,6,0)
1714:(48,2,21,43,7,7,0)
1715:(48,2,20,42,8,8,0)
1716:(48,2,19,41,9,9,0)
1717:(48,2,20,40,10,10,0)
1718:(48,2,20,39,11,11,0)
1719:(48,2,19,38,12,12,0)
1720:(48,2,18,37,13,13,0)
1721:(48,2,17,36,14,14,0)
1722:(48,2,18,35,15,15,0)
1723:(48,2,17,34,16,16,0)
1724:(48,2,16,33,17,17,0)
1725:(48,2,15,32,18,18,0)
1726:(48,2,14,31,19,19,0)
1727:(48,2,14,30,20,20,0)
1728:(48,2,14,29,21,21,0)
1729:(48,2,13,28,22,22,0)
1730:(48,2,12,27,23,23,0)
1731:(48,2,12,26,24,24,0)
1732:(48,2,12,25,25,25,0)
1733:(48,2,12,24,26,26,0)
1734:(48,2,11,23,27,27,0)
1735:(48,2,12,22,28,28,0)
1736:(48,2,12,21,29,29,0)
1737:(48,2,11,20,30,30,0)
1738:(48,2,11,19,31,31,0)
1739:(48,2,11,18,32,32,0)
1740:(48,2,10,17,33,33,0)
1741:(48,2,9,16,34,34,0)
1742:(48,2,8,15,35,35,0)
1743:(48,2,7,14,36,36,0)
1744:(48,2,7,13,37,37,0)
1745:(48,2,6,12,38,38,0)
1746:(48,2,5,11,39,39,0)
1747:(48,2,5,10,40,40,0)
1748:(47,2,6,10,40,40,0)
1749:(46,2,7,10,40,40,0)
1750:(46,2,6,9,41,41,0)
1751:(46,2,5,8,42,42,0)
1752:(46,2,5,7,43,43,0)
1753:(46,2,4,6,44,44,0)
1754:(46,2,3,5,45,45,0)
1755:(45,2,4,5,45,45,0)
1756:(45,2,3,4,46,46,0)
1757:(45,2,2,3,47,47,0)
1758:(45,2,1,2,48,48,0)
1759:(45,2,0,1,49,49,0)
1760:(44,2,1,1,49,49,0)
1761:(44,2,0,0,50,50,0)
1762:(44,2,3,3,47,47,0)
1763:(44,2,4,3,47,47,0)
1764:(44,2,4,4,46,46,0)
1765:(44,2,5,4,46,46,0)
1766:(44,2,5,5,45,45,0)
1767:(44,2,6,5,45,45,0)
1768:(45,2,5,6,44,44,0)
1769:(45,2,6,6,44,44,0)
1770:(45,2,6,7,43,43,0)
1771:(45,2,7,7,43,43,0)
1772:(45,2,7,8,42,42,0)
1773:(45,2,8,8,42,42,0)
1774:(45,2,6,8,42,42,0)
1775:(45,2,7,9,41,41,0)
1776:(45,2,8,9,41,41,0)
1777:(45,2,8,10,40,40,0)
1778:(45,2,9,10,40,40,0)
1779:(47,2,7,11,39,39,0)
1780:(47,2,8,11,39,39,0)
1781:(47,2,6,11,39,39,0)
1782:(47,2,7,12,38,38,0)
1783:(47,2,8,12,38,38,0)
1784:(47,2,8,13,37,37,0)
1785:(47,2,9,13,37,37,0)
1786:(47,2,9,14,36,36,0)
1787:(47,2,10,14,36,36,0)
1788:(47,2,8,14,36,36,0)
1789:(47,2,9,15,35,35,0)
1790:(47,2,10,15,35,35,0)
1791:(47,2,10,16,34,34,0)
1792:(47,2,11,16,34,34,0)
1793:(47,2,11,17,33,33,0)
1794:(47,2,12,17,33,33,0)
1795:(47,2,12,18,32,32,0)
1796:(47,2,13,18,32,32,0)
1797:(47,2,13,19,31,31,0)
1798:(47,2,14,19,31,31,0)
1799:(47,2,12,19,31,31,0)
1800:(47,2,13,20,30,30,0)
1801:(47,2,14,20,30,30,0)
1802:(47,2,12,20,30,30,0)
1803:(47,2,13,21,29,29,0)
1804:(47,2,14,21,29,29,0)
1805:(47,2,14,22,28,28,0)
1806:(47,2,15,22,28,28,0)
1807:(47,2,13,22,28,28,0)
1808:(47,2,14,23,27,27,0)
1809:(47,2,15,23,27,27,0)
1810:(47,2,13,23,27,27,0)
1811:(47,2,12,23,27,27,0)
1812:(47,2,13,24,26,26,0)
1813:(47,2,14,24,26,26,0)
1814:(47,2,14,25,25,25,0)
1815:(47,2,15,25,25,25,0)
1816:(47,2,13,25,25,25,0)
1817:(47,2,14,26,24,24,0)
1818:(47,2,15,26,24,24,0)
1819:(47,2,13,26,24,24,0)
1820:(47,2,14,27,23,23,0)
1821:(47,2,15,27,23,23,0)
1822:(47,2,13,27,23,23,0)
1823:(47,2,14,28,22,22,0)
1824:(47,2,15,28,22,22,0)
1825:(47,2,15,29,21,21,0)
1826:(47,2,16,29,21,21,0)
1827:(47,2,16,30,20,20,0)
1828:(47,2,17,30,20,20,0)
1829:(47,2,15,30,20,20,0)
1830:(47,2,16,31,19,19,0)
1831:(47,2,17,31,19,19,0)
1832:(47,2,15,31,19,19,0)
1833:(47,2,16,32,18,18,0)
1834:(47,2,17,32,18,18,0)
1835:(47,2,17,33,17,17,0)
1836:(47,2,18,33,17,17,0)
1837:(47,2,18,34,16,16,0)
1838:(47,2,19,34,16,16,0)
1839:(47,2,19,35,15,15,0)
1840:(47,2,20,35,15,15,0)
1841:(47,2,20,36,14,14,0)
1842:(47,2,21,36,14,14,0)
1843:(47,2,19,36,14,14,0)
1844:(47,2,18,36,14,14,0)
1845:(47,2,19,37,13,13,0)
1846:(47,2,20,37,13,13,0)
1847:(47,2,20,38,12,12,0)
1848:(47,2,21,38,12,12,0)
1849:(47,2,21,39,11,11,0)
1850:(47,2,22,39,11,11,0)
1851:(47,2,22,40,10,10,0)
1852:(47,2,23,40,10,10,0)
1853:(47,2,21,40,10,10,0)
1854:(47,2,22,41,9,9,0)
1855:(47,2,23,41,9,9,0)
1856:(47,2,21,41,9,9,0)
1857:(47,2,20,41,9,9,0)
1858:(47,2,21,42,8,8,0)
1859:(47,2,22,42,8,8,0)
1860:(47,2,22,43,7,7,0)
1861:(47,2,23,43,7,7,0)
1862:(47,2,23,44,6,6,0)
1863:(47,2,24,44,6,6,0)
1864:(47,2,24,45,5,5,0)
1865:(47,2,25,45,5,5,0)
1866:(47,2,23,45,5,5,0)
1867:(47,2,24,46,4,4,0)
1868:(47,2,25,46,4,4,0)
1869:(47,2,25,47,3,3,0)
1870:(47,2,26,47,3,3,0)
1871:(47,2,24,47,3,3,0)
1872:(47,2,23,47,3,3,0)
1873:(47,2,24,48,2,2,0)
1874:(47,2,25,48,2,2,0)
1875:(47,2,23,48,2,2,0)
1876:(47,2,24,49,1,1,0)
1877:(47,2,25,49,1,1,0)
1878:(47,2,25,50,0,0,0)
1879:(47,2,26,50,0,0,0)
1880:(47,2,24,50,0,0,0)
1881:(47,2,23,50,0,0,0)
1882:(47,2,22,50,0,0,0)
1883:(47,2,21,50,0,0,0)
1884:(47,2,20,50,0,0,0)
1885:(47,2,19,50,0,0,0)
1886:(47,2,18,50,0,0,0)
1887:(47,2,17,50,0,0,0)
1888:(47,2,16,50,0,0,0)
1889:(47,2,15,50,0,0,0)
1890:(47,2,14,50,0,0,0)
1891:(47,2,13,50,0,0,0)
1892:(47,2,12,50,0,0,0)
1893:(47,2,11,50,0,0,0)
1894:(47,2,10,50,0,0,0)
1895:(47,2,9,50,0,0,0)
1896:(47,2,8,50,0,0,0)
1897:(47,2,7,50,0,0,0)
1898:(47,2,6,50,0,0,0)
1899:(47,2,5,50,0,0,0)
1900:(47,2,4,50,0,0,0)
1901:(47,2,3,50,0,0,0)
1902:(47,2,2,50,0,0,0)
1903:(47,2,1,50,0,0,0)
1904:(44,2,2,1,49,49,0)
1905:(44,2,1,0,50,50,0)
1906:(49,2,5,9,41,41,0)
1907:(49,2,11,22,28,28,0)
1908:(49,2,17,35,15,15,0)
1909:(49,2,19,40,10,10,0)
1910:(49,2,22,46,4,4,0)
1911:(49,2,22,49,1,1,0)
1912:(49,2,21,49,1,1,0)
1913:(49,2,20,49,1,1,0)
1914:(49,2,19,49,1,1,0)
1915:(49,2,18,49,1,1,0)
1916:(49,2,17,49,1,1,0)
1917:(49,2,16,49,1,1,0)
1918:(49,2,15,49,1,1,0)
1919:(49,2,14,49,1,1,0)
1920:(49,2,13,49,1,1,0)
1921:(49,2,12,49,1,1,0)
1922:(49,2,11,49,1,1,0)
1923:(49,2,10,49,1,1,0)
1924:(49,2,9,49,1,1,0)
1925:(49,2,8,49,1,1,0)
1926:(49,2,7,49,1,1,0)
1927:(49,2,6,49,1,1,0)
1928:(49,2,5,49,1,1,0)
1929:(49,2,4,49,1,1,0)
1930:(49,2,3,49,1,1,0)
1931:(49,2,2,49,1,1,0)
1932:(49,2,1,49,1,1,0)
1933:(49,2,0,49,1,1,0)
1934:(48,2,5,9,41,41,0)
1935:(48,2,11,22,28,28,0)
1936:(48,2,17,35,15,15,0)
1937:(48,2,19,40,10,10,0)
1938:(48,2,22,46,4,4,0)
1939:(48,2,22,49,1,1,0)
1940:(48,2,21,49,1,1,0)
1941:(48,2,20,49,1,1,0)
1942:(48,2,19,49,1,1,0)
1943:(48,2,18,49,1,1,0)
1944:(48,2,17,49,1,1,0)
1945:(48,2,16,49,1,1,0)
1946:(48,2,15,49,1,1,0)
1947:(48,2,14,49,1,1,0)
1948:(48,2,13,49,1,1,0)
1949:(48,2,12,49,1,1,0)
1950:(48,2,11,49,1,1,0)
1951:(48,2,10,49,1,1,0)
1952:(48,2,9,49,1,1,0)
1953:(48,2,8,49,1,1,0)
1954:(48,2,7,49,1,1,0)
1955:(48,2,6,49,1,1,0)
1956:(48,2,5,49,1,1,0)
1957:(48,2,4,49,1,1,0)
1958:(48,2,3,49,1,1,0)
1959:(48,2,2,49,1,1,0)
1960:(48,2,1,49,1,1,0)
1961:(48,2,0,49,1,1,0)
1962:(44,2,3,1,49,49,0)
1963:(44,2,2,0,50,50,0)
1964:(44,2,5,3,47,47,0)
1965:(45,2,5,3,47,47,0)
1966:(44,2,6,4,46,46,0)
1967:(45,2,6,4,46,46,0)
1968:(44,2,7,5,45,45,0)
1969:(45,2,7,5,45,45,0)
1970:(45,2,7,6,44,44,0)
1971:(46,2,7,6,44,44,0)
1972:(45,2,8,7,43,43,0)
1973:(46,2,8,7,43,43,0)
1974:(45,2,9,8,42,42,0)
1975:(46,2,9,8,42,42,0)
1976:(45,2,9,9,41,41,0)
1977:(46,2,9,9,41,41,0)
1978:(45,2,10,10,40,40,0)
1979:(46,2,10,10,40,40,0)
1980:(47,2,9,11,39,39,0)
1981:(48,2,9,11,39,39,0)
1982:(47,2,9,12,38,38,0)
1983:(48,2,9,12,38,38,0)
1984:(47,2,10,13,37,37,0)
1985:(48,2,10,13,37,37,0)
1986:(47,2,11,14,36,36,0)
1987:(48,2,11,14,36,36,0)
1988:(47,2,11,15,35,35,0)
1989:(48,2,11,15,35,35,0)
1990:(47,2,12,16,34,34,0)
1991:(48,2,12,16,34,34,0)
1992:(47,2,13,17,33,33,0)
1993:(48,2,13,17,33,33,0)
1994:(47,2,14,18,32,32,0)
1995:(48,2,14,18,32,32,0)
1996:(47,2,15,19,31,31,0)
1997:(48,2,15,19,31,31,0)
1998:(47,2,15,20,30,30,0)
1999:(48,2,15,20,30,30,0)
2000:(47,2,15,21,29,29,0)
2001:(48,2,15,21,29,29,0)
2002:(47,2,16,22,28,28,0)
2003:(48,2,16,22,28,28,0)
2004:(47,2,16,23,27,27,0)
2005:(48,2,16,23,27,27,0)
2006:(47,2,15,24,26,26,0)
2007:(48,2,15,24,26,26,0)
2008:(47,2,16,25,25,25,0)
2009:(48,2,16,25,25,25,0)
2010:(47,2,16,26,24,24,0)
2011:(48,2,16,26,24,24,0)
2012:(47,2,16,27,23,23,0)
2013:(48,2,16,27,23,23,0)
2014:(47,2,16,28,22,22,0)
2015:(48,2,16,28,22,22,0)
2016:(47,2,17,29,21,21,0)
2017:(48,2,17,29,21,21,0)
2018:(47,2,18,30,20,20,0)
2019:(48,2,18,30,20,20,0)
2020:(47,2,18,31,19,19,0)
2021:(48,2,18,31,19,19,0)
2022:(47,2,18,32,18,18,0)
2023:(48,2,18,32,18,18,0)
2024:(47,2,19,33,17,17,0)
2025:(48,2,19,33,17,17,0)
2026:(47,2,20,34,16,16,0)
2027:(48,2,20,34,16,16,0)
2028:(47,2,21,35,15,15,0)
2029:(48,2,21,35,15,15,0)
2030:(47,2,22,36,14,14,0)
2031:(48,2,22,36,14,14,0)
2032:(47,2,21,37,13,13,0)
2033:(48,2,21,37,13,13,0)
2034:(47,2,22,38,12,12,0)
2035:(48,2,22,38,12,12,0)
2036:(47,2,23,39,11,11,0)
2037:(48,2,23,39,11,11,0)
2038:(47,2,24,40,10,10,0)
2039:(48,2,24,40,10,10,0)
2040:(47,2,24,41,9,9,0)
2041:(48,2,24,41,9,9,0)
2042:(47,2,23,42,8,8,0)
2043:(48,2,23,42,8,8,0)
2044:(47,2,24,43,7,7,0)
2045:(48,2,24,43,7,7,0)
2046:(47,2,25,44,6,6,0)
2047:(48,2,25,44,6,6,0)
2048:(47,2,26,45,5,5,0)
2049:(48,2,26,45,5,5,0)
2050:(47,2,26,46,4,4,0)
2051:(48,2,26,46,4,4,0)
2052:(47,2,27,47,3,3,0)
2053:(48,2,27,47,3,3,0)
2054:(47,2,26,48,2,2,0)
2055:(48,2,26,48,2,2,0)
2056:(47,2,26,49,1,1,0)
2057:(48,2,26,49,1,1,0)
2058:(47,2,27,50,0,0,0)
2059:(48,2,27,50,0,0,0)
2060:(46,2,4,2,48,48,0)
2061:(45,2,4,2,48,48,0)
2062:(44,2,4,1,49,49,0)
2063:(44,2,3,0,50,50,0)
2064:(44,2,6,3,47,47,0)
2065:(45,2,6,3,47,47,0)
2066:(44,2,7,4,46,46,0)
2067:(45,2,7,4,46,46,0)
2068:(44,2,8,5,45,45,0)
2069:(45,2,8,5,45,45,0)
2070:(45,2,8,6,44,44,0)
2071:(46,2,8,6,44,44,0)
2072:(45,2,9,7,43,43,0)
2073:(46,2,9,7,43,43,0)
2074:(45,2,10,8,42,42,0)
2075:(46,2,10,8,42,42,0)
2076:(45,2,10,9,41,41,0)
2077:(46,2,10,9,41,41,0)
2078:(45,2,11,10,40,40,0)
2079:(46,2,11,10,40,40,0)
2080:(47,2,10,11,39,39,0)
2081:(48,2,10,11,39,39,0)
2082:(47,2,10,12,38,38,0)
2083:(48,2,10,12,38,38,0)
2084:(47,2,11,13,37,37,0)
2085:(48,2,11,13,37,37,0)
2086:(47,2,12,14,36,36,0)
2087:(48,2,12,14,36,36,0)
2088:(47,2,12,15,35,35,0)
2089:(48,2,12,15,35,35,0)
2090:(47,2,13,16,34,34,0)
2091:(48,2,13,16,34,34,0)
2092:(47,2,14,17,33,33,0)
2093:(48,2,14,17,33,33,0)
2094:(47,2,15,18,32,32,0)
2095:(48,2,15,18,32,32,0)
2096:(47,2,16,19,31,31,0)
2097:(48,2,16,19,31,31,0)
2098:(47,2,16,20,30,30,0)
2099:(48,2,16,20,30,30,0)
2100:(47,2,16,21,29,29,0)
2101:(48,2,16,21,29,29,0)
2102:(47,2,17,22,28,28,0)
2103:(48,2,17,22,28,28,0)
2104:(47,2,17,23,27,27,0)
2105:(48,2,17,23,27,27,0)
2106:(47,2,16,24,26,26,0)
2107:(48,2,16,24,26,26,0)
2108:(47,2,17,25,25,25,0)
2109:(48,2,17,25,25,25,0)
2110:(47,2,17,26,24,24,0)
2111:(48,2,17,26,24,24,0)
2112:(47,2,17,27,23,23,0)
2113:(48,2,17,27,23,23,0)
2114:(47,2,17,28,22,22,0)
2115:(48,2,17,28,22,22,0)
2116:(47,2,18,29,21,21,0)
2117:(48,2,18,29,21,21,0)
2118:(47,2,19,30,20,20,0)
2119:(48,2,19,30,20,20,0)
2120:(47,2,19,31,19,19,0)
2121:(48,2,19,31,19,19,0)
2122:(47,2,19,32,18,18,0)
2123:(48,2,19,32,18,18,0)
2124:(47,2,20,33,17,17,0)
2125:(48,2,20,33,17,17,0)
2126:(47,2,21,34,16,16,0)
2127:(48,2,21,34,16,16,0)
2128:(47,2,22,35,15,15,0)
2129:(48,2,22,35,15,15,0)
2130:(47,2,23,36,14,14,0)
2131:(48,2,23,36,14,14,0)
2132:(47,2,22,37,13,13,0)
2133:(48,2,22,37,13,13,0)
2134:(47,2,23,38,12,12,0)
2135:(48,2,23,38,12,12,0)
2136:(47,2,24,39,11,11,0)
2137:(48,2,24,39,11,11,0)
2138:(47,2,25,40,10,10,0)
2139:(48,2,25,40,10,10,0)
2140:(47,2,25,41,9,9,0)
2141:(48,2,25,41,9,9,0)
2142:(47,2,24,42,8,8,0)
2143:(48,2,24,42,8,8,0)
2144:(47,2,25,43,7,7,0)
2145:(48,2,25,43,7,7,0)
2146:(47,2,26,44,6,6,0)
2147:(48,2,26,44,6,6,0)
2148:(47,2,27,45,5,5,0)
2149:(48,2,27,45,5,5,0)
2150:(47,2,27,46,4,4,0)
2151:(48,2,27,46,4,4,0)
2152:(47,2,28,47,3,3,0)
2153:(48,2,28,47,3,3,0)
2154:(47,2,27,48,2,2,0)
2155:(48,2,27,48,2,2,0)
2156:(47,2,27,49,1,1,0)
2157:(48,2,27,49,1,1,0)
2158:(47,2,28,50,0,0,0)
2159:(48,2,28,50,0,0,0)
2160:(45,2,4,1,49,49,0)
2161:(45,2,3,0,50,50,0)
2162:(46,2,6,3,47,47,0)
2163:(46,2,7,4,46,46,0)
2164:(46,2,8,5,45,45,0)
2165:(47,2,8,6,44,44,0)
2166:(47,2,9,7,43,43,0)
2167:(47,2,10,8,42,42,0)
2168:(47,2,10,9,41,41,0)
2169:(47,2,11,10,40,40,0)
2170:(49,2,10,11,39,39,0)
2171:(49,2,10,12,38,38,0)
2172:(49,2,11,13,37,37,0)
2173:(49,2,12,14,36,36,0)
2174:(49,2,12,15,35,35,0)
2175:(49,2,13,16,34,34,0)
2176:(49,2,14,17,33,33,0)
2177:(49,2,15,18,32,32,0)
2178:(49,2,16,19,31,31,0)
2179:(49,2,16,20,30,30,0)
2180:(49,2,16,21,29,29,0)
2181:(49,2,17,22,28,28,0)
2182:(49,2,17,23,27,27,0)
2183:(49,2,16,24,26,26,0)
2184:(49,2,17,25,25,25,0)
2185:(49,2,17,26,24,24,0)
2186:(49,2,17,27,23,23,0)
2187:(49,2,17,28,22,22,0)
2188:(49,2,18,29,21,21,0)
2189:(49,2,19,30,20,20,0)
2190:(49,2,19,31,19,19,0)
2191:(49,2,19,32,18,18,0)
2192:(49,2,20,33,17,17,0)
2193:(49,2,21,34,16,16,0)
2194:(49,2,22,35,15,15,0)
2195:(49,2,23,36,14,14,0)
2196:(49,2,22,37,13,13,0)
2197:(49,2,23,38,12,12,0)
2198:(49,2,24,39,11,11,0)
2199:(49,2,25,40,10,10,0)
2200:(49,2,25,41,9,9,0)
2201:(49,2,24,42,8,8,0)
2202:(49,2,25,43,7,7,0)
2203:(49,2,26,44,6,6,0)
2204:(49,2,27,45,5,5,0)
2205:(49,2,27,46,4,4,0)
2206:(49,2,28,47,3,3,0)
2207:(49,2,27,48,2,2,0)
2208:(49,2,27,49,1,1,0)
2209:(49,2,28,50,0,0,0)
2210:(47,2,4,2,48,48,0)
2211:(46,2,4,1,49,49,0)
2212:(46,2,3,0,50,50,0)
2213:(47,2,6,3,47,47,0)
2214:(47,2,7,4,46,46,0)
2215:(47,2,8,5,45,45,0)
2216:(48,2,8,6,44,44,0)
2217:(48,2,9,7,43,43,0)
2218:(48,2,10,8,42,42,0)
2219:(48,2,10,9,41,41,0)
2220:(48,2,11,10,40,40,0)
2221:(50,2,10,11,39,39,0)
2222:(50,2,10,12,38,38,0)
2223:(50,2,11,13,37,37,0)
2224:(50,2,12,14,36,36,0)
2225:(50,2,12,15,35,35,0)
2226:(50,2,13,16,34,34,0)
2227:(50,2,14,17,33,33,0)
2228:(50,2,15,18,32,32,0)
2229:(50,2,16,19,31,31,0)
2230:(50,2,16,20,30,30,0)
2231:(50,2,16,21,29,29,0)
2232:(50,2,17,22,28,28,0)
2233:(50,2,17,23,27,27,0)
2234:(50,2,16,24,26,26,0)
2235:(50,2,17,25,25,25,0)
2236:(50,2,17,26,24,24,0)
2237:(50,2,17,27,23,23,0)
2238:(50,2,17,28,22,22,0)
2239:(50,2,18,29,21,21,0)
2240:(50,2,19,30,20,20,0)
2241:(50,2,19,31,19,19,0)
2242:(50,2,19,32,18,18,0)
2243:(50,2,20,33,17,17,0)
2244:(50,2,21,34,16,16,0)
2245:(50,2,22,35,15,15,0)
2246:(50,2,23,36,14,14,0)
2247:(50,2,22,37,13,13,0)
2248:(50,2,23,38,12,12,0)
2249:(50,2,24,39,11,11,0)
2250:(50,2,25,40,10,10,0)
2251:(50,2,25,41,9,9,0)
2252:(50,2,24,42,8,8,0)
2253:(50,2,25,43,7,7,0)
2254:(50,2,26,44,6,6,0)
2255:(50,2,27,45,5,5,0)
2256:(50,2,27,46,4,4,0)
2257:(50,2,28,47,3,3,0)
2258:(50,2,27,48,2,2,0)
2259:(50,2,27,49,1,1,0)
2260:(50,2,28,50,0,0,0)
2261:(48,2,4,2,48,48,0)
2262:(47,2,4,1,49,49,0)
2263:(47,2,3,0,50,50,0)
2264:(48,2,6,3,47,47,0)
2265:(48,2,7,4,46,46,0)
2266:(48,2,8,5,45,45,0)
2267:(49,2,8,6,44,44,0)
2268:(49,2,9,7,43,43,0)
2269:(49,2,10,8,42,42,0)
2270:(49,2,10,9,41,41,0)
2271:(49,2,11,10,40,40,0)
2272:(51,2,10,11,39,39,0)
2273:(51,2,10,12,38,38,0)
2274:(51,2,11,13,37,37,0)
2275:(51,2,12,14,36,36,0)
2276:(51,2,12,15,35,35,0)
2277:(51,2,13,16,34,34,0)
2278:(51,2,14,17,33,33,0)
2279:(51,2,15,18,32,32,0)
2280:(51,2,16,19,31,31,0)
2281:(51,2,16,20,30,30,0)
2282:(51,2,16,21,29,29,0)
2283:(51,2,17,22,28,28,0)
2284:(51,2,17,23,27,27,0)
2285:(51,2,16,24,26,26,0)
2286:(51,2,17,25,25,25,0)
2287:(51,2,17,26,24,24,0)
2288:(51,2,17,27,23,23,0)
2289:(51,2,17,28,22,22,0)
2290:(51,2,18,29,21,21,0)
2291:(51,2,19,30,20,20,0)
2292:(51,2,19,31,19,19,0)
2293:(51,2,19,32,18,18,0)
2294:(51,2,20,33,17,17,0)
2295:(51,2,21,34,16,16,0)
2296:(51,2,22,35,15,15,0)
2297:(51,2,23,36,14,14,0)
2298:(51,2,22,37,13,13,0)
2299:(51,2,23,38,12,12,0)
2300:(51,2,24,39,11,11,0)
2301:(51,2,25,40,10,10,0)
2302:(51,2,25,41,9,9,0)
2303:(51,2,24,42,8,8,0)
2304:(51,2,25,43,7,7,0)
2305:(51,2,26,44,6,6,0)
2306:(51,2,27,45,5,5,0)
2307:(51,2,27,46,4,4,0)
2308:(51,2,28,47,3,3,0)
2309:(51,2,27,48,2,2,0)
2310:(51,2,27,49,1,1,0)
2311:(51,2,28,50,0,0,0)
2312:(44,2,2,2,48,48,0)
2313:(44,2,3,2,48,48,0)
2314:(47,2,0,50,0,0,0)
2315:(47,2,23,49,1,1,0)
2316:(47,2,22,48,2,2,0)
2317:(47,2,22,47,3,3,0)
2318:(47,2,23,46,4,4,0)
2319:(47,2,22,45,5,5,0)
2320:(47,2,22,44,6,6,0)
2321:(47,2,21,43,7,7,0)
2322:(47,2,20,42,8,8,0)
2323:(47,2,19,41,9,9,0)
2324:(47,2,20,40,10,10,0)
2325:(47,2,20,39,11,11,0)
2326:(47,2,19,38,12,12,0)
2327:(47,2,18,37,13,13,0)
2328:(47,2,17,36,14,14,0)
2329:(47,2,18,35,15,15,0)
2330:(47,2,17,34,16,16,0)
2331:(47,2,16,33,17,17,0)
2332:(47,2,15,32,18,18,0)
2333:(47,2,14,31,19,19,0)
2334:(47,2,14,30,20,20,0)
2335:(47,2,14,29,21,21,0)
2336:(47,2,13,28,22,22,0)
2337:(47,2,12,27,23,23,0)
2338:(47,2,12,26,24,24,0)
2339:(47,2,12,25,25,25,0)
2340:(47,2,12,24,26,26,0)
2341:(47,2,11,23,27,27,0)
2342:(47,2,12,22,28,28,0)
2343:(47,2,12,21,29,29,0)
2344:(47,2,11,20,30,30,0)
2345:(47,2,11,19,31,31,0)
2346:(47,2,11,18,32,32,0)
2347:(47,2,10,17,33,33,0)
2348:(47,2,9,16,34,34,0)
2349:(47,2,8,15,35,35,0)
2350:(47,2,7,14,36,36,0)
2351:(47,2,7,13,37,37,0)
2352:(47,2,6,12,38,38,0)
2353:(47,2,5,11,39,39,0)
2354:(47,2,5,10,40,40,0)
2355:(46,2,6,10,40,40,0)
2356:(45,2,7,10,40,40,0)
2357:(45,2,6,9,41,41,0)
2358:(45,2,5,8,42,42,0)
2359:(45,2,5,7,43,43,0)
2360:(45,2,4,6,44,44,0)
2361:(45,2,3,5,45,45,0)
2362:(44,2,4,5,45,45,0)
2363:(44,2,3,4,46,46,0)
2364:(44,2,2,3,47,47,0)
2365:(44,2,1,2,48,48,0)
2366:(44,2,0,1,49,49,0)
2367:(43,2,1,1,49,49,0)
2368:(43,2,0,0,50,50,0)
2369:(43,2,2,2,48,48,0)
2370:(43,2,3,2,48,48,0)
2371:(43,2,3,3,47,47,0)
2372:(43,2,4,3,47,47,0)
2373:(43,2,4,4,46,46,0)
2374:(43,2,5,4,46,46,0)
2375:(43,2,5,5,45,45,0)
2376:(43,2,6,5,45,45,0)
2377:(44,2,5,6,44,44,0)
2378:(44,2,6,6,44,44,0)
2379:(44,2,6,7,43,43,0)
2380:(44,2,7,7,43,43,0)
2381:(44,2,7,8,42,42,0)
2382:(44,2,8,8,42,42,0)
2383:(44,2,6,8,42,42,0)
2384:(44,2,7,9,41,41,0)
2385:(44,2,8,9,41,41,0)
2386:(44,2,8,10,40,40,0)
2387:(44,2,9,10,40,40,0)
2388:(46,2,7,11,39,39,0)
2389:(46,2,8,11,39,39,0)
2390:(46,2,6,11,39,39,0)
2391:(46,2,7,12,38,38,0)
2392:(46,2,8,12,38,38,0)
2393:(46,2,8,13,37,37,0)
2394:(46,2,9,13,37,37,0)
2395:(46,2,9,14,36,36,0)
2396:(46,2,10,14,36,36,0)
2397:(46,2,8,14,36,36,0)
2398:(46,2,9,15,35,35,0)
2399:(46,2,10,15,35,35,0)
2400:(46,2,10,16,34,34,0)
2401:(46,2,11,16,34,34,0)
2402:(46,2,11,17,33,33,0)
2403:(46,2,12,17,33,33,0)
2404:(46,2,12,18,32,32,0)
2405:(46,2,13,18,32,32,0)
2406:(46,2,13,19,31,31,0)
2407:(46,2,14,19,31,31,0)
2408:(46,2,12,19,31,31,0)
2409:(46,2,13,20,30,30,0)
2410:(46,2,14,20,30,30,0)
2411:(46,2,12,20,30,30,0)
2412:(46,2,13,21,29,29,0)
2413:(46,2,14,21,29,29,0)
2414:(46,2,14,22,28,28,0)
2415:(46,2,15,22,28,28,0)
2416:(46,2,13,22,28,28,0)
2417:(46,2,14,23,27,27,0)
2418:(46,2,15,23,27,27,0)
2419:(46,2,13,23,27,27,0)
2420:(46,2,12,23,27,27,0)
2421:(46,2,13,24,26,26,0)
2422:(46,2,14,24,26,26,0)
2423:(46,2,14,25,25,25,0)
2424:(46,2,15,25,25,25,0)
2425:(46,2,13,25,25,25,0)
2426:(46,2,14,26,24,24,0)
2427:(46,2,15,26,24,24,0)
2428:(46,2,13,26,24,24,0)
2429:(46,2,14,27,23,23,0)
2430:(46,2,15,27,23,23,0)
2431:(46,2,13,27,23,23,0)
2432:(46,2,14,28,22,22,0)
2433:(46,2,15,28,22,22,0)
2434:(46,2,15,29,21,21,0)
2435:(46,2,16,29,21,21,0)
2436:(46,2,16,30,20,20,0)
2437:(46,2,17,30,20,20,0)
2438:(46,2,15,30,20,20,0)
2439:(46,2,16,31,19,19,0)
2440:(46,2,17,31,19,19,0)
2441:(46,2,15,31,19,19,0)
2442:(46,2,16,32,18,18,0)
2443:(46,2,17,32,18,18,0)
2444:(46,2,17,33,17,17,0)
2445:(46,2,18,33,17,17,0)
2446:(46,2,18,34,16,16,0)
2447:(46,2,19,34,16,16,0)
2448:(46,2,19,35,15,15,0)
2449:(46,2,20,35,15,15,0)
2450:(46,2,20,36,14,14,0)
2451:(46,2,21,36,14,14,0)
2452:(46,2,19,36,14,14,0)
2453:(46,2,18,36,14,14,0)
2454:(46,2,19,37,13,13,0)
2455:(46,2,20,37,13,13,0)
2456:(46,2,20,38,12,12,0)
2457:(46,2,21,38,12,12,0)
2458:(46,2,21,39,11,11,0)
2459:(46,2,22,39,11,11,0)
2460:(46,2,22,40,10,10,0)
2461:(46,2,23,40,10,10,0)
2462:(46,2,21,40,10,10,0)
2463:(46,2,22,41,9,9,0)
2464:(46,2,23,41,9,9,0)
2465:(46,2,21,41,9,9,0)
2466:(46,2,20,41,9,9,0)
2467:(46,2,21,42,8,8,0)
2468:(46,2,22,42,8,8,0)
2469:(46,2,22,43,7,7,0)
2470:(46,2,23,43,7,7,0)
2471:(46,2,23,44,6,6,0)
2472:(46,2,24,44,6,6,0)
2473:(46,2,24,45,5,5,0)
2474:(46,2,25,45,5,5,0)
2475:(46,2,23,45,5,5,0)
2476:(46,2,24,46,4,4,0)
2477:(46,2,25,46,4,4,0)
2478:(46,2,25,47,3,3,0)
2479:(46,2,26,47,3,3,0)
2480:(46,2,24,47,3,3,0)
2481:(46,2,23,47,3,3,0)
2482:(46,2,24,48,2,2,0)
2483:(46,2,25,48,2,2,0)
2484:(46,2,23,48,2,2,0)
2485:(46,2,24,49,1,1,0)
2486:(46,2,25,49,1,1,0)
2487:(46,2,25,50,0,0,0)
2488:(46,2,26,50,0,0,0)
2489:(46,2,24,50,0,0,0)
2490:(46,2,23,50,0,0,0)
2491:(46,2,22,50,0,0,0)
2492:(46,2,21,50,0,0,0)
2493:(46,2,20,50,0,0,0)
2494:(46,2,19,50,0,0,0)
2495:(46,2,18,50,0,0,0)
2496:(46,2,17,50,0,0,0)
2497:(46,2,16,50,0,0,0)
2498:(46,2,15,50,0,0,0)
2499:(46,2,14,50,0,0,0)
2500:(46,2,13,50,0,0,0)
2501:(46,2,12,50,0,0,0)
2502:(46,2,11,50,0,0,0)
2503:(46,2,10,50,0,0,0)
2504:(46,2,9,50,0,0,0)
2505:(46,2,8,50,0,0,0)
2506:(46,2,7,50,0,0,0)
2507:(46,2,6,50,0,0,0)
2508:(46,2,5,50,0,0,0)
2509:(46,2,4,50,0,0,0)
2510:(46,2,3,50,0,0,0)
2511:(46,2,2,50,0,0,0)
2512:(46,2,1,50,0,0,0)
2513:(46,2,0,50,0,0,0)
2514:(46,2,23,49,1,1,0)
2515:(46,2,22,48,2,2,0)
2516:(46,2,22,47,3,3,0)
2517:(46,2,23,46,4,4,0)
2518:(46,2,22,45,5,5,0)
2519:(46,2,22,44,6,6,0)
2520:(46,2,21,43,7,7,0)
2521:(46,2,20,42,8,8,0)
2522:(46,2,19,41,9,9,0)
2523:(46,2,20,40,10,10,0)
2524:(46,2,20,39,11,11,0)
2525:(46,2,19,38,12,12,0)
2526:(46,2,18,37,13,13,0)
2527:(46,2,17,36,14,14,0)
2528:(46,2,18,35,15,15,0)
2529:(46,2,17,34,16,16,0)
2530:(46,2,16,33,17,17,0)
2531:(46,2,15,32,18,18,0)
2532:(46,2,14,31,19,19,0)
2533:(46,2,14,30,20,20,0)
2534:(46,2,14,29,21,21,0)
2535:(46,2,13,28,22,22,0)
2536:(46,2,12,27,23,23,0)
2537:(46,2,12,26,24,24,0)
2538:(46,2,12,25,25,25,0)
2539:(46,2,12,24,26,26,0)
2540:(46,2,11,23,27,27,0)
2541:(46,2,12,22,28,28,0)
2542:(46,2,12,21,29,29,0)
2543:(46,2,11,20,30,30,0)
2544:(46,2,11,19,31,31,0)
2545:(46,2,11,18,32,32,0)
2546:(46,2,10,17,33,33,0)
2547:(46,2,9,16,34,34,0)
2548:(46,2,8,15,35,35,0)
2549:(46,2,7,14,36,36,0)
2550:(46,2,7,13,37,37,0)
2551:(46,2,6,12,38,38,0)
2552:(46,2,5,11,39,39,0)
2553:(46,2,5,10,40,40,0)
2554:(45,2,6,10,40,40,0)
2555:(44,2,7,10,40,40,0)
2556:(44,2,6,9,41,41,0)
2557:(44,2,5,8,42,42,0)
2558:(44,2,5,7,43,43,0)
2559:(44,2,4,6,44,44,0)
2560:(44,2,3,5,45,45,0)
2561:(43,2,4,5,45,45,0)
2562:(43,2,3,4,46,46,0)
2563:(43,2,2,3,47,47,0)
2564:(43,2,1,2,48,48,0)
2565:(43,2,0,1,49,49,0)
2566:(42,2,1,1,49,49,0)
2567:(42,2,0,0,50,50,0)
2568:(42,2,3,3,47,47,0)
2569:(42,2,4,3,47,47,0)
2570:(42,2,4,4,46,46,0)
2571:(42,2,5,4,46,46,0)
2572:(42,2,5,5,45,45,0)
2573:(42,2,6,5,45,45,0)
2574:(43,2,5,6,44,44,0)
2575:(43,2,6,6,44,44,0)
2576:(43,2,6,7,43,43,0)
2577:(43,2,7,7,43,43,0)
2578:(43,2,7,8,42,42,0)
2579:(43,2,8,8,42,42,0)
2580:(43,2,6,8,42,42,0)
2581:(43,2,7,9,41,41,0)
2582:(43,2,8,9,41,41,0)
2583:(43,2,8,10,40,40,0)
2584:(43,2,9,10,40,40,0)
2585:(45,2,7,11,39,39,0)
2586:(45,2,8,11,39,39,0)
2587:(45,2,6,11,39,39,0)
2588:(45,2,7,12,38,38,0)
2589:(45,2,8,12,38,38,0)
2590:(45,2,8,13,37,37,0)
2591:(45,2,9,13,37,37,0)
2592:(45,2,9,14,36,36,0)
2593:(45,2,10,14,36,36,0)
2594:(45,2,8,14,36,36,0)
2595:(45,2,9,15,35,35,0)
2596:(45,2,10,15,35,35,0)
2597:(45,2,10,16,34,34,0)
2598:(45,2,11,16,34,34,0)
2599:(45,2,11,17,33,33,0)
2600:(45,2,12,17,33,33,0)
2601:(45,2,12,18,32,32,0)
2602:(45,2,13,18,32,32,0)
2603:(45,2,13,19,31,31,0)
2604:(45,2,14,19,31,31,0)
2605:(45,2,12,19,31,31,0)
2606:(45,2,13,20,30,30,0)
2607:(45,2,14,20,30,30,0)
2608:(45,2,12,20,30,30,0)
2609:(45,2,13,21,29,29,0)
2610:(45,2,14,21,29,29,0)
2611:(45,2,14,22,28,28,0)
2612:(45,2,15,22,28,28,0)
2613:(45,2,13,22,28,28,0)
2614:(45,2,14,23,27,27,0)
2615:(45,2,15,23,27,27,0)
2616:(45,2,13,23,27,27,0)
2617:(45,2,12,23,27,27,0)
2618:(45,2,13,24,26,26,0)
2619:(45,2,14,24,26,26,0)
2620:(45,2,14,25,25,25,0)
2621:(45,2,15,25,25,25,0)
2622:(45,2,13,25,25,25,0)
2623:(45,2,14,26,24,24,0)
2624:(45,2,15,26,24,24,0)
2625:(45,2,13,26,24,24,0)
2626:(45,2,14,27,23,23,0)
2627:(45,2,15,27,23,23,0)
2628:(45,2,13,27,23,23,0)
2629:(45,2,14,28,22,22,0)
2630:(45,2,15,28,22,22,0)
2631:(45,2,15,29,21,21,0)
2632:(45,2,16,29,21,21,0)
2633:(45,2,16,30,20,20,0)
2634:(45,2,17,30,20,20,0)
2635:(45,2,15,30,20,20,0)
2636:(45,2,16,31,19,19,0)
2637:(45,2,17,31,19,19,0)
2638:(45,2,15,31,19,19,0)
2639:(45,2,16,32,18,18,0)
2640:(45,2,17,32,18,18,0)
2641:(45,2,17,33,17,17,0)
2642:(45,2,18,33,17,17,0)
2643:(45,2,18,34,16,16,0)
2644:(45,2,19,34,16,16,0)
2645:(45,2,19,35,15,15,0)
2646:(45,2,20,35,15,15,0)
2647:(45,2,20,36,14,14,0)
2648:(45,2,21,36,14,14,0)
2649:(45,2,19,36,14,14,0)
2650:(45,2,18,36,14,14,0)
2651:(45,2,19,37,13,13,0)
2652:(45,2,20,37,13,13,0)
2653:(45,2,20,38,12,12,0)
2654:(45,2,21,38,12,12,0)
2655:(45,2,21,39,11,11,0)
2656:(45,2,22,39,11,11,0)
2657:(45,2,22,40,10,10,0)
2658:(45,2,23,40,10,10,0)
2659:(45,2,21,40,10,10,0)
2660:(45,2,22,41,9,9,0)
2661:(45,2,23,41,9,9,0)
2662:(45,2,21,41,9,9,0)
2663:(45,2,20,41,9,9,0)
2664:(45,2,21,42,8,8,0)
2665:(45,2,22,42,8,8,0)
2666:(45,2,22,43,7,7,0)
2667:(45,2,23,43,7,7,0)
2668:(45,2,23,44,6,6,0)
2669:(45,2,24,44,6,6,0)
2670:(45,2,24,45,5,5,0)
2671:(45,2,25,45,5,5,0)
2672:(45,2,23,45,5,5,0)
2673:(45,2,24,46,4,4,0)
2674:(45,2,25,46,4,4,0)
2675:(45,2,25,47,3,3,0)
2676:(45,2,26,47,3,3,0)
2677:(45,2,24,47,3,3,0)
2678:(45,2,23,47,3,3,0)
2679:(45,2,24,48,2,2,0)
2680:(45,2,25,48,2,2,0)
2681:(45,2,23,48,2,2,0)
2682:(45,2,24,49,1,1,0)
2683:(45,2,25,49,1,1,0)
2684:(45,2,25,50,0,0,0)
2685:(45,2,26,50,0,0,0)
2686:(45,2,24,50,0,0,0)
2687:(45,2,23,50,0,0,0)
2688:(45,2,22,50,0,0,0)
2689:(45,2,21,50,0,0,0)
2690:(45,2,20,50,0,0,0)
2691:(45,2,19,50,0,0,0)
2692:(45,2,18,50,0,0,0)
2693:(45,2,17,50,0,0,0)
2694:(45,2,16,50,0,0,0)
2695:(45,2,15,50,0,0,0)
2696:(45,2,14,50,0,0,0)
2697:(45,2,13,50,0,0,0)
2698:(45,2,12,50,0,0,0)
2699:(45,2,11,50,0,0,0)
2700:(45,2,10,50,0,0,0)
2701:(45,2,9,50,0,0,0)
2702:(45,2,8,50,0,0,0)
2703:(45,2,7,50,0,0,0)
2704:(45,2,6,50,0,0,0)
2705:(45,2,5,50,0,0,0)
2706:(45,2,4,50,0,0,0)
2707:(45,2,3,50,0,0,0)
2708:(45,2,2,50,0,0,0)
2709:(45,2,1,50,0,0,0)
2710:(42,2,2,1,49,49,0)
2711:(42,2,1,0,50,50,0)
2712:(43,2,2,1,49,49,0)
2713:(43,2,1,0,50,50,0)
2714:(47,2,5,9,41,41,0)
2715:(47,2,11,22,28,28,0)
2716:(47,2,17,35,15,15,0)
2717:(47,2,19,40,10,10,0)
2718:(47,2,22,46,4,4,0)
2719:(47,2,22,49,1,1,0)
2720:(47,2,21,49,1,1,0)
2721:(47,2,20,49,1,1,0)
2722:(47,2,19,49,1,1,0)
2723:(47,2,18,49,1,1,0)
2724:(47,2,17,49,1,1,0)
2725:(47,2,16,49,1,1,0)
2726:(47,2,15,49,1,1,0)
2727:(47,2,14,49,1,1,0)
2728:(47,2,13,49,1,1,0)
2729:(47,2,12,49,1,1,0)
2730:(47,2,11,49,1,1,0)
2731:(47,2,10,49,1,1,0)
2732:(47,2,9,49,1,1,0)
2733:(47,2,8,49,1,1,0)
2734:(47,2,7,49,1,1,0)
2735:(47,2,6,49,1,1,0)
2736:(47,2,5,49,1,1,0)
2737:(47,2,4,49,1,1,0)
2738:(47,2,3,49,1,1,0)
2739:(47,2,2,49,1,1,0)
2740:(47,2,1,49,1,1,0)
2741:(47,2,0,49,1,1,0)
2742:(46,2,5,9,41,41,0)
2743:(46,2,11,22,28,28,0)
2744:(46,2,17,35,15,15,0)
2745:(46,2,19,40,10,10,0)
2746:(46,2,22,46,4,4,0)
2747:(46,2,22,49,1,1,0)
2748:(46,2,21,49,1,1,0)
2749:(46,2,20,49,1,1,0)
2750:(46,2,19,49,1,1,0)
2751:(46,2,18,49,1,1,0)
2752:(46,2,17,49,1,1,0)
2753:(46,2,16,49,1,1,0)
2754:(46,2,15,49,1,1,0)
2755:(46,2,14,49,1,1,0)
2756:(46,2,13,49,1,1,0)
2757:(46,2,12,49,1,1,0)
2758:(46,2,11,49,1,1,0)
2759:(46,2,10,49,1,1,0)
2760:(46,2,9,49,1,1,0)
2761:(46,2,8,49,1,1,0)
2762:(46,2,7,49,1,1,0)
2763:(46,2,6,49,1,1,0)
2764:(46,2,5,49,1,1,0)
2765:(46,2,4,49,1,1,0)
2766:(46,2,3,49,1,1,0)
2767:(46,2,2,49,1,1,0)
2768:(46,2,1,49,1,1,0)
2769:(46,2,0,49,1,1,0)
2770:(42,2,3,1,49,49,0)
2771:(42,2,2,0,50,50,0)
2772:(42,2,5,3,47,47,0)
2773:(43,2,5,3,47,47,0)
2774:(42,2,6,4,46,46,0)
2775:(43,2,6,4,46,46,0)
2776:(42,2,7,5,45,45,0)
2777:(43,2,7,5,45,45,0)
2778:(43,2,7,6,44,44,0)
2779:(44,2,7,6,44,44,0)
2780:(43,2,8,7,43,43,0)
2781:(44,2,8,7,43,43,0)
2782:(43,2,9,8,42,42,0)
2783:(44,2,9,8,42,42,0)
2784:(43,2,9,9,41,41,0)
2785:(44,2,9,9,41,41,0)
2786:(43,2,10,10,40,40,0)
2787:(44,2,10,10,40,40,0)
2788:(45,2,9,11,39,39,0)
2789:(46,2,9,11,39,39,0)
2790:(45,2,9,12,38,38,0)
2791:(46,2,9,12,38,38,0)
2792:(45,2,10,13,37,37,0)
2793:(46,2,10,13,37,37,0)
2794:(45,2,11,14,36,36,0)
2795:(46,2,11,14,36,36,0)
2796:(45,2,11,15,35,35,0)
2797:(46,2,11,15,35,35,0)
2798:(45,2,12,16,34,34,0)
2799:(46,2,12,16,34,34,0)
2800:(45,2,13,17,33,33,0)
2801:(46,2,13,17,33,33,0)
2802:(45,2,14,18,32,32,0)
2803:(46,2,14,18,32,32,0)
2804:(45,2,15,19,31,31,0)
2805:(46,2,15,19,31,31,0)
2806:(45,2,15,20,30,30,0)
2807:(46,2,15,20,30,30,0)
2808:(45,2,15,21,29,29,0)
2809:(46,2,15,21,29,29,0)
2810:(45,2,16,22,28,28,0)
2811:(46,2,16,22,28,28,0)
2812:(45,2,16,23,27,27,0)
2813:(46,2,16,23,27,27,0)
2814:(45,2,15,24,26,26,0)
2815:(46,2,15,24,26,26,0)
2816:(45,2,16,25,25,25,0)
2817:(46,2,16,25,25,25,0)
2818:(45,2,16,26,24,24,0)
2819:(46,2,16,26,24,24,0)
2820:(45,2,16,27,23,23,0)
2821:(46,2,16,27,23,23,0)
2822:(45,2,16,28,22,22,0)
2823:(46,2,16,28,22,22,0)
2824:(45,2,17,29,21,21,0)
2825:(46,2,17,29,21,21,0)
2826:(45,2,18,30,20,20,0)
2827:(46,2,18,30,20,20,0)
2828:(45,2,18,31,19,19,0)
2829:(46,2,18,31,19,19,0)
2830:(45,2,18,32,18,18,0)
2831:(46,2,18,32,18,18,0)
2832:(45,2,19,33,17,17,0)
2833:(46,2,19,33,17,17,0)
2834:(45,2,20,34,16,16,0)
2835:(46,2,20,34,16,16,0)
2836:(45,2,21,35,15,15,0)
2837:(46,2,21,35,15,15,0)
2838:(45,2,22,36,14,14,0)
2839:(46,2,22,36,14,14,0)
2840:(45,2,21,37,13,13,0)
2841:(46,2,21,37,13,13,0)
2842:(45,2,22,38,12,12,0)
2843:(46,2,22,38,12,12,0)
2844:(45,2,23,39,11,11,0)
2845:(46,2,23,39,11,11,0)
2846:(45,2,24,40,10,10,0)
2847:(46,2,24,40,10,10,0)
2848:(45,2,24,41,9,9,0)
2849:(46,2,24,41,9,9,0)
2850:(45,2,23,42,8,8,0)
2851:(46,2,23,42,8,8,0)
2852:(45,2,24,43,7,7,0)
2853:(46,2,24,43,7,7,0)
2854:(45,2,25,44,6,6,0)
2855:(46,2,25,44,6,6,0)
2856:(45,2,26,45,5,5,0)
2857:(46,2,26,45,5,5,0)
2858:(45,2,26,46,4,4,0)
2859:(46,2,26,46,4,4,0)
2860:(45,2,27,47,3,3,0)
2861:(46,2,27,47,3,3,0)
2862:(45,2,26,48,2,2,0)
2863:(46,2,26,48,2,2,0)
2864:(45,2,26,49,1,1,0)
2865:(46,2,26,49,1,1,0)
2866:(45,2,27,50,0,0,0)
2867:(46,2,27,50,0,0,0)
2868:(43,2,3,1,49,49,0)
2869:(43,2,2,0,50,50,0)
2870:(44,2,4,2,48,48,0)
2871:(43,2,4,2,48,48,0)
2872:(42,2,4,1,49,49,0)
2873:(42,2,3,0,50,50,0)
2874:(42,2,6,3,47,47,0)
2875:(43,2,6,3,47,47,0)
2876:(42,2,7,4,46,46,0)
2877:(43,2,7,4,46,46,0)
2878:(42,2,8,5,45,45,0)
2879:(43,2,8,5,45,45,0)
2880:(43,2,8,6,44,44,0)
2881:(44,2,8,6,44,44,0)
2882:(43,2,9,7,43,43,0)
2883:(44,2,9,7,43,43,0)
2884:(43,2,10,8,42,42,0)
2885:(44,2,10,8,42,42,0)
2886:(43,2,10,9,41,41,0)
2887:(44,2,10,9,41,41,0)
2888:(43,2,11,10,40,40,0)
2889:(44,2,11,10,40,40,0)
2890:(45,2,10,11,39,39,0)
2891:(46,2,10,11,39,39,0)
2892:(45,2,10,12,38,38,0)
2893:(46,2,10,12,38,38,0)
2894:(45,2,11,13,37,37,0)
2895:(46,2,11,13,37,37,0)
2896:(45,2,12,14,36,36,0)
2897:(46,2,12,14,36,36,0)
2898:(45,2,12,15,35,35,0)
2899:(46,2,12,15,35,35,0)
2900:(45,2,13,16,34,34,0)
2901:(46,2,13,16,34,34,0)
2902:(45,2,14,17,33,33,0)
2903:(46,2,14,17,33,33,0)
2904:(45,2,15,18,32,32,0)
2905:(46,2,15,18,32,32,0)
2906:(45,2,16,19,31,31,0)
2907:(46,2,16,19,31,31,0)
2908:(45,2,16,20,30,30,0)
2909:(46,2,16,20,30,30,0)
2910:(45,2,16,21,29,29,0)
2911:(46,2,16,21,29,29,0)
2912:(45,2,17,22,28,28,0)
2913:(46,2,17,22,28,28,0)
2914:(45,2,17,23,27,27,0)
2915:(46,2,17,23,27,27,0)
2916:(45,2,16,24,26,26,0)
2917:(46,2,16,24,26,26,0)
2918:(45,2,17,25,25,25,0)
2919:(46,2,17,25,25,25,0)
2920:(45,2,17,26,24,24,0)
2921:(46,2,17,26,24,24,0)
2922:(45,2,17,27,23,23,0)
2923:(46,2,17,27,23,23,0)
2924:(45,2,17,28,22,22,0)
2925:(46,2,17,28,22,22,0)
2926:(45,2,18,29,21,21,0)
2927:(46,2,18,29,21,21,0)
2928:(45,2,19,30,20,20,0)
2929:(46,2,19,30,20,20,0)
2930:(45,2,19,31,19,19,0)
2931:(46,2,19,31,19,19,0)
2932:(45,2,19,32,18,18,0)
2933:(46,2,19,32,18,18,0)
2934:(45,2,20,33,17,17,0)
2935:(46,2,20,33,17,17,0)
2936:(45,2,21,34,16,16,0)
2937:(46,2,21,34,16,16,0)
2938:(45,2,22,35,15,15,0)
2939:(46,2,22,35,15,15,0)
2940:(45,2,23,36,14,14,0)
2941:(46,2,23,36,14,14,0)
2942:(45,2,22,37,13,13,0)
2943:(46,2,22,37,13,13,0)
2944:(45,2,23,38,12,12,0)
2945:(46,2,23,38,12,12,0)
2946:(45,2,24,39,11,11,0)
2947:(46,2,24,39,11,11,0)
2948:(45,2,25,40,10,10,0)
2949:(46,2,25,40,10,10,0)
2950:(45,2,25,41,9,9,0)
2951:(46,2,25,41,9,9,0)
2952:(45,2,24,42,8,8,0)
2953:(46,2,24,42,8,8,0)
2954:(45,2,25,43,7,7,0)
2955:(46,2,25,43,7,7,0)
2956:(45,2,26,44,6,6,0)
2957:(46,2,26,44,6,6,0)
2958:(45,2,27,45,5,5,0)
2959:(46,2,27,45,5,5,0)
2960:(45,2,27,46,4,4,0)
2961:(46,2,27,46,4,4,0)
2962:(45,2,28,47,3,3,0)
2963:(46,2,28,47,3,3,0)
2964:(45,2,27,48,2,2,0)
2965:(46,2,27,48,2,2,0)
2966:(45,2,27,49,1,1,0)
2967:(46,2,27,49,1,1,0)
2968:(45,2,28,50,0,0,0)
2969:(46,2,28,50,0,0,0)
2970:(43,2,4,1,49,49,0)
2971:(43,2,3,0,50,50,0)
2972:(44,2,5,2,48,48,0)
2973:(43,2,5,2,48,48,0)
2974:(42,2,5,1,49,49,0)
2975:(42,2,4,0,50,50,0)
2976:(42,2,7,3,47,47,0)
2977:(43,2,7,3,47,47,0)
2978:(42,2,8,4,46,46,0)
2979:(43,2,8,4,46,46,0)
2980:(42,2,9,5,45,45,0)
2981:(43,2,9,5,45,45,0)
2982:(43,2,9,6,44,44,0)
2983:(44,2,9,6,44,44,0)
2984:(43,2,10,7,43,43,0)
2985:(44,2,10,7,43,43,0)
2986:(43,2,11,8,42,42,0)
2987:(44,2,11,8,42,42,0)
2988:(43,2,11,9,41,41,0)
2989:(44,2,11,9,41,41,0)
2990:(43,2,12,10,40,40,0)
2991:(44,2,12,10,40,40,0)
2992:(45,2,11,11,39,39,0)
2993:(46,2,11,11,39,39,0)
2994:(45,2,11,12,38,38,0)
2995:(46,2,11,12,38,38,0)
2996:(45,2,12,13,37,37,0)
2997:(46,2,12,13,37,37,0)
2998:(45,2,13,14,36,36,0)
2999:(46,2,13,14,36,36,0)
3000:(45,2,13,15,35,35,0)
3001:(46,2,13,15,35,35,0)
3002:(45,2,14,16,34,34,0)
3003:(46,2,14,16,34,34,0)
3004:(45,2,15,17,33,33,0)
3005:(46,2,15,17,33,33,0)
3006:(45,2,16,18,32,32,0)
3007:(46,2,16,18,32,32,0)
3008:(45,2,17,19,31,31,0)
3009:(46,2,17,19,31,31,0)
3010:(45,2,17,20,30,30,0)
3011:(46,2,17,20,30,30,0)
3012:(45,2,17,21,29,29,0)
3013:(46,2,17,21,29,29,0)
3014:(45,2,18,22,28,28,0)
3015:(46,2,18,22,28,28,0)
3016:(45,2,18,23,27,27,0)
3017:(46,2,18,23,27,27,0)
3018:(45,2,17,24,26,26,0)
3019:(46,2,17,24,26,26,0)
3020:(45,2,18,25,25,25,0)
3021:(46,2,18,25,25,25,0)
3022:(45,2,18,26,24,24,0)
3023:(46,2,18,26,24,24,0)
3024:(45,2,18,27,23,23,0)
3025:(46,2,18,27,23,23,0)
3026:(45,2,18,28,22,22,0)
3027:(46,2,18,28,22,22,0)
3028:(45,2,19,29,21,21,0)
3029:(46,2,19,29,21,21,0)
3030:(45,2,20,30,20,20,0)
3031:(46,2,20,30,20,20,0)
3032:(45,2,20,31,19,19,0)
3033:(46,2,20,31,19,19,0)
3034:(45,2,20,32,18,18,0)
3035:(46,2,20,32,18,18,0)
3036:(45,2,21,33,17,17,0)
3037:(46,2,21,33,17,17,0)
3038:(45,2,22,34,16,16,0)
3039:(46,2,22,34,16,16,0)
3040:(45,2,23,35,15,15,0)
3041:(46,2,23,35,15,15,0)
3042:(45,2,24,36,14,14,0)
3043:(46,2,24,36,14,14,0)
3044:(45,2,23,37,13,13,0)
3045:(46,2,23,37,13,13,0)
3046:(45,2,24,38,12,12,0)
3047:(46,2,24,38,12,12,0)
3048:(45,2,25,39,11,11,0)
3049:(46,2,25,39,11,11,0)
3050:(45,2,26,40,10,10,0)
3051:(46,2,26,40,10,10,0)
3052:(45,2,26,41,9,9,0)
3053:(46,2,26,41,9,9,0)
3054:(45,2,25,42,8,8,0)
3055:(46,2,25,42,8,8,0)
3056:(45,2,26,43,7,7,0)
3057:(46,2,26,43,7,7,0)
3058:(45,2,27,44,6,6,0)
3059:(46,2,27,44,6,6,0)
3060:(45,2,28,45,5,5,0)
3061:(46,2,28,45,5,5,0)
3062:(45,2,28,46,4,4,0)
3063:(46,2,28,46,4,4,0)
3064:(45,2,29,47,3,3,0)
3065:(46,2,29,47,3,3,0)
3066:(45,2,28,48,2,2,0)
3067:(46,2,28,48,2,2,0)
3068:(45,2,28,49,1,1,0)
3069:(46,2,28,49,1,1,0)
3070:(45,2,29,50,0,0,0)
3071:(46,2,29,50,0,0,0)
3072:(43,2,5,1,49,49,0)
3073:(43,2,4,0,50,50,0)
3074:(44,2,7,3,47,47,0)
3075:(44,2,8,4,46,46,0)
3076:(44,2,9,5,45,45,0)
3077:(45,2,9,6,44,44,0)
3078:(45,2,10,7,43,43,0)
3079:(45,2,11,8,42,42,0)
3080:(45,2,11,9,41,41,0)
3081:(45,2,12,10,40,40,0)
3082:(47,2,11,11,39,39,0)
3083:(47,2,11,12,38,38,0)
3084:(47,2,12,13,37,37,0)
3085:(47,2,13,14,36,36,0)
3086:(47,2,13,15,35,35,0)
3087:(47,2,14,16,34,34,0)
3088:(47,2,15,17,33,33,0)
3089:(47,2,16,18,32,32,0)
3090:(47,2,17,19,31,31,0)
3091:(47,2,17,20,30,30,0)
3092:(47,2,17,21,29,29,0)
3093:(47,2,18,22,28,28,0)
3094:(47,2,18,23,27,27,0)
3095:(47,2,17,24,26,26,0)
3096:(47,2,18,25,25,25,0)
3097:(47,2,18,26,24,24,0)
3098:(47,2,18,27,23,23,0)
3099:(47,2,18,28,22,22,0)
3100:(47,2,19,29,21,21,0)
3101:(47,2,20,30,20,20,0)
3102:(47,2,20,31,19,19,0)
3103:(47,2,20,32,18,18,0)
3104:(47,2,21,33,17,17,0)
3105:(47,2,22,34,16,16,0)
3106:(47,2,23,35,15,15,0)
3107:(47,2,24,36,14,14,0)
3108:(47,2,23,37,13,13,0)
3109:(47,2,24,38,12,12,0)
3110:(47,2,25,39,11,11,0)
3111:(47,2,26,40,10,10,0)
3112:(47,2,26,41,9,9,0)
3113:(47,2,25,42,8,8,0)
3114:(47,2,26,43,7,7,0)
3115:(47,2,27,44,6,6,0)
3116:(47,2,28,45,5,5,0)
3117:(47,2,28,46,4,4,0)
3118:(47,2,29,47,3,3,0)
3119:(47,2,28,48,2,2,0)
3120:(47,2,28,49,1,1,0)
3121:(47,2,29,50,0,0,0)
3122:(45,2,5,2,48,48,0)
3123:(44,2,5,1,49,49,0)
3124:(44,2,4,0,50,50,0)
3125:(45,2,7,3,47,47,0)
3126:(45,2,8,4,46,46,0)
3127:(45,2,9,5,45,45,0)
3128:(46,2,9,6,44,44,0)
3129:(46,2,10,7,43,43,0)
3130:(46,2,11,8,42,42,0)
3131:(46,2,11,9,41,41,0)
3132:(46,2,12,10,40,40,0)
3133:(48,2,11,11,39,39,0)
3134:(48,2,11,12,38,38,0)
3135:(48,2,12,13,37,37,0)
3136:(48,2,13,14,36,36,0)
3137:(48,2,13,15,35,35,0)
3138:(48,2,14,16,34,34,0)
3139:(48,2,15,17,33,33,0)
3140:(48,2,16,18,32,32,0)
3141:(48,2,17,19,31,31,0)
3142:(48,2,17,20,30,30,0)
3143:(48,2,17,21,29,29,0)
3144:(48,2,18,22,28,28,0)
3145:(48,2,18,23,27,27,0)
3146:(48,2,17,24,26,26,0)
3147:(48,2,18,25,25,25,0)
3148:(48,2,18,26,24,24,0)
3149:(48,2,18,27,23,23,0)
3150:(48,2,18,28,22,22,0)
3151:(48,2,19,29,21,21,0)
3152:(48,2,20,30,20,20,0)
3153:(48,2,20,31,19,19,0)
3154:(48,2,20,32,18,18,0)
3155:(48,2,21,33,17,17,0)
3156:(48,2,22,34,16,16,0)
3157:(48,2,23,35,15,15,0)
3158:(48,2,24,36,14,14,0)
3159:(48,2,23,37,13,13,0)
3160:(48,2,24,38,12,12,0)
3161:(48,2,25,39,11,11,0)
3162:(48,2,26,40,10,10,0)
3163:(48,2,26,41,9,9,0)
3164:(48,2,25,42,8,8,0)
3165:(48,2,26,43,7,7,0)
3166:(48,2,27,44,6,6,0)
3167:(48,2,28,45,5,5,0)
3168:(48,2,28,46,4,4,0)
3169:(48,2,29,47,3,3,0)
3170:(48,2,28,48,2,2,0)
3171:(48,2,28,49,1,1,0)
3172:(48,2,29,50,0,0,0)
3173:(46,2,5,2,48,48,0)
3174:(45,2,5,1,49,49,0)
3175:(45,2,4,0,50,50,0)
3176:(46,2,7,3,47,47,0)
3177:(46,2,8,4,46,46,0)
3178:(46,2,9,5,45,45,0)
3179:(47,2,9,6,44,44,0)
3180:(47,2,10,7,43,43,0)
3181:(47,2,11,8,42,42,0)
3182:(47,2,11,9,41,41,0)
3183:(47,2,12,10,40,40,0)
3184:(49,2,11,11,39,39,0)
3185:(49,2,11,12,38,38,0)
3186:(49,2,12,13,37,37,0)
3187:(49,2,13,14,36,36,0)
3188:(49,2,13,15,35,35,0)
3189:(49,2,14,16,34,34,0)
3190:(49,2,15,17,33,33,0)
3191:(49,2,16,18,32,32,0)
3192:(49,2,17,19,31,31,0)
3193:(49,2,17,20,30,30,0)
3194:(49,2,17,21,29,29,0)
3195:(49,2,18,22,28,28,0)
3196:(49,2,18,23,27,27,0)
3197:(49,2,17,24,26,26,0)
3198:(49,2,18,25,25,25,0)
3199:(49,2,18,26,24,24,0)
3200:(49,2,18,27,23,23,0)
3201:(49,2,18,28,22,22,0)
3202:(49,2,19,29,21,21,0)
3203:(49,2,20,30,20,20,0)
3204:(49,2,20,31,19,19,0)
3205:(49,2,20,32,18,18,0)
3206:(49,2,21,33,17,17,0)
3207:(49,2,22,34,16,16,0)
3208:(49,2,23,35,15,15,0)
3209:(49,2,24,36,14,14,0)
3210:(49,2,23,37,13,13,0)
3211:(49,2,24,38,12,12,0)
3212:(49,2,25,39,11,11,0)
3213:(49,2,26,40,10,10,0)
3214:(49,2,26,41,9,9,0)
3215:(49,2,25,42,8,8,0)
3216:(49,2,26,43,7,7,0)
3217:(49,2,27,44,6,6,0)
3218:(49,2,28,45,5,5,0)
3219:(49,2,28,46,4,4,0)
3220:(49,2,29,47,3,3,0)
3221:(49,2,28,48,2,2,0)
3222:(49,2,28,49,1,1,0)
3223:(49,2,29,50,0,0,0)
3224:(47,2,5,2,48,48,0)
3225:(46,2,5,1,49,49,0)
3226:(46,2,4,0,50,50,0)
3227:(47,2,7,3,47,47,0)
3228:(47,2,8,4,46,46,0)
3229:(47,2,9,5,45,45,0)
3230:(48,2,9,6,44,44,0)
3231:(48,2,10,7,43,43,0)
3232:(48,2,11,8,42,42,0)
3233:(48,2,11,9,41,41,0)
3234:(48,2,12,10,40,40,0)
3235:(50,2,11,11,39,39,0)
3236:(50,2,11,12,38,38,0)
3237:(50,2,12,13,37,37,0)
3238:(50,2,13,14,36,36,0)
3239:(50,2,13,15,35,35,0)
3240:(50,2,14,16,34,34,0)
3241:(50,2,15,17,33,33,0)
3242:(50,2,16,18,32,32,0)
3243:(50,2,17,19,31,31,0)
3244:(50,2,17,20,30,30,0)
3245:(50,2,17,21,29,29,0)
3246:(50,2,18,22,28,28,0)
3247:(50,2,18,23,27,27,0)
3248:(50,2,17,24,26,26,0)
3249:(50,2,18,25,25,25,0)
3250:(50,2,18,26,24,24,0)
3251:(50,2,18,27,23,23,0)
3252:(50,2,18,28,22,22,0)
3253:(50,2,19,29,21,21,0)
3254:(50,2,20,30,20,20,0)
3255:(50,2,20,31,19,19,0)
3256:(50,2,20,32,18,18,0)
3257:(50,2,21,33,17,17,0)
3258:(50,2,22,34,16,16,0)
3259:(50,2,23,35,15,15,0)
3260:(50,2,24,36,14,14,0)
3261:(50,2,23,37,13,13,0)
3262:(50,2,24,38,12,12,0)
3263:(50,2,25,39,11,11,0)
3264:(50,2,26,40,10,10,0)
3265:(50,2,26,41,9,9,0)
3266:(50,2,25,42,8,8,0)
3267:(50,2,26,43,7,7,0)
3268:(50,2,27,44,6,6,0)
3269:(50,2,28,45,5,5,0)
3270:(50,2,28,46,4,4,0)
3271:(50,2,29,47,3,3,0)
3272:(50,2,28,48,2,2,0)
3273:(50,2,28,49,1,1,0)
3274:(50,2,29,50,0,0,0)
3275:(-1,-1,-1,-1,-1,-1,-1)