(R_,L,RL,G_,G_a,G_bg,G_d)
0:(50,2,0,50,0,0,0) [ 7.4338 ]
1:(50,2,1,50,0,0,0) [ 7.993799999999999 ]
2:(50,2,2,50,0,0,0) [ 8.553799999999999 ]
3:(50,2,3,50,0,0,0) [ 9.113800000000001 ]
4:(50,2,2,49,1,1,0) [ 8.6318 ]
5:(50,2,2,49,0,1,1) [ 1058.5318 ]
6:(51,2,2,49,0,1,1) [ 1058.6162 ]
7:(50,2,3,49,0,1,1) [ 1059.0808 ]
8:(50,2,4,49,0,1,1) [ 1059.6298 ]
9:(50,2,5,49,0,1,1) [ 1060.1788 ]
10:(51,2,5,49,0,1,1) [ 1060.2632 ]
11:(52,2,5,49,0,1,1) [ 1060.3476 ]
12:(53,2,5,49,0,1,1) [ 1060.432 ]
13:(54,2,5,49,0,1,1) [ 1060.5164 ]
14:(55,2,5,49,0,1,1) [ 1060.6008 ]
15:(56,2,5,49,0,1,1) [ 1060.6852 ]
16:(55,2,6,49,0,1,1) [ 1061.1498 ]
17:(55,2,5,48,1,2,1) [ 2110.6458 ]
18:(55,2,4,47,2,3,1) [ 3160.1638 ]
19:(55,2,4,47,1,3,2) [ 6310.063800000001 ]
20:(55,2,4,47,0,3,3) [ 9459.9638 ]
21:(56,2,4,47,0,3,3) [ 9460.0482 ]
22:(57,2,4,47,0,3,3) [ 9460.1326 ]
23:(58,2,4,47,0,3,3) [ 9460.217 ]
24:(59,2,4,47,0,3,3) [ 9460.3014 ]
25:(60,2,4,47,0,3,3) [ 9460.3858 ]
26:(60,2,5,47,0,3,3) [ 9460.9128 ]
27:(60,2,4,46,1,4,3) [ 12610.4418 ]
28:(60,2,4,46,0,4,4) [ 16810.3418 ]
29:(61,2,4,46,0,4,4) [ 16810.4262 ]
30:(62,2,4,46,0,4,4) [ 16810.5106 ]
31:(61,2,5,46,0,4,4) [ 16810.9422 ]
32:(61,2,4,45,1,5,4) [ 21010.4822 ]
33:(61,2,4,45,0,5,5) [ 26260.3822 ]
34:(61,2,5,45,0,5,5) [ 26260.8872 ]
35:(62,2,5,45,0,5,5) [ 26260.9716 ]
36:(63,2,5,45,0,5,5) [ 26261.056 ]
37:(63,2,6,45,0,5,5) [ 26261.561 ]
38:(64,2,6,45,0,5,5) [ 26261.6454 ]
39:(64,2,5,44,1,6,5) [ 31511.1854 ]
40:(64,2,5,44,0,6,6) [ 37811.0854 ]
41:(64,2,4,43,1,7,6) [ 44110.6474 ]
42:(65,2,4,43,1,7,6) [ 44110.7318 ]
43:(66,2,4,43,1,7,6) [ 44110.8162 ]
44:(65,2,5,43,1,7,6) [ 44111.2148 ]
45:(65,2,5,43,0,7,7) [ 51461.1148 ]
46:(65,2,6,43,0,7,7) [ 51461.5978 ]
47:(64,2,7,43,0,7,7) [ 51461.9964 ]
48:(64,2,6,42,1,8,7) [ 58811.547399999996 ]
49:(64,2,6,42,0,8,8) [ 67211.4474 ]
50:(64,2,5,41,1,9,8) [ 75611.02040000001 ]
51:(64,2,4,40,2,10,8) [ 84010.6154 ]
52:(65,2,4,40,2,10,8) [ 84010.6998 ]
53:(66,2,3,40,2,10,8) [ 84010.3342 ]
54:(66,2,2,39,3,11,8) [ 92409.96220000001 ]
55:(67,2,2,39,3,11,8) [ 92410.0466 ]
56:(68,2,2,39,3,11,8) [ 92410.13100000001 ]
57:(67,2,3,39,3,11,8) [ 92410.4856 ]
58:(66,2,4,39,3,11,8) [ 92410.8402 ]
59:(66,2,4,39,2,11,9) [ 103960.7402 ]
60:(66,2,4,39,1,11,10) [ 115510.64020000001 ]
61:(66,2,5,39,1,11,10) [ 115511.07920000001 ]
62:(67,2,5,39,1,11,10) [ 115511.1636 ]
63:(67,2,4,38,2,12,10) [ 126010.7806 ]
64:(67,2,5,38,2,12,10) [ 126011.2086 ]
65:(67,2,6,38,2,12,10) [ 126011.6366 ]
66:(67,2,6,38,1,12,11) [ 138611.5366 ]
67:(68,2,6,38,1,12,11) [ 138611.621 ]
68:(69,2,6,38,1,12,11) [ 138611.7054 ]
69:(70,2,6,38,1,12,11) [ 138611.7898 ]
70:(70,2,7,38,1,12,11) [ 138612.2178 ]
71:(70,2,7,38,0,12,12) [ 151212.1178 ]
72:(71,2,7,38,0,12,12) [ 151212.2022 ]
73:(72,2,7,38,0,12,12) [ 151212.2866 ]
74:(73,2,7,38,0,12,12) [ 151212.371 ]
75:(74,2,7,38,0,12,12) [ 151212.4554 ]
76:(75,2,7,38,0,12,12) [ 151212.5398 ]
77:(75,2,6,37,1,13,12) [ 163812.1458 ]
78:(75,2,7,37,1,13,12) [ 163812.5628 ]
79:(75,2,7,37,0,13,13) [ 177462.4628 ]
80:(75,2,8,37,0,13,13) [ 177462.8798 ]
81:(75,2,9,37,0,13,13) [ 177463.2968 ]
82:(75,2,10,37,0,13,13) [ 177463.7138 ]
83:(76,2,10,37,0,13,13) [ 177463.7982 ]
84:(77,2,10,37,0,13,13) [ 177463.8826 ]
85:(78,2,10,37,0,13,13) [ 177463.967 ]
86:(78,2,9,36,1,14,13) [ 191113.551 ]
87:(78,2,9,36,0,14,14) [ 205813.451 ]
88:(77,2,10,36,0,14,14) [ 205813.7726 ]
89:(77,2,11,36,0,14,14) [ 205814.1786 ]
90:(77,2,10,35,1,15,14) [ 220513.76260000002 ]
91:(77,2,11,35,1,15,14) [ 220514.1576 ]
92:(77,2,12,35,1,15,14) [ 220514.5526 ]
93:(77,2,13,35,1,15,14) [ 220514.9476 ]
94:(77,2,14,35,1,15,14) [ 220515.3426 ]
95:(77,2,14,35,0,15,15) [ 236265.2426 ]
96:(77,2,15,35,0,15,15) [ 236265.6376 ]
97:(77,2,15,36,0,14,14) [ 205815.8026 ]
98:(78,2,15,36,0,14,14) [ 205815.887 ]
99:(79,2,15,36,0,14,14) [ 205815.9714 ]
100:(80,2,15,36,0,14,14) [ 205816.0558 ]
101:(81,2,14,36,0,14,14) [ 205815.7342 ]
102:(82,2,14,36,0,14,14) [ 205815.8186 ]
103:(82,2,15,36,0,14,14) [ 205816.2246 ]
104:(83,2,15,36,0,14,14) [ 205816.309 ]
105:(82,2,16,36,0,14,14) [ 205816.6306 ]
106:(83,2,16,36,0,14,14) [ 205816.715 ]
107:(83,2,17,36,0,14,14) [ 205817.121 ]
108:(84,2,17,36,0,14,14) [ 205817.2054 ]
109:(84,2,18,36,0,14,14) [ 205817.6114 ]
110:(84,2,17,35,1,15,14) [ 220517.1184 ]
111:(83,2,17,35,1,15,14) [ 220517.034 ]
112:(82,2,18,35,1,15,14) [ 220517.3446 ]
113:(83,2,18,35,1,15,14) [ 220517.429 ]
114:(83,2,17,34,2,16,14) [ 235216.94700000001 ]
115:(83,2,17,34,1,16,15) [ 252016.847 ]
116:(83,2,18,34,1,16,15) [ 252017.231 ]
117:(84,2,18,34,1,16,15) [ 252017.3154 ]
118:(83,2,19,34,1,16,15) [ 252017.61500000002 ]
119:(83,2,18,33,2,17,15) [ 267767.13300000003 ]
120:(82,2,19,33,2,17,15) [ 267767.4216 ]
121:(81,2,20,33,2,17,15) [ 267767.71020000003 ]
122:(81,2,20,33,1,17,16) [ 285617.6102 ]
123:(81,2,19,32,2,18,16) [ 302417.12820000004 ]
124:(81,2,18,31,3,19,16) [ 319216.6682 ]
125:(80,2,19,31,3,19,16) [ 319216.9348 ]
126:(80,2,18,30,4,20,16) [ 336016.4858 ]
127:(79,2,18,30,4,20,16) [ 336016.40140000003 ]
128:(78,2,19,30,4,20,16) [ 336016.657 ]
129:(77,2,20,30,4,20,16) [ 336016.91260000004 ]
130:(77,2,21,30,4,20,16) [ 336017.2526 ]
131:(77,2,22,30,4,20,16) [ 336017.59260000003 ]
132:(77,2,23,30,4,20,16) [ 336017.9326 ]
133:(77,2,22,29,5,21,16) [ 352817.4506 ]
134:(76,2,23,29,5,21,16) [ 352817.6952 ]
135:(75,2,24,29,5,21,16) [ 352817.9398 ]
136:(75,2,25,29,5,21,16) [ 352818.2688 ]
137:(75,2,26,29,5,21,16) [ 352818.5978 ]
138:(76,2,26,29,5,21,16) [ 352818.6822 ]
139:(77,2,26,29,5,21,16) [ 352818.7666 ]
140:(78,2,26,29,5,21,16) [ 352818.851 ]
141:(79,2,26,29,5,21,16) [ 352818.9354 ]
142:(79,2,27,29,5,21,16) [ 352819.2644 ]
143:(80,2,27,29,5,21,16) [ 352819.3488 ]
144:(81,2,27,29,5,21,16) [ 352819.4332 ]
145:(81,2,28,29,5,21,16) [ 352819.7622 ]
146:(81,2,29,29,5,21,16) [ 352820.0912 ]
147:(81,2,30,29,5,21,16) [ 352820.4202 ]
148:(81,2,29,28,6,22,16) [ 369619.8722 ]
149:(81,2,30,28,6,22,16) [ 369620.19019999995 ]
150:(80,2,31,28,6,22,16) [ 369620.4238 ]
151:(79,2,32,28,6,22,16) [ 369620.65739999997 ]
152:(79,2,33,28,6,22,16) [ 369620.9754 ]
153:(79,2,34,28,6,22,16) [ 369621.29339999997 ]
154:(79,2,35,28,6,22,16) [ 369621.6114 ]
155:(78,2,36,28,6,22,16) [ 369621.845 ]
156:(77,2,37,28,6,22,16) [ 369622.07859999995 ]
157:(76,2,38,28,6,22,16) [ 369622.3122 ]
158:(75,2,39,28,6,22,16) [ 369622.54579999996 ]
159:(74,2,40,28,6,22,16) [ 369622.7794 ]
160:(74,2,39,27,7,23,16) [ 386422.1324 ]
161:(74,2,38,26,8,24,16) [ 403221.5074 ]
162:(74,2,37,25,9,25,16) [ 420020.9044 ]
163:(74,2,36,24,10,26,16) [ 436820.3234 ]
164:(74,2,35,23,11,27,16) [ 453619.7644 ]
165:(74,2,34,22,12,28,16) [ 470419.22740000003 ]
166:(74,2,33,21,13,29,16) [ 487218.71239999996 ]
167:(74,2,32,20,14,30,16) [ 504018.2194 ]
168:(74,2,31,19,15,31,16) [ 520817.7484 ]
169:(74,2,30,18,16,32,16) [ 537617.2994 ]
170:(74,2,29,17,17,33,16) [ 554416.8724 ]
171:(74,2,28,16,18,34,16) [ 571216.4674000001 ]
172:(74,2,27,15,19,35,16) [ 588016.0844 ]
173:(74,2,26,14,20,36,16) [ 604815.7234 ]
174:(74,2,25,13,21,37,16) [ 621615.3844 ]
175:(74,2,24,12,22,38,16) [ 638415.0673999999 ]
176:(74,2,23,11,23,39,16) [ 655214.7724 ]
177:(74,2,22,10,24,40,16) [ 672014.4994 ]
178:(74,2,21,9,25,41,16) [ 688814.2484 ]
179:(74,2,20,8,26,42,16) [ 705614.0194 ]
180:(74,2,19,7,27,43,16) [ 722413.8123999999 ]
181:(74,2,18,6,28,44,16) [ 739213.6274 ]
182:(74,2,17,5,29,45,16) [ 756013.4644 ]
183:(74,2,16,4,30,46,16) [ 772813.3234 ]
184:(74,2,15,3,31,47,16) [ 789613.2043999999 ]
185:(74,2,14,2,32,48,16) [ 806413.1074 ]
186:(74,2,13,1,33,49,16) [ 823213.0324 ]
187:(74,2,12,0,34,50,16) [ 840012.9794000001 TARGET ]
188:(75,2,12,0,34,50,16) [ 840013.0638 TARGET ]
189:(73,2,12,0,34,50,16) [ 840012.895 TARGET ]
190:(73,2,13,0,34,50,16) [ 840012.905 TARGET ]
191:(74,2,13,0,34,50,16) [ 840012.9894000001 TARGET ]
192:(75,2,13,1,33,49,16) [ 823213.1168000001 ]
193:(73,2,13,1,33,49,16) [ 823212.9480000001 ]
194:(73,2,14,1,33,49,16) [ 823212.969 ]
195:(74,2,14,1,33,49,16) [ 823213.0534000001 ]
196:(75,2,14,2,32,48,16) [ 806413.1917999999 ]
197:(73,2,14,2,32,48,16) [ 806413.0229999999 ]
198:(73,2,15,2,32,48,16) [ 806413.0549999999 ]
199:(74,2,15,2,32,48,16) [ 806413.1394 ]
200:(75,2,15,3,31,47,16) [ 789613.2888 ]
201:(73,2,15,3,31,47,16) [ 789613.12 ]
202:(73,2,16,3,31,47,16) [ 789613.163 ]
203:(74,2,16,3,31,47,16) [ 789613.2474 ]
204:(75,2,16,4,30,46,16) [ 772813.4078 ]
205:(73,2,16,4,30,46,16) [ 772813.239 ]
206:(73,2,17,4,30,46,16) [ 772813.293 ]
207:(74,2,17,4,30,46,16) [ 772813.3774 ]
208:(75,2,17,5,29,45,16) [ 756013.5488 ]
209:(73,2,17,5,29,45,16) [ 756013.38 ]
210:(73,2,18,5,29,45,16) [ 756013.4450000001 ]
211:(74,2,18,5,29,45,16) [ 756013.5294 ]
212:(75,2,18,6,28,44,16) [ 739213.7118 ]
213:(73,2,18,6,28,44,16) [ 739213.5430000001 ]
214:(73,2,19,6,28,44,16) [ 739213.6190000001 ]
215:(74,2,19,6,28,44,16) [ 739213.7034 ]
216:(75,2,19,7,27,43,16) [ 722413.8968 ]
217:(73,2,19,7,27,43,16) [ 722413.728 ]
218:(73,2,20,7,27,43,16) [ 722413.815 ]
219:(74,2,20,7,27,43,16) [ 722413.8994 ]
220:(75,2,20,8,26,42,16) [ 705614.1037999999 ]
221:(73,2,20,8,26,42,16) [ 705613.9349999999 ]
222:(73,2,21,8,26,42,16) [ 705614.0329999999 ]
223:(74,2,21,8,26,42,16) [ 705614.1174 ]
224:(75,2,21,9,25,41,16) [ 688814.3328 ]
225:(73,2,21,9,25,41,16) [ 688814.164 ]
226:(73,2,22,9,25,41,16) [ 688814.273 ]
227:(74,2,22,9,25,41,16) [ 688814.3574 ]
228:(75,2,22,10,24,40,16) [ 672014.5838 ]
229:(73,2,22,10,24,40,16) [ 672014.415 ]
230:(73,2,23,10,24,40,16) [ 672014.535 ]
231:(74,2,23,10,24,40,16) [ 672014.6194 ]
232:(75,2,23,11,23,39,16) [ 655214.8568000001 ]
233:(73,2,23,11,23,39,16) [ 655214.6880000001 ]
234:(73,2,24,11,23,39,16) [ 655214.819 ]
235:(74,2,24,11,23,39,16) [ 655214.9034000001 ]
236:(75,2,24,12,22,38,16) [ 638415.1518 ]
237:(73,2,24,12,22,38,16) [ 638414.983 ]
238:(73,2,25,12,22,38,16) [ 638415.125 ]
239:(74,2,25,12,22,38,16) [ 638415.2093999999 ]
240:(75,2,25,13,21,37,16) [ 621615.4688 ]
241:(73,2,25,13,21,37,16) [ 621615.2999999999 ]
242:(73,2,26,13,21,37,16) [ 621615.453 ]
243:(74,2,26,13,21,37,16) [ 621615.5374 ]
244:(75,2,26,14,20,36,16) [ 604815.8078 ]
245:(73,2,26,14,20,36,16) [ 604815.639 ]
246:(73,2,27,14,20,36,16) [ 604815.803 ]
247:(74,2,27,14,20,36,16) [ 604815.8874 ]
248:(75,2,27,15,19,35,16) [ 588016.1688 ]
249:(73,2,27,15,19,35,16) [ 588016.0 ]
250:(73,2,28,15,19,35,16) [ 588016.175 ]
251:(74,2,28,15,19,35,16) [ 588016.2594 ]
252:(75,2,28,16,18,34,16) [ 571216.5518 ]
253:(73,2,28,16,18,34,16) [ 571216.383 ]
254:(73,2,29,16,18,34,16) [ 571216.569 ]
255:(74,2,29,16,18,34,16) [ 571216.6534000001 ]
256:(75,2,29,17,17,33,16) [ 554416.9567999999 ]
257:(73,2,29,17,17,33,16) [ 554416.788 ]
258:(73,2,30,17,17,33,16) [ 554416.985 ]
259:(74,2,30,17,17,33,16) [ 554417.0693999999 ]
260:(75,2,30,18,16,32,16) [ 537617.3838 ]
261:(73,2,30,18,16,32,16) [ 537617.215 ]
262:(73,2,31,18,16,32,16) [ 537617.423 ]
263:(74,2,31,18,16,32,16) [ 537617.5074 ]
264:(75,2,31,19,15,31,16) [ 520817.8328 ]
265:(73,2,31,19,15,31,16) [ 520817.664 ]
266:(73,2,32,19,15,31,16) [ 520817.883 ]
267:(74,2,32,19,15,31,16) [ 520817.9674 ]
268:(75,2,32,20,14,30,16) [ 504018.3038 ]
269:(73,2,32,20,14,30,16) [ 504018.135 ]
270:(73,2,33,20,14,30,16) [ 504018.36500000005 ]
271:(74,2,33,20,14,30,16) [ 504018.44940000004 ]
272:(75,2,33,21,13,29,16) [ 487218.7968 ]
273:(73,2,33,21,13,29,16) [ 487218.62799999997 ]
274:(73,2,34,21,13,29,16) [ 487218.869 ]
275:(74,2,34,21,13,29,16) [ 487218.9534 ]
276:(75,2,34,22,12,28,16) [ 470419.3118 ]
277:(73,2,34,22,12,28,16) [ 470419.14300000004 ]
278:(73,2,35,22,12,28,16) [ 470419.395 ]
279:(74,2,35,22,12,28,16) [ 470419.4794 ]
280:(75,2,35,23,11,27,16) [ 453619.8488 ]
281:(73,2,35,23,11,27,16) [ 453619.68 ]
282:(73,2,36,23,11,27,16) [ 453619.94299999997 ]
283:(74,2,36,23,11,27,16) [ 453620.02739999996 ]
284:(75,2,36,24,10,26,16) [ 436820.4078 ]
285:(73,2,36,24,10,26,16) [ 436820.239 ]
286:(73,2,37,24,10,26,16) [ 436820.513 ]
287:(74,2,37,24,10,26,16) [ 436820.5974 ]
288:(75,2,37,25,9,25,16) [ 420020.98880000005 ]
289:(73,2,37,25,9,25,16) [ 420020.82 ]
290:(73,2,38,25,9,25,16) [ 420021.10500000004 ]
291:(74,2,38,25,9,25,16) [ 420021.18940000003 ]
292:(75,2,38,26,8,24,16) [ 403221.5918 ]
293:(73,2,38,26,8,24,16) [ 403221.423 ]
294:(73,2,39,26,8,24,16) [ 403221.719 ]
295:(74,2,39,26,8,24,16) [ 403221.8034 ]
296:(75,2,39,27,7,23,16) [ 386422.2168 ]
297:(73,2,39,27,7,23,16) [ 386422.048 ]
298:(73,2,40,27,7,23,16) [ 386422.35500000004 ]
299:(74,2,40,27,7,23,16) [ 386422.43940000003 ]
300:(75,2,40,28,6,22,16) [ 369622.8638 ]
301:(73,2,40,28,6,22,16) [ 369622.69499999995 ]
302:(73,2,41,28,6,22,16) [ 369623.013 ]
303:(74,2,41,28,6,22,16) [ 369623.09739999997 ]
304:(76,2,39,28,6,22,16) [ 369622.63019999996 ]
305:(74,2,39,28,6,22,16) [ 369622.4614 ]
306:(77,2,38,28,6,22,16) [ 369622.3966 ]
307:(75,2,38,28,6,22,16) [ 369622.2278 ]
308:(78,2,37,28,6,22,16) [ 369622.163 ]
309:(76,2,37,28,6,22,16) [ 369621.99419999996 ]
310:(79,2,36,28,6,22,16) [ 369621.92939999996 ]
311:(77,2,36,28,6,22,16) [ 369621.7606 ]
312:(80,2,35,28,6,22,16) [ 369621.6958 ]
313:(78,2,35,28,6,22,16) [ 369621.527 ]
314:(80,2,34,28,6,22,16) [ 369621.37779999996 ]
315:(78,2,34,28,6,22,16) [ 369621.209 ]
316:(80,2,33,28,6,22,16) [ 369621.0598 ]
317:(78,2,33,28,6,22,16) [ 369620.891 ]
318:(80,2,32,28,6,22,16) [ 369620.74179999996 ]
319:(78,2,32,28,6,22,16) [ 369620.573 ]
320:(81,2,31,28,6,22,16) [ 369620.5082 ]
321:(79,2,31,28,6,22,16) [ 369620.3394 ]
322:(82,2,30,28,6,22,16) [ 369620.2746 ]
323:(80,2,30,28,6,22,16) [ 369620.10579999996 ]
324:(82,2,29,28,6,22,16) [ 369619.9566 ]
325:(80,2,29,28,6,22,16) [ 369619.7878 ]
326:(82,2,30,29,5,21,16) [ 352820.5046 ]
327:(80,2,30,29,5,21,16) [ 352820.3358 ]
328:(80,2,31,29,5,21,16) [ 352820.6648 ]
329:(81,2,31,29,5,21,16) [ 352820.7492 ]
330:(82,2,29,29,5,21,16) [ 352820.1756 ]
331:(80,2,29,29,5,21,16) [ 352820.0068 ]
332:(82,2,28,29,5,21,16) [ 352819.8466 ]
333:(80,2,28,29,5,21,16) [ 352819.6778 ]
334:(82,2,27,29,5,21,16) [ 352819.5176 ]
335:(79,2,28,29,5,21,16) [ 352819.5934 ]
336:(78,2,27,29,5,21,16) [ 352819.18 ]
337:(78,2,28,29,5,21,16) [ 352819.509 ]
338:(80,2,26,29,5,21,16) [ 352819.0198 ]
339:(77,2,27,29,5,21,16) [ 352819.0956 ]
340:(76,2,27,29,5,21,16) [ 352819.0112 ]
341:(75,2,27,29,5,21,16) [ 352818.9268 ]
342:(74,2,26,29,5,21,16) [ 352818.5134 ]
343:(74,2,27,29,5,21,16) [ 352818.8424 ]
344:(76,2,25,29,5,21,16) [ 352818.3532 ]
345:(74,2,25,29,5,21,16) [ 352818.1844 ]
346:(76,2,24,29,5,21,16) [ 352818.0242 ]
347:(74,2,24,29,5,21,16) [ 352817.8554 ]
348:(77,2,23,29,5,21,16) [ 352817.7796 ]
349:(75,2,23,29,5,21,16) [ 352817.6108 ]
350:(78,2,22,29,5,21,16) [ 352817.535 ]
351:(76,2,22,29,5,21,16) [ 352817.3662 ]
352:(78,2,23,30,4,20,16) [ 336018.01700000005 ]
353:(76,2,23,30,4,20,16) [ 336017.8482 ]
354:(76,2,24,30,4,20,16) [ 336018.18820000003 ]
355:(77,2,24,30,4,20,16) [ 336018.2726 ]
356:(78,2,22,30,4,20,16) [ 336017.677 ]
357:(76,2,22,30,4,20,16) [ 336017.50820000004 ]
358:(78,2,21,30,4,20,16) [ 336017.337 ]
359:(76,2,21,30,4,20,16) [ 336017.1682 ]
360:(78,2,20,30,4,20,16) [ 336016.99700000003 ]
361:(76,2,20,30,4,20,16) [ 336016.82820000005 ]
362:(79,2,19,30,4,20,16) [ 336016.7414 ]
363:(77,2,19,30,4,20,16) [ 336016.5726 ]
364:(78,2,18,30,4,20,16) [ 336016.31700000004 ]
365:(81,2,18,30,4,20,16) [ 336016.5702 ]
366:(80,2,19,30,4,20,16) [ 336016.82580000005 ]
367:(81,2,19,31,3,19,16) [ 319217.0192 ]
368:(79,2,19,31,3,19,16) [ 319216.8504 ]
369:(79,2,20,31,3,19,16) [ 319217.20139999996 ]
370:(80,2,20,31,3,19,16) [ 319217.2858 ]
371:(82,2,18,31,3,19,16) [ 319216.7526 ]
372:(80,2,18,31,3,19,16) [ 319216.58379999996 ]
373:(82,2,19,32,2,18,16) [ 302417.2126 ]
374:(80,2,19,32,2,18,16) [ 302417.0438 ]
375:(80,2,20,32,2,18,16) [ 302417.4058 ]
376:(81,2,20,32,2,18,16) [ 302417.4902 ]
377:(82,2,20,33,1,17,16) [ 285617.6946 ]
378:(80,2,20,33,1,17,16) [ 285617.5258 ]
379:(80,2,21,33,1,17,16) [ 285617.89879999997 ]
380:(81,2,21,33,1,17,16) [ 285617.98319999996 ]
381:(82,2,20,33,2,17,15) [ 267767.7946 ]
382:(80,2,20,33,2,17,15) [ 267767.62580000004 ]
383:(80,2,21,33,2,17,15) [ 267767.9988 ]
384:(81,2,21,33,2,17,15) [ 267768.0832 ]
385:(83,2,19,33,2,17,15) [ 267767.506 ]
386:(81,2,19,33,2,17,15) [ 267767.3372 ]
387:(84,2,18,33,2,17,15) [ 267767.2174 ]
388:(82,2,18,33,2,17,15) [ 267767.04860000004 ]
389:(84,2,19,34,1,16,15) [ 252017.6994 ]
390:(82,2,19,34,1,16,15) [ 252017.5306 ]
391:(82,2,20,34,1,16,15) [ 252017.91460000002 ]
392:(83,2,20,34,1,16,15) [ 252017.999 ]
393:(85,2,18,34,1,16,15) [ 252017.3998 ]
394:(82,2,18,34,1,16,15) [ 252017.1466 ]
395:(84,2,17,34,1,16,15) [ 252016.9314 ]
396:(82,2,17,34,1,16,15) [ 252016.76260000002 ]
397:(84,2,17,34,2,16,14) [ 235217.0314 ]
398:(82,2,17,34,2,16,14) [ 235216.86260000002 ]
399:(82,2,18,34,2,16,14) [ 235217.2466 ]
400:(83,2,18,34,2,16,14) [ 235217.331 ]
401:(84,2,18,35,1,15,14) [ 220517.5134 ]
402:(82,2,19,35,1,15,14) [ 220517.7396 ]
403:(83,2,19,35,1,15,14) [ 220517.824 ]
404:(81,2,18,35,1,15,14) [ 220517.26020000002 ]
405:(81,2,19,35,1,15,14) [ 220517.6552 ]
406:(82,2,17,35,1,15,14) [ 220516.9496 ]
407:(85,2,17,35,1,15,14) [ 220517.2028 ]
408:(85,2,18,36,0,14,14) [ 205817.6958 ]
409:(83,2,18,36,0,14,14) [ 205817.527 ]
410:(83,2,19,36,0,14,14) [ 205817.933 ]
411:(84,2,19,36,0,14,14) [ 205818.0174 ]
412:(85,2,17,36,0,14,14) [ 205817.2898 ]
413:(82,2,17,36,0,14,14) [ 205817.0366 ]
414:(82,2,18,36,0,14,14) [ 205817.4426 ]
415:(84,2,16,36,0,14,14) [ 205816.7994 ]
416:(81,2,16,36,0,14,14) [ 205816.5462 ]
417:(81,2,17,36,0,14,14) [ 205816.9522 ]
418:(84,2,15,36,0,14,14) [ 205816.3934 ]
419:(81,2,15,36,0,14,14) [ 205816.1402 ]
420:(83,2,14,36,0,14,14) [ 205815.903 ]
421:(80,2,14,36,0,14,14) [ 205815.6498 ]
422:(79,2,16,36,0,14,14) [ 205816.3774 ]
423:(80,2,16,36,0,14,14) [ 205816.4618 ]
424:(78,2,16,36,0,14,14) [ 205816.293 ]
425:(77,2,16,36,0,14,14) [ 205816.2086 ]
426:(76,2,15,36,0,14,14) [ 205815.7182 ]
427:(76,2,16,36,0,14,14) [ 205816.1242 ]
428:(78,2,15,35,0,15,15) [ 236265.722 ]
429:(76,2,15,35,0,15,15) [ 236265.5532 ]
430:(76,2,16,35,0,15,15) [ 236265.9482 ]
431:(77,2,16,35,0,15,15) [ 236266.0326 ]
432:(78,2,14,35,0,15,15) [ 236265.327 ]
433:(76,2,14,35,0,15,15) [ 236265.1582 ]
434:(78,2,14,35,1,15,14) [ 220515.427 ]
435:(76,2,14,35,1,15,14) [ 220515.2582 ]
436:(76,2,15,35,1,15,14) [ 220515.6532 ]
437:(77,2,15,35,1,15,14) [ 220515.7376 ]
438:(78,2,13,35,1,15,14) [ 220515.032 ]
439:(76,2,13,35,1,15,14) [ 220514.8632 ]
440:(78,2,12,35,1,15,14) [ 220514.63700000002 ]
441:(76,2,12,35,1,15,14) [ 220514.4682 ]
442:(78,2,11,35,1,15,14) [ 220514.242 ]
443:(76,2,11,35,1,15,14) [ 220514.0732 ]
444:(78,2,10,35,1,15,14) [ 220513.847 ]
445:(76,2,10,35,1,15,14) [ 220513.6782 ]
446:(78,2,11,36,0,14,14) [ 205814.263 ]
447:(76,2,11,36,0,14,14) [ 205814.0942 ]
448:(76,2,12,36,0,14,14) [ 205814.5002 ]
449:(77,2,12,36,0,14,14) [ 205814.5846 ]
450:(78,2,10,36,0,14,14) [ 205813.857 ]
451:(76,2,10,36,0,14,14) [ 205813.6882 ]
452:(79,2,9,36,0,14,14) [ 205813.5354 ]
453:(77,2,9,36,0,14,14) [ 205813.3666 ]
454:(79,2,9,36,1,14,13) [ 191113.6354 ]
455:(77,2,9,36,1,14,13) [ 191113.4666 ]
456:(77,2,10,36,1,14,13) [ 191113.8726 ]
457:(78,2,10,36,1,14,13) [ 191113.957 ]
458:(79,2,10,37,0,13,13) [ 177464.0514 ]
459:(77,2,11,37,0,13,13) [ 177464.2996 ]
460:(78,2,11,37,0,13,13) [ 177464.384 ]
461:(76,2,11,37,0,13,13) [ 177464.2152 ]
462:(75,2,11,37,0,13,13) [ 177464.1308 ]
463:(74,2,10,37,0,13,13) [ 177463.6294 ]
464:(74,2,11,37,0,13,13) [ 177464.0464 ]
465:(76,2,9,37,0,13,13) [ 177463.3812 ]
466:(74,2,9,37,0,13,13) [ 177463.2124 ]
467:(76,2,8,37,0,13,13) [ 177462.9642 ]
468:(74,2,8,37,0,13,13) [ 177462.7954 ]
469:(76,2,7,37,0,13,13) [ 177462.5472 ]
470:(74,2,7,37,0,13,13) [ 177462.3784 ]
471:(76,2,7,37,1,13,12) [ 163812.6472 ]
472:(74,2,7,37,1,13,12) [ 163812.4784 ]
473:(74,2,8,37,1,13,12) [ 163812.8954 ]
474:(75,2,8,37,1,13,12) [ 163812.9798 ]
475:(76,2,6,37,1,13,12) [ 163812.23020000002 ]
476:(74,2,6,37,1,13,12) [ 163812.0614 ]
477:(76,2,7,38,0,12,12) [ 151212.6242 ]
478:(74,2,8,38,0,12,12) [ 151212.8834 ]
479:(75,2,8,38,0,12,12) [ 151212.9678 ]
480:(73,2,8,38,0,12,12) [ 151212.799 ]
481:(72,2,8,38,0,12,12) [ 151212.7146 ]
482:(71,2,8,38,0,12,12) [ 151212.6302 ]
483:(70,2,8,38,0,12,12) [ 151212.5458 ]
484:(69,2,7,38,0,12,12) [ 151212.0334 ]
485:(69,2,8,38,0,12,12) [ 151212.4614 ]
486:(71,2,7,38,1,12,11) [ 138612.3022 ]
487:(69,2,7,38,1,12,11) [ 138612.1334 ]
488:(69,2,8,38,1,12,11) [ 138612.5614 ]
489:(70,2,8,38,1,12,11) [ 138612.6458 ]
490:(71,2,6,38,1,12,11) [ 138611.87420000002 ]
491:(68,2,7,38,1,12,11) [ 138612.049 ]
492:(67,2,7,38,1,12,11) [ 138611.9646 ]
493:(66,2,6,38,1,12,11) [ 138611.4522 ]
494:(66,2,7,38,1,12,11) [ 138611.8802 ]
495:(68,2,6,38,2,12,10) [ 126011.72099999999 ]
496:(66,2,6,38,2,12,10) [ 126011.55219999999 ]
497:(66,2,7,38,2,12,10) [ 126011.98019999999 ]
498:(67,2,7,38,2,12,10) [ 126012.0646 ]
499:(68,2,5,38,2,12,10) [ 126011.29299999999 ]
500:(66,2,5,38,2,12,10) [ 126011.12419999999 ]
501:(68,2,4,38,2,12,10) [ 126010.86499999999 ]
502:(66,2,4,38,2,12,10) [ 126010.69619999999 ]
503:(68,2,5,39,1,11,10) [ 115511.248 ]
504:(66,2,6,39,1,11,10) [ 115511.5182 ]
505:(67,2,6,39,1,11,10) [ 115511.60260000001 ]
506:(65,2,5,39,1,11,10) [ 115510.9948 ]
507:(65,2,6,39,1,11,10) [ 115511.4338 ]
508:(67,2,4,39,1,11,10) [ 115510.7246 ]
509:(65,2,4,39,1,11,10) [ 115510.5558 ]
510:(67,2,4,39,2,11,9) [ 103960.82459999999 ]
511:(65,2,4,39,2,11,9) [ 103960.6558 ]
512:(65,2,5,39,2,11,9) [ 103961.09479999999 ]
513:(66,2,5,39,2,11,9) [ 103961.1792 ]
514:(67,2,4,39,3,11,8) [ 92410.9246 ]
515:(65,2,4,39,3,11,8) [ 92410.7558 ]
516:(65,2,5,39,3,11,8) [ 92411.1948 ]
517:(66,2,5,39,3,11,8) [ 92411.2792 ]
518:(68,2,3,39,3,11,8) [ 92410.57 ]
519:(66,2,3,39,3,11,8) [ 92410.40120000001 ]
520:(69,2,2,39,3,11,8) [ 92410.2154 ]
521:(65,2,2,39,3,11,8) [ 92409.8778 ]
522:(65,2,3,39,3,11,8) [ 92410.3168 ]
523:(67,2,3,40,2,10,8) [ 84010.41859999999 ]
524:(65,2,3,40,2,10,8) [ 84010.24979999999 ]
525:(66,2,4,40,2,10,8) [ 84010.7842 ]
526:(64,2,5,40,2,10,8) [ 84011.06539999999 ]
527:(65,2,5,40,2,10,8) [ 84011.1498 ]
528:(63,2,4,40,2,10,8) [ 84010.531 ]
529:(63,2,5,40,2,10,8) [ 84010.981 ]
530:(65,2,5,41,1,9,8) [ 75611.1048 ]
531:(63,2,5,41,1,9,8) [ 75610.936 ]
532:(63,2,6,41,1,9,8) [ 75611.39700000001 ]
533:(64,2,6,41,1,9,8) [ 75611.4814 ]
534:(65,2,6,42,0,8,8) [ 67211.5318 ]
535:(63,2,6,42,0,8,8) [ 67211.363 ]
536:(63,2,7,42,0,8,8) [ 67211.835 ]
537:(64,2,7,42,0,8,8) [ 67211.9194 ]
538:(65,2,6,42,1,8,7) [ 58811.631799999996 ]
539:(63,2,6,42,1,8,7) [ 58811.462999999996 ]
540:(63,2,7,42,1,8,7) [ 58811.935 ]
541:(64,2,7,42,1,8,7) [ 58812.0194 ]
542:(65,2,7,43,0,7,7) [ 51462.0808 ]
543:(63,2,7,43,0,7,7) [ 51461.912 ]
544:(63,2,8,43,0,7,7) [ 51462.395 ]
545:(64,2,8,43,0,7,7) [ 51462.4794 ]
546:(66,2,6,43,0,7,7) [ 51461.6822 ]
547:(64,2,6,43,0,7,7) [ 51461.5134 ]
548:(66,2,5,43,0,7,7) [ 51461.1992 ]
549:(64,2,5,43,0,7,7) [ 51461.0304 ]
550:(66,2,5,43,1,7,6) [ 44111.2992 ]
551:(64,2,5,43,1,7,6) [ 44111.1304 ]
552:(64,2,6,43,1,7,6) [ 44111.6134 ]
553:(65,2,6,43,1,7,6) [ 44111.6978 ]
554:(67,2,4,43,1,7,6) [ 44110.9006 ]
555:(63,2,4,43,1,7,6) [ 44110.563 ]
556:(63,2,5,43,1,7,6) [ 44111.046 ]
557:(65,2,5,44,0,6,6) [ 37811.1698 ]
558:(63,2,5,44,0,6,6) [ 37811.001 ]
559:(63,2,6,44,0,6,6) [ 37811.495 ]
560:(64,2,6,44,0,6,6) [ 37811.5794 ]
561:(65,2,5,44,1,6,5) [ 31511.2698 ]
562:(63,2,5,44,1,6,5) [ 31511.101 ]
563:(63,2,6,44,1,6,5) [ 31511.594999999998 ]
564:(64,2,6,44,1,6,5) [ 31511.679399999997 ]
565:(65,2,6,45,0,5,5) [ 26261.7298 ]
566:(63,2,7,45,0,5,5) [ 26262.066 ]
567:(64,2,7,45,0,5,5) [ 26262.1504 ]
568:(62,2,6,45,0,5,5) [ 26261.4766 ]
569:(62,2,7,45,0,5,5) [ 26261.9816 ]
570:(64,2,5,45,0,5,5) [ 26261.1404 ]
571:(61,2,6,45,0,5,5) [ 26261.3922 ]
572:(60,2,5,45,0,5,5) [ 26260.8028 ]
573:(60,2,6,45,0,5,5) [ 26261.3078 ]
574:(62,2,4,45,0,5,5) [ 26260.4666 ]
575:(60,2,4,45,0,5,5) [ 26260.2978 ]
576:(62,2,4,45,1,5,4) [ 21010.5666 ]
577:(60,2,4,45,1,5,4) [ 21010.3978 ]
578:(60,2,5,45,1,5,4) [ 21010.9028 ]
579:(61,2,5,45,1,5,4) [ 21010.9872 ]
580:(62,2,5,46,0,4,4) [ 16811.0266 ]
581:(60,2,5,46,0,4,4) [ 16810.8578 ]
582:(60,2,6,46,0,4,4) [ 16811.3738 ]
583:(61,2,6,46,0,4,4) [ 16811.4582 ]
584:(63,2,4,46,0,4,4) [ 16810.595 ]
585:(59,2,4,46,0,4,4) [ 16810.2574 ]
586:(59,2,5,46,0,4,4) [ 16810.7734 ]
587:(61,2,4,46,1,4,3) [ 12610.5262 ]
588:(59,2,4,46,1,4,3) [ 12610.3574 ]
589:(59,2,5,46,1,4,3) [ 12610.8734 ]
590:(60,2,5,46,1,4,3) [ 12610.9578 ]
591:(61,2,5,47,0,3,3) [ 9460.9972 ]
592:(59,2,5,47,0,3,3) [ 9460.8284 ]
593:(59,2,6,47,0,3,3) [ 9461.3554 ]
594:(60,2,6,47,0,3,3) [ 9461.4398 ]
595:(61,2,4,47,0,3,3) [ 9460.4702 ]
596:(58,2,5,47,0,3,3) [ 9460.744 ]
597:(57,2,5,47,0,3,3) [ 9460.6596 ]
598:(56,2,5,47,0,3,3) [ 9460.5752 ]
599:(55,2,5,47,0,3,3) [ 9460.4908 ]
600:(54,2,4,47,0,3,3) [ 9459.8794 ]
601:(54,2,5,47,0,3,3) [ 9460.4064 ]
602:(56,2,4,47,1,3,2) [ 6310.1482000000005 ]
603:(54,2,4,47,1,3,2) [ 6309.9794 ]
604:(54,2,5,47,1,3,2) [ 6310.5064 ]
605:(55,2,5,47,1,3,2) [ 6310.5908 ]
606:(56,2,4,47,2,3,1) [ 3160.2482 ]
607:(54,2,4,47,2,3,1) [ 3160.0793999999996 ]
608:(54,2,5,47,2,3,1) [ 3160.6063999999997 ]
609:(55,2,5,47,2,3,1) [ 3160.6908 ]
610:(56,2,5,48,1,2,1) [ 2110.7302 ]
611:(54,2,5,48,1,2,1) [ 2110.5614 ]
612:(54,2,6,48,1,2,1) [ 2111.0994 ]
613:(55,2,6,48,1,2,1) [ 2111.1838 ]
614:(56,2,6,49,0,1,1) [ 1061.2342 ]
615:(54,2,6,49,0,1,1) [ 1061.0654 ]
616:(54,2,7,49,0,1,1) [ 1061.6144 ]
617:(55,2,7,49,0,1,1) [ 1061.6988 ]
618:(57,2,5,49,0,1,1) [ 1060.7696 ]
619:(53,2,6,49,0,1,1) [ 1060.981 ]
620:(52,2,6,49,0,1,1) [ 1060.8966 ]
621:(51,2,6,49,0,1,1) [ 1060.8122 ]
622:(50,2,6,49,0,1,1) [ 1060.7278 ]
623:(49,2,5,49,0,1,1) [ 1060.0944 ]
624:(49,2,6,49,0,1,1) [ 1060.6434 ]
625:(51,2,4,49,0,1,1) [ 1059.7142 ]
626:(49,2,4,49,0,1,1) [ 1059.5454 ]
627:(51,2,3,49,0,1,1) [ 1059.1652 ]
628:(49,2,3,49,0,1,1) [ 1058.9964 ]
629:(52,2,2,49,0,1,1) [ 1058.7006 ]
630:(49,2,2,49,0,1,1) [ 1058.4474 ]
631:(51,2,2,49,1,1,0) [ 8.716199999999999 ]
632:(49,2,2,49,1,1,0) [ 8.547399999999998 ]
633:(49,2,3,49,1,1,0) [ 9.096400000000001 ]
634:(50,2,3,49,1,1,0) [ 9.1808 ]
635:(51,2,3,50,0,0,0) [ 9.198200000000002 ]
636:(49,2,3,50,0,0,0) [ 9.0294 ]
637:(49,2,4,50,0,0,0) [ 9.589400000000001 ]
638:(50,2,4,50,0,0,0) [ 9.6738 ]
639:(51,2,2,50,0,0,0) [ 8.638200000000001 ]
640:(49,2,2,50,0,0,0) [ 8.4694 ]
641:(51,2,1,50,0,0,0) [ 8.0782 ]
642:(49,2,1,50,0,0,0) [ 7.9094 ]
643:(51,2,0,50,0,0,0) [ 7.518200000000001 ]
644:(49,2,0,50,0,0,0) [ 7.3494 ]
645:(76,2,12,0,34,50,16) [ 840013.1482 TARGET ]
646:(75,2,13,0,34,50,16) [ 840013.0738 TARGET ]
647:(76,2,13,1,33,49,16) [ 823213.2012 ]
648:(75,2,14,1,33,49,16) [ 823213.1378 ]
649:(76,2,14,2,32,48,16) [ 806413.2762 ]
650:(75,2,15,2,32,48,16) [ 806413.2237999999 ]
651:(76,2,15,3,31,47,16) [ 789613.3732 ]
652:(75,2,16,3,31,47,16) [ 789613.3317999999 ]
653:(76,2,16,4,30,46,16) [ 772813.4922 ]
654:(75,2,17,4,30,46,16) [ 772813.4618 ]
655:(76,2,17,5,29,45,16) [ 756013.6332 ]
656:(75,2,18,5,29,45,16) [ 756013.6138 ]
657:(76,2,18,6,28,44,16) [ 739213.7962000001 ]
658:(75,2,19,6,28,44,16) [ 739213.7878 ]
659:(76,2,19,7,27,43,16) [ 722413.9811999999 ]
660:(75,2,20,7,27,43,16) [ 722413.9837999999 ]
661:(76,2,20,8,26,42,16) [ 705614.1882 ]
662:(75,2,21,8,26,42,16) [ 705614.2017999999 ]
663:(76,2,21,9,25,41,16) [ 688814.4172 ]
664:(75,2,22,9,25,41,16) [ 688814.4418 ]
665:(76,2,22,10,24,40,16) [ 672014.6682000001 ]
666:(75,2,23,10,24,40,16) [ 672014.7038 ]
667:(76,2,23,11,23,39,16) [ 655214.9412 ]
668:(75,2,24,11,23,39,16) [ 655214.9878 ]
669:(76,2,24,12,22,38,16) [ 638415.2361999999 ]
670:(75,2,25,12,22,38,16) [ 638415.2938 ]
671:(76,2,25,13,21,37,16) [ 621615.5532 ]
672:(75,2,26,13,21,37,16) [ 621615.6218 ]
673:(76,2,26,14,20,36,16) [ 604815.8922 ]
674:(75,2,27,14,20,36,16) [ 604815.9718 ]
675:(76,2,27,15,19,35,16) [ 588016.2532 ]
676:(75,2,28,15,19,35,16) [ 588016.3438 ]
677:(76,2,28,16,18,34,16) [ 571216.6362000001 ]
678:(75,2,29,16,18,34,16) [ 571216.7378 ]
679:(76,2,29,17,17,33,16) [ 554417.0412 ]
680:(75,2,30,17,17,33,16) [ 554417.1538 ]
681:(76,2,30,18,16,32,16) [ 537617.4682 ]
682:(75,2,31,18,16,32,16) [ 537617.5917999999 ]
683:(76,2,31,19,15,31,16) [ 520817.9172 ]
684:(75,2,32,19,15,31,16) [ 520818.0518 ]
685:(76,2,32,20,14,30,16) [ 504018.38820000004 ]
686:(75,2,33,20,14,30,16) [ 504018.53380000003 ]
687:(76,2,33,21,13,29,16) [ 487218.8812 ]
688:(75,2,34,21,13,29,16) [ 487219.0378 ]
689:(76,2,34,22,12,28,16) [ 470419.3962 ]
690:(75,2,35,22,12,28,16) [ 470419.5638 ]
691:(76,2,35,23,11,27,16) [ 453619.93319999997 ]
692:(75,2,36,23,11,27,16) [ 453620.11179999996 ]
693:(76,2,36,24,10,26,16) [ 436820.4922 ]
694:(75,2,37,24,10,26,16) [ 436820.6818 ]
695:(76,2,37,25,9,25,16) [ 420021.07320000004 ]
696:(75,2,38,25,9,25,16) [ 420021.2738 ]
697:(76,2,38,26,8,24,16) [ 403221.6762 ]
698:(75,2,39,26,8,24,16) [ 403221.88779999997 ]
699:(76,2,39,27,7,23,16) [ 386422.3012 ]
700:(75,2,40,27,7,23,16) [ 386422.5238 ]
701:(76,2,40,28,6,22,16) [ 369622.9482 ]
702:(75,2,41,28,6,22,16) [ 369623.18179999996 ]
703:(77,2,39,28,6,22,16) [ 369622.71459999995 ]
704:(78,2,38,28,6,22,16) [ 369622.48099999997 ]
705:(79,2,37,28,6,22,16) [ 369622.2474 ]
706:(80,2,36,28,6,22,16) [ 369622.01379999996 ]
707:(81,2,35,28,6,22,16) [ 369621.7802 ]
708:(81,2,34,28,6,22,16) [ 369621.46219999995 ]
709:(81,2,33,28,6,22,16) [ 369621.1442 ]
710:(81,2,32,28,6,22,16) [ 369620.82619999995 ]
711:(82,2,31,28,6,22,16) [ 369620.5926 ]
712:(83,2,30,28,6,22,16) [ 369620.359 ]
713:(83,2,29,28,6,22,16) [ 369620.04099999997 ]
714:(83,2,30,29,5,21,16) [ 352820.589 ]
715:(82,2,31,29,5,21,16) [ 352820.8336 ]
716:(83,2,29,29,5,21,16) [ 352820.26 ]
717:(83,2,28,29,5,21,16) [ 352819.931 ]
718:(83,2,27,29,5,21,16) [ 352819.602 ]
719:(81,2,26,29,5,21,16) [ 352819.1042 ]
720:(77,2,25,29,5,21,16) [ 352818.4376 ]
721:(77,2,24,29,5,21,16) [ 352818.1086 ]
722:(78,2,23,29,5,21,16) [ 352817.864 ]
723:(79,2,22,29,5,21,16) [ 352817.6194 ]
724:(79,2,23,30,4,20,16) [ 336018.10140000004 ]
725:(78,2,24,30,4,20,16) [ 336018.357 ]
726:(79,2,22,30,4,20,16) [ 336017.7614 ]
727:(79,2,21,30,4,20,16) [ 336017.42140000005 ]
728:(79,2,20,30,4,20,16) [ 336017.0814 ]
729:(82,2,18,30,4,20,16) [ 336016.6546 ]
730:(81,2,19,30,4,20,16) [ 336016.91020000004 ]
731:(82,2,19,31,3,19,16) [ 319217.1036 ]
732:(81,2,20,31,3,19,16) [ 319217.3702 ]
733:(83,2,18,31,3,19,16) [ 319216.837 ]
734:(83,2,19,32,2,18,16) [ 302417.297 ]
735:(82,2,20,32,2,18,16) [ 302417.5746 ]
736:(83,2,20,33,1,17,16) [ 285617.779 ]
737:(82,2,21,33,1,17,16) [ 285618.06759999995 ]
738:(83,2,20,33,2,17,15) [ 267767.879 ]
739:(82,2,21,33,2,17,15) [ 267768.1676 ]
740:(84,2,19,33,2,17,15) [ 267767.5904 ]
741:(85,2,18,33,2,17,15) [ 267767.3018 ]
742:(85,2,19,34,1,16,15) [ 252017.7838 ]
743:(84,2,20,34,1,16,15) [ 252018.0834 ]
744:(86,2,18,34,1,16,15) [ 252017.4842 ]
745:(85,2,17,34,1,16,15) [ 252017.0158 ]
746:(85,2,17,34,2,16,14) [ 235217.1158 ]
747:(84,2,18,34,2,16,14) [ 235217.4154 ]
748:(85,2,18,35,1,15,14) [ 220517.59780000002 ]
749:(84,2,19,35,1,15,14) [ 220517.90840000001 ]
750:(86,2,17,35,1,15,14) [ 220517.2872 ]
751:(86,2,18,36,0,14,14) [ 205817.7802 ]
752:(85,2,19,36,0,14,14) [ 205818.1018 ]
753:(86,2,17,36,0,14,14) [ 205817.3742 ]
754:(85,2,16,36,0,14,14) [ 205816.8838 ]
755:(85,2,15,36,0,14,14) [ 205816.4778 ]
756:(84,2,14,36,0,14,14) [ 205815.9874 ]
757:(79,2,15,35,0,15,15) [ 236265.8064 ]
758:(78,2,16,35,0,15,15) [ 236266.117 ]
759:(79,2,14,35,0,15,15) [ 236265.4114 ]
760:(79,2,14,35,1,15,14) [ 220515.51140000002 ]
761:(78,2,15,35,1,15,14) [ 220515.82200000001 ]
762:(79,2,13,35,1,15,14) [ 220515.1164 ]
763:(79,2,12,35,1,15,14) [ 220514.7214 ]
764:(79,2,11,35,1,15,14) [ 220514.32640000002 ]
765:(79,2,10,35,1,15,14) [ 220513.9314 ]
766:(79,2,11,36,0,14,14) [ 205814.3474 ]
767:(78,2,12,36,0,14,14) [ 205814.669 ]
768:(79,2,10,36,0,14,14) [ 205813.9414 ]
769:(80,2,9,36,0,14,14) [ 205813.6198 ]
770:(80,2,9,36,1,14,13) [ 191113.7198 ]
771:(79,2,10,36,1,14,13) [ 191114.04140000002 ]
772:(80,2,10,37,0,13,13) [ 177464.1358 ]
773:(79,2,11,37,0,13,13) [ 177464.4684 ]
774:(77,2,9,37,0,13,13) [ 177463.4656 ]
775:(77,2,8,37,0,13,13) [ 177463.0486 ]
776:(77,2,7,37,0,13,13) [ 177462.6316 ]
777:(77,2,7,37,1,13,12) [ 163812.7316 ]
778:(76,2,8,37,1,13,12) [ 163813.0642 ]
779:(77,2,6,37,1,13,12) [ 163812.3146 ]
780:(77,2,7,38,0,12,12) [ 151212.7086 ]
781:(76,2,8,38,0,12,12) [ 151213.0522 ]
782:(72,2,7,38,1,12,11) [ 138612.3866 ]
783:(71,2,8,38,1,12,11) [ 138612.73020000002 ]
784:(72,2,6,38,1,12,11) [ 138611.9586 ]
785:(69,2,6,38,2,12,10) [ 126011.8054 ]
786:(68,2,7,38,2,12,10) [ 126012.14899999999 ]
787:(69,2,5,38,2,12,10) [ 126011.3774 ]
788:(69,2,4,38,2,12,10) [ 126010.9494 ]
789:(69,2,5,39,1,11,10) [ 115511.3324 ]
790:(68,2,6,39,1,11,10) [ 115511.687 ]
791:(68,2,4,39,1,11,10) [ 115510.80900000001 ]
792:(68,2,4,39,2,11,9) [ 103960.909 ]
793:(67,2,5,39,2,11,9) [ 103961.26359999999 ]
794:(68,2,4,39,3,11,8) [ 92411.009 ]
795:(67,2,5,39,3,11,8) [ 92411.3636 ]
796:(69,2,3,39,3,11,8) [ 92410.6544 ]
797:(70,2,2,39,3,11,8) [ 92410.29980000001 ]
798:(68,2,3,40,2,10,8) [ 84010.503 ]
799:(67,2,4,40,2,10,8) [ 84010.8686 ]
800:(66,2,5,40,2,10,8) [ 84011.23419999999 ]
801:(66,2,5,41,1,9,8) [ 75611.18920000001 ]
802:(65,2,6,41,1,9,8) [ 75611.56580000001 ]
803:(66,2,6,42,0,8,8) [ 67211.6162 ]
804:(65,2,7,42,0,8,8) [ 67212.0038 ]
805:(66,2,6,42,1,8,7) [ 58811.716199999995 ]
806:(65,2,7,42,1,8,7) [ 58812.1038 ]
807:(66,2,7,43,0,7,7) [ 51462.1652 ]
808:(65,2,8,43,0,7,7) [ 51462.5638 ]
809:(67,2,6,43,0,7,7) [ 51461.7666 ]
810:(67,2,5,43,0,7,7) [ 51461.2836 ]
811:(67,2,5,43,1,7,6) [ 44111.3836 ]
812:(66,2,6,43,1,7,6) [ 44111.7822 ]
813:(68,2,4,43,1,7,6) [ 44110.985 ]
814:(66,2,5,44,0,6,6) [ 37811.2542 ]
815:(65,2,6,44,0,6,6) [ 37811.6638 ]
816:(66,2,5,44,1,6,5) [ 31511.354199999998 ]
817:(65,2,6,44,1,6,5) [ 31511.763799999997 ]
818:(66,2,6,45,0,5,5) [ 26261.8142 ]
819:(65,2,7,45,0,5,5) [ 26262.2348 ]
820:(65,2,5,45,0,5,5) [ 26261.2248 ]
821:(63,2,4,45,0,5,5) [ 26260.551 ]
822:(63,2,4,45,1,5,4) [ 21010.650999999998 ]
823:(62,2,5,45,1,5,4) [ 21011.0716 ]
824:(63,2,5,46,0,4,4) [ 16811.111 ]
825:(62,2,6,46,0,4,4) [ 16811.5426 ]
826:(64,2,4,46,0,4,4) [ 16810.6794 ]
827:(62,2,4,46,1,4,3) [ 12610.6106 ]
828:(61,2,5,46,1,4,3) [ 12611.0422 ]
829:(62,2,5,47,0,3,3) [ 9461.0816 ]
830:(61,2,6,47,0,3,3) [ 9461.5242 ]
831:(62,2,4,47,0,3,3) [ 9460.5546 ]
832:(57,2,4,47,1,3,2) [ 6310.2326 ]
833:(56,2,5,47,1,3,2) [ 6310.675200000001 ]
834:(57,2,4,47,2,3,1) [ 3160.3325999999997 ]
835:(56,2,5,47,2,3,1) [ 3160.7752 ]
836:(57,2,5,48,1,2,1) [ 2110.8145999999997 ]
837:(56,2,6,48,1,2,1) [ 2111.2682 ]
838:(57,2,6,49,0,1,1) [ 1061.3186 ]
839:(56,2,7,49,0,1,1) [ 1061.7832 ]
840:(58,2,5,49,0,1,1) [ 1060.854 ]
841:(52,2,4,49,0,1,1) [ 1059.7986 ]
842:(52,2,3,49,0,1,1) [ 1059.2496 ]
843:(53,2,2,49,0,1,1) [ 1058.785 ]
844:(52,2,2,49,1,1,0) [ 8.800600000000001 ]
845:(51,2,3,49,1,1,0) [ 9.265200000000002 ]
846:(52,2,3,50,0,0,0) [ 9.282600000000002 ]
847:(51,2,4,50,0,0,0) [ 9.758200000000002 ]
848:(52,2,2,50,0,0,0) [ 8.7226 ]
849:(52,2,1,50,0,0,0) [ 8.162600000000001 ]
850:(52,2,0,50,0,0,0) [ 7.602600000000001 ]
851:(77,2,12,0,34,50,16) [ 840013.2326 TARGET ]
852:(76,2,13,0,34,50,16) [ 840013.1582000001 TARGET ]
853:(77,2,13,1,33,49,16) [ 823213.2856000001 ]
854:(76,2,14,1,33,49,16) [ 823213.2222000001 ]
855:(77,2,14,2,32,48,16) [ 806413.3605999999 ]
856:(76,2,15,2,32,48,16) [ 806413.3082 ]
857:(77,2,15,3,31,47,16) [ 789613.4576 ]
858:(76,2,16,3,31,47,16) [ 789613.4162 ]
859:(77,2,16,4,30,46,16) [ 772813.5766 ]
860:(76,2,17,4,30,46,16) [ 772813.5462 ]
861:(77,2,17,5,29,45,16) [ 756013.7176 ]
862:(76,2,18,5,29,45,16) [ 756013.6982 ]
863:(77,2,18,6,28,44,16) [ 739213.8806 ]
864:(76,2,19,6,28,44,16) [ 739213.8722000001 ]
865:(77,2,19,7,27,43,16) [ 722414.0656 ]
866:(76,2,20,7,27,43,16) [ 722414.0682 ]
867:(77,2,20,8,26,42,16) [ 705614.2726 ]
868:(76,2,21,8,26,42,16) [ 705614.2862 ]
869:(77,2,21,9,25,41,16) [ 688814.5016 ]
870:(76,2,22,9,25,41,16) [ 688814.5262 ]
871:(77,2,22,10,24,40,16) [ 672014.7526 ]
872:(76,2,23,10,24,40,16) [ 672014.7882000001 ]
873:(77,2,23,11,23,39,16) [ 655215.0256 ]
874:(76,2,24,11,23,39,16) [ 655215.0722 ]
875:(77,2,24,12,22,38,16) [ 638415.3206 ]
876:(76,2,25,12,22,38,16) [ 638415.3781999999 ]
877:(77,2,25,13,21,37,16) [ 621615.6376 ]
878:(76,2,26,13,21,37,16) [ 621615.7062 ]
879:(77,2,26,14,20,36,16) [ 604815.9766 ]
880:(76,2,27,14,20,36,16) [ 604816.0562 ]
881:(77,2,27,15,19,35,16) [ 588016.3376 ]
882:(76,2,28,15,19,35,16) [ 588016.4282 ]
883:(77,2,28,16,18,34,16) [ 571216.7206 ]
884:(76,2,29,16,18,34,16) [ 571216.8222 ]
885:(77,2,29,17,17,33,16) [ 554417.1255999999 ]
886:(76,2,30,17,17,33,16) [ 554417.2381999999 ]
887:(77,2,30,18,16,32,16) [ 537617.5525999999 ]
888:(76,2,31,18,16,32,16) [ 537617.6762 ]
889:(77,2,31,19,15,31,16) [ 520818.0016 ]
890:(76,2,32,19,15,31,16) [ 520818.1362 ]
891:(77,2,32,20,14,30,16) [ 504018.47260000004 ]
892:(76,2,33,20,14,30,16) [ 504018.6182 ]
893:(77,2,33,21,13,29,16) [ 487218.9656 ]
894:(76,2,34,21,13,29,16) [ 487219.1222 ]
895:(77,2,34,22,12,28,16) [ 470419.4806 ]
896:(76,2,35,22,12,28,16) [ 470419.6482 ]
897:(77,2,35,23,11,27,16) [ 453620.01759999996 ]
898:(76,2,36,23,11,27,16) [ 453620.1962 ]
899:(77,2,36,24,10,26,16) [ 436820.5766 ]
900:(76,2,37,24,10,26,16) [ 436820.7662 ]
901:(77,2,37,25,9,25,16) [ 420021.15760000004 ]
902:(76,2,38,25,9,25,16) [ 420021.3582 ]
903:(77,2,38,26,8,24,16) [ 403221.7606 ]
904:(76,2,39,26,8,24,16) [ 403221.97219999996 ]
905:(77,2,39,27,7,23,16) [ 386422.38560000004 ]
906:(76,2,40,27,7,23,16) [ 386422.6082 ]
907:(77,2,40,28,6,22,16) [ 369623.0326 ]
908:(76,2,41,28,6,22,16) [ 369623.26619999995 ]
909:(78,2,39,28,6,22,16) [ 369622.799 ]
910:(79,2,38,28,6,22,16) [ 369622.56539999996 ]
911:(80,2,37,28,6,22,16) [ 369622.3318 ]
912:(81,2,36,28,6,22,16) [ 369622.09819999995 ]
913:(82,2,35,28,6,22,16) [ 369621.8646 ]
914:(82,2,34,28,6,22,16) [ 369621.5466 ]
915:(82,2,33,28,6,22,16) [ 369621.2286 ]
916:(82,2,32,28,6,22,16) [ 369620.9106 ]
917:(83,2,31,28,6,22,16) [ 369620.67699999997 ]
918:(84,2,30,28,6,22,16) [ 369620.4434 ]
919:(84,2,29,28,6,22,16) [ 369620.12539999996 ]
920:(84,2,30,29,5,21,16) [ 352820.6734 ]
921:(83,2,31,29,5,21,16) [ 352820.918 ]
922:(84,2,29,29,5,21,16) [ 352820.3444 ]
923:(84,2,28,29,5,21,16) [ 352820.0154 ]
924:(84,2,27,29,5,21,16) [ 352819.6864 ]
925:(82,2,26,29,5,21,16) [ 352819.1886 ]
926:(78,2,25,29,5,21,16) [ 352818.522 ]
927:(78,2,24,29,5,21,16) [ 352818.193 ]
928:(79,2,23,29,5,21,16) [ 352817.9484 ]
929:(80,2,22,29,5,21,16) [ 352817.7038 ]
930:(80,2,23,30,4,20,16) [ 336018.18580000004 ]
931:(79,2,24,30,4,20,16) [ 336018.4414 ]
932:(80,2,22,30,4,20,16) [ 336017.8458 ]
933:(80,2,21,30,4,20,16) [ 336017.50580000004 ]
934:(80,2,20,30,4,20,16) [ 336017.1658 ]
935:(83,2,18,30,4,20,16) [ 336016.739 ]
936:(82,2,19,30,4,20,16) [ 336016.99460000003 ]
937:(83,2,19,31,3,19,16) [ 319217.18799999997 ]
938:(82,2,20,31,3,19,16) [ 319217.4546 ]
939:(84,2,18,31,3,19,16) [ 319216.9214 ]
940:(84,2,19,32,2,18,16) [ 302417.3814 ]
941:(83,2,20,32,2,18,16) [ 302417.659 ]
942:(84,2,20,33,1,17,16) [ 285617.8634 ]
943:(83,2,21,33,1,17,16) [ 285618.152 ]
944:(84,2,20,33,2,17,15) [ 267767.9634 ]
945:(83,2,21,33,2,17,15) [ 267768.25200000004 ]
946:(85,2,19,33,2,17,15) [ 267767.67480000004 ]
947:(86,2,18,33,2,17,15) [ 267767.3862 ]
948:(86,2,19,34,1,16,15) [ 252017.8682 ]
949:(85,2,20,34,1,16,15) [ 252018.1678 ]
950:(87,2,18,34,1,16,15) [ 252017.5686 ]
951:(86,2,17,34,1,16,15) [ 252017.10020000002 ]
952:(86,2,17,34,2,16,14) [ 235217.20020000002 ]
953:(85,2,18,34,2,16,14) [ 235217.49980000002 ]
954:(86,2,18,35,1,15,14) [ 220517.6822 ]
955:(85,2,19,35,1,15,14) [ 220517.9928 ]
956:(87,2,17,35,1,15,14) [ 220517.3716 ]
957:(87,2,18,36,0,14,14) [ 205817.8646 ]
958:(86,2,19,36,0,14,14) [ 205818.1862 ]
959:(87,2,17,36,0,14,14) [ 205817.4586 ]
960:(86,2,16,36,0,14,14) [ 205816.9682 ]
961:(86,2,15,36,0,14,14) [ 205816.5622 ]
962:(85,2,14,36,0,14,14) [ 205816.0718 ]
963:(80,2,15,35,0,15,15) [ 236265.8908 ]
964:(79,2,16,35,0,15,15) [ 236266.2014 ]
965:(80,2,14,35,0,15,15) [ 236265.4958 ]
966:(80,2,14,35,1,15,14) [ 220515.5958 ]
967:(79,2,15,35,1,15,14) [ 220515.9064 ]
968:(80,2,13,35,1,15,14) [ 220515.2008 ]
969:(80,2,12,35,1,15,14) [ 220514.8058 ]
970:(80,2,11,35,1,15,14) [ 220514.4108 ]
971:(80,2,10,35,1,15,14) [ 220514.0158 ]
972:(80,2,11,36,0,14,14) [ 205814.4318 ]
973:(79,2,12,36,0,14,14) [ 205814.7534 ]
974:(80,2,10,36,0,14,14) [ 205814.0258 ]
975:(81,2,9,36,0,14,14) [ 205813.7042 ]
976:(81,2,9,36,1,14,13) [ 191113.8042 ]
977:(80,2,10,36,1,14,13) [ 191114.1258 ]
978:(81,2,10,37,0,13,13) [ 177464.2202 ]
979:(80,2,11,37,0,13,13) [ 177464.5528 ]
980:(78,2,9,37,0,13,13) [ 177463.55 ]
981:(78,2,8,37,0,13,13) [ 177463.133 ]
982:(78,2,7,37,0,13,13) [ 177462.716 ]
983:(78,2,7,37,1,13,12) [ 163812.816 ]
984:(77,2,8,37,1,13,12) [ 163813.14860000001 ]
985:(78,2,6,37,1,13,12) [ 163812.399 ]
986:(78,2,7,38,0,12,12) [ 151212.793 ]
987:(77,2,8,38,0,12,12) [ 151213.1366 ]
988:(73,2,7,38,1,12,11) [ 138612.47100000002 ]
989:(72,2,8,38,1,12,11) [ 138612.8146 ]
990:(73,2,6,38,1,12,11) [ 138612.043 ]
991:(70,2,6,38,2,12,10) [ 126011.88979999999 ]
992:(69,2,7,38,2,12,10) [ 126012.2334 ]
993:(70,2,5,38,2,12,10) [ 126011.46179999999 ]
994:(70,2,4,38,2,12,10) [ 126011.03379999999 ]
995:(70,2,5,39,1,11,10) [ 115511.4168 ]
996:(69,2,6,39,1,11,10) [ 115511.77140000001 ]
997:(69,2,4,39,1,11,10) [ 115510.8934 ]
998:(69,2,4,39,2,11,9) [ 103960.99339999999 ]
999:(68,2,5,39,2,11,9) [ 103961.348 ]
1000:(69,2,4,39,3,11,8) [ 92411.0934 ]
1001:(68,2,5,39,3,11,8) [ 92411.448 ]
1002:(70,2,3,39,3,11,8) [ 92410.7388 ]
1003:(71,2,2,39,3,11,8) [ 92410.3842 ]
1004:(69,2,3,40,2,10,8) [ 84010.5874 ]
1005:(68,2,4,40,2,10,8) [ 84010.953 ]
1006:(67,2,5,40,2,10,8) [ 84011.3186 ]
1007:(67,2,5,41,1,9,8) [ 75611.2736 ]
1008:(66,2,6,41,1,9,8) [ 75611.6502 ]
1009:(67,2,6,42,0,8,8) [ 67211.7006 ]
1010:(66,2,7,42,0,8,8) [ 67212.0882 ]
1011:(67,2,6,42,1,8,7) [ 58811.800599999995 ]
1012:(66,2,7,42,1,8,7) [ 58812.1882 ]
1013:(67,2,7,43,0,7,7) [ 51462.2496 ]
1014:(66,2,8,43,0,7,7) [ 51462.6482 ]
1015:(68,2,6,43,0,7,7) [ 51461.851 ]
1016:(68,2,5,43,0,7,7) [ 51461.368 ]
1017:(68,2,5,43,1,7,6) [ 44111.468 ]
1018:(67,2,6,43,1,7,6) [ 44111.8666 ]
1019:(69,2,4,43,1,7,6) [ 44111.0694 ]
1020:(67,2,5,44,0,6,6) [ 37811.3386 ]
1021:(66,2,6,44,0,6,6) [ 37811.7482 ]
1022:(67,2,5,44,1,6,5) [ 31511.438599999998 ]
1023:(66,2,6,44,1,6,5) [ 31511.8482 ]
1024:(67,2,6,45,0,5,5) [ 26261.8986 ]
1025:(66,2,7,45,0,5,5) [ 26262.3192 ]
1026:(66,2,5,45,0,5,5) [ 26261.3092 ]
1027:(64,2,4,45,0,5,5) [ 26260.6354 ]
1028:(64,2,4,45,1,5,4) [ 21010.735399999998 ]
1029:(63,2,5,45,1,5,4) [ 21011.156 ]
1030:(64,2,5,46,0,4,4) [ 16811.1954 ]
1031:(63,2,6,46,0,4,4) [ 16811.627 ]
1032:(65,2,4,46,0,4,4) [ 16810.7638 ]
1033:(63,2,4,46,1,4,3) [ 12610.695 ]
1034:(62,2,5,46,1,4,3) [ 12611.1266 ]
1035:(63,2,5,47,0,3,3) [ 9461.166 ]
1036:(62,2,6,47,0,3,3) [ 9461.6086 ]
1037:(63,2,4,47,0,3,3) [ 9460.639 ]
1038:(58,2,4,47,1,3,2) [ 6310.317 ]
1039:(57,2,5,47,1,3,2) [ 6310.7596 ]
1040:(58,2,4,47,2,3,1) [ 3160.417 ]
1041:(57,2,5,47,2,3,1) [ 3160.8596 ]
1042:(58,2,5,48,1,2,1) [ 2110.899 ]
1043:(57,2,6,48,1,2,1) [ 2111.3525999999997 ]
1044:(58,2,6,49,0,1,1) [ 1061.403 ]
1045:(57,2,7,49,0,1,1) [ 1061.8676 ]
1046:(59,2,5,49,0,1,1) [ 1060.9384 ]
1047:(53,2,4,49,0,1,1) [ 1059.883 ]
1048:(53,2,3,49,0,1,1) [ 1059.334 ]
1049:(54,2,2,49,0,1,1) [ 1058.8694 ]
1050:(53,2,2,49,1,1,0) [ 8.885 ]
1051:(52,2,3,49,1,1,0) [ 9.3496 ]
1052:(53,2,3,50,0,0,0) [ 9.367 ]
1053:(52,2,4,50,0,0,0) [ 9.842600000000001 ]
1054:(53,2,2,50,0,0,0) [ 8.806999999999999 ]
1055:(53,2,1,50,0,0,0) [ 8.247 ]
1056:(53,2,0,50,0,0,0) [ 7.687 ]
1057:(78,2,12,0,34,50,16) [ 840013.317 TARGET ]
1058:(77,2,13,0,34,50,16) [ 840013.2426 TARGET ]
1059:(78,2,13,1,33,49,16) [ 823213.37 ]
1060:(77,2,14,1,33,49,16) [ 823213.3066 ]
1061:(78,2,14,2,32,48,16) [ 806413.445 ]
1062:(77,2,15,2,32,48,16) [ 806413.3925999999 ]
1063:(78,2,15,3,31,47,16) [ 789613.542 ]
1064:(77,2,16,3,31,47,16) [ 789613.5006 ]
1065:(78,2,16,4,30,46,16) [ 772813.661 ]
1066:(77,2,17,4,30,46,16) [ 772813.6306 ]
1067:(78,2,17,5,29,45,16) [ 756013.802 ]
1068:(77,2,18,5,29,45,16) [ 756013.7826 ]
1069:(78,2,18,6,28,44,16) [ 739213.9650000001 ]
1070:(77,2,19,6,28,44,16) [ 739213.9566 ]
1071:(78,2,19,7,27,43,16) [ 722414.1499999999 ]
1072:(77,2,20,7,27,43,16) [ 722414.1525999999 ]
1073:(78,2,20,8,26,42,16) [ 705614.357 ]
1074:(77,2,21,8,26,42,16) [ 705614.3706 ]
1075:(78,2,21,9,25,41,16) [ 688814.586 ]
1076:(77,2,22,9,25,41,16) [ 688814.6106 ]
1077:(78,2,22,10,24,40,16) [ 672014.837 ]
1078:(77,2,23,10,24,40,16) [ 672014.8726 ]
1079:(78,2,23,11,23,39,16) [ 655215.1100000001 ]
1080:(77,2,24,11,23,39,16) [ 655215.1566000001 ]
1081:(78,2,24,12,22,38,16) [ 638415.4049999999 ]
1082:(77,2,25,12,22,38,16) [ 638415.4626 ]
1083:(78,2,25,13,21,37,16) [ 621615.722 ]
1084:(77,2,26,13,21,37,16) [ 621615.7906 ]
1085:(78,2,26,14,20,36,16) [ 604816.061 ]
1086:(77,2,27,14,20,36,16) [ 604816.1406 ]
1087:(78,2,27,15,19,35,16) [ 588016.422 ]
1088:(77,2,28,15,19,35,16) [ 588016.5126 ]
1089:(78,2,28,16,18,34,16) [ 571216.805 ]
1090:(77,2,29,16,18,34,16) [ 571216.9066000001 ]
1091:(78,2,29,17,17,33,16) [ 554417.21 ]
1092:(77,2,30,17,17,33,16) [ 554417.3226 ]
1093:(78,2,30,18,16,32,16) [ 537617.637 ]
1094:(77,2,31,18,16,32,16) [ 537617.7605999999 ]
1095:(78,2,31,19,15,31,16) [ 520818.086 ]
1096:(77,2,32,19,15,31,16) [ 520818.2206 ]
1097:(78,2,32,20,14,30,16) [ 504018.55700000003 ]
1098:(77,2,33,20,14,30,16) [ 504018.7026 ]
1099:(78,2,33,21,13,29,16) [ 487219.05 ]
1100:(77,2,34,21,13,29,16) [ 487219.2066 ]
1101:(78,2,34,22,12,28,16) [ 470419.565 ]
1102:(77,2,35,22,12,28,16) [ 470419.7326 ]
1103:(78,2,35,23,11,27,16) [ 453620.10199999996 ]
1104:(77,2,36,23,11,27,16) [ 453620.2806 ]
1105:(78,2,36,24,10,26,16) [ 436820.661 ]
1106:(77,2,37,24,10,26,16) [ 436820.8506 ]
1107:(78,2,37,25,9,25,16) [ 420021.242 ]
1108:(77,2,38,25,9,25,16) [ 420021.4426 ]
1109:(78,2,38,26,8,24,16) [ 403221.845 ]
1110:(77,2,39,26,8,24,16) [ 403222.0566 ]
1111:(78,2,39,27,7,23,16) [ 386422.47000000003 ]
1112:(77,2,40,27,7,23,16) [ 386422.6926 ]
1113:(78,2,40,28,6,22,16) [ 369623.11699999997 ]
1114:(77,2,41,28,6,22,16) [ 369623.3506 ]
1115:(79,2,39,28,6,22,16) [ 369622.8834 ]
1116:(80,2,38,28,6,22,16) [ 369622.64979999996 ]
1117:(81,2,37,28,6,22,16) [ 369622.4162 ]
1118:(82,2,36,28,6,22,16) [ 369622.1826 ]
1119:(83,2,35,28,6,22,16) [ 369621.94899999996 ]
1120:(83,2,34,28,6,22,16) [ 369621.631 ]
1121:(83,2,33,28,6,22,16) [ 369621.31299999997 ]
1122:(83,2,32,28,6,22,16) [ 369620.995 ]
1123:(84,2,31,28,6,22,16) [ 369620.76139999996 ]
1124:(85,2,30,28,6,22,16) [ 369620.5278 ]
1125:(85,2,29,28,6,22,16) [ 369620.20979999995 ]
1126:(85,2,30,29,5,21,16) [ 352820.7578 ]
1127:(84,2,31,29,5,21,16) [ 352821.0024 ]
1128:(85,2,29,29,5,21,16) [ 352820.4288 ]
1129:(85,2,28,29,5,21,16) [ 352820.0998 ]
1130:(85,2,27,29,5,21,16) [ 352819.7708 ]
1131:(83,2,26,29,5,21,16) [ 352819.273 ]
1132:(79,2,25,29,5,21,16) [ 352818.6064 ]
1133:(79,2,24,29,5,21,16) [ 352818.2774 ]
1134:(80,2,23,29,5,21,16) [ 352818.0328 ]
1135:(81,2,22,29,5,21,16) [ 352817.7882 ]
1136:(81,2,23,30,4,20,16) [ 336018.2702 ]
1137:(80,2,24,30,4,20,16) [ 336018.5258 ]
1138:(81,2,22,30,4,20,16) [ 336017.9302 ]
1139:(81,2,21,30,4,20,16) [ 336017.59020000004 ]
1140:(81,2,20,30,4,20,16) [ 336017.2502 ]
1141:(84,2,18,30,4,20,16) [ 336016.82340000005 ]
1142:(83,2,19,30,4,20,16) [ 336017.079 ]
1143:(84,2,19,31,3,19,16) [ 319217.2724 ]
1144:(83,2,20,31,3,19,16) [ 319217.539 ]
1145:(85,2,18,31,3,19,16) [ 319217.0058 ]
1146:(85,2,19,32,2,18,16) [ 302417.4658 ]
1147:(84,2,20,32,2,18,16) [ 302417.74340000004 ]
1148:(85,2,20,33,1,17,16) [ 285617.94779999997 ]
1149:(84,2,21,33,1,17,16) [ 285618.2364 ]
1150:(85,2,20,33,2,17,15) [ 267768.0478 ]
1151:(84,2,21,33,2,17,15) [ 267768.33640000003 ]
1152:(86,2,19,33,2,17,15) [ 267767.75920000003 ]
1153:(87,2,18,33,2,17,15) [ 267767.4706 ]
1154:(87,2,19,34,1,16,15) [ 252017.95260000002 ]
1155:(86,2,20,34,1,16,15) [ 252018.25220000002 ]
1156:(88,2,18,34,1,16,15) [ 252017.65300000002 ]
1157:(87,2,17,34,1,16,15) [ 252017.1846 ]
1158:(87,2,17,34,2,16,14) [ 235217.2846 ]
1159:(86,2,18,34,2,16,14) [ 235217.5842 ]
1160:(87,2,18,35,1,15,14) [ 220517.7666 ]
1161:(86,2,19,35,1,15,14) [ 220518.0772 ]
1162:(88,2,17,35,1,15,14) [ 220517.456 ]
1163:(88,2,18,36,0,14,14) [ 205817.949 ]
1164:(87,2,19,36,0,14,14) [ 205818.2706 ]
1165:(88,2,17,36,0,14,14) [ 205817.543 ]
1166:(87,2,16,36,0,14,14) [ 205817.0526 ]
1167:(87,2,15,36,0,14,14) [ 205816.6466 ]
1168:(86,2,14,36,0,14,14) [ 205816.1562 ]
1169:(81,2,15,35,0,15,15) [ 236265.9752 ]
1170:(80,2,16,35,0,15,15) [ 236266.2858 ]
1171:(81,2,14,35,0,15,15) [ 236265.5802 ]
1172:(81,2,14,35,1,15,14) [ 220515.6802 ]
1173:(80,2,15,35,1,15,14) [ 220515.9908 ]
1174:(81,2,13,35,1,15,14) [ 220515.2852 ]
1175:(81,2,12,35,1,15,14) [ 220514.8902 ]
1176:(81,2,11,35,1,15,14) [ 220514.4952 ]
1177:(81,2,10,35,1,15,14) [ 220514.10020000002 ]
1178:(81,2,11,36,0,14,14) [ 205814.5162 ]
1179:(80,2,12,36,0,14,14) [ 205814.8378 ]
1180:(81,2,10,36,0,14,14) [ 205814.1102 ]
1181:(82,2,9,36,0,14,14) [ 205813.7886 ]
1182:(82,2,9,36,1,14,13) [ 191113.8886 ]
1183:(81,2,10,36,1,14,13) [ 191114.2102 ]
1184:(82,2,10,37,0,13,13) [ 177464.3046 ]
1185:(81,2,11,37,0,13,13) [ 177464.6372 ]
1186:(79,2,9,37,0,13,13) [ 177463.6344 ]
1187:(79,2,8,37,0,13,13) [ 177463.2174 ]
1188:(79,2,7,37,0,13,13) [ 177462.8004 ]
1189:(79,2,7,37,1,13,12) [ 163812.9004 ]
1190:(78,2,8,37,1,13,12) [ 163813.233 ]
1191:(79,2,6,37,1,13,12) [ 163812.4834 ]
1192:(79,2,7,38,0,12,12) [ 151212.8774 ]
1193:(78,2,8,38,0,12,12) [ 151213.221 ]
1194:(74,2,7,38,1,12,11) [ 138612.5554 ]
1195:(73,2,8,38,1,12,11) [ 138612.899 ]
1196:(74,2,6,38,1,12,11) [ 138612.1274 ]
1197:(71,2,6,38,2,12,10) [ 126011.9742 ]
1198:(70,2,7,38,2,12,10) [ 126012.3178 ]
1199:(71,2,5,38,2,12,10) [ 126011.5462 ]
1200:(71,2,4,38,2,12,10) [ 126011.1182 ]
1201:(71,2,5,39,1,11,10) [ 115511.5012 ]
1202:(70,2,6,39,1,11,10) [ 115511.8558 ]
1203:(70,2,4,39,1,11,10) [ 115510.97780000001 ]
1204:(70,2,4,39,2,11,9) [ 103961.0778 ]
1205:(69,2,5,39,2,11,9) [ 103961.43239999999 ]
1206:(70,2,4,39,3,11,8) [ 92411.1778 ]
1207:(69,2,5,39,3,11,8) [ 92411.5324 ]
1208:(71,2,3,39,3,11,8) [ 92410.8232 ]
1209:(72,2,2,39,3,11,8) [ 92410.46860000001 ]
1210:(70,2,3,40,2,10,8) [ 84010.6718 ]
1211:(69,2,4,40,2,10,8) [ 84011.0374 ]
1212:(68,2,5,40,2,10,8) [ 84011.40299999999 ]
1213:(68,2,5,41,1,9,8) [ 75611.35800000001 ]
1214:(67,2,6,41,1,9,8) [ 75611.73460000001 ]
1215:(68,2,6,42,0,8,8) [ 67211.785 ]
1216:(67,2,7,42,0,8,8) [ 67212.1726 ]
1217:(68,2,6,42,1,8,7) [ 58811.885 ]
1218:(67,2,7,42,1,8,7) [ 58812.2726 ]
1219:(68,2,7,43,0,7,7) [ 51462.334 ]
1220:(67,2,8,43,0,7,7) [ 51462.7326 ]
1221:(69,2,6,43,0,7,7) [ 51461.9354 ]
1222:(69,2,5,43,0,7,7) [ 51461.4524 ]
1223:(69,2,5,43,1,7,6) [ 44111.5524 ]
1224:(68,2,6,43,1,7,6) [ 44111.951 ]
1225:(70,2,4,43,1,7,6) [ 44111.1538 ]
1226:(68,2,5,44,0,6,6) [ 37811.423 ]
1227:(67,2,6,44,0,6,6) [ 37811.8326 ]
1228:(68,2,5,44,1,6,5) [ 31511.522999999997 ]
1229:(67,2,6,44,1,6,5) [ 31511.9326 ]
1230:(68,2,6,45,0,5,5) [ 26261.983 ]
1231:(67,2,7,45,0,5,5) [ 26262.4036 ]
1232:(67,2,5,45,0,5,5) [ 26261.3936 ]
1233:(65,2,4,45,0,5,5) [ 26260.7198 ]
1234:(65,2,4,45,1,5,4) [ 21010.819799999997 ]
1235:(64,2,5,45,1,5,4) [ 21011.2404 ]
1236:(65,2,5,46,0,4,4) [ 16811.2798 ]
1237:(64,2,6,46,0,4,4) [ 16811.7114 ]
1238:(66,2,4,46,0,4,4) [ 16810.8482 ]
1239:(64,2,4,46,1,4,3) [ 12610.779400000001 ]
1240:(63,2,5,46,1,4,3) [ 12611.211000000001 ]
1241:(64,2,5,47,0,3,3) [ 9461.2504 ]
1242:(63,2,6,47,0,3,3) [ 9461.693 ]
1243:(64,2,4,47,0,3,3) [ 9460.7234 ]
1244:(59,2,4,47,1,3,2) [ 6310.401400000001 ]
1245:(58,2,5,47,1,3,2) [ 6310.844 ]
1246:(59,2,4,47,2,3,1) [ 3160.5013999999996 ]
1247:(58,2,5,47,2,3,1) [ 3160.944 ]
1248:(59,2,5,48,1,2,1) [ 2110.9834 ]
1249:(58,2,6,48,1,2,1) [ 2111.437 ]
1250:(59,2,6,49,0,1,1) [ 1061.4874 ]
1251:(58,2,7,49,0,1,1) [ 1061.952 ]
1252:(60,2,5,49,0,1,1) [ 1061.0228 ]
1253:(54,2,4,49,0,1,1) [ 1059.9674 ]
1254:(54,2,3,49,0,1,1) [ 1059.4184 ]
1255:(55,2,2,49,0,1,1) [ 1058.9538 ]
1256:(54,2,2,49,1,1,0) [ 8.969399999999998 ]
1257:(53,2,3,49,1,1,0) [ 9.434 ]
1258:(54,2,3,50,0,0,0) [ 9.451400000000001 ]
1259:(53,2,4,50,0,0,0) [ 9.927 ]
1260:(54,2,2,50,0,0,0) [ 8.8914 ]
1261:(54,2,1,50,0,0,0) [ 8.3314 ]
1262:(54,2,0,50,0,0,0) [ 7.771400000000001 ]
1263:(75,2,14,0,34,50,16) [ 840013.0838 TARGET ]
1264:(75,2,15,1,33,49,16) [ 823213.1588000001 ]
1265:(75,2,16,2,32,48,16) [ 806413.2557999999 ]
1266:(75,2,17,3,31,47,16) [ 789613.3748 ]
1267:(75,2,18,4,30,46,16) [ 772813.5158 ]
1268:(75,2,19,5,29,45,16) [ 756013.6788 ]
1269:(75,2,20,6,28,44,16) [ 739213.8638 ]
1270:(75,2,21,7,27,43,16) [ 722414.0708 ]
1271:(75,2,22,8,26,42,16) [ 705614.2997999999 ]
1272:(75,2,23,9,25,41,16) [ 688814.5508 ]
1273:(75,2,24,10,24,40,16) [ 672014.8238 ]
1274:(75,2,25,11,23,39,16) [ 655215.1188 ]
1275:(75,2,26,12,22,38,16) [ 638415.4358 ]
1276:(75,2,27,13,21,37,16) [ 621615.7748 ]
1277:(75,2,28,14,20,36,16) [ 604816.1358 ]
1278:(75,2,29,15,19,35,16) [ 588016.5188000001 ]
1279:(75,2,30,16,18,34,16) [ 571216.9238 ]
1280:(75,2,31,17,17,33,16) [ 554417.3507999999 ]
1281:(75,2,32,18,16,32,16) [ 537617.7997999999 ]
1282:(75,2,33,19,15,31,16) [ 520818.2708 ]
1283:(75,2,34,20,14,30,16) [ 504018.7638 ]
1284:(75,2,35,21,13,29,16) [ 487219.2788 ]
1285:(75,2,36,22,12,28,16) [ 470419.81580000004 ]
1286:(75,2,37,23,11,27,16) [ 453620.3748 ]
1287:(75,2,38,24,10,26,16) [ 436820.9558 ]
1288:(75,2,39,25,9,25,16) [ 420021.5588 ]
1289:(75,2,40,26,8,24,16) [ 403222.1838 ]
1290:(75,2,41,27,7,23,16) [ 386422.8308 ]
1291:(75,2,42,28,6,22,16) [ 369623.4998 ]
1292:(82,2,32,29,5,21,16) [ 352821.1626 ]
1293:(77,2,28,29,5,21,16) [ 352819.4246 ]
1294:(76,2,28,29,5,21,16) [ 352819.3402 ]
1295:(78,2,25,30,4,20,16) [ 336018.69700000004 ]
1296:(81,2,21,31,3,19,16) [ 319217.72119999997 ]
1297:(82,2,21,32,2,18,16) [ 302417.9366 ]
1298:(82,2,22,33,1,17,16) [ 285618.4406 ]
1299:(82,2,22,33,2,17,15) [ 267768.5406 ]
1300:(84,2,21,34,1,16,15) [ 252018.4674 ]
1301:(84,2,19,34,2,16,14) [ 235217.79940000002 ]
1302:(84,2,20,35,1,15,14) [ 220518.3034 ]
1303:(83,2,20,35,1,15,14) [ 220518.219 ]
1304:(85,2,20,36,0,14,14) [ 205818.5078 ]
1305:(80,2,17,36,0,14,14) [ 205816.8678 ]
1306:(79,2,17,36,0,14,14) [ 205816.7834 ]
1307:(78,2,17,36,0,14,14) [ 205816.699 ]
1308:(78,2,17,35,0,15,15) [ 236266.512 ]
1309:(78,2,16,35,1,15,14) [ 220516.217 ]
1310:(78,2,13,36,0,14,14) [ 205815.075 ]
1311:(79,2,11,36,1,14,13) [ 191114.4474 ]
1312:(79,2,12,37,0,13,13) [ 177464.8854 ]
1313:(78,2,12,37,0,13,13) [ 177464.801 ]
1314:(77,2,12,37,0,13,13) [ 177464.7166 ]
1315:(76,2,12,37,0,13,13) [ 177464.6322 ]
1316:(76,2,9,37,1,13,12) [ 163813.4812 ]
1317:(76,2,9,38,0,12,12) [ 151213.4802 ]
1318:(75,2,9,38,0,12,12) [ 151213.3958 ]
1319:(74,2,9,38,0,12,12) [ 151213.3114 ]
1320:(73,2,9,38,0,12,12) [ 151213.227 ]
1321:(72,2,9,38,0,12,12) [ 151213.1426 ]
1322:(71,2,9,38,0,12,12) [ 151213.0582 ]
1323:(71,2,9,38,1,12,11) [ 138613.1582 ]
1324:(68,2,8,38,1,12,11) [ 138612.477 ]
1325:(68,2,8,38,2,12,10) [ 126012.57699999999 ]
1326:(68,2,7,39,1,11,10) [ 115512.126 ]
1327:(67,2,7,39,1,11,10) [ 115512.04160000001 ]
1328:(67,2,6,39,2,11,9) [ 103961.7026 ]
1329:(67,2,6,39,3,11,8) [ 92411.80260000001 ]
1330:(66,2,6,40,2,10,8) [ 84011.6842 ]
1331:(65,2,6,40,2,10,8) [ 84011.5998 ]
1332:(65,2,7,41,1,9,8) [ 75612.0268 ]
1333:(65,2,8,42,0,8,8) [ 67212.4758 ]
1334:(65,2,8,42,1,8,7) [ 58812.5758 ]
1335:(65,2,9,43,0,7,7) [ 51463.0468 ]
1336:(66,2,7,43,1,7,6) [ 44112.2652 ]
1337:(65,2,7,44,0,6,6) [ 37812.1578 ]
1338:(65,2,7,44,1,6,5) [ 31512.2578 ]
1339:(65,2,8,45,0,5,5) [ 26262.7398 ]
1340:(64,2,8,45,0,5,5) [ 26262.6554 ]
1341:(62,2,6,45,1,5,4) [ 21011.5766 ]
1342:(62,2,7,46,0,4,4) [ 16812.0586 ]
1343:(61,2,6,46,1,4,3) [ 12611.5582 ]
1344:(61,2,7,47,0,3,3) [ 9462.0512 ]
1345:(58,2,6,47,0,3,3) [ 9461.271 ]
1346:(57,2,6,47,0,3,3) [ 9461.1866 ]
1347:(56,2,6,47,0,3,3) [ 9461.1022 ]
1348:(56,2,6,47,1,3,2) [ 6311.202200000001 ]
1349:(56,2,6,47,2,3,1) [ 3161.3021999999996 ]
1350:(56,2,7,48,1,2,1) [ 2111.8062 ]
1351:(56,2,8,49,0,1,1) [ 1062.3322 ]
1352:(53,2,7,49,0,1,1) [ 1061.53 ]
1353:(52,2,7,49,0,1,1) [ 1061.4456 ]
1354:(51,2,7,49,0,1,1) [ 1061.3612 ]
1355:(51,2,4,49,1,1,0) [ 9.814200000000001 ]
1356:(51,2,5,50,0,0,0) [ 10.318200000000001 ]
1357:(74,2,14,0,34,50,16) [ 840012.9994 TARGET ]
1358:(74,2,15,1,33,49,16) [ 823213.0744 ]
1359:(74,2,16,2,32,48,16) [ 806413.1714 ]
1360:(74,2,17,3,31,47,16) [ 789613.2903999999 ]
1361:(74,2,18,4,30,46,16) [ 772813.4314 ]
1362:(74,2,19,5,29,45,16) [ 756013.5944000001 ]
1363:(74,2,20,6,28,44,16) [ 739213.7794 ]
1364:(74,2,21,7,27,43,16) [ 722413.9863999999 ]
1365:(74,2,22,8,26,42,16) [ 705614.2154 ]
1366:(74,2,23,9,25,41,16) [ 688814.4664 ]
1367:(74,2,24,10,24,40,16) [ 672014.7394000001 ]
1368:(74,2,25,11,23,39,16) [ 655215.0344 ]
1369:(74,2,26,12,22,38,16) [ 638415.3513999999 ]
1370:(74,2,27,13,21,37,16) [ 621615.6904 ]
1371:(74,2,28,14,20,36,16) [ 604816.0514 ]
1372:(74,2,29,15,19,35,16) [ 588016.4344 ]
1373:(74,2,30,16,18,34,16) [ 571216.8394 ]
1374:(74,2,31,17,17,33,16) [ 554417.2664 ]
1375:(74,2,32,18,16,32,16) [ 537617.7154 ]
1376:(74,2,33,19,15,31,16) [ 520818.1864 ]
1377:(74,2,34,20,14,30,16) [ 504018.6794 ]
1378:(74,2,35,21,13,29,16) [ 487219.1944 ]
1379:(74,2,36,22,12,28,16) [ 470419.7314 ]
1380:(74,2,37,23,11,27,16) [ 453620.2904 ]
1381:(74,2,38,24,10,26,16) [ 436820.8714 ]
1382:(74,2,39,25,9,25,16) [ 420021.4744 ]
1383:(74,2,40,26,8,24,16) [ 403222.0994 ]
1384:(74,2,41,27,7,23,16) [ 386422.7464 ]
1385:(74,2,42,28,6,22,16) [ 369623.4154 ]
1386:(81,2,32,29,5,21,16) [ 352821.0782 ]
1387:(79,2,29,29,5,21,16) [ 352819.9224 ]
1388:(75,2,28,29,5,21,16) [ 352819.2558 ]
1389:(77,2,25,30,4,20,16) [ 336018.61260000005 ]
1390:(80,2,21,31,3,19,16) [ 319217.6368 ]
1391:(81,2,21,32,2,18,16) [ 302417.8522 ]
1392:(81,2,22,33,1,17,16) [ 285618.3562 ]
1393:(81,2,22,33,2,17,15) [ 267768.4562 ]
1394:(83,2,21,34,1,16,15) [ 252018.383 ]
1395:(83,2,19,34,2,16,14) [ 235217.71500000003 ]
1396:(82,2,20,35,1,15,14) [ 220518.13460000002 ]
1397:(84,2,20,36,0,14,14) [ 205818.4234 ]
1398:(77,2,17,36,0,14,14) [ 205816.6146 ]
1399:(77,2,17,35,0,15,15) [ 236266.4276 ]
1400:(77,2,16,35,1,15,14) [ 220516.1326 ]
1401:(77,2,13,36,0,14,14) [ 205814.9906 ]
1402:(78,2,11,36,1,14,13) [ 191114.363 ]
1403:(75,2,12,37,0,13,13) [ 177464.5478 ]
1404:(75,2,9,37,1,13,12) [ 163813.39680000002 ]
1405:(70,2,9,38,0,12,12) [ 151212.9738 ]
1406:(70,2,9,38,1,12,11) [ 138613.0738 ]
1407:(67,2,8,38,1,12,11) [ 138612.3926 ]
1408:(67,2,8,38,2,12,10) [ 126012.4926 ]
1409:(66,2,7,39,1,11,10) [ 115511.9572 ]
1410:(66,2,6,39,2,11,9) [ 103961.6182 ]
1411:(66,2,6,39,3,11,8) [ 92411.7182 ]
1412:(64,2,6,40,2,10,8) [ 84011.5154 ]
1413:(64,2,7,41,1,9,8) [ 75611.9424 ]
1414:(64,2,8,42,0,8,8) [ 67212.3914 ]
1415:(64,2,8,42,1,8,7) [ 58812.4914 ]
1416:(64,2,9,43,0,7,7) [ 51462.9624 ]
1417:(65,2,7,43,1,7,6) [ 44112.1808 ]
1418:(64,2,7,44,0,6,6) [ 37812.0734 ]
1419:(64,2,7,44,1,6,5) [ 31512.1734 ]
1420:(63,2,8,45,0,5,5) [ 26262.571 ]
1421:(61,2,7,45,0,5,5) [ 26261.8972 ]
1422:(61,2,6,45,1,5,4) [ 21011.492199999997 ]
1423:(61,2,7,46,0,4,4) [ 16811.9742 ]
1424:(60,2,6,46,1,4,3) [ 12611.4738 ]
1425:(60,2,7,47,0,3,3) [ 9461.9668 ]
1426:(55,2,6,47,0,3,3) [ 9461.0178 ]
1427:(55,2,6,47,1,3,2) [ 6311.1178 ]
1428:(55,2,6,47,2,3,1) [ 3161.2178 ]
1429:(55,2,7,48,1,2,1) [ 2111.7218 ]
1430:(55,2,8,49,0,1,1) [ 1062.2478 ]
1431:(50,2,7,49,0,1,1) [ 1061.2768 ]
1432:(50,2,4,49,1,1,0) [ 9.7298 ]
1433:(50,2,5,50,0,0,0) [ 10.233799999999999 ]
1434:(78,2,29,29,5,21,16) [ 352819.838 ]
1435:(74,2,28,29,5,21,16) [ 352819.1714 ]
1436:(81,2,20,35,1,15,14) [ 220518.0502 ]
1437:(82,2,19,36,0,14,14) [ 205817.8486 ]
1438:(81,2,18,36,0,14,14) [ 205817.3582 ]
1439:(76,2,17,36,0,14,14) [ 205816.5302 ]
1440:(74,2,12,37,0,13,13) [ 177464.4634 ]
1441:(69,2,9,38,0,12,12) [ 151212.8894 ]
1442:(66,2,8,38,1,12,11) [ 138612.3082 ]
1443:(65,2,7,39,1,11,10) [ 115511.87280000001 ]
1444:(63,2,6,40,2,10,8) [ 84011.431 ]
1445:(63,2,6,43,1,7,6) [ 44111.528999999995 ]
1446:(62,2,8,45,0,5,5) [ 26262.4866 ]
1447:(60,2,7,45,0,5,5) [ 26261.8128 ]
1448:(59,2,6,46,0,4,4) [ 16811.2894 ]
1449:(54,2,6,47,0,3,3) [ 9460.9334 ]
1450:(49,2,7,49,0,1,1) [ 1061.1924 ]
1451:(79,2,30,29,5,21,16) [ 352820.2514 ]
1452:(78,2,30,29,5,21,16) [ 352820.167 ]
1453:(77,2,29,29,5,21,16) [ 352819.7536 ]
1454:(76,2,29,29,5,21,16) [ 352819.6692 ]
1455:(82,2,20,36,0,14,14) [ 205818.2546 ]
1456:(81,2,19,36,0,14,14) [ 205817.7642 ]
1457:(79,2,18,36,0,14,14) [ 205817.1894 ]
1458:(80,2,18,36,0,14,14) [ 205817.2738 ]
1459:(77,2,14,36,0,14,14) [ 205815.3966 ]
1460:(68,2,9,38,1,12,11) [ 138612.905 ]
1461:(67,2,9,38,1,12,11) [ 138612.8206 ]
1462:(63,2,7,43,1,7,6) [ 44112.011999999995 ]
1463:(61,2,8,45,0,5,5) [ 26262.4022 ]
1464:(60,2,8,45,0,5,5) [ 26262.3178 ]
1465:(59,2,7,46,0,4,4) [ 16811.8054 ]
1466:(58,2,7,47,0,3,3) [ 9461.798 ]
1467:(57,2,7,47,0,3,3) [ 9461.7136 ]
1468:(53,2,8,49,0,1,1) [ 1062.079 ]
1469:(52,2,8,49,0,1,1) [ 1061.9946 ]
1470:(50,2,6,50,0,0,0) [ 10.793800000000001 ]
1471:(78,2,14,36,0,14,14) [ 205815.481 ]
1472:(72,2,12,0,34,50,16) [ 840012.8106 TARGET ]
1473:(72,2,13,0,34,50,16) [ 840012.8206 TARGET ]
1474:(72,2,13,1,33,49,16) [ 823212.8636 ]
1475:(72,2,14,1,33,49,16) [ 823212.8846 ]
1476:(72,2,14,2,32,48,16) [ 806412.9386 ]
1477:(72,2,15,2,32,48,16) [ 806412.9706 ]
1478:(72,2,15,3,31,47,16) [ 789613.0356 ]
1479:(72,2,16,3,31,47,16) [ 789613.0786 ]
1480:(72,2,16,4,30,46,16) [ 772813.1546 ]
1481:(72,2,17,4,30,46,16) [ 772813.2086 ]
1482:(72,2,17,5,29,45,16) [ 756013.2956000001 ]
1483:(72,2,18,5,29,45,16) [ 756013.3606 ]
1484:(72,2,18,6,28,44,16) [ 739213.4586 ]
1485:(72,2,19,6,28,44,16) [ 739213.5346 ]
1486:(72,2,19,7,27,43,16) [ 722413.6436 ]
1487:(72,2,20,7,27,43,16) [ 722413.7306 ]
1488:(72,2,20,8,26,42,16) [ 705613.8506 ]
1489:(72,2,21,8,26,42,16) [ 705613.9486 ]
1490:(72,2,21,9,25,41,16) [ 688814.0796 ]
1491:(72,2,22,9,25,41,16) [ 688814.1886 ]
1492:(72,2,22,10,24,40,16) [ 672014.3306 ]
1493:(72,2,23,10,24,40,16) [ 672014.4506 ]
1494:(72,2,23,11,23,39,16) [ 655214.6036 ]
1495:(72,2,24,11,23,39,16) [ 655214.7346000001 ]
1496:(72,2,24,12,22,38,16) [ 638414.8986 ]
1497:(72,2,25,12,22,38,16) [ 638415.0406 ]
1498:(72,2,25,13,21,37,16) [ 621615.2156 ]
1499:(72,2,26,13,21,37,16) [ 621615.3685999999 ]
1500:(72,2,26,14,20,36,16) [ 604815.5546 ]
1501:(72,2,27,14,20,36,16) [ 604815.7186 ]
1502:(72,2,27,15,19,35,16) [ 588015.9156000001 ]
1503:(72,2,28,15,19,35,16) [ 588016.0906 ]
1504:(72,2,28,16,18,34,16) [ 571216.2986000001 ]
1505:(72,2,29,16,18,34,16) [ 571216.4846000001 ]
1506:(72,2,29,17,17,33,16) [ 554416.7036 ]
1507:(72,2,30,17,17,33,16) [ 554416.9005999999 ]
1508:(72,2,30,18,16,32,16) [ 537617.1306 ]
1509:(72,2,31,18,16,32,16) [ 537617.3386 ]
1510:(72,2,31,19,15,31,16) [ 520817.5796 ]
1511:(72,2,32,19,15,31,16) [ 520817.7986 ]
1512:(72,2,32,20,14,30,16) [ 504018.0506 ]
1513:(72,2,33,20,14,30,16) [ 504018.2806 ]
1514:(72,2,33,21,13,29,16) [ 487218.5436 ]
1515:(72,2,34,21,13,29,16) [ 487218.7846 ]
1516:(72,2,34,22,12,28,16) [ 470419.0586 ]
1517:(72,2,35,22,12,28,16) [ 470419.3106 ]
1518:(72,2,35,23,11,27,16) [ 453619.5956 ]
1519:(72,2,36,23,11,27,16) [ 453619.8586 ]
1520:(72,2,36,24,10,26,16) [ 436820.1546 ]
1521:(72,2,37,24,10,26,16) [ 436820.4286 ]
1522:(72,2,37,25,9,25,16) [ 420020.7356 ]
1523:(72,2,38,25,9,25,16) [ 420021.02060000005 ]
1524:(72,2,38,26,8,24,16) [ 403221.3386 ]
1525:(72,2,39,26,8,24,16) [ 403221.6346 ]
1526:(72,2,39,27,7,23,16) [ 386421.9636 ]
1527:(72,2,40,27,7,23,16) [ 386422.2706 ]
1528:(72,2,40,28,6,22,16) [ 369622.61059999996 ]
1529:(72,2,41,28,6,22,16) [ 369622.9286 ]
1530:(73,2,39,28,6,22,16) [ 369622.377 ]
1531:(74,2,38,28,6,22,16) [ 369622.1434 ]
1532:(75,2,37,28,6,22,16) [ 369621.90979999996 ]
1533:(76,2,36,28,6,22,16) [ 369621.6762 ]
1534:(77,2,35,28,6,22,16) [ 369621.44259999995 ]
1535:(77,2,34,28,6,22,16) [ 369621.1246 ]
1536:(77,2,33,28,6,22,16) [ 369620.80659999995 ]
1537:(77,2,32,28,6,22,16) [ 369620.4886 ]
1538:(78,2,31,28,6,22,16) [ 369620.255 ]
1539:(79,2,30,28,6,22,16) [ 369620.02139999997 ]
1540:(79,2,29,28,6,22,16) [ 369619.7034 ]
1541:(79,2,31,29,5,21,16) [ 352820.5804 ]
1542:(73,2,26,29,5,21,16) [ 352818.429 ]
1543:(73,2,27,29,5,21,16) [ 352818.758 ]
1544:(73,2,25,29,5,21,16) [ 352818.1 ]
1545:(73,2,24,29,5,21,16) [ 352817.771 ]
1546:(74,2,23,29,5,21,16) [ 352817.5264 ]
1547:(75,2,22,29,5,21,16) [ 352817.2818 ]
1548:(75,2,23,30,4,20,16) [ 336017.7638 ]
1549:(75,2,24,30,4,20,16) [ 336018.10380000004 ]
1550:(75,2,22,30,4,20,16) [ 336017.42380000005 ]
1551:(75,2,21,30,4,20,16) [ 336017.0838 ]
1552:(75,2,20,30,4,20,16) [ 336016.7438 ]
1553:(76,2,19,30,4,20,16) [ 336016.4882 ]
1554:(77,2,18,30,4,20,16) [ 336016.23260000005 ]
1555:(78,2,19,31,3,19,16) [ 319216.766 ]
1556:(78,2,20,31,3,19,16) [ 319217.11699999997 ]
1557:(79,2,18,31,3,19,16) [ 319216.4994 ]
1558:(79,2,19,32,2,18,16) [ 302416.9594 ]
1559:(79,2,20,32,2,18,16) [ 302417.3214 ]
1560:(79,2,20,33,1,17,16) [ 285617.44139999995 ]
1561:(79,2,21,33,1,17,16) [ 285617.8144 ]
1562:(79,2,20,33,2,17,15) [ 267767.5414 ]
1563:(79,2,21,33,2,17,15) [ 267767.9144 ]
1564:(80,2,19,33,2,17,15) [ 267767.2528 ]
1565:(81,2,18,33,2,17,15) [ 267766.9642 ]
1566:(81,2,19,34,1,16,15) [ 252017.4462 ]
1567:(81,2,20,34,1,16,15) [ 252017.8302 ]
1568:(81,2,18,34,1,16,15) [ 252017.06220000001 ]
1569:(81,2,17,34,1,16,15) [ 252016.6782 ]
1570:(81,2,17,34,2,16,14) [ 235216.7782 ]
1571:(81,2,18,34,2,16,14) [ 235217.16220000002 ]
1572:(80,2,18,35,1,15,14) [ 220517.1758 ]
1573:(80,2,19,35,1,15,14) [ 220517.57080000002 ]
1574:(81,2,17,35,1,15,14) [ 220516.8652 ]
1575:(79,2,14,36,0,14,14) [ 205815.5654 ]
1576:(75,2,15,36,0,14,14) [ 205815.6338 ]
1577:(75,2,16,36,0,14,14) [ 205816.0398 ]
1578:(75,2,15,35,0,15,15) [ 236265.4688 ]
1579:(75,2,16,35,0,15,15) [ 236265.8638 ]
1580:(75,2,14,35,0,15,15) [ 236265.0738 ]
1581:(75,2,14,35,1,15,14) [ 220515.17380000002 ]
1582:(75,2,15,35,1,15,14) [ 220515.5688 ]
1583:(75,2,13,35,1,15,14) [ 220514.7788 ]
1584:(75,2,12,35,1,15,14) [ 220514.3838 ]
1585:(75,2,11,35,1,15,14) [ 220513.9888 ]
1586:(75,2,10,35,1,15,14) [ 220513.5938 ]
1587:(75,2,11,36,0,14,14) [ 205814.0098 ]
1588:(75,2,12,36,0,14,14) [ 205814.4158 ]
1589:(75,2,10,36,0,14,14) [ 205813.6038 ]
1590:(76,2,9,36,0,14,14) [ 205813.2822 ]
1591:(76,2,9,36,1,14,13) [ 191113.3822 ]
1592:(76,2,10,36,1,14,13) [ 191113.7882 ]
1593:(73,2,10,37,0,13,13) [ 177463.545 ]
1594:(73,2,11,37,0,13,13) [ 177463.962 ]
1595:(73,2,9,37,0,13,13) [ 177463.128 ]
1596:(73,2,8,37,0,13,13) [ 177462.711 ]
1597:(73,2,7,37,0,13,13) [ 177462.294 ]
1598:(73,2,7,37,1,13,12) [ 163812.394 ]
1599:(73,2,8,37,1,13,12) [ 163812.81100000002 ]
1600:(73,2,6,37,1,13,12) [ 163811.977 ]
1601:(68,2,7,38,0,12,12) [ 151211.949 ]
1602:(68,2,8,38,0,12,12) [ 151212.377 ]
1603:(65,2,6,38,1,12,11) [ 138611.3678 ]
1604:(65,2,7,38,1,12,11) [ 138611.7958 ]
1605:(65,2,6,38,2,12,10) [ 126011.4678 ]
1606:(65,2,7,38,2,12,10) [ 126011.8958 ]
1607:(65,2,5,38,2,12,10) [ 126011.0398 ]
1608:(65,2,4,38,2,12,10) [ 126010.6118 ]
1609:(64,2,5,39,1,11,10) [ 115510.91040000001 ]
1610:(64,2,6,39,1,11,10) [ 115511.3494 ]
1611:(64,2,4,39,1,11,10) [ 115510.47140000001 ]
1612:(64,2,4,39,2,11,9) [ 103960.5714 ]
1613:(64,2,5,39,2,11,9) [ 103961.0104 ]
1614:(64,2,4,39,3,11,8) [ 92410.6714 ]
1615:(64,2,5,39,3,11,8) [ 92411.1104 ]
1616:(64,2,2,39,3,11,8) [ 92409.79340000001 ]
1617:(64,2,3,39,3,11,8) [ 92410.23240000001 ]
1618:(64,2,3,40,2,10,8) [ 84010.1654 ]
1619:(62,2,4,40,2,10,8) [ 84010.4466 ]
1620:(62,2,5,40,2,10,8) [ 84010.8966 ]
1621:(62,2,5,41,1,9,8) [ 75610.85160000001 ]
1622:(62,2,6,41,1,9,8) [ 75611.3126 ]
1623:(62,2,6,42,0,8,8) [ 67211.2786 ]
1624:(62,2,7,42,0,8,8) [ 67211.7506 ]
1625:(62,2,6,42,1,8,7) [ 58811.3786 ]
1626:(62,2,7,42,1,8,7) [ 58811.8506 ]
1627:(62,2,7,43,0,7,7) [ 51461.8276 ]
1628:(62,2,8,43,0,7,7) [ 51462.3106 ]
1629:(63,2,6,43,0,7,7) [ 51461.429 ]
1630:(63,2,5,43,0,7,7) [ 51460.946 ]
1631:(62,2,4,43,1,7,6) [ 44110.478599999995 ]
1632:(62,2,5,43,1,7,6) [ 44110.961599999995 ]
1633:(62,2,5,44,0,6,6) [ 37810.9166 ]
1634:(62,2,6,44,0,6,6) [ 37811.4106 ]
1635:(62,2,5,44,1,6,5) [ 31511.0166 ]
1636:(62,2,6,44,1,6,5) [ 31511.510599999998 ]
1637:(59,2,5,45,0,5,5) [ 26260.7184 ]
1638:(59,2,6,45,0,5,5) [ 26261.2234 ]
1639:(59,2,4,45,0,5,5) [ 26260.2134 ]
1640:(59,2,4,45,1,5,4) [ 21010.3134 ]
1641:(59,2,5,45,1,5,4) [ 21010.8184 ]
1642:(58,2,4,46,0,4,4) [ 16810.173 ]
1643:(58,2,5,46,0,4,4) [ 16810.689 ]
1644:(58,2,4,46,1,4,3) [ 12610.273000000001 ]
1645:(58,2,5,46,1,4,3) [ 12610.789 ]
1646:(53,2,4,47,0,3,3) [ 9459.795 ]
1647:(53,2,5,47,0,3,3) [ 9460.322 ]
1648:(53,2,4,47,1,3,2) [ 6309.895 ]
1649:(53,2,5,47,1,3,2) [ 6310.4220000000005 ]
1650:(53,2,4,47,2,3,1) [ 3159.995 ]
1651:(53,2,5,47,2,3,1) [ 3160.522 ]
1652:(53,2,5,48,1,2,1) [ 2110.477 ]
1653:(53,2,6,48,1,2,1) [ 2111.015 ]
1654:(48,2,5,49,0,1,1) [ 1060.01 ]
1655:(48,2,6,49,0,1,1) [ 1060.559 ]
1656:(48,2,4,49,0,1,1) [ 1059.461 ]
1657:(48,2,3,49,0,1,1) [ 1058.912 ]
1658:(48,2,2,49,0,1,1) [ 1058.363 ]
1659:(48,2,2,49,1,1,0) [ 8.463 ]
1660:(48,2,3,49,1,1,0) [ 9.011999999999999 ]
1661:(48,2,3,50,0,0,0) [ 8.945 ]
1662:(48,2,4,50,0,0,0) [ 9.504999999999999 ]
1663:(48,2,2,50,0,0,0) [ 8.384999999999998 ]
1664:(48,2,1,50,0,0,0) [ 7.824999999999999 ]
1665:(48,2,0,50,0,0,0) [ 7.265 ]
1666:(71,2,12,0,34,50,16) [ 840012.7262 TARGET ]
1667:(71,2,13,0,34,50,16) [ 840012.7362 TARGET ]
1668:(71,2,13,1,33,49,16) [ 823212.7792 ]
1669:(71,2,14,1,33,49,16) [ 823212.8002 ]
1670:(71,2,14,2,32,48,16) [ 806412.8542 ]
1671:(71,2,15,2,32,48,16) [ 806412.8862 ]
1672:(71,2,15,3,31,47,16) [ 789612.9512 ]
1673:(71,2,16,3,31,47,16) [ 789612.9942 ]
1674:(71,2,16,4,30,46,16) [ 772813.0702 ]
1675:(71,2,17,4,30,46,16) [ 772813.1242 ]
1676:(71,2,17,5,29,45,16) [ 756013.2112 ]
1677:(71,2,18,5,29,45,16) [ 756013.2762000001 ]
1678:(71,2,18,6,28,44,16) [ 739213.3742000001 ]
1679:(71,2,19,6,28,44,16) [ 739213.4502000001 ]
1680:(71,2,19,7,27,43,16) [ 722413.5591999999 ]
1681:(71,2,20,7,27,43,16) [ 722413.6462 ]
1682:(71,2,20,8,26,42,16) [ 705613.7662 ]
1683:(71,2,21,8,26,42,16) [ 705613.8642 ]
1684:(71,2,21,9,25,41,16) [ 688813.9952 ]
1685:(71,2,22,9,25,41,16) [ 688814.1042 ]
1686:(71,2,22,10,24,40,16) [ 672014.2462 ]
1687:(71,2,23,10,24,40,16) [ 672014.3662 ]
1688:(71,2,23,11,23,39,16) [ 655214.5192000001 ]
1689:(71,2,24,11,23,39,16) [ 655214.6502 ]
1690:(71,2,24,12,22,38,16) [ 638414.8141999999 ]
1691:(71,2,25,12,22,38,16) [ 638414.9561999999 ]
1692:(71,2,25,13,21,37,16) [ 621615.1312 ]
1693:(71,2,26,13,21,37,16) [ 621615.2842 ]
1694:(71,2,26,14,20,36,16) [ 604815.4702 ]
1695:(71,2,27,14,20,36,16) [ 604815.6342 ]
1696:(71,2,27,15,19,35,16) [ 588015.8312 ]
1697:(71,2,28,15,19,35,16) [ 588016.0062000001 ]
1698:(71,2,28,16,18,34,16) [ 571216.2142 ]
1699:(71,2,29,16,18,34,16) [ 571216.4002 ]
1700:(71,2,29,17,17,33,16) [ 554416.6192 ]
1701:(71,2,30,17,17,33,16) [ 554416.8162 ]
1702:(71,2,30,18,16,32,16) [ 537617.0462 ]
1703:(71,2,31,18,16,32,16) [ 537617.2542 ]
1704:(71,2,31,19,15,31,16) [ 520817.4952 ]
1705:(71,2,32,19,15,31,16) [ 520817.7142 ]
1706:(71,2,32,20,14,30,16) [ 504017.9662 ]
1707:(71,2,33,20,14,30,16) [ 504018.1962 ]
1708:(71,2,33,21,13,29,16) [ 487218.4592 ]
1709:(71,2,34,21,13,29,16) [ 487218.70019999996 ]
1710:(71,2,34,22,12,28,16) [ 470418.9742 ]
1711:(71,2,35,22,12,28,16) [ 470419.22620000003 ]
1712:(71,2,35,23,11,27,16) [ 453619.51119999995 ]
1713:(71,2,36,23,11,27,16) [ 453619.7742 ]
1714:(71,2,36,24,10,26,16) [ 436820.0702 ]
1715:(71,2,37,24,10,26,16) [ 436820.3442 ]
1716:(71,2,37,25,9,25,16) [ 420020.6512 ]
1717:(71,2,38,25,9,25,16) [ 420020.9362 ]
1718:(71,2,38,26,8,24,16) [ 403221.25419999997 ]
1719:(71,2,39,26,8,24,16) [ 403221.5502 ]
1720:(71,2,39,27,7,23,16) [ 386421.8792 ]
1721:(71,2,40,27,7,23,16) [ 386422.1862 ]
1722:(71,2,40,28,6,22,16) [ 369622.52619999996 ]
1723:(71,2,41,28,6,22,16) [ 369622.8442 ]
1724:(72,2,39,28,6,22,16) [ 369622.2926 ]
1725:(73,2,38,28,6,22,16) [ 369622.05899999995 ]
1726:(74,2,37,28,6,22,16) [ 369621.8254 ]
1727:(75,2,36,28,6,22,16) [ 369621.5918 ]
1728:(76,2,35,28,6,22,16) [ 369621.35819999996 ]
1729:(76,2,34,28,6,22,16) [ 369621.0402 ]
1730:(76,2,33,28,6,22,16) [ 369620.72219999996 ]
1731:(76,2,32,28,6,22,16) [ 369620.4042 ]
1732:(77,2,31,28,6,22,16) [ 369620.17059999995 ]
1733:(78,2,30,28,6,22,16) [ 369619.937 ]
1734:(78,2,29,28,6,22,16) [ 369619.61899999995 ]
1735:(78,2,31,29,5,21,16) [ 352820.496 ]
1736:(72,2,26,29,5,21,16) [ 352818.3446 ]
1737:(72,2,27,29,5,21,16) [ 352818.6736 ]
1738:(72,2,25,29,5,21,16) [ 352818.0156 ]
1739:(72,2,24,29,5,21,16) [ 352817.6866 ]
1740:(73,2,23,29,5,21,16) [ 352817.442 ]
1741:(74,2,22,29,5,21,16) [ 352817.1974 ]
1742:(74,2,23,30,4,20,16) [ 336017.6794 ]
1743:(74,2,24,30,4,20,16) [ 336018.01940000005 ]
1744:(74,2,22,30,4,20,16) [ 336017.3394 ]
1745:(74,2,21,30,4,20,16) [ 336016.99940000003 ]
1746:(74,2,20,30,4,20,16) [ 336016.6594 ]
1747:(75,2,19,30,4,20,16) [ 336016.40380000003 ]
1748:(76,2,18,30,4,20,16) [ 336016.1482 ]
1749:(77,2,19,31,3,19,16) [ 319216.6816 ]
1750:(77,2,20,31,3,19,16) [ 319217.0326 ]
1751:(78,2,18,31,3,19,16) [ 319216.415 ]
1752:(78,2,19,32,2,18,16) [ 302416.875 ]
1753:(78,2,20,32,2,18,16) [ 302417.237 ]
1754:(78,2,20,33,1,17,16) [ 285617.35699999996 ]
1755:(78,2,21,33,1,17,16) [ 285617.73 ]
1756:(78,2,20,33,2,17,15) [ 267767.457 ]
1757:(78,2,21,33,2,17,15) [ 267767.83 ]
1758:(79,2,19,33,2,17,15) [ 267767.1684 ]
1759:(80,2,18,33,2,17,15) [ 267766.8798 ]
1760:(80,2,19,34,1,16,15) [ 252017.3618 ]
1761:(80,2,20,34,1,16,15) [ 252017.7458 ]
1762:(80,2,18,34,1,16,15) [ 252016.9778 ]
1763:(80,2,17,34,1,16,15) [ 252016.5938 ]
1764:(80,2,17,34,2,16,14) [ 235216.6938 ]
1765:(80,2,18,34,2,16,14) [ 235217.0778 ]
1766:(79,2,18,35,1,15,14) [ 220517.0914 ]
1767:(79,2,19,35,1,15,14) [ 220517.4864 ]
1768:(80,2,17,35,1,15,14) [ 220516.7808 ]
1769:(74,2,15,36,0,14,14) [ 205815.5494 ]
1770:(74,2,16,36,0,14,14) [ 205815.9554 ]
1771:(74,2,15,35,0,15,15) [ 236265.3844 ]
1772:(74,2,16,35,0,15,15) [ 236265.7794 ]
1773:(74,2,14,35,0,15,15) [ 236264.9894 ]
1774:(74,2,14,35,1,15,14) [ 220515.0894 ]
1775:(74,2,15,35,1,15,14) [ 220515.48440000002 ]
1776:(74,2,13,35,1,15,14) [ 220514.6944 ]
1777:(74,2,12,35,1,15,14) [ 220514.29940000002 ]
1778:(74,2,11,35,1,15,14) [ 220513.9044 ]
1779:(74,2,10,35,1,15,14) [ 220513.5094 ]
1780:(74,2,11,36,0,14,14) [ 205813.9254 ]
1781:(74,2,12,36,0,14,14) [ 205814.3314 ]
1782:(74,2,10,36,0,14,14) [ 205813.5194 ]
1783:(75,2,9,36,0,14,14) [ 205813.1978 ]
1784:(75,2,9,36,1,14,13) [ 191113.2978 ]
1785:(75,2,10,36,1,14,13) [ 191113.70380000002 ]
1786:(72,2,10,37,0,13,13) [ 177463.4606 ]
1787:(72,2,11,37,0,13,13) [ 177463.8776 ]
1788:(72,2,9,37,0,13,13) [ 177463.0436 ]
1789:(72,2,8,37,0,13,13) [ 177462.6266 ]
1790:(72,2,7,37,0,13,13) [ 177462.2096 ]
1791:(72,2,7,37,1,13,12) [ 163812.3096 ]
1792:(72,2,8,37,1,13,12) [ 163812.7266 ]
1793:(72,2,6,37,1,13,12) [ 163811.8926 ]
1794:(67,2,7,38,0,12,12) [ 151211.8646 ]
1795:(67,2,8,38,0,12,12) [ 151212.2926 ]
1796:(64,2,6,38,1,12,11) [ 138611.28340000001 ]
1797:(64,2,7,38,1,12,11) [ 138611.7114 ]
1798:(64,2,6,38,2,12,10) [ 126011.38339999999 ]
1799:(64,2,7,38,2,12,10) [ 126011.81139999999 ]
1800:(64,2,5,38,2,12,10) [ 126010.95539999999 ]
1801:(64,2,4,38,2,12,10) [ 126010.52739999999 ]
1802:(63,2,5,39,1,11,10) [ 115510.826 ]
1803:(63,2,6,39,1,11,10) [ 115511.265 ]
1804:(63,2,4,39,1,11,10) [ 115510.387 ]
1805:(63,2,4,39,2,11,9) [ 103960.487 ]
1806:(63,2,5,39,2,11,9) [ 103960.92599999999 ]
1807:(63,2,4,39,3,11,8) [ 92410.587 ]
1808:(63,2,5,39,3,11,8) [ 92411.026 ]
1809:(63,2,2,39,3,11,8) [ 92409.709 ]
1810:(63,2,3,39,3,11,8) [ 92410.148 ]
1811:(63,2,3,40,2,10,8) [ 84010.08099999999 ]
1812:(61,2,4,40,2,10,8) [ 84010.3622 ]
1813:(61,2,5,40,2,10,8) [ 84010.8122 ]
1814:(61,2,5,41,1,9,8) [ 75610.7672 ]
1815:(61,2,6,41,1,9,8) [ 75611.22820000001 ]
1816:(61,2,6,42,0,8,8) [ 67211.1942 ]
1817:(61,2,7,42,0,8,8) [ 67211.6662 ]
1818:(61,2,6,42,1,8,7) [ 58811.2942 ]
1819:(61,2,7,42,1,8,7) [ 58811.7662 ]
1820:(61,2,7,43,0,7,7) [ 51461.7432 ]
1821:(61,2,8,43,0,7,7) [ 51462.2262 ]
1822:(62,2,6,43,0,7,7) [ 51461.3446 ]
1823:(62,2,5,43,0,7,7) [ 51460.8616 ]
1824:(62,2,6,43,1,7,6) [ 44111.444599999995 ]
1825:(61,2,4,43,1,7,6) [ 44110.394199999995 ]
1826:(61,2,5,43,1,7,6) [ 44110.877199999995 ]
1827:(61,2,5,44,0,6,6) [ 37810.8322 ]
1828:(61,2,6,44,0,6,6) [ 37811.3262 ]
1829:(61,2,5,44,1,6,5) [ 31510.9322 ]
1830:(61,2,6,44,1,6,5) [ 31511.426199999998 ]
1831:(58,2,5,45,0,5,5) [ 26260.634 ]
1832:(58,2,6,45,0,5,5) [ 26261.139 ]
1833:(58,2,4,45,0,5,5) [ 26260.129 ]
1834:(58,2,4,45,1,5,4) [ 21010.229 ]
1835:(58,2,5,45,1,5,4) [ 21010.733999999997 ]
1836:(58,2,6,46,0,4,4) [ 16811.205 ]
1837:(57,2,4,46,0,4,4) [ 16810.0886 ]
1838:(57,2,5,46,0,4,4) [ 16810.6046 ]
1839:(57,2,4,46,1,4,3) [ 12610.1886 ]
1840:(57,2,5,46,1,4,3) [ 12610.704600000001 ]
1841:(52,2,4,47,0,3,3) [ 9459.7106 ]
1842:(52,2,5,47,0,3,3) [ 9460.2376 ]
1843:(52,2,4,47,1,3,2) [ 6309.810600000001 ]
1844:(52,2,5,47,1,3,2) [ 6310.337600000001 ]
1845:(52,2,4,47,2,3,1) [ 3159.9105999999997 ]
1846:(52,2,5,47,2,3,1) [ 3160.4375999999997 ]
1847:(52,2,5,48,1,2,1) [ 2110.3926 ]
1848:(52,2,6,48,1,2,1) [ 2110.9305999999997 ]
1849:(47,2,5,49,0,1,1) [ 1059.9256 ]
1850:(47,2,6,49,0,1,1) [ 1060.4746 ]
1851:(47,2,4,49,0,1,1) [ 1059.3766 ]
1852:(47,2,3,49,0,1,1) [ 1058.8276 ]
1853:(47,2,2,49,0,1,1) [ 1058.2786 ]
1854:(47,2,2,49,1,1,0) [ 8.3786 ]
1855:(47,2,3,49,1,1,0) [ 8.9276 ]
1856:(47,2,3,50,0,0,0) [ 8.860600000000002 ]
1857:(47,2,4,50,0,0,0) [ 9.4206 ]
1858:(47,2,2,50,0,0,0) [ 8.3006 ]
1859:(47,2,1,50,0,0,0) [ 7.740600000000001 ]
1860:(47,2,0,50,0,0,0) [ 7.1806 ]
1861:(70,2,12,0,34,50,16) [ 840012.6418 TARGET ]
1862:(70,2,13,0,34,50,16) [ 840012.6518 TARGET ]
1863:(70,2,13,1,33,49,16) [ 823212.6948 ]
1864:(70,2,14,1,33,49,16) [ 823212.7158 ]
1865:(70,2,14,2,32,48,16) [ 806412.7698 ]
1866:(70,2,15,2,32,48,16) [ 806412.8017999999 ]
1867:(70,2,15,3,31,47,16) [ 789612.8668 ]
1868:(70,2,16,3,31,47,16) [ 789612.9098 ]
1869:(70,2,16,4,30,46,16) [ 772812.9858 ]
1870:(70,2,17,4,30,46,16) [ 772813.0398 ]
1871:(70,2,17,5,29,45,16) [ 756013.1268 ]
1872:(70,2,18,5,29,45,16) [ 756013.1918 ]
1873:(70,2,18,6,28,44,16) [ 739213.2898 ]
1874:(70,2,19,6,28,44,16) [ 739213.3658 ]
1875:(70,2,19,7,27,43,16) [ 722413.4748 ]
1876:(70,2,20,7,27,43,16) [ 722413.5617999999 ]
1877:(70,2,20,8,26,42,16) [ 705613.6818 ]
1878:(70,2,21,8,26,42,16) [ 705613.7798 ]
1879:(70,2,21,9,25,41,16) [ 688813.9108 ]
1880:(70,2,22,9,25,41,16) [ 688814.0198 ]
1881:(70,2,22,10,24,40,16) [ 672014.1618 ]
1882:(70,2,23,10,24,40,16) [ 672014.2818 ]
1883:(70,2,23,11,23,39,16) [ 655214.4348 ]
1884:(70,2,24,11,23,39,16) [ 655214.5658000001 ]
1885:(70,2,24,12,22,38,16) [ 638414.7298 ]
1886:(70,2,25,12,22,38,16) [ 638414.8718 ]
1887:(70,2,25,13,21,37,16) [ 621615.0468 ]
1888:(70,2,26,13,21,37,16) [ 621615.1998 ]
1889:(70,2,26,14,20,36,16) [ 604815.3858 ]
1890:(70,2,27,14,20,36,16) [ 604815.5498 ]
1891:(70,2,27,15,19,35,16) [ 588015.7468000001 ]
1892:(70,2,28,15,19,35,16) [ 588015.9218 ]
1893:(70,2,28,16,18,34,16) [ 571216.1298 ]
1894:(70,2,29,16,18,34,16) [ 571216.3158000001 ]
1895:(70,2,29,17,17,33,16) [ 554416.5347999999 ]
1896:(70,2,30,17,17,33,16) [ 554416.7318 ]
1897:(70,2,30,18,16,32,16) [ 537616.9617999999 ]
1898:(70,2,31,18,16,32,16) [ 537617.1698 ]
1899:(70,2,31,19,15,31,16) [ 520817.4108 ]
1900:(70,2,32,19,15,31,16) [ 520817.6298 ]
1901:(70,2,32,20,14,30,16) [ 504017.88180000003 ]
1902:(70,2,33,20,14,30,16) [ 504018.1118 ]
1903:(70,2,33,21,13,29,16) [ 487218.3748 ]
1904:(70,2,34,21,13,29,16) [ 487218.61579999997 ]
1905:(70,2,34,22,12,28,16) [ 470418.8898 ]
1906:(70,2,35,22,12,28,16) [ 470419.1418 ]
1907:(70,2,35,23,11,27,16) [ 453619.42679999996 ]
1908:(70,2,36,23,11,27,16) [ 453619.6898 ]
1909:(70,2,36,24,10,26,16) [ 436819.9858 ]
1910:(70,2,37,24,10,26,16) [ 436820.2598 ]
1911:(70,2,37,25,9,25,16) [ 420020.56680000003 ]
1912:(70,2,38,25,9,25,16) [ 420020.8518 ]
1913:(70,2,38,26,8,24,16) [ 403221.1698 ]
1914:(70,2,39,26,8,24,16) [ 403221.4658 ]
1915:(70,2,39,27,7,23,16) [ 386421.79480000003 ]
1916:(70,2,40,27,7,23,16) [ 386422.1018 ]
1917:(70,2,40,28,6,22,16) [ 369622.4418 ]
1918:(70,2,41,28,6,22,16) [ 369622.7598 ]
1919:(71,2,39,28,6,22,16) [ 369622.2082 ]
1920:(72,2,38,28,6,22,16) [ 369621.97459999996 ]
1921:(73,2,37,28,6,22,16) [ 369621.741 ]
1922:(74,2,36,28,6,22,16) [ 369621.5074 ]
1923:(75,2,35,28,6,22,16) [ 369621.27379999997 ]
1924:(75,2,34,28,6,22,16) [ 369620.9558 ]
1925:(75,2,33,28,6,22,16) [ 369620.63779999997 ]
1926:(75,2,32,28,6,22,16) [ 369620.3198 ]
1927:(76,2,31,28,6,22,16) [ 369620.08619999996 ]
1928:(77,2,30,28,6,22,16) [ 369619.8526 ]
1929:(77,2,29,28,6,22,16) [ 369619.53459999996 ]
1930:(77,2,30,29,5,21,16) [ 352820.0826 ]
1931:(77,2,31,29,5,21,16) [ 352820.4116 ]
1932:(71,2,26,29,5,21,16) [ 352818.2602 ]
1933:(71,2,27,29,5,21,16) [ 352818.5892 ]
1934:(71,2,25,29,5,21,16) [ 352817.9312 ]
1935:(71,2,24,29,5,21,16) [ 352817.6022 ]
1936:(72,2,23,29,5,21,16) [ 352817.3576 ]
1937:(73,2,22,29,5,21,16) [ 352817.113 ]
1938:(73,2,23,30,4,20,16) [ 336017.59500000003 ]
1939:(73,2,24,30,4,20,16) [ 336017.935 ]
1940:(73,2,22,30,4,20,16) [ 336017.255 ]
1941:(73,2,21,30,4,20,16) [ 336016.91500000004 ]
1942:(73,2,20,30,4,20,16) [ 336016.575 ]
1943:(74,2,19,30,4,20,16) [ 336016.31940000004 ]
1944:(75,2,18,30,4,20,16) [ 336016.0638 ]
1945:(76,2,19,31,3,19,16) [ 319216.59719999996 ]
1946:(76,2,20,31,3,19,16) [ 319216.9482 ]
1947:(77,2,18,31,3,19,16) [ 319216.3306 ]
1948:(77,2,19,32,2,18,16) [ 302416.7906 ]
1949:(77,2,20,32,2,18,16) [ 302417.15260000003 ]
1950:(77,2,20,33,1,17,16) [ 285617.27259999997 ]
1951:(77,2,21,33,1,17,16) [ 285617.6456 ]
1952:(77,2,20,33,2,17,15) [ 267767.3726 ]
1953:(77,2,21,33,2,17,15) [ 267767.7456 ]
1954:(78,2,19,33,2,17,15) [ 267767.08400000003 ]
1955:(79,2,18,33,2,17,15) [ 267766.7954 ]
1956:(79,2,19,34,1,16,15) [ 252017.2774 ]
1957:(79,2,20,34,1,16,15) [ 252017.6614 ]
1958:(79,2,18,34,1,16,15) [ 252016.8934 ]
1959:(79,2,17,34,1,16,15) [ 252016.5094 ]
1960:(79,2,17,34,2,16,14) [ 235216.60940000002 ]
1961:(79,2,18,34,2,16,14) [ 235216.9934 ]
1962:(78,2,18,35,1,15,14) [ 220517.007 ]
1963:(78,2,19,35,1,15,14) [ 220517.402 ]
1964:(79,2,17,35,1,15,14) [ 220516.69640000002 ]
1965:(80,2,19,36,0,14,14) [ 205817.6798 ]
1966:(73,2,15,36,0,14,14) [ 205815.465 ]
1967:(73,2,16,36,0,14,14) [ 205815.871 ]
1968:(73,2,15,35,0,15,15) [ 236265.3 ]
1969:(73,2,16,35,0,15,15) [ 236265.695 ]
1970:(73,2,14,35,0,15,15) [ 236264.905 ]
1971:(73,2,14,35,1,15,14) [ 220515.005 ]
1972:(73,2,15,35,1,15,14) [ 220515.4 ]
1973:(73,2,13,35,1,15,14) [ 220514.61000000002 ]
1974:(73,2,12,35,1,15,14) [ 220514.215 ]
1975:(73,2,11,35,1,15,14) [ 220513.82 ]
1976:(73,2,10,35,1,15,14) [ 220513.42500000002 ]
1977:(73,2,11,36,0,14,14) [ 205813.841 ]
1978:(73,2,12,36,0,14,14) [ 205814.247 ]
1979:(73,2,10,36,0,14,14) [ 205813.435 ]
1980:(74,2,9,36,0,14,14) [ 205813.1134 ]
1981:(74,2,9,36,1,14,13) [ 191113.2134 ]
1982:(74,2,10,36,1,14,13) [ 191113.6194 ]
1983:(71,2,10,37,0,13,13) [ 177463.3762 ]
1984:(71,2,11,37,0,13,13) [ 177463.7932 ]
1985:(71,2,9,37,0,13,13) [ 177462.9592 ]
1986:(71,2,8,37,0,13,13) [ 177462.5422 ]
1987:(71,2,7,37,0,13,13) [ 177462.1252 ]
1988:(71,2,7,37,1,13,12) [ 163812.22520000002 ]
1989:(71,2,8,37,1,13,12) [ 163812.6422 ]
1990:(71,2,6,37,1,13,12) [ 163811.8082 ]
1991:(66,2,7,38,0,12,12) [ 151211.7802 ]
1992:(66,2,8,38,0,12,12) [ 151212.2082 ]
1993:(63,2,6,38,1,12,11) [ 138611.199 ]
1994:(63,2,7,38,1,12,11) [ 138611.627 ]
1995:(63,2,6,38,2,12,10) [ 126011.299 ]
1996:(63,2,7,38,2,12,10) [ 126011.727 ]
1997:(63,2,5,38,2,12,10) [ 126010.871 ]
1998:(63,2,4,38,2,12,10) [ 126010.443 ]
1999:(62,2,5,39,1,11,10) [ 115510.74160000001 ]
2000:(62,2,6,39,1,11,10) [ 115511.1806 ]
2001:(62,2,4,39,1,11,10) [ 115510.30260000001 ]
2002:(62,2,4,39,2,11,9) [ 103960.4026 ]
2003:(62,2,5,39,2,11,9) [ 103960.8416 ]
2004:(62,2,4,39,3,11,8) [ 92410.5026 ]
2005:(62,2,5,39,3,11,8) [ 92410.9416 ]
2006:(62,2,2,39,3,11,8) [ 92409.62460000001 ]
2007:(62,2,3,39,3,11,8) [ 92410.06360000001 ]
2008:(62,2,3,40,2,10,8) [ 84009.9966 ]
2009:(60,2,4,40,2,10,8) [ 84010.2778 ]
2010:(60,2,5,40,2,10,8) [ 84010.7278 ]
2011:(60,2,5,41,1,9,8) [ 75610.68280000001 ]
2012:(60,2,6,41,1,9,8) [ 75611.1438 ]
2013:(60,2,6,42,0,8,8) [ 67211.1098 ]
2014:(60,2,7,42,0,8,8) [ 67211.5818 ]
2015:(60,2,6,42,1,8,7) [ 58811.2098 ]
2016:(60,2,7,42,1,8,7) [ 58811.6818 ]
2017:(60,2,7,43,0,7,7) [ 51461.6588 ]
2018:(60,2,8,43,0,7,7) [ 51462.1418 ]
2019:(61,2,6,43,0,7,7) [ 51461.2602 ]
2020:(61,2,5,43,0,7,7) [ 51460.7772 ]
2021:(61,2,6,43,1,7,6) [ 44111.360199999996 ]
2022:(60,2,4,43,1,7,6) [ 44110.309799999995 ]
2023:(60,2,5,43,1,7,6) [ 44110.792799999996 ]
2024:(60,2,5,44,0,6,6) [ 37810.7478 ]
2025:(60,2,6,44,0,6,6) [ 37811.2418 ]
2026:(60,2,5,44,1,6,5) [ 31510.8478 ]
2027:(60,2,6,44,1,6,5) [ 31511.3418 ]
2028:(59,2,7,45,0,5,5) [ 26261.7284 ]
2029:(57,2,5,45,0,5,5) [ 26260.5496 ]
2030:(57,2,6,45,0,5,5) [ 26261.0546 ]
2031:(57,2,4,45,0,5,5) [ 26260.0446 ]
2032:(57,2,4,45,1,5,4) [ 21010.1446 ]
2033:(57,2,5,45,1,5,4) [ 21010.649599999997 ]
2034:(57,2,6,46,0,4,4) [ 16811.1206 ]
2035:(56,2,4,46,0,4,4) [ 16810.0042 ]
2036:(56,2,5,46,0,4,4) [ 16810.5202 ]
2037:(56,2,4,46,1,4,3) [ 12610.1042 ]
2038:(56,2,5,46,1,4,3) [ 12610.620200000001 ]
2039:(51,2,4,47,0,3,3) [ 9459.6262 ]
2040:(51,2,5,47,0,3,3) [ 9460.1532 ]
2041:(51,2,4,47,1,3,2) [ 6309.7262 ]
2042:(51,2,5,47,1,3,2) [ 6310.2532 ]
2043:(51,2,4,47,2,3,1) [ 3159.8262 ]
2044:(51,2,5,47,2,3,1) [ 3160.3532 ]
2045:(51,2,5,48,1,2,1) [ 2110.3082 ]
2046:(51,2,6,48,1,2,1) [ 2110.8462 ]
2047:(46,2,5,49,0,1,1) [ 1059.8412 ]
2048:(46,2,6,49,0,1,1) [ 1060.3902 ]
2049:(46,2,4,49,0,1,1) [ 1059.2922 ]
2050:(46,2,3,49,0,1,1) [ 1058.7432 ]
2051:(46,2,2,49,0,1,1) [ 1058.1942 ]
2052:(46,2,2,49,1,1,0) [ 8.2942 ]
2053:(46,2,3,49,1,1,0) [ 8.843200000000001 ]
2054:(46,2,3,50,0,0,0) [ 8.7762 ]
2055:(46,2,4,50,0,0,0) [ 9.336200000000002 ]
2056:(46,2,2,50,0,0,0) [ 8.2162 ]
2057:(46,2,1,50,0,0,0) [ 7.6562 ]
2058:(46,2,0,50,0,0,0) [ 7.0962000000000005 ]
2059:(65,2,8,38,1,12,11) [ 138612.2238 ]
2060:(58,2,7,45,0,5,5) [ 26261.644 ]
2061:(73,2,28,29,5,21,16) [ 352819.087 ]
2062:(72,2,28,29,5,21,16) [ 352819.0026 ]
2063:(79,2,20,35,1,15,14) [ 220517.8814 ]
2064:(75,2,17,36,0,14,14) [ 205816.4458 ]
2065:(74,2,17,36,0,14,14) [ 205816.3614 ]
2066:(73,2,12,37,0,13,13) [ 177464.379 ]
2067:(72,2,12,37,0,13,13) [ 177464.2946 ]
2068:(68,2,9,38,0,12,12) [ 151212.805 ]
2069:(67,2,9,38,0,12,12) [ 151212.7206 ]
2070:(64,2,8,38,1,12,11) [ 138612.13940000001 ]
2071:(63,2,7,39,1,11,10) [ 115511.70400000001 ]
2072:(61,2,6,40,2,10,8) [ 84011.2622 ]
2073:(53,2,6,47,0,3,3) [ 9460.849 ]
2074:(52,2,6,47,0,3,3) [ 9460.7646 ]
2075:(48,2,7,49,0,1,1) [ 1061.108 ]
2076:(47,2,7,49,0,1,1) [ 1061.0236 ]
2077:(71,2,14,0,34,50,16) [ 840012.7462 TARGET ]
2078:(71,2,15,1,33,49,16) [ 823212.8212 ]
2079:(71,2,16,2,32,48,16) [ 806412.9182 ]
2080:(71,2,17,3,31,47,16) [ 789613.0372 ]
2081:(71,2,18,4,30,46,16) [ 772813.1782 ]
2082:(71,2,19,5,29,45,16) [ 756013.3412 ]
2083:(71,2,20,6,28,44,16) [ 739213.5262000001 ]
2084:(71,2,21,7,27,43,16) [ 722413.7331999999 ]
2085:(71,2,22,8,26,42,16) [ 705613.9622 ]
2086:(71,2,23,9,25,41,16) [ 688814.2132 ]
2087:(71,2,24,10,24,40,16) [ 672014.4862 ]
2088:(71,2,25,11,23,39,16) [ 655214.7812000001 ]
2089:(71,2,26,12,22,38,16) [ 638415.0982 ]
2090:(71,2,27,13,21,37,16) [ 621615.4371999999 ]
2091:(71,2,28,14,20,36,16) [ 604815.7982 ]
2092:(71,2,29,15,19,35,16) [ 588016.1812 ]
2093:(71,2,30,16,18,34,16) [ 571216.5862 ]
2094:(71,2,31,17,17,33,16) [ 554417.0131999999 ]
2095:(71,2,32,18,16,32,16) [ 537617.4622 ]
2096:(71,2,33,19,15,31,16) [ 520817.9332 ]
2097:(71,2,34,20,14,30,16) [ 504018.42620000005 ]
2098:(71,2,35,21,13,29,16) [ 487218.9412 ]
2099:(71,2,36,22,12,28,16) [ 470419.4782 ]
2100:(71,2,37,23,11,27,16) [ 453620.03719999996 ]
2101:(71,2,38,24,10,26,16) [ 436820.6182 ]
2102:(71,2,39,25,9,25,16) [ 420021.2212 ]
2103:(71,2,40,26,8,24,16) [ 403221.84619999997 ]
2104:(71,2,41,27,7,23,16) [ 386422.4932 ]
2105:(71,2,42,28,6,22,16) [ 369623.16219999996 ]
2106:(78,2,32,29,5,21,16) [ 352820.825 ]
2107:(74,2,25,30,4,20,16) [ 336018.3594 ]
2108:(77,2,21,31,3,19,16) [ 319217.3836 ]
2109:(78,2,21,32,2,18,16) [ 302417.599 ]
2110:(78,2,22,33,1,17,16) [ 285618.103 ]
2111:(78,2,22,33,2,17,15) [ 267768.20300000004 ]
2112:(80,2,21,34,1,16,15) [ 252018.1298 ]
2113:(80,2,19,34,2,16,14) [ 235217.46180000002 ]
2114:(80,2,20,35,1,15,14) [ 220517.9658 ]
2115:(81,2,20,36,0,14,14) [ 205818.1702 ]
2116:(74,2,17,35,0,15,15) [ 236266.1744 ]
2117:(74,2,16,35,1,15,14) [ 220515.8794 ]
2118:(74,2,13,36,0,14,14) [ 205814.7374 ]
2119:(75,2,11,36,1,14,13) [ 191114.1098 ]
2120:(72,2,9,37,1,13,12) [ 163813.1436 ]
2121:(64,2,8,38,2,12,10) [ 126012.23939999999 ]
2122:(64,2,7,39,1,11,10) [ 115511.7884 ]
2123:(63,2,6,39,2,11,9) [ 103961.36499999999 ]
2124:(63,2,6,39,3,11,8) [ 92411.465 ]
2125:(62,2,6,40,2,10,8) [ 84011.34659999999 ]
2126:(61,2,7,41,1,9,8) [ 75611.68920000001 ]
2127:(61,2,8,42,0,8,8) [ 67212.1382 ]
2128:(61,2,8,42,1,8,7) [ 58812.2382 ]
2129:(61,2,9,43,0,7,7) [ 51462.7092 ]
2130:(62,2,7,43,1,7,6) [ 44111.927599999995 ]
2131:(61,2,7,44,0,6,6) [ 37811.8202 ]
2132:(61,2,7,44,1,6,5) [ 31511.920199999997 ]
2133:(58,2,6,45,1,5,4) [ 21011.238999999998 ]
2134:(58,2,7,46,0,4,4) [ 16811.721 ]
2135:(57,2,6,46,1,4,3) [ 12611.2206 ]
2136:(52,2,6,47,1,3,2) [ 6310.864600000001 ]
2137:(52,2,6,47,2,3,1) [ 3160.9646 ]
2138:(52,2,7,48,1,2,1) [ 2111.4685999999997 ]
2139:(47,2,4,49,1,1,0) [ 9.4766 ]
2140:(47,2,5,50,0,0,0) [ 9.980599999999999 ]
2141:(72,2,14,0,34,50,16) [ 840012.8306 TARGET ]
2142:(72,2,15,1,33,49,16) [ 823212.9056 ]
2143:(72,2,16,2,32,48,16) [ 806413.0026 ]
2144:(72,2,17,3,31,47,16) [ 789613.1216 ]
2145:(72,2,18,4,30,46,16) [ 772813.2626 ]
2146:(72,2,19,5,29,45,16) [ 756013.4256000001 ]
2147:(72,2,20,6,28,44,16) [ 739213.6106 ]
2148:(72,2,21,7,27,43,16) [ 722413.8176 ]
2149:(72,2,22,8,26,42,16) [ 705614.0466 ]
2150:(72,2,23,9,25,41,16) [ 688814.2976 ]
2151:(72,2,24,10,24,40,16) [ 672014.5706 ]
2152:(72,2,25,11,23,39,16) [ 655214.8656 ]
2153:(72,2,26,12,22,38,16) [ 638415.1826 ]
2154:(72,2,27,13,21,37,16) [ 621615.5216 ]
2155:(72,2,28,14,20,36,16) [ 604815.8826 ]
2156:(72,2,29,15,19,35,16) [ 588016.2656 ]
2157:(72,2,30,16,18,34,16) [ 571216.6706000001 ]
2158:(72,2,31,17,17,33,16) [ 554417.0976 ]
2159:(72,2,32,18,16,32,16) [ 537617.5466 ]
2160:(72,2,33,19,15,31,16) [ 520818.0176 ]
2161:(72,2,34,20,14,30,16) [ 504018.51060000004 ]
2162:(72,2,35,21,13,29,16) [ 487219.0256 ]
2163:(72,2,36,22,12,28,16) [ 470419.5626 ]
2164:(72,2,37,23,11,27,16) [ 453620.12159999995 ]
2165:(72,2,38,24,10,26,16) [ 436820.7026 ]
2166:(72,2,39,25,9,25,16) [ 420021.3056 ]
2167:(72,2,40,26,8,24,16) [ 403221.93059999996 ]
2168:(72,2,41,27,7,23,16) [ 386422.5776 ]
2169:(72,2,42,28,6,22,16) [ 369623.24659999995 ]
2170:(79,2,32,29,5,21,16) [ 352820.9094 ]
2171:(75,2,25,30,4,20,16) [ 336018.4438 ]
2172:(78,2,21,31,3,19,16) [ 319217.468 ]
2173:(79,2,21,32,2,18,16) [ 302417.68340000004 ]
2174:(79,2,22,33,1,17,16) [ 285618.1874 ]
2175:(79,2,22,33,2,17,15) [ 267768.28740000003 ]
2176:(81,2,21,34,1,16,15) [ 252018.21420000002 ]
2177:(81,2,19,34,2,16,14) [ 235217.5462 ]
2178:(75,2,17,35,0,15,15) [ 236266.2588 ]
2179:(75,2,16,35,1,15,14) [ 220515.9638 ]
2180:(75,2,13,36,0,14,14) [ 205814.8218 ]
2181:(76,2,11,36,1,14,13) [ 191114.1942 ]
2182:(73,2,9,37,1,13,12) [ 163813.228 ]
2183:(65,2,8,38,2,12,10) [ 126012.3238 ]
2184:(64,2,6,39,2,11,9) [ 103961.4494 ]
2185:(64,2,6,39,3,11,8) [ 92411.5494 ]
2186:(62,2,7,41,1,9,8) [ 75611.7736 ]
2187:(62,2,8,42,0,8,8) [ 67212.2226 ]
2188:(62,2,8,42,1,8,7) [ 58812.3226 ]
2189:(62,2,9,43,0,7,7) [ 51462.7936 ]
2190:(62,2,7,44,0,6,6) [ 37811.9046 ]
2191:(62,2,7,44,1,6,5) [ 31512.0046 ]
2192:(59,2,6,45,1,5,4) [ 21011.323399999997 ]
2193:(58,2,6,46,1,4,3) [ 12611.305 ]
2194:(53,2,6,47,1,3,2) [ 6310.9490000000005 ]
2195:(53,2,6,47,2,3,1) [ 3161.049 ]
2196:(53,2,7,48,1,2,1) [ 2111.553 ]
2197:(48,2,4,49,1,1,0) [ 9.560999999999998 ]
2198:(48,2,5,50,0,0,0) [ 10.064999999999998 ]
2199:(50,2,7,50,0,0,0) [ 11.3538 ]
2200:(50,2,8,50,0,0,0) [ 11.913799999999998 ]
2201:(50,2,9,50,0,0,0) [ 12.4738 ]
2202:(50,2,10,50,0,0,0) [ 13.0338 ]
2203:(50,2,11,50,0,0,0) [ 13.593800000000002 ]
2204:(50,2,12,50,0,0,0) [ 14.1538 ]
2205:(50,2,13,50,0,0,0) [ 14.713799999999999 ]
2206:(50,2,14,50,0,0,0) [ 15.273800000000001 ]
2207:(50,2,15,50,0,0,0) [ 15.8338 ]
2208:(50,2,16,50,0,0,0) [ 16.3938 ]
2209:(50,2,17,50,0,0,0) [ 16.9538 ]
2210:(50,2,18,50,0,0,0) [ 17.5138 ]
2211:(50,2,19,50,0,0,0) [ 18.0738 ]
2212:(50,2,20,50,0,0,0) [ 18.633799999999997 ]
2213:(50,2,21,50,0,0,0) [ 19.1938 ]
2214:(50,2,22,50,0,0,0) [ 19.7538 ]
2215:(50,2,23,50,0,0,0) [ 20.3138 ]
2216:(50,2,24,50,0,0,0) [ 20.873800000000003 ]
2217:(50,2,23,49,1,1,0) [ 20.160800000000002 ]
2218:(50,2,22,48,2,2,0) [ 19.4698 ]
2219:(50,2,23,48,2,2,0) [ 20.0078 ]
2220:(50,2,22,47,3,3,0) [ 19.3278 ]
2221:(50,2,23,47,3,3,0) [ 19.8548 ]
2222:(50,2,24,47,3,3,0) [ 20.381800000000002 ]
2223:(50,2,23,46,4,4,0) [ 19.7018 ]
2224:(50,2,22,45,5,5,0) [ 19.0438 ]
2225:(50,2,23,45,5,5,0) [ 19.5488 ]
2226:(50,2,22,44,6,6,0) [ 18.9018 ]
2227:(50,2,21,43,7,7,0) [ 18.276799999999998 ]
2228:(50,2,20,42,8,8,0) [ 17.6738 ]
2229:(50,2,19,41,9,9,0) [ 17.092799999999997 ]
2230:(50,2,20,41,9,9,0) [ 17.5538 ]
2231:(50,2,21,41,9,9,0) [ 18.014799999999997 ]
2232:(50,2,20,40,10,10,0) [ 17.433799999999998 ]
2233:(50,2,21,40,10,10,0) [ 17.883799999999997 ]
2234:(50,2,20,39,11,11,0) [ 17.3138 ]
2235:(50,2,19,38,12,12,0) [ 16.7658 ]
2236:(50,2,18,37,13,13,0) [ 16.2398 ]
2237:(50,2,17,36,14,14,0) [ 15.7358 ]
2238:(50,2,18,36,14,14,0) [ 16.141799999999996 ]
2239:(50,2,19,36,14,14,0) [ 16.5478 ]
2240:(50,2,18,35,15,15,0) [ 16.0438 ]
2241:(50,2,17,34,16,16,0) [ 15.5618 ]
2242:(50,2,16,33,17,17,0) [ 15.1018 ]
2243:(50,2,15,32,18,18,0) [ 14.663800000000002 ]
2244:(50,2,14,31,19,19,0) [ 14.2478 ]
2245:(50,2,15,31,19,19,0) [ 14.598799999999999 ]
2246:(50,2,14,30,20,20,0) [ 14.1938 ]
2247:(50,2,15,30,20,20,0) [ 14.5338 ]
2248:(50,2,14,29,21,21,0) [ 14.1398 ]
2249:(50,2,13,28,22,22,0) [ 13.767799999999998 ]
2250:(50,2,12,27,23,23,0) [ 13.4178 ]
2251:(50,2,13,27,23,23,0) [ 13.724800000000002 ]
2252:(50,2,12,26,24,24,0) [ 13.385800000000001 ]
2253:(50,2,13,26,24,24,0) [ 13.6818 ]
2254:(50,2,12,25,25,25,0) [ 13.3538 ]
2255:(50,2,13,25,25,25,0) [ 13.6388 ]
2256:(50,2,12,24,26,26,0) [ 13.3218 ]
2257:(50,2,11,23,27,27,0) [ 13.026799999999998 ]
2258:(50,2,12,23,27,27,0) [ 13.2898 ]
2259:(50,2,13,23,27,27,0) [ 13.552799999999998 ]
2260:(50,2,12,22,28,28,0) [ 13.2578 ]
2261:(50,2,13,22,28,28,0) [ 13.5098 ]
2262:(50,2,12,21,29,29,0) [ 13.225800000000001 ]
2263:(50,2,11,20,30,30,0) [ 12.963799999999999 ]
2264:(50,2,12,20,30,30,0) [ 13.1938 ]
2265:(50,2,11,19,31,31,0) [ 12.9428 ]
2266:(50,2,12,19,31,31,0) [ 13.1618 ]
2267:(50,2,11,18,32,32,0) [ 12.921800000000001 ]
2268:(50,2,10,17,33,33,0) [ 12.703800000000001 ]
2269:(50,2,9,16,34,34,0) [ 12.5078 ]
2270:(50,2,8,15,35,35,0) [ 12.3338 ]
2271:(50,2,7,14,36,36,0) [ 12.1818 ]
2272:(50,2,8,14,36,36,0) [ 12.345799999999999 ]
2273:(50,2,7,13,37,37,0) [ 12.204799999999999 ]
2274:(50,2,6,12,38,38,0) [ 12.085799999999999 ]
2275:(50,2,5,11,39,39,0) [ 11.9888 ]
2276:(50,2,6,11,39,39,0) [ 12.1198 ]
2277:(50,2,5,10,40,40,0) [ 12.0338 ]
2278:(49,2,6,10,40,40,0) [ 12.0694 ]
2279:(48,2,7,10,40,40,0) [ 12.105 ]
2280:(48,2,6,9,41,41,0) [ 12.019 ]
2281:(48,2,5,8,42,42,0) [ 11.955 ]
2282:(48,2,6,8,42,42,0) [ 12.052999999999999 ]
2283:(48,2,5,7,43,43,0) [ 12.0 ]
2284:(48,2,4,6,44,44,0) [ 11.969000000000001 ]
2285:(48,2,3,5,45,45,0) [ 11.96 ]
2286:(47,2,4,5,45,45,0) [ 11.9406 ]
2287:(47,2,3,4,46,46,0) [ 11.9426 ]
2288:(47,2,2,3,47,47,0) [ 11.9666 ]
2289:(47,2,1,2,48,48,0) [ 12.0126 ]
2290:(47,2,0,1,49,49,0) [ 12.0806 ]
2291:(46,2,1,1,49,49,0) [ 12.0172 ]
2292:(46,2,0,0,50,50,0) [ 12.0962 TARGET ]
2293:(-1,-1,-1,-1,-1,-1,-1) [ 0.0 ]