(R_,L,RL,G_,G_a,G_bg,G_d)
0:(50,2,0,50,0,0,0)
1:(50,2,1,50,0,0,0)
2:(50,2,2,50,0,0,0)
3:(50,2,3,50,0,0,0)
4:(50,2,2,49,1,1,0)
5:(50,2,2,49,0,1,1)
6:(51,2,2,49,0,1,1)
7:(50,2,3,49,0,1,1)
8:(50,2,4,49,0,1,1)
9:(50,2,5,49,0,1,1)
10:(51,2,5,49,0,1,1)
11:(52,2,5,49,0,1,1)
12:(53,2,5,49,0,1,1)
13:(54,2,5,49,0,1,1)
14:(55,2,5,49,0,1,1)
15:(56,2,5,49,0,1,1)
16:(55,2,6,49,0,1,1)
17:(55,2,5,48,1,2,1)
18:(55,2,4,47,2,3,1)
19:(55,2,4,47,1,3,2)
20:(55,2,4,47,0,3,3)
21:(56,2,4,47,0,3,3)
22:(57,2,4,47,0,3,3)
23:(58,2,4,47,0,3,3)
24:(59,2,4,47,0,3,3)
25:(60,2,4,47,0,3,3)
26:(60,2,5,47,0,3,3)
27:(60,2,4,46,1,4,3)
28:(60,2,4,46,0,4,4)
29:(61,2,4,46,0,4,4)
30:(62,2,4,46,0,4,4)
31:(61,2,5,46,0,4,4)
32:(61,2,4,45,1,5,4)
33:(61,2,4,45,0,5,5)
34:(61,2,5,45,0,5,5)
35:(62,2,5,45,0,5,5)
36:(63,2,5,45,0,5,5)
37:(63,2,6,45,0,5,5)
38:(64,2,6,45,0,5,5)
39:(64,2,5,44,1,6,5)
40:(64,2,5,44,0,6,6)
41:(64,2,4,43,1,7,6)
42:(65,2,4,43,1,7,6)
43:(66,2,4,43,1,7,6)
44:(65,2,5,43,1,7,6)
45:(65,2,5,43,0,7,7)
46:(65,2,6,43,0,7,7)
47:(64,2,7,43,0,7,7)
48:(64,2,6,42,1,8,7)
49:(64,2,6,42,0,8,8)
50:(64,2,5,41,1,9,8)
51:(64,2,4,40,2,10,8)
52:(65,2,4,40,2,10,8)
53:(66,2,3,40,2,10,8)
54:(66,2,2,39,3,11,8)
55:(67,2,2,39,3,11,8)
56:(68,2,2,39,3,11,8)
57:(67,2,3,39,3,11,8)
58:(66,2,4,39,3,11,8)
59:(66,2,4,39,2,11,9)
60:(66,2,4,39,1,11,10)
61:(66,2,5,39,1,11,10)
62:(67,2,5,39,1,11,10)
63:(67,2,4,38,2,12,10)
64:(67,2,5,38,2,12,10)
65:(67,2,6,38,2,12,10)
66:(67,2,6,38,1,12,11)
67:(68,2,6,38,1,12,11)
68:(69,2,6,38,1,12,11)
69:(70,2,6,38,1,12,11)
70:(70,2,7,38,1,12,11)
71:(70,2,7,38,0,12,12)
72:(71,2,7,38,0,12,12)
73:(72,2,7,38,0,12,12)
74:(73,2,7,38,0,12,12)
75:(74,2,7,38,0,12,12)
76:(75,2,7,38,0,12,12)
77:(75,2,6,37,1,13,12)
78:(75,2,7,37,1,13,12)
79:(75,2,7,37,0,13,13)
80:(75,2,8,37,0,13,13)
81:(75,2,9,37,0,13,13)
82:(75,2,10,37,0,13,13)
83:(76,2,10,37,0,13,13)
84:(77,2,10,37,0,13,13)
85:(78,2,10,37,0,13,13)
86:(78,2,9,36,1,14,13)
87:(78,2,9,36,0,14,14)
88:(77,2,10,36,0,14,14)
89:(77,2,11,36,0,14,14)
90:(77,2,10,35,1,15,14)
91:(77,2,11,35,1,15,14)
92:(77,2,12,35,1,15,14)
93:(77,2,13,35,1,15,14)
94:(77,2,14,35,1,15,14)
95:(77,2,14,35,0,15,15)
96:(77,2,15,35,0,15,15)
97:(77,2,15,36,0,14,14)
98:(78,2,15,36,0,14,14)
99:(79,2,15,36,0,14,14)
100:(80,2,15,36,0,14,14)
101:(81,2,14,36,0,14,14)
102:(82,2,14,36,0,14,14)
103:(82,2,15,36,0,14,14)
104:(83,2,15,36,0,14,14)
105:(82,2,16,36,0,14,14)
106:(83,2,16,36,0,14,14)
107:(83,2,17,36,0,14,14)
108:(84,2,17,36,0,14,14)
109:(84,2,18,36,0,14,14)
110:(84,2,17,35,1,15,14)
111:(83,2,17,35,1,15,14)
112:(82,2,18,35,1,15,14)
113:(83,2,18,35,1,15,14)
114:(83,2,17,34,2,16,14)
115:(83,2,17,34,1,16,15)
116:(83,2,18,34,1,16,15)
117:(84,2,18,34,1,16,15)
118:(83,2,19,34,1,16,15)
119:(83,2,18,33,2,17,15)
120:(82,2,19,33,2,17,15)
121:(81,2,20,33,2,17,15)
122:(81,2,20,33,1,17,16)
123:(81,2,19,32,2,18,16)
124:(81,2,18,31,3,19,16)
125:(80,2,19,31,3,19,16)
126:(80,2,18,30,4,20,16)
127:(79,2,18,30,4,20,16)
128:(78,2,19,30,4,20,16)
129:(77,2,20,30,4,20,16)
130:(77,2,21,30,4,20,16)
131:(77,2,22,30,4,20,16)
132:(77,2,23,30,4,20,16)
133:(77,2,22,29,5,21,16)
134:(76,2,23,29,5,21,16)
135:(75,2,24,29,5,21,16)
136:(75,2,25,29,5,21,16)
137:(75,2,26,29,5,21,16)
138:(76,2,26,29,5,21,16)
139:(77,2,26,29,5,21,16)
140:(78,2,26,29,5,21,16)
141:(79,2,26,29,5,21,16)
142:(79,2,27,29,5,21,16)
143:(80,2,27,29,5,21,16)
144:(81,2,27,29,5,21,16)
145:(81,2,28,29,5,21,16)
146:(81,2,29,29,5,21,16)
147:(81,2,30,29,5,21,16)
148:(81,2,29,28,6,22,16)
149:(81,2,30,28,6,22,16)
150:(80,2,31,28,6,22,16)
151:(79,2,32,28,6,22,16)
152:(79,2,33,28,6,22,16)
153:(79,2,34,28,6,22,16)
154:(79,2,35,28,6,22,16)
155:(78,2,36,28,6,22,16)
156:(77,2,37,28,6,22,16)
157:(76,2,38,28,6,22,16)
158:(75,2,39,28,6,22,16)
159:(74,2,40,28,6,22,16)
160:(74,2,39,27,7,23,16)
161:(74,2,38,26,8,24,16)
162:(74,2,37,25,9,25,16)
163:(74,2,36,24,10,26,16)
164:(74,2,35,23,11,27,16)
165:(74,2,34,22,12,28,16)
166:(74,2,33,21,13,29,16)
167:(74,2,32,20,14,30,16)
168:(74,2,31,19,15,31,16)
169:(74,2,30,18,16,32,16)
170:(74,2,29,17,17,33,16)
171:(74,2,28,16,18,34,16)
172:(74,2,27,15,19,35,16)
173:(74,2,26,14,20,36,16)
174:(74,2,25,13,21,37,16)
175:(74,2,24,12,22,38,16)
176:(74,2,23,11,23,39,16)
177:(74,2,22,10,24,40,16)
178:(74,2,21,9,25,41,16)
179:(74,2,20,8,26,42,16)
180:(74,2,19,7,27,43,16)
181:(74,2,18,6,28,44,16)
182:(74,2,17,5,29,45,16)
183:(74,2,16,4,30,46,16)
184:(74,2,15,3,31,47,16)
185:(74,2,14,2,32,48,16)
186:(74,2,13,1,33,49,16)
187:(74,2,12,0,34,50,16)
188:(-1,-1,-1,-1,-1,-1,-1)