(R_,L,RL,G_,G_a,G_bg,G_d)
0:(50,2,0,50,0,0,0)
1:(50,2,1,50,0,0,0)
2:(50,2,2,50,0,0,0)
3:(50,2,3,50,0,0,0)
4:(50,2,2,49,1,1,0)
5:(50,2,2,49,0,1,1)
6:(51,2,2,49,0,1,1)
7:(50,2,3,49,0,1,1)
8:(50,2,4,49,0,1,1)
9:(50,2,5,49,0,1,1)
10:(51,2,5,49,0,1,1)
11:(52,2,5,49,0,1,1)
12:(53,2,5,49,0,1,1)
13:(54,2,5,49,0,1,1)
14:(55,2,5,49,0,1,1)
15:(56,2,5,49,0,1,1)
16:(55,2,6,49,0,1,1)
17:(55,2,5,48,1,2,1)
18:(55,2,4,47,2,3,1)
19:(55,2,4,47,1,3,2)
20:(55,2,4,47,0,3,3)
21:(56,2,4,47,0,3,3)
22:(57,2,4,47,0,3,3)
23:(58,2,4,47,0,3,3)
24:(59,2,4,47,0,3,3)
25:(60,2,4,47,0,3,3)
26:(60,2,5,47,0,3,3)
27:(60,2,4,46,1,4,3)
28:(60,2,4,46,0,4,4)
29:(61,2,4,46,0,4,4)
30:(62,2,4,46,0,4,4)
31:(61,2,5,46,0,4,4)
32:(61,2,4,45,1,5,4)
33:(61,2,4,45,0,5,5)
34:(61,2,5,45,0,5,5)
35:(62,2,5,45,0,5,5)
36:(63,2,5,45,0,5,5)
37:(63,2,6,45,0,5,5)
38:(64,2,6,45,0,5,5)
39:(64,2,5,44,1,6,5)
40:(64,2,5,44,0,6,6)
41:(64,2,4,43,1,7,6)
42:(65,2,4,43,1,7,6)
43:(66,2,4,43,1,7,6)
44:(65,2,5,43,1,7,6)
45:(65,2,5,43,0,7,7)
46:(65,2,6,43,0,7,7)
47:(64,2,7,43,0,7,7)
48:(64,2,6,42,1,8,7)
49:(64,2,6,42,0,8,8)
50:(64,2,5,41,1,9,8)
51:(64,2,4,40,2,10,8)
52:(65,2,4,40,2,10,8)
53:(66,2,3,40,2,10,8)
54:(66,2,2,39,3,11,8)
55:(67,2,2,39,3,11,8)
56:(68,2,2,39,3,11,8)
57:(67,2,3,39,3,11,8)
58:(66,2,4,39,3,11,8)
59:(66,2,4,39,2,11,9)
60:(66,2,4,39,1,11,10)
61:(66,2,5,39,1,11,10)
62:(67,2,5,39,1,11,10)
63:(67,2,4,38,2,12,10)
64:(67,2,5,38,2,12,10)
65:(67,2,6,38,2,12,10)
66:(67,2,6,38,1,12,11)
67:(68,2,6,38,1,12,11)
68:(69,2,6,38,1,12,11)
69:(70,2,6,38,1,12,11)
70:(70,2,7,38,1,12,11)
71:(70,2,7,38,0,12,12)
72:(71,2,7,38,0,12,12)
73:(72,2,7,38,0,12,12)
74:(73,2,7,38,0,12,12)
75:(74,2,7,38,0,12,12)
76:(75,2,7,38,0,12,12)
77:(75,2,6,37,1,13,12)
78:(75,2,7,37,1,13,12)
79:(75,2,7,37,0,13,13)
80:(75,2,8,37,0,13,13)
81:(75,2,9,37,0,13,13)
82:(75,2,10,37,0,13,13)
83:(76,2,10,37,0,13,13)
84:(77,2,10,37,0,13,13)
85:(78,2,10,37,0,13,13)
86:(78,2,9,36,1,14,13)
87:(78,2,9,36,0,14,14)
88:(77,2,10,36,0,14,14)
89:(77,2,11,36,0,14,14)
90:(77,2,10,35,1,15,14)
91:(77,2,11,35,1,15,14)
92:(77,2,12,35,1,15,14)
93:(77,2,13,35,1,15,14)
94:(77,2,14,35,1,15,14)
95:(77,2,14,35,0,15,15)
96:(77,2,15,35,0,15,15)
97:(77,2,15,36,0,14,14)
98:(78,2,15,36,0,14,14)
99:(79,2,15,36,0,14,14)
100:(80,2,15,36,0,14,14)
101:(81,2,14,36,0,14,14)
102:(82,2,14,36,0,14,14)
103:(82,2,15,36,0,14,14)
104:(83,2,15,36,0,14,14)
105:(82,2,16,36,0,14,14)
106:(83,2,16,36,0,14,14)
107:(83,2,17,36,0,14,14)
108:(84,2,17,36,0,14,14)
109:(84,2,18,36,0,14,14)
110:(84,2,17,35,1,15,14)
111:(83,2,17,35,1,15,14)
112:(82,2,18,35,1,15,14)
113:(83,2,18,35,1,15,14)
114:(83,2,17,34,2,16,14)
115:(83,2,17,34,1,16,15)
116:(83,2,18,34,1,16,15)
117:(84,2,18,34,1,16,15)
118:(83,2,19,34,1,16,15)
119:(83,2,18,33,2,17,15)
120:(82,2,19,33,2,17,15)
121:(81,2,20,33,2,17,15)
122:(81,2,20,33,1,17,16)
123:(81,2,19,32,2,18,16)
124:(81,2,18,31,3,19,16)
125:(80,2,19,31,3,19,16)
126:(80,2,18,30,4,20,16)
127:(79,2,18,30,4,20,16)
128:(78,2,19,30,4,20,16)
129:(77,2,20,30,4,20,16)
130:(77,2,21,30,4,20,16)
131:(77,2,22,30,4,20,16)
132:(77,2,23,30,4,20,16)
133:(77,2,22,29,5,21,16)
134:(76,2,23,29,5,21,16)
135:(75,2,24,29,5,21,16)
136:(75,2,25,29,5,21,16)
137:(75,2,26,29,5,21,16)
138:(76,2,26,29,5,21,16)
139:(77,2,26,29,5,21,16)
140:(78,2,26,29,5,21,16)
141:(79,2,26,29,5,21,16)
142:(79,2,27,29,5,21,16)
143:(80,2,27,29,5,21,16)
144:(81,2,27,29,5,21,16)
145:(81,2,28,29,5,21,16)
146:(81,2,29,29,5,21,16)
147:(81,2,30,29,5,21,16)
148:(81,2,29,28,6,22,16)
149:(81,2,30,28,6,22,16)
150:(80,2,31,28,6,22,16)
151:(79,2,32,28,6,22,16)
152:(79,2,33,28,6,22,16)
153:(79,2,34,28,6,22,16)
154:(79,2,35,28,6,22,16)
155:(78,2,36,28,6,22,16)
156:(77,2,37,28,6,22,16)
157:(76,2,38,28,6,22,16)
158:(75,2,39,28,6,22,16)
159:(74,2,40,28,6,22,16)
160:(74,2,39,27,7,23,16)
161:(74,2,38,26,8,24,16)
162:(74,2,37,25,9,25,16)
163:(74,2,36,24,10,26,16)
164:(74,2,35,23,11,27,16)
165:(74,2,34,22,12,28,16)
166:(74,2,33,21,13,29,16)
167:(74,2,32,20,14,30,16)
168:(74,2,31,19,15,31,16)
169:(74,2,30,18,16,32,16)
170:(74,2,29,17,17,33,16)
171:(74,2,28,16,18,34,16)
172:(74,2,27,15,19,35,16)
173:(74,2,26,14,20,36,16)
174:(74,2,25,13,21,37,16)
175:(74,2,24,12,22,38,16)
176:(74,2,23,11,23,39,16)
177:(74,2,22,10,24,40,16)
178:(74,2,21,9,25,41,16)
179:(74,2,20,8,26,42,16)
180:(74,2,19,7,27,43,16)
181:(74,2,18,6,28,44,16)
182:(74,2,17,5,29,45,16)
183:(74,2,16,4,30,46,16)
184:(74,2,15,3,31,47,16)
185:(74,2,14,2,32,48,16)
186:(74,2,13,1,33,49,16)
187:(74,2,12,0,34,50,16)
188:(75,2,12,0,34,50,16)
189:(73,2,12,0,34,50,16)
190:(73,2,13,0,34,50,16)
191:(75,2,13,1,33,49,16)
192:(73,2,13,1,33,49,16)
193:(73,2,14,1,33,49,16)
194:(75,2,14,2,32,48,16)
195:(73,2,14,2,32,48,16)
196:(73,2,15,2,32,48,16)
197:(75,2,15,3,31,47,16)
198:(73,2,15,3,31,47,16)
199:(73,2,16,3,31,47,16)
200:(75,2,16,4,30,46,16)
201:(73,2,16,4,30,46,16)
202:(73,2,17,4,30,46,16)
203:(75,2,17,5,29,45,16)
204:(73,2,17,5,29,45,16)
205:(73,2,18,5,29,45,16)
206:(75,2,18,6,28,44,16)
207:(73,2,18,6,28,44,16)
208:(73,2,19,6,28,44,16)
209:(75,2,19,7,27,43,16)
210:(73,2,19,7,27,43,16)
211:(73,2,20,7,27,43,16)
212:(75,2,20,8,26,42,16)
213:(73,2,20,8,26,42,16)
214:(73,2,21,8,26,42,16)
215:(75,2,21,9,25,41,16)
216:(73,2,21,9,25,41,16)
217:(73,2,22,9,25,41,16)
218:(75,2,22,10,24,40,16)
219:(73,2,22,10,24,40,16)
220:(73,2,23,10,24,40,16)
221:(75,2,23,11,23,39,16)
222:(73,2,23,11,23,39,16)
223:(73,2,24,11,23,39,16)
224:(75,2,24,12,22,38,16)
225:(73,2,24,12,22,38,16)
226:(73,2,25,12,22,38,16)
227:(75,2,25,13,21,37,16)
228:(73,2,25,13,21,37,16)
229:(73,2,26,13,21,37,16)
230:(75,2,26,14,20,36,16)
231:(73,2,26,14,20,36,16)
232:(73,2,27,14,20,36,16)
233:(75,2,27,15,19,35,16)
234:(73,2,27,15,19,35,16)
235:(73,2,28,15,19,35,16)
236:(75,2,28,16,18,34,16)
237:(73,2,28,16,18,34,16)
238:(73,2,29,16,18,34,16)
239:(75,2,29,17,17,33,16)
240:(73,2,29,17,17,33,16)
241:(73,2,30,17,17,33,16)
242:(75,2,30,18,16,32,16)
243:(73,2,30,18,16,32,16)
244:(73,2,31,18,16,32,16)
245:(75,2,31,19,15,31,16)
246:(73,2,31,19,15,31,16)
247:(73,2,32,19,15,31,16)
248:(75,2,32,20,14,30,16)
249:(73,2,32,20,14,30,16)
250:(73,2,33,20,14,30,16)
251:(75,2,33,21,13,29,16)
252:(73,2,33,21,13,29,16)
253:(73,2,34,21,13,29,16)
254:(75,2,34,22,12,28,16)
255:(73,2,34,22,12,28,16)
256:(73,2,35,22,12,28,16)
257:(75,2,35,23,11,27,16)
258:(73,2,35,23,11,27,16)
259:(73,2,36,23,11,27,16)
260:(75,2,36,24,10,26,16)
261:(73,2,36,24,10,26,16)
262:(73,2,37,24,10,26,16)
263:(75,2,37,25,9,25,16)
264:(73,2,37,25,9,25,16)
265:(73,2,38,25,9,25,16)
266:(75,2,38,26,8,24,16)
267:(73,2,38,26,8,24,16)
268:(73,2,39,26,8,24,16)
269:(75,2,39,27,7,23,16)
270:(73,2,39,27,7,23,16)
271:(73,2,40,27,7,23,16)
272:(75,2,40,28,6,22,16)
273:(73,2,40,28,6,22,16)
274:(73,2,41,28,6,22,16)
275:(74,2,41,28,6,22,16)
276:(76,2,39,28,6,22,16)
277:(74,2,39,28,6,22,16)
278:(77,2,38,28,6,22,16)
279:(75,2,38,28,6,22,16)
280:(78,2,37,28,6,22,16)
281:(76,2,37,28,6,22,16)
282:(79,2,36,28,6,22,16)
283:(77,2,36,28,6,22,16)
284:(80,2,35,28,6,22,16)
285:(78,2,35,28,6,22,16)
286:(80,2,34,28,6,22,16)
287:(78,2,34,28,6,22,16)
288:(80,2,33,28,6,22,16)
289:(78,2,33,28,6,22,16)
290:(80,2,32,28,6,22,16)
291:(78,2,32,28,6,22,16)
292:(81,2,31,28,6,22,16)
293:(79,2,31,28,6,22,16)
294:(82,2,30,28,6,22,16)
295:(80,2,30,28,6,22,16)
296:(82,2,29,28,6,22,16)
297:(80,2,29,28,6,22,16)
298:(82,2,30,29,5,21,16)
299:(80,2,30,29,5,21,16)
300:(80,2,31,29,5,21,16)
301:(82,2,29,29,5,21,16)
302:(80,2,29,29,5,21,16)
303:(82,2,28,29,5,21,16)
304:(80,2,28,29,5,21,16)
305:(82,2,27,29,5,21,16)
306:(79,2,28,29,5,21,16)
307:(78,2,27,29,5,21,16)
308:(78,2,28,29,5,21,16)
309:(80,2,26,29,5,21,16)
310:(77,2,27,29,5,21,16)
311:(76,2,27,29,5,21,16)
312:(75,2,27,29,5,21,16)
313:(74,2,26,29,5,21,16)
314:(74,2,27,29,5,21,16)
315:(76,2,25,29,5,21,16)
316:(74,2,25,29,5,21,16)
317:(76,2,24,29,5,21,16)
318:(74,2,24,29,5,21,16)
319:(77,2,23,29,5,21,16)
320:(75,2,23,29,5,21,16)
321:(78,2,22,29,5,21,16)
322:(76,2,22,29,5,21,16)
323:(78,2,23,30,4,20,16)
324:(76,2,23,30,4,20,16)
325:(76,2,24,30,4,20,16)
326:(78,2,22,30,4,20,16)
327:(76,2,22,30,4,20,16)
328:(78,2,21,30,4,20,16)
329:(76,2,21,30,4,20,16)
330:(78,2,20,30,4,20,16)
331:(76,2,20,30,4,20,16)
332:(79,2,19,30,4,20,16)
333:(77,2,19,30,4,20,16)
334:(78,2,18,30,4,20,16)
335:(81,2,18,30,4,20,16)
336:(80,2,19,30,4,20,16)
337:(81,2,19,31,3,19,16)
338:(79,2,19,31,3,19,16)
339:(79,2,20,31,3,19,16)
340:(80,2,20,31,3,19,16)
341:(82,2,18,31,3,19,16)
342:(80,2,18,31,3,19,16)
343:(82,2,19,32,2,18,16)
344:(80,2,19,32,2,18,16)
345:(80,2,20,32,2,18,16)
346:(82,2,20,33,1,17,16)
347:(80,2,20,33,1,17,16)
348:(80,2,21,33,1,17,16)
349:(82,2,20,33,2,17,15)
350:(80,2,20,33,2,17,15)
351:(80,2,21,33,2,17,15)
352:(81,2,21,33,2,17,15)
353:(83,2,19,33,2,17,15)
354:(81,2,19,33,2,17,15)
355:(84,2,18,33,2,17,15)
356:(82,2,18,33,2,17,15)
357:(84,2,19,34,1,16,15)
358:(82,2,19,34,1,16,15)
359:(82,2,20,34,1,16,15)
360:(83,2,20,34,1,16,15)
361:(85,2,18,34,1,16,15)
362:(82,2,18,34,1,16,15)
363:(84,2,17,34,1,16,15)
364:(82,2,17,34,1,16,15)
365:(84,2,17,34,2,16,14)
366:(82,2,17,34,2,16,14)
367:(82,2,18,34,2,16,14)
368:(84,2,18,35,1,15,14)
369:(82,2,19,35,1,15,14)
370:(83,2,19,35,1,15,14)
371:(81,2,18,35,1,15,14)
372:(81,2,19,35,1,15,14)
373:(82,2,17,35,1,15,14)
374:(85,2,17,35,1,15,14)
375:(85,2,18,36,0,14,14)
376:(83,2,18,36,0,14,14)
377:(83,2,19,36,0,14,14)
378:(84,2,19,36,0,14,14)
379:(85,2,17,36,0,14,14)
380:(82,2,17,36,0,14,14)
381:(82,2,18,36,0,14,14)
382:(84,2,16,36,0,14,14)
383:(81,2,16,36,0,14,14)
384:(81,2,17,36,0,14,14)
385:(84,2,15,36,0,14,14)
386:(81,2,15,36,0,14,14)
387:(83,2,14,36,0,14,14)
388:(80,2,14,36,0,14,14)
389:(79,2,16,36,0,14,14)
390:(80,2,16,36,0,14,14)
391:(78,2,16,36,0,14,14)
392:(77,2,16,36,0,14,14)
393:(76,2,15,36,0,14,14)
394:(76,2,16,36,0,14,14)
395:(78,2,15,35,0,15,15)
396:(76,2,15,35,0,15,15)
397:(76,2,16,35,0,15,15)
398:(78,2,14,35,0,15,15)
399:(76,2,14,35,0,15,15)
400:(78,2,14,35,1,15,14)
401:(76,2,14,35,1,15,14)
402:(76,2,15,35,1,15,14)
403:(78,2,13,35,1,15,14)
404:(76,2,13,35,1,15,14)
405:(78,2,12,35,1,15,14)
406:(76,2,12,35,1,15,14)
407:(78,2,11,35,1,15,14)
408:(76,2,11,35,1,15,14)
409:(78,2,10,35,1,15,14)
410:(76,2,10,35,1,15,14)
411:(78,2,11,36,0,14,14)
412:(76,2,11,36,0,14,14)
413:(76,2,12,36,0,14,14)
414:(78,2,10,36,0,14,14)
415:(76,2,10,36,0,14,14)
416:(79,2,9,36,0,14,14)
417:(77,2,9,36,0,14,14)
418:(79,2,9,36,1,14,13)
419:(77,2,9,36,1,14,13)
420:(77,2,10,36,1,14,13)
421:(79,2,10,37,0,13,13)
422:(77,2,11,37,0,13,13)
423:(78,2,11,37,0,13,13)
424:(76,2,11,37,0,13,13)
425:(75,2,11,37,0,13,13)
426:(74,2,10,37,0,13,13)
427:(74,2,11,37,0,13,13)
428:(76,2,9,37,0,13,13)
429:(74,2,9,37,0,13,13)
430:(76,2,8,37,0,13,13)
431:(74,2,8,37,0,13,13)
432:(76,2,7,37,0,13,13)
433:(74,2,7,37,0,13,13)
434:(76,2,7,37,1,13,12)
435:(74,2,7,37,1,13,12)
436:(74,2,8,37,1,13,12)
437:(76,2,6,37,1,13,12)
438:(74,2,6,37,1,13,12)
439:(76,2,7,38,0,12,12)
440:(74,2,8,38,0,12,12)
441:(75,2,8,38,0,12,12)
442:(73,2,8,38,0,12,12)
443:(72,2,8,38,0,12,12)
444:(71,2,8,38,0,12,12)
445:(70,2,8,38,0,12,12)
446:(69,2,7,38,0,12,12)
447:(69,2,8,38,0,12,12)
448:(71,2,7,38,1,12,11)
449:(69,2,7,38,1,12,11)
450:(69,2,8,38,1,12,11)
451:(70,2,8,38,1,12,11)
452:(71,2,6,38,1,12,11)
453:(68,2,7,38,1,12,11)
454:(67,2,7,38,1,12,11)
455:(66,2,6,38,1,12,11)
456:(66,2,7,38,1,12,11)
457:(68,2,6,38,2,12,10)
458:(66,2,6,38,2,12,10)
459:(66,2,7,38,2,12,10)
460:(68,2,5,38,2,12,10)
461:(66,2,5,38,2,12,10)
462:(68,2,4,38,2,12,10)
463:(66,2,4,38,2,12,10)
464:(68,2,5,39,1,11,10)
465:(66,2,6,39,1,11,10)
466:(67,2,6,39,1,11,10)
467:(65,2,5,39,1,11,10)
468:(65,2,6,39,1,11,10)
469:(67,2,4,39,1,11,10)
470:(65,2,4,39,1,11,10)
471:(67,2,4,39,2,11,9)
472:(65,2,4,39,2,11,9)
473:(65,2,5,39,2,11,9)
474:(67,2,4,39,3,11,8)
475:(65,2,4,39,3,11,8)
476:(65,2,5,39,3,11,8)
477:(66,2,5,39,3,11,8)
478:(68,2,3,39,3,11,8)
479:(66,2,3,39,3,11,8)
480:(69,2,2,39,3,11,8)
481:(65,2,2,39,3,11,8)
482:(65,2,3,39,3,11,8)
483:(67,2,3,40,2,10,8)
484:(65,2,3,40,2,10,8)
485:(66,2,4,40,2,10,8)
486:(64,2,5,40,2,10,8)
487:(65,2,5,40,2,10,8)
488:(63,2,4,40,2,10,8)
489:(63,2,5,40,2,10,8)
490:(65,2,5,41,1,9,8)
491:(63,2,5,41,1,9,8)
492:(63,2,6,41,1,9,8)
493:(65,2,6,42,0,8,8)
494:(63,2,6,42,0,8,8)
495:(63,2,7,42,0,8,8)
496:(65,2,6,42,1,8,7)
497:(63,2,6,42,1,8,7)
498:(63,2,7,42,1,8,7)
499:(65,2,7,43,0,7,7)
500:(63,2,7,43,0,7,7)
501:(63,2,8,43,0,7,7)
502:(64,2,8,43,0,7,7)
503:(66,2,6,43,0,7,7)
504:(64,2,6,43,0,7,7)
505:(66,2,5,43,0,7,7)
506:(64,2,5,43,0,7,7)
507:(66,2,5,43,1,7,6)
508:(64,2,5,43,1,7,6)
509:(64,2,6,43,1,7,6)
510:(65,2,6,43,1,7,6)
511:(67,2,4,43,1,7,6)
512:(63,2,4,43,1,7,6)
513:(63,2,5,43,1,7,6)
514:(65,2,5,44,0,6,6)
515:(63,2,5,44,0,6,6)
516:(63,2,6,44,0,6,6)
517:(65,2,5,44,1,6,5)
518:(63,2,5,44,1,6,5)
519:(63,2,6,44,1,6,5)
520:(65,2,6,45,0,5,5)
521:(63,2,7,45,0,5,5)
522:(64,2,7,45,0,5,5)
523:(62,2,6,45,0,5,5)
524:(62,2,7,45,0,5,5)
525:(64,2,5,45,0,5,5)
526:(61,2,6,45,0,5,5)
527:(60,2,5,45,0,5,5)
528:(60,2,6,45,0,5,5)
529:(62,2,4,45,0,5,5)
530:(60,2,4,45,0,5,5)
531:(62,2,4,45,1,5,4)
532:(60,2,4,45,1,5,4)
533:(60,2,5,45,1,5,4)
534:(62,2,5,46,0,4,4)
535:(60,2,5,46,0,4,4)
536:(60,2,6,46,0,4,4)
537:(61,2,6,46,0,4,4)
538:(63,2,4,46,0,4,4)
539:(59,2,4,46,0,4,4)
540:(59,2,5,46,0,4,4)
541:(61,2,4,46,1,4,3)
542:(59,2,4,46,1,4,3)
543:(59,2,5,46,1,4,3)
544:(61,2,5,47,0,3,3)
545:(59,2,5,47,0,3,3)
546:(59,2,6,47,0,3,3)
547:(60,2,6,47,0,3,3)
548:(61,2,4,47,0,3,3)
549:(58,2,5,47,0,3,3)
550:(57,2,5,47,0,3,3)
551:(56,2,5,47,0,3,3)
552:(55,2,5,47,0,3,3)
553:(54,2,4,47,0,3,3)
554:(54,2,5,47,0,3,3)
555:(56,2,4,47,1,3,2)
556:(54,2,4,47,1,3,2)
557:(54,2,5,47,1,3,2)
558:(56,2,4,47,2,3,1)
559:(54,2,4,47,2,3,1)
560:(54,2,5,47,2,3,1)
561:(56,2,5,48,1,2,1)
562:(54,2,5,48,1,2,1)
563:(54,2,6,48,1,2,1)
564:(56,2,6,49,0,1,1)
565:(54,2,6,49,0,1,1)
566:(54,2,7,49,0,1,1)
567:(55,2,7,49,0,1,1)
568:(57,2,5,49,0,1,1)
569:(53,2,6,49,0,1,1)
570:(52,2,6,49,0,1,1)
571:(51,2,6,49,0,1,1)
572:(50,2,6,49,0,1,1)
573:(49,2,5,49,0,1,1)
574:(49,2,6,49,0,1,1)
575:(51,2,4,49,0,1,1)
576:(49,2,4,49,0,1,1)
577:(51,2,3,49,0,1,1)
578:(49,2,3,49,0,1,1)
579:(52,2,2,49,0,1,1)
580:(49,2,2,49,0,1,1)
581:(51,2,2,49,1,1,0)
582:(49,2,2,49,1,1,0)
583:(49,2,3,49,1,1,0)
584:(51,2,3,50,0,0,0)
585:(49,2,3,50,0,0,0)
586:(49,2,4,50,0,0,0)
587:(51,2,2,50,0,0,0)
588:(49,2,2,50,0,0,0)
589:(51,2,1,50,0,0,0)
590:(49,2,1,50,0,0,0)
591:(51,2,0,50,0,0,0)
592:(49,2,0,50,0,0,0)
593:(76,2,13,1,33,49,16)
594:(75,2,14,1,33,49,16)
595:(76,2,14,2,32,48,16)
596:(75,2,15,2,32,48,16)
597:(76,2,15,3,31,47,16)
598:(75,2,16,3,31,47,16)
599:(76,2,16,4,30,46,16)
600:(75,2,17,4,30,46,16)
601:(76,2,17,5,29,45,16)
602:(75,2,18,5,29,45,16)
603:(76,2,18,6,28,44,16)
604:(75,2,19,6,28,44,16)
605:(76,2,19,7,27,43,16)
606:(75,2,20,7,27,43,16)
607:(76,2,20,8,26,42,16)
608:(75,2,21,8,26,42,16)
609:(76,2,21,9,25,41,16)
610:(75,2,22,9,25,41,16)
611:(76,2,22,10,24,40,16)
612:(75,2,23,10,24,40,16)
613:(76,2,23,11,23,39,16)
614:(75,2,24,11,23,39,16)
615:(76,2,24,12,22,38,16)
616:(75,2,25,12,22,38,16)
617:(76,2,25,13,21,37,16)
618:(75,2,26,13,21,37,16)
619:(76,2,26,14,20,36,16)
620:(75,2,27,14,20,36,16)
621:(76,2,27,15,19,35,16)
622:(75,2,28,15,19,35,16)
623:(76,2,28,16,18,34,16)
624:(75,2,29,16,18,34,16)
625:(76,2,29,17,17,33,16)
626:(75,2,30,17,17,33,16)
627:(76,2,30,18,16,32,16)
628:(75,2,31,18,16,32,16)
629:(76,2,31,19,15,31,16)
630:(75,2,32,19,15,31,16)
631:(76,2,32,20,14,30,16)
632:(75,2,33,20,14,30,16)
633:(76,2,33,21,13,29,16)
634:(75,2,34,21,13,29,16)
635:(76,2,34,22,12,28,16)
636:(75,2,35,22,12,28,16)
637:(76,2,35,23,11,27,16)
638:(75,2,36,23,11,27,16)
639:(76,2,36,24,10,26,16)
640:(75,2,37,24,10,26,16)
641:(76,2,37,25,9,25,16)
642:(75,2,38,25,9,25,16)
643:(76,2,38,26,8,24,16)
644:(75,2,39,26,8,24,16)
645:(76,2,39,27,7,23,16)
646:(75,2,40,27,7,23,16)
647:(76,2,40,28,6,22,16)
648:(75,2,41,28,6,22,16)
649:(77,2,39,28,6,22,16)
650:(78,2,38,28,6,22,16)
651:(79,2,37,28,6,22,16)
652:(80,2,36,28,6,22,16)
653:(81,2,35,28,6,22,16)
654:(81,2,34,28,6,22,16)
655:(81,2,33,28,6,22,16)
656:(81,2,32,28,6,22,16)
657:(82,2,31,28,6,22,16)
658:(83,2,30,28,6,22,16)
659:(83,2,29,28,6,22,16)
660:(83,2,30,29,5,21,16)
661:(82,2,31,29,5,21,16)
662:(83,2,29,29,5,21,16)
663:(83,2,28,29,5,21,16)
664:(83,2,27,29,5,21,16)
665:(81,2,26,29,5,21,16)
666:(77,2,25,29,5,21,16)
667:(77,2,24,29,5,21,16)
668:(78,2,23,29,5,21,16)
669:(79,2,22,29,5,21,16)
670:(79,2,23,30,4,20,16)
671:(78,2,24,30,4,20,16)
672:(79,2,22,30,4,20,16)
673:(79,2,21,30,4,20,16)
674:(79,2,20,30,4,20,16)
675:(82,2,18,30,4,20,16)
676:(81,2,19,30,4,20,16)
677:(82,2,19,31,3,19,16)
678:(81,2,20,31,3,19,16)
679:(83,2,18,31,3,19,16)
680:(83,2,19,32,2,18,16)
681:(82,2,20,32,2,18,16)
682:(83,2,20,33,1,17,16)
683:(82,2,21,33,1,17,16)
684:(83,2,20,33,2,17,15)
685:(82,2,21,33,2,17,15)
686:(84,2,19,33,2,17,15)
687:(85,2,18,33,2,17,15)
688:(85,2,19,34,1,16,15)
689:(84,2,20,34,1,16,15)
690:(86,2,18,34,1,16,15)
691:(85,2,17,34,1,16,15)
692:(85,2,17,34,2,16,14)
693:(84,2,18,34,2,16,14)
694:(85,2,18,35,1,15,14)
695:(84,2,19,35,1,15,14)
696:(86,2,17,35,1,15,14)
697:(86,2,18,36,0,14,14)
698:(85,2,19,36,0,14,14)
699:(86,2,17,36,0,14,14)
700:(85,2,16,36,0,14,14)
701:(85,2,15,36,0,14,14)
702:(84,2,14,36,0,14,14)
703:(79,2,15,35,0,15,15)
704:(78,2,16,35,0,15,15)
705:(79,2,14,35,0,15,15)
706:(79,2,14,35,1,15,14)
707:(78,2,15,35,1,15,14)
708:(79,2,13,35,1,15,14)
709:(79,2,12,35,1,15,14)
710:(79,2,11,35,1,15,14)
711:(79,2,10,35,1,15,14)
712:(79,2,11,36,0,14,14)
713:(78,2,12,36,0,14,14)
714:(79,2,10,36,0,14,14)
715:(80,2,9,36,0,14,14)
716:(80,2,9,36,1,14,13)
717:(79,2,10,36,1,14,13)
718:(80,2,10,37,0,13,13)
719:(79,2,11,37,0,13,13)
720:(77,2,9,37,0,13,13)
721:(77,2,8,37,0,13,13)
722:(77,2,7,37,0,13,13)
723:(77,2,7,37,1,13,12)
724:(76,2,8,37,1,13,12)
725:(77,2,6,37,1,13,12)
726:(77,2,7,38,0,12,12)
727:(76,2,8,38,0,12,12)
728:(72,2,7,38,1,12,11)
729:(71,2,8,38,1,12,11)
730:(72,2,6,38,1,12,11)
731:(69,2,6,38,2,12,10)
732:(68,2,7,38,2,12,10)
733:(69,2,5,38,2,12,10)
734:(69,2,4,38,2,12,10)
735:(69,2,5,39,1,11,10)
736:(68,2,6,39,1,11,10)
737:(68,2,4,39,1,11,10)
738:(68,2,4,39,2,11,9)
739:(67,2,5,39,2,11,9)
740:(68,2,4,39,3,11,8)
741:(67,2,5,39,3,11,8)
742:(69,2,3,39,3,11,8)
743:(70,2,2,39,3,11,8)
744:(68,2,3,40,2,10,8)
745:(67,2,4,40,2,10,8)
746:(66,2,5,40,2,10,8)
747:(66,2,5,41,1,9,8)
748:(65,2,6,41,1,9,8)
749:(66,2,6,42,0,8,8)
750:(65,2,7,42,0,8,8)
751:(66,2,6,42,1,8,7)
752:(65,2,7,42,1,8,7)
753:(66,2,7,43,0,7,7)
754:(65,2,8,43,0,7,7)
755:(67,2,6,43,0,7,7)
756:(67,2,5,43,0,7,7)
757:(67,2,5,43,1,7,6)
758:(66,2,6,43,1,7,6)
759:(68,2,4,43,1,7,6)
760:(66,2,5,44,0,6,6)
761:(65,2,6,44,0,6,6)
762:(66,2,5,44,1,6,5)
763:(65,2,6,44,1,6,5)
764:(66,2,6,45,0,5,5)
765:(65,2,7,45,0,5,5)
766:(65,2,5,45,0,5,5)
767:(63,2,4,45,0,5,5)
768:(63,2,4,45,1,5,4)
769:(62,2,5,45,1,5,4)
770:(63,2,5,46,0,4,4)
771:(62,2,6,46,0,4,4)
772:(64,2,4,46,0,4,4)
773:(62,2,4,46,1,4,3)
774:(61,2,5,46,1,4,3)
775:(62,2,5,47,0,3,3)
776:(61,2,6,47,0,3,3)
777:(62,2,4,47,0,3,3)
778:(57,2,4,47,1,3,2)
779:(56,2,5,47,1,3,2)
780:(57,2,4,47,2,3,1)
781:(56,2,5,47,2,3,1)
782:(57,2,5,48,1,2,1)
783:(56,2,6,48,1,2,1)
784:(57,2,6,49,0,1,1)
785:(56,2,7,49,0,1,1)
786:(58,2,5,49,0,1,1)
787:(52,2,4,49,0,1,1)
788:(52,2,3,49,0,1,1)
789:(53,2,2,49,0,1,1)
790:(52,2,2,49,1,1,0)
791:(51,2,3,49,1,1,0)
792:(52,2,3,50,0,0,0)
793:(51,2,4,50,0,0,0)
794:(52,2,2,50,0,0,0)
795:(52,2,1,50,0,0,0)
796:(52,2,0,50,0,0,0)
797:(76,2,12,0,34,50,16)
798:(77,2,14,2,32,48,16)
799:(76,2,15,2,32,48,16)
800:(77,2,15,3,31,47,16)
801:(76,2,16,3,31,47,16)
802:(77,2,16,4,30,46,16)
803:(76,2,17,4,30,46,16)
804:(77,2,17,5,29,45,16)
805:(76,2,18,5,29,45,16)
806:(77,2,18,6,28,44,16)
807:(76,2,19,6,28,44,16)
808:(77,2,19,7,27,43,16)
809:(76,2,20,7,27,43,16)
810:(77,2,20,8,26,42,16)
811:(76,2,21,8,26,42,16)
812:(77,2,21,9,25,41,16)
813:(76,2,22,9,25,41,16)
814:(77,2,22,10,24,40,16)
815:(76,2,23,10,24,40,16)
816:(77,2,23,11,23,39,16)
817:(76,2,24,11,23,39,16)
818:(77,2,24,12,22,38,16)
819:(76,2,25,12,22,38,16)
820:(77,2,25,13,21,37,16)
821:(76,2,26,13,21,37,16)
822:(77,2,26,14,20,36,16)
823:(76,2,27,14,20,36,16)
824:(77,2,27,15,19,35,16)
825:(76,2,28,15,19,35,16)
826:(77,2,28,16,18,34,16)
827:(76,2,29,16,18,34,16)
828:(77,2,29,17,17,33,16)
829:(76,2,30,17,17,33,16)
830:(77,2,30,18,16,32,16)
831:(76,2,31,18,16,32,16)
832:(77,2,31,19,15,31,16)
833:(76,2,32,19,15,31,16)
834:(77,2,32,20,14,30,16)
835:(76,2,33,20,14,30,16)
836:(77,2,33,21,13,29,16)
837:(76,2,34,21,13,29,16)
838:(77,2,34,22,12,28,16)
839:(76,2,35,22,12,28,16)
840:(77,2,35,23,11,27,16)
841:(76,2,36,23,11,27,16)
842:(77,2,36,24,10,26,16)
843:(76,2,37,24,10,26,16)
844:(77,2,37,25,9,25,16)
845:(76,2,38,25,9,25,16)
846:(77,2,38,26,8,24,16)
847:(76,2,39,26,8,24,16)
848:(77,2,39,27,7,23,16)
849:(76,2,40,27,7,23,16)
850:(77,2,40,28,6,22,16)
851:(76,2,41,28,6,22,16)
852:(78,2,39,28,6,22,16)
853:(79,2,38,28,6,22,16)
854:(80,2,37,28,6,22,16)
855:(81,2,36,28,6,22,16)
856:(82,2,35,28,6,22,16)
857:(82,2,34,28,6,22,16)
858:(82,2,33,28,6,22,16)
859:(82,2,32,28,6,22,16)
860:(83,2,31,28,6,22,16)
861:(84,2,30,28,6,22,16)
862:(84,2,29,28,6,22,16)
863:(84,2,30,29,5,21,16)
864:(83,2,31,29,5,21,16)
865:(84,2,29,29,5,21,16)
866:(84,2,28,29,5,21,16)
867:(84,2,27,29,5,21,16)
868:(82,2,26,29,5,21,16)
869:(78,2,25,29,5,21,16)
870:(78,2,24,29,5,21,16)
871:(79,2,23,29,5,21,16)
872:(80,2,22,29,5,21,16)
873:(80,2,23,30,4,20,16)
874:(79,2,24,30,4,20,16)
875:(80,2,22,30,4,20,16)
876:(80,2,21,30,4,20,16)
877:(80,2,20,30,4,20,16)
878:(83,2,18,30,4,20,16)
879:(82,2,19,30,4,20,16)
880:(83,2,19,31,3,19,16)
881:(82,2,20,31,3,19,16)
882:(84,2,18,31,3,19,16)
883:(84,2,19,32,2,18,16)
884:(83,2,20,32,2,18,16)
885:(84,2,20,33,1,17,16)
886:(83,2,21,33,1,17,16)
887:(84,2,20,33,2,17,15)
888:(83,2,21,33,2,17,15)
889:(85,2,19,33,2,17,15)
890:(86,2,18,33,2,17,15)
891:(86,2,19,34,1,16,15)
892:(85,2,20,34,1,16,15)
893:(87,2,18,34,1,16,15)
894:(86,2,17,34,1,16,15)
895:(86,2,17,34,2,16,14)
896:(85,2,18,34,2,16,14)
897:(86,2,18,35,1,15,14)
898:(85,2,19,35,1,15,14)
899:(87,2,17,35,1,15,14)
900:(87,2,18,36,0,14,14)
901:(86,2,19,36,0,14,14)
902:(87,2,17,36,0,14,14)
903:(86,2,16,36,0,14,14)
904:(86,2,15,36,0,14,14)
905:(85,2,14,36,0,14,14)
906:(80,2,15,35,0,15,15)
907:(79,2,16,35,0,15,15)
908:(80,2,14,35,0,15,15)
909:(80,2,14,35,1,15,14)
910:(79,2,15,35,1,15,14)
911:(80,2,13,35,1,15,14)
912:(80,2,12,35,1,15,14)
913:(80,2,11,35,1,15,14)
914:(80,2,10,35,1,15,14)
915:(80,2,11,36,0,14,14)
916:(79,2,12,36,0,14,14)
917:(80,2,10,36,0,14,14)
918:(81,2,9,36,0,14,14)
919:(81,2,9,36,1,14,13)
920:(80,2,10,36,1,14,13)
921:(81,2,10,37,0,13,13)
922:(80,2,11,37,0,13,13)
923:(78,2,9,37,0,13,13)
924:(78,2,8,37,0,13,13)
925:(78,2,7,37,0,13,13)
926:(78,2,7,37,1,13,12)
927:(77,2,8,37,1,13,12)
928:(78,2,6,37,1,13,12)
929:(78,2,7,38,0,12,12)
930:(77,2,8,38,0,12,12)
931:(73,2,7,38,1,12,11)
932:(72,2,8,38,1,12,11)
933:(73,2,6,38,1,12,11)
934:(70,2,6,38,2,12,10)
935:(69,2,7,38,2,12,10)
936:(70,2,5,38,2,12,10)
937:(70,2,4,38,2,12,10)
938:(70,2,5,39,1,11,10)
939:(69,2,6,39,1,11,10)
940:(69,2,4,39,1,11,10)
941:(69,2,4,39,2,11,9)
942:(68,2,5,39,2,11,9)
943:(69,2,4,39,3,11,8)
944:(68,2,5,39,3,11,8)
945:(70,2,3,39,3,11,8)
946:(71,2,2,39,3,11,8)
947:(69,2,3,40,2,10,8)
948:(68,2,4,40,2,10,8)
949:(67,2,5,40,2,10,8)
950:(67,2,5,41,1,9,8)
951:(66,2,6,41,1,9,8)
952:(67,2,6,42,0,8,8)
953:(66,2,7,42,0,8,8)
954:(67,2,6,42,1,8,7)
955:(66,2,7,42,1,8,7)
956:(67,2,7,43,0,7,7)
957:(66,2,8,43,0,7,7)
958:(68,2,6,43,0,7,7)
959:(68,2,5,43,0,7,7)
960:(68,2,5,43,1,7,6)
961:(67,2,6,43,1,7,6)
962:(69,2,4,43,1,7,6)
963:(67,2,5,44,0,6,6)
964:(66,2,6,44,0,6,6)
965:(67,2,5,44,1,6,5)
966:(66,2,6,44,1,6,5)
967:(67,2,6,45,0,5,5)
968:(66,2,7,45,0,5,5)
969:(66,2,5,45,0,5,5)
970:(64,2,4,45,0,5,5)
971:(64,2,4,45,1,5,4)
972:(63,2,5,45,1,5,4)
973:(64,2,5,46,0,4,4)
974:(63,2,6,46,0,4,4)
975:(65,2,4,46,0,4,4)
976:(63,2,4,46,1,4,3)
977:(62,2,5,46,1,4,3)
978:(63,2,5,47,0,3,3)
979:(62,2,6,47,0,3,3)
980:(63,2,4,47,0,3,3)
981:(58,2,4,47,1,3,2)
982:(57,2,5,47,1,3,2)
983:(58,2,4,47,2,3,1)
984:(57,2,5,47,2,3,1)
985:(58,2,5,48,1,2,1)
986:(57,2,6,48,1,2,1)
987:(58,2,6,49,0,1,1)
988:(57,2,7,49,0,1,1)
989:(59,2,5,49,0,1,1)
990:(53,2,4,49,0,1,1)
991:(53,2,3,49,0,1,1)
992:(54,2,2,49,0,1,1)
993:(53,2,2,49,1,1,0)
994:(52,2,3,49,1,1,0)
995:(53,2,3,50,0,0,0)
996:(52,2,4,50,0,0,0)
997:(53,2,2,50,0,0,0)
998:(53,2,1,50,0,0,0)
999:(53,2,0,50,0,0,0)
1000:(77,2,13,1,33,49,16)
1001:(77,2,12,0,34,50,16)
1002:(78,2,15,3,31,47,16)
1003:(77,2,16,3,31,47,16)
1004:(78,2,16,4,30,46,16)
1005:(77,2,17,4,30,46,16)
1006:(78,2,17,5,29,45,16)
1007:(77,2,18,5,29,45,16)
1008:(78,2,18,6,28,44,16)
1009:(77,2,19,6,28,44,16)
1010:(78,2,19,7,27,43,16)
1011:(77,2,20,7,27,43,16)
1012:(78,2,20,8,26,42,16)
1013:(77,2,21,8,26,42,16)
1014:(78,2,21,9,25,41,16)
1015:(77,2,22,9,25,41,16)
1016:(78,2,22,10,24,40,16)
1017:(77,2,23,10,24,40,16)
1018:(78,2,23,11,23,39,16)
1019:(77,2,24,11,23,39,16)
1020:(78,2,24,12,22,38,16)
1021:(77,2,25,12,22,38,16)
1022:(78,2,25,13,21,37,16)
1023:(77,2,26,13,21,37,16)
1024:(78,2,26,14,20,36,16)
1025:(77,2,27,14,20,36,16)
1026:(78,2,27,15,19,35,16)
1027:(77,2,28,15,19,35,16)
1028:(78,2,28,16,18,34,16)
1029:(77,2,29,16,18,34,16)
1030:(78,2,29,17,17,33,16)
1031:(77,2,30,17,17,33,16)
1032:(78,2,30,18,16,32,16)
1033:(77,2,31,18,16,32,16)
1034:(78,2,31,19,15,31,16)
1035:(77,2,32,19,15,31,16)
1036:(78,2,32,20,14,30,16)
1037:(77,2,33,20,14,30,16)
1038:(78,2,33,21,13,29,16)
1039:(77,2,34,21,13,29,16)
1040:(78,2,34,22,12,28,16)
1041:(77,2,35,22,12,28,16)
1042:(78,2,35,23,11,27,16)
1043:(77,2,36,23,11,27,16)
1044:(78,2,36,24,10,26,16)
1045:(77,2,37,24,10,26,16)
1046:(78,2,37,25,9,25,16)
1047:(77,2,38,25,9,25,16)
1048:(78,2,38,26,8,24,16)
1049:(77,2,39,26,8,24,16)
1050:(78,2,39,27,7,23,16)
1051:(77,2,40,27,7,23,16)
1052:(78,2,40,28,6,22,16)
1053:(77,2,41,28,6,22,16)
1054:(79,2,39,28,6,22,16)
1055:(80,2,38,28,6,22,16)
1056:(81,2,37,28,6,22,16)
1057:(82,2,36,28,6,22,16)
1058:(83,2,35,28,6,22,16)
1059:(83,2,34,28,6,22,16)
1060:(83,2,33,28,6,22,16)
1061:(83,2,32,28,6,22,16)
1062:(84,2,31,28,6,22,16)
1063:(85,2,30,28,6,22,16)
1064:(85,2,29,28,6,22,16)
1065:(85,2,30,29,5,21,16)
1066:(84,2,31,29,5,21,16)
1067:(85,2,29,29,5,21,16)
1068:(85,2,28,29,5,21,16)
1069:(85,2,27,29,5,21,16)
1070:(83,2,26,29,5,21,16)
1071:(79,2,25,29,5,21,16)
1072:(79,2,24,29,5,21,16)
1073:(80,2,23,29,5,21,16)
1074:(81,2,22,29,5,21,16)
1075:(81,2,23,30,4,20,16)
1076:(80,2,24,30,4,20,16)
1077:(81,2,22,30,4,20,16)
1078:(81,2,21,30,4,20,16)
1079:(81,2,20,30,4,20,16)
1080:(84,2,18,30,4,20,16)
1081:(83,2,19,30,4,20,16)
1082:(84,2,19,31,3,19,16)
1083:(83,2,20,31,3,19,16)
1084:(85,2,18,31,3,19,16)
1085:(85,2,19,32,2,18,16)
1086:(84,2,20,32,2,18,16)
1087:(85,2,20,33,1,17,16)
1088:(84,2,21,33,1,17,16)
1089:(85,2,20,33,2,17,15)
1090:(84,2,21,33,2,17,15)
1091:(86,2,19,33,2,17,15)
1092:(87,2,18,33,2,17,15)
1093:(87,2,19,34,1,16,15)
1094:(86,2,20,34,1,16,15)
1095:(88,2,18,34,1,16,15)
1096:(87,2,17,34,1,16,15)
1097:(87,2,17,34,2,16,14)
1098:(86,2,18,34,2,16,14)
1099:(87,2,18,35,1,15,14)
1100:(86,2,19,35,1,15,14)
1101:(88,2,17,35,1,15,14)
1102:(88,2,18,36,0,14,14)
1103:(87,2,19,36,0,14,14)
1104:(88,2,17,36,0,14,14)
1105:(87,2,16,36,0,14,14)
1106:(87,2,15,36,0,14,14)
1107:(86,2,14,36,0,14,14)
1108:(81,2,15,35,0,15,15)
1109:(80,2,16,35,0,15,15)
1110:(81,2,14,35,0,15,15)
1111:(81,2,14,35,1,15,14)
1112:(80,2,15,35,1,15,14)
1113:(81,2,13,35,1,15,14)
1114:(81,2,12,35,1,15,14)
1115:(81,2,11,35,1,15,14)
1116:(81,2,10,35,1,15,14)
1117:(81,2,11,36,0,14,14)
1118:(80,2,12,36,0,14,14)
1119:(81,2,10,36,0,14,14)
1120:(82,2,9,36,0,14,14)
1121:(82,2,9,36,1,14,13)
1122:(81,2,10,36,1,14,13)
1123:(82,2,10,37,0,13,13)
1124:(81,2,11,37,0,13,13)
1125:(79,2,9,37,0,13,13)
1126:(79,2,8,37,0,13,13)
1127:(79,2,7,37,0,13,13)
1128:(79,2,7,37,1,13,12)
1129:(78,2,8,37,1,13,12)
1130:(79,2,6,37,1,13,12)
1131:(79,2,7,38,0,12,12)
1132:(78,2,8,38,0,12,12)
1133:(74,2,7,38,1,12,11)
1134:(73,2,8,38,1,12,11)
1135:(74,2,6,38,1,12,11)
1136:(71,2,6,38,2,12,10)
1137:(70,2,7,38,2,12,10)
1138:(71,2,5,38,2,12,10)
1139:(71,2,4,38,2,12,10)
1140:(71,2,5,39,1,11,10)
1141:(70,2,6,39,1,11,10)
1142:(70,2,4,39,1,11,10)
1143:(70,2,4,39,2,11,9)
1144:(69,2,5,39,2,11,9)
1145:(70,2,4,39,3,11,8)
1146:(69,2,5,39,3,11,8)
1147:(71,2,3,39,3,11,8)
1148:(72,2,2,39,3,11,8)
1149:(70,2,3,40,2,10,8)
1150:(69,2,4,40,2,10,8)
1151:(68,2,5,40,2,10,8)
1152:(68,2,5,41,1,9,8)
1153:(67,2,6,41,1,9,8)
1154:(68,2,6,42,0,8,8)
1155:(67,2,7,42,0,8,8)
1156:(68,2,6,42,1,8,7)
1157:(67,2,7,42,1,8,7)
1158:(68,2,7,43,0,7,7)
1159:(67,2,8,43,0,7,7)
1160:(69,2,6,43,0,7,7)
1161:(69,2,5,43,0,7,7)
1162:(69,2,5,43,1,7,6)
1163:(68,2,6,43,1,7,6)
1164:(70,2,4,43,1,7,6)
1165:(68,2,5,44,0,6,6)
1166:(67,2,6,44,0,6,6)
1167:(68,2,5,44,1,6,5)
1168:(67,2,6,44,1,6,5)
1169:(68,2,6,45,0,5,5)
1170:(67,2,7,45,0,5,5)
1171:(67,2,5,45,0,5,5)
1172:(65,2,4,45,0,5,5)
1173:(65,2,4,45,1,5,4)
1174:(64,2,5,45,1,5,4)
1175:(65,2,5,46,0,4,4)
1176:(64,2,6,46,0,4,4)
1177:(66,2,4,46,0,4,4)
1178:(64,2,4,46,1,4,3)
1179:(63,2,5,46,1,4,3)
1180:(64,2,5,47,0,3,3)
1181:(63,2,6,47,0,3,3)
1182:(64,2,4,47,0,3,3)
1183:(59,2,4,47,1,3,2)
1184:(58,2,5,47,1,3,2)
1185:(59,2,4,47,2,3,1)
1186:(58,2,5,47,2,3,1)
1187:(59,2,5,48,1,2,1)
1188:(58,2,6,48,1,2,1)
1189:(59,2,6,49,0,1,1)
1190:(58,2,7,49,0,1,1)
1191:(60,2,5,49,0,1,1)
1192:(54,2,4,49,0,1,1)
1193:(54,2,3,49,0,1,1)
1194:(55,2,2,49,0,1,1)
1195:(54,2,2,49,1,1,0)
1196:(53,2,3,49,1,1,0)
1197:(54,2,3,50,0,0,0)
1198:(53,2,4,50,0,0,0)
1199:(54,2,2,50,0,0,0)
1200:(54,2,1,50,0,0,0)
1201:(54,2,0,50,0,0,0)
1202:(78,2,14,2,32,48,16)
1203:(78,2,13,1,33,49,16)
1204:(78,2,12,0,34,50,16)
1205:(79,2,16,4,30,46,16)
1206:(78,2,17,4,30,46,16)
1207:(79,2,17,5,29,45,16)
1208:(78,2,18,5,29,45,16)
1209:(79,2,18,6,28,44,16)
1210:(78,2,19,6,28,44,16)
1211:(79,2,19,7,27,43,16)
1212:(78,2,20,7,27,43,16)
1213:(79,2,20,8,26,42,16)
1214:(78,2,21,8,26,42,16)
1215:(79,2,21,9,25,41,16)
1216:(78,2,22,9,25,41,16)
1217:(79,2,22,10,24,40,16)
1218:(78,2,23,10,24,40,16)
1219:(79,2,23,11,23,39,16)
1220:(78,2,24,11,23,39,16)
1221:(79,2,24,12,22,38,16)
1222:(78,2,25,12,22,38,16)
1223:(79,2,25,13,21,37,16)
1224:(78,2,26,13,21,37,16)
1225:(79,2,26,14,20,36,16)
1226:(78,2,27,14,20,36,16)
1227:(79,2,27,15,19,35,16)
1228:(78,2,28,15,19,35,16)
1229:(79,2,28,16,18,34,16)
1230:(78,2,29,16,18,34,16)
1231:(79,2,29,17,17,33,16)
1232:(78,2,30,17,17,33,16)
1233:(79,2,30,18,16,32,16)
1234:(78,2,31,18,16,32,16)
1235:(79,2,31,19,15,31,16)
1236:(78,2,32,19,15,31,16)
1237:(79,2,32,20,14,30,16)
1238:(78,2,33,20,14,30,16)
1239:(79,2,33,21,13,29,16)
1240:(78,2,34,21,13,29,16)
1241:(79,2,34,22,12,28,16)
1242:(78,2,35,22,12,28,16)
1243:(79,2,35,23,11,27,16)
1244:(78,2,36,23,11,27,16)
1245:(79,2,36,24,10,26,16)
1246:(78,2,37,24,10,26,16)
1247:(79,2,37,25,9,25,16)
1248:(78,2,38,25,9,25,16)
1249:(79,2,38,26,8,24,16)
1250:(78,2,39,26,8,24,16)
1251:(79,2,39,27,7,23,16)
1252:(78,2,40,27,7,23,16)
1253:(79,2,40,28,6,22,16)
1254:(78,2,41,28,6,22,16)
1255:(80,2,39,28,6,22,16)
1256:(81,2,38,28,6,22,16)
1257:(82,2,37,28,6,22,16)
1258:(83,2,36,28,6,22,16)
1259:(84,2,35,28,6,22,16)
1260:(84,2,34,28,6,22,16)
1261:(84,2,33,28,6,22,16)
1262:(84,2,32,28,6,22,16)
1263:(85,2,31,28,6,22,16)
1264:(86,2,30,28,6,22,16)
1265:(86,2,29,28,6,22,16)
1266:(86,2,30,29,5,21,16)
1267:(85,2,31,29,5,21,16)
1268:(86,2,29,29,5,21,16)
1269:(86,2,28,29,5,21,16)
1270:(86,2,27,29,5,21,16)
1271:(84,2,26,29,5,21,16)
1272:(80,2,25,29,5,21,16)
1273:(80,2,24,29,5,21,16)
1274:(81,2,23,29,5,21,16)
1275:(82,2,22,29,5,21,16)
1276:(82,2,23,30,4,20,16)
1277:(81,2,24,30,4,20,16)
1278:(82,2,22,30,4,20,16)
1279:(82,2,21,30,4,20,16)
1280:(82,2,20,30,4,20,16)
1281:(85,2,18,30,4,20,16)
1282:(84,2,19,30,4,20,16)
1283:(85,2,19,31,3,19,16)
1284:(84,2,20,31,3,19,16)
1285:(86,2,18,31,3,19,16)
1286:(86,2,19,32,2,18,16)
1287:(85,2,20,32,2,18,16)
1288:(86,2,20,33,1,17,16)
1289:(85,2,21,33,1,17,16)
1290:(86,2,20,33,2,17,15)
1291:(85,2,21,33,2,17,15)
1292:(87,2,19,33,2,17,15)
1293:(88,2,18,33,2,17,15)
1294:(88,2,19,34,1,16,15)
1295:(87,2,20,34,1,16,15)
1296:(89,2,18,34,1,16,15)
1297:(88,2,17,34,1,16,15)
1298:(88,2,17,34,2,16,14)
1299:(87,2,18,34,2,16,14)
1300:(88,2,18,35,1,15,14)
1301:(87,2,19,35,1,15,14)
1302:(89,2,17,35,1,15,14)
1303:(89,2,18,36,0,14,14)
1304:(88,2,19,36,0,14,14)
1305:(89,2,17,36,0,14,14)
1306:(88,2,16,36,0,14,14)
1307:(88,2,15,36,0,14,14)
1308:(87,2,14,36,0,14,14)
1309:(82,2,15,35,0,15,15)
1310:(81,2,16,35,0,15,15)
1311:(82,2,14,35,0,15,15)
1312:(82,2,14,35,1,15,14)
1313:(81,2,15,35,1,15,14)
1314:(82,2,13,35,1,15,14)
1315:(82,2,12,35,1,15,14)
1316:(82,2,11,35,1,15,14)
1317:(82,2,10,35,1,15,14)
1318:(82,2,11,36,0,14,14)
1319:(81,2,12,36,0,14,14)
1320:(82,2,10,36,0,14,14)
1321:(83,2,9,36,0,14,14)
1322:(83,2,9,36,1,14,13)
1323:(82,2,10,36,1,14,13)
1324:(83,2,10,37,0,13,13)
1325:(82,2,11,37,0,13,13)
1326:(80,2,9,37,0,13,13)
1327:(80,2,8,37,0,13,13)
1328:(80,2,7,37,0,13,13)
1329:(80,2,7,37,1,13,12)
1330:(79,2,8,37,1,13,12)
1331:(80,2,6,37,1,13,12)
1332:(80,2,7,38,0,12,12)
1333:(79,2,8,38,0,12,12)
1334:(75,2,7,38,1,12,11)
1335:(74,2,8,38,1,12,11)
1336:(75,2,6,38,1,12,11)
1337:(72,2,6,38,2,12,10)
1338:(71,2,7,38,2,12,10)
1339:(72,2,5,38,2,12,10)
1340:(72,2,4,38,2,12,10)
1341:(72,2,5,39,1,11,10)
1342:(71,2,6,39,1,11,10)
1343:(71,2,4,39,1,11,10)
1344:(71,2,4,39,2,11,9)
1345:(70,2,5,39,2,11,9)
1346:(71,2,4,39,3,11,8)
1347:(70,2,5,39,3,11,8)
1348:(72,2,3,39,3,11,8)
1349:(73,2,2,39,3,11,8)
1350:(71,2,3,40,2,10,8)
1351:(70,2,4,40,2,10,8)
1352:(69,2,5,40,2,10,8)
1353:(69,2,5,41,1,9,8)
1354:(68,2,6,41,1,9,8)
1355:(69,2,6,42,0,8,8)
1356:(68,2,7,42,0,8,8)
1357:(69,2,6,42,1,8,7)
1358:(68,2,7,42,1,8,7)
1359:(69,2,7,43,0,7,7)
1360:(68,2,8,43,0,7,7)
1361:(70,2,6,43,0,7,7)
1362:(70,2,5,43,0,7,7)
1363:(70,2,5,43,1,7,6)
1364:(69,2,6,43,1,7,6)
1365:(71,2,4,43,1,7,6)
1366:(69,2,5,44,0,6,6)
1367:(68,2,6,44,0,6,6)
1368:(69,2,5,44,1,6,5)
1369:(68,2,6,44,1,6,5)
1370:(69,2,6,45,0,5,5)
1371:(68,2,7,45,0,5,5)
1372:(68,2,5,45,0,5,5)
1373:(66,2,4,45,0,5,5)
1374:(66,2,4,45,1,5,4)
1375:(65,2,5,45,1,5,4)
1376:(66,2,5,46,0,4,4)
1377:(65,2,6,46,0,4,4)
1378:(67,2,4,46,0,4,4)
1379:(65,2,4,46,1,4,3)
1380:(64,2,5,46,1,4,3)
1381:(65,2,5,47,0,3,3)
1382:(64,2,6,47,0,3,3)
1383:(65,2,4,47,0,3,3)
1384:(60,2,4,47,1,3,2)
1385:(59,2,5,47,1,3,2)
1386:(60,2,4,47,2,3,1)
1387:(59,2,5,47,2,3,1)
1388:(60,2,5,48,1,2,1)
1389:(59,2,6,48,1,2,1)
1390:(60,2,6,49,0,1,1)
1391:(59,2,7,49,0,1,1)
1392:(61,2,5,49,0,1,1)
1393:(55,2,4,49,0,1,1)
1394:(55,2,3,49,0,1,1)
1395:(56,2,2,49,0,1,1)
1396:(55,2,2,49,1,1,0)
1397:(54,2,3,49,1,1,0)
1398:(55,2,3,50,0,0,0)
1399:(54,2,4,50,0,0,0)
1400:(55,2,2,50,0,0,0)
1401:(55,2,1,50,0,0,0)
1402:(55,2,0,50,0,0,0)
1403:(79,2,15,3,31,47,16)
1404:(79,2,14,2,32,48,16)
1405:(79,2,13,1,33,49,16)
1406:(79,2,12,0,34,50,16)
1407:(77,2,15,2,32,48,16)
1408:(77,2,14,1,33,49,16)
1409:(77,2,13,0,34,50,16)
1410:(76,2,19,5,29,45,16)
1411:(76,2,20,6,28,44,16)
1412:(76,2,21,7,27,43,16)
1413:(76,2,22,8,26,42,16)
1414:(76,2,23,9,25,41,16)
1415:(76,2,24,10,24,40,16)
1416:(76,2,25,11,23,39,16)
1417:(76,2,26,12,22,38,16)
1418:(76,2,27,13,21,37,16)
1419:(76,2,28,14,20,36,16)
1420:(76,2,29,15,19,35,16)
1421:(76,2,30,16,18,34,16)
1422:(76,2,31,17,17,33,16)
1423:(76,2,32,18,16,32,16)
1424:(76,2,33,19,15,31,16)
1425:(76,2,34,20,14,30,16)
1426:(76,2,35,21,13,29,16)
1427:(76,2,36,22,12,28,16)
1428:(76,2,37,23,11,27,16)
1429:(76,2,38,24,10,26,16)
1430:(76,2,39,25,9,25,16)
1431:(76,2,40,26,8,24,16)
1432:(76,2,41,27,7,23,16)
1433:(76,2,42,28,6,22,16)
1434:(83,2,32,29,5,21,16)
1435:(77,2,28,29,5,21,16)
1436:(79,2,25,30,4,20,16)
1437:(82,2,21,31,3,19,16)
1438:(83,2,21,32,2,18,16)
1439:(83,2,22,33,1,17,16)
1440:(83,2,22,33,2,17,15)
1441:(85,2,21,34,1,16,15)
1442:(85,2,19,34,2,16,14)
1443:(85,2,20,35,1,15,14)
1444:(84,2,20,35,1,15,14)
1445:(86,2,20,36,0,14,14)
1446:(80,2,17,36,0,14,14)
1447:(79,2,17,36,0,14,14)
1448:(79,2,17,35,0,15,15)
1449:(79,2,16,35,1,15,14)
1450:(79,2,13,36,0,14,14)
1451:(80,2,11,36,1,14,13)
1452:(80,2,12,37,0,13,13)
1453:(79,2,12,37,0,13,13)
1454:(78,2,12,37,0,13,13)
1455:(77,2,12,37,0,13,13)
1456:(77,2,9,37,1,13,12)
1457:(77,2,9,38,0,12,12)
1458:(76,2,9,38,0,12,12)
1459:(75,2,9,38,0,12,12)
1460:(74,2,9,38,0,12,12)
1461:(73,2,9,38,0,12,12)
1462:(72,2,9,38,0,12,12)
1463:(72,2,9,38,1,12,11)
1464:(69,2,8,38,2,12,10)
1465:(69,2,7,39,1,11,10)
1466:(68,2,7,39,1,11,10)
1467:(68,2,6,39,2,11,9)
1468:(68,2,6,39,3,11,8)
1469:(67,2,6,40,2,10,8)
1470:(66,2,6,40,2,10,8)
1471:(66,2,7,41,1,9,8)
1472:(66,2,8,42,0,8,8)
1473:(66,2,8,42,1,8,7)
1474:(66,2,9,43,0,7,7)
1475:(67,2,7,43,1,7,6)
1476:(66,2,7,44,0,6,6)
1477:(66,2,7,44,1,6,5)
1478:(66,2,8,45,0,5,5)
1479:(65,2,8,45,0,5,5)
1480:(63,2,6,45,1,5,4)
1481:(63,2,7,46,0,4,4)
1482:(62,2,6,46,1,4,3)
1483:(62,2,7,47,0,3,3)
1484:(58,2,6,47,0,3,3)
1485:(57,2,6,47,0,3,3)
1486:(57,2,6,47,1,3,2)
1487:(57,2,6,47,2,3,1)
1488:(57,2,7,48,1,2,1)
1489:(57,2,8,49,0,1,1)
1490:(53,2,7,49,0,1,1)
1491:(52,2,7,49,0,1,1)
1492:(52,2,4,49,1,1,0)
1493:(52,2,5,50,0,0,0)
1494:(78,2,16,3,31,47,16)
1495:(78,2,15,2,32,48,16)
1496:(78,2,14,1,33,49,16)
1497:(78,2,13,0,34,50,16)
1498:(76,2,14,1,33,49,16)
1499:(76,2,13,0,34,50,16)
1500:(75,2,18,4,30,46,16)
1501:(76,2,18,4,30,46,16)
1502:(75,2,19,5,29,45,16)
1503:(75,2,20,6,28,44,16)
1504:(75,2,21,7,27,43,16)
1505:(75,2,22,8,26,42,16)
1506:(75,2,23,9,25,41,16)
1507:(75,2,24,10,24,40,16)
1508:(75,2,25,11,23,39,16)
1509:(75,2,26,12,22,38,16)
1510:(75,2,27,13,21,37,16)
1511:(75,2,28,14,20,36,16)
1512:(75,2,29,15,19,35,16)
1513:(75,2,30,16,18,34,16)
1514:(75,2,31,17,17,33,16)
1515:(75,2,32,18,16,32,16)
1516:(75,2,33,19,15,31,16)
1517:(75,2,34,20,14,30,16)
1518:(75,2,35,21,13,29,16)
1519:(75,2,36,22,12,28,16)
1520:(75,2,37,23,11,27,16)
1521:(75,2,38,24,10,26,16)
1522:(75,2,39,25,9,25,16)
1523:(75,2,40,26,8,24,16)
1524:(75,2,41,27,7,23,16)
1525:(75,2,42,28,6,22,16)
1526:(82,2,32,29,5,21,16)
1527:(76,2,28,29,5,21,16)
1528:(78,2,25,30,4,20,16)
1529:(81,2,21,31,3,19,16)
1530:(82,2,21,32,2,18,16)
1531:(82,2,22,33,1,17,16)
1532:(82,2,22,33,2,17,15)
1533:(84,2,21,34,1,16,15)
1534:(84,2,19,34,2,16,14)
1535:(83,2,20,35,1,15,14)
1536:(85,2,20,36,0,14,14)
1537:(78,2,17,36,0,14,14)
1538:(78,2,17,35,0,15,15)
1539:(78,2,16,35,1,15,14)
1540:(78,2,13,36,0,14,14)
1541:(79,2,11,36,1,14,13)
1542:(76,2,12,37,0,13,13)
1543:(76,2,9,37,1,13,12)
1544:(71,2,9,38,0,12,12)
1545:(71,2,9,38,1,12,11)
1546:(68,2,8,38,1,12,11)
1547:(68,2,8,38,2,12,10)
1548:(67,2,7,39,1,11,10)
1549:(67,2,6,39,2,11,9)
1550:(67,2,6,39,3,11,8)
1551:(65,2,6,40,2,10,8)
1552:(65,2,7,41,1,9,8)
1553:(65,2,8,42,0,8,8)
1554:(65,2,8,42,1,8,7)
1555:(65,2,9,43,0,7,7)
1556:(66,2,7,43,1,7,6)
1557:(65,2,7,44,0,6,6)
1558:(65,2,7,44,1,6,5)
1559:(64,2,8,45,0,5,5)
1560:(62,2,6,45,1,5,4)
1561:(62,2,7,46,0,4,4)
1562:(61,2,6,46,1,4,3)
1563:(61,2,7,47,0,3,3)
1564:(56,2,6,47,0,3,3)
1565:(56,2,6,47,1,3,2)
1566:(56,2,6,47,2,3,1)
1567:(56,2,7,48,1,2,1)
1568:(56,2,8,49,0,1,1)
1569:(51,2,7,49,0,1,1)
1570:(51,2,4,49,1,1,0)
1571:(51,2,5,50,0,0,0)
1572:(75,2,13,0,34,50,16)
1573:(79,2,29,29,5,21,16)
1574:(75,2,28,29,5,21,16)
1575:(82,2,20,35,1,15,14)
1576:(77,2,17,36,0,14,14)
1577:(75,2,12,37,0,13,13)
1578:(70,2,9,38,0,12,12)
1579:(67,2,8,38,1,12,11)
1580:(66,2,7,39,1,11,10)
1581:(64,2,6,40,2,10,8)
1582:(63,2,8,45,0,5,5)
1583:(61,2,7,45,0,5,5)
1584:(55,2,6,47,0,3,3)
1585:(50,2,7,49,0,1,1)
1586:(75,2,17,3,31,47,16)
1587:(75,2,16,2,32,48,16)
1588:(75,2,15,1,33,49,16)
1589:(75,2,14,0,34,50,16)
1590:(79,2,30,29,5,21,16)
1591:(78,2,29,29,5,21,16)
1592:(77,2,29,29,5,21,16)
1593:(83,2,20,36,0,14,14)
1594:(82,2,19,36,0,14,14)
1595:(80,2,18,36,0,14,14)
1596:(81,2,18,36,0,14,14)
1597:(78,2,14,36,0,14,14)
1598:(69,2,9,38,1,12,11)
1599:(68,2,9,38,1,12,11)
1600:(64,2,7,43,1,7,6)
1601:(62,2,8,45,0,5,5)
1602:(61,2,8,45,0,5,5)
1603:(60,2,7,46,0,4,4)
1604:(59,2,7,47,0,3,3)
1605:(58,2,7,47,0,3,3)
1606:(54,2,8,49,0,1,1)
1607:(53,2,8,49,0,1,1)
1608:(76,2,17,3,31,47,16)
1609:(76,2,16,2,32,48,16)
1610:(76,2,15,1,33,49,16)
1611:(76,2,14,0,34,50,16)
1612:(79,2,14,36,0,14,14)
1613:(72,2,15,3,31,47,16)
1614:(72,2,16,3,31,47,16)
1615:(72,2,16,4,30,46,16)
1616:(72,2,17,4,30,46,16)
1617:(72,2,17,5,29,45,16)
1618:(72,2,18,5,29,45,16)
1619:(72,2,18,6,28,44,16)
1620:(72,2,19,6,28,44,16)
1621:(72,2,19,7,27,43,16)
1622:(72,2,20,7,27,43,16)
1623:(72,2,20,8,26,42,16)
1624:(72,2,21,8,26,42,16)
1625:(72,2,21,9,25,41,16)
1626:(72,2,22,9,25,41,16)
1627:(72,2,22,10,24,40,16)
1628:(72,2,23,10,24,40,16)
1629:(72,2,23,11,23,39,16)
1630:(72,2,24,11,23,39,16)
1631:(72,2,24,12,22,38,16)
1632:(72,2,25,12,22,38,16)
1633:(72,2,25,13,21,37,16)
1634:(72,2,26,13,21,37,16)
1635:(72,2,26,14,20,36,16)
1636:(72,2,27,14,20,36,16)
1637:(72,2,27,15,19,35,16)
1638:(72,2,28,15,19,35,16)
1639:(72,2,28,16,18,34,16)
1640:(72,2,29,16,18,34,16)
1641:(72,2,29,17,17,33,16)
1642:(72,2,30,17,17,33,16)
1643:(72,2,30,18,16,32,16)
1644:(72,2,31,18,16,32,16)
1645:(72,2,31,19,15,31,16)
1646:(72,2,32,19,15,31,16)
1647:(72,2,32,20,14,30,16)
1648:(72,2,33,20,14,30,16)
1649:(72,2,33,21,13,29,16)
1650:(72,2,34,21,13,29,16)
1651:(72,2,34,22,12,28,16)
1652:(72,2,35,22,12,28,16)
1653:(72,2,35,23,11,27,16)
1654:(72,2,36,23,11,27,16)
1655:(72,2,36,24,10,26,16)
1656:(72,2,37,24,10,26,16)
1657:(72,2,37,25,9,25,16)
1658:(72,2,38,25,9,25,16)
1659:(72,2,38,26,8,24,16)
1660:(72,2,39,26,8,24,16)
1661:(72,2,39,27,7,23,16)
1662:(72,2,40,27,7,23,16)
1663:(72,2,40,28,6,22,16)
1664:(72,2,41,28,6,22,16)
1665:(73,2,39,28,6,22,16)
1666:(74,2,38,28,6,22,16)
1667:(75,2,37,28,6,22,16)
1668:(76,2,36,28,6,22,16)
1669:(77,2,35,28,6,22,16)
1670:(77,2,34,28,6,22,16)
1671:(77,2,33,28,6,22,16)
1672:(77,2,32,28,6,22,16)
1673:(78,2,31,28,6,22,16)
1674:(79,2,30,28,6,22,16)
1675:(79,2,29,28,6,22,16)
1676:(79,2,31,29,5,21,16)
1677:(73,2,26,29,5,21,16)
1678:(73,2,27,29,5,21,16)
1679:(73,2,25,29,5,21,16)
1680:(73,2,24,29,5,21,16)
1681:(74,2,23,29,5,21,16)
1682:(75,2,22,29,5,21,16)
1683:(75,2,23,30,4,20,16)
1684:(75,2,24,30,4,20,16)
1685:(75,2,22,30,4,20,16)
1686:(75,2,21,30,4,20,16)
1687:(75,2,20,30,4,20,16)
1688:(76,2,19,30,4,20,16)
1689:(77,2,18,30,4,20,16)
1690:(78,2,19,31,3,19,16)
1691:(78,2,20,31,3,19,16)
1692:(79,2,18,31,3,19,16)
1693:(79,2,19,32,2,18,16)
1694:(79,2,20,32,2,18,16)
1695:(79,2,20,33,1,17,16)
1696:(79,2,21,33,1,17,16)
1697:(79,2,20,33,2,17,15)
1698:(79,2,21,33,2,17,15)
1699:(80,2,19,33,2,17,15)
1700:(81,2,18,33,2,17,15)
1701:(81,2,19,34,1,16,15)
1702:(81,2,20,34,1,16,15)
1703:(81,2,18,34,1,16,15)
1704:(81,2,17,34,1,16,15)
1705:(81,2,17,34,2,16,14)
1706:(81,2,18,34,2,16,14)
1707:(80,2,18,35,1,15,14)
1708:(80,2,19,35,1,15,14)
1709:(81,2,17,35,1,15,14)
1710:(75,2,15,36,0,14,14)
1711:(75,2,16,36,0,14,14)
1712:(75,2,15,35,0,15,15)
1713:(75,2,16,35,0,15,15)
1714:(75,2,14,35,0,15,15)
1715:(75,2,14,35,1,15,14)
1716:(75,2,15,35,1,15,14)
1717:(75,2,13,35,1,15,14)
1718:(75,2,12,35,1,15,14)
1719:(75,2,11,35,1,15,14)
1720:(75,2,10,35,1,15,14)
1721:(75,2,11,36,0,14,14)
1722:(75,2,12,36,0,14,14)
1723:(75,2,10,36,0,14,14)
1724:(76,2,9,36,0,14,14)
1725:(76,2,9,36,1,14,13)
1726:(76,2,10,36,1,14,13)
1727:(73,2,10,37,0,13,13)
1728:(73,2,11,37,0,13,13)
1729:(73,2,9,37,0,13,13)
1730:(73,2,8,37,0,13,13)
1731:(73,2,7,37,0,13,13)
1732:(73,2,7,37,1,13,12)
1733:(73,2,8,37,1,13,12)
1734:(73,2,6,37,1,13,12)
1735:(68,2,7,38,0,12,12)
1736:(68,2,8,38,0,12,12)
1737:(65,2,6,38,1,12,11)
1738:(65,2,7,38,1,12,11)
1739:(65,2,6,38,2,12,10)
1740:(65,2,7,38,2,12,10)
1741:(65,2,5,38,2,12,10)
1742:(65,2,4,38,2,12,10)
1743:(64,2,5,39,1,11,10)
1744:(64,2,6,39,1,11,10)
1745:(64,2,4,39,1,11,10)
1746:(64,2,4,39,2,11,9)
1747:(64,2,5,39,2,11,9)
1748:(64,2,4,39,3,11,8)
1749:(64,2,5,39,3,11,8)
1750:(64,2,2,39,3,11,8)
1751:(64,2,3,39,3,11,8)
1752:(64,2,3,40,2,10,8)
1753:(62,2,4,40,2,10,8)
1754:(62,2,5,40,2,10,8)
1755:(62,2,5,41,1,9,8)
1756:(62,2,6,41,1,9,8)
1757:(62,2,6,42,0,8,8)
1758:(62,2,7,42,0,8,8)
1759:(62,2,6,42,1,8,7)
1760:(62,2,7,42,1,8,7)
1761:(62,2,7,43,0,7,7)
1762:(62,2,8,43,0,7,7)
1763:(63,2,6,43,0,7,7)
1764:(63,2,5,43,0,7,7)
1765:(63,2,6,43,1,7,6)
1766:(62,2,4,43,1,7,6)
1767:(62,2,5,43,1,7,6)
1768:(62,2,5,44,0,6,6)
1769:(62,2,6,44,0,6,6)
1770:(62,2,5,44,1,6,5)
1771:(62,2,6,44,1,6,5)
1772:(59,2,5,45,0,5,5)
1773:(59,2,6,45,0,5,5)
1774:(59,2,4,45,0,5,5)
1775:(59,2,4,45,1,5,4)
1776:(59,2,5,45,1,5,4)
1777:(59,2,6,46,0,4,4)
1778:(58,2,4,46,0,4,4)
1779:(58,2,5,46,0,4,4)
1780:(58,2,4,46,1,4,3)
1781:(58,2,5,46,1,4,3)
1782:(53,2,4,47,0,3,3)
1783:(53,2,5,47,0,3,3)
1784:(53,2,4,47,1,3,2)
1785:(53,2,5,47,1,3,2)
1786:(53,2,4,47,2,3,1)
1787:(53,2,5,47,2,3,1)
1788:(53,2,5,48,1,2,1)
1789:(53,2,6,48,1,2,1)
1790:(48,2,5,49,0,1,1)
1791:(48,2,6,49,0,1,1)
1792:(48,2,4,49,0,1,1)
1793:(48,2,3,49,0,1,1)
1794:(48,2,2,49,0,1,1)
1795:(48,2,2,49,1,1,0)
1796:(48,2,3,49,1,1,0)
1797:(48,2,3,50,0,0,0)
1798:(48,2,4,50,0,0,0)
1799:(48,2,2,50,0,0,0)
1800:(48,2,1,50,0,0,0)
1801:(48,2,0,50,0,0,0)
1802:(72,2,14,2,32,48,16)
1803:(72,2,13,1,33,49,16)
1804:(72,2,12,0,34,50,16)
1805:(71,2,16,4,30,46,16)
1806:(71,2,17,4,30,46,16)
1807:(71,2,17,5,29,45,16)
1808:(71,2,18,5,29,45,16)
1809:(71,2,18,6,28,44,16)
1810:(71,2,19,6,28,44,16)
1811:(71,2,19,7,27,43,16)
1812:(71,2,20,7,27,43,16)
1813:(71,2,20,8,26,42,16)
1814:(71,2,21,8,26,42,16)
1815:(71,2,21,9,25,41,16)
1816:(71,2,22,9,25,41,16)
1817:(71,2,22,10,24,40,16)
1818:(71,2,23,10,24,40,16)
1819:(71,2,23,11,23,39,16)
1820:(71,2,24,11,23,39,16)
1821:(71,2,24,12,22,38,16)
1822:(71,2,25,12,22,38,16)
1823:(71,2,25,13,21,37,16)
1824:(71,2,26,13,21,37,16)
1825:(71,2,26,14,20,36,16)
1826:(71,2,27,14,20,36,16)
1827:(71,2,27,15,19,35,16)
1828:(71,2,28,15,19,35,16)
1829:(71,2,28,16,18,34,16)
1830:(71,2,29,16,18,34,16)
1831:(71,2,29,17,17,33,16)
1832:(71,2,30,17,17,33,16)
1833:(71,2,30,18,16,32,16)
1834:(71,2,31,18,16,32,16)
1835:(71,2,31,19,15,31,16)
1836:(71,2,32,19,15,31,16)
1837:(71,2,32,20,14,30,16)
1838:(71,2,33,20,14,30,16)
1839:(71,2,33,21,13,29,16)
1840:(71,2,34,21,13,29,16)
1841:(71,2,34,22,12,28,16)
1842:(71,2,35,22,12,28,16)
1843:(71,2,35,23,11,27,16)
1844:(71,2,36,23,11,27,16)
1845:(71,2,36,24,10,26,16)
1846:(71,2,37,24,10,26,16)
1847:(71,2,37,25,9,25,16)
1848:(71,2,38,25,9,25,16)
1849:(71,2,38,26,8,24,16)
1850:(71,2,39,26,8,24,16)
1851:(71,2,39,27,7,23,16)
1852:(71,2,40,27,7,23,16)
1853:(71,2,40,28,6,22,16)
1854:(71,2,41,28,6,22,16)
1855:(72,2,39,28,6,22,16)
1856:(73,2,38,28,6,22,16)
1857:(74,2,37,28,6,22,16)
1858:(75,2,36,28,6,22,16)
1859:(76,2,35,28,6,22,16)
1860:(76,2,34,28,6,22,16)
1861:(76,2,33,28,6,22,16)
1862:(76,2,32,28,6,22,16)
1863:(77,2,31,28,6,22,16)
1864:(78,2,30,28,6,22,16)
1865:(78,2,29,28,6,22,16)
1866:(78,2,30,29,5,21,16)
1867:(78,2,31,29,5,21,16)
1868:(72,2,26,29,5,21,16)
1869:(72,2,27,29,5,21,16)
1870:(72,2,25,29,5,21,16)
1871:(72,2,24,29,5,21,16)
1872:(73,2,23,29,5,21,16)
1873:(74,2,22,29,5,21,16)
1874:(74,2,23,30,4,20,16)
1875:(74,2,24,30,4,20,16)
1876:(74,2,22,30,4,20,16)
1877:(74,2,21,30,4,20,16)
1878:(74,2,20,30,4,20,16)
1879:(75,2,19,30,4,20,16)
1880:(76,2,18,30,4,20,16)
1881:(77,2,19,31,3,19,16)
1882:(77,2,20,31,3,19,16)
1883:(78,2,18,31,3,19,16)
1884:(78,2,19,32,2,18,16)
1885:(78,2,20,32,2,18,16)
1886:(78,2,20,33,1,17,16)
1887:(78,2,21,33,1,17,16)
1888:(78,2,20,33,2,17,15)
1889:(78,2,21,33,2,17,15)
1890:(79,2,19,33,2,17,15)
1891:(80,2,18,33,2,17,15)
1892:(80,2,19,34,1,16,15)
1893:(80,2,20,34,1,16,15)
1894:(80,2,18,34,1,16,15)
1895:(80,2,17,34,1,16,15)
1896:(80,2,17,34,2,16,14)
1897:(80,2,18,34,2,16,14)
1898:(79,2,18,35,1,15,14)
1899:(79,2,19,35,1,15,14)
1900:(80,2,17,35,1,15,14)
1901:(81,2,19,36,0,14,14)
1902:(74,2,15,36,0,14,14)
1903:(74,2,16,36,0,14,14)
1904:(74,2,15,35,0,15,15)
1905:(74,2,16,35,0,15,15)
1906:(74,2,14,35,0,15,15)
1907:(74,2,14,35,1,15,14)
1908:(74,2,15,35,1,15,14)
1909:(74,2,13,35,1,15,14)
1910:(74,2,12,35,1,15,14)
1911:(74,2,11,35,1,15,14)
1912:(74,2,10,35,1,15,14)
1913:(74,2,11,36,0,14,14)
1914:(74,2,12,36,0,14,14)
1915:(74,2,10,36,0,14,14)
1916:(75,2,9,36,0,14,14)
1917:(75,2,9,36,1,14,13)
1918:(75,2,10,36,1,14,13)
1919:(72,2,10,37,0,13,13)
1920:(72,2,11,37,0,13,13)
1921:(72,2,9,37,0,13,13)
1922:(72,2,8,37,0,13,13)
1923:(72,2,7,37,0,13,13)
1924:(72,2,7,37,1,13,12)
1925:(72,2,8,37,1,13,12)
1926:(72,2,6,37,1,13,12)
1927:(67,2,7,38,0,12,12)
1928:(67,2,8,38,0,12,12)
1929:(64,2,6,38,1,12,11)
1930:(64,2,7,38,1,12,11)
1931:(64,2,6,38,2,12,10)
1932:(64,2,7,38,2,12,10)
1933:(64,2,5,38,2,12,10)
1934:(64,2,4,38,2,12,10)
1935:(63,2,5,39,1,11,10)
1936:(63,2,6,39,1,11,10)
1937:(63,2,4,39,1,11,10)
1938:(63,2,4,39,2,11,9)
1939:(63,2,5,39,2,11,9)
1940:(63,2,4,39,3,11,8)
1941:(63,2,5,39,3,11,8)
1942:(63,2,2,39,3,11,8)
1943:(63,2,3,39,3,11,8)
1944:(63,2,3,40,2,10,8)
1945:(61,2,4,40,2,10,8)
1946:(61,2,5,40,2,10,8)
1947:(61,2,5,41,1,9,8)
1948:(61,2,6,41,1,9,8)
1949:(61,2,6,42,0,8,8)
1950:(61,2,7,42,0,8,8)
1951:(61,2,6,42,1,8,7)
1952:(61,2,7,42,1,8,7)
1953:(61,2,7,43,0,7,7)
1954:(61,2,8,43,0,7,7)
1955:(62,2,6,43,0,7,7)
1956:(62,2,5,43,0,7,7)
1957:(62,2,6,43,1,7,6)
1958:(61,2,4,43,1,7,6)
1959:(61,2,5,43,1,7,6)
1960:(61,2,5,44,0,6,6)
1961:(61,2,6,44,0,6,6)
1962:(61,2,5,44,1,6,5)
1963:(61,2,6,44,1,6,5)
1964:(60,2,7,45,0,5,5)
1965:(58,2,5,45,0,5,5)
1966:(58,2,6,45,0,5,5)
1967:(58,2,4,45,0,5,5)
1968:(58,2,4,45,1,5,4)
1969:(58,2,5,45,1,5,4)
1970:(58,2,6,46,0,4,4)
1971:(57,2,4,46,0,4,4)
1972:(57,2,5,46,0,4,4)
1973:(57,2,4,46,1,4,3)
1974:(57,2,5,46,1,4,3)
1975:(52,2,4,47,0,3,3)
1976:(52,2,5,47,0,3,3)
1977:(52,2,4,47,1,3,2)
1978:(52,2,5,47,1,3,2)
1979:(52,2,4,47,2,3,1)
1980:(52,2,5,47,2,3,1)
1981:(52,2,5,48,1,2,1)
1982:(52,2,6,48,1,2,1)
1983:(47,2,5,49,0,1,1)
1984:(47,2,6,49,0,1,1)
1985:(47,2,4,49,0,1,1)
1986:(47,2,3,49,0,1,1)
1987:(47,2,2,49,0,1,1)
1988:(47,2,2,49,1,1,0)
1989:(47,2,3,49,1,1,0)
1990:(47,2,3,50,0,0,0)
1991:(47,2,4,50,0,0,0)
1992:(47,2,2,50,0,0,0)
1993:(47,2,1,50,0,0,0)
1994:(47,2,0,50,0,0,0)
1995:(71,2,15,3,31,47,16)
1996:(71,2,14,2,32,48,16)
1997:(71,2,13,1,33,49,16)
1998:(71,2,12,0,34,50,16)
1999:(66,2,8,38,1,12,11)
2000:(59,2,7,45,0,5,5)
2001:(71,2,16,3,31,47,16)
2002:(71,2,15,2,32,48,16)
2003:(71,2,14,1,33,49,16)
2004:(71,2,13,0,34,50,16)
2005:(74,2,28,29,5,21,16)
2006:(73,2,28,29,5,21,16)
2007:(80,2,20,35,1,15,14)
2008:(76,2,17,36,0,14,14)
2009:(75,2,17,36,0,14,14)
2010:(74,2,12,37,0,13,13)
2011:(73,2,12,37,0,13,13)
2012:(69,2,9,38,0,12,12)
2013:(68,2,9,38,0,12,12)
2014:(65,2,8,38,1,12,11)
2015:(64,2,7,39,1,11,10)
2016:(62,2,6,40,2,10,8)
2017:(54,2,6,47,0,3,3)
2018:(53,2,6,47,0,3,3)
2019:(49,2,7,49,0,1,1)
2020:(48,2,7,49,0,1,1)
2021:(72,2,15,2,32,48,16)
2022:(72,2,14,1,33,49,16)
2023:(72,2,13,0,34,50,16)
2024:(72,2,19,5,29,45,16)
2025:(72,2,20,6,28,44,16)
2026:(72,2,21,7,27,43,16)
2027:(72,2,22,8,26,42,16)
2028:(72,2,23,9,25,41,16)
2029:(72,2,24,10,24,40,16)
2030:(72,2,25,11,23,39,16)
2031:(72,2,26,12,22,38,16)
2032:(72,2,27,13,21,37,16)
2033:(72,2,28,14,20,36,16)
2034:(72,2,29,15,19,35,16)
2035:(72,2,30,16,18,34,16)
2036:(72,2,31,17,17,33,16)
2037:(72,2,32,18,16,32,16)
2038:(72,2,33,19,15,31,16)
2039:(72,2,34,20,14,30,16)
2040:(72,2,35,21,13,29,16)
2041:(72,2,36,22,12,28,16)
2042:(72,2,37,23,11,27,16)
2043:(72,2,38,24,10,26,16)
2044:(72,2,39,25,9,25,16)
2045:(72,2,40,26,8,24,16)
2046:(72,2,41,27,7,23,16)
2047:(72,2,42,28,6,22,16)
2048:(79,2,32,29,5,21,16)
2049:(75,2,25,30,4,20,16)
2050:(78,2,21,31,3,19,16)
2051:(79,2,21,32,2,18,16)
2052:(79,2,22,33,1,17,16)
2053:(79,2,22,33,2,17,15)
2054:(81,2,21,34,1,16,15)
2055:(81,2,19,34,2,16,14)
2056:(81,2,20,35,1,15,14)
2057:(82,2,20,36,0,14,14)
2058:(75,2,17,35,0,15,15)
2059:(75,2,16,35,1,15,14)
2060:(75,2,13,36,0,14,14)
2061:(76,2,11,36,1,14,13)
2062:(73,2,9,37,1,13,12)
2063:(65,2,8,38,2,12,10)
2064:(65,2,7,39,1,11,10)
2065:(64,2,6,39,2,11,9)
2066:(64,2,6,39,3,11,8)
2067:(63,2,6,40,2,10,8)
2068:(62,2,7,41,1,9,8)
2069:(62,2,8,42,0,8,8)
2070:(62,2,8,42,1,8,7)
2071:(62,2,9,43,0,7,7)
2072:(63,2,7,43,1,7,6)
2073:(62,2,7,44,0,6,6)
2074:(62,2,7,44,1,6,5)
2075:(59,2,6,45,1,5,4)
2076:(59,2,7,46,0,4,4)
2077:(58,2,6,46,1,4,3)
2078:(53,2,6,47,1,3,2)
2079:(53,2,6,47,2,3,1)
2080:(53,2,7,48,1,2,1)
2081:(48,2,4,49,1,1,0)
2082:(48,2,5,50,0,0,0)
2083:(72,2,18,4,30,46,16)
2084:(73,2,18,4,30,46,16)
2085:(73,2,19,5,29,45,16)
2086:(73,2,20,6,28,44,16)
2087:(73,2,21,7,27,43,16)
2088:(73,2,22,8,26,42,16)
2089:(73,2,23,9,25,41,16)
2090:(73,2,24,10,24,40,16)
2091:(73,2,25,11,23,39,16)
2092:(73,2,26,12,22,38,16)
2093:(73,2,27,13,21,37,16)
2094:(73,2,28,14,20,36,16)
2095:(73,2,29,15,19,35,16)
2096:(73,2,30,16,18,34,16)
2097:(73,2,31,17,17,33,16)
2098:(73,2,32,18,16,32,16)
2099:(73,2,33,19,15,31,16)
2100:(73,2,34,20,14,30,16)
2101:(73,2,35,21,13,29,16)
2102:(73,2,36,22,12,28,16)
2103:(73,2,37,23,11,27,16)
2104:(73,2,38,24,10,26,16)
2105:(73,2,39,25,9,25,16)
2106:(73,2,40,26,8,24,16)
2107:(73,2,41,27,7,23,16)
2108:(73,2,42,28,6,22,16)
2109:(80,2,32,29,5,21,16)
2110:(76,2,25,30,4,20,16)
2111:(79,2,21,31,3,19,16)
2112:(80,2,21,32,2,18,16)
2113:(80,2,22,33,1,17,16)
2114:(80,2,22,33,2,17,15)
2115:(82,2,21,34,1,16,15)
2116:(82,2,19,34,2,16,14)
2117:(76,2,17,35,0,15,15)
2118:(76,2,16,35,1,15,14)
2119:(76,2,13,36,0,14,14)
2120:(77,2,11,36,1,14,13)
2121:(74,2,9,37,1,13,12)
2122:(66,2,8,38,2,12,10)
2123:(65,2,6,39,2,11,9)
2124:(65,2,6,39,3,11,8)
2125:(63,2,7,41,1,9,8)
2126:(63,2,8,42,0,8,8)
2127:(63,2,8,42,1,8,7)
2128:(63,2,9,43,0,7,7)
2129:(63,2,7,44,0,6,6)
2130:(63,2,7,44,1,6,5)
2131:(60,2,6,45,1,5,4)
2132:(59,2,6,46,1,4,3)
2133:(54,2,6,47,1,3,2)
2134:(54,2,6,47,2,3,1)
2135:(54,2,7,48,1,2,1)
2136:(49,2,4,49,1,1,0)
2137:(49,2,5,50,0,0,0)
2138:(72,2,17,3,31,47,16)
2139:(72,2,16,2,32,48,16)
2140:(72,2,15,1,33,49,16)
2141:(72,2,14,0,34,50,16)
2142:(73,2,17,3,31,47,16)
2143:(73,2,16,2,32,48,16)
2144:(73,2,15,1,33,49,16)
2145:(73,2,14,0,34,50,16)
2146:(-1,-1,-1,-1,-1,-1,-1)