(R_,L,RL,G_,G_a,G_bg,G_d)
0:(50,2,0,50,0,0,0)
1:(50,2,1,50,0,0,0)
2:(50,2,2,50,0,0,0)
3:(50,2,3,50,0,0,0)
4:(50,2,4,50,0,0,0)
5:(50,2,5,50,0,0,0)
6:(50,2,6,50,0,0,0)
7:(50,2,7,50,0,0,0)
8:(50,2,8,50,0,0,0)
9:(50,2,9,50,0,0,0)
10:(50,2,10,50,0,0,0)
11:(50,2,11,50,0,0,0)
12:(50,2,12,50,0,0,0)
13:(50,2,13,50,0,0,0)
14:(50,2,14,50,0,0,0)
15:(50,2,15,50,0,0,0)
16:(50,2,16,50,0,0,0)
17:(50,2,17,50,0,0,0)
18:(50,2,18,50,0,0,0)
19:(50,2,19,50,0,0,0)
20:(50,2,20,50,0,0,0)
21:(50,2,21,50,0,0,0)
22:(50,2,22,50,0,0,0)
23:(50,2,23,50,0,0,0)
24:(50,2,24,50,0,0,0)
25:(50,2,23,49,1,1,0)
26:(50,2,22,48,2,2,0)
27:(50,2,23,48,2,2,0)
28:(50,2,22,47,3,3,0)
29:(50,2,23,47,3,3,0)
30:(50,2,24,47,3,3,0)
31:(50,2,23,46,4,4,0)
32:(50,2,22,45,5,5,0)
33:(50,2,23,45,5,5,0)
34:(50,2,22,44,6,6,0)
35:(50,2,21,43,7,7,0)
36:(50,2,20,42,8,8,0)
37:(50,2,19,41,9,9,0)
38:(50,2,20,41,9,9,0)
39:(50,2,21,41,9,9,0)
40:(50,2,20,40,10,10,0)
41:(50,2,21,40,10,10,0)
42:(50,2,20,39,11,11,0)
43:(50,2,19,38,12,12,0)
44:(50,2,18,37,13,13,0)
45:(50,2,17,36,14,14,0)
46:(50,2,18,36,14,14,0)
47:(50,2,19,36,14,14,0)
48:(50,2,18,35,15,15,0)
49:(50,2,17,34,16,16,0)
50:(50,2,16,33,17,17,0)
51:(50,2,15,32,18,18,0)
52:(50,2,14,31,19,19,0)
53:(50,2,15,31,19,19,0)
54:(50,2,14,30,20,20,0)
55:(50,2,15,30,20,20,0)
56:(50,2,14,29,21,21,0)
57:(50,2,13,28,22,22,0)
58:(50,2,12,27,23,23,0)
59:(50,2,13,27,23,23,0)
60:(50,2,12,26,24,24,0)
61:(50,2,13,26,24,24,0)
62:(50,2,12,25,25,25,0)
63:(50,2,13,25,25,25,0)
64:(50,2,12,24,26,26,0)
65:(50,2,11,23,27,27,0)
66:(50,2,12,23,27,27,0)
67:(50,2,13,23,27,27,0)
68:(50,2,12,22,28,28,0)
69:(50,2,13,22,28,28,0)
70:(50,2,12,21,29,29,0)
71:(50,2,11,20,30,30,0)
72:(50,2,12,20,30,30,0)
73:(50,2,11,19,31,31,0)
74:(50,2,12,19,31,31,0)
75:(50,2,11,18,32,32,0)
76:(50,2,10,17,33,33,0)
77:(50,2,9,16,34,34,0)
78:(50,2,8,15,35,35,0)
79:(50,2,7,14,36,36,0)
80:(50,2,8,14,36,36,0)
81:(50,2,7,13,37,37,0)
82:(50,2,6,12,38,38,0)
83:(50,2,5,11,39,39,0)
84:(50,2,6,11,39,39,0)
85:(50,2,5,10,40,40,0)
86:(49,2,6,10,40,40,0)
87:(48,2,7,10,40,40,0)
88:(48,2,6,9,41,41,0)
89:(48,2,5,8,42,42,0)
90:(48,2,6,8,42,42,0)
91:(48,2,5,7,43,43,0)
92:(48,2,4,6,44,44,0)
93:(48,2,3,5,45,45,0)
94:(47,2,4,5,45,45,0)
95:(47,2,3,4,46,46,0)
96:(47,2,2,3,47,47,0)
97:(47,2,1,2,48,48,0)
98:(47,2,0,1,49,49,0)
99:(46,2,1,1,49,49,0)
100:(46,2,0,0,50,50,0)
101:(47,2,0,0,50,50,0)
102:(45,2,0,0,50,50,0)
103:(45,2,1,0,50,50,0)
104:(46,2,1,0,50,50,0)
105:(47,2,1,1,49,49,0)
106:(45,2,1,1,49,49,0)
107:(45,2,2,1,49,49,0)
108:(46,2,2,1,49,49,0)
109:(48,2,0,1,49,49,0)
110:(46,2,0,1,49,49,0)
111:(48,2,1,2,48,48,0)
112:(46,2,1,2,48,48,0)
113:(46,2,2,2,48,48,0)
114:(47,2,2,2,48,48,0)
115:(48,2,2,3,47,47,0)
116:(46,2,2,3,47,47,0)
117:(46,2,3,3,47,47,0)
118:(47,2,3,3,47,47,0)
119:(48,2,3,4,46,46,0)
120:(46,2,3,4,46,46,0)
121:(46,2,4,4,46,46,0)
122:(47,2,4,4,46,46,0)
123:(48,2,4,5,45,45,0)
124:(46,2,4,5,45,45,0)
125:(46,2,5,5,45,45,0)
126:(47,2,5,5,45,45,0)
127:(49,2,3,5,45,45,0)
128:(47,2,3,5,45,45,0)
129:(49,2,4,6,44,44,0)
130:(47,2,4,6,44,44,0)
131:(47,2,5,6,44,44,0)
132:(48,2,5,6,44,44,0)
133:(49,2,5,7,43,43,0)
134:(47,2,5,7,43,43,0)
135:(47,2,6,7,43,43,0)
136:(48,2,6,7,43,43,0)
137:(49,2,6,8,42,42,0)
138:(47,2,6,8,42,42,0)
139:(47,2,7,8,42,42,0)
140:(48,2,7,8,42,42,0)
141:(49,2,5,8,42,42,0)
142:(47,2,5,8,42,42,0)
143:(49,2,6,9,41,41,0)
144:(47,2,6,9,41,41,0)
145:(47,2,7,9,41,41,0)
146:(48,2,7,9,41,41,0)
147:(49,2,7,10,40,40,0)
148:(47,2,7,10,40,40,0)
149:(47,2,8,10,40,40,0)
150:(48,2,8,10,40,40,0)
151:(50,2,6,10,40,40,0)
152:(48,2,6,10,40,40,0)
153:(51,2,5,10,40,40,0)
154:(49,2,5,10,40,40,0)
155:(51,2,6,11,39,39,0)
156:(49,2,6,11,39,39,0)
157:(49,2,7,11,39,39,0)
158:(50,2,7,11,39,39,0)
159:(51,2,5,11,39,39,0)
160:(49,2,5,11,39,39,0)
161:(51,2,6,12,38,38,0)
162:(49,2,6,12,38,38,0)
163:(49,2,7,12,38,38,0)
164:(50,2,7,12,38,38,0)
165:(51,2,7,13,37,37,0)
166:(49,2,7,13,37,37,0)
167:(49,2,8,13,37,37,0)
168:(50,2,8,13,37,37,0)
169:(51,2,8,14,36,36,0)
170:(49,2,8,14,36,36,0)
171:(49,2,9,14,36,36,0)
172:(50,2,9,14,36,36,0)
173:(51,2,7,14,36,36,0)
174:(49,2,7,14,36,36,0)
175:(51,2,8,15,35,35,0)
176:(49,2,8,15,35,35,0)
177:(49,2,9,15,35,35,0)
178:(50,2,9,15,35,35,0)
179:(51,2,9,16,34,34,0)
180:(49,2,9,16,34,34,0)
181:(49,2,10,16,34,34,0)
182:(50,2,10,16,34,34,0)
183:(51,2,10,17,33,33,0)
184:(49,2,10,17,33,33,0)
185:(49,2,11,17,33,33,0)
186:(50,2,11,17,33,33,0)
187:(51,2,11,18,32,32,0)
188:(49,2,11,18,32,32,0)
189:(49,2,12,18,32,32,0)
190:(50,2,12,18,32,32,0)
191:(51,2,12,19,31,31,0)
192:(49,2,12,19,31,31,0)
193:(49,2,13,19,31,31,0)
194:(50,2,13,19,31,31,0)
195:(51,2,11,19,31,31,0)
196:(49,2,11,19,31,31,0)
197:(51,2,12,20,30,30,0)
198:(49,2,12,20,30,30,0)
199:(49,2,13,20,30,30,0)
200:(50,2,13,20,30,30,0)
201:(51,2,11,20,30,30,0)
202:(49,2,11,20,30,30,0)
203:(51,2,12,21,29,29,0)
204:(49,2,12,21,29,29,0)
205:(49,2,13,21,29,29,0)
206:(50,2,13,21,29,29,0)
207:(51,2,13,22,28,28,0)
208:(49,2,13,22,28,28,0)
209:(49,2,14,22,28,28,0)
210:(50,2,14,22,28,28,0)
211:(51,2,12,22,28,28,0)
212:(49,2,12,22,28,28,0)
213:(51,2,13,23,27,27,0)
214:(49,2,13,23,27,27,0)
215:(49,2,14,23,27,27,0)
216:(50,2,14,23,27,27,0)
217:(51,2,12,23,27,27,0)
218:(49,2,12,23,27,27,0)
219:(51,2,11,23,27,27,0)
220:(49,2,11,23,27,27,0)
221:(51,2,12,24,26,26,0)
222:(49,2,12,24,26,26,0)
223:(49,2,13,24,26,26,0)
224:(50,2,13,24,26,26,0)
225:(51,2,13,25,25,25,0)
226:(49,2,13,25,25,25,0)
227:(49,2,14,25,25,25,0)
228:(50,2,14,25,25,25,0)
229:(51,2,12,25,25,25,0)
230:(49,2,12,25,25,25,0)
231:(51,2,13,26,24,24,0)
232:(49,2,13,26,24,24,0)
233:(49,2,14,26,24,24,0)
234:(50,2,14,26,24,24,0)
235:(51,2,12,26,24,24,0)
236:(49,2,12,26,24,24,0)
237:(51,2,13,27,23,23,0)
238:(49,2,13,27,23,23,0)
239:(49,2,14,27,23,23,0)
240:(50,2,14,27,23,23,0)
241:(51,2,12,27,23,23,0)
242:(49,2,12,27,23,23,0)
243:(51,2,13,28,22,22,0)
244:(49,2,13,28,22,22,0)
245:(49,2,14,28,22,22,0)
246:(50,2,14,28,22,22,0)
247:(51,2,14,29,21,21,0)
248:(49,2,14,29,21,21,0)
249:(49,2,15,29,21,21,0)
250:(50,2,15,29,21,21,0)
251:(51,2,15,30,20,20,0)
252:(49,2,15,30,20,20,0)
253:(49,2,16,30,20,20,0)
254:(50,2,16,30,20,20,0)
255:(51,2,14,30,20,20,0)
256:(49,2,14,30,20,20,0)
257:(51,2,15,31,19,19,0)
258:(49,2,15,31,19,19,0)
259:(49,2,16,31,19,19,0)
260:(50,2,16,31,19,19,0)
261:(51,2,14,31,19,19,0)
262:(49,2,14,31,19,19,0)
263:(51,2,15,32,18,18,0)
264:(49,2,15,32,18,18,0)
265:(49,2,16,32,18,18,0)
266:(50,2,16,32,18,18,0)
267:(51,2,16,33,17,17,0)
268:(49,2,16,33,17,17,0)
269:(49,2,17,33,17,17,0)
270:(50,2,17,33,17,17,0)
271:(51,2,17,34,16,16,0)
272:(49,2,17,34,16,16,0)
273:(49,2,18,34,16,16,0)
274:(50,2,18,34,16,16,0)
275:(51,2,18,35,15,15,0)
276:(49,2,18,35,15,15,0)
277:(49,2,19,35,15,15,0)
278:(50,2,19,35,15,15,0)
279:(51,2,19,36,14,14,0)
280:(49,2,19,36,14,14,0)
281:(49,2,20,36,14,14,0)
282:(50,2,20,36,14,14,0)
283:(51,2,18,36,14,14,0)
284:(49,2,18,36,14,14,0)
285:(51,2,17,36,14,14,0)
286:(49,2,17,36,14,14,0)
287:(51,2,18,37,13,13,0)
288:(49,2,18,37,13,13,0)
289:(49,2,19,37,13,13,0)
290:(50,2,19,37,13,13,0)
291:(51,2,19,38,12,12,0)
292:(49,2,19,38,12,12,0)
293:(49,2,20,38,12,12,0)
294:(50,2,20,38,12,12,0)
295:(51,2,20,39,11,11,0)
296:(49,2,20,39,11,11,0)
297:(49,2,21,39,11,11,0)
298:(50,2,21,39,11,11,0)
299:(51,2,21,40,10,10,0)
300:(49,2,21,40,10,10,0)
301:(49,2,22,40,10,10,0)
302:(50,2,22,40,10,10,0)
303:(51,2,20,40,10,10,0)
304:(49,2,20,40,10,10,0)
305:(51,2,21,41,9,9,0)
306:(49,2,21,41,9,9,0)
307:(49,2,22,41,9,9,0)
308:(50,2,22,41,9,9,0)
309:(51,2,20,41,9,9,0)
310:(49,2,20,41,9,9,0)
311:(51,2,19,41,9,9,0)
312:(49,2,19,41,9,9,0)
313:(51,2,20,42,8,8,0)
314:(49,2,20,42,8,8,0)
315:(49,2,21,42,8,8,0)
316:(50,2,21,42,8,8,0)
317:(51,2,21,43,7,7,0)
318:(49,2,21,43,7,7,0)
319:(49,2,22,43,7,7,0)
320:(50,2,22,43,7,7,0)
321:(51,2,22,44,6,6,0)
322:(49,2,22,44,6,6,0)
323:(49,2,23,44,6,6,0)
324:(50,2,23,44,6,6,0)
325:(51,2,23,45,5,5,0)
326:(49,2,23,45,5,5,0)
327:(49,2,24,45,5,5,0)
328:(50,2,24,45,5,5,0)
329:(51,2,22,45,5,5,0)
330:(49,2,22,45,5,5,0)
331:(51,2,23,46,4,4,0)
332:(49,2,23,46,4,4,0)
333:(49,2,24,46,4,4,0)
334:(50,2,24,46,4,4,0)
335:(51,2,24,47,3,3,0)
336:(49,2,24,47,3,3,0)
337:(49,2,25,47,3,3,0)
338:(50,2,25,47,3,3,0)
339:(51,2,23,47,3,3,0)
340:(49,2,23,47,3,3,0)
341:(51,2,22,47,3,3,0)
342:(49,2,22,47,3,3,0)
343:(51,2,23,48,2,2,0)
344:(49,2,23,48,2,2,0)
345:(49,2,24,48,2,2,0)
346:(50,2,24,48,2,2,0)
347:(51,2,22,48,2,2,0)
348:(49,2,22,48,2,2,0)
349:(51,2,23,49,1,1,0)
350:(49,2,23,49,1,1,0)
351:(49,2,24,49,1,1,0)
352:(50,2,24,49,1,1,0)
353:(51,2,24,50,0,0,0)
354:(49,2,24,50,0,0,0)
355:(49,2,25,50,0,0,0)
356:(50,2,25,50,0,0,0)
357:(51,2,23,50,0,0,0)
358:(49,2,23,50,0,0,0)
359:(51,2,22,50,0,0,0)
360:(49,2,22,50,0,0,0)
361:(51,2,21,50,0,0,0)
362:(49,2,21,50,0,0,0)
363:(51,2,20,50,0,0,0)
364:(49,2,20,50,0,0,0)
365:(51,2,19,50,0,0,0)
366:(49,2,19,50,0,0,0)
367:(51,2,18,50,0,0,0)
368:(49,2,18,50,0,0,0)
369:(51,2,17,50,0,0,0)
370:(49,2,17,50,0,0,0)
371:(51,2,16,50,0,0,0)
372:(49,2,16,50,0,0,0)
373:(51,2,15,50,0,0,0)
374:(49,2,15,50,0,0,0)
375:(51,2,14,50,0,0,0)
376:(49,2,14,50,0,0,0)
377:(51,2,13,50,0,0,0)
378:(49,2,13,50,0,0,0)
379:(51,2,12,50,0,0,0)
380:(49,2,12,50,0,0,0)
381:(51,2,11,50,0,0,0)
382:(49,2,11,50,0,0,0)
383:(51,2,10,50,0,0,0)
384:(49,2,10,50,0,0,0)
385:(51,2,9,50,0,0,0)
386:(49,2,9,50,0,0,0)
387:(51,2,8,50,0,0,0)
388:(49,2,8,50,0,0,0)
389:(51,2,7,50,0,0,0)
390:(49,2,7,50,0,0,0)
391:(51,2,6,50,0,0,0)
392:(49,2,6,50,0,0,0)
393:(51,2,5,50,0,0,0)
394:(49,2,5,50,0,0,0)
395:(51,2,4,50,0,0,0)
396:(49,2,4,50,0,0,0)
397:(51,2,3,50,0,0,0)
398:(49,2,3,50,0,0,0)
399:(51,2,2,50,0,0,0)
400:(49,2,2,50,0,0,0)
401:(51,2,1,50,0,0,0)
402:(49,2,1,50,0,0,0)
403:(51,2,0,50,0,0,0)
404:(49,2,0,50,0,0,0)
405:(48,2,1,1,49,49,0)
406:(47,2,2,1,49,49,0)
407:(49,2,0,1,49,49,0)
408:(49,2,1,2,48,48,0)
409:(48,2,2,2,48,48,0)
410:(49,2,2,3,47,47,0)
411:(48,2,3,3,47,47,0)
412:(49,2,3,4,46,46,0)
413:(48,2,4,4,46,46,0)
414:(49,2,4,5,45,45,0)
415:(48,2,5,5,45,45,0)
416:(50,2,3,5,45,45,0)
417:(50,2,4,6,44,44,0)
418:(49,2,5,6,44,44,0)
419:(50,2,5,7,43,43,0)
420:(49,2,6,7,43,43,0)
421:(50,2,6,8,42,42,0)
422:(49,2,7,8,42,42,0)
423:(50,2,5,8,42,42,0)
424:(50,2,6,9,41,41,0)
425:(49,2,7,9,41,41,0)
426:(50,2,7,10,40,40,0)
427:(49,2,8,10,40,40,0)
428:(51,2,6,10,40,40,0)
429:(52,2,5,10,40,40,0)
430:(52,2,6,11,39,39,0)
431:(51,2,7,11,39,39,0)
432:(52,2,5,11,39,39,0)
433:(52,2,6,12,38,38,0)
434:(51,2,7,12,38,38,0)
435:(52,2,7,13,37,37,0)
436:(51,2,8,13,37,37,0)
437:(52,2,8,14,36,36,0)
438:(51,2,9,14,36,36,0)
439:(52,2,7,14,36,36,0)
440:(52,2,8,15,35,35,0)
441:(51,2,9,15,35,35,0)
442:(52,2,9,16,34,34,0)
443:(51,2,10,16,34,34,0)
444:(52,2,10,17,33,33,0)
445:(51,2,11,17,33,33,0)
446:(52,2,11,18,32,32,0)
447:(51,2,12,18,32,32,0)
448:(52,2,12,19,31,31,0)
449:(51,2,13,19,31,31,0)
450:(52,2,11,19,31,31,0)
451:(52,2,12,20,30,30,0)
452:(51,2,13,20,30,30,0)
453:(52,2,11,20,30,30,0)
454:(52,2,12,21,29,29,0)
455:(51,2,13,21,29,29,0)
456:(52,2,13,22,28,28,0)
457:(51,2,14,22,28,28,0)
458:(52,2,12,22,28,28,0)
459:(52,2,13,23,27,27,0)
460:(51,2,14,23,27,27,0)
461:(52,2,12,23,27,27,0)
462:(52,2,11,23,27,27,0)
463:(52,2,12,24,26,26,0)
464:(51,2,13,24,26,26,0)
465:(52,2,13,25,25,25,0)
466:(51,2,14,25,25,25,0)
467:(52,2,12,25,25,25,0)
468:(52,2,13,26,24,24,0)
469:(51,2,14,26,24,24,0)
470:(52,2,12,26,24,24,0)
471:(52,2,13,27,23,23,0)
472:(51,2,14,27,23,23,0)
473:(52,2,12,27,23,23,0)
474:(52,2,13,28,22,22,0)
475:(51,2,14,28,22,22,0)
476:(52,2,14,29,21,21,0)
477:(51,2,15,29,21,21,0)
478:(52,2,15,30,20,20,0)
479:(51,2,16,30,20,20,0)
480:(52,2,14,30,20,20,0)
481:(52,2,15,31,19,19,0)
482:(51,2,16,31,19,19,0)
483:(52,2,14,31,19,19,0)
484:(52,2,15,32,18,18,0)
485:(51,2,16,32,18,18,0)
486:(52,2,16,33,17,17,0)
487:(51,2,17,33,17,17,0)
488:(52,2,17,34,16,16,0)
489:(51,2,18,34,16,16,0)
490:(52,2,18,35,15,15,0)
491:(51,2,19,35,15,15,0)
492:(52,2,19,36,14,14,0)
493:(51,2,20,36,14,14,0)
494:(52,2,18,36,14,14,0)
495:(52,2,17,36,14,14,0)
496:(52,2,18,37,13,13,0)
497:(51,2,19,37,13,13,0)
498:(52,2,19,38,12,12,0)
499:(51,2,20,38,12,12,0)
500:(52,2,20,39,11,11,0)
501:(51,2,21,39,11,11,0)
502:(52,2,21,40,10,10,0)
503:(51,2,22,40,10,10,0)
504:(52,2,20,40,10,10,0)
505:(52,2,21,41,9,9,0)
506:(51,2,22,41,9,9,0)
507:(52,2,20,41,9,9,0)
508:(52,2,19,41,9,9,0)
509:(52,2,20,42,8,8,0)
510:(51,2,21,42,8,8,0)
511:(52,2,21,43,7,7,0)
512:(51,2,22,43,7,7,0)
513:(52,2,22,44,6,6,0)
514:(51,2,23,44,6,6,0)
515:(52,2,23,45,5,5,0)
516:(51,2,24,45,5,5,0)
517:(52,2,22,45,5,5,0)
518:(52,2,23,46,4,4,0)
519:(51,2,24,46,4,4,0)
520:(52,2,24,47,3,3,0)
521:(51,2,25,47,3,3,0)
522:(52,2,23,47,3,3,0)
523:(52,2,22,47,3,3,0)
524:(52,2,23,48,2,2,0)
525:(51,2,24,48,2,2,0)
526:(52,2,22,48,2,2,0)
527:(52,2,23,49,1,1,0)
528:(51,2,24,49,1,1,0)
529:(52,2,24,50,0,0,0)
530:(51,2,25,50,0,0,0)
531:(52,2,23,50,0,0,0)
532:(52,2,22,50,0,0,0)
533:(52,2,21,50,0,0,0)
534:(52,2,20,50,0,0,0)
535:(52,2,19,50,0,0,0)
536:(52,2,18,50,0,0,0)
537:(52,2,17,50,0,0,0)
538:(52,2,16,50,0,0,0)
539:(52,2,15,50,0,0,0)
540:(52,2,14,50,0,0,0)
541:(52,2,13,50,0,0,0)
542:(52,2,12,50,0,0,0)
543:(52,2,11,50,0,0,0)
544:(52,2,10,50,0,0,0)
545:(52,2,9,50,0,0,0)
546:(52,2,8,50,0,0,0)
547:(52,2,7,50,0,0,0)
548:(52,2,6,50,0,0,0)
549:(52,2,5,50,0,0,0)
550:(52,2,4,50,0,0,0)
551:(52,2,3,50,0,0,0)
552:(52,2,2,50,0,0,0)
553:(52,2,1,50,0,0,0)
554:(52,2,0,50,0,0,0)
555:(44,2,1,1,49,49,0)
556:(44,2,2,1,49,49,0)
557:(45,2,0,1,49,49,0)
558:(45,2,1,2,48,48,0)
559:(45,2,2,2,48,48,0)
560:(45,2,2,3,47,47,0)
561:(45,2,3,3,47,47,0)
562:(45,2,3,4,46,46,0)
563:(45,2,4,4,46,46,0)
564:(45,2,4,5,45,45,0)
565:(45,2,5,5,45,45,0)
566:(46,2,3,5,45,45,0)
567:(46,2,4,6,44,44,0)
568:(46,2,5,6,44,44,0)
569:(46,2,5,7,43,43,0)
570:(46,2,6,7,43,43,0)
571:(46,2,6,8,42,42,0)
572:(46,2,7,8,42,42,0)
573:(46,2,5,8,42,42,0)
574:(46,2,6,9,41,41,0)
575:(46,2,7,9,41,41,0)
576:(46,2,7,10,40,40,0)
577:(46,2,8,10,40,40,0)
578:(47,2,6,10,40,40,0)
579:(48,2,5,10,40,40,0)
580:(48,2,6,11,39,39,0)
581:(48,2,7,11,39,39,0)
582:(48,2,5,11,39,39,0)
583:(48,2,6,12,38,38,0)
584:(48,2,7,12,38,38,0)
585:(48,2,7,13,37,37,0)
586:(48,2,8,13,37,37,0)
587:(48,2,8,14,36,36,0)
588:(48,2,9,14,36,36,0)
589:(48,2,7,14,36,36,0)
590:(48,2,8,15,35,35,0)
591:(48,2,9,15,35,35,0)
592:(48,2,9,16,34,34,0)
593:(48,2,10,16,34,34,0)
594:(48,2,10,17,33,33,0)
595:(48,2,11,17,33,33,0)
596:(48,2,11,18,32,32,0)
597:(48,2,12,18,32,32,0)
598:(48,2,12,19,31,31,0)
599:(48,2,13,19,31,31,0)
600:(48,2,11,19,31,31,0)
601:(48,2,12,20,30,30,0)
602:(48,2,13,20,30,30,0)
603:(48,2,11,20,30,30,0)
604:(48,2,12,21,29,29,0)
605:(48,2,13,21,29,29,0)
606:(48,2,13,22,28,28,0)
607:(48,2,14,22,28,28,0)
608:(48,2,12,22,28,28,0)
609:(48,2,13,23,27,27,0)
610:(48,2,14,23,27,27,0)
611:(48,2,12,23,27,27,0)
612:(48,2,11,23,27,27,0)
613:(48,2,12,24,26,26,0)
614:(48,2,13,24,26,26,0)
615:(48,2,13,25,25,25,0)
616:(48,2,14,25,25,25,0)
617:(48,2,12,25,25,25,0)
618:(48,2,13,26,24,24,0)
619:(48,2,14,26,24,24,0)
620:(48,2,12,26,24,24,0)
621:(48,2,13,27,23,23,0)
622:(48,2,14,27,23,23,0)
623:(48,2,12,27,23,23,0)
624:(48,2,13,28,22,22,0)
625:(48,2,14,28,22,22,0)
626:(48,2,14,29,21,21,0)
627:(48,2,15,29,21,21,0)
628:(48,2,15,30,20,20,0)
629:(48,2,16,30,20,20,0)
630:(48,2,14,30,20,20,0)
631:(48,2,15,31,19,19,0)
632:(48,2,16,31,19,19,0)
633:(48,2,14,31,19,19,0)
634:(48,2,15,32,18,18,0)
635:(48,2,16,32,18,18,0)
636:(48,2,16,33,17,17,0)
637:(48,2,17,33,17,17,0)
638:(48,2,17,34,16,16,0)
639:(48,2,18,34,16,16,0)
640:(48,2,18,35,15,15,0)
641:(48,2,19,35,15,15,0)
642:(48,2,19,36,14,14,0)
643:(48,2,20,36,14,14,0)
644:(48,2,18,36,14,14,0)
645:(48,2,17,36,14,14,0)
646:(48,2,18,37,13,13,0)
647:(48,2,19,37,13,13,0)
648:(48,2,19,38,12,12,0)
649:(48,2,20,38,12,12,0)
650:(48,2,20,39,11,11,0)
651:(48,2,21,39,11,11,0)
652:(48,2,21,40,10,10,0)
653:(48,2,22,40,10,10,0)
654:(48,2,20,40,10,10,0)
655:(48,2,21,41,9,9,0)
656:(48,2,22,41,9,9,0)
657:(48,2,20,41,9,9,0)
658:(48,2,19,41,9,9,0)
659:(48,2,20,42,8,8,0)
660:(48,2,21,42,8,8,0)
661:(48,2,21,43,7,7,0)
662:(48,2,22,43,7,7,0)
663:(48,2,22,44,6,6,0)
664:(48,2,23,44,6,6,0)
665:(48,2,23,45,5,5,0)
666:(48,2,24,45,5,5,0)
667:(48,2,22,45,5,5,0)
668:(48,2,23,46,4,4,0)
669:(48,2,24,46,4,4,0)
670:(48,2,24,47,3,3,0)
671:(48,2,25,47,3,3,0)
672:(48,2,23,47,3,3,0)
673:(48,2,22,47,3,3,0)
674:(48,2,23,48,2,2,0)
675:(48,2,24,48,2,2,0)
676:(48,2,22,48,2,2,0)
677:(48,2,23,49,1,1,0)
678:(48,2,24,49,1,1,0)
679:(48,2,24,50,0,0,0)
680:(48,2,25,50,0,0,0)
681:(48,2,23,50,0,0,0)
682:(48,2,22,50,0,0,0)
683:(48,2,21,50,0,0,0)
684:(48,2,20,50,0,0,0)
685:(48,2,19,50,0,0,0)
686:(48,2,18,50,0,0,0)
687:(48,2,17,50,0,0,0)
688:(48,2,16,50,0,0,0)
689:(48,2,15,50,0,0,0)
690:(48,2,14,50,0,0,0)
691:(48,2,13,50,0,0,0)
692:(48,2,12,50,0,0,0)
693:(48,2,11,50,0,0,0)
694:(48,2,10,50,0,0,0)
695:(48,2,9,50,0,0,0)
696:(48,2,8,50,0,0,0)
697:(48,2,7,50,0,0,0)
698:(48,2,6,50,0,0,0)
699:(48,2,5,50,0,0,0)
700:(48,2,4,50,0,0,0)
701:(48,2,3,50,0,0,0)
702:(48,2,2,50,0,0,0)
703:(48,2,1,50,0,0,0)
704:(48,2,0,50,0,0,0)
705:(44,2,3,1,49,49,0)
706:(45,2,3,1,49,49,0)
707:(45,2,3,2,48,48,0)
708:(46,2,3,2,48,48,0)
709:(45,2,4,3,47,47,0)
710:(46,2,4,3,47,47,0)
711:(45,2,5,4,46,46,0)
712:(46,2,5,4,46,46,0)
713:(45,2,6,5,45,45,0)
714:(46,2,6,5,45,45,0)
715:(46,2,6,6,44,44,0)
716:(47,2,6,6,44,44,0)
717:(46,2,7,7,43,43,0)
718:(47,2,7,7,43,43,0)
719:(46,2,8,8,42,42,0)
720:(47,2,8,8,42,42,0)
721:(46,2,8,9,41,41,0)
722:(47,2,8,9,41,41,0)
723:(46,2,9,10,40,40,0)
724:(47,2,9,10,40,40,0)
725:(48,2,8,11,39,39,0)
726:(49,2,8,11,39,39,0)
727:(48,2,8,12,38,38,0)
728:(49,2,8,12,38,38,0)
729:(48,2,9,13,37,37,0)
730:(49,2,9,13,37,37,0)
731:(48,2,10,14,36,36,0)
732:(49,2,10,14,36,36,0)
733:(48,2,10,15,35,35,0)
734:(49,2,10,15,35,35,0)
735:(48,2,11,16,34,34,0)
736:(49,2,11,16,34,34,0)
737:(48,2,12,17,33,33,0)
738:(49,2,12,17,33,33,0)
739:(48,2,13,18,32,32,0)
740:(49,2,13,18,32,32,0)
741:(48,2,14,19,31,31,0)
742:(49,2,14,19,31,31,0)
743:(48,2,14,20,30,30,0)
744:(49,2,14,20,30,30,0)
745:(48,2,14,21,29,29,0)
746:(49,2,14,21,29,29,0)
747:(48,2,15,22,28,28,0)
748:(49,2,15,22,28,28,0)
749:(48,2,15,23,27,27,0)
750:(49,2,15,23,27,27,0)
751:(48,2,14,24,26,26,0)
752:(49,2,14,24,26,26,0)
753:(48,2,15,25,25,25,0)
754:(49,2,15,25,25,25,0)
755:(48,2,15,26,24,24,0)
756:(49,2,15,26,24,24,0)
757:(48,2,15,27,23,23,0)
758:(49,2,15,27,23,23,0)
759:(48,2,15,28,22,22,0)
760:(49,2,15,28,22,22,0)
761:(48,2,16,29,21,21,0)
762:(49,2,16,29,21,21,0)
763:(48,2,17,30,20,20,0)
764:(49,2,17,30,20,20,0)
765:(48,2,17,31,19,19,0)
766:(49,2,17,31,19,19,0)
767:(48,2,17,32,18,18,0)
768:(49,2,17,32,18,18,0)
769:(48,2,18,33,17,17,0)
770:(49,2,18,33,17,17,0)
771:(48,2,19,34,16,16,0)
772:(49,2,19,34,16,16,0)
773:(48,2,20,35,15,15,0)
774:(49,2,20,35,15,15,0)
775:(48,2,21,36,14,14,0)
776:(49,2,21,36,14,14,0)
777:(48,2,20,37,13,13,0)
778:(49,2,20,37,13,13,0)
779:(48,2,21,38,12,12,0)
780:(49,2,21,38,12,12,0)
781:(48,2,22,39,11,11,0)
782:(49,2,22,39,11,11,0)
783:(48,2,23,40,10,10,0)
784:(49,2,23,40,10,10,0)
785:(48,2,23,41,9,9,0)
786:(49,2,23,41,9,9,0)
787:(48,2,22,42,8,8,0)
788:(49,2,22,42,8,8,0)
789:(48,2,23,43,7,7,0)
790:(49,2,23,43,7,7,0)
791:(48,2,24,44,6,6,0)
792:(49,2,24,44,6,6,0)
793:(48,2,25,45,5,5,0)
794:(49,2,25,45,5,5,0)
795:(48,2,25,46,4,4,0)
796:(49,2,25,46,4,4,0)
797:(48,2,26,47,3,3,0)
798:(49,2,26,47,3,3,0)
799:(48,2,25,48,2,2,0)
800:(49,2,25,48,2,2,0)
801:(48,2,25,49,1,1,0)
802:(49,2,25,49,1,1,0)
803:(48,2,26,50,0,0,0)
804:(49,2,26,50,0,0,0)
805:(46,2,3,1,49,49,0)
806:(47,2,3,2,48,48,0)
807:(47,2,4,3,47,47,0)
808:(47,2,5,4,46,46,0)
809:(47,2,6,5,45,45,0)
810:(48,2,6,6,44,44,0)
811:(48,2,7,7,43,43,0)
812:(48,2,8,8,42,42,0)
813:(48,2,8,9,41,41,0)
814:(48,2,9,10,40,40,0)
815:(50,2,8,11,39,39,0)
816:(50,2,8,12,38,38,0)
817:(50,2,9,13,37,37,0)
818:(50,2,10,14,36,36,0)
819:(50,2,10,15,35,35,0)
820:(50,2,11,16,34,34,0)
821:(50,2,12,17,33,33,0)
822:(50,2,13,18,32,32,0)
823:(50,2,14,19,31,31,0)
824:(50,2,14,20,30,30,0)
825:(50,2,14,21,29,29,0)
826:(50,2,15,22,28,28,0)
827:(50,2,15,23,27,27,0)
828:(50,2,14,24,26,26,0)
829:(50,2,15,25,25,25,0)
830:(50,2,15,26,24,24,0)
831:(50,2,15,27,23,23,0)
832:(50,2,15,28,22,22,0)
833:(50,2,16,29,21,21,0)
834:(50,2,17,30,20,20,0)
835:(50,2,17,31,19,19,0)
836:(50,2,17,32,18,18,0)
837:(50,2,18,33,17,17,0)
838:(50,2,19,34,16,16,0)
839:(50,2,20,35,15,15,0)
840:(50,2,21,36,14,14,0)
841:(50,2,20,37,13,13,0)
842:(50,2,21,38,12,12,0)
843:(50,2,22,39,11,11,0)
844:(50,2,23,40,10,10,0)
845:(50,2,23,41,9,9,0)
846:(50,2,22,42,8,8,0)
847:(50,2,23,43,7,7,0)
848:(50,2,24,44,6,6,0)
849:(50,2,25,45,5,5,0)
850:(50,2,25,46,4,4,0)
851:(50,2,26,47,3,3,0)
852:(50,2,25,48,2,2,0)
853:(50,2,25,49,1,1,0)
854:(50,2,26,50,0,0,0)
855:(-1,-1,-1,-1,-1,-1,-1)