(r,l,rl,g,ga,gbg,gd)
0:(50,2,0,50,0,0,0)
1:(49,2,0,50,0,0,0)
2:(48,2,1,50,0,0,0)
3:(48,2,2,50,0,0,0)
4:(48,2,1,49,1,1,0)
5:(49,2,1,49,1,1,0)
6:(48,2,2,49,1,1,0)
7:(48,2,2,49,0,1,1)
8:(49,2,1,49,0,1,1)
9:(49,2,2,49,0,1,1)
10:(49,2,3,49,0,1,1)
11:(49,2,4,49,0,1,1)
12:(49,2,4,50,0,0,0)
13:(48,2,4,50,0,0,0)
14:(48,2,5,50,0,0,0)
15:(48,2,4,49,1,1,0)
16:(48,2,5,49,1,1,0)
17:(49,2,5,49,1,1,0)
18:(48,2,6,49,1,1,0)
19:(48,2,7,49,1,1,0)
20:(47,2,8,49,1,1,0)
21:(47,2,9,49,1,1,0)
22:(47,2,9,49,0,1,1)
23:(47,2,10,49,0,1,1)
24:(47,2,9,48,1,2,1)
25:(47,2,8,47,2,3,1)
26:(47,2,9,47,2,3,1)
27:(47,2,10,47,2,3,1)
28:(47,2,9,46,3,4,1)
29:(46,2,9,46,3,4,1)
30:(45,2,10,46,3,4,1)
31:(45,2,9,45,4,5,1)
32:(44,2,10,45,4,5,1)
33:(43,2,11,45,4,5,1)
34:(44,2,11,45,4,5,1)
35:(42,2,12,45,4,5,1)
36:(42,2,13,45,4,5,1)
37:(42,2,14,45,4,5,1)
38:(42,2,15,45,4,5,1)
39:(42,2,14,44,5,6,1)
40:(42,2,15,44,5,6,1)
41:(42,2,15,44,4,6,2)
42:(41,2,16,44,4,6,2)
43:(41,2,15,43,5,7,2)
44:(41,2,16,43,5,7,2)
45:(40,2,17,43,5,7,2)
46:(39,2,18,43,5,7,2)
47:(39,2,17,42,6,8,2)
48:(39,2,16,41,7,9,2)
49:(39,2,16,41,6,9,3)
50:(39,2,15,40,7,10,3)
51:(38,2,15,40,7,10,3)
52:(37,2,16,40,7,10,3)
53:(36,2,17,40,7,10,3)
54:(36,2,16,39,8,11,3)
55:(36,2,17,39,8,11,3)
56:(37,2,17,39,8,11,3)
57:(37,2,18,39,8,11,3)
58:(37,2,18,39,7,11,4)
59:(36,2,19,39,7,11,4)
60:(35,2,20,39,7,11,4)
61:(35,2,19,38,8,12,4)
62:(35,2,18,37,9,13,4)
63:(35,2,19,37,9,13,4)
64:(35,2,18,36,10,14,4)
65:(34,2,18,36,10,14,4)
66:(34,2,19,36,10,14,4)
67:(34,2,19,36,9,14,5)
68:(35,2,19,36,9,14,5)
69:(34,2,20,36,9,14,5)
70:(33,2,21,36,9,14,5)
71:(33,2,20,35,10,15,5)
72:(32,2,21,35,10,15,5)
73:(31,2,22,35,10,15,5)
74:(32,2,22,35,10,15,5)
75:(32,2,21,34,11,16,5)
76:(32,2,20,33,12,17,5)
77:(31,2,21,33,12,17,5)
78:(31,2,20,32,13,18,5)
79:(30,2,20,32,13,18,5)
80:(30,2,19,31,14,19,5)
81:(29,2,20,31,14,19,5)
82:(29,2,19,30,15,20,5)
83:(28,2,20,30,15,20,5)
84:(29,2,20,30,15,20,5)
85:(29,2,19,29,16,21,5)
86:(29,2,18,28,17,22,5)
87:(29,2,17,27,18,23,5)
88:(29,2,16,26,19,24,5)
89:(28,2,17,26,19,24,5)
90:(29,2,17,26,19,24,5)
91:(29,2,16,25,20,25,5)
92:(30,2,16,25,20,25,5)
93:(30,2,16,25,19,25,6)
94:(30,2,15,24,20,26,6)
95:(29,2,16,24,20,26,6)
96:(28,2,17,24,20,26,6)
97:(27,2,18,24,20,26,6)
98:(27,2,17,23,21,27,6)
99:(27,2,16,22,22,28,6)
100:(27,2,15,21,23,29,6)
101:(27,2,16,21,23,29,6)
102:(26,2,17,21,23,29,6)
103:(25,2,17,21,23,29,6)
104:(24,2,18,21,23,29,6)
105:(24,2,17,20,24,30,6)
106:(24,2,18,20,24,30,6)
107:(23,2,19,20,24,30,6)
108:(23,2,20,20,24,30,6)
109:(22,2,21,20,24,30,6)
110:(22,2,20,19,25,31,6)
111:(23,2,20,19,25,31,6)
112:(23,2,20,19,24,31,7)
113:(23,2,21,19,24,31,7)
114:(23,2,20,18,25,32,7)
115:(23,2,21,18,25,32,7)
116:(22,2,22,18,25,32,7)
117:(22,2,22,18,24,32,8)
118:(21,2,22,18,24,32,8)
119:(20,2,23,18,24,32,8)
120:(20,2,24,18,24,32,8)
121:(20,2,23,17,25,33,8)
122:(19,2,24,17,25,33,8)
123:(19,2,23,16,26,34,8)
124:(19,2,24,16,26,34,8)
125:(19,2,23,15,27,35,8)
126:(18,2,24,15,27,35,8)
127:(18,2,23,14,28,36,8)
128:(17,2,24,14,28,36,8)
129:(17,2,24,14,27,36,9)
130:(16,2,25,14,27,36,9)
131:(16,2,24,13,28,37,9)
132:(15,2,24,13,28,37,9)
133:(15,2,25,13,28,37,9)
134:(15,2,26,13,28,37,9)
135:(15,2,27,13,28,37,9)
136:(14,2,28,13,28,37,9)
137:(13,2,29,13,28,37,9)
138:(13,2,29,13,27,37,10)
139:(12,2,30,13,27,37,10)
140:(12,2,31,13,27,37,10)
141:(12,2,32,13,27,37,10)
142:(13,2,32,13,27,37,10)
143:(13,2,33,13,27,37,10)
144:(12,2,34,13,27,37,10)
145:(12,2,35,13,27,37,10)
146:(12,2,34,12,28,38,10)
147:(12,2,35,12,28,38,10)
148:(12,2,34,11,29,39,10)
149:(12,2,35,11,29,39,10)
150:(11,2,36,11,29,39,10)
151:(11,2,36,11,28,39,11)
152:(10,2,37,11,28,39,11)
153:(10,2,36,10,29,40,11)
154:(10,2,35,9,30,41,11)
155:(11,2,35,9,30,41,11)
156:(10,2,34,8,31,42,11)
157:(9,2,35,8,31,42,11)
158:(9,2,36,8,31,42,11)
159:(8,2,36,8,31,42,11)
160:(8,2,37,8,31,42,11)
161:(8,2,38,8,31,42,11)
162:(7,2,38,8,31,42,11)
163:(6,2,39,8,31,42,11)
164:(5,2,40,8,31,42,11)
165:(5,2,40,9,31,41,10)
166:(4,2,41,9,31,41,10)
167:(3,2,42,9,31,41,10)
168:(3,2,42,9,30,41,11)
169:(3,2,43,9,30,41,11)
170:(2,2,43,9,30,41,11)
171:(2,2,42,8,31,42,11)
172:(1,2,42,8,31,42,11)
173:(0,2,42,8,31,42,11)
174:(1,2,43,8,31,42,11)
175:(0,2,43,8,31,42,11)
176:(0,2,42,7,32,43,11)
177:(0,2,41,6,33,44,11)
178:(0,2,41,6,32,44,12)
179:(0,2,40,5,33,45,12)
180:(0,2,41,5,33,45,12)
181:(0,2,40,4,34,46,12)
182:(0,2,39,3,35,47,12)
183:(0,2,38,2,36,48,12)
184:(0,2,37,1,37,49,12)
185:(0,2,38,1,37,49,12)
186:(0,2,39,1,37,49,12)
187:(0,2,40,1,37,49,12)
188:(0,2,40,1,36,49,13)
189:(0,2,41,1,36,49,13)
190:(0,2,40,0,37,50,13)
191:(-1,-1,-1,-1,-1,-1,-1)