(r,l,rl,g,ga,gbg,gd)
0:(50,2,0,50,0,0,0)
1:(49,2,1,50,0,0,0)
2:(49,2,2,50,0,0,0)
3:(49,2,3,50,0,0,0)
4:(49,2,4,50,0,0,0)
5:(49,2,5,50,0,0,0)
6:(49,2,6,50,0,0,0)
7:(50,2,5,50,0,0,0)
8:(51,2,5,50,0,0,0)
9:(50,2,4,49,1,1,0)
10:(50,2,5,49,1,1,0)
11:(49,2,6,49,1,1,0)
12:(49,2,5,48,2,2,0)
13:(48,2,6,48,2,2,0)
14:(48,2,5,47,3,3,0)
15:(47,2,6,47,3,3,0)
16:(47,2,7,47,3,3,0)
17:(47,2,7,47,2,3,1)
18:(46,2,8,47,2,3,1)
19:(45,2,8,47,2,3,1)
20:(45,2,9,47,2,3,1)
21:(46,2,9,47,2,3,1)
22:(46,2,8,46,3,4,1)
23:(46,2,9,46,3,4,1)
24:(45,2,10,46,3,4,1)
25:(44,2,11,46,3,4,1)
26:(44,2,10,45,4,5,1)
27:(43,2,11,45,4,5,1)
28:(42,2,12,45,4,5,1)
29:(41,2,13,45,4,5,1)
30:(40,2,14,45,4,5,1)
31:(40,2,15,45,4,5,1)
32:(40,2,14,44,5,6,1)
33:(40,2,15,44,5,6,1)
34:(39,2,15,44,5,6,1)
35:(39,2,16,44,5,6,1)
36:(39,2,15,43,6,7,1)
37:(39,2,14,42,7,8,1)
38:(38,2,15,42,7,8,1)
39:(38,2,16,42,7,8,1)
40:(38,2,17,42,7,8,1)
41:(38,2,16,41,8,9,1)
42:(38,2,16,41,7,9,2)
43:(37,2,17,41,7,9,2)
44:(37,2,16,40,8,10,2)
45:(36,2,16,40,8,10,2)
46:(36,2,17,40,8,10,2)
47:(35,2,18,40,8,10,2)
48:(35,2,17,39,9,11,2)
49:(35,2,16,38,10,12,2)
50:(34,2,17,38,10,12,2)
51:(33,2,17,38,10,12,2)
52:(33,2,18,38,10,12,2)
53:(34,2,18,38,10,12,2)
54:(34,2,17,37,11,13,2)
55:(34,2,16,36,12,14,2)
56:(34,2,17,36,12,14,2)
57:(33,2,18,36,12,14,2)
58:(33,2,17,35,13,15,2)
59:(33,2,18,35,13,15,2)
60:(33,2,18,35,12,15,3)
61:(32,2,19,35,12,15,3)
62:(31,2,20,35,12,15,3)
63:(30,2,21,35,12,15,3)
64:(30,2,22,35,12,15,3)
65:(30,2,21,34,13,16,3)
66:(30,2,22,34,13,16,3)
67:(29,2,23,34,13,16,3)
68:(29,2,24,34,13,16,3)
69:(29,2,23,33,14,17,3)
70:(29,2,24,33,14,17,3)
71:(29,2,25,33,14,17,3)
72:(30,2,25,33,14,17,3)
73:(29,2,26,33,14,17,3)
74:(29,2,27,33,14,17,3)
75:(29,2,26,32,15,18,3)
76:(28,2,27,32,15,18,3)
77:(28,2,28,32,15,18,3)
78:(27,2,29,32,15,18,3)
79:(27,2,30,32,15,18,3)
80:(26,2,31,32,15,18,3)
81:(25,2,31,32,15,18,3)
82:(25,2,32,32,15,18,3)
83:(25,2,33,32,15,18,3)
84:(25,2,34,32,15,18,3)
85:(26,2,34,32,15,18,3)
86:(26,2,33,31,16,19,3)
87:(25,2,33,31,16,19,3)
88:(24,2,34,31,16,19,3)
89:(24,2,35,31,16,19,3)
90:(23,2,36,31,16,19,3)
91:(23,2,37,31,16,19,3)
92:(22,2,38,31,16,19,3)
93:(22,2,37,30,17,20,3)
94:(21,2,38,30,17,20,3)
95:(21,2,37,29,18,21,3)
96:(20,2,37,29,18,21,3)
97:(20,2,38,29,18,21,3)
98:(19,2,39,29,18,21,3)
99:(19,2,39,29,17,21,4)
100:(19,2,40,29,17,21,4)
101:(19,2,40,29,16,21,5)
102:(18,2,41,29,16,21,5)
103:(18,2,40,28,17,22,5)
104:(18,2,41,28,17,22,5)
105:(18,2,42,28,17,22,5)
106:(18,2,41,27,18,23,5)
107:(18,2,40,26,19,24,5)
108:(17,2,41,26,19,24,5)
109:(17,2,40,25,20,25,5)
110:(16,2,41,25,20,25,5)
111:(16,2,40,24,21,26,5)
112:(16,2,40,24,20,26,6)
113:(16,2,41,24,20,26,6)
114:(16,2,42,24,20,26,6)
115:(17,2,41,24,20,26,6)
116:(16,2,40,23,21,27,6)
117:(15,2,41,23,21,27,6)
118:(15,2,42,23,21,27,6)
119:(15,2,41,22,22,28,6)
120:(16,2,41,22,22,28,6)
121:(17,2,41,22,22,28,6)
122:(17,2,41,22,21,28,7)
123:(17,2,40,21,22,29,7)
124:(16,2,41,21,22,29,7)
125:(16,2,40,20,23,30,7)
126:(16,2,40,20,22,30,8)
127:(16,2,39,19,23,31,8)
128:(16,2,40,19,23,31,8)
129:(16,2,41,19,23,31,8)
130:(16,2,42,19,23,31,8)
131:(17,2,42,19,23,31,8)
132:(16,2,43,19,23,31,8)
133:(16,2,44,19,23,31,8)
134:(16,2,44,19,22,31,9)
135:(16,2,43,18,23,32,9)
136:(15,2,44,18,23,32,9)
137:(15,2,45,18,23,32,9)
138:(14,2,46,18,23,32,9)
139:(14,2,45,17,24,33,9)
140:(14,2,46,17,24,33,9)
141:(15,2,46,17,24,33,9)
142:(14,2,47,17,24,33,9)
143:(14,2,48,17,24,33,9)
144:(13,2,49,17,24,33,9)
145:(12,2,49,17,24,33,9)
146:(12,2,48,16,25,34,9)
147:(12,2,49,16,25,34,9)
148:(12,2,50,16,25,34,9)
149:(12,2,50,16,24,34,10)
150:(12,2,49,15,25,35,10)
151:(13,2,49,15,25,35,10)
152:(12,2,50,15,25,35,10)
153:(12,2,51,15,25,35,10)
154:(12,2,52,15,25,35,10)
155:(11,2,53,15,25,35,10)
156:(11,2,54,15,25,35,10)
157:(10,2,55,15,25,35,10)
158:(9,2,56,15,25,35,10)
159:(9,2,55,14,26,36,10)
160:(8,2,56,14,26,36,10)
161:(7,2,57,14,26,36,10)
162:(6,2,57,14,26,36,10)
163:(5,2,58,14,26,36,10)
164:(4,2,59,14,26,36,10)
165:(3,2,60,14,26,36,10)
166:(2,2,60,14,26,36,10)
167:(2,2,59,13,27,37,10)
168:(2,2,58,12,28,38,10)
169:(1,2,59,12,28,38,10)
170:(0,2,59,12,28,38,10)
171:(0,2,58,11,29,39,10)
172:(1,2,58,11,29,39,10)
173:(1,2,58,11,28,39,11)
174:(0,2,59,11,28,39,11)
175:(0,2,58,10,29,40,11)
176:(0,2,59,10,29,40,11)
177:(0,2,58,9,30,41,11)
178:(1,2,58,9,30,41,11)
179:(0,2,59,9,30,41,11)
180:(0,2,58,8,31,42,11)
181:(0,2,58,9,31,41,10)
182:(0,2,57,7,32,43,11)
183:(0,2,56,6,33,44,11)
184:(0,2,55,5,34,45,11)
185:(0,2,54,4,35,46,11)
186:(0,2,53,3,36,47,11)
187:(0,2,52,2,37,48,11)
188:(1,2,52,2,37,48,11)
189:(0,2,53,2,37,48,11)
190:(0,2,53,2,36,48,12)
191:(0,2,52,1,37,49,12)
192:(0,2,53,1,37,49,12)
193:(0,2,52,0,38,50,12)
194:(-1,-1,-1,-1,-1,-1,-1)