(r,l,rl,g,ga,gbg,gd)
0:(-1,-1,-1,-1,-1,-1,-1)
1:(0,2,63,23,20,27,7)
2:(0,2,64,23,20,27,7)
3:(0,2,65,23,20,27,7)
4:(0,2,66,19,23,31,8)
5:(0,2,66,19,24,31,7)
6:(0,2,66,20,23,30,7)
7:(0,2,66,23,20,27,7)
8:(0,2,67,16,20,34,14)
9:(0,2,67,19,23,31,8)
10:(0,2,67,20,23,30,7)
11:(0,2,67,21,22,29,7)
12:(0,2,67,23,20,27,7)
13:(0,2,68,15,20,35,15)
14:(0,2,68,16,20,34,14)
15:(0,2,68,17,19,33,14)
16:(0,2,68,19,20,31,11)
17:(0,2,68,22,21,28,7)
18:(0,2,68,23,20,27,7)
19:(0,2,69,15,20,35,15)
20:(0,2,69,16,19,34,15)
21:(0,2,69,16,20,34,14)
22:(0,2,69,18,18,32,14)
23:(0,2,69,19,17,31,14)
24:(0,2,69,19,18,31,13)
25:(0,2,69,19,19,31,12)
26:(0,2,69,19,20,31,11)
27:(0,2,69,23,20,27,7)
28:(0,2,70,15,20,35,15)
29:(0,2,70,19,17,31,14)
30:(0,2,74,12,22,38,16)
31:(0,2,75,11,21,39,18)
32:(0,2,75,12,21,38,17)
33:(0,2,75,12,22,38,16)
34:(0,2,75,13,21,37,16)
35:(0,2,76,7,24,43,19)
36:(0,2,76,10,21,40,19)
37:(0,2,76,11,20,39,19)
38:(0,2,76,11,21,39,18)
39:(0,2,76,12,20,38,18)
40:(0,2,76,12,21,38,17)
41:(0,2,76,14,20,36,16)
42:(0,2,77,5,26,45,19)
43:(0,2,77,5,27,45,18)
44:(0,2,77,7,24,43,19)
45:(0,2,77,8,23,42,19)
46:(0,2,77,9,22,41,19)
47:(0,2,77,10,21,40,19)
48:(0,2,77,11,20,39,19)
49:(0,2,78,5,26,45,19)
50:(0,2,78,6,25,44,19)
51:(0,2,78,6,26,44,18)
52:(0,2,78,7,24,43,19)
53:(0,2,78,10,21,40,19)
54:(0,2,79,6,25,44,19)
55:(0,2,79,7,24,43,19)
56:(1,2,60,24,20,26,6)
57:(1,2,61,24,20,26,6)
58:(1,2,62,23,20,27,7)
59:(1,2,62,24,20,26,6)
60:(1,2,63,24,19,26,7)
61:(1,2,63,24,20,26,6)
62:(1,2,67,19,20,31,11)
63:(1,2,67,19,21,31,10)
64:(1,2,67,19,22,31,9)
65:(1,2,67,19,23,31,8)
66:(1,2,70,14,21,36,15)
67:(1,2,70,15,20,35,15)
68:(1,2,71,14,20,36,16)
69:(1,2,71,14,21,36,15)
70:(1,2,71,15,20,35,15)
71:(1,2,72,14,20,36,16)
72:(1,2,73,14,20,36,16)
73:(1,2,74,14,20,36,16)
74:(1,2,75,14,20,36,16)
75:(1,2,76,8,23,42,19)
76:(1,2,76,9,22,41,19)
77:(1,2,77,4,27,46,19)
78:(1,2,77,9,22,41,19)
79:(1,2,77,10,21,40,19)
80:(1,2,78,3,28,47,19)
81:(1,2,78,4,27,46,19)
82:(1,2,78,5,26,45,19)
83:(1,2,78,7,24,43,19)
84:(1,2,79,4,27,46,19)
85:(2,2,59,24,20,26,6)
86:(2,2,60,25,19,25,6)
87:(2,2,61,26,18,24,6)
88:(2,2,62,27,17,23,6)
89:(2,2,77,0,31,50,19)
90:(2,2,78,1,30,49,19)
91:(2,2,78,3,28,47,19)
92:(2,2,79,2,29,48,19)
93:(2,2,79,3,28,47,19)
94:(2,2,80,3,28,47,19)
95:(3,2,61,27,17,23,6)
96:(4,2,60,27,17,23,6)
97:(4,2,61,27,17,23,6)
98:(5,2,55,27,17,23,6)
99:(5,2,58,27,17,23,6)
100:(5,2,59,27,17,23,6)
101:(6,2,51,27,17,23,6)
102:(6,2,52,27,17,23,6)
103:(6,2,53,27,17,23,6)
104:(6,2,54,27,17,23,6)
105:(6,2,55,27,17,23,6)
106:(6,2,56,27,17,23,6)
107:(6,2,57,27,17,23,6)
108:(7,2,49,27,17,23,6)
109:(7,2,50,27,17,23,6)
110:(8,2,46,27,17,23,6)
111:(8,2,47,27,17,23,6)
112:(8,2,47,28,16,22,6)
113:(8,2,48,27,17,23,6)
114:(8,2,48,29,15,21,6)
115:(8,2,49,27,17,23,6)
116:(9,2,47,29,15,21,6)
117:(10,2,46,29,15,21,6)
118:(10,2,46,30,14,20,6)
119:(10,2,47,30,14,20,6)
120:(11,2,44,30,15,20,5)
121:(11,2,45,30,15,20,5)
122:(11,2,45,31,14,19,5)
123:(11,2,46,30,14,20,6)
124:(11,2,46,30,15,20,5)
125:(12,2,44,31,14,19,5)
126:(13,2,43,31,14,19,5)
127:(13,2,44,32,13,18,5)
128:(14,2,42,32,13,18,5)
129:(14,2,43,32,13,18,5)
130:(14,2,43,33,12,17,5)
131:(15,2,42,33,12,17,5)
132:(16,2,42,33,12,17,5)
133:(17,2,41,33,12,17,5)
134:(17,2,41,35,10,15,5)
135:(17,2,42,34,11,16,5)
136:(17,2,42,35,10,15,5)
137:(17,2,42,36,9,14,5)
138:(17,2,42,36,10,14,4)
139:(17,2,43,35,10,15,5)
140:(18,2,41,36,10,14,4)
141:(18,2,42,35,10,15,5)
142:(18,2,42,37,9,13,4)
143:(18,2,43,38,8,12,4)
144:(19,2,42,38,8,12,4)
145:(19,2,42,39,7,11,4)
146:(19,2,42,39,8,11,3)
147:(19,2,43,39,7,11,4)
148:(20,2,41,39,8,11,3)
149:(20,2,42,40,7,10,3)
150:(20,2,43,39,7,11,4)
151:(21,2,39,40,7,10,3)
152:(21,2,40,40,7,10,3)
153:(21,2,41,40,7,10,3)
154:(22,2,37,40,7,10,3)
155:(22,2,38,40,7,10,3)
156:(23,2,35,40,7,10,3)
157:(23,2,36,40,7,10,3)
158:(24,2,35,40,7,10,3)
159:(25,2,34,40,7,10,3)
160:(26,2,33,40,7,10,3)
161:(26,2,33,40,8,10,2)
162:(27,2,30,40,8,10,2)
163:(27,2,31,40,8,10,2)
164:(27,2,32,40,8,10,2)
165:(28,2,30,40,8,10,2)
166:(29,2,29,40,8,10,2)
167:(30,2,27,40,8,10,2)
168:(30,2,28,40,8,10,2)
169:(31,2,25,40,8,10,2)
170:(31,2,26,40,8,10,2)
171:(31,2,26,41,7,9,2)
172:(31,2,27,40,8,10,2)
173:(32,2,24,41,7,9,2)
174:(32,2,24,41,8,9,1)
175:(32,2,25,41,7,9,2)
176:(33,2,23,41,8,9,1)
177:(34,2,21,41,8,9,1)
178:(34,2,22,41,8,9,1)
179:(35,2,20,41,8,9,1)
180:(35,2,21,42,7,8,1)
181:(36,2,20,41,8,9,1)
182:(36,2,20,42,7,8,1)
183:(36,2,21,42,7,8,1)
184:(36,2,21,43,6,7,1)
185:(36,2,22,44,5,6,1)
186:(37,2,19,45,4,5,1)
187:(37,2,19,47,3,3,0)
188:(37,2,20,44,5,6,1)
189:(37,2,20,45,4,5,1)
190:(37,2,20,47,2,3,1)
191:(37,2,21,44,5,6,1)
192:(37,2,21,45,4,5,1)
193:(38,2,17,48,2,2,0)
194:(38,2,18,45,4,5,1)
195:(38,2,18,47,3,3,0)
196:(38,2,18,48,2,2,0)
197:(38,2,19,45,4,5,1)
198:(38,2,19,46,3,4,1)
199:(38,2,19,47,2,3,1)
200:(38,2,19,47,3,3,0)
201:(38,2,19,48,2,2,0)
202:(38,2,20,47,2,3,1)
203:(39,2,16,48,2,2,0)
204:(40,2,13,48,2,2,0)
205:(40,2,14,48,2,2,0)
206:(40,2,15,48,2,2,0)
207:(41,2,11,48,2,2,0)
208:(41,2,12,48,2,2,0)
209:(42,2,10,48,1,2,1)
210:(42,2,10,48,2,2,0)
211:(42,2,11,48,1,2,1)
212:(42,2,11,48,2,2,0)
213:(42,2,11,49,1,1,0)
214:(43,2,7,48,1,2,1)
215:(43,2,8,48,1,2,1)
216:(43,2,8,49,0,1,1)
217:(43,2,9,48,1,2,1)
218:(44,2,7,49,0,1,1)
219:(45,2,7,49,0,1,1)
220:(46,2,6,49,0,1,1)
221:(46,2,6,49,1,1,0)
222:(47,2,4,49,1,1,0)
223:(47,2,5,49,1,1,0)
224:(47,2,5,50,0,0,0)
225:(48,2,4,50,0,0,0)
226:(48,2,5,50,0,0,0)
227:(49,2,2,50,0,0,0)
228:(49,2,3,50,0,0,0)
229:(50,2,0,50,0,0,0)
230:(50,2,1,50,0,0,0)
231:(50,2,2,50,0,0,0)
232:(51,2,0,50,0,0,0)
