(r,l,rl,g,ga,gbg,gd)
0:(-1,-1,-1,-1,-1,-1,-1)
1:(0,2,63,10,30,40,10)
2:(0,2,64,1,38,49,11)
3:(0,2,64,6,34,44,10)
4:(0,2,64,7,33,43,10)
5:(0,2,64,10,30,40,10)
6:(0,2,64,11,29,39,10)
7:(0,2,65,1,38,49,11)
8:(0,2,65,2,37,48,11)
9:(0,2,65,3,36,47,11)
10:(0,2,65,4,35,46,11)
11:(0,2,65,6,34,44,10)
12:(0,2,65,7,33,43,10)
13:(0,2,65,8,32,42,10)
14:(0,2,65,10,30,40,10)
15:(0,2,66,1,38,49,11)
16:(0,2,66,3,36,47,11)
17:(0,2,66,4,35,46,11)
18:(0,2,66,5,34,45,11)
19:(0,2,66,6,33,44,11)
20:(0,2,66,6,34,44,10)
21:(0,2,66,9,31,41,10)
22:(0,2,66,10,30,40,10)
23:(0,2,67,1,38,49,11)
24:(0,2,67,6,33,44,11)
25:(0,2,67,10,30,40,10)
26:(0,2,68,0,39,50,11)
27:(0,2,68,1,38,49,11)
28:(0,2,69,1,38,49,11)
29:(1,2,58,11,30,39,9)
30:(1,2,61,11,29,39,10)
31:(1,2,62,11,29,39,10)
32:(1,2,63,10,30,40,10)
33:(1,2,63,11,29,39,10)
34:(1,2,67,1,38,49,11)
35:(1,2,68,1,38,49,11)
36:(2,2,57,11,30,39,9)
37:(2,2,58,11,30,39,9)
38:(2,2,59,11,29,39,10)
39:(2,2,59,11,30,39,9)
40:(2,2,60,11,29,39,10)
41:(3,2,57,11,30,39,9)
42:(4,2,56,11,30,39,9)
43:(5,2,55,11,30,39,9)
44:(6,2,52,11,30,39,9)
45:(6,2,52,12,29,38,9)
46:(6,2,53,11,30,39,9)
47:(6,2,53,12,29,38,9)
48:(6,2,53,13,28,37,9)
49:(6,2,54,11,30,39,9)
50:(6,2,54,14,27,36,9)
51:(6,2,54,15,27,35,8)
52:(6,2,55,15,26,35,9)
53:(6,2,55,15,27,35,8)
54:(6,2,55,16,26,34,8)
55:(6,2,56,17,25,33,8)
56:(6,2,56,18,24,32,8)
57:(6,2,57,18,24,32,8)
58:(7,2,54,18,24,32,8)
59:(7,2,55,18,24,32,8)
60:(7,2,56,18,24,32,8)
61:(8,2,53,18,24,32,8)
62:(9,2,53,18,24,32,8)
63:(9,2,54,19,23,31,8)
64:(9,2,54,20,22,30,8)
65:(9,2,55,20,22,30,8)
66:(10,2,53,20,22,30,8)
67:(11,2,53,20,22,30,8)
68:(11,2,54,21,21,29,8)
69:(11,2,54,21,22,29,7)
70:(12,2,53,21,22,29,7)
71:(12,2,54,22,21,28,7)
72:(13,2,53,22,21,28,7)
73:(13,2,54,24,20,26,6)
74:(13,2,55,24,20,26,6)
75:(14,2,52,22,21,28,7)
76:(14,2,53,23,20,27,7)
77:(14,2,54,24,19,26,7)
78:(14,2,54,24,20,26,6)
79:(15,2,53,24,20,26,6)
80:(15,2,54,25,19,25,6)
81:(16,2,53,25,19,25,6)
82:(16,2,54,26,18,24,6)
83:(17,2,53,26,18,24,6)
84:(18,2,52,26,18,24,6)
85:(18,2,53,27,17,23,6)
86:(19,2,52,29,15,21,6)
87:(19,2,53,27,17,23,6)
88:(19,2,53,29,15,21,6)
89:(19,2,54,29,15,21,6)
90:(20,2,51,29,15,21,6)
91:(20,2,51,33,12,17,5)
92:(20,2,52,27,17,23,6)
93:(20,2,52,30,14,20,6)
94:(20,2,52,30,15,20,5)
95:(20,2,52,33,12,17,5)
96:(20,2,53,28,16,22,6)
97:(20,2,53,31,14,19,5)
98:(20,2,53,32,13,18,5)
99:(20,2,53,33,12,17,5)
100:(20,2,54,29,15,21,6)
101:(20,2,54,33,12,17,5)
102:(21,2,46,34,11,16,5)
103:(21,2,47,33,12,17,5)
104:(21,2,47,34,11,16,5)
105:(21,2,48,34,11,16,5)
106:(21,2,51,33,12,17,5)
107:(21,2,52,31,14,19,5)
108:(21,2,53,32,13,18,5)
109:(22,2,43,34,11,16,5)
110:(22,2,44,34,11,16,5)
111:(22,2,45,34,11,16,5)
112:(22,2,47,33,12,17,5)
113:(22,2,48,33,12,17,5)
114:(22,2,49,33,12,17,5)
115:(22,2,50,33,12,17,5)
116:(23,2,42,34,11,16,5)
117:(23,2,43,34,11,16,5)
118:(24,2,34,35,11,15,4)
119:(24,2,37,35,11,15,4)
120:(24,2,38,34,12,16,4)
121:(24,2,38,35,11,15,4)
122:(24,2,39,34,12,16,4)
123:(24,2,39,35,11,15,4)
124:(24,2,40,34,12,16,4)
125:(24,2,41,34,11,16,5)
126:(24,2,41,34,12,16,4)
127:(25,2,32,35,11,15,4)
128:(25,2,33,35,11,15,4)
129:(25,2,34,35,11,15,4)
130:(25,2,35,35,11,15,4)
131:(25,2,36,35,11,15,4)
132:(26,2,30,36,10,14,4)
133:(26,2,31,35,11,15,4)
134:(26,2,35,35,11,15,4)
135:(27,2,29,35,11,15,4)
136:(27,2,30,35,11,15,4)
137:(27,2,30,36,10,14,4)
138:(27,2,31,37,9,13,4)
139:(27,2,31,37,10,13,3)
140:(28,2,30,37,10,13,3)
141:(29,2,29,37,10,13,3)
142:(30,2,25,37,10,13,3)
143:(30,2,26,37,10,13,3)
144:(30,2,26,38,9,12,3)
145:(30,2,27,39,8,11,3)
146:(30,2,28,37,10,13,3)
147:(31,2,25,39,8,11,3)
148:(31,2,26,37,10,13,3)
149:(31,2,26,39,8,11,3)
150:(31,2,27,37,10,13,3)
151:(32,2,24,39,8,11,3)
152:(33,2,23,39,8,11,3)
153:(33,2,23,39,9,11,2)
154:(34,2,21,39,9,11,2)
155:(34,2,22,39,9,11,2)
156:(34,2,22,40,8,10,2)
157:(35,2,20,40,8,10,2)
158:(35,2,21,39,9,11,2)
159:(35,2,21,40,8,10,2)
160:(35,2,21,41,7,9,2)
161:(35,2,22,42,6,8,2)
162:(35,2,22,42,7,8,1)
163:(36,2,18,42,7,8,1)
164:(36,2,20,42,7,8,1)
165:(36,2,21,42,7,8,1)
166:(36,2,22,42,7,8,1)
167:(37,2,16,42,7,8,1)
168:(37,2,17,42,7,8,1)
169:(37,2,18,42,7,8,1)
170:(37,2,19,42,7,8,1)
171:(38,2,13,42,7,8,1)
172:(38,2,14,42,7,8,1)
173:(38,2,15,42,7,8,1)
174:(38,2,16,42,7,8,1)
175:(39,2,12,42,7,8,1)
176:(40,2,11,42,7,8,1)
177:(41,2,6,45,4,5,1)
178:(41,2,6,46,4,4,0)
179:(41,2,7,45,4,5,1)
180:(41,2,7,46,3,4,1)
181:(41,2,7,46,4,4,0)
182:(41,2,8,42,7,8,1)
183:(41,2,8,46,3,4,1)
184:(41,2,9,42,7,8,1)
185:(41,2,9,43,6,7,1)
186:(41,2,9,45,4,5,1)
187:(41,2,10,42,7,8,1)
188:(41,2,10,44,5,6,1)
189:(41,2,11,45,4,5,1)
190:(42,2,6,45,4,5,1)
191:(42,2,6,46,3,4,1)
192:(42,2,6,46,4,4,0)
193:(42,2,6,47,3,3,0)
194:(42,2,7,45,4,5,1)
195:(42,2,7,46,3,4,1)
196:(42,2,7,47,3,3,0)
197:(42,2,8,45,4,5,1)
198:(42,2,9,42,7,8,1)
199:(42,2,9,45,4,5,1)
200:(42,2,10,45,4,5,1)
201:(43,2,6,47,3,3,0)
202:(43,2,7,48,2,2,0)
203:(44,2,6,48,2,2,0)
204:(45,2,5,48,2,2,0)
205:(46,2,4,48,2,2,0)
206:(46,2,5,49,1,1,0)
207:(46,2,6,50,0,0,0)
208:(47,2,5,50,0,0,0)
209:(48,2,3,50,0,0,0)
210:(48,2,4,50,0,0,0)
211:(49,2,0,50,0,0,0)
212:(49,2,1,50,0,0,0)
213:(49,2,3,50,0,0,0)
214:(50,2,0,50,0,0,0)
215:(50,2,1,50,0,0,0)
216:(50,2,3,50,0,0,0)
217:(51,2,1,50,0,0,0)
218:(51,2,2,50,0,0,0)
