(r,l,rl,g,ga,gbg,gd)
0:(50,2,0,50,0,0,0)
1:(49,2,0,50,0,0,0)
2:(49,2,1,50,0,0,0)
3:(50,2,1,50,0,0,0)
4:(51,2,1,50,0,0,0)
5:(51,2,2,50,0,0,0)
6:(50,2,3,50,0,0,0)
7:(49,2,3,50,0,0,0)
8:(48,2,3,50,0,0,0)
9:(48,2,4,50,0,0,0)
10:(47,2,5,50,0,0,0)
11:(46,2,6,50,0,0,0)
12:(46,2,5,49,1,1,0)
13:(46,2,4,48,2,2,0)
14:(45,2,5,48,2,2,0)
15:(44,2,6,48,2,2,0)
16:(43,2,7,48,2,2,0)
17:(43,2,6,47,3,3,0)
18:(42,2,6,47,3,3,0)
19:(42,2,7,47,3,3,0)
20:(42,2,6,46,4,4,0)
21:(42,2,6,46,3,4,1)
22:(42,2,7,46,3,4,1)
23:(42,2,6,45,4,5,1)
24:(41,2,6,45,4,5,1)
25:(41,2,6,46,4,4,0)
26:(41,2,7,46,4,4,0)
27:(41,2,7,46,3,4,1)
28:(41,2,8,46,3,4,1)
29:(41,2,7,45,4,5,1)
30:(42,2,7,45,4,5,1)
31:(42,2,8,45,4,5,1)
32:(41,2,9,45,4,5,1)
33:(42,2,9,45,4,5,1)
34:(42,2,10,45,4,5,1)
35:(41,2,11,45,4,5,1)
36:(41,2,10,44,5,6,1)
37:(41,2,9,43,6,7,1)
38:(41,2,8,42,7,8,1)
39:(41,2,9,42,7,8,1)
40:(42,2,9,42,7,8,1)
41:(41,2,10,42,7,8,1)
42:(40,2,11,42,7,8,1)
43:(39,2,12,42,7,8,1)
44:(38,2,13,42,7,8,1)
45:(38,2,14,42,7,8,1)
46:(38,2,15,42,7,8,1)
47:(38,2,16,42,7,8,1)
48:(37,2,16,42,7,8,1)
49:(37,2,17,42,7,8,1)
50:(36,2,18,42,7,8,1)
51:(37,2,18,42,7,8,1)
52:(37,2,19,42,7,8,1)
53:(36,2,20,42,7,8,1)
54:(36,2,21,42,7,8,1)
55:(36,2,22,42,7,8,1)
56:(35,2,22,42,7,8,1)
57:(35,2,22,42,6,8,2)
58:(35,2,21,41,7,9,2)
59:(35,2,20,40,8,10,2)
60:(35,2,21,40,8,10,2)
61:(34,2,22,40,8,10,2)
62:(34,2,21,39,9,11,2)
63:(35,2,21,39,9,11,2)
64:(34,2,22,39,9,11,2)
65:(33,2,23,39,9,11,2)
66:(33,2,23,39,8,11,3)
67:(32,2,24,39,8,11,3)
68:(31,2,25,39,8,11,3)
69:(31,2,26,39,8,11,3)
70:(30,2,27,39,8,11,3)
71:(30,2,26,38,9,12,3)
72:(30,2,25,37,10,13,3)
73:(30,2,26,37,10,13,3)
74:(31,2,26,37,10,13,3)
75:(31,2,27,37,10,13,3)
76:(30,2,28,37,10,13,3)
77:(29,2,29,37,10,13,3)
78:(28,2,30,37,10,13,3)
79:(27,2,31,37,10,13,3)
80:(27,2,31,37,9,13,4)
81:(27,2,30,36,10,14,4)
82:(26,2,30,36,10,14,4)
83:(27,2,29,35,11,15,4)
84:(27,2,30,35,11,15,4)
85:(26,2,31,35,11,15,4)
86:(25,2,32,35,11,15,4)
87:(25,2,33,35,11,15,4)
88:(24,2,34,35,11,15,4)
89:(25,2,34,35,11,15,4)
90:(25,2,35,35,11,15,4)
91:(26,2,35,35,11,15,4)
92:(25,2,36,35,11,15,4)
93:(24,2,37,35,11,15,4)
94:(24,2,38,35,11,15,4)
95:(24,2,39,35,11,15,4)
96:(24,2,38,34,12,16,4)
97:(24,2,39,34,12,16,4)
98:(24,2,40,34,12,16,4)
99:(24,2,41,34,12,16,4)
100:(24,2,41,34,11,16,5)
101:(23,2,42,34,11,16,5)
102:(23,2,43,34,11,16,5)
103:(22,2,43,34,11,16,5)
104:(22,2,44,34,11,16,5)
105:(22,2,45,34,11,16,5)
106:(21,2,46,34,11,16,5)
107:(21,2,47,34,11,16,5)
108:(21,2,48,34,11,16,5)
109:(21,2,47,33,12,17,5)
110:(22,2,47,33,12,17,5)
111:(22,2,48,33,12,17,5)
112:(22,2,49,33,12,17,5)
113:(22,2,50,33,12,17,5)
114:(21,2,51,33,12,17,5)
115:(20,2,51,33,12,17,5)
116:(20,2,52,33,12,17,5)
117:(20,2,53,33,12,17,5)
118:(20,2,54,33,12,17,5)
119:(20,2,53,32,13,18,5)
120:(21,2,53,32,13,18,5)
121:(21,2,52,31,14,19,5)
122:(20,2,53,31,14,19,5)
123:(20,2,52,30,15,20,5)
124:(20,2,52,30,14,20,6)
125:(20,2,51,29,15,21,6)
126:(19,2,52,29,15,21,6)
127:(19,2,53,29,15,21,6)
128:(19,2,54,29,15,21,6)
129:(20,2,54,29,15,21,6)
130:(20,2,53,28,16,22,6)
131:(20,2,52,27,17,23,6)
132:(19,2,53,27,17,23,6)
133:(18,2,53,27,17,23,6)
134:(18,2,52,26,18,24,6)
135:(17,2,53,26,18,24,6)
136:(16,2,54,26,18,24,6)
137:(16,2,53,25,19,25,6)
138:(15,2,54,25,19,25,6)
139:(15,2,53,24,20,26,6)
140:(14,2,54,24,20,26,6)
141:(13,2,54,24,20,26,6)
142:(13,2,55,24,20,26,6)
143:(14,2,54,24,19,26,7)
144:(14,2,53,23,20,27,7)
145:(14,2,52,22,21,28,7)
146:(13,2,53,22,21,28,7)
147:(12,2,54,22,21,28,7)
148:(12,2,53,21,22,29,7)
149:(11,2,54,21,22,29,7)
150:(11,2,54,21,21,29,8)
151:(11,2,53,20,22,30,8)
152:(10,2,53,20,22,30,8)
153:(9,2,54,20,22,30,8)
154:(9,2,55,20,22,30,8)
155:(9,2,54,19,23,31,8)
156:(9,2,53,18,24,32,8)
157:(8,2,53,18,24,32,8)
158:(7,2,54,18,24,32,8)
159:(7,2,55,18,24,32,8)
160:(7,2,56,18,24,32,8)
161:(6,2,56,18,24,32,8)
162:(6,2,57,18,24,32,8)
163:(6,2,56,17,25,33,8)
164:(6,2,55,16,26,34,8)
165:(6,2,54,15,27,35,8)
166:(6,2,55,15,27,35,8)
167:(6,2,55,15,26,35,9)
168:(6,2,54,14,27,36,9)
169:(6,2,53,13,28,37,9)
170:(6,2,52,12,29,38,9)
171:(6,2,53,12,29,38,9)
172:(6,2,52,11,30,39,9)
173:(6,2,53,11,30,39,9)
174:(6,2,54,11,30,39,9)
175:(5,2,55,11,30,39,9)
176:(4,2,56,11,30,39,9)
177:(3,2,57,11,30,39,9)
178:(2,2,57,11,30,39,9)
179:(1,2,58,11,30,39,9)
180:(2,2,58,11,30,39,9)
181:(2,2,59,11,30,39,9)
182:(2,2,59,11,29,39,10)
183:(2,2,60,11,29,39,10)
184:(1,2,61,11,29,39,10)
185:(1,2,62,11,29,39,10)
186:(1,2,63,11,29,39,10)
187:(0,2,64,11,29,39,10)
188:(0,2,63,10,30,40,10)
189:(1,2,63,10,30,40,10)
190:(0,2,64,10,30,40,10)
191:(0,2,65,10,30,40,10)
192:(0,2,66,10,30,40,10)
193:(0,2,67,10,30,40,10)
194:(0,2,66,9,31,41,10)
195:(0,2,65,8,32,42,10)
196:(0,2,64,7,33,43,10)
197:(0,2,65,7,33,43,10)
198:(0,2,64,6,34,44,10)
199:(0,2,65,6,34,44,10)
200:(0,2,66,6,34,44,10)
201:(0,2,66,6,33,44,11)
202:(0,2,67,6,33,44,11)
203:(0,2,66,5,34,45,11)
204:(0,2,65,4,35,46,11)
205:(0,2,66,4,35,46,11)
206:(0,2,65,3,36,47,11)
207:(0,2,66,3,36,47,11)
208:(0,2,65,2,37,48,11)
209:(0,2,64,1,38,49,11)
210:(0,2,65,1,38,49,11)
211:(0,2,66,1,38,49,11)
212:(0,2,67,1,38,49,11)
213:(0,2,68,1,38,49,11)
214:(1,2,67,1,38,49,11)
215:(1,2,68,1,38,49,11)
216:(0,2,69,1,38,49,11)
217:(0,2,68,0,39,50,11)
218:(-1,-1,-1,-1,-1,-1,-1)