(r,l,rl,g,ga,gbg,gd)
0:(-1,-1,-1,-1,-1,-1,-1)
1:(15,2,17,4,35,46,11)
2:(15,2,17,6,33,44,11)
3:(15,2,18,5,34,45,11)
4:(15,2,18,7,32,43,11)
5:(15,2,19,8,31,42,11)
6:(16,2,14,0,38,50,12)
7:(16,2,15,1,37,49,12)
8:(16,2,15,1,38,49,11)
9:(16,2,15,2,37,48,11)
10:(16,2,16,2,37,48,11)
11:(16,2,16,3,36,47,11)
12:(16,2,17,4,35,46,11)
13:(16,2,17,6,33,44,11)
14:(16,2,17,8,31,42,11)
15:(16,2,18,5,34,45,11)
16:(16,2,18,6,33,44,11)
17:(16,2,18,8,31,42,11)
18:(16,2,19,6,33,44,11)
19:(17,2,13,8,32,42,10)
20:(17,2,14,8,31,42,11)
21:(17,2,14,8,32,42,10)
22:(17,2,14,9,31,41,10)
23:(17,2,15,2,37,48,11)
24:(17,2,16,8,31,42,11)
25:(18,2,14,8,31,42,11)
26:(18,2,14,9,31,41,10)
27:(18,2,15,8,31,42,11)
28:(18,2,15,10,30,40,10)
29:(18,2,16,11,29,39,10)
30:(18,2,16,12,28,38,10)
31:(18,2,17,12,28,38,10)
32:(18,2,17,13,27,37,10)
33:(19,2,16,13,27,37,10)
34:(19,2,16,15,26,35,9)
35:(19,2,17,14,26,36,10)
36:(19,2,17,15,26,35,9)
37:(19,2,18,15,25,35,10)
38:(19,2,18,15,26,35,9)
39:(20,2,15,15,26,35,9)
40:(20,2,15,15,27,35,8)
41:(21,2,14,15,27,35,8)
42:(21,2,15,15,26,35,9)
43:(21,2,15,15,27,35,8)
44:(22,2,14,15,27,35,8)
45:(23,2,13,15,27,35,8)
46:(23,2,14,16,26,34,8)
47:(24,2,13,16,26,34,8)
48:(24,2,13,17,25,33,8)
49:(25,2,12,16,26,34,8)
50:(25,2,12,17,25,33,8)
51:(25,2,13,17,25,33,8)
52:(25,2,13,18,24,32,8)
53:(25,2,14,19,23,31,8)
54:(25,2,15,20,22,30,8)
55:(26,2,12,21,23,29,6)
56:(26,2,13,21,23,29,6)
57:(26,2,14,20,22,30,8)
58:(26,2,15,21,22,29,7)
59:(27,2,10,21,23,29,6)
60:(27,2,11,21,23,29,6)
61:(27,2,13,21,22,29,7)
62:(27,2,13,21,23,29,6)
63:(27,2,14,20,22,30,8)
64:(27,2,14,21,22,29,7)
65:(27,2,15,21,21,29,8)
66:(28,2,9,21,23,29,6)
67:(28,2,9,21,24,29,5)
68:(28,2,9,26,19,24,5)
69:(28,2,10,22,23,28,5)
70:(28,2,10,26,19,24,5)
71:(28,2,11,23,22,27,5)
72:(28,2,12,24,21,26,5)
73:(28,2,14,21,21,29,8)
74:(28,2,14,21,22,29,7)
75:(29,2,7,26,19,24,5)
76:(29,2,8,24,21,26,5)
77:(29,2,8,26,19,24,5)
78:(29,2,8,27,18,23,5)
79:(29,2,9,24,21,26,5)
80:(29,2,9,25,20,25,5)
81:(29,2,9,28,17,22,5)
82:(29,2,10,24,21,26,5)
83:(29,2,10,26,19,24,5)
84:(29,2,10,29,16,21,5)
85:(29,2,11,24,21,26,5)
86:(29,2,11,30,15,20,5)
87:(30,2,10,30,15,20,5)
88:(31,2,10,30,15,20,5)
89:(31,2,10,30,16,20,4)
90:(31,2,11,31,15,19,4)
91:(31,2,12,32,14,18,4)
92:(31,2,13,33,13,17,4)
93:(32,2,12,33,13,17,4)
94:(33,2,10,33,13,17,4)
95:(33,2,11,33,13,17,4)
96:(34,2,9,33,13,17,4)
97:(35,2,8,33,13,17,4)
98:(35,2,9,34,12,16,4)
99:(35,2,10,35,11,15,4)
100:(35,2,11,36,10,14,4)
101:(35,2,12,37,9,13,4)
102:(35,2,13,38,8,12,4)
103:(35,2,14,39,7,11,4)
104:(35,2,14,39,8,11,3)
105:(35,2,15,41,6,9,3)
106:(35,2,16,42,5,8,3)
107:(35,2,17,43,4,7,3)
108:(36,2,8,33,13,17,4)
109:(36,2,13,39,8,11,3)
110:(36,2,14,40,7,10,3)
111:(36,2,15,41,6,9,3)
112:(36,2,17,43,4,7,3)
113:(37,2,13,44,4,6,2)
114:(37,2,13,44,5,6,1)
115:(37,2,16,43,4,7,3)
116:(37,2,16,43,5,7,2)
117:(37,2,16,44,4,6,2)
118:(37,2,17,44,4,6,2)
119:(38,2,12,44,5,6,1)
120:(38,2,13,44,4,6,2)
121:(38,2,14,44,4,6,2)
122:(38,2,15,44,4,6,2)
123:(39,2,7,44,5,6,1)
124:(39,2,8,44,5,6,1)
125:(39,2,9,44,5,6,1)
126:(39,2,10,44,5,6,1)
127:(39,2,11,44,5,6,1)
128:(40,2,7,44,5,6,1)
129:(41,2,6,44,5,6,1)
130:(42,2,5,44,5,6,1)
131:(42,2,6,45,4,5,1)
132:(42,2,6,45,5,5,0)
133:(42,2,6,46,4,4,0)
134:(42,2,7,46,4,4,0)
135:(43,2,5,46,4,4,0)
136:(43,2,6,47,3,3,0)
137:(44,2,5,47,3,3,0)
138:(44,2,6,47,3,3,0)
139:(44,2,6,48,2,2,0)
140:(45,2,5,48,2,2,0)
141:(45,2,6,49,1,1,0)
142:(46,2,5,49,1,1,0)
143:(47,2,5,49,1,1,0)
144:(48,2,3,49,1,1,0)
145:(48,2,4,49,1,1,0)
146:(48,2,5,49,1,1,0)
147:(49,2,1,50,0,0,0)
148:(49,2,3,49,1,1,0)
149:(49,2,4,49,1,1,0)
150:(49,2,5,49,1,1,0)
151:(50,2,0,50,0,0,0)
152:(50,2,2,49,1,1,0)
153:(51,2,0,49,1,1,0)
154:(51,2,0,50,0,0,0)
155:(51,2,1,49,1,1,0)
156:(51,2,1,50,0,0,0)
157:(51,2,2,48,1,2,1)
158:(51,2,2,49,1,1,0)
159:(51,2,3,49,0,1,1)
160:(51,2,3,49,1,1,0)
161:(52,2,0,50,0,0,0)
162:(52,2,2,49,1,1,0)
