(r,l,rl,g,ga,gbg,gd)
0:(50,2,0,50,0,0,0)
1:(51,2,0,50,0,0,0)
2:(50,2,1,50,0,0,0)
3:(49,2,2,50,0,0,0)
4:(49,2,3,50,0,0,0)
5:(50,2,2,50,0,0,0)
6:(48,2,4,50,0,0,0)
7:(48,2,5,50,0,0,0)
8:(47,2,5,50,0,0,0)
9:(47,2,4,49,1,1,0)
10:(47,2,5,49,1,1,0)
11:(46,2,6,49,1,1,0)
12:(46,2,6,49,0,1,1)
13:(45,2,7,49,0,1,1)
14:(44,2,7,49,0,1,1)
15:(43,2,8,49,0,1,1)
16:(43,2,7,48,1,2,1)
17:(43,2,8,48,1,2,1)
18:(43,2,9,48,1,2,1)
19:(42,2,10,48,1,2,1)
20:(42,2,11,48,1,2,1)
21:(42,2,11,49,1,1,0)
22:(42,2,10,48,2,2,0)
23:(41,2,11,48,2,2,0)
24:(42,2,11,48,2,2,0)
25:(41,2,12,48,2,2,0)
26:(40,2,13,48,2,2,0)
27:(40,2,14,48,2,2,0)
28:(40,2,15,48,2,2,0)
29:(39,2,16,48,2,2,0)
30:(38,2,17,48,2,2,0)
31:(38,2,18,48,2,2,0)
32:(38,2,19,48,2,2,0)
33:(38,2,18,47,3,3,0)
34:(37,2,19,47,3,3,0)
35:(38,2,19,47,3,3,0)
36:(38,2,19,47,2,3,1)
37:(37,2,20,47,2,3,1)
38:(38,2,20,47,2,3,1)
39:(38,2,19,46,3,4,1)
40:(38,2,18,45,4,5,1)
41:(38,2,19,45,4,5,1)
42:(37,2,19,45,4,5,1)
43:(37,2,20,45,4,5,1)
44:(37,2,21,45,4,5,1)
45:(37,2,20,44,5,6,1)
46:(37,2,21,44,5,6,1)
47:(36,2,22,44,5,6,1)
48:(36,2,21,43,6,7,1)
49:(36,2,20,42,7,8,1)
50:(35,2,21,42,7,8,1)
51:(36,2,21,42,7,8,1)
52:(36,2,20,41,8,9,1)
53:(35,2,20,41,8,9,1)
54:(34,2,21,41,8,9,1)
55:(34,2,22,41,8,9,1)
56:(33,2,23,41,8,9,1)
57:(32,2,24,41,8,9,1)
58:(32,2,24,41,7,9,2)
59:(32,2,25,41,7,9,2)
60:(31,2,26,41,7,9,2)
61:(31,2,25,40,8,10,2)
62:(31,2,26,40,8,10,2)
63:(30,2,27,40,8,10,2)
64:(31,2,27,40,8,10,2)
65:(30,2,28,40,8,10,2)
66:(29,2,29,40,8,10,2)
67:(28,2,30,40,8,10,2)
68:(27,2,30,40,8,10,2)
69:(27,2,31,40,8,10,2)
70:(27,2,32,40,8,10,2)
71:(26,2,33,40,8,10,2)
72:(26,2,33,40,7,10,3)
73:(25,2,34,40,7,10,3)
74:(24,2,35,40,7,10,3)
75:(23,2,35,40,7,10,3)
76:(23,2,36,40,7,10,3)
77:(22,2,37,40,7,10,3)
78:(22,2,38,40,7,10,3)
79:(21,2,39,40,7,10,3)
80:(21,2,40,40,7,10,3)
81:(21,2,41,40,7,10,3)
82:(20,2,42,40,7,10,3)
83:(20,2,41,39,8,11,3)
84:(19,2,42,39,8,11,3)
85:(19,2,42,39,7,11,4)
86:(19,2,43,39,7,11,4)
87:(20,2,43,39,7,11,4)
88:(19,2,42,38,8,12,4)
89:(18,2,43,38,8,12,4)
90:(18,2,42,37,9,13,4)
91:(18,2,41,36,10,14,4)
92:(17,2,42,36,10,14,4)
93:(17,2,42,36,9,14,5)
94:(17,2,41,35,10,15,5)
95:(17,2,42,35,10,15,5)
96:(18,2,42,35,10,15,5)
97:(17,2,43,35,10,15,5)
98:(17,2,42,34,11,16,5)
99:(17,2,41,33,12,17,5)
100:(16,2,42,33,12,17,5)
101:(15,2,42,33,12,17,5)
102:(14,2,43,33,12,17,5)
103:(14,2,42,32,13,18,5)
104:(14,2,43,32,13,18,5)
105:(13,2,44,32,13,18,5)
106:(13,2,43,31,14,19,5)
107:(12,2,44,31,14,19,5)
108:(11,2,45,31,14,19,5)
109:(11,2,44,30,15,20,5)
110:(11,2,45,30,15,20,5)
111:(11,2,46,30,15,20,5)
112:(11,2,46,30,14,20,6)
113:(10,2,46,30,14,20,6)
114:(10,2,47,30,14,20,6)
115:(10,2,46,29,15,21,6)
116:(9,2,47,29,15,21,6)
117:(8,2,48,29,15,21,6)
118:(8,2,47,28,16,22,6)
119:(8,2,46,27,17,23,6)
120:(8,2,47,27,17,23,6)
121:(8,2,48,27,17,23,6)
122:(8,2,49,27,17,23,6)
123:(7,2,49,27,17,23,6)
124:(7,2,50,27,17,23,6)
125:(6,2,51,27,17,23,6)
126:(6,2,52,27,17,23,6)
127:(6,2,53,27,17,23,6)
128:(6,2,54,27,17,23,6)
129:(5,2,55,27,17,23,6)
130:(6,2,55,27,17,23,6)
131:(6,2,56,27,17,23,6)
132:(6,2,57,27,17,23,6)
133:(5,2,58,27,17,23,6)
134:(5,2,59,27,17,23,6)
135:(4,2,60,27,17,23,6)
136:(4,2,61,27,17,23,6)
137:(3,2,61,27,17,23,6)
138:(2,2,62,27,17,23,6)
139:(2,2,61,26,18,24,6)
140:(2,2,60,25,19,25,6)
141:(2,2,59,24,20,26,6)
142:(1,2,60,24,20,26,6)
143:(1,2,61,24,20,26,6)
144:(1,2,62,24,20,26,6)
145:(1,2,63,24,20,26,6)
146:(1,2,63,24,19,26,7)
147:(1,2,62,23,20,27,7)
148:(0,2,63,23,20,27,7)
149:(0,2,64,23,20,27,7)
150:(0,2,65,23,20,27,7)
151:(0,2,66,23,20,27,7)
152:(0,2,67,23,20,27,7)
153:(0,2,68,23,20,27,7)
154:(0,2,69,23,20,27,7)
155:(0,2,68,22,21,28,7)
156:(0,2,67,21,22,29,7)
157:(0,2,66,20,23,30,7)
158:(0,2,67,20,23,30,7)
159:(0,2,66,19,24,31,7)
160:(0,2,66,19,23,31,8)
161:(0,2,67,19,23,31,8)
162:(1,2,67,19,23,31,8)
163:(1,2,67,19,22,31,9)
164:(1,2,67,19,21,31,10)
165:(1,2,67,19,20,31,11)
166:(0,2,68,19,20,31,11)
167:(0,2,69,19,20,31,11)
168:(0,2,69,19,19,31,12)
169:(0,2,69,19,18,31,13)
170:(0,2,69,19,17,31,14)
171:(0,2,70,19,17,31,14)
172:(0,2,69,18,18,32,14)
173:(0,2,68,17,19,33,14)
174:(0,2,67,16,20,34,14)
175:(0,2,68,16,20,34,14)
176:(0,2,69,16,20,34,14)
177:(0,2,69,16,19,34,15)
178:(0,2,68,15,20,35,15)
179:(0,2,69,15,20,35,15)
180:(0,2,70,15,20,35,15)
181:(1,2,70,15,20,35,15)
182:(1,2,71,15,20,35,15)
183:(1,2,70,14,21,36,15)
184:(1,2,71,14,21,36,15)
185:(1,2,71,14,20,36,16)
186:(1,2,72,14,20,36,16)
187:(1,2,73,14,20,36,16)
188:(1,2,74,14,20,36,16)
189:(1,2,75,14,20,36,16)
190:(0,2,76,14,20,36,16)
191:(0,2,75,13,21,37,16)
192:(0,2,74,12,22,38,16)
193:(0,2,75,12,22,38,16)
194:(0,2,75,12,21,38,17)
195:(0,2,76,12,21,38,17)
196:(0,2,76,12,20,38,18)
197:(0,2,75,11,21,39,18)
198:(0,2,76,11,21,39,18)
199:(0,2,76,11,20,39,19)
200:(0,2,77,11,20,39,19)
201:(0,2,76,10,21,40,19)
202:(0,2,77,10,21,40,19)
203:(1,2,77,10,21,40,19)
204:(0,2,78,10,21,40,19)
205:(0,2,77,9,22,41,19)
206:(1,2,76,9,22,41,19)
207:(1,2,77,9,22,41,19)
208:(1,2,76,8,23,42,19)
209:(0,2,77,8,23,42,19)
210:(0,2,76,7,24,43,19)
211:(0,2,77,7,24,43,19)
212:(0,2,78,7,24,43,19)
213:(1,2,78,7,24,43,19)
214:(0,2,79,7,24,43,19)
215:(0,2,78,6,25,44,19)
216:(0,2,79,6,25,44,19)
217:(0,2,78,5,26,45,19)
218:(0,2,78,6,26,44,18)
219:(0,2,77,5,27,45,18)
220:(0,2,77,5,26,45,19)
221:(1,2,78,5,26,45,19)
222:(1,2,77,4,27,46,19)
223:(1,2,78,4,27,46,19)
224:(1,2,79,4,27,46,19)
225:(1,2,78,3,28,47,19)
226:(2,2,78,3,28,47,19)
227:(2,2,79,3,28,47,19)
228:(2,2,80,3,28,47,19)
229:(2,2,79,2,29,48,19)
230:(2,2,78,1,30,49,19)
231:(2,2,77,0,31,50,19)
232:(-1,-1,-1,-1,-1,-1,-1)