(r,l,rl,g,ga,gbg,gd)
0:(50,2,0,50,0,0,0)
1:(51,2,0,50,0,0,0)
2:(50,2,1,50,0,0,0)
3:(49,2,1,50,0,0,0)
4:(49,2,2,50,0,0,0)
5:(48,2,3,50,0,0,0)
6:(48,2,2,49,1,1,0)
7:(48,2,1,48,2,2,0)
8:(48,2,0,47,3,3,0)
9:(48,2,1,47,3,3,0)
10:(48,2,0,46,4,4,0)
11:(47,2,1,46,4,4,0)
12:(47,2,2,46,4,4,0)
13:(46,2,3,46,4,4,0)
14:(45,2,4,46,4,4,0)
15:(45,2,3,45,5,5,0)
16:(45,2,3,45,4,5,1)
17:(45,2,2,44,5,6,1)
18:(46,2,2,44,5,6,1)
19:(45,2,3,44,5,6,1)
20:(45,2,4,44,5,6,1)
21:(44,2,5,44,5,6,1)
22:(44,2,4,43,6,7,1)
23:(44,2,3,42,7,8,1)
24:(43,2,4,42,7,8,1)
25:(43,2,5,42,7,8,1)
26:(42,2,6,42,7,8,1)
27:(42,2,5,41,8,9,1)
28:(41,2,6,41,8,9,1)
29:(41,2,6,41,7,9,2)
30:(41,2,7,41,7,9,2)
31:(41,2,8,41,7,9,2)
32:(41,2,7,40,8,10,2)
33:(41,2,6,39,9,11,2)
34:(41,2,7,39,9,11,2)
35:(40,2,7,39,9,11,2)
36:(40,2,8,39,9,11,2)
37:(40,2,7,38,10,12,2)
38:(41,2,7,38,10,12,2)
39:(41,2,7,38,9,12,3)
40:(41,2,6,37,10,13,3)
41:(40,2,7,37,10,13,3)
42:(39,2,8,37,10,13,3)
43:(38,2,9,37,10,13,3)
44:(37,2,10,37,10,13,3)
45:(37,2,9,36,11,14,3)
46:(36,2,9,36,11,14,3)
47:(36,2,8,35,12,15,3)
48:(36,2,8,35,11,15,4)
49:(35,2,9,35,11,15,4)
50:(35,2,8,34,12,16,4)
51:(34,2,8,34,12,16,4)
52:(34,2,9,34,12,16,4)
53:(34,2,10,34,12,16,4)
54:(34,2,9,33,13,17,4)
55:(34,2,10,33,13,17,4)
56:(34,2,11,33,13,17,4)
57:(35,2,11,33,13,17,4)
58:(35,2,12,33,13,17,4)
59:(35,2,11,32,14,18,4)
60:(34,2,12,32,14,18,4)
61:(34,2,13,32,14,18,4)
62:(34,2,12,31,15,19,4)
63:(34,2,12,31,14,19,5)
64:(33,2,13,31,14,19,5)
65:(33,2,14,31,14,19,5)
66:(33,2,13,30,15,20,5)
67:(33,2,12,29,16,21,5)
68:(33,2,13,29,16,21,5)
69:(32,2,13,29,16,21,5)
70:(32,2,12,28,17,22,5)
71:(33,2,12,28,17,22,5)
72:(33,2,11,27,18,23,5)
73:(33,2,10,26,19,24,5)
74:(32,2,11,26,19,24,5)
75:(32,2,12,26,19,24,5)
76:(32,2,12,27,19,23,4)
77:(32,2,11,26,20,24,4)
78:(32,2,10,25,21,25,4)
79:(32,2,9,24,22,26,4)
80:(32,2,10,24,22,26,4)
81:(32,2,9,23,23,27,4)
82:(32,2,8,22,24,28,4)
83:(32,2,9,22,24,28,4)
84:(32,2,8,21,25,29,4)
85:(31,2,9,21,25,29,4)
86:(31,2,8,20,26,30,4)
87:(31,2,9,20,26,30,4)
88:(31,2,10,20,26,30,4)
89:(30,2,11,20,26,30,4)
90:(29,2,12,20,26,30,4)
91:(28,2,12,20,26,30,4)
92:(27,2,13,20,26,30,4)
93:(27,2,12,19,27,31,4)
94:(27,2,11,18,28,32,4)
95:(28,2,11,18,28,32,4)
96:(28,2,10,17,29,33,4)
97:(28,2,10,17,28,33,5)
98:(28,2,11,17,28,33,5)
99:(28,2,12,17,28,33,5)
100:(28,2,13,17,28,33,5)
101:(27,2,14,17,28,33,5)
102:(27,2,15,17,28,33,5)
103:(27,2,14,16,29,34,5)
104:(26,2,15,16,29,34,5)
105:(26,2,16,16,29,34,5)
106:(26,2,15,15,30,35,5)
107:(25,2,15,15,30,35,5)
108:(25,2,14,14,31,36,5)
109:(25,2,13,13,32,37,5)
110:(24,2,14,13,32,37,5)
111:(24,2,15,13,32,37,5)
112:(24,2,16,13,32,37,5)
113:(24,2,15,12,33,38,5)
114:(24,2,16,12,33,38,5)
115:(24,2,17,12,33,38,5)
116:(25,2,17,12,33,38,5)
117:(24,2,18,12,33,38,5)
118:(24,2,19,12,33,38,5)
119:(24,2,18,11,34,39,5)
120:(24,2,17,10,35,40,5)
121:(24,2,18,10,35,40,5)
122:(24,2,17,9,36,41,5)
123:(24,2,16,8,37,42,5)
124:(23,2,17,8,37,42,5)
125:(23,2,18,8,37,42,5)
126:(24,2,17,8,37,42,5)
127:(23,2,18,8,36,42,6)
128:(22,2,19,8,36,42,6)
129:(22,2,18,7,37,43,6)
130:(23,2,18,7,37,43,6)
131:(23,2,17,6,38,44,6)
132:(23,2,16,5,39,45,6)
133:(22,2,17,5,39,45,6)
134:(21,2,17,5,39,45,6)
135:(21,2,16,4,40,46,6)
136:(21,2,15,3,41,47,6)
137:(20,2,16,3,41,47,6)
138:(20,2,15,2,42,48,6)
139:(20,2,14,1,43,49,6)
140:(20,2,15,1,43,49,6)
141:(20,2,16,1,43,49,6)
142:(19,2,17,1,43,49,6)
143:(19,2,16,0,44,50,6)
144:(-1,-1,-1,-1,-1,-1,-1)