(r,l,rl,g,ga,gbg,gd)
0:(-1,-1,-1,-1,-1,-1,-1)
1:(0,2,37,1,37,49,12)
2:(0,2,38,1,37,49,12)
3:(0,2,38,2,36,48,12)
4:(0,2,39,1,37,49,12)
5:(0,2,39,3,35,47,12)
6:(0,2,40,0,37,50,13)
7:(0,2,40,1,36,49,13)
8:(0,2,40,1,37,49,12)
9:(0,2,40,4,34,46,12)
10:(0,2,40,5,33,45,12)
11:(0,2,41,1,36,49,13)
12:(0,2,41,5,33,45,12)
13:(0,2,41,6,32,44,12)
14:(0,2,41,6,33,44,11)
15:(0,2,42,7,32,43,11)
16:(0,2,42,8,31,42,11)
17:(0,2,43,8,31,42,11)
18:(1,2,42,8,31,42,11)
19:(1,2,43,8,31,42,11)
20:(2,2,42,8,31,42,11)
21:(2,2,43,9,30,41,11)
22:(3,2,42,9,30,41,11)
23:(3,2,42,9,31,41,10)
24:(3,2,43,9,30,41,11)
25:(4,2,41,9,31,41,10)
26:(5,2,40,8,31,42,11)
27:(5,2,40,9,31,41,10)
28:(6,2,39,8,31,42,11)
29:(7,2,38,8,31,42,11)
30:(8,2,36,8,31,42,11)
31:(8,2,37,8,31,42,11)
32:(8,2,38,8,31,42,11)
33:(9,2,35,8,31,42,11)
34:(9,2,36,8,31,42,11)
35:(10,2,34,8,31,42,11)
36:(10,2,35,9,30,41,11)
37:(10,2,36,10,29,40,11)
38:(10,2,37,11,28,39,11)
39:(11,2,35,9,30,41,11)
40:(11,2,36,11,28,39,11)
41:(11,2,36,11,29,39,10)
42:(12,2,30,13,27,37,10)
43:(12,2,31,13,27,37,10)
44:(12,2,32,13,27,37,10)
45:(12,2,34,11,29,39,10)
46:(12,2,34,12,28,38,10)
47:(12,2,34,13,27,37,10)
48:(12,2,35,11,29,39,10)
49:(12,2,35,12,28,38,10)
50:(12,2,35,13,27,37,10)
51:(13,2,29,13,27,37,10)
52:(13,2,29,13,28,37,9)
53:(13,2,32,13,27,37,10)
54:(13,2,33,13,27,37,10)
55:(14,2,28,13,28,37,9)
56:(15,2,24,13,28,37,9)
57:(15,2,25,13,28,37,9)
58:(15,2,26,13,28,37,9)
59:(15,2,27,13,28,37,9)
60:(16,2,24,13,28,37,9)
61:(16,2,25,14,27,36,9)
62:(17,2,24,14,27,36,9)
63:(17,2,24,14,28,36,8)
64:(18,2,23,14,28,36,8)
65:(18,2,24,15,27,35,8)
66:(19,2,23,15,27,35,8)
67:(19,2,23,16,26,34,8)
68:(19,2,24,16,26,34,8)
69:(19,2,24,17,25,33,8)
70:(20,2,23,17,25,33,8)
71:(20,2,23,18,24,32,8)
72:(20,2,24,18,24,32,8)
73:(21,2,22,18,24,32,8)
74:(22,2,20,19,25,31,6)
75:(22,2,21,20,24,30,6)
76:(22,2,22,18,24,32,8)
77:(22,2,22,18,25,32,7)
78:(23,2,19,20,24,30,6)
79:(23,2,20,18,25,32,7)
80:(23,2,20,19,24,31,7)
81:(23,2,20,19,25,31,6)
82:(23,2,20,20,24,30,6)
83:(23,2,21,18,25,32,7)
84:(23,2,21,19,24,31,7)
85:(24,2,17,20,24,30,6)
86:(24,2,18,20,24,30,6)
87:(24,2,18,21,23,29,6)
88:(25,2,17,21,23,29,6)
89:(26,2,17,21,23,29,6)
90:(27,2,15,21,23,29,6)
91:(27,2,16,21,23,29,6)
92:(27,2,16,22,22,28,6)
93:(27,2,17,23,21,27,6)
94:(27,2,18,24,20,26,6)
95:(28,2,17,24,20,26,6)
96:(28,2,17,26,19,24,5)
97:(28,2,20,30,15,20,5)
98:(29,2,16,24,20,26,6)
99:(29,2,16,25,20,25,5)
100:(29,2,16,26,19,24,5)
101:(29,2,17,26,19,24,5)
102:(29,2,17,27,18,23,5)
103:(29,2,18,28,17,22,5)
104:(29,2,19,29,16,21,5)
105:(29,2,19,30,15,20,5)
106:(29,2,20,30,15,20,5)
107:(29,2,20,31,14,19,5)
108:(30,2,15,24,20,26,6)
109:(30,2,16,25,19,25,6)
110:(30,2,16,25,20,25,5)
111:(30,2,19,31,14,19,5)
112:(30,2,20,32,13,18,5)
113:(31,2,20,32,13,18,5)
114:(31,2,21,33,12,17,5)
115:(31,2,22,35,10,15,5)
116:(32,2,20,33,12,17,5)
117:(32,2,21,34,11,16,5)
118:(32,2,21,35,10,15,5)
119:(32,2,22,35,10,15,5)
120:(33,2,20,35,10,15,5)
121:(33,2,21,36,9,14,5)
122:(34,2,18,36,10,14,4)
123:(34,2,19,36,9,14,5)
124:(34,2,19,36,10,14,4)
125:(34,2,20,36,9,14,5)
126:(35,2,18,36,10,14,4)
127:(35,2,18,37,9,13,4)
128:(35,2,19,36,9,14,5)
129:(35,2,19,37,9,13,4)
130:(35,2,19,38,8,12,4)
131:(35,2,20,39,7,11,4)
132:(36,2,16,39,8,11,3)
133:(36,2,17,39,8,11,3)
134:(36,2,17,40,7,10,3)
135:(36,2,19,39,7,11,4)
136:(37,2,16,40,7,10,3)
137:(37,2,17,39,8,11,3)
138:(37,2,18,39,7,11,4)
139:(37,2,18,39,8,11,3)
140:(38,2,15,40,7,10,3)
141:(39,2,15,40,7,10,3)
142:(39,2,16,41,6,9,3)
143:(39,2,16,41,7,9,2)
144:(39,2,17,42,6,8,2)
145:(39,2,18,43,5,7,2)
146:(40,2,17,43,5,7,2)
147:(41,2,15,43,5,7,2)
148:(41,2,16,43,5,7,2)
149:(41,2,16,44,4,6,2)
150:(42,2,12,45,4,5,1)
151:(42,2,13,45,4,5,1)
152:(42,2,14,44,5,6,1)
153:(42,2,14,45,4,5,1)
154:(42,2,15,44,4,6,2)
155:(42,2,15,44,5,6,1)
156:(42,2,15,45,4,5,1)
157:(43,2,11,45,4,5,1)
158:(44,2,10,45,4,5,1)
159:(44,2,11,45,4,5,1)
160:(45,2,9,45,4,5,1)
161:(45,2,10,46,3,4,1)
162:(46,2,9,46,3,4,1)
163:(47,2,8,47,2,3,1)
164:(47,2,8,49,1,1,0)
165:(47,2,9,46,3,4,1)
166:(47,2,9,47,2,3,1)
167:(47,2,9,48,1,2,1)
168:(47,2,9,49,0,1,1)
169:(47,2,9,49,1,1,0)
170:(47,2,10,47,2,3,1)
171:(47,2,10,49,0,1,1)
172:(48,2,1,49,1,1,0)
173:(48,2,1,50,0,0,0)
174:(48,2,2,49,0,1,1)
175:(48,2,2,49,1,1,0)
176:(48,2,2,50,0,0,0)
177:(48,2,4,49,1,1,0)
178:(48,2,4,50,0,0,0)
179:(48,2,5,49,1,1,0)
180:(48,2,5,50,0,0,0)
181:(48,2,6,49,1,1,0)
182:(48,2,7,49,1,1,0)
183:(49,2,0,50,0,0,0)
184:(49,2,1,49,0,1,1)
185:(49,2,1,49,1,1,0)
186:(49,2,2,49,0,1,1)
187:(49,2,3,49,0,1,1)
188:(49,2,4,49,0,1,1)
189:(49,2,4,50,0,0,0)
190:(49,2,5,49,1,1,0)
191:(50,2,0,50,0,0,0)
