(r,l,rl,g,ga,gbg,gd)
0:(-1,-1,-1,-1,-1,-1,-1)
1:(5,2,60,0,38,50,12)
2:(5,2,60,1,37,49,12)
3:(5,2,61,1,37,49,12)
4:(5,2,63,5,34,45,11)
5:(5,2,64,6,33,44,11)
6:(6,2,56,6,33,44,11)
7:(6,2,57,7,32,43,11)
8:(6,2,60,1,37,49,12)
9:(6,2,62,5,34,45,11)
10:(6,2,63,6,33,44,11)
11:(7,2,56,6,33,44,11)
12:(7,2,56,7,32,43,11)
13:(7,2,57,6,33,44,11)
14:(7,2,58,6,33,44,11)
15:(7,2,59,1,37,49,12)
16:(7,2,59,6,33,44,11)
17:(7,2,60,2,36,48,12)
18:(7,2,60,6,33,44,11)
19:(7,2,61,3,35,47,12)
20:(7,2,61,6,33,44,11)
21:(7,2,62,4,34,46,12)
22:(7,2,62,5,34,45,11)
23:(7,2,62,6,33,44,11)
24:(7,2,63,5,33,45,12)
25:(7,2,63,5,34,45,11)
26:(7,2,63,6,33,44,11)
27:(8,2,54,7,33,43,10)
28:(8,2,55,7,32,43,11)
29:(8,2,55,7,33,43,10)
30:(9,2,53,7,33,43,10)
31:(9,2,53,9,31,41,10)
32:(9,2,54,8,32,42,10)
33:(9,2,54,9,31,41,10)
34:(9,2,55,9,31,41,10)
35:(10,2,50,12,29,38,9)
36:(10,2,50,13,28,37,9)
37:(10,2,51,12,28,38,10)
38:(10,2,51,12,29,38,9)
39:(10,2,52,9,31,41,10)
40:(10,2,52,12,28,38,10)
41:(10,2,53,12,28,38,10)
42:(10,2,54,9,31,41,10)
43:(11,2,49,12,29,38,9)
44:(11,2,49,13,28,37,9)
45:(11,2,50,12,29,38,9)
46:(11,2,50,13,28,37,9)
47:(11,2,51,9,31,41,10)
48:(11,2,52,10,30,40,10)
49:(11,2,53,11,29,39,10)
50:(11,2,53,12,28,38,10)
51:(11,2,54,12,28,38,10)
52:(12,2,48,13,28,37,9)
53:(12,2,49,14,27,36,9)
54:(13,2,48,14,27,36,9)
55:(13,2,48,15,26,35,9)
56:(14,2,47,14,27,36,9)
57:(14,2,47,15,26,35,9)
58:(14,2,47,16,25,34,9)
59:(14,2,48,15,26,35,9)
60:(14,2,48,16,25,34,9)
61:(15,2,45,16,25,34,9)
62:(15,2,46,16,25,34,9)
63:(16,2,45,16,25,34,9)
64:(17,2,44,16,25,34,9)
65:(17,2,45,17,24,33,9)
66:(18,2,43,17,24,33,9)
67:(18,2,43,19,23,31,8)
68:(18,2,43,20,22,30,8)
69:(18,2,44,17,24,33,9)
70:(18,2,44,20,22,30,8)
71:(18,2,44,21,21,29,8)
72:(19,2,41,17,24,33,9)
73:(19,2,41,21,21,29,8)
74:(19,2,42,17,24,33,9)
75:(19,2,42,18,23,32,9)
76:(19,2,42,18,24,32,8)
77:(19,2,42,21,21,29,8)
78:(19,2,43,19,23,31,8)
79:(19,2,43,21,21,29,8)
80:(20,2,40,21,21,29,8)
81:(21,2,37,21,22,29,7)
82:(21,2,37,22,22,28,6)
83:(21,2,38,21,22,29,7)
84:(21,2,38,22,21,28,7)
85:(21,2,38,22,22,28,6)
86:(21,2,39,21,21,29,8)
87:(21,2,39,21,22,29,7)
88:(21,2,40,21,21,29,8)
89:(22,2,36,22,22,28,6)
90:(23,2,36,22,22,28,6)
91:(24,2,33,22,23,28,5)
92:(24,2,33,23,22,27,5)
93:(24,2,34,22,22,28,6)
94:(24,2,34,22,23,28,5)
95:(24,2,35,22,22,28,6)
96:(25,2,31,24,22,26,4)
97:(25,2,32,22,23,28,5)
98:(25,2,32,23,22,27,5)
99:(25,2,33,23,22,27,5)
100:(25,2,33,24,21,26,5)
101:(25,2,33,24,22,26,4)
102:(25,2,34,22,23,28,5)
103:(26,2,31,24,22,26,4)
104:(26,2,32,24,22,26,4)
105:(26,2,32,25,21,25,4)
106:(26,2,33,26,20,24,4)
107:(26,2,34,27,19,23,4)
108:(26,2,35,28,18,22,4)
109:(26,2,36,29,17,21,4)
110:(26,2,36,30,16,20,4)
111:(26,2,37,30,16,20,4)
112:(27,2,36,30,16,20,4)
113:(27,2,36,30,17,20,3)
114:(28,2,29,34,13,16,3)
115:(28,2,30,34,13,16,3)
116:(28,2,30,35,12,15,3)
117:(28,2,31,33,14,17,3)
118:(28,2,31,34,13,16,3)
119:(28,2,32,32,15,18,3)
120:(28,2,32,33,14,17,3)
121:(28,2,32,34,13,16,3)
122:(28,2,33,33,14,17,3)
123:(28,2,35,30,17,20,3)
124:(28,2,35,31,16,19,3)
125:(28,2,36,31,16,19,3)
126:(29,2,29,35,12,15,3)
127:(29,2,31,31,16,19,3)
128:(29,2,31,34,13,16,3)
129:(29,2,32,31,16,19,3)
130:(29,2,32,32,15,18,3)
131:(29,2,33,31,16,19,3)
132:(29,2,34,31,16,19,3)
133:(30,2,28,35,12,15,3)
134:(30,2,29,36,11,14,3)
135:(31,2,28,36,11,14,3)
136:(31,2,29,37,10,13,3)
137:(32,2,27,37,10,13,3)
138:(32,2,28,37,10,13,3)
139:(33,2,26,37,10,13,3)
140:(33,2,27,37,10,13,3)
141:(34,2,25,37,10,13,3)
142:(35,2,24,37,10,13,3)
143:(35,2,25,39,8,11,3)
144:(36,2,23,39,9,11,2)
145:(36,2,24,37,10,13,3)
146:(36,2,25,38,9,12,3)
147:(36,2,25,39,8,11,3)
148:(36,2,26,39,8,11,3)
149:(37,2,19,39,9,11,2)
150:(37,2,19,39,10,11,1)
151:(37,2,20,39,9,11,2)
152:(37,2,21,39,9,11,2)
153:(37,2,22,39,9,11,2)
154:(37,2,23,39,9,11,2)
155:(37,2,24,39,8,11,3)
156:(37,2,24,39,9,11,2)
157:(38,2,18,39,10,11,1)
158:(38,2,19,39,10,11,1)
159:(39,2,16,39,10,11,1)
160:(39,2,17,39,10,11,1)
161:(39,2,17,40,9,10,1)
162:(40,2,16,40,9,10,1)
163:(40,2,17,41,8,9,1)
164:(41,2,16,41,8,9,1)
165:(41,2,16,41,9,9,0)
166:(41,2,17,42,8,8,0)
167:(41,2,18,43,7,7,0)
168:(42,2,17,44,6,6,0)
169:(42,2,18,43,7,7,0)
170:(42,2,18,45,5,5,0)
171:(42,2,19,46,4,4,0)
172:(43,2,16,43,7,7,0)
173:(43,2,17,43,7,7,0)
174:(43,2,17,44,6,6,0)
175:(43,2,17,48,2,2,0)
176:(43,2,18,43,7,7,0)
177:(43,2,18,46,4,4,0)
178:(43,2,18,47,3,3,0)
179:(43,2,19,47,3,3,0)
180:(44,2,16,48,2,2,0)
181:(44,2,17,47,3,3,0)
182:(44,2,17,48,2,2,0)
183:(44,2,18,48,2,2,0)
184:(45,2,16,48,2,2,0)
185:(46,2,11,49,1,1,0)
186:(46,2,12,49,0,1,1)
187:(46,2,12,49,1,1,0)
188:(46,2,12,50,0,0,0)
189:(46,2,13,50,0,0,0)
190:(46,2,14,48,2,2,0)
191:(46,2,14,50,0,0,0)
192:(46,2,15,48,2,2,0)
193:(46,2,15,49,1,1,0)
194:(47,2,8,50,0,0,0)
195:(47,2,9,50,0,0,0)
196:(47,2,10,50,0,0,0)
197:(47,2,11,50,0,0,0)
198:(47,2,12,50,0,0,0)
199:(47,2,14,50,0,0,0)
200:(47,2,15,49,1,1,0)
201:(47,2,15,50,0,0,0)
202:(47,2,16,50,0,0,0)
203:(48,2,2,50,0,0,0)
204:(48,2,3,50,0,0,0)
205:(48,2,4,50,0,0,0)
206:(48,2,5,50,0,0,0)
207:(48,2,6,50,0,0,0)
208:(48,2,7,50,0,0,0)
209:(49,2,0,50,0,0,0)
210:(49,2,1,50,0,0,0)
211:(49,2,3,50,0,0,0)
212:(49,2,5,50,0,0,0)
213:(49,2,6,50,0,0,0)
214:(50,2,0,50,0,0,0)
