(r,l,rl,g,ga,gbg,gd)
0:(50,2,0,50,0,0,0)
1:(49,2,0,50,0,0,0)
2:(48,2,1,50,0,0,0)
3:(48,2,0,49,1,1,0)
4:(47,2,1,49,1,1,0)
5:(47,2,2,49,1,1,0)
6:(48,2,1,49,1,1,0)
7:(48,2,1,49,0,1,1)
8:(47,2,2,49,0,1,1)
9:(47,2,3,49,0,1,1)
10:(47,2,2,48,1,2,1)
11:(46,2,3,48,1,2,1)
12:(46,2,4,48,1,2,1)
13:(46,2,5,48,1,2,1)
14:(45,2,6,48,1,2,1)
15:(45,2,6,48,0,2,2)
16:(44,2,7,48,0,2,2)
17:(43,2,8,48,0,2,2)
18:(43,2,7,47,1,3,2)
19:(42,2,7,47,1,3,2)
20:(43,2,6,46,2,4,2)
21:(43,2,5,45,3,5,2)
22:(42,2,6,45,3,5,2)
23:(42,2,7,45,3,5,2)
24:(41,2,8,45,3,5,2)
25:(41,2,8,46,3,4,1)
26:(40,2,9,46,3,4,1)
27:(40,2,10,46,3,4,1)
28:(41,2,10,46,3,4,1)
29:(40,2,11,46,3,4,1)
30:(39,2,11,46,3,4,1)
31:(39,2,12,46,3,4,1)
32:(38,2,12,46,3,4,1)
33:(38,2,11,45,4,5,1)
34:(38,2,10,44,5,6,1)
35:(38,2,11,44,5,6,1)
36:(38,2,11,44,4,6,2)
37:(38,2,12,44,4,6,2)
38:(38,2,13,44,4,6,2)
39:(39,2,13,44,4,6,2)
40:(38,2,14,44,4,6,2)
41:(38,2,15,44,4,6,2)
42:(37,2,16,44,4,6,2)
43:(36,2,17,44,4,6,2)
44:(36,2,18,44,4,6,2)
45:(35,2,19,44,4,6,2)
46:(34,2,20,44,4,6,2)
47:(34,2,21,44,4,6,2)
48:(34,2,21,44,3,6,3)
49:(34,2,22,44,3,6,3)
50:(33,2,23,44,3,6,3)
51:(33,2,24,44,3,6,3)
52:(33,2,23,43,4,7,3)
53:(33,2,24,43,4,7,3)
54:(33,2,25,43,4,7,3)
55:(33,2,26,43,4,7,3)
56:(32,2,27,43,4,7,3)
57:(31,2,28,43,4,7,3)
58:(32,2,28,43,4,7,3)
59:(32,2,27,42,5,8,3)
60:(32,2,28,42,5,8,3)
61:(32,2,29,42,5,8,3)
62:(31,2,29,42,5,8,3)
63:(31,2,29,42,4,8,4)
64:(31,2,28,41,5,9,4)
65:(31,2,29,41,5,9,4)
66:(30,2,30,41,5,9,4)
67:(30,2,30,41,4,9,5)
68:(30,2,31,41,4,9,5)
69:(29,2,31,41,4,9,5)
70:(28,2,32,41,4,9,5)
71:(28,2,31,40,5,10,5)
72:(28,2,32,40,5,10,5)
73:(28,2,31,39,6,11,5)
74:(28,2,32,39,6,11,5)
75:(27,2,33,39,6,11,5)
76:(28,2,33,39,6,11,5)
77:(28,2,32,38,7,12,5)
78:(28,2,31,37,8,13,5)
79:(28,2,32,37,8,13,5)
80:(27,2,33,37,8,13,5)
81:(27,2,33,37,7,13,6)
82:(27,2,34,37,7,13,6)
83:(27,2,33,36,8,14,6)
84:(27,2,32,35,9,15,6)
85:(26,2,33,35,9,15,6)
86:(26,2,34,35,9,15,6)
87:(26,2,33,34,10,16,6)
88:(27,2,32,34,10,16,6)
89:(27,2,32,34,9,16,7)
90:(28,2,32,34,9,16,7)
91:(28,2,31,33,10,17,7)
92:(28,2,31,33,9,17,8)
93:(28,2,32,33,9,17,8)
94:(28,2,33,33,9,17,8)
95:(28,2,34,33,9,17,8)
96:(28,2,33,32,10,18,8)
97:(27,2,33,32,10,18,8)
98:(27,2,34,32,10,18,8)
99:(27,2,35,32,10,18,8)
100:(27,2,36,32,10,18,8)
101:(26,2,37,32,10,18,8)
102:(25,2,38,32,10,18,8)
103:(25,2,37,31,11,19,8)
104:(24,2,38,31,11,19,8)
105:(24,2,39,31,11,19,8)
106:(23,2,40,31,11,19,8)
107:(23,2,41,31,11,19,8)
108:(24,2,41,31,11,19,8)
109:(24,2,40,30,12,20,8)
110:(23,2,41,30,12,20,8)
111:(23,2,40,29,13,21,8)
112:(23,2,39,28,14,22,8)
113:(23,2,38,27,15,23,8)
114:(22,2,39,27,15,23,8)
115:(22,2,40,27,15,23,8)
116:(22,2,41,27,15,23,8)
117:(22,2,40,26,16,24,8)
118:(22,2,39,25,17,25,8)
119:(21,2,39,25,17,25,8)
120:(21,2,40,25,17,25,8)
121:(20,2,41,25,17,25,8)
122:(19,2,41,25,17,25,8)
123:(19,2,40,24,18,26,8)
124:(18,2,41,24,18,26,8)
125:(18,2,42,24,18,26,8)
126:(18,2,43,24,18,26,8)
127:(18,2,44,24,18,26,8)
128:(17,2,45,24,18,26,8)
129:(17,2,46,24,18,26,8)
130:(17,2,46,24,17,26,9)
131:(17,2,45,23,18,27,9)
132:(17,2,46,23,18,27,9)
133:(17,2,47,23,18,27,9)
134:(17,2,48,23,18,27,9)
135:(17,2,47,22,19,28,9)
136:(17,2,48,22,19,28,9)
137:(17,2,47,21,20,29,9)
138:(16,2,48,21,20,29,9)
139:(16,2,47,20,21,30,9)
140:(16,2,48,20,21,30,9)
141:(16,2,49,20,21,30,9)
142:(16,2,50,20,21,30,9)
143:(16,2,51,20,21,30,9)
144:(15,2,52,20,21,30,9)
145:(14,2,53,20,21,30,9)
146:(14,2,54,20,21,30,9)
147:(14,2,54,20,20,30,10)
148:(13,2,55,20,20,30,10)
149:(12,2,56,20,20,30,10)
150:(12,2,55,19,21,31,10)
151:(12,2,56,19,21,31,10)
152:(11,2,56,19,21,31,10)
153:(11,2,56,19,20,31,11)
154:(11,2,55,18,21,32,11)
155:(11,2,56,18,21,32,11)
156:(11,2,55,17,22,33,11)
157:(11,2,56,17,22,33,11)
158:(11,2,57,17,22,33,11)
159:(10,2,58,17,22,33,11)
160:(10,2,59,17,22,33,11)
161:(10,2,60,17,22,33,11)
162:(10,2,59,16,23,34,11)
163:(9,2,60,16,23,34,11)
164:(9,2,61,16,23,34,11)
165:(8,2,61,16,23,34,11)
166:(7,2,62,16,23,34,11)
167:(7,2,63,16,23,34,11)
168:(8,2,63,16,23,34,11)
169:(7,2,64,16,23,34,11)
170:(7,2,65,16,23,34,11)
171:(7,2,64,15,24,35,11)
172:(7,2,64,15,23,35,12)
173:(6,2,65,15,23,35,12)
174:(5,2,65,15,23,35,12)
175:(5,2,66,15,23,35,12)
176:(4,2,67,15,23,35,12)
177:(4,2,68,15,23,35,12)
178:(3,2,69,15,23,35,12)
179:(3,2,70,15,23,35,12)
180:(3,2,71,15,23,35,12)
181:(3,2,72,15,23,35,12)
182:(2,2,73,15,23,35,12)
183:(1,2,74,15,23,35,12)
184:(1,2,75,15,23,35,12)
185:(0,2,75,15,23,35,12)
186:(0,2,74,14,24,36,12)
187:(0,2,74,14,23,36,13)
188:(1,2,73,14,23,36,13)
189:(0,2,75,14,23,36,13)
190:(1,2,75,14,23,36,13)
191:(1,2,76,14,23,36,13)
192:(1,2,75,13,24,37,13)
193:(2,2,75,13,24,37,13)
194:(1,2,76,13,24,37,13)
195:(1,2,77,13,24,37,13)
196:(0,2,77,13,24,37,13)
197:(0,2,78,13,24,37,13)
198:(1,2,78,13,24,37,13)
199:(0,2,79,13,24,37,13)
200:(1,2,79,13,24,37,13)
201:(0,2,80,13,24,37,13)
202:(0,2,80,13,23,37,14)
203:(0,2,81,13,23,37,14)
204:(1,2,81,13,23,37,14)
205:(2,2,81,13,23,37,14)
206:(2,2,80,12,24,38,14)
207:(3,2,80,12,24,38,14)
208:(4,2,80,12,24,38,14)
209:(4,2,81,12,24,38,14)
210:(4,2,80,11,25,39,14)
211:(3,2,80,11,25,39,14)
212:(3,2,79,10,26,40,14)
213:(3,2,80,10,26,40,14)
214:(3,2,81,10,26,40,14)
215:(3,2,80,9,27,41,14)
216:(3,2,81,9,27,41,14)
217:(2,2,82,9,27,41,14)
218:(2,2,81,8,28,42,14)
219:(2,2,80,7,29,43,14)
220:(2,2,79,6,30,44,14)
221:(2,2,80,6,30,44,14)
222:(2,2,81,6,30,44,14)
223:(2,2,82,6,30,44,14)
224:(2,2,83,6,30,44,14)
225:(3,2,83,6,30,44,14)
226:(1,2,83,6,30,44,14)
227:(1,2,83,6,29,44,15)
228:(0,2,84,6,29,44,15)
229:(1,2,84,6,29,44,15)
230:(0,2,85,6,29,44,15)
231:(0,2,86,6,29,44,15)
232:(0,2,87,6,29,44,15)
233:(0,2,88,6,29,44,15)
234:(0,2,87,5,30,45,15)
235:(0,2,86,4,31,46,15)
236:(0,2,87,4,31,46,15)
237:(1,2,87,4,31,46,15)
238:(1,2,86,3,32,47,15)
239:(1,2,85,2,33,48,15)
240:(1,2,84,1,34,49,15)
241:(0,2,85,1,34,49,15)
242:(0,2,86,1,34,49,15)
243:(0,2,87,1,34,49,15)
244:(0,2,87,1,33,49,16)
245:(1,2,87,1,33,49,16)
246:(0,2,86,0,34,50,16)
247:(-1,-1,-1,-1,-1,-1,-1)