(R_,L,RL,G_,G_a,G_bg,G_d)
0:(50,2,0,50,0,0,0)
1:(50,2,1,50,0,0,0)
2:(50,2,2,50,0,0,0)
3:(50,2,3,50,0,0,0)
4:(50,2,4,50,0,0,0)
5:(50,2,5,50,0,0,0)
6:(50,2,6,50,0,0,0)
7:(50,2,7,50,0,0,0)
8:(50,2,8,50,0,0,0)
9:(50,2,9,50,0,0,0)
10:(50,2,10,50,0,0,0)
11:(50,2,11,50,0,0,0)
12:(50,2,12,50,0,0,0)
13:(50,2,13,50,0,0,0)
14:(50,2,14,50,0,0,0)
15:(50,2,15,50,0,0,0)
16:(50,2,16,50,0,0,0)
17:(50,2,17,50,0,0,0)
18:(50,2,18,50,0,0,0)
19:(50,2,19,50,0,0,0)
20:(50,2,20,50,0,0,0)
21:(50,2,21,50,0,0,0)
22:(50,2,22,50,0,0,0)
23:(50,2,23,50,0,0,0)
24:(50,2,24,50,0,0,0)
25:(50,2,23,49,1,1,0)
26:(50,2,22,48,2,2,0)
27:(50,2,23,48,2,2,0)
28:(50,2,22,47,3,3,0)
29:(50,2,23,47,3,3,0)
30:(50,2,24,47,3,3,0)
31:(50,2,23,46,4,4,0)
32:(50,2,22,45,5,5,0)
33:(50,2,23,45,5,5,0)
34:(50,2,22,44,6,6,0)
35:(50,2,21,43,7,7,0)
36:(50,2,20,42,8,8,0)
37:(50,2,19,41,9,9,0)
38:(50,2,20,41,9,9,0)
39:(50,2,21,41,9,9,0)
40:(50,2,20,40,10,10,0)
41:(50,2,21,40,10,10,0)
42:(50,2,20,39,11,11,0)
43:(50,2,19,38,12,12,0)
44:(50,2,18,37,13,13,0)
45:(50,2,17,36,14,14,0)
46:(50,2,18,36,14,14,0)
47:(50,2,19,36,14,14,0)
48:(50,2,18,35,15,15,0)
49:(50,2,17,34,16,16,0)
50:(50,2,16,33,17,17,0)
51:(50,2,15,32,18,18,0)
52:(50,2,14,31,19,19,0)
53:(50,2,15,31,19,19,0)
54:(50,2,14,30,20,20,0)
55:(50,2,15,30,20,20,0)
56:(50,2,14,29,21,21,0)
57:(50,2,13,28,22,22,0)
58:(50,2,12,27,23,23,0)
59:(50,2,13,27,23,23,0)
60:(50,2,12,26,24,24,0)
61:(50,2,13,26,24,24,0)
62:(50,2,12,25,25,25,0)
63:(50,2,13,25,25,25,0)
64:(50,2,12,24,26,26,0)
65:(50,2,11,23,27,27,0)
66:(50,2,12,23,27,27,0)
67:(50,2,13,23,27,27,0)
68:(50,2,12,22,28,28,0)
69:(50,2,13,22,28,28,0)
70:(50,2,12,21,29,29,0)
71:(50,2,11,20,30,30,0)
72:(50,2,12,20,30,30,0)
73:(50,2,11,19,31,31,0)
74:(50,2,12,19,31,31,0)
75:(50,2,11,18,32,32,0)
76:(50,2,10,17,33,33,0)
77:(50,2,9,16,34,34,0)
78:(50,2,8,15,35,35,0)
79:(50,2,7,14,36,36,0)
80:(50,2,8,14,36,36,0)
81:(50,2,7,13,37,37,0)
82:(50,2,6,12,38,38,0)
83:(50,2,5,11,39,39,0)
84:(50,2,6,11,39,39,0)
85:(50,2,5,10,40,40,0)
86:(49,2,6,10,40,40,0)
87:(48,2,7,10,40,40,0)
88:(48,2,6,9,41,41,0)
89:(48,2,5,8,42,42,0)
90:(48,2,6,8,42,42,0)
91:(48,2,5,7,43,43,0)
92:(48,2,4,6,44,44,0)
93:(48,2,3,5,45,45,0)
94:(47,2,4,5,45,45,0)
95:(47,2,3,4,46,46,0)
96:(47,2,2,3,47,47,0)
97:(47,2,1,2,48,48,0)
98:(47,2,0,1,49,49,0)
99:(46,2,1,1,49,49,0)
100:(46,2,0,0,50,50,0)
101:(47,2,0,0,50,50,0)
102:(45,2,0,0,50,50,0)
103:(45,2,1,0,50,50,0)
104:(46,2,1,0,50,50,0)
105:(47,2,1,1,49,49,0)
106:(45,2,1,1,49,49,0)
107:(45,2,2,1,49,49,0)
108:(46,2,2,1,49,49,0)
109:(48,2,0,1,49,49,0)
110:(46,2,0,1,49,49,0)
111:(48,2,1,2,48,48,0)
112:(46,2,1,2,48,48,0)
113:(46,2,2,2,48,48,0)
114:(47,2,2,2,48,48,0)
115:(48,2,2,3,47,47,0)
116:(46,2,2,3,47,47,0)
117:(46,2,3,3,47,47,0)
118:(47,2,3,3,47,47,0)
119:(48,2,3,4,46,46,0)
120:(46,2,3,4,46,46,0)
121:(46,2,4,4,46,46,0)
122:(47,2,4,4,46,46,0)
123:(48,2,4,5,45,45,0)
124:(46,2,4,5,45,45,0)
125:(46,2,5,5,45,45,0)
126:(47,2,5,5,45,45,0)
127:(49,2,3,5,45,45,0)
128:(47,2,3,5,45,45,0)
129:(49,2,4,6,44,44,0)
130:(47,2,4,6,44,44,0)
131:(47,2,5,6,44,44,0)
132:(48,2,5,6,44,44,0)
133:(49,2,5,7,43,43,0)
134:(47,2,5,7,43,43,0)
135:(47,2,6,7,43,43,0)
136:(48,2,6,7,43,43,0)
137:(49,2,6,8,42,42,0)
138:(47,2,6,8,42,42,0)
139:(47,2,7,8,42,42,0)
140:(48,2,7,8,42,42,0)
141:(49,2,5,8,42,42,0)
142:(47,2,5,8,42,42,0)
143:(49,2,6,9,41,41,0)
144:(47,2,6,9,41,41,0)
145:(47,2,7,9,41,41,0)
146:(48,2,7,9,41,41,0)
147:(49,2,7,10,40,40,0)
148:(47,2,7,10,40,40,0)
149:(47,2,8,10,40,40,0)
150:(48,2,8,10,40,40,0)
151:(50,2,6,10,40,40,0)
152:(48,2,6,10,40,40,0)
153:(51,2,5,10,40,40,0)
154:(49,2,5,10,40,40,0)
155:(51,2,6,11,39,39,0)
156:(49,2,6,11,39,39,0)
157:(49,2,7,11,39,39,0)
158:(50,2,7,11,39,39,0)
159:(51,2,5,11,39,39,0)
160:(49,2,5,11,39,39,0)
161:(51,2,6,12,38,38,0)
162:(49,2,6,12,38,38,0)
163:(49,2,7,12,38,38,0)
164:(50,2,7,12,38,38,0)
165:(51,2,7,13,37,37,0)
166:(49,2,7,13,37,37,0)
167:(49,2,8,13,37,37,0)
168:(50,2,8,13,37,37,0)
169:(51,2,8,14,36,36,0)
170:(49,2,8,14,36,36,0)
171:(49,2,9,14,36,36,0)
172:(50,2,9,14,36,36,0)
173:(51,2,7,14,36,36,0)
174:(49,2,7,14,36,36,0)
175:(51,2,8,15,35,35,0)
176:(49,2,8,15,35,35,0)
177:(49,2,9,15,35,35,0)
178:(50,2,9,15,35,35,0)
179:(51,2,9,16,34,34,0)
180:(49,2,9,16,34,34,0)
181:(49,2,10,16,34,34,0)
182:(50,2,10,16,34,34,0)
183:(51,2,10,17,33,33,0)
184:(49,2,10,17,33,33,0)
185:(49,2,11,17,33,33,0)
186:(50,2,11,17,33,33,0)
187:(51,2,11,18,32,32,0)
188:(49,2,11,18,32,32,0)
189:(49,2,12,18,32,32,0)
190:(50,2,12,18,32,32,0)
191:(51,2,12,19,31,31,0)
192:(49,2,12,19,31,31,0)
193:(49,2,13,19,31,31,0)
194:(50,2,13,19,31,31,0)
195:(51,2,11,19,31,31,0)
196:(49,2,11,19,31,31,0)
197:(51,2,12,20,30,30,0)
198:(49,2,12,20,30,30,0)
199:(49,2,13,20,30,30,0)
200:(50,2,13,20,30,30,0)
201:(51,2,11,20,30,30,0)
202:(49,2,11,20,30,30,0)
203:(51,2,12,21,29,29,0)
204:(49,2,12,21,29,29,0)
205:(49,2,13,21,29,29,0)
206:(50,2,13,21,29,29,0)
207:(51,2,13,22,28,28,0)
208:(49,2,13,22,28,28,0)
209:(49,2,14,22,28,28,0)
210:(50,2,14,22,28,28,0)
211:(51,2,12,22,28,28,0)
212:(49,2,12,22,28,28,0)
213:(51,2,13,23,27,27,0)
214:(49,2,13,23,27,27,0)
215:(49,2,14,23,27,27,0)
216:(50,2,14,23,27,27,0)
217:(51,2,12,23,27,27,0)
218:(49,2,12,23,27,27,0)
219:(51,2,11,23,27,27,0)
220:(49,2,11,23,27,27,0)
221:(51,2,12,24,26,26,0)
222:(49,2,12,24,26,26,0)
223:(49,2,13,24,26,26,0)
224:(50,2,13,24,26,26,0)
225:(51,2,13,25,25,25,0)
226:(49,2,13,25,25,25,0)
227:(49,2,14,25,25,25,0)
228:(50,2,14,25,25,25,0)
229:(51,2,12,25,25,25,0)
230:(49,2,12,25,25,25,0)
231:(51,2,13,26,24,24,0)
232:(49,2,13,26,24,24,0)
233:(49,2,14,26,24,24,0)
234:(50,2,14,26,24,24,0)
235:(51,2,12,26,24,24,0)
236:(49,2,12,26,24,24,0)
237:(51,2,13,27,23,23,0)
238:(49,2,13,27,23,23,0)
239:(49,2,14,27,23,23,0)
240:(50,2,14,27,23,23,0)
241:(51,2,12,27,23,23,0)
242:(49,2,12,27,23,23,0)
243:(51,2,13,28,22,22,0)
244:(49,2,13,28,22,22,0)
245:(49,2,14,28,22,22,0)
246:(50,2,14,28,22,22,0)
247:(51,2,14,29,21,21,0)
248:(49,2,14,29,21,21,0)
249:(49,2,15,29,21,21,0)
250:(50,2,15,29,21,21,0)
251:(51,2,15,30,20,20,0)
252:(49,2,15,30,20,20,0)
253:(49,2,16,30,20,20,0)
254:(50,2,16,30,20,20,0)
255:(51,2,14,30,20,20,0)
256:(49,2,14,30,20,20,0)
257:(51,2,15,31,19,19,0)
258:(49,2,15,31,19,19,0)
259:(49,2,16,31,19,19,0)
260:(50,2,16,31,19,19,0)
261:(51,2,14,31,19,19,0)
262:(49,2,14,31,19,19,0)
263:(51,2,15,32,18,18,0)
264:(49,2,15,32,18,18,0)
265:(49,2,16,32,18,18,0)
266:(50,2,16,32,18,18,0)
267:(51,2,16,33,17,17,0)
268:(49,2,16,33,17,17,0)
269:(49,2,17,33,17,17,0)
270:(50,2,17,33,17,17,0)
271:(51,2,17,34,16,16,0)
272:(49,2,17,34,16,16,0)
273:(49,2,18,34,16,16,0)
274:(50,2,18,34,16,16,0)
275:(51,2,18,35,15,15,0)
276:(49,2,18,35,15,15,0)
277:(49,2,19,35,15,15,0)
278:(50,2,19,35,15,15,0)
279:(51,2,19,36,14,14,0)
280:(49,2,19,36,14,14,0)
281:(49,2,20,36,14,14,0)
282:(50,2,20,36,14,14,0)
283:(51,2,18,36,14,14,0)
284:(49,2,18,36,14,14,0)
285:(51,2,17,36,14,14,0)
286:(49,2,17,36,14,14,0)
287:(51,2,18,37,13,13,0)
288:(49,2,18,37,13,13,0)
289:(49,2,19,37,13,13,0)
290:(50,2,19,37,13,13,0)
291:(51,2,19,38,12,12,0)
292:(49,2,19,38,12,12,0)
293:(49,2,20,38,12,12,0)
294:(50,2,20,38,12,12,0)
295:(51,2,20,39,11,11,0)
296:(49,2,20,39,11,11,0)
297:(49,2,21,39,11,11,0)
298:(50,2,21,39,11,11,0)
299:(51,2,21,40,10,10,0)
300:(49,2,21,40,10,10,0)
301:(49,2,22,40,10,10,0)
302:(50,2,22,40,10,10,0)
303:(51,2,20,40,10,10,0)
304:(49,2,20,40,10,10,0)
305:(51,2,21,41,9,9,0)
306:(49,2,21,41,9,9,0)
307:(49,2,22,41,9,9,0)
308:(50,2,22,41,9,9,0)
309:(51,2,20,41,9,9,0)
310:(49,2,20,41,9,9,0)
311:(51,2,19,41,9,9,0)
312:(49,2,19,41,9,9,0)
313:(51,2,20,42,8,8,0)
314:(49,2,20,42,8,8,0)
315:(49,2,21,42,8,8,0)
316:(50,2,21,42,8,8,0)
317:(51,2,21,43,7,7,0)
318:(49,2,21,43,7,7,0)
319:(49,2,22,43,7,7,0)
320:(50,2,22,43,7,7,0)
321:(51,2,22,44,6,6,0)
322:(49,2,22,44,6,6,0)
323:(49,2,23,44,6,6,0)
324:(50,2,23,44,6,6,0)
325:(51,2,23,45,5,5,0)
326:(49,2,23,45,5,5,0)
327:(49,2,24,45,5,5,0)
328:(50,2,24,45,5,5,0)
329:(51,2,22,45,5,5,0)
330:(49,2,22,45,5,5,0)
331:(51,2,23,46,4,4,0)
332:(49,2,23,46,4,4,0)
333:(49,2,24,46,4,4,0)
334:(50,2,24,46,4,4,0)
335:(51,2,24,47,3,3,0)
336:(49,2,24,47,3,3,0)
337:(49,2,25,47,3,3,0)
338:(50,2,25,47,3,3,0)
339:(51,2,23,47,3,3,0)
340:(49,2,23,47,3,3,0)
341:(51,2,22,47,3,3,0)
342:(49,2,22,47,3,3,0)
343:(51,2,23,48,2,2,0)
344:(49,2,23,48,2,2,0)
345:(49,2,24,48,2,2,0)
346:(50,2,24,48,2,2,0)
347:(51,2,22,48,2,2,0)
348:(49,2,22,48,2,2,0)
349:(51,2,23,49,1,1,0)
350:(49,2,23,49,1,1,0)
351:(49,2,24,49,1,1,0)
352:(50,2,24,49,1,1,0)
353:(51,2,24,50,0,0,0)
354:(49,2,24,50,0,0,0)
355:(49,2,25,50,0,0,0)
356:(50,2,25,50,0,0,0)
357:(51,2,23,50,0,0,0)
358:(49,2,23,50,0,0,0)
359:(51,2,22,50,0,0,0)
360:(49,2,22,50,0,0,0)
361:(51,2,21,50,0,0,0)
362:(49,2,21,50,0,0,0)
363:(51,2,20,50,0,0,0)
364:(49,2,20,50,0,0,0)
365:(51,2,19,50,0,0,0)
366:(49,2,19,50,0,0,0)
367:(51,2,18,50,0,0,0)
368:(49,2,18,50,0,0,0)
369:(51,2,17,50,0,0,0)
370:(49,2,17,50,0,0,0)
371:(51,2,16,50,0,0,0)
372:(49,2,16,50,0,0,0)
373:(51,2,15,50,0,0,0)
374:(49,2,15,50,0,0,0)
375:(51,2,14,50,0,0,0)
376:(49,2,14,50,0,0,0)
377:(51,2,13,50,0,0,0)
378:(49,2,13,50,0,0,0)
379:(51,2,12,50,0,0,0)
380:(49,2,12,50,0,0,0)
381:(51,2,11,50,0,0,0)
382:(49,2,11,50,0,0,0)
383:(51,2,10,50,0,0,0)
384:(49,2,10,50,0,0,0)
385:(51,2,9,50,0,0,0)
386:(49,2,9,50,0,0,0)
387:(51,2,8,50,0,0,0)
388:(49,2,8,50,0,0,0)
389:(51,2,7,50,0,0,0)
390:(49,2,7,50,0,0,0)
391:(51,2,6,50,0,0,0)
392:(49,2,6,50,0,0,0)
393:(51,2,5,50,0,0,0)
394:(49,2,5,50,0,0,0)
395:(51,2,4,50,0,0,0)
396:(49,2,4,50,0,0,0)
397:(51,2,3,50,0,0,0)
398:(49,2,3,50,0,0,0)
399:(51,2,2,50,0,0,0)
400:(49,2,2,50,0,0,0)
401:(51,2,1,50,0,0,0)
402:(49,2,1,50,0,0,0)
403:(51,2,0,50,0,0,0)
404:(49,2,0,50,0,0,0)
405:(48,2,1,1,49,49,0)
406:(47,2,2,1,49,49,0)
407:(49,2,0,1,49,49,0)
408:(49,2,1,2,48,48,0)
409:(48,2,2,2,48,48,0)
410:(49,2,2,3,47,47,0)
411:(48,2,3,3,47,47,0)
412:(49,2,3,4,46,46,0)
413:(48,2,4,4,46,46,0)
414:(49,2,4,5,45,45,0)
415:(48,2,5,5,45,45,0)
416:(50,2,3,5,45,45,0)
417:(50,2,4,6,44,44,0)
418:(49,2,5,6,44,44,0)
419:(50,2,5,7,43,43,0)
420:(49,2,6,7,43,43,0)
421:(50,2,6,8,42,42,0)
422:(49,2,7,8,42,42,0)
423:(50,2,5,8,42,42,0)
424:(50,2,6,9,41,41,0)
425:(49,2,7,9,41,41,0)
426:(50,2,7,10,40,40,0)
427:(49,2,8,10,40,40,0)
428:(51,2,6,10,40,40,0)
429:(52,2,5,10,40,40,0)
430:(52,2,6,11,39,39,0)
431:(51,2,7,11,39,39,0)
432:(52,2,5,11,39,39,0)
433:(52,2,6,12,38,38,0)
434:(51,2,7,12,38,38,0)
435:(52,2,7,13,37,37,0)
436:(51,2,8,13,37,37,0)
437:(52,2,8,14,36,36,0)
438:(51,2,9,14,36,36,0)
439:(52,2,7,14,36,36,0)
440:(52,2,8,15,35,35,0)
441:(51,2,9,15,35,35,0)
442:(52,2,9,16,34,34,0)
443:(51,2,10,16,34,34,0)
444:(52,2,10,17,33,33,0)
445:(51,2,11,17,33,33,0)
446:(52,2,11,18,32,32,0)
447:(51,2,12,18,32,32,0)
448:(52,2,12,19,31,31,0)
449:(51,2,13,19,31,31,0)
450:(52,2,11,19,31,31,0)
451:(52,2,12,20,30,30,0)
452:(51,2,13,20,30,30,0)
453:(52,2,11,20,30,30,0)
454:(52,2,12,21,29,29,0)
455:(51,2,13,21,29,29,0)
456:(52,2,13,22,28,28,0)
457:(51,2,14,22,28,28,0)
458:(52,2,12,22,28,28,0)
459:(52,2,13,23,27,27,0)
460:(51,2,14,23,27,27,0)
461:(52,2,12,23,27,27,0)
462:(52,2,11,23,27,27,0)
463:(52,2,12,24,26,26,0)
464:(51,2,13,24,26,26,0)
465:(52,2,13,25,25,25,0)
466:(51,2,14,25,25,25,0)
467:(52,2,12,25,25,25,0)
468:(52,2,13,26,24,24,0)
469:(51,2,14,26,24,24,0)
470:(52,2,12,26,24,24,0)
471:(52,2,13,27,23,23,0)
472:(51,2,14,27,23,23,0)
473:(52,2,12,27,23,23,0)
474:(52,2,13,28,22,22,0)
475:(51,2,14,28,22,22,0)
476:(52,2,14,29,21,21,0)
477:(51,2,15,29,21,21,0)
478:(52,2,15,30,20,20,0)
479:(51,2,16,30,20,20,0)
480:(52,2,14,30,20,20,0)
481:(52,2,15,31,19,19,0)
482:(51,2,16,31,19,19,0)
483:(52,2,14,31,19,19,0)
484:(52,2,15,32,18,18,0)
485:(51,2,16,32,18,18,0)
486:(52,2,16,33,17,17,0)
487:(51,2,17,33,17,17,0)
488:(52,2,17,34,16,16,0)
489:(51,2,18,34,16,16,0)
490:(52,2,18,35,15,15,0)
491:(51,2,19,35,15,15,0)
492:(52,2,19,36,14,14,0)
493:(51,2,20,36,14,14,0)
494:(52,2,18,36,14,14,0)
495:(52,2,17,36,14,14,0)
496:(52,2,18,37,13,13,0)
497:(51,2,19,37,13,13,0)
498:(52,2,19,38,12,12,0)
499:(51,2,20,38,12,12,0)
500:(52,2,20,39,11,11,0)
501:(51,2,21,39,11,11,0)
502:(52,2,21,40,10,10,0)
503:(51,2,22,40,10,10,0)
504:(52,2,20,40,10,10,0)
505:(52,2,21,41,9,9,0)
506:(51,2,22,41,9,9,0)
507:(52,2,20,41,9,9,0)
508:(52,2,19,41,9,9,0)
509:(52,2,20,42,8,8,0)
510:(51,2,21,42,8,8,0)
511:(52,2,21,43,7,7,0)
512:(51,2,22,43,7,7,0)
513:(52,2,22,44,6,6,0)
514:(51,2,23,44,6,6,0)
515:(52,2,23,45,5,5,0)
516:(51,2,24,45,5,5,0)
517:(52,2,22,45,5,5,0)
518:(52,2,23,46,4,4,0)
519:(51,2,24,46,4,4,0)
520:(52,2,24,47,3,3,0)
521:(51,2,25,47,3,3,0)
522:(52,2,23,47,3,3,0)
523:(52,2,22,47,3,3,0)
524:(52,2,23,48,2,2,0)
525:(51,2,24,48,2,2,0)
526:(52,2,22,48,2,2,0)
527:(52,2,23,49,1,1,0)
528:(51,2,24,49,1,1,0)
529:(52,2,24,50,0,0,0)
530:(51,2,25,50,0,0,0)
531:(52,2,23,50,0,0,0)
532:(52,2,22,50,0,0,0)
533:(52,2,21,50,0,0,0)
534:(52,2,20,50,0,0,0)
535:(52,2,19,50,0,0,0)
536:(52,2,18,50,0,0,0)
537:(52,2,17,50,0,0,0)
538:(52,2,16,50,0,0,0)
539:(52,2,15,50,0,0,0)
540:(52,2,14,50,0,0,0)
541:(52,2,13,50,0,0,0)
542:(52,2,12,50,0,0,0)
543:(52,2,11,50,0,0,0)
544:(52,2,10,50,0,0,0)
545:(52,2,9,50,0,0,0)
546:(52,2,8,50,0,0,0)
547:(52,2,7,50,0,0,0)
548:(52,2,6,50,0,0,0)
549:(52,2,5,50,0,0,0)
550:(52,2,4,50,0,0,0)
551:(52,2,3,50,0,0,0)
552:(52,2,2,50,0,0,0)
553:(52,2,1,50,0,0,0)
554:(52,2,0,50,0,0,0)
555:(48,2,0,0,50,50,0)
556:(50,2,0,1,49,49,0)
557:(49,2,1,1,49,49,0)
558:(50,2,1,2,48,48,0)
559:(49,2,2,2,48,48,0)
560:(50,2,2,3,47,47,0)
561:(49,2,3,3,47,47,0)
562:(50,2,3,4,46,46,0)
563:(49,2,4,4,46,46,0)
564:(50,2,4,5,45,45,0)
565:(49,2,5,5,45,45,0)
566:(51,2,3,5,45,45,0)
567:(51,2,4,6,44,44,0)
568:(50,2,5,6,44,44,0)
569:(51,2,5,7,43,43,0)
570:(50,2,6,7,43,43,0)
571:(51,2,6,8,42,42,0)
572:(50,2,7,8,42,42,0)
573:(51,2,5,8,42,42,0)
574:(51,2,6,9,41,41,0)
575:(50,2,7,9,41,41,0)
576:(51,2,7,10,40,40,0)
577:(50,2,8,10,40,40,0)
578:(52,2,6,10,40,40,0)
579:(53,2,5,10,40,40,0)
580:(53,2,6,11,39,39,0)
581:(52,2,7,11,39,39,0)
582:(53,2,5,11,39,39,0)
583:(53,2,6,12,38,38,0)
584:(52,2,7,12,38,38,0)
585:(53,2,7,13,37,37,0)
586:(52,2,8,13,37,37,0)
587:(53,2,8,14,36,36,0)
588:(52,2,9,14,36,36,0)
589:(53,2,7,14,36,36,0)
590:(53,2,8,15,35,35,0)
591:(52,2,9,15,35,35,0)
592:(53,2,9,16,34,34,0)
593:(52,2,10,16,34,34,0)
594:(53,2,10,17,33,33,0)
595:(52,2,11,17,33,33,0)
596:(53,2,11,18,32,32,0)
597:(52,2,12,18,32,32,0)
598:(53,2,12,19,31,31,0)
599:(52,2,13,19,31,31,0)
600:(53,2,11,19,31,31,0)
601:(53,2,12,20,30,30,0)
602:(52,2,13,20,30,30,0)
603:(53,2,11,20,30,30,0)
604:(53,2,12,21,29,29,0)
605:(52,2,13,21,29,29,0)
606:(53,2,13,22,28,28,0)
607:(52,2,14,22,28,28,0)
608:(53,2,12,22,28,28,0)
609:(53,2,13,23,27,27,0)
610:(52,2,14,23,27,27,0)
611:(53,2,12,23,27,27,0)
612:(53,2,11,23,27,27,0)
613:(53,2,12,24,26,26,0)
614:(52,2,13,24,26,26,0)
615:(53,2,13,25,25,25,0)
616:(52,2,14,25,25,25,0)
617:(53,2,12,25,25,25,0)
618:(53,2,13,26,24,24,0)
619:(52,2,14,26,24,24,0)
620:(53,2,12,26,24,24,0)
621:(53,2,13,27,23,23,0)
622:(52,2,14,27,23,23,0)
623:(53,2,12,27,23,23,0)
624:(53,2,13,28,22,22,0)
625:(52,2,14,28,22,22,0)
626:(53,2,14,29,21,21,0)
627:(52,2,15,29,21,21,0)
628:(53,2,15,30,20,20,0)
629:(52,2,16,30,20,20,0)
630:(53,2,14,30,20,20,0)
631:(53,2,15,31,19,19,0)
632:(52,2,16,31,19,19,0)
633:(53,2,14,31,19,19,0)
634:(53,2,15,32,18,18,0)
635:(52,2,16,32,18,18,0)
636:(53,2,16,33,17,17,0)
637:(52,2,17,33,17,17,0)
638:(53,2,17,34,16,16,0)
639:(52,2,18,34,16,16,0)
640:(53,2,18,35,15,15,0)
641:(52,2,19,35,15,15,0)
642:(53,2,19,36,14,14,0)
643:(52,2,20,36,14,14,0)
644:(53,2,18,36,14,14,0)
645:(53,2,17,36,14,14,0)
646:(53,2,18,37,13,13,0)
647:(52,2,19,37,13,13,0)
648:(53,2,19,38,12,12,0)
649:(52,2,20,38,12,12,0)
650:(53,2,20,39,11,11,0)
651:(52,2,21,39,11,11,0)
652:(53,2,21,40,10,10,0)
653:(52,2,22,40,10,10,0)
654:(53,2,20,40,10,10,0)
655:(53,2,21,41,9,9,0)
656:(52,2,22,41,9,9,0)
657:(53,2,20,41,9,9,0)
658:(53,2,19,41,9,9,0)
659:(53,2,20,42,8,8,0)
660:(52,2,21,42,8,8,0)
661:(53,2,21,43,7,7,0)
662:(52,2,22,43,7,7,0)
663:(53,2,22,44,6,6,0)
664:(52,2,23,44,6,6,0)
665:(53,2,23,45,5,5,0)
666:(52,2,24,45,5,5,0)
667:(53,2,22,45,5,5,0)
668:(53,2,23,46,4,4,0)
669:(52,2,24,46,4,4,0)
670:(53,2,24,47,3,3,0)
671:(52,2,25,47,3,3,0)
672:(53,2,23,47,3,3,0)
673:(53,2,22,47,3,3,0)
674:(53,2,23,48,2,2,0)
675:(52,2,24,48,2,2,0)
676:(53,2,22,48,2,2,0)
677:(53,2,23,49,1,1,0)
678:(52,2,24,49,1,1,0)
679:(53,2,24,50,0,0,0)
680:(52,2,25,50,0,0,0)
681:(53,2,23,50,0,0,0)
682:(53,2,22,50,0,0,0)
683:(53,2,21,50,0,0,0)
684:(53,2,20,50,0,0,0)
685:(53,2,19,50,0,0,0)
686:(53,2,18,50,0,0,0)
687:(53,2,17,50,0,0,0)
688:(53,2,16,50,0,0,0)
689:(53,2,15,50,0,0,0)
690:(53,2,14,50,0,0,0)
691:(53,2,13,50,0,0,0)
692:(53,2,12,50,0,0,0)
693:(53,2,11,50,0,0,0)
694:(53,2,10,50,0,0,0)
695:(53,2,9,50,0,0,0)
696:(53,2,8,50,0,0,0)
697:(53,2,7,50,0,0,0)
698:(53,2,6,50,0,0,0)
699:(53,2,5,50,0,0,0)
700:(53,2,4,50,0,0,0)
701:(53,2,3,50,0,0,0)
702:(53,2,2,50,0,0,0)
703:(53,2,1,50,0,0,0)
704:(53,2,0,50,0,0,0)
705:(49,2,0,0,50,50,0)
706:(51,2,1,2,48,48,0)
707:(50,2,2,2,48,48,0)
708:(51,2,2,3,47,47,0)
709:(50,2,3,3,47,47,0)
710:(51,2,3,4,46,46,0)
711:(50,2,4,4,46,46,0)
712:(51,2,4,5,45,45,0)
713:(50,2,5,5,45,45,0)
714:(52,2,3,5,45,45,0)
715:(52,2,4,6,44,44,0)
716:(51,2,5,6,44,44,0)
717:(52,2,5,7,43,43,0)
718:(51,2,6,7,43,43,0)
719:(52,2,6,8,42,42,0)
720:(51,2,7,8,42,42,0)
721:(52,2,5,8,42,42,0)
722:(52,2,6,9,41,41,0)
723:(51,2,7,9,41,41,0)
724:(52,2,7,10,40,40,0)
725:(51,2,8,10,40,40,0)
726:(53,2,6,10,40,40,0)
727:(54,2,5,10,40,40,0)
728:(54,2,6,11,39,39,0)
729:(53,2,7,11,39,39,0)
730:(54,2,5,11,39,39,0)
731:(54,2,6,12,38,38,0)
732:(53,2,7,12,38,38,0)
733:(54,2,7,13,37,37,0)
734:(53,2,8,13,37,37,0)
735:(54,2,8,14,36,36,0)
736:(53,2,9,14,36,36,0)
737:(54,2,7,14,36,36,0)
738:(54,2,8,15,35,35,0)
739:(53,2,9,15,35,35,0)
740:(54,2,9,16,34,34,0)
741:(53,2,10,16,34,34,0)
742:(54,2,10,17,33,33,0)
743:(53,2,11,17,33,33,0)
744:(54,2,11,18,32,32,0)
745:(53,2,12,18,32,32,0)
746:(54,2,12,19,31,31,0)
747:(53,2,13,19,31,31,0)
748:(54,2,11,19,31,31,0)
749:(54,2,12,20,30,30,0)
750:(53,2,13,20,30,30,0)
751:(54,2,11,20,30,30,0)
752:(54,2,12,21,29,29,0)
753:(53,2,13,21,29,29,0)
754:(54,2,13,22,28,28,0)
755:(53,2,14,22,28,28,0)
756:(54,2,12,22,28,28,0)
757:(54,2,13,23,27,27,0)
758:(53,2,14,23,27,27,0)
759:(54,2,12,23,27,27,0)
760:(54,2,11,23,27,27,0)
761:(54,2,12,24,26,26,0)
762:(53,2,13,24,26,26,0)
763:(54,2,13,25,25,25,0)
764:(53,2,14,25,25,25,0)
765:(54,2,12,25,25,25,0)
766:(54,2,13,26,24,24,0)
767:(53,2,14,26,24,24,0)
768:(54,2,12,26,24,24,0)
769:(54,2,13,27,23,23,0)
770:(53,2,14,27,23,23,0)
771:(54,2,12,27,23,23,0)
772:(54,2,13,28,22,22,0)
773:(53,2,14,28,22,22,0)
774:(54,2,14,29,21,21,0)
775:(53,2,15,29,21,21,0)
776:(54,2,15,30,20,20,0)
777:(53,2,16,30,20,20,0)
778:(54,2,14,30,20,20,0)
779:(54,2,15,31,19,19,0)
780:(53,2,16,31,19,19,0)
781:(54,2,14,31,19,19,0)
782:(54,2,15,32,18,18,0)
783:(53,2,16,32,18,18,0)
784:(54,2,16,33,17,17,0)
785:(53,2,17,33,17,17,0)
786:(54,2,17,34,16,16,0)
787:(53,2,18,34,16,16,0)
788:(54,2,18,35,15,15,0)
789:(53,2,19,35,15,15,0)
790:(54,2,19,36,14,14,0)
791:(53,2,20,36,14,14,0)
792:(54,2,18,36,14,14,0)
793:(54,2,17,36,14,14,0)
794:(54,2,18,37,13,13,0)
795:(53,2,19,37,13,13,0)
796:(54,2,19,38,12,12,0)
797:(53,2,20,38,12,12,0)
798:(54,2,20,39,11,11,0)
799:(53,2,21,39,11,11,0)
800:(54,2,21,40,10,10,0)
801:(53,2,22,40,10,10,0)
802:(54,2,20,40,10,10,0)
803:(54,2,21,41,9,9,0)
804:(53,2,22,41,9,9,0)
805:(54,2,20,41,9,9,0)
806:(54,2,19,41,9,9,0)
807:(54,2,20,42,8,8,0)
808:(53,2,21,42,8,8,0)
809:(54,2,21,43,7,7,0)
810:(53,2,22,43,7,7,0)
811:(54,2,22,44,6,6,0)
812:(53,2,23,44,6,6,0)
813:(54,2,23,45,5,5,0)
814:(53,2,24,45,5,5,0)
815:(54,2,22,45,5,5,0)
816:(54,2,23,46,4,4,0)
817:(53,2,24,46,4,4,0)
818:(54,2,24,47,3,3,0)
819:(53,2,25,47,3,3,0)
820:(54,2,23,47,3,3,0)
821:(54,2,22,47,3,3,0)
822:(54,2,23,48,2,2,0)
823:(53,2,24,48,2,2,0)
824:(54,2,22,48,2,2,0)
825:(54,2,23,49,1,1,0)
826:(53,2,24,49,1,1,0)
827:(54,2,24,50,0,0,0)
828:(53,2,25,50,0,0,0)
829:(54,2,23,50,0,0,0)
830:(54,2,22,50,0,0,0)
831:(54,2,21,50,0,0,0)
832:(54,2,20,50,0,0,0)
833:(54,2,19,50,0,0,0)
834:(54,2,18,50,0,0,0)
835:(54,2,17,50,0,0,0)
836:(54,2,16,50,0,0,0)
837:(54,2,15,50,0,0,0)
838:(54,2,14,50,0,0,0)
839:(54,2,13,50,0,0,0)
840:(54,2,12,50,0,0,0)
841:(54,2,11,50,0,0,0)
842:(54,2,10,50,0,0,0)
843:(54,2,9,50,0,0,0)
844:(54,2,8,50,0,0,0)
845:(54,2,7,50,0,0,0)
846:(54,2,6,50,0,0,0)
847:(54,2,5,50,0,0,0)
848:(54,2,4,50,0,0,0)
849:(54,2,3,50,0,0,0)
850:(54,2,2,50,0,0,0)
851:(54,2,1,50,0,0,0)
852:(54,2,0,50,0,0,0)
853:(51,2,0,1,49,49,0)
854:(50,2,1,1,49,49,0)
855:(50,2,0,0,50,50,0)
856:(52,2,2,3,47,47,0)
857:(51,2,3,3,47,47,0)
858:(52,2,3,4,46,46,0)
859:(51,2,4,4,46,46,0)
860:(52,2,4,5,45,45,0)
861:(51,2,5,5,45,45,0)
862:(53,2,3,5,45,45,0)
863:(53,2,4,6,44,44,0)
864:(52,2,5,6,44,44,0)
865:(53,2,5,7,43,43,0)
866:(52,2,6,7,43,43,0)
867:(53,2,6,8,42,42,0)
868:(52,2,7,8,42,42,0)
869:(53,2,5,8,42,42,0)
870:(53,2,6,9,41,41,0)
871:(52,2,7,9,41,41,0)
872:(53,2,7,10,40,40,0)
873:(52,2,8,10,40,40,0)
874:(54,2,6,10,40,40,0)
875:(55,2,5,10,40,40,0)
876:(55,2,6,11,39,39,0)
877:(54,2,7,11,39,39,0)
878:(55,2,5,11,39,39,0)
879:(55,2,6,12,38,38,0)
880:(54,2,7,12,38,38,0)
881:(55,2,7,13,37,37,0)
882:(54,2,8,13,37,37,0)
883:(55,2,8,14,36,36,0)
884:(54,2,9,14,36,36,0)
885:(55,2,7,14,36,36,0)
886:(55,2,8,15,35,35,0)
887:(54,2,9,15,35,35,0)
888:(55,2,9,16,34,34,0)
889:(54,2,10,16,34,34,0)
890:(55,2,10,17,33,33,0)
891:(54,2,11,17,33,33,0)
892:(55,2,11,18,32,32,0)
893:(54,2,12,18,32,32,0)
894:(55,2,12,19,31,31,0)
895:(54,2,13,19,31,31,0)
896:(55,2,11,19,31,31,0)
897:(55,2,12,20,30,30,0)
898:(54,2,13,20,30,30,0)
899:(55,2,11,20,30,30,0)
900:(55,2,12,21,29,29,0)
901:(54,2,13,21,29,29,0)
902:(55,2,13,22,28,28,0)
903:(54,2,14,22,28,28,0)
904:(55,2,12,22,28,28,0)
905:(55,2,13,23,27,27,0)
906:(54,2,14,23,27,27,0)
907:(55,2,12,23,27,27,0)
908:(55,2,11,23,27,27,0)
909:(55,2,12,24,26,26,0)
910:(54,2,13,24,26,26,0)
911:(55,2,13,25,25,25,0)
912:(54,2,14,25,25,25,0)
913:(55,2,12,25,25,25,0)
914:(55,2,13,26,24,24,0)
915:(54,2,14,26,24,24,0)
916:(55,2,12,26,24,24,0)
917:(55,2,13,27,23,23,0)
918:(54,2,14,27,23,23,0)
919:(55,2,12,27,23,23,0)
920:(55,2,13,28,22,22,0)
921:(54,2,14,28,22,22,0)
922:(55,2,14,29,21,21,0)
923:(54,2,15,29,21,21,0)
924:(55,2,15,30,20,20,0)
925:(54,2,16,30,20,20,0)
926:(55,2,14,30,20,20,0)
927:(55,2,15,31,19,19,0)
928:(54,2,16,31,19,19,0)
929:(55,2,14,31,19,19,0)
930:(55,2,15,32,18,18,0)
931:(54,2,16,32,18,18,0)
932:(55,2,16,33,17,17,0)
933:(54,2,17,33,17,17,0)
934:(55,2,17,34,16,16,0)
935:(54,2,18,34,16,16,0)
936:(55,2,18,35,15,15,0)
937:(54,2,19,35,15,15,0)
938:(55,2,19,36,14,14,0)
939:(54,2,20,36,14,14,0)
940:(55,2,18,36,14,14,0)
941:(55,2,17,36,14,14,0)
942:(55,2,18,37,13,13,0)
943:(54,2,19,37,13,13,0)
944:(55,2,19,38,12,12,0)
945:(54,2,20,38,12,12,0)
946:(55,2,20,39,11,11,0)
947:(54,2,21,39,11,11,0)
948:(55,2,21,40,10,10,0)
949:(54,2,22,40,10,10,0)
950:(55,2,20,40,10,10,0)
951:(55,2,21,41,9,9,0)
952:(54,2,22,41,9,9,0)
953:(55,2,20,41,9,9,0)
954:(55,2,19,41,9,9,0)
955:(55,2,20,42,8,8,0)
956:(54,2,21,42,8,8,0)
957:(55,2,21,43,7,7,0)
958:(54,2,22,43,7,7,0)
959:(55,2,22,44,6,6,0)
960:(54,2,23,44,6,6,0)
961:(55,2,23,45,5,5,0)
962:(54,2,24,45,5,5,0)
963:(55,2,22,45,5,5,0)
964:(55,2,23,46,4,4,0)
965:(54,2,24,46,4,4,0)
966:(55,2,24,47,3,3,0)
967:(54,2,25,47,3,3,0)
968:(55,2,23,47,3,3,0)
969:(55,2,22,47,3,3,0)
970:(55,2,23,48,2,2,0)
971:(54,2,24,48,2,2,0)
972:(55,2,22,48,2,2,0)
973:(55,2,23,49,1,1,0)
974:(54,2,24,49,1,1,0)
975:(55,2,24,50,0,0,0)
976:(54,2,25,50,0,0,0)
977:(55,2,23,50,0,0,0)
978:(55,2,22,50,0,0,0)
979:(55,2,21,50,0,0,0)
980:(55,2,20,50,0,0,0)
981:(55,2,19,50,0,0,0)
982:(55,2,18,50,0,0,0)
983:(55,2,17,50,0,0,0)
984:(55,2,16,50,0,0,0)
985:(55,2,15,50,0,0,0)
986:(55,2,14,50,0,0,0)
987:(55,2,13,50,0,0,0)
988:(55,2,12,50,0,0,0)
989:(55,2,11,50,0,0,0)
990:(55,2,10,50,0,0,0)
991:(55,2,9,50,0,0,0)
992:(55,2,8,50,0,0,0)
993:(55,2,7,50,0,0,0)
994:(55,2,6,50,0,0,0)
995:(55,2,5,50,0,0,0)
996:(55,2,4,50,0,0,0)
997:(55,2,3,50,0,0,0)
998:(55,2,2,50,0,0,0)
999:(55,2,1,50,0,0,0)
1000:(55,2,0,50,0,0,0)
1001:(52,2,1,2,48,48,0)
1002:(52,2,0,1,49,49,0)
1003:(51,2,1,1,49,49,0)
1004:(51,2,0,0,50,50,0)
1005:(53,2,3,4,46,46,0)
1006:(52,2,4,4,46,46,0)
1007:(53,2,4,5,45,45,0)
1008:(52,2,5,5,45,45,0)
1009:(54,2,3,5,45,45,0)
1010:(54,2,4,6,44,44,0)
1011:(53,2,5,6,44,44,0)
1012:(54,2,5,7,43,43,0)
1013:(53,2,6,7,43,43,0)
1014:(54,2,6,8,42,42,0)
1015:(53,2,7,8,42,42,0)
1016:(54,2,5,8,42,42,0)
1017:(54,2,6,9,41,41,0)
1018:(53,2,7,9,41,41,0)
1019:(54,2,7,10,40,40,0)
1020:(53,2,8,10,40,40,0)
1021:(55,2,6,10,40,40,0)
1022:(56,2,5,10,40,40,0)
1023:(56,2,6,11,39,39,0)
1024:(55,2,7,11,39,39,0)
1025:(56,2,5,11,39,39,0)
1026:(56,2,6,12,38,38,0)
1027:(55,2,7,12,38,38,0)
1028:(56,2,7,13,37,37,0)
1029:(55,2,8,13,37,37,0)
1030:(56,2,8,14,36,36,0)
1031:(55,2,9,14,36,36,0)
1032:(56,2,7,14,36,36,0)
1033:(56,2,8,15,35,35,0)
1034:(55,2,9,15,35,35,0)
1035:(56,2,9,16,34,34,0)
1036:(55,2,10,16,34,34,0)
1037:(56,2,10,17,33,33,0)
1038:(55,2,11,17,33,33,0)
1039:(56,2,11,18,32,32,0)
1040:(55,2,12,18,32,32,0)
1041:(56,2,12,19,31,31,0)
1042:(55,2,13,19,31,31,0)
1043:(56,2,11,19,31,31,0)
1044:(56,2,12,20,30,30,0)
1045:(55,2,13,20,30,30,0)
1046:(56,2,11,20,30,30,0)
1047:(56,2,12,21,29,29,0)
1048:(55,2,13,21,29,29,0)
1049:(56,2,13,22,28,28,0)
1050:(55,2,14,22,28,28,0)
1051:(56,2,12,22,28,28,0)
1052:(56,2,13,23,27,27,0)
1053:(55,2,14,23,27,27,0)
1054:(56,2,12,23,27,27,0)
1055:(56,2,11,23,27,27,0)
1056:(56,2,12,24,26,26,0)
1057:(55,2,13,24,26,26,0)
1058:(56,2,13,25,25,25,0)
1059:(55,2,14,25,25,25,0)
1060:(56,2,12,25,25,25,0)
1061:(56,2,13,26,24,24,0)
1062:(55,2,14,26,24,24,0)
1063:(56,2,12,26,24,24,0)
1064:(56,2,13,27,23,23,0)
1065:(55,2,14,27,23,23,0)
1066:(56,2,12,27,23,23,0)
1067:(56,2,13,28,22,22,0)
1068:(55,2,14,28,22,22,0)
1069:(56,2,14,29,21,21,0)
1070:(55,2,15,29,21,21,0)
1071:(56,2,15,30,20,20,0)
1072:(55,2,16,30,20,20,0)
1073:(56,2,14,30,20,20,0)
1074:(56,2,15,31,19,19,0)
1075:(55,2,16,31,19,19,0)
1076:(56,2,14,31,19,19,0)
1077:(56,2,15,32,18,18,0)
1078:(55,2,16,32,18,18,0)
1079:(56,2,16,33,17,17,0)
1080:(55,2,17,33,17,17,0)
1081:(56,2,17,34,16,16,0)
1082:(55,2,18,34,16,16,0)
1083:(56,2,18,35,15,15,0)
1084:(55,2,19,35,15,15,0)
1085:(56,2,19,36,14,14,0)
1086:(55,2,20,36,14,14,0)
1087:(56,2,18,36,14,14,0)
1088:(56,2,17,36,14,14,0)
1089:(56,2,18,37,13,13,0)
1090:(55,2,19,37,13,13,0)
1091:(56,2,19,38,12,12,0)
1092:(55,2,20,38,12,12,0)
1093:(56,2,20,39,11,11,0)
1094:(55,2,21,39,11,11,0)
1095:(56,2,21,40,10,10,0)
1096:(55,2,22,40,10,10,0)
1097:(56,2,20,40,10,10,0)
1098:(56,2,21,41,9,9,0)
1099:(55,2,22,41,9,9,0)
1100:(56,2,20,41,9,9,0)
1101:(56,2,19,41,9,9,0)
1102:(56,2,20,42,8,8,0)
1103:(55,2,21,42,8,8,0)
1104:(56,2,21,43,7,7,0)
1105:(55,2,22,43,7,7,0)
1106:(56,2,22,44,6,6,0)
1107:(55,2,23,44,6,6,0)
1108:(56,2,23,45,5,5,0)
1109:(55,2,24,45,5,5,0)
1110:(56,2,22,45,5,5,0)
1111:(56,2,23,46,4,4,0)
1112:(55,2,24,46,4,4,0)
1113:(56,2,24,47,3,3,0)
1114:(55,2,25,47,3,3,0)
1115:(56,2,23,47,3,3,0)
1116:(56,2,22,47,3,3,0)
1117:(56,2,23,48,2,2,0)
1118:(55,2,24,48,2,2,0)
1119:(56,2,22,48,2,2,0)
1120:(56,2,23,49,1,1,0)
1121:(55,2,24,49,1,1,0)
1122:(56,2,24,50,0,0,0)
1123:(55,2,25,50,0,0,0)
1124:(56,2,23,50,0,0,0)
1125:(56,2,22,50,0,0,0)
1126:(56,2,21,50,0,0,0)
1127:(56,2,20,50,0,0,0)
1128:(56,2,19,50,0,0,0)
1129:(56,2,18,50,0,0,0)
1130:(56,2,17,50,0,0,0)
1131:(56,2,16,50,0,0,0)
1132:(56,2,15,50,0,0,0)
1133:(56,2,14,50,0,0,0)
1134:(56,2,13,50,0,0,0)
1135:(56,2,12,50,0,0,0)
1136:(56,2,11,50,0,0,0)
1137:(56,2,10,50,0,0,0)
1138:(56,2,9,50,0,0,0)
1139:(56,2,8,50,0,0,0)
1140:(56,2,7,50,0,0,0)
1141:(56,2,6,50,0,0,0)
1142:(56,2,5,50,0,0,0)
1143:(56,2,4,50,0,0,0)
1144:(56,2,3,50,0,0,0)
1145:(56,2,2,50,0,0,0)
1146:(56,2,1,50,0,0,0)
1147:(56,2,0,50,0,0,0)
1148:(53,2,2,3,47,47,0)
1149:(53,2,1,2,48,48,0)
1150:(53,2,0,1,49,49,0)
1151:(52,2,1,1,49,49,0)
1152:(52,2,0,0,50,50,0)
1153:(54,2,4,5,45,45,0)
1154:(53,2,5,5,45,45,0)
1155:(55,2,3,5,45,45,0)
1156:(55,2,4,6,44,44,0)
1157:(54,2,5,6,44,44,0)
1158:(55,2,5,7,43,43,0)
1159:(54,2,6,7,43,43,0)
1160:(55,2,6,8,42,42,0)
1161:(54,2,7,8,42,42,0)
1162:(55,2,5,8,42,42,0)
1163:(55,2,6,9,41,41,0)
1164:(54,2,7,9,41,41,0)
1165:(55,2,7,10,40,40,0)
1166:(54,2,8,10,40,40,0)
1167:(56,2,6,10,40,40,0)
1168:(57,2,5,10,40,40,0)
1169:(57,2,6,11,39,39,0)
1170:(56,2,7,11,39,39,0)
1171:(57,2,5,11,39,39,0)
1172:(57,2,6,12,38,38,0)
1173:(56,2,7,12,38,38,0)
1174:(57,2,7,13,37,37,0)
1175:(56,2,8,13,37,37,0)
1176:(57,2,8,14,36,36,0)
1177:(56,2,9,14,36,36,0)
1178:(57,2,7,14,36,36,0)
1179:(57,2,8,15,35,35,0)
1180:(56,2,9,15,35,35,0)
1181:(57,2,9,16,34,34,0)
1182:(56,2,10,16,34,34,0)
1183:(57,2,10,17,33,33,0)
1184:(56,2,11,17,33,33,0)
1185:(57,2,11,18,32,32,0)
1186:(56,2,12,18,32,32,0)
1187:(57,2,12,19,31,31,0)
1188:(56,2,13,19,31,31,0)
1189:(57,2,11,19,31,31,0)
1190:(57,2,12,20,30,30,0)
1191:(56,2,13,20,30,30,0)
1192:(57,2,11,20,30,30,0)
1193:(57,2,12,21,29,29,0)
1194:(56,2,13,21,29,29,0)
1195:(57,2,13,22,28,28,0)
1196:(56,2,14,22,28,28,0)
1197:(57,2,12,22,28,28,0)
1198:(57,2,13,23,27,27,0)
1199:(56,2,14,23,27,27,0)
1200:(57,2,12,23,27,27,0)
1201:(57,2,11,23,27,27,0)
1202:(57,2,12,24,26,26,0)
1203:(56,2,13,24,26,26,0)
1204:(57,2,13,25,25,25,0)
1205:(56,2,14,25,25,25,0)
1206:(57,2,12,25,25,25,0)
1207:(57,2,13,26,24,24,0)
1208:(56,2,14,26,24,24,0)
1209:(57,2,12,26,24,24,0)
1210:(57,2,13,27,23,23,0)
1211:(56,2,14,27,23,23,0)
1212:(57,2,12,27,23,23,0)
1213:(57,2,13,28,22,22,0)
1214:(56,2,14,28,22,22,0)
1215:(57,2,14,29,21,21,0)
1216:(56,2,15,29,21,21,0)
1217:(57,2,15,30,20,20,0)
1218:(56,2,16,30,20,20,0)
1219:(57,2,14,30,20,20,0)
1220:(57,2,15,31,19,19,0)
1221:(56,2,16,31,19,19,0)
1222:(57,2,14,31,19,19,0)
1223:(57,2,15,32,18,18,0)
1224:(56,2,16,32,18,18,0)
1225:(57,2,16,33,17,17,0)
1226:(56,2,17,33,17,17,0)
1227:(57,2,17,34,16,16,0)
1228:(56,2,18,34,16,16,0)
1229:(57,2,18,35,15,15,0)
1230:(56,2,19,35,15,15,0)
1231:(57,2,19,36,14,14,0)
1232:(56,2,20,36,14,14,0)
1233:(57,2,18,36,14,14,0)
1234:(57,2,17,36,14,14,0)
1235:(57,2,18,37,13,13,0)
1236:(56,2,19,37,13,13,0)
1237:(57,2,19,38,12,12,0)
1238:(56,2,20,38,12,12,0)
1239:(57,2,20,39,11,11,0)
1240:(56,2,21,39,11,11,0)
1241:(57,2,21,40,10,10,0)
1242:(56,2,22,40,10,10,0)
1243:(57,2,20,40,10,10,0)
1244:(57,2,21,41,9,9,0)
1245:(56,2,22,41,9,9,0)
1246:(57,2,20,41,9,9,0)
1247:(57,2,19,41,9,9,0)
1248:(57,2,20,42,8,8,0)
1249:(56,2,21,42,8,8,0)
1250:(57,2,21,43,7,7,0)
1251:(56,2,22,43,7,7,0)
1252:(57,2,22,44,6,6,0)
1253:(56,2,23,44,6,6,0)
1254:(57,2,23,45,5,5,0)
1255:(56,2,24,45,5,5,0)
1256:(57,2,22,45,5,5,0)
1257:(57,2,23,46,4,4,0)
1258:(56,2,24,46,4,4,0)
1259:(57,2,24,47,3,3,0)
1260:(56,2,25,47,3,3,0)
1261:(57,2,23,47,3,3,0)
1262:(57,2,22,47,3,3,0)
1263:(57,2,23,48,2,2,0)
1264:(56,2,24,48,2,2,0)
1265:(57,2,22,48,2,2,0)
1266:(57,2,23,49,1,1,0)
1267:(56,2,24,49,1,1,0)
1268:(57,2,24,50,0,0,0)
1269:(56,2,25,50,0,0,0)
1270:(57,2,23,50,0,0,0)
1271:(57,2,22,50,0,0,0)
1272:(57,2,21,50,0,0,0)
1273:(57,2,20,50,0,0,0)
1274:(57,2,19,50,0,0,0)
1275:(57,2,18,50,0,0,0)
1276:(57,2,17,50,0,0,0)
1277:(57,2,16,50,0,0,0)
1278:(57,2,15,50,0,0,0)
1279:(57,2,14,50,0,0,0)
1280:(57,2,13,50,0,0,0)
1281:(57,2,12,50,0,0,0)
1282:(57,2,11,50,0,0,0)
1283:(57,2,10,50,0,0,0)
1284:(57,2,9,50,0,0,0)
1285:(57,2,8,50,0,0,0)
1286:(57,2,7,50,0,0,0)
1287:(57,2,6,50,0,0,0)
1288:(57,2,5,50,0,0,0)
1289:(57,2,4,50,0,0,0)
1290:(57,2,3,50,0,0,0)
1291:(57,2,2,50,0,0,0)
1292:(57,2,1,50,0,0,0)
1293:(57,2,0,50,0,0,0)
1294:(51,2,2,2,48,48,0)
1295:(50,2,2,1,49,49,0)
1296:(50,2,1,0,50,50,0)
1297:(50,2,6,5,45,45,0)
1298:(51,2,6,5,45,45,0)
1299:(51,2,6,6,44,44,0)
1300:(52,2,6,6,44,44,0)
1301:(51,2,7,7,43,43,0)
1302:(52,2,7,7,43,43,0)
1303:(51,2,8,8,42,42,0)
1304:(52,2,8,8,42,42,0)
1305:(51,2,8,9,41,41,0)
1306:(52,2,8,9,41,41,0)
1307:(51,2,9,10,40,40,0)
1308:(52,2,9,10,40,40,0)
1309:(53,2,8,11,39,39,0)
1310:(54,2,8,11,39,39,0)
1311:(53,2,8,12,38,38,0)
1312:(54,2,8,12,38,38,0)
1313:(53,2,9,13,37,37,0)
1314:(54,2,9,13,37,37,0)
1315:(53,2,10,14,36,36,0)
1316:(54,2,10,14,36,36,0)
1317:(53,2,10,15,35,35,0)
1318:(54,2,10,15,35,35,0)
1319:(53,2,11,16,34,34,0)
1320:(54,2,11,16,34,34,0)
1321:(53,2,12,17,33,33,0)
1322:(54,2,12,17,33,33,0)
1323:(53,2,13,18,32,32,0)
1324:(54,2,13,18,32,32,0)
1325:(53,2,14,19,31,31,0)
1326:(54,2,14,19,31,31,0)
1327:(53,2,14,20,30,30,0)
1328:(54,2,14,20,30,30,0)
1329:(53,2,14,21,29,29,0)
1330:(54,2,14,21,29,29,0)
1331:(53,2,15,22,28,28,0)
1332:(54,2,15,22,28,28,0)
1333:(53,2,15,23,27,27,0)
1334:(54,2,15,23,27,27,0)
1335:(53,2,14,24,26,26,0)
1336:(54,2,14,24,26,26,0)
1337:(53,2,15,25,25,25,0)
1338:(54,2,15,25,25,25,0)
1339:(53,2,15,26,24,24,0)
1340:(54,2,15,26,24,24,0)
1341:(53,2,15,27,23,23,0)
1342:(54,2,15,27,23,23,0)
1343:(53,2,15,28,22,22,0)
1344:(54,2,15,28,22,22,0)
1345:(53,2,16,29,21,21,0)
1346:(54,2,16,29,21,21,0)
1347:(53,2,17,30,20,20,0)
1348:(54,2,17,30,20,20,0)
1349:(53,2,17,31,19,19,0)
1350:(54,2,17,31,19,19,0)
1351:(53,2,17,32,18,18,0)
1352:(54,2,17,32,18,18,0)
1353:(53,2,18,33,17,17,0)
1354:(54,2,18,33,17,17,0)
1355:(53,2,19,34,16,16,0)
1356:(54,2,19,34,16,16,0)
1357:(53,2,20,35,15,15,0)
1358:(54,2,20,35,15,15,0)
1359:(53,2,21,36,14,14,0)
1360:(54,2,21,36,14,14,0)
1361:(53,2,20,37,13,13,0)
1362:(54,2,20,37,13,13,0)
1363:(53,2,21,38,12,12,0)
1364:(54,2,21,38,12,12,0)
1365:(53,2,22,39,11,11,0)
1366:(54,2,22,39,11,11,0)
1367:(53,2,23,40,10,10,0)
1368:(54,2,23,40,10,10,0)
1369:(53,2,23,41,9,9,0)
1370:(54,2,23,41,9,9,0)
1371:(53,2,22,42,8,8,0)
1372:(54,2,22,42,8,8,0)
1373:(53,2,23,43,7,7,0)
1374:(54,2,23,43,7,7,0)
1375:(53,2,24,44,6,6,0)
1376:(54,2,24,44,6,6,0)
1377:(53,2,25,45,5,5,0)
1378:(54,2,25,45,5,5,0)
1379:(53,2,25,46,4,4,0)
1380:(54,2,25,46,4,4,0)
1381:(53,2,26,47,3,3,0)
1382:(54,2,26,47,3,3,0)
1383:(53,2,25,48,2,2,0)
1384:(54,2,25,48,2,2,0)
1385:(53,2,25,49,1,1,0)
1386:(54,2,25,49,1,1,0)
1387:(53,2,26,50,0,0,0)
1388:(54,2,26,50,0,0,0)
1389:(52,2,3,3,47,47,0)
1390:(52,2,2,2,48,48,0)
1391:(51,2,2,1,49,49,0)
1392:(51,2,1,0,50,50,0)
1393:(52,2,6,5,45,45,0)
1394:(53,2,6,6,44,44,0)
1395:(53,2,7,7,43,43,0)
1396:(53,2,8,8,42,42,0)
1397:(53,2,8,9,41,41,0)
1398:(53,2,9,10,40,40,0)
1399:(55,2,8,11,39,39,0)
1400:(55,2,8,12,38,38,0)
1401:(55,2,9,13,37,37,0)
1402:(55,2,10,14,36,36,0)
1403:(55,2,10,15,35,35,0)
1404:(55,2,11,16,34,34,0)
1405:(55,2,12,17,33,33,0)
1406:(55,2,13,18,32,32,0)
1407:(55,2,14,19,31,31,0)
1408:(55,2,14,20,30,30,0)
1409:(55,2,14,21,29,29,0)
1410:(55,2,15,22,28,28,0)
1411:(55,2,15,23,27,27,0)
1412:(55,2,14,24,26,26,0)
1413:(55,2,15,25,25,25,0)
1414:(55,2,15,26,24,24,0)
1415:(55,2,15,27,23,23,0)
1416:(55,2,15,28,22,22,0)
1417:(55,2,16,29,21,21,0)
1418:(55,2,17,30,20,20,0)
1419:(55,2,17,31,19,19,0)
1420:(55,2,17,32,18,18,0)
1421:(55,2,18,33,17,17,0)
1422:(55,2,19,34,16,16,0)
1423:(55,2,20,35,15,15,0)
1424:(55,2,21,36,14,14,0)
1425:(55,2,20,37,13,13,0)
1426:(55,2,21,38,12,12,0)
1427:(55,2,22,39,11,11,0)
1428:(55,2,23,40,10,10,0)
1429:(55,2,23,41,9,9,0)
1430:(55,2,22,42,8,8,0)
1431:(55,2,23,43,7,7,0)
1432:(55,2,24,44,6,6,0)
1433:(55,2,25,45,5,5,0)
1434:(55,2,25,46,4,4,0)
1435:(55,2,26,47,3,3,0)
1436:(55,2,25,48,2,2,0)
1437:(55,2,25,49,1,1,0)
1438:(55,2,26,50,0,0,0)
1439:(49,2,2,1,49,49,0)
1440:(49,2,1,0,50,50,0)
1441:(49,2,5,4,46,46,0)
1442:(50,2,5,4,46,46,0)
1443:(49,2,6,5,45,45,0)
1444:(50,2,6,6,44,44,0)
1445:(50,2,7,7,43,43,0)
1446:(50,2,8,8,42,42,0)
1447:(50,2,8,9,41,41,0)
1448:(50,2,9,10,40,40,0)
1449:(52,2,8,11,39,39,0)
1450:(52,2,8,12,38,38,0)
1451:(52,2,9,13,37,37,0)
1452:(52,2,10,14,36,36,0)
1453:(52,2,10,15,35,35,0)
1454:(52,2,11,16,34,34,0)
1455:(52,2,12,17,33,33,0)
1456:(52,2,13,18,32,32,0)
1457:(52,2,14,19,31,31,0)
1458:(52,2,14,20,30,30,0)
1459:(52,2,14,21,29,29,0)
1460:(52,2,15,22,28,28,0)
1461:(52,2,15,23,27,27,0)
1462:(52,2,14,24,26,26,0)
1463:(52,2,15,25,25,25,0)
1464:(52,2,15,26,24,24,0)
1465:(52,2,15,27,23,23,0)
1466:(52,2,15,28,22,22,0)
1467:(52,2,16,29,21,21,0)
1468:(52,2,17,30,20,20,0)
1469:(52,2,17,31,19,19,0)
1470:(52,2,17,32,18,18,0)
1471:(52,2,18,33,17,17,0)
1472:(52,2,19,34,16,16,0)
1473:(52,2,20,35,15,15,0)
1474:(52,2,21,36,14,14,0)
1475:(52,2,20,37,13,13,0)
1476:(52,2,21,38,12,12,0)
1477:(52,2,22,39,11,11,0)
1478:(52,2,23,40,10,10,0)
1479:(52,2,23,41,9,9,0)
1480:(52,2,22,42,8,8,0)
1481:(52,2,23,43,7,7,0)
1482:(52,2,24,44,6,6,0)
1483:(52,2,25,45,5,5,0)
1484:(52,2,25,46,4,4,0)
1485:(52,2,26,47,3,3,0)
1486:(52,2,25,48,2,2,0)
1487:(52,2,25,49,1,1,0)
1488:(52,2,26,50,0,0,0)
1489:(48,2,2,1,49,49,0)
1490:(48,2,1,0,50,50,0)
1491:(48,2,6,5,45,45,0)
1492:(49,2,6,6,44,44,0)
1493:(49,2,7,7,43,43,0)
1494:(49,2,8,8,42,42,0)
1495:(49,2,8,9,41,41,0)
1496:(49,2,9,10,40,40,0)
1497:(51,2,8,11,39,39,0)
1498:(51,2,8,12,38,38,0)
1499:(51,2,9,13,37,37,0)
1500:(51,2,10,14,36,36,0)
1501:(51,2,10,15,35,35,0)
1502:(51,2,11,16,34,34,0)
1503:(51,2,12,17,33,33,0)
1504:(51,2,13,18,32,32,0)
1505:(51,2,14,19,31,31,0)
1506:(51,2,14,20,30,30,0)
1507:(51,2,14,21,29,29,0)
1508:(51,2,15,22,28,28,0)
1509:(51,2,15,23,27,27,0)
1510:(51,2,14,24,26,26,0)
1511:(51,2,15,25,25,25,0)
1512:(51,2,15,26,24,24,0)
1513:(51,2,15,27,23,23,0)
1514:(51,2,15,28,22,22,0)
1515:(51,2,16,29,21,21,0)
1516:(51,2,17,30,20,20,0)
1517:(51,2,17,31,19,19,0)
1518:(51,2,17,32,18,18,0)
1519:(51,2,18,33,17,17,0)
1520:(51,2,19,34,16,16,0)
1521:(51,2,20,35,15,15,0)
1522:(51,2,21,36,14,14,0)
1523:(51,2,20,37,13,13,0)
1524:(51,2,21,38,12,12,0)
1525:(51,2,22,39,11,11,0)
1526:(51,2,23,40,10,10,0)
1527:(51,2,23,41,9,9,0)
1528:(51,2,22,42,8,8,0)
1529:(51,2,23,43,7,7,0)
1530:(51,2,24,44,6,6,0)
1531:(51,2,25,45,5,5,0)
1532:(51,2,25,46,4,4,0)
1533:(51,2,26,47,3,3,0)
1534:(51,2,25,48,2,2,0)
1535:(51,2,25,49,1,1,0)
1536:(51,2,26,50,0,0,0)
1537:(49,2,4,3,47,47,0)
1538:(49,2,3,2,48,48,0)
1539:(48,2,3,1,49,49,0)
1540:(48,2,2,0,50,50,0)
1541:(48,2,7,5,45,45,0)
1542:(49,2,7,5,45,45,0)
1543:(49,2,7,6,44,44,0)
1544:(50,2,7,6,44,44,0)
1545:(49,2,8,7,43,43,0)
1546:(50,2,8,7,43,43,0)
1547:(49,2,9,8,42,42,0)
1548:(50,2,9,8,42,42,0)
1549:(49,2,9,9,41,41,0)
1550:(50,2,9,9,41,41,0)
1551:(49,2,10,10,40,40,0)
1552:(50,2,10,10,40,40,0)
1553:(51,2,9,11,39,39,0)
1554:(52,2,9,11,39,39,0)
1555:(51,2,9,12,38,38,0)
1556:(52,2,9,12,38,38,0)
1557:(51,2,10,13,37,37,0)
1558:(52,2,10,13,37,37,0)
1559:(51,2,11,14,36,36,0)
1560:(52,2,11,14,36,36,0)
1561:(51,2,11,15,35,35,0)
1562:(52,2,11,15,35,35,0)
1563:(51,2,12,16,34,34,0)
1564:(52,2,12,16,34,34,0)
1565:(51,2,13,17,33,33,0)
1566:(52,2,13,17,33,33,0)
1567:(51,2,14,18,32,32,0)
1568:(52,2,14,18,32,32,0)
1569:(51,2,15,19,31,31,0)
1570:(52,2,15,19,31,31,0)
1571:(51,2,15,20,30,30,0)
1572:(52,2,15,20,30,30,0)
1573:(51,2,15,21,29,29,0)
1574:(52,2,15,21,29,29,0)
1575:(51,2,16,22,28,28,0)
1576:(52,2,16,22,28,28,0)
1577:(51,2,16,23,27,27,0)
1578:(52,2,16,23,27,27,0)
1579:(51,2,15,24,26,26,0)
1580:(52,2,15,24,26,26,0)
1581:(51,2,16,25,25,25,0)
1582:(52,2,16,25,25,25,0)
1583:(51,2,16,26,24,24,0)
1584:(52,2,16,26,24,24,0)
1585:(51,2,16,27,23,23,0)
1586:(52,2,16,27,23,23,0)
1587:(51,2,16,28,22,22,0)
1588:(52,2,16,28,22,22,0)
1589:(51,2,17,29,21,21,0)
1590:(52,2,17,29,21,21,0)
1591:(51,2,18,30,20,20,0)
1592:(52,2,18,30,20,20,0)
1593:(51,2,18,31,19,19,0)
1594:(52,2,18,31,19,19,0)
1595:(51,2,18,32,18,18,0)
1596:(52,2,18,32,18,18,0)
1597:(51,2,19,33,17,17,0)
1598:(52,2,19,33,17,17,0)
1599:(51,2,20,34,16,16,0)
1600:(52,2,20,34,16,16,0)
1601:(51,2,21,35,15,15,0)
1602:(52,2,21,35,15,15,0)
1603:(51,2,22,36,14,14,0)
1604:(52,2,22,36,14,14,0)
1605:(51,2,21,37,13,13,0)
1606:(52,2,21,37,13,13,0)
1607:(51,2,22,38,12,12,0)
1608:(52,2,22,38,12,12,0)
1609:(51,2,23,39,11,11,0)
1610:(52,2,23,39,11,11,0)
1611:(51,2,24,40,10,10,0)
1612:(52,2,24,40,10,10,0)
1613:(51,2,24,41,9,9,0)
1614:(52,2,24,41,9,9,0)
1615:(51,2,23,42,8,8,0)
1616:(52,2,23,42,8,8,0)
1617:(51,2,24,43,7,7,0)
1618:(52,2,24,43,7,7,0)
1619:(51,2,25,44,6,6,0)
1620:(52,2,25,44,6,6,0)
1621:(51,2,26,45,5,5,0)
1622:(52,2,26,45,5,5,0)
1623:(51,2,26,46,4,4,0)
1624:(52,2,26,46,4,4,0)
1625:(51,2,27,47,3,3,0)
1626:(52,2,27,47,3,3,0)
1627:(51,2,26,48,2,2,0)
1628:(52,2,26,48,2,2,0)
1629:(51,2,26,49,1,1,0)
1630:(52,2,26,49,1,1,0)
1631:(51,2,27,50,0,0,0)
1632:(52,2,27,50,0,0,0)
1633:(50,2,4,3,47,47,0)
1634:(50,2,3,2,48,48,0)
1635:(49,2,3,1,49,49,0)
1636:(49,2,2,0,50,50,0)
1637:(50,2,7,5,45,45,0)
1638:(51,2,7,6,44,44,0)
1639:(51,2,8,7,43,43,0)
1640:(51,2,9,8,42,42,0)
1641:(51,2,9,9,41,41,0)
1642:(51,2,10,10,40,40,0)
1643:(53,2,9,11,39,39,0)
1644:(53,2,9,12,38,38,0)
1645:(53,2,10,13,37,37,0)
1646:(53,2,11,14,36,36,0)
1647:(53,2,11,15,35,35,0)
1648:(53,2,12,16,34,34,0)
1649:(53,2,13,17,33,33,0)
1650:(53,2,14,18,32,32,0)
1651:(53,2,15,19,31,31,0)
1652:(53,2,15,20,30,30,0)
1653:(53,2,15,21,29,29,0)
1654:(53,2,16,22,28,28,0)
1655:(53,2,16,23,27,27,0)
1656:(53,2,15,24,26,26,0)
1657:(53,2,16,25,25,25,0)
1658:(53,2,16,26,24,24,0)
1659:(53,2,16,27,23,23,0)
1660:(53,2,16,28,22,22,0)
1661:(53,2,17,29,21,21,0)
1662:(53,2,18,30,20,20,0)
1663:(53,2,18,31,19,19,0)
1664:(53,2,18,32,18,18,0)
1665:(53,2,19,33,17,17,0)
1666:(53,2,20,34,16,16,0)
1667:(53,2,21,35,15,15,0)
1668:(53,2,22,36,14,14,0)
1669:(53,2,21,37,13,13,0)
1670:(53,2,22,38,12,12,0)
1671:(53,2,23,39,11,11,0)
1672:(53,2,24,40,10,10,0)
1673:(53,2,24,41,9,9,0)
1674:(53,2,23,42,8,8,0)
1675:(53,2,24,43,7,7,0)
1676:(53,2,25,44,6,6,0)
1677:(53,2,26,45,5,5,0)
1678:(53,2,26,46,4,4,0)
1679:(53,2,27,47,3,3,0)
1680:(53,2,26,48,2,2,0)
1681:(53,2,26,49,1,1,0)
1682:(53,2,27,50,0,0,0)
1683:(47,2,1,0,50,50,0)
1684:(47,2,3,2,48,48,0)
1685:(48,2,3,2,48,48,0)
1686:(47,2,4,3,47,47,0)
1687:(48,2,4,3,47,47,0)
1688:(47,2,5,4,46,46,0)
1689:(48,2,5,4,46,46,0)
1690:(47,2,6,5,45,45,0)
1691:(48,2,6,6,44,44,0)
1692:(48,2,7,7,43,43,0)
1693:(48,2,8,8,42,42,0)
1694:(48,2,8,9,41,41,0)
1695:(48,2,9,10,40,40,0)
1696:(50,2,8,11,39,39,0)
1697:(50,2,8,12,38,38,0)
1698:(50,2,9,13,37,37,0)
1699:(50,2,10,14,36,36,0)
1700:(50,2,10,15,35,35,0)
1701:(50,2,11,16,34,34,0)
1702:(50,2,12,17,33,33,0)
1703:(50,2,13,18,32,32,0)
1704:(50,2,14,19,31,31,0)
1705:(50,2,14,20,30,30,0)
1706:(50,2,14,21,29,29,0)
1707:(50,2,15,22,28,28,0)
1708:(50,2,15,23,27,27,0)
1709:(50,2,14,24,26,26,0)
1710:(50,2,15,25,25,25,0)
1711:(50,2,15,26,24,24,0)
1712:(50,2,15,27,23,23,0)
1713:(50,2,15,28,22,22,0)
1714:(50,2,16,29,21,21,0)
1715:(50,2,17,30,20,20,0)
1716:(50,2,17,31,19,19,0)
1717:(50,2,17,32,18,18,0)
1718:(50,2,18,33,17,17,0)
1719:(50,2,19,34,16,16,0)
1720:(50,2,20,35,15,15,0)
1721:(50,2,21,36,14,14,0)
1722:(50,2,20,37,13,13,0)
1723:(50,2,21,38,12,12,0)
1724:(50,2,22,39,11,11,0)
1725:(50,2,23,40,10,10,0)
1726:(50,2,23,41,9,9,0)
1727:(50,2,22,42,8,8,0)
1728:(50,2,23,43,7,7,0)
1729:(50,2,24,44,6,6,0)
1730:(50,2,25,45,5,5,0)
1731:(50,2,25,46,4,4,0)
1732:(50,2,26,47,3,3,0)
1733:(50,2,25,48,2,2,0)
1734:(50,2,25,49,1,1,0)
1735:(50,2,26,50,0,0,0)
1736:(46,2,4,3,47,47,0)
1737:(46,2,5,4,46,46,0)
1738:(46,2,6,5,45,45,0)
1739:(47,2,6,6,44,44,0)
1740:(47,2,7,7,43,43,0)
1741:(47,2,8,8,42,42,0)
1742:(47,2,8,9,41,41,0)
1743:(47,2,9,10,40,40,0)
1744:(49,2,8,11,39,39,0)
1745:(49,2,8,12,38,38,0)
1746:(49,2,9,13,37,37,0)
1747:(49,2,10,14,36,36,0)
1748:(49,2,10,15,35,35,0)
1749:(49,2,11,16,34,34,0)
1750:(49,2,12,17,33,33,0)
1751:(49,2,13,18,32,32,0)
1752:(49,2,14,19,31,31,0)
1753:(49,2,14,20,30,30,0)
1754:(49,2,14,21,29,29,0)
1755:(49,2,15,22,28,28,0)
1756:(49,2,15,23,27,27,0)
1757:(49,2,14,24,26,26,0)
1758:(49,2,15,25,25,25,0)
1759:(49,2,15,26,24,24,0)
1760:(49,2,15,27,23,23,0)
1761:(49,2,15,28,22,22,0)
1762:(49,2,16,29,21,21,0)
1763:(49,2,17,30,20,20,0)
1764:(49,2,17,31,19,19,0)
1765:(49,2,17,32,18,18,0)
1766:(49,2,18,33,17,17,0)
1767:(49,2,19,34,16,16,0)
1768:(49,2,20,35,15,15,0)
1769:(49,2,21,36,14,14,0)
1770:(49,2,20,37,13,13,0)
1771:(49,2,21,38,12,12,0)
1772:(49,2,22,39,11,11,0)
1773:(49,2,23,40,10,10,0)
1774:(49,2,23,41,9,9,0)
1775:(49,2,22,42,8,8,0)
1776:(49,2,23,43,7,7,0)
1777:(49,2,24,44,6,6,0)
1778:(49,2,25,45,5,5,0)
1779:(49,2,25,46,4,4,0)
1780:(49,2,26,47,3,3,0)
1781:(49,2,25,48,2,2,0)
1782:(49,2,25,49,1,1,0)
1783:(49,2,26,50,0,0,0)
1784:(45,2,4,4,46,46,0)
1785:(45,2,5,4,46,46,0)
1786:(45,2,5,5,45,45,0)
1787:(45,2,6,5,45,45,0)
1788:(46,2,5,6,44,44,0)
1789:(46,2,6,6,44,44,0)
1790:(46,2,6,7,43,43,0)
1791:(46,2,7,7,43,43,0)
1792:(46,2,7,8,42,42,0)
1793:(46,2,8,8,42,42,0)
1794:(46,2,6,8,42,42,0)
1795:(46,2,7,9,41,41,0)
1796:(46,2,8,9,41,41,0)
1797:(46,2,8,10,40,40,0)
1798:(46,2,9,10,40,40,0)
1799:(48,2,7,11,39,39,0)
1800:(48,2,8,11,39,39,0)
1801:(48,2,6,11,39,39,0)
1802:(48,2,7,12,38,38,0)
1803:(48,2,8,12,38,38,0)
1804:(48,2,8,13,37,37,0)
1805:(48,2,9,13,37,37,0)
1806:(48,2,9,14,36,36,0)
1807:(48,2,10,14,36,36,0)
1808:(48,2,8,14,36,36,0)
1809:(48,2,9,15,35,35,0)
1810:(48,2,10,15,35,35,0)
1811:(48,2,10,16,34,34,0)
1812:(48,2,11,16,34,34,0)
1813:(48,2,11,17,33,33,0)
1814:(48,2,12,17,33,33,0)
1815:(48,2,12,18,32,32,0)
1816:(48,2,13,18,32,32,0)
1817:(48,2,13,19,31,31,0)
1818:(48,2,14,19,31,31,0)
1819:(48,2,12,19,31,31,0)
1820:(48,2,13,20,30,30,0)
1821:(48,2,14,20,30,30,0)
1822:(48,2,12,20,30,30,0)
1823:(48,2,13,21,29,29,0)
1824:(48,2,14,21,29,29,0)
1825:(48,2,14,22,28,28,0)
1826:(48,2,15,22,28,28,0)
1827:(48,2,13,22,28,28,0)
1828:(48,2,14,23,27,27,0)
1829:(48,2,15,23,27,27,0)
1830:(48,2,13,23,27,27,0)
1831:(48,2,12,23,27,27,0)
1832:(48,2,13,24,26,26,0)
1833:(48,2,14,24,26,26,0)
1834:(48,2,14,25,25,25,0)
1835:(48,2,15,25,25,25,0)
1836:(48,2,13,25,25,25,0)
1837:(48,2,14,26,24,24,0)
1838:(48,2,15,26,24,24,0)
1839:(48,2,13,26,24,24,0)
1840:(48,2,14,27,23,23,0)
1841:(48,2,15,27,23,23,0)
1842:(48,2,13,27,23,23,0)
1843:(48,2,14,28,22,22,0)
1844:(48,2,15,28,22,22,0)
1845:(48,2,15,29,21,21,0)
1846:(48,2,16,29,21,21,0)
1847:(48,2,16,30,20,20,0)
1848:(48,2,17,30,20,20,0)
1849:(48,2,15,30,20,20,0)
1850:(48,2,16,31,19,19,0)
1851:(48,2,17,31,19,19,0)
1852:(48,2,15,31,19,19,0)
1853:(48,2,16,32,18,18,0)
1854:(48,2,17,32,18,18,0)
1855:(48,2,17,33,17,17,0)
1856:(48,2,18,33,17,17,0)
1857:(48,2,18,34,16,16,0)
1858:(48,2,19,34,16,16,0)
1859:(48,2,19,35,15,15,0)
1860:(48,2,20,35,15,15,0)
1861:(48,2,20,36,14,14,0)
1862:(48,2,21,36,14,14,0)
1863:(48,2,19,36,14,14,0)
1864:(48,2,18,36,14,14,0)
1865:(48,2,19,37,13,13,0)
1866:(48,2,20,37,13,13,0)
1867:(48,2,20,38,12,12,0)
1868:(48,2,21,38,12,12,0)
1869:(48,2,21,39,11,11,0)
1870:(48,2,22,39,11,11,0)
1871:(48,2,22,40,10,10,0)
1872:(48,2,23,40,10,10,0)
1873:(48,2,21,40,10,10,0)
1874:(48,2,22,41,9,9,0)
1875:(48,2,23,41,9,9,0)
1876:(48,2,21,41,9,9,0)
1877:(48,2,20,41,9,9,0)
1878:(48,2,21,42,8,8,0)
1879:(48,2,22,42,8,8,0)
1880:(48,2,22,43,7,7,0)
1881:(48,2,23,43,7,7,0)
1882:(48,2,23,44,6,6,0)
1883:(48,2,24,44,6,6,0)
1884:(48,2,24,45,5,5,0)
1885:(48,2,25,45,5,5,0)
1886:(48,2,23,45,5,5,0)
1887:(48,2,24,46,4,4,0)
1888:(48,2,25,46,4,4,0)
1889:(48,2,25,47,3,3,0)
1890:(48,2,26,47,3,3,0)
1891:(48,2,24,47,3,3,0)
1892:(48,2,23,47,3,3,0)
1893:(48,2,24,48,2,2,0)
1894:(48,2,25,48,2,2,0)
1895:(48,2,23,48,2,2,0)
1896:(48,2,24,49,1,1,0)
1897:(48,2,25,49,1,1,0)
1898:(48,2,25,50,0,0,0)
1899:(48,2,26,50,0,0,0)
1900:(48,2,24,50,0,0,0)
1901:(48,2,23,50,0,0,0)
1902:(48,2,22,50,0,0,0)
1903:(48,2,21,50,0,0,0)
1904:(48,2,20,50,0,0,0)
1905:(48,2,19,50,0,0,0)
1906:(48,2,18,50,0,0,0)
1907:(48,2,17,50,0,0,0)
1908:(48,2,16,50,0,0,0)
1909:(48,2,15,50,0,0,0)
1910:(48,2,14,50,0,0,0)
1911:(48,2,13,50,0,0,0)
1912:(48,2,12,50,0,0,0)
1913:(48,2,11,50,0,0,0)
1914:(48,2,10,50,0,0,0)
1915:(48,2,9,50,0,0,0)
1916:(48,2,8,50,0,0,0)
1917:(48,2,7,50,0,0,0)
1918:(48,2,6,50,0,0,0)
1919:(48,2,5,50,0,0,0)
1920:(48,2,4,50,0,0,0)
1921:(48,2,3,50,0,0,0)
1922:(48,2,2,50,0,0,0)
1923:(48,2,1,50,0,0,0)
1924:(45,2,3,3,47,47,0)
1925:(45,2,2,2,48,48,0)
1926:(44,2,2,1,49,49,0)
1927:(44,2,1,0,50,50,0)
1928:(44,2,5,5,45,45,0)
1929:(44,2,6,5,45,45,0)
1930:(45,2,4,5,45,45,0)
1931:(45,2,5,6,44,44,0)
1932:(45,2,6,6,44,44,0)
1933:(45,2,6,7,43,43,0)
1934:(45,2,7,7,43,43,0)
1935:(45,2,7,8,42,42,0)
1936:(45,2,8,8,42,42,0)
1937:(45,2,6,8,42,42,0)
1938:(45,2,7,9,41,41,0)
1939:(45,2,8,9,41,41,0)
1940:(45,2,8,10,40,40,0)
1941:(45,2,9,10,40,40,0)
1942:(46,2,7,10,40,40,0)
1943:(47,2,6,10,40,40,0)
1944:(47,2,7,11,39,39,0)
1945:(47,2,8,11,39,39,0)
1946:(47,2,6,11,39,39,0)
1947:(47,2,7,12,38,38,0)
1948:(47,2,8,12,38,38,0)
1949:(47,2,8,13,37,37,0)
1950:(47,2,9,13,37,37,0)
1951:(47,2,9,14,36,36,0)
1952:(47,2,10,14,36,36,0)
1953:(47,2,8,14,36,36,0)
1954:(47,2,9,15,35,35,0)
1955:(47,2,10,15,35,35,0)
1956:(47,2,10,16,34,34,0)
1957:(47,2,11,16,34,34,0)
1958:(47,2,11,17,33,33,0)
1959:(47,2,12,17,33,33,0)
1960:(47,2,12,18,32,32,0)
1961:(47,2,13,18,32,32,0)
1962:(47,2,13,19,31,31,0)
1963:(47,2,14,19,31,31,0)
1964:(47,2,12,19,31,31,0)
1965:(47,2,13,20,30,30,0)
1966:(47,2,14,20,30,30,0)
1967:(47,2,12,20,30,30,0)
1968:(47,2,13,21,29,29,0)
1969:(47,2,14,21,29,29,0)
1970:(47,2,14,22,28,28,0)
1971:(47,2,15,22,28,28,0)
1972:(47,2,13,22,28,28,0)
1973:(47,2,14,23,27,27,0)
1974:(47,2,15,23,27,27,0)
1975:(47,2,13,23,27,27,0)
1976:(47,2,12,23,27,27,0)
1977:(47,2,13,24,26,26,0)
1978:(47,2,14,24,26,26,0)
1979:(47,2,14,25,25,25,0)
1980:(47,2,15,25,25,25,0)
1981:(47,2,13,25,25,25,0)
1982:(47,2,14,26,24,24,0)
1983:(47,2,15,26,24,24,0)
1984:(47,2,13,26,24,24,0)
1985:(47,2,14,27,23,23,0)
1986:(47,2,15,27,23,23,0)
1987:(47,2,13,27,23,23,0)
1988:(47,2,14,28,22,22,0)
1989:(47,2,15,28,22,22,0)
1990:(47,2,15,29,21,21,0)
1991:(47,2,16,29,21,21,0)
1992:(47,2,16,30,20,20,0)
1993:(47,2,17,30,20,20,0)
1994:(47,2,15,30,20,20,0)
1995:(47,2,16,31,19,19,0)
1996:(47,2,17,31,19,19,0)
1997:(47,2,15,31,19,19,0)
1998:(47,2,16,32,18,18,0)
1999:(47,2,17,32,18,18,0)
2000:(47,2,17,33,17,17,0)
2001:(47,2,18,33,17,17,0)
2002:(47,2,18,34,16,16,0)
2003:(47,2,19,34,16,16,0)
2004:(47,2,19,35,15,15,0)
2005:(47,2,20,35,15,15,0)
2006:(47,2,20,36,14,14,0)
2007:(47,2,21,36,14,14,0)
2008:(47,2,19,36,14,14,0)
2009:(47,2,18,36,14,14,0)
2010:(47,2,19,37,13,13,0)
2011:(47,2,20,37,13,13,0)
2012:(47,2,20,38,12,12,0)
2013:(47,2,21,38,12,12,0)
2014:(47,2,21,39,11,11,0)
2015:(47,2,22,39,11,11,0)
2016:(47,2,22,40,10,10,0)
2017:(47,2,23,40,10,10,0)
2018:(47,2,21,40,10,10,0)
2019:(47,2,22,41,9,9,0)
2020:(47,2,23,41,9,9,0)
2021:(47,2,21,41,9,9,0)
2022:(47,2,20,41,9,9,0)
2023:(47,2,21,42,8,8,0)
2024:(47,2,22,42,8,8,0)
2025:(47,2,22,43,7,7,0)
2026:(47,2,23,43,7,7,0)
2027:(47,2,23,44,6,6,0)
2028:(47,2,24,44,6,6,0)
2029:(47,2,24,45,5,5,0)
2030:(47,2,25,45,5,5,0)
2031:(47,2,23,45,5,5,0)
2032:(47,2,24,46,4,4,0)
2033:(47,2,25,46,4,4,0)
2034:(47,2,25,47,3,3,0)
2035:(47,2,26,47,3,3,0)
2036:(47,2,24,47,3,3,0)
2037:(47,2,23,47,3,3,0)
2038:(47,2,24,48,2,2,0)
2039:(47,2,25,48,2,2,0)
2040:(47,2,23,48,2,2,0)
2041:(47,2,24,49,1,1,0)
2042:(47,2,25,49,1,1,0)
2043:(47,2,25,50,0,0,0)
2044:(47,2,26,50,0,0,0)
2045:(47,2,24,50,0,0,0)
2046:(47,2,23,50,0,0,0)
2047:(47,2,22,50,0,0,0)
2048:(47,2,21,50,0,0,0)
2049:(47,2,20,50,0,0,0)
2050:(47,2,19,50,0,0,0)
2051:(47,2,18,50,0,0,0)
2052:(47,2,17,50,0,0,0)
2053:(47,2,16,50,0,0,0)
2054:(47,2,15,50,0,0,0)
2055:(47,2,14,50,0,0,0)
2056:(47,2,13,50,0,0,0)
2057:(47,2,12,50,0,0,0)
2058:(47,2,11,50,0,0,0)
2059:(47,2,10,50,0,0,0)
2060:(47,2,9,50,0,0,0)
2061:(47,2,8,50,0,0,0)
2062:(47,2,7,50,0,0,0)
2063:(47,2,6,50,0,0,0)
2064:(47,2,5,50,0,0,0)
2065:(47,2,4,50,0,0,0)
2066:(47,2,3,50,0,0,0)
2067:(47,2,2,50,0,0,0)
2068:(47,2,1,50,0,0,0)
2069:(45,2,4,3,47,47,0)
2070:(45,2,3,2,48,48,0)
2071:(44,2,3,1,49,49,0)
2072:(44,2,2,0,50,50,0)
2073:(44,2,7,5,45,45,0)
2074:(45,2,7,5,45,45,0)
2075:(45,2,7,6,44,44,0)
2076:(46,2,7,6,44,44,0)
2077:(45,2,8,7,43,43,0)
2078:(46,2,8,7,43,43,0)
2079:(45,2,9,8,42,42,0)
2080:(46,2,9,8,42,42,0)
2081:(45,2,9,9,41,41,0)
2082:(46,2,9,9,41,41,0)
2083:(45,2,10,10,40,40,0)
2084:(46,2,10,10,40,40,0)
2085:(47,2,9,11,39,39,0)
2086:(48,2,9,11,39,39,0)
2087:(47,2,9,12,38,38,0)
2088:(48,2,9,12,38,38,0)
2089:(47,2,10,13,37,37,0)
2090:(48,2,10,13,37,37,0)
2091:(47,2,11,14,36,36,0)
2092:(48,2,11,14,36,36,0)
2093:(47,2,11,15,35,35,0)
2094:(48,2,11,15,35,35,0)
2095:(47,2,12,16,34,34,0)
2096:(48,2,12,16,34,34,0)
2097:(47,2,13,17,33,33,0)
2098:(48,2,13,17,33,33,0)
2099:(47,2,14,18,32,32,0)
2100:(48,2,14,18,32,32,0)
2101:(47,2,15,19,31,31,0)
2102:(48,2,15,19,31,31,0)
2103:(47,2,15,20,30,30,0)
2104:(48,2,15,20,30,30,0)
2105:(47,2,15,21,29,29,0)
2106:(48,2,15,21,29,29,0)
2107:(47,2,16,22,28,28,0)
2108:(48,2,16,22,28,28,0)
2109:(47,2,16,23,27,27,0)
2110:(48,2,16,23,27,27,0)
2111:(47,2,15,24,26,26,0)
2112:(48,2,15,24,26,26,0)
2113:(47,2,16,25,25,25,0)
2114:(48,2,16,25,25,25,0)
2115:(47,2,16,26,24,24,0)
2116:(48,2,16,26,24,24,0)
2117:(47,2,16,27,23,23,0)
2118:(48,2,16,27,23,23,0)
2119:(47,2,16,28,22,22,0)
2120:(48,2,16,28,22,22,0)
2121:(47,2,17,29,21,21,0)
2122:(48,2,17,29,21,21,0)
2123:(47,2,18,30,20,20,0)
2124:(48,2,18,30,20,20,0)
2125:(47,2,18,31,19,19,0)
2126:(48,2,18,31,19,19,0)
2127:(47,2,18,32,18,18,0)
2128:(48,2,18,32,18,18,0)
2129:(47,2,19,33,17,17,0)
2130:(48,2,19,33,17,17,0)
2131:(47,2,20,34,16,16,0)
2132:(48,2,20,34,16,16,0)
2133:(47,2,21,35,15,15,0)
2134:(48,2,21,35,15,15,0)
2135:(47,2,22,36,14,14,0)
2136:(48,2,22,36,14,14,0)
2137:(47,2,21,37,13,13,0)
2138:(48,2,21,37,13,13,0)
2139:(47,2,22,38,12,12,0)
2140:(48,2,22,38,12,12,0)
2141:(47,2,23,39,11,11,0)
2142:(48,2,23,39,11,11,0)
2143:(47,2,24,40,10,10,0)
2144:(48,2,24,40,10,10,0)
2145:(47,2,24,41,9,9,0)
2146:(48,2,24,41,9,9,0)
2147:(47,2,23,42,8,8,0)
2148:(48,2,23,42,8,8,0)
2149:(47,2,24,43,7,7,0)
2150:(48,2,24,43,7,7,0)
2151:(47,2,25,44,6,6,0)
2152:(48,2,25,44,6,6,0)
2153:(47,2,26,45,5,5,0)
2154:(48,2,26,45,5,5,0)
2155:(47,2,26,46,4,4,0)
2156:(48,2,26,46,4,4,0)
2157:(47,2,27,47,3,3,0)
2158:(48,2,27,47,3,3,0)
2159:(47,2,26,48,2,2,0)
2160:(48,2,26,48,2,2,0)
2161:(47,2,26,49,1,1,0)
2162:(48,2,26,49,1,1,0)
2163:(47,2,27,50,0,0,0)
2164:(48,2,27,50,0,0,0)
2165:(46,2,3,2,48,48,0)
2166:(45,2,3,1,49,49,0)
2167:(45,2,2,0,50,50,0)
2168:(46,2,7,5,45,45,0)
2169:(47,2,7,6,44,44,0)
2170:(47,2,8,7,43,43,0)
2171:(47,2,9,8,42,42,0)
2172:(47,2,9,9,41,41,0)
2173:(47,2,10,10,40,40,0)
2174:(49,2,9,11,39,39,0)
2175:(49,2,9,12,38,38,0)
2176:(49,2,10,13,37,37,0)
2177:(49,2,11,14,36,36,0)
2178:(49,2,11,15,35,35,0)
2179:(49,2,12,16,34,34,0)
2180:(49,2,13,17,33,33,0)
2181:(49,2,14,18,32,32,0)
2182:(49,2,15,19,31,31,0)
2183:(49,2,15,20,30,30,0)
2184:(49,2,15,21,29,29,0)
2185:(49,2,16,22,28,28,0)
2186:(49,2,16,23,27,27,0)
2187:(49,2,15,24,26,26,0)
2188:(49,2,16,25,25,25,0)
2189:(49,2,16,26,24,24,0)
2190:(49,2,16,27,23,23,0)
2191:(49,2,16,28,22,22,0)
2192:(49,2,17,29,21,21,0)
2193:(49,2,18,30,20,20,0)
2194:(49,2,18,31,19,19,0)
2195:(49,2,18,32,18,18,0)
2196:(49,2,19,33,17,17,0)
2197:(49,2,20,34,16,16,0)
2198:(49,2,21,35,15,15,0)
2199:(49,2,22,36,14,14,0)
2200:(49,2,21,37,13,13,0)
2201:(49,2,22,38,12,12,0)
2202:(49,2,23,39,11,11,0)
2203:(49,2,24,40,10,10,0)
2204:(49,2,24,41,9,9,0)
2205:(49,2,23,42,8,8,0)
2206:(49,2,24,43,7,7,0)
2207:(49,2,25,44,6,6,0)
2208:(49,2,26,45,5,5,0)
2209:(49,2,26,46,4,4,0)
2210:(49,2,27,47,3,3,0)
2211:(49,2,26,48,2,2,0)
2212:(49,2,26,49,1,1,0)
2213:(49,2,27,50,0,0,0)
2214:(46,2,3,1,49,49,0)
2215:(46,2,2,0,50,50,0)
2216:(46,2,6,4,46,46,0)
2217:(47,2,6,4,46,46,0)
2218:(47,2,7,5,45,45,0)
2219:(48,2,7,6,44,44,0)
2220:(48,2,8,7,43,43,0)
2221:(48,2,9,8,42,42,0)
2222:(48,2,9,9,41,41,0)
2223:(48,2,10,10,40,40,0)
2224:(50,2,9,11,39,39,0)
2225:(50,2,9,12,38,38,0)
2226:(50,2,10,13,37,37,0)
2227:(50,2,11,14,36,36,0)
2228:(50,2,11,15,35,35,0)
2229:(50,2,12,16,34,34,0)
2230:(50,2,13,17,33,33,0)
2231:(50,2,14,18,32,32,0)
2232:(50,2,15,19,31,31,0)
2233:(50,2,15,20,30,30,0)
2234:(50,2,15,21,29,29,0)
2235:(50,2,16,22,28,28,0)
2236:(50,2,16,23,27,27,0)
2237:(50,2,15,24,26,26,0)
2238:(50,2,16,25,25,25,0)
2239:(50,2,16,26,24,24,0)
2240:(50,2,16,27,23,23,0)
2241:(50,2,16,28,22,22,0)
2242:(50,2,17,29,21,21,0)
2243:(50,2,18,30,20,20,0)
2244:(50,2,18,31,19,19,0)
2245:(50,2,18,32,18,18,0)
2246:(50,2,19,33,17,17,0)
2247:(50,2,20,34,16,16,0)
2248:(50,2,21,35,15,15,0)
2249:(50,2,22,36,14,14,0)
2250:(50,2,21,37,13,13,0)
2251:(50,2,22,38,12,12,0)
2252:(50,2,23,39,11,11,0)
2253:(50,2,24,40,10,10,0)
2254:(50,2,24,41,9,9,0)
2255:(50,2,23,42,8,8,0)
2256:(50,2,24,43,7,7,0)
2257:(50,2,25,44,6,6,0)
2258:(50,2,26,45,5,5,0)
2259:(50,2,26,46,4,4,0)
2260:(50,2,27,47,3,3,0)
2261:(50,2,26,48,2,2,0)
2262:(50,2,26,49,1,1,0)
2263:(50,2,27,50,0,0,0)
2264:(47,2,3,1,49,49,0)
2265:(47,2,2,0,50,50,0)
2266:(46,2,5,3,47,47,0)
2267:(46,2,4,2,48,48,0)
2268:(45,2,4,1,49,49,0)
2269:(45,2,3,0,50,50,0)
2270:(45,2,8,5,45,45,0)
2271:(46,2,8,5,45,45,0)
2272:(46,2,8,6,44,44,0)
2273:(47,2,8,6,44,44,0)
2274:(46,2,9,7,43,43,0)
2275:(47,2,9,7,43,43,0)
2276:(46,2,10,8,42,42,0)
2277:(47,2,10,8,42,42,0)
2278:(46,2,10,9,41,41,0)
2279:(47,2,10,9,41,41,0)
2280:(46,2,11,10,40,40,0)
2281:(47,2,11,10,40,40,0)
2282:(48,2,10,11,39,39,0)
2283:(49,2,10,11,39,39,0)
2284:(48,2,10,12,38,38,0)
2285:(49,2,10,12,38,38,0)
2286:(48,2,11,13,37,37,0)
2287:(49,2,11,13,37,37,0)
2288:(48,2,12,14,36,36,0)
2289:(49,2,12,14,36,36,0)
2290:(48,2,12,15,35,35,0)
2291:(49,2,12,15,35,35,0)
2292:(48,2,13,16,34,34,0)
2293:(49,2,13,16,34,34,0)
2294:(48,2,14,17,33,33,0)
2295:(49,2,14,17,33,33,0)
2296:(48,2,15,18,32,32,0)
2297:(49,2,15,18,32,32,0)
2298:(48,2,16,19,31,31,0)
2299:(49,2,16,19,31,31,0)
2300:(48,2,16,20,30,30,0)
2301:(49,2,16,20,30,30,0)
2302:(48,2,16,21,29,29,0)
2303:(49,2,16,21,29,29,0)
2304:(48,2,17,22,28,28,0)
2305:(49,2,17,22,28,28,0)
2306:(48,2,17,23,27,27,0)
2307:(49,2,17,23,27,27,0)
2308:(48,2,16,24,26,26,0)
2309:(49,2,16,24,26,26,0)
2310:(48,2,17,25,25,25,0)
2311:(49,2,17,25,25,25,0)
2312:(48,2,17,26,24,24,0)
2313:(49,2,17,26,24,24,0)
2314:(48,2,17,27,23,23,0)
2315:(49,2,17,27,23,23,0)
2316:(48,2,17,28,22,22,0)
2317:(49,2,17,28,22,22,0)
2318:(48,2,18,29,21,21,0)
2319:(49,2,18,29,21,21,0)
2320:(48,2,19,30,20,20,0)
2321:(49,2,19,30,20,20,0)
2322:(48,2,19,31,19,19,0)
2323:(49,2,19,31,19,19,0)
2324:(48,2,19,32,18,18,0)
2325:(49,2,19,32,18,18,0)
2326:(48,2,20,33,17,17,0)
2327:(49,2,20,33,17,17,0)
2328:(48,2,21,34,16,16,0)
2329:(49,2,21,34,16,16,0)
2330:(48,2,22,35,15,15,0)
2331:(49,2,22,35,15,15,0)
2332:(48,2,23,36,14,14,0)
2333:(49,2,23,36,14,14,0)
2334:(48,2,22,37,13,13,0)
2335:(49,2,22,37,13,13,0)
2336:(48,2,23,38,12,12,0)
2337:(49,2,23,38,12,12,0)
2338:(48,2,24,39,11,11,0)
2339:(49,2,24,39,11,11,0)
2340:(48,2,25,40,10,10,0)
2341:(49,2,25,40,10,10,0)
2342:(48,2,25,41,9,9,0)
2343:(49,2,25,41,9,9,0)
2344:(48,2,24,42,8,8,0)
2345:(49,2,24,42,8,8,0)
2346:(48,2,25,43,7,7,0)
2347:(49,2,25,43,7,7,0)
2348:(48,2,26,44,6,6,0)
2349:(49,2,26,44,6,6,0)
2350:(48,2,27,45,5,5,0)
2351:(49,2,27,45,5,5,0)
2352:(48,2,27,46,4,4,0)
2353:(49,2,27,46,4,4,0)
2354:(48,2,28,47,3,3,0)
2355:(49,2,28,47,3,3,0)
2356:(48,2,27,48,2,2,0)
2357:(49,2,27,48,2,2,0)
2358:(48,2,27,49,1,1,0)
2359:(49,2,27,49,1,1,0)
2360:(48,2,28,50,0,0,0)
2361:(49,2,28,50,0,0,0)
2362:(47,2,5,3,47,47,0)
2363:(47,2,4,2,48,48,0)
2364:(46,2,4,1,49,49,0)
2365:(46,2,3,0,50,50,0)
2366:(47,2,8,5,45,45,0)
2367:(48,2,8,6,44,44,0)
2368:(48,2,9,7,43,43,0)
2369:(48,2,10,8,42,42,0)
2370:(48,2,10,9,41,41,0)
2371:(48,2,11,10,40,40,0)
2372:(50,2,10,11,39,39,0)
2373:(50,2,10,12,38,38,0)
2374:(50,2,11,13,37,37,0)
2375:(50,2,12,14,36,36,0)
2376:(50,2,12,15,35,35,0)
2377:(50,2,13,16,34,34,0)
2378:(50,2,14,17,33,33,0)
2379:(50,2,15,18,32,32,0)
2380:(50,2,16,19,31,31,0)
2381:(50,2,16,20,30,30,0)
2382:(50,2,16,21,29,29,0)
2383:(50,2,17,22,28,28,0)
2384:(50,2,17,23,27,27,0)
2385:(50,2,16,24,26,26,0)
2386:(50,2,17,25,25,25,0)
2387:(50,2,17,26,24,24,0)
2388:(50,2,17,27,23,23,0)
2389:(50,2,17,28,22,22,0)
2390:(50,2,18,29,21,21,0)
2391:(50,2,19,30,20,20,0)
2392:(50,2,19,31,19,19,0)
2393:(50,2,19,32,18,18,0)
2394:(50,2,20,33,17,17,0)
2395:(50,2,21,34,16,16,0)
2396:(50,2,22,35,15,15,0)
2397:(50,2,23,36,14,14,0)
2398:(50,2,22,37,13,13,0)
2399:(50,2,23,38,12,12,0)
2400:(50,2,24,39,11,11,0)
2401:(50,2,25,40,10,10,0)
2402:(50,2,25,41,9,9,0)
2403:(50,2,24,42,8,8,0)
2404:(50,2,25,43,7,7,0)
2405:(50,2,26,44,6,6,0)
2406:(50,2,27,45,5,5,0)
2407:(50,2,27,46,4,4,0)
2408:(50,2,28,47,3,3,0)
2409:(50,2,27,48,2,2,0)
2410:(50,2,27,49,1,1,0)
2411:(50,2,28,50,0,0,0)
2412:(44,2,1,1,49,49,0)
2413:(45,2,0,1,49,49,0)
2414:(45,2,1,2,48,48,0)
2415:(45,2,2,3,47,47,0)
2416:(45,2,3,4,46,46,0)
2417:(46,2,3,5,45,45,0)
2418:(46,2,4,6,44,44,0)
2419:(46,2,5,7,43,43,0)
2420:(46,2,5,8,42,42,0)
2421:(46,2,6,9,41,41,0)
2422:(48,2,5,10,40,40,0)
2423:(48,2,5,11,39,39,0)
2424:(48,2,6,12,38,38,0)
2425:(48,2,7,13,37,37,0)
2426:(48,2,7,14,36,36,0)
2427:(48,2,8,15,35,35,0)
2428:(48,2,9,16,34,34,0)
2429:(48,2,10,17,33,33,0)
2430:(48,2,11,18,32,32,0)
2431:(48,2,11,19,31,31,0)
2432:(48,2,11,20,30,30,0)
2433:(48,2,12,21,29,29,0)
2434:(48,2,12,22,28,28,0)
2435:(48,2,11,23,27,27,0)
2436:(48,2,12,24,26,26,0)
2437:(48,2,12,25,25,25,0)
2438:(48,2,12,26,24,24,0)
2439:(48,2,12,27,23,23,0)
2440:(48,2,13,28,22,22,0)
2441:(48,2,14,29,21,21,0)
2442:(48,2,14,30,20,20,0)
2443:(48,2,14,31,19,19,0)
2444:(48,2,15,32,18,18,0)
2445:(48,2,16,33,17,17,0)
2446:(48,2,17,34,16,16,0)
2447:(48,2,18,35,15,15,0)
2448:(48,2,17,36,14,14,0)
2449:(48,2,18,37,13,13,0)
2450:(48,2,19,38,12,12,0)
2451:(48,2,20,39,11,11,0)
2452:(48,2,20,40,10,10,0)
2453:(48,2,19,41,9,9,0)
2454:(48,2,20,42,8,8,0)
2455:(48,2,21,43,7,7,0)
2456:(48,2,22,44,6,6,0)
2457:(48,2,22,45,5,5,0)
2458:(48,2,23,46,4,4,0)
2459:(48,2,22,47,3,3,0)
2460:(48,2,22,48,2,2,0)
2461:(48,2,23,49,1,1,0)
2462:(48,2,0,50,0,0,0)
2463:(44,2,0,0,50,50,0)
2464:(44,2,0,1,49,49,0)
2465:(44,2,1,2,48,48,0)
2466:(44,2,2,2,48,48,0)
2467:(44,2,2,3,47,47,0)
2468:(44,2,3,3,47,47,0)
2469:(44,2,3,4,46,46,0)
2470:(44,2,4,4,46,46,0)
2471:(44,2,4,5,45,45,0)
2472:(45,2,3,5,45,45,0)
2473:(45,2,4,6,44,44,0)
2474:(45,2,5,7,43,43,0)
2475:(45,2,5,8,42,42,0)
2476:(45,2,6,9,41,41,0)
2477:(45,2,7,10,40,40,0)
2478:(46,2,6,10,40,40,0)
2479:(47,2,5,10,40,40,0)
2480:(47,2,5,11,39,39,0)
2481:(47,2,6,12,38,38,0)
2482:(47,2,7,13,37,37,0)
2483:(47,2,7,14,36,36,0)
2484:(47,2,8,15,35,35,0)
2485:(47,2,9,16,34,34,0)
2486:(47,2,10,17,33,33,0)
2487:(47,2,11,18,32,32,0)
2488:(47,2,11,19,31,31,0)
2489:(47,2,11,20,30,30,0)
2490:(47,2,12,21,29,29,0)
2491:(47,2,12,22,28,28,0)
2492:(47,2,11,23,27,27,0)
2493:(47,2,12,24,26,26,0)
2494:(47,2,12,25,25,25,0)
2495:(47,2,12,26,24,24,0)
2496:(47,2,12,27,23,23,0)
2497:(47,2,13,28,22,22,0)
2498:(47,2,14,29,21,21,0)
2499:(47,2,14,30,20,20,0)
2500:(47,2,14,31,19,19,0)
2501:(47,2,15,32,18,18,0)
2502:(47,2,16,33,17,17,0)
2503:(47,2,17,34,16,16,0)
2504:(47,2,18,35,15,15,0)
2505:(47,2,17,36,14,14,0)
2506:(47,2,18,37,13,13,0)
2507:(47,2,19,38,12,12,0)
2508:(47,2,20,39,11,11,0)
2509:(47,2,20,40,10,10,0)
2510:(47,2,19,41,9,9,0)
2511:(47,2,20,42,8,8,0)
2512:(47,2,21,43,7,7,0)
2513:(47,2,22,44,6,6,0)
2514:(47,2,22,45,5,5,0)
2515:(47,2,23,46,4,4,0)
2516:(47,2,22,47,3,3,0)
2517:(47,2,22,48,2,2,0)
2518:(47,2,23,49,1,1,0)
2519:(47,2,0,50,0,0,0)
2520:(43,2,1,1,49,49,0)
2521:(43,2,0,0,50,50,0)
2522:(43,2,1,2,48,48,0)
2523:(43,2,2,2,48,48,0)
2524:(43,2,2,3,47,47,0)
2525:(43,2,3,3,47,47,0)
2526:(43,2,3,4,46,46,0)
2527:(43,2,4,4,46,46,0)
2528:(43,2,4,5,45,45,0)
2529:(43,2,5,5,45,45,0)
2530:(44,2,3,5,45,45,0)
2531:(44,2,4,6,44,44,0)
2532:(44,2,5,6,44,44,0)
2533:(44,2,5,7,43,43,0)
2534:(44,2,6,7,43,43,0)
2535:(44,2,6,8,42,42,0)
2536:(44,2,7,8,42,42,0)
2537:(44,2,5,8,42,42,0)
2538:(44,2,6,9,41,41,0)
2539:(44,2,7,9,41,41,0)
2540:(44,2,7,10,40,40,0)
2541:(44,2,8,10,40,40,0)
2542:(45,2,6,10,40,40,0)
2543:(46,2,5,10,40,40,0)
2544:(46,2,6,11,39,39,0)
2545:(46,2,7,11,39,39,0)
2546:(46,2,5,11,39,39,0)
2547:(46,2,6,12,38,38,0)
2548:(46,2,7,12,38,38,0)
2549:(46,2,7,13,37,37,0)
2550:(46,2,8,13,37,37,0)
2551:(46,2,8,14,36,36,0)
2552:(46,2,9,14,36,36,0)
2553:(46,2,7,14,36,36,0)
2554:(46,2,8,15,35,35,0)
2555:(46,2,9,15,35,35,0)
2556:(46,2,9,16,34,34,0)
2557:(46,2,10,16,34,34,0)
2558:(46,2,10,17,33,33,0)
2559:(46,2,11,17,33,33,0)
2560:(46,2,11,18,32,32,0)
2561:(46,2,12,18,32,32,0)
2562:(46,2,12,19,31,31,0)
2563:(46,2,13,19,31,31,0)
2564:(46,2,11,19,31,31,0)
2565:(46,2,12,20,30,30,0)
2566:(46,2,13,20,30,30,0)
2567:(46,2,11,20,30,30,0)
2568:(46,2,12,21,29,29,0)
2569:(46,2,13,21,29,29,0)
2570:(46,2,13,22,28,28,0)
2571:(46,2,14,22,28,28,0)
2572:(46,2,12,22,28,28,0)
2573:(46,2,13,23,27,27,0)
2574:(46,2,14,23,27,27,0)
2575:(46,2,12,23,27,27,0)
2576:(46,2,11,23,27,27,0)
2577:(46,2,12,24,26,26,0)
2578:(46,2,13,24,26,26,0)
2579:(46,2,13,25,25,25,0)
2580:(46,2,14,25,25,25,0)
2581:(46,2,12,25,25,25,0)
2582:(46,2,13,26,24,24,0)
2583:(46,2,14,26,24,24,0)
2584:(46,2,12,26,24,24,0)
2585:(46,2,13,27,23,23,0)
2586:(46,2,14,27,23,23,0)
2587:(46,2,12,27,23,23,0)
2588:(46,2,13,28,22,22,0)
2589:(46,2,14,28,22,22,0)
2590:(46,2,14,29,21,21,0)
2591:(46,2,15,29,21,21,0)
2592:(46,2,15,30,20,20,0)
2593:(46,2,16,30,20,20,0)
2594:(46,2,14,30,20,20,0)
2595:(46,2,15,31,19,19,0)
2596:(46,2,16,31,19,19,0)
2597:(46,2,14,31,19,19,0)
2598:(46,2,15,32,18,18,0)
2599:(46,2,16,32,18,18,0)
2600:(46,2,16,33,17,17,0)
2601:(46,2,17,33,17,17,0)
2602:(46,2,17,34,16,16,0)
2603:(46,2,18,34,16,16,0)
2604:(46,2,18,35,15,15,0)
2605:(46,2,19,35,15,15,0)
2606:(46,2,19,36,14,14,0)
2607:(46,2,20,36,14,14,0)
2608:(46,2,18,36,14,14,0)
2609:(46,2,17,36,14,14,0)
2610:(46,2,18,37,13,13,0)
2611:(46,2,19,37,13,13,0)
2612:(46,2,19,38,12,12,0)
2613:(46,2,20,38,12,12,0)
2614:(46,2,20,39,11,11,0)
2615:(46,2,21,39,11,11,0)
2616:(46,2,21,40,10,10,0)
2617:(46,2,22,40,10,10,0)
2618:(46,2,20,40,10,10,0)
2619:(46,2,21,41,9,9,0)
2620:(46,2,22,41,9,9,0)
2621:(46,2,20,41,9,9,0)
2622:(46,2,19,41,9,9,0)
2623:(46,2,20,42,8,8,0)
2624:(46,2,21,42,8,8,0)
2625:(46,2,21,43,7,7,0)
2626:(46,2,22,43,7,7,0)
2627:(46,2,22,44,6,6,0)
2628:(46,2,23,44,6,6,0)
2629:(46,2,23,45,5,5,0)
2630:(46,2,24,45,5,5,0)
2631:(46,2,22,45,5,5,0)
2632:(46,2,23,46,4,4,0)
2633:(46,2,24,46,4,4,0)
2634:(46,2,24,47,3,3,0)
2635:(46,2,25,47,3,3,0)
2636:(46,2,23,47,3,3,0)
2637:(46,2,22,47,3,3,0)
2638:(46,2,23,48,2,2,0)
2639:(46,2,24,48,2,2,0)
2640:(46,2,22,48,2,2,0)
2641:(46,2,23,49,1,1,0)
2642:(46,2,24,49,1,1,0)
2643:(46,2,24,50,0,0,0)
2644:(46,2,25,50,0,0,0)
2645:(46,2,23,50,0,0,0)
2646:(46,2,22,50,0,0,0)
2647:(46,2,21,50,0,0,0)
2648:(46,2,20,50,0,0,0)
2649:(46,2,19,50,0,0,0)
2650:(46,2,18,50,0,0,0)
2651:(46,2,17,50,0,0,0)
2652:(46,2,16,50,0,0,0)
2653:(46,2,15,50,0,0,0)
2654:(46,2,14,50,0,0,0)
2655:(46,2,13,50,0,0,0)
2656:(46,2,12,50,0,0,0)
2657:(46,2,11,50,0,0,0)
2658:(46,2,10,50,0,0,0)
2659:(46,2,9,50,0,0,0)
2660:(46,2,8,50,0,0,0)
2661:(46,2,7,50,0,0,0)
2662:(46,2,6,50,0,0,0)
2663:(46,2,5,50,0,0,0)
2664:(46,2,4,50,0,0,0)
2665:(46,2,3,50,0,0,0)
2666:(46,2,2,50,0,0,0)
2667:(46,2,1,50,0,0,0)
2668:(46,2,0,50,0,0,0)
2669:(43,2,0,1,49,49,0)
2670:(42,2,1,1,49,49,0)
2671:(42,2,0,0,50,50,0)
2672:(42,2,2,3,47,47,0)
2673:(42,2,3,3,47,47,0)
2674:(42,2,3,4,46,46,0)
2675:(42,2,4,4,46,46,0)
2676:(42,2,4,5,45,45,0)
2677:(42,2,5,5,45,45,0)
2678:(43,2,3,5,45,45,0)
2679:(43,2,4,6,44,44,0)
2680:(43,2,5,6,44,44,0)
2681:(43,2,5,7,43,43,0)
2682:(43,2,6,7,43,43,0)
2683:(43,2,6,8,42,42,0)
2684:(43,2,7,8,42,42,0)
2685:(43,2,5,8,42,42,0)
2686:(43,2,6,9,41,41,0)
2687:(43,2,7,9,41,41,0)
2688:(43,2,7,10,40,40,0)
2689:(43,2,8,10,40,40,0)
2690:(44,2,6,10,40,40,0)
2691:(45,2,5,10,40,40,0)
2692:(45,2,6,11,39,39,0)
2693:(45,2,7,11,39,39,0)
2694:(45,2,5,11,39,39,0)
2695:(45,2,6,12,38,38,0)
2696:(45,2,7,12,38,38,0)
2697:(45,2,7,13,37,37,0)
2698:(45,2,8,13,37,37,0)
2699:(45,2,8,14,36,36,0)
2700:(45,2,9,14,36,36,0)
2701:(45,2,7,14,36,36,0)
2702:(45,2,8,15,35,35,0)
2703:(45,2,9,15,35,35,0)
2704:(45,2,9,16,34,34,0)
2705:(45,2,10,16,34,34,0)
2706:(45,2,10,17,33,33,0)
2707:(45,2,11,17,33,33,0)
2708:(45,2,11,18,32,32,0)
2709:(45,2,12,18,32,32,0)
2710:(45,2,12,19,31,31,0)
2711:(45,2,13,19,31,31,0)
2712:(45,2,11,19,31,31,0)
2713:(45,2,12,20,30,30,0)
2714:(45,2,13,20,30,30,0)
2715:(45,2,11,20,30,30,0)
2716:(45,2,12,21,29,29,0)
2717:(45,2,13,21,29,29,0)
2718:(45,2,13,22,28,28,0)
2719:(45,2,14,22,28,28,0)
2720:(45,2,12,22,28,28,0)
2721:(45,2,13,23,27,27,0)
2722:(45,2,14,23,27,27,0)
2723:(45,2,12,23,27,27,0)
2724:(45,2,11,23,27,27,0)
2725:(45,2,12,24,26,26,0)
2726:(45,2,13,24,26,26,0)
2727:(45,2,13,25,25,25,0)
2728:(45,2,14,25,25,25,0)
2729:(45,2,12,25,25,25,0)
2730:(45,2,13,26,24,24,0)
2731:(45,2,14,26,24,24,0)
2732:(45,2,12,26,24,24,0)
2733:(45,2,13,27,23,23,0)
2734:(45,2,14,27,23,23,0)
2735:(45,2,12,27,23,23,0)
2736:(45,2,13,28,22,22,0)
2737:(45,2,14,28,22,22,0)
2738:(45,2,14,29,21,21,0)
2739:(45,2,15,29,21,21,0)
2740:(45,2,15,30,20,20,0)
2741:(45,2,16,30,20,20,0)
2742:(45,2,14,30,20,20,0)
2743:(45,2,15,31,19,19,0)
2744:(45,2,16,31,19,19,0)
2745:(45,2,14,31,19,19,0)
2746:(45,2,15,32,18,18,0)
2747:(45,2,16,32,18,18,0)
2748:(45,2,16,33,17,17,0)
2749:(45,2,17,33,17,17,0)
2750:(45,2,17,34,16,16,0)
2751:(45,2,18,34,16,16,0)
2752:(45,2,18,35,15,15,0)
2753:(45,2,19,35,15,15,0)
2754:(45,2,19,36,14,14,0)
2755:(45,2,20,36,14,14,0)
2756:(45,2,18,36,14,14,0)
2757:(45,2,17,36,14,14,0)
2758:(45,2,18,37,13,13,0)
2759:(45,2,19,37,13,13,0)
2760:(45,2,19,38,12,12,0)
2761:(45,2,20,38,12,12,0)
2762:(45,2,20,39,11,11,0)
2763:(45,2,21,39,11,11,0)
2764:(45,2,21,40,10,10,0)
2765:(45,2,22,40,10,10,0)
2766:(45,2,20,40,10,10,0)
2767:(45,2,21,41,9,9,0)
2768:(45,2,22,41,9,9,0)
2769:(45,2,20,41,9,9,0)
2770:(45,2,19,41,9,9,0)
2771:(45,2,20,42,8,8,0)
2772:(45,2,21,42,8,8,0)
2773:(45,2,21,43,7,7,0)
2774:(45,2,22,43,7,7,0)
2775:(45,2,22,44,6,6,0)
2776:(45,2,23,44,6,6,0)
2777:(45,2,23,45,5,5,0)
2778:(45,2,24,45,5,5,0)
2779:(45,2,22,45,5,5,0)
2780:(45,2,23,46,4,4,0)
2781:(45,2,24,46,4,4,0)
2782:(45,2,24,47,3,3,0)
2783:(45,2,25,47,3,3,0)
2784:(45,2,23,47,3,3,0)
2785:(45,2,22,47,3,3,0)
2786:(45,2,23,48,2,2,0)
2787:(45,2,24,48,2,2,0)
2788:(45,2,22,48,2,2,0)
2789:(45,2,23,49,1,1,0)
2790:(45,2,24,49,1,1,0)
2791:(45,2,24,50,0,0,0)
2792:(45,2,25,50,0,0,0)
2793:(45,2,23,50,0,0,0)
2794:(45,2,22,50,0,0,0)
2795:(45,2,21,50,0,0,0)
2796:(45,2,20,50,0,0,0)
2797:(45,2,19,50,0,0,0)
2798:(45,2,18,50,0,0,0)
2799:(45,2,17,50,0,0,0)
2800:(45,2,16,50,0,0,0)
2801:(45,2,15,50,0,0,0)
2802:(45,2,14,50,0,0,0)
2803:(45,2,13,50,0,0,0)
2804:(45,2,12,50,0,0,0)
2805:(45,2,11,50,0,0,0)
2806:(45,2,10,50,0,0,0)
2807:(45,2,9,50,0,0,0)
2808:(45,2,8,50,0,0,0)
2809:(45,2,7,50,0,0,0)
2810:(45,2,6,50,0,0,0)
2811:(45,2,5,50,0,0,0)
2812:(45,2,4,50,0,0,0)
2813:(45,2,3,50,0,0,0)
2814:(45,2,2,50,0,0,0)
2815:(45,2,1,50,0,0,0)
2816:(45,2,0,50,0,0,0)
2817:(42,2,1,2,48,48,0)
2818:(42,2,0,1,49,49,0)
2819:(41,2,1,1,49,49,0)
2820:(41,2,0,0,50,50,0)
2821:(41,2,3,4,46,46,0)
2822:(41,2,4,4,46,46,0)
2823:(41,2,4,5,45,45,0)
2824:(41,2,5,5,45,45,0)
2825:(42,2,3,5,45,45,0)
2826:(42,2,4,6,44,44,0)
2827:(42,2,5,6,44,44,0)
2828:(42,2,5,7,43,43,0)
2829:(42,2,6,7,43,43,0)
2830:(42,2,6,8,42,42,0)
2831:(42,2,7,8,42,42,0)
2832:(42,2,5,8,42,42,0)
2833:(42,2,6,9,41,41,0)
2834:(42,2,7,9,41,41,0)
2835:(42,2,7,10,40,40,0)
2836:(42,2,8,10,40,40,0)
2837:(43,2,6,10,40,40,0)
2838:(44,2,5,10,40,40,0)
2839:(44,2,6,11,39,39,0)
2840:(44,2,7,11,39,39,0)
2841:(44,2,5,11,39,39,0)
2842:(44,2,6,12,38,38,0)
2843:(44,2,7,12,38,38,0)
2844:(44,2,7,13,37,37,0)
2845:(44,2,8,13,37,37,0)
2846:(44,2,8,14,36,36,0)
2847:(44,2,9,14,36,36,0)
2848:(44,2,7,14,36,36,0)
2849:(44,2,8,15,35,35,0)
2850:(44,2,9,15,35,35,0)
2851:(44,2,9,16,34,34,0)
2852:(44,2,10,16,34,34,0)
2853:(44,2,10,17,33,33,0)
2854:(44,2,11,17,33,33,0)
2855:(44,2,11,18,32,32,0)
2856:(44,2,12,18,32,32,0)
2857:(44,2,12,19,31,31,0)
2858:(44,2,13,19,31,31,0)
2859:(44,2,11,19,31,31,0)
2860:(44,2,12,20,30,30,0)
2861:(44,2,13,20,30,30,0)
2862:(44,2,11,20,30,30,0)
2863:(44,2,12,21,29,29,0)
2864:(44,2,13,21,29,29,0)
2865:(44,2,13,22,28,28,0)
2866:(44,2,14,22,28,28,0)
2867:(44,2,12,22,28,28,0)
2868:(44,2,13,23,27,27,0)
2869:(44,2,14,23,27,27,0)
2870:(44,2,12,23,27,27,0)
2871:(44,2,11,23,27,27,0)
2872:(44,2,12,24,26,26,0)
2873:(44,2,13,24,26,26,0)
2874:(44,2,13,25,25,25,0)
2875:(44,2,14,25,25,25,0)
2876:(44,2,12,25,25,25,0)
2877:(44,2,13,26,24,24,0)
2878:(44,2,14,26,24,24,0)
2879:(44,2,12,26,24,24,0)
2880:(44,2,13,27,23,23,0)
2881:(44,2,14,27,23,23,0)
2882:(44,2,12,27,23,23,0)
2883:(44,2,13,28,22,22,0)
2884:(44,2,14,28,22,22,0)
2885:(44,2,14,29,21,21,0)
2886:(44,2,15,29,21,21,0)
2887:(44,2,15,30,20,20,0)
2888:(44,2,16,30,20,20,0)
2889:(44,2,14,30,20,20,0)
2890:(44,2,15,31,19,19,0)
2891:(44,2,16,31,19,19,0)
2892:(44,2,14,31,19,19,0)
2893:(44,2,15,32,18,18,0)
2894:(44,2,16,32,18,18,0)
2895:(44,2,16,33,17,17,0)
2896:(44,2,17,33,17,17,0)
2897:(44,2,17,34,16,16,0)
2898:(44,2,18,34,16,16,0)
2899:(44,2,18,35,15,15,0)
2900:(44,2,19,35,15,15,0)
2901:(44,2,19,36,14,14,0)
2902:(44,2,20,36,14,14,0)
2903:(44,2,18,36,14,14,0)
2904:(44,2,17,36,14,14,0)
2905:(44,2,18,37,13,13,0)
2906:(44,2,19,37,13,13,0)
2907:(44,2,19,38,12,12,0)
2908:(44,2,20,38,12,12,0)
2909:(44,2,20,39,11,11,0)
2910:(44,2,21,39,11,11,0)
2911:(44,2,21,40,10,10,0)
2912:(44,2,22,40,10,10,0)
2913:(44,2,20,40,10,10,0)
2914:(44,2,21,41,9,9,0)
2915:(44,2,22,41,9,9,0)
2916:(44,2,20,41,9,9,0)
2917:(44,2,19,41,9,9,0)
2918:(44,2,20,42,8,8,0)
2919:(44,2,21,42,8,8,0)
2920:(44,2,21,43,7,7,0)
2921:(44,2,22,43,7,7,0)
2922:(44,2,22,44,6,6,0)
2923:(44,2,23,44,6,6,0)
2924:(44,2,23,45,5,5,0)
2925:(44,2,24,45,5,5,0)
2926:(44,2,22,45,5,5,0)
2927:(44,2,23,46,4,4,0)
2928:(44,2,24,46,4,4,0)
2929:(44,2,24,47,3,3,0)
2930:(44,2,25,47,3,3,0)
2931:(44,2,23,47,3,3,0)
2932:(44,2,22,47,3,3,0)
2933:(44,2,23,48,2,2,0)
2934:(44,2,24,48,2,2,0)
2935:(44,2,22,48,2,2,0)
2936:(44,2,23,49,1,1,0)
2937:(44,2,24,49,1,1,0)
2938:(44,2,24,50,0,0,0)
2939:(44,2,25,50,0,0,0)
2940:(44,2,23,50,0,0,0)
2941:(44,2,22,50,0,0,0)
2942:(44,2,21,50,0,0,0)
2943:(44,2,20,50,0,0,0)
2944:(44,2,19,50,0,0,0)
2945:(44,2,18,50,0,0,0)
2946:(44,2,17,50,0,0,0)
2947:(44,2,16,50,0,0,0)
2948:(44,2,15,50,0,0,0)
2949:(44,2,14,50,0,0,0)
2950:(44,2,13,50,0,0,0)
2951:(44,2,12,50,0,0,0)
2952:(44,2,11,50,0,0,0)
2953:(44,2,10,50,0,0,0)
2954:(44,2,9,50,0,0,0)
2955:(44,2,8,50,0,0,0)
2956:(44,2,7,50,0,0,0)
2957:(44,2,6,50,0,0,0)
2958:(44,2,5,50,0,0,0)
2959:(44,2,4,50,0,0,0)
2960:(44,2,3,50,0,0,0)
2961:(44,2,2,50,0,0,0)
2962:(44,2,1,50,0,0,0)
2963:(44,2,0,50,0,0,0)
2964:(41,2,2,3,47,47,0)
2965:(41,2,1,2,48,48,0)
2966:(41,2,0,1,49,49,0)
2967:(40,2,1,1,49,49,0)
2968:(40,2,0,0,50,50,0)
2969:(40,2,4,5,45,45,0)
2970:(40,2,5,5,45,45,0)
2971:(41,2,3,5,45,45,0)
2972:(41,2,4,6,44,44,0)
2973:(41,2,5,6,44,44,0)
2974:(41,2,5,7,43,43,0)
2975:(41,2,6,7,43,43,0)
2976:(41,2,6,8,42,42,0)
2977:(41,2,7,8,42,42,0)
2978:(41,2,5,8,42,42,0)
2979:(41,2,6,9,41,41,0)
2980:(41,2,7,9,41,41,0)
2981:(41,2,7,10,40,40,0)
2982:(41,2,8,10,40,40,0)
2983:(42,2,6,10,40,40,0)
2984:(43,2,5,10,40,40,0)
2985:(43,2,6,11,39,39,0)
2986:(43,2,7,11,39,39,0)
2987:(43,2,5,11,39,39,0)
2988:(43,2,6,12,38,38,0)
2989:(43,2,7,12,38,38,0)
2990:(43,2,7,13,37,37,0)
2991:(43,2,8,13,37,37,0)
2992:(43,2,8,14,36,36,0)
2993:(43,2,9,14,36,36,0)
2994:(43,2,7,14,36,36,0)
2995:(43,2,8,15,35,35,0)
2996:(43,2,9,15,35,35,0)
2997:(43,2,9,16,34,34,0)
2998:(43,2,10,16,34,34,0)
2999:(43,2,10,17,33,33,0)
3000:(43,2,11,17,33,33,0)
3001:(43,2,11,18,32,32,0)
3002:(43,2,12,18,32,32,0)
3003:(43,2,12,19,31,31,0)
3004:(43,2,13,19,31,31,0)
3005:(43,2,11,19,31,31,0)
3006:(43,2,12,20,30,30,0)
3007:(43,2,13,20,30,30,0)
3008:(43,2,11,20,30,30,0)
3009:(43,2,12,21,29,29,0)
3010:(43,2,13,21,29,29,0)
3011:(43,2,13,22,28,28,0)
3012:(43,2,14,22,28,28,0)
3013:(43,2,12,22,28,28,0)
3014:(43,2,13,23,27,27,0)
3015:(43,2,14,23,27,27,0)
3016:(43,2,12,23,27,27,0)
3017:(43,2,11,23,27,27,0)
3018:(43,2,12,24,26,26,0)
3019:(43,2,13,24,26,26,0)
3020:(43,2,13,25,25,25,0)
3021:(43,2,14,25,25,25,0)
3022:(43,2,12,25,25,25,0)
3023:(43,2,13,26,24,24,0)
3024:(43,2,14,26,24,24,0)
3025:(43,2,12,26,24,24,0)
3026:(43,2,13,27,23,23,0)
3027:(43,2,14,27,23,23,0)
3028:(43,2,12,27,23,23,0)
3029:(43,2,13,28,22,22,0)
3030:(43,2,14,28,22,22,0)
3031:(43,2,14,29,21,21,0)
3032:(43,2,15,29,21,21,0)
3033:(43,2,15,30,20,20,0)
3034:(43,2,16,30,20,20,0)
3035:(43,2,14,30,20,20,0)
3036:(43,2,15,31,19,19,0)
3037:(43,2,16,31,19,19,0)
3038:(43,2,14,31,19,19,0)
3039:(43,2,15,32,18,18,0)
3040:(43,2,16,32,18,18,0)
3041:(43,2,16,33,17,17,0)
3042:(43,2,17,33,17,17,0)
3043:(43,2,17,34,16,16,0)
3044:(43,2,18,34,16,16,0)
3045:(43,2,18,35,15,15,0)
3046:(43,2,19,35,15,15,0)
3047:(43,2,19,36,14,14,0)
3048:(43,2,20,36,14,14,0)
3049:(43,2,18,36,14,14,0)
3050:(43,2,17,36,14,14,0)
3051:(43,2,18,37,13,13,0)
3052:(43,2,19,37,13,13,0)
3053:(43,2,19,38,12,12,0)
3054:(43,2,20,38,12,12,0)
3055:(43,2,20,39,11,11,0)
3056:(43,2,21,39,11,11,0)
3057:(43,2,21,40,10,10,0)
3058:(43,2,22,40,10,10,0)
3059:(43,2,20,40,10,10,0)
3060:(43,2,21,41,9,9,0)
3061:(43,2,22,41,9,9,0)
3062:(43,2,20,41,9,9,0)
3063:(43,2,19,41,9,9,0)
3064:(43,2,20,42,8,8,0)
3065:(43,2,21,42,8,8,0)
3066:(43,2,21,43,7,7,0)
3067:(43,2,22,43,7,7,0)
3068:(43,2,22,44,6,6,0)
3069:(43,2,23,44,6,6,0)
3070:(43,2,23,45,5,5,0)
3071:(43,2,24,45,5,5,0)
3072:(43,2,22,45,5,5,0)
3073:(43,2,23,46,4,4,0)
3074:(43,2,24,46,4,4,0)
3075:(43,2,24,47,3,3,0)
3076:(43,2,25,47,3,3,0)
3077:(43,2,23,47,3,3,0)
3078:(43,2,22,47,3,3,0)
3079:(43,2,23,48,2,2,0)
3080:(43,2,24,48,2,2,0)
3081:(43,2,22,48,2,2,0)
3082:(43,2,23,49,1,1,0)
3083:(43,2,24,49,1,1,0)
3084:(43,2,24,50,0,0,0)
3085:(43,2,25,50,0,0,0)
3086:(43,2,23,50,0,0,0)
3087:(43,2,22,50,0,0,0)
3088:(43,2,21,50,0,0,0)
3089:(43,2,20,50,0,0,0)
3090:(43,2,19,50,0,0,0)
3091:(43,2,18,50,0,0,0)
3092:(43,2,17,50,0,0,0)
3093:(43,2,16,50,0,0,0)
3094:(43,2,15,50,0,0,0)
3095:(43,2,14,50,0,0,0)
3096:(43,2,13,50,0,0,0)
3097:(43,2,12,50,0,0,0)
3098:(43,2,11,50,0,0,0)
3099:(43,2,10,50,0,0,0)
3100:(43,2,9,50,0,0,0)
3101:(43,2,8,50,0,0,0)
3102:(43,2,7,50,0,0,0)
3103:(43,2,6,50,0,0,0)
3104:(43,2,5,50,0,0,0)
3105:(43,2,4,50,0,0,0)
3106:(43,2,3,50,0,0,0)
3107:(43,2,2,50,0,0,0)
3108:(43,2,1,50,0,0,0)
3109:(43,2,0,50,0,0,0)
3110:(41,2,3,3,47,47,0)
3111:(41,2,2,2,48,48,0)
3112:(40,2,2,1,49,49,0)
3113:(40,2,1,0,50,50,0)
3114:(40,2,6,5,45,45,0)
3115:(41,2,6,5,45,45,0)
3116:(41,2,6,6,44,44,0)
3117:(42,2,6,6,44,44,0)
3118:(41,2,7,7,43,43,0)
3119:(42,2,7,7,43,43,0)
3120:(41,2,8,8,42,42,0)
3121:(42,2,8,8,42,42,0)
3122:(41,2,8,9,41,41,0)
3123:(42,2,8,9,41,41,0)
3124:(41,2,9,10,40,40,0)
3125:(42,2,9,10,40,40,0)
3126:(43,2,8,11,39,39,0)
3127:(44,2,8,11,39,39,0)
3128:(43,2,8,12,38,38,0)
3129:(44,2,8,12,38,38,0)
3130:(43,2,9,13,37,37,0)
3131:(44,2,9,13,37,37,0)
3132:(43,2,10,14,36,36,0)
3133:(44,2,10,14,36,36,0)
3134:(43,2,10,15,35,35,0)
3135:(44,2,10,15,35,35,0)
3136:(43,2,11,16,34,34,0)
3137:(44,2,11,16,34,34,0)
3138:(43,2,12,17,33,33,0)
3139:(44,2,12,17,33,33,0)
3140:(43,2,13,18,32,32,0)
3141:(44,2,13,18,32,32,0)
3142:(43,2,14,19,31,31,0)
3143:(44,2,14,19,31,31,0)
3144:(43,2,14,20,30,30,0)
3145:(44,2,14,20,30,30,0)
3146:(43,2,14,21,29,29,0)
3147:(44,2,14,21,29,29,0)
3148:(43,2,15,22,28,28,0)
3149:(44,2,15,22,28,28,0)
3150:(43,2,15,23,27,27,0)
3151:(44,2,15,23,27,27,0)
3152:(43,2,14,24,26,26,0)
3153:(44,2,14,24,26,26,0)
3154:(43,2,15,25,25,25,0)
3155:(44,2,15,25,25,25,0)
3156:(43,2,15,26,24,24,0)
3157:(44,2,15,26,24,24,0)
3158:(43,2,15,27,23,23,0)
3159:(44,2,15,27,23,23,0)
3160:(43,2,15,28,22,22,0)
3161:(44,2,15,28,22,22,0)
3162:(43,2,16,29,21,21,0)
3163:(44,2,16,29,21,21,0)
3164:(43,2,17,30,20,20,0)
3165:(44,2,17,30,20,20,0)
3166:(43,2,17,31,19,19,0)
3167:(44,2,17,31,19,19,0)
3168:(43,2,17,32,18,18,0)
3169:(44,2,17,32,18,18,0)
3170:(43,2,18,33,17,17,0)
3171:(44,2,18,33,17,17,0)
3172:(43,2,19,34,16,16,0)
3173:(44,2,19,34,16,16,0)
3174:(43,2,20,35,15,15,0)
3175:(44,2,20,35,15,15,0)
3176:(43,2,21,36,14,14,0)
3177:(44,2,21,36,14,14,0)
3178:(43,2,20,37,13,13,0)
3179:(44,2,20,37,13,13,0)
3180:(43,2,21,38,12,12,0)
3181:(44,2,21,38,12,12,0)
3182:(43,2,22,39,11,11,0)
3183:(44,2,22,39,11,11,0)
3184:(43,2,23,40,10,10,0)
3185:(44,2,23,40,10,10,0)
3186:(43,2,23,41,9,9,0)
3187:(44,2,23,41,9,9,0)
3188:(43,2,22,42,8,8,0)
3189:(44,2,22,42,8,8,0)
3190:(43,2,23,43,7,7,0)
3191:(44,2,23,43,7,7,0)
3192:(43,2,24,44,6,6,0)
3193:(44,2,24,44,6,6,0)
3194:(43,2,25,45,5,5,0)
3195:(44,2,25,45,5,5,0)
3196:(43,2,25,46,4,4,0)
3197:(44,2,25,46,4,4,0)
3198:(43,2,26,47,3,3,0)
3199:(44,2,26,47,3,3,0)
3200:(43,2,25,48,2,2,0)
3201:(44,2,25,48,2,2,0)
3202:(43,2,25,49,1,1,0)
3203:(44,2,25,49,1,1,0)
3204:(43,2,26,50,0,0,0)
3205:(44,2,26,50,0,0,0)
3206:(42,2,2,2,48,48,0)
3207:(41,2,2,1,49,49,0)
3208:(41,2,1,0,50,50,0)
3209:(42,2,6,5,45,45,0)
3210:(43,2,6,6,44,44,0)
3211:(43,2,7,7,43,43,0)
3212:(43,2,8,8,42,42,0)
3213:(43,2,8,9,41,41,0)
3214:(43,2,9,10,40,40,0)
3215:(45,2,8,11,39,39,0)
3216:(45,2,8,12,38,38,0)
3217:(45,2,9,13,37,37,0)
3218:(45,2,10,14,36,36,0)
3219:(45,2,10,15,35,35,0)
3220:(45,2,11,16,34,34,0)
3221:(45,2,12,17,33,33,0)
3222:(45,2,13,18,32,32,0)
3223:(45,2,14,19,31,31,0)
3224:(45,2,14,20,30,30,0)
3225:(45,2,14,21,29,29,0)
3226:(45,2,15,22,28,28,0)
3227:(45,2,15,23,27,27,0)
3228:(45,2,14,24,26,26,0)
3229:(45,2,15,25,25,25,0)
3230:(45,2,15,26,24,24,0)
3231:(45,2,15,27,23,23,0)
3232:(45,2,15,28,22,22,0)
3233:(45,2,16,29,21,21,0)
3234:(45,2,17,30,20,20,0)
3235:(45,2,17,31,19,19,0)
3236:(45,2,17,32,18,18,0)
3237:(45,2,18,33,17,17,0)
3238:(45,2,19,34,16,16,0)
3239:(45,2,20,35,15,15,0)
3240:(45,2,21,36,14,14,0)
3241:(45,2,20,37,13,13,0)
3242:(45,2,21,38,12,12,0)
3243:(45,2,22,39,11,11,0)
3244:(45,2,23,40,10,10,0)
3245:(45,2,23,41,9,9,0)
3246:(45,2,22,42,8,8,0)
3247:(45,2,23,43,7,7,0)
3248:(45,2,24,44,6,6,0)
3249:(45,2,25,45,5,5,0)
3250:(45,2,25,46,4,4,0)
3251:(45,2,26,47,3,3,0)
3252:(45,2,25,48,2,2,0)
3253:(45,2,25,49,1,1,0)
3254:(45,2,26,50,0,0,0)
3255:(42,2,2,1,49,49,0)
3256:(42,2,1,0,50,50,0)
3257:(42,2,5,4,46,46,0)
3258:(43,2,5,4,46,46,0)
3259:(43,2,6,5,45,45,0)
3260:(44,2,6,6,44,44,0)
3261:(44,2,7,7,43,43,0)
3262:(44,2,8,8,42,42,0)
3263:(44,2,8,9,41,41,0)
3264:(44,2,9,10,40,40,0)
3265:(46,2,8,11,39,39,0)
3266:(46,2,8,12,38,38,0)
3267:(46,2,9,13,37,37,0)
3268:(46,2,10,14,36,36,0)
3269:(46,2,10,15,35,35,0)
3270:(46,2,11,16,34,34,0)
3271:(46,2,12,17,33,33,0)
3272:(46,2,13,18,32,32,0)
3273:(46,2,14,19,31,31,0)
3274:(46,2,14,20,30,30,0)
3275:(46,2,14,21,29,29,0)
3276:(46,2,15,22,28,28,0)
3277:(46,2,15,23,27,27,0)
3278:(46,2,14,24,26,26,0)
3279:(46,2,15,25,25,25,0)
3280:(46,2,15,26,24,24,0)
3281:(46,2,15,27,23,23,0)
3282:(46,2,15,28,22,22,0)
3283:(46,2,16,29,21,21,0)
3284:(46,2,17,30,20,20,0)
3285:(46,2,17,31,19,19,0)
3286:(46,2,17,32,18,18,0)
3287:(46,2,18,33,17,17,0)
3288:(46,2,19,34,16,16,0)
3289:(46,2,20,35,15,15,0)
3290:(46,2,21,36,14,14,0)
3291:(46,2,20,37,13,13,0)
3292:(46,2,21,38,12,12,0)
3293:(46,2,22,39,11,11,0)
3294:(46,2,23,40,10,10,0)
3295:(46,2,23,41,9,9,0)
3296:(46,2,22,42,8,8,0)
3297:(46,2,23,43,7,7,0)
3298:(46,2,24,44,6,6,0)
3299:(46,2,25,45,5,5,0)
3300:(46,2,25,46,4,4,0)
3301:(46,2,26,47,3,3,0)
3302:(46,2,25,48,2,2,0)
3303:(46,2,25,49,1,1,0)
3304:(46,2,26,50,0,0,0)
3305:(43,2,2,1,49,49,0)
3306:(43,2,1,0,50,50,0)
3307:(42,2,4,3,47,47,0)
3308:(42,2,3,2,48,48,0)
3309:(41,2,3,1,49,49,0)
3310:(41,2,2,0,50,50,0)
3311:(41,2,7,5,45,45,0)
3312:(42,2,7,5,45,45,0)
3313:(42,2,7,6,44,44,0)
3314:(43,2,7,6,44,44,0)
3315:(42,2,8,7,43,43,0)
3316:(43,2,8,7,43,43,0)
3317:(42,2,9,8,42,42,0)
3318:(43,2,9,8,42,42,0)
3319:(42,2,9,9,41,41,0)
3320:(43,2,9,9,41,41,0)
3321:(42,2,10,10,40,40,0)
3322:(43,2,10,10,40,40,0)
3323:(44,2,9,11,39,39,0)
3324:(45,2,9,11,39,39,0)
3325:(44,2,9,12,38,38,0)
3326:(45,2,9,12,38,38,0)
3327:(44,2,10,13,37,37,0)
3328:(45,2,10,13,37,37,0)
3329:(44,2,11,14,36,36,0)
3330:(45,2,11,14,36,36,0)
3331:(44,2,11,15,35,35,0)
3332:(45,2,11,15,35,35,0)
3333:(44,2,12,16,34,34,0)
3334:(45,2,12,16,34,34,0)
3335:(44,2,13,17,33,33,0)
3336:(45,2,13,17,33,33,0)
3337:(44,2,14,18,32,32,0)
3338:(45,2,14,18,32,32,0)
3339:(44,2,15,19,31,31,0)
3340:(45,2,15,19,31,31,0)
3341:(44,2,15,20,30,30,0)
3342:(45,2,15,20,30,30,0)
3343:(44,2,15,21,29,29,0)
3344:(45,2,15,21,29,29,0)
3345:(44,2,16,22,28,28,0)
3346:(45,2,16,22,28,28,0)
3347:(44,2,16,23,27,27,0)
3348:(45,2,16,23,27,27,0)
3349:(44,2,15,24,26,26,0)
3350:(45,2,15,24,26,26,0)
3351:(44,2,16,25,25,25,0)
3352:(45,2,16,25,25,25,0)
3353:(44,2,16,26,24,24,0)
3354:(45,2,16,26,24,24,0)
3355:(44,2,16,27,23,23,0)
3356:(45,2,16,27,23,23,0)
3357:(44,2,16,28,22,22,0)
3358:(45,2,16,28,22,22,0)
3359:(44,2,17,29,21,21,0)
3360:(45,2,17,29,21,21,0)
3361:(44,2,18,30,20,20,0)
3362:(45,2,18,30,20,20,0)
3363:(44,2,18,31,19,19,0)
3364:(45,2,18,31,19,19,0)
3365:(44,2,18,32,18,18,0)
3366:(45,2,18,32,18,18,0)
3367:(44,2,19,33,17,17,0)
3368:(45,2,19,33,17,17,0)
3369:(44,2,20,34,16,16,0)
3370:(45,2,20,34,16,16,0)
3371:(44,2,21,35,15,15,0)
3372:(45,2,21,35,15,15,0)
3373:(44,2,22,36,14,14,0)
3374:(45,2,22,36,14,14,0)
3375:(44,2,21,37,13,13,0)
3376:(45,2,21,37,13,13,0)
3377:(44,2,22,38,12,12,0)
3378:(45,2,22,38,12,12,0)
3379:(44,2,23,39,11,11,0)
3380:(45,2,23,39,11,11,0)
3381:(44,2,24,40,10,10,0)
3382:(45,2,24,40,10,10,0)
3383:(44,2,24,41,9,9,0)
3384:(45,2,24,41,9,9,0)
3385:(44,2,23,42,8,8,0)
3386:(45,2,23,42,8,8,0)
3387:(44,2,24,43,7,7,0)
3388:(45,2,24,43,7,7,0)
3389:(44,2,25,44,6,6,0)
3390:(45,2,25,44,6,6,0)
3391:(44,2,26,45,5,5,0)
3392:(45,2,26,45,5,5,0)
3393:(44,2,26,46,4,4,0)
3394:(45,2,26,46,4,4,0)
3395:(44,2,27,47,3,3,0)
3396:(45,2,27,47,3,3,0)
3397:(44,2,26,48,2,2,0)
3398:(45,2,26,48,2,2,0)
3399:(44,2,26,49,1,1,0)
3400:(45,2,26,49,1,1,0)
3401:(44,2,27,50,0,0,0)
3402:(45,2,27,50,0,0,0)
3403:(43,2,4,3,47,47,0)
3404:(43,2,3,2,48,48,0)
3405:(42,2,3,1,49,49,0)
3406:(42,2,2,0,50,50,0)
3407:(43,2,7,5,45,45,0)
3408:(44,2,7,6,44,44,0)
3409:(44,2,8,7,43,43,0)
3410:(44,2,9,8,42,42,0)
3411:(44,2,9,9,41,41,0)
3412:(44,2,10,10,40,40,0)
3413:(46,2,9,11,39,39,0)
3414:(46,2,9,12,38,38,0)
3415:(46,2,10,13,37,37,0)
3416:(46,2,11,14,36,36,0)
3417:(46,2,11,15,35,35,0)
3418:(46,2,12,16,34,34,0)
3419:(46,2,13,17,33,33,0)
3420:(46,2,14,18,32,32,0)
3421:(46,2,15,19,31,31,0)
3422:(46,2,15,20,30,30,0)
3423:(46,2,15,21,29,29,0)
3424:(46,2,16,22,28,28,0)
3425:(46,2,16,23,27,27,0)
3426:(46,2,15,24,26,26,0)
3427:(46,2,16,25,25,25,0)
3428:(46,2,16,26,24,24,0)
3429:(46,2,16,27,23,23,0)
3430:(46,2,16,28,22,22,0)
3431:(46,2,17,29,21,21,0)
3432:(46,2,18,30,20,20,0)
3433:(46,2,18,31,19,19,0)
3434:(46,2,18,32,18,18,0)
3435:(46,2,19,33,17,17,0)
3436:(46,2,20,34,16,16,0)
3437:(46,2,21,35,15,15,0)
3438:(46,2,22,36,14,14,0)
3439:(46,2,21,37,13,13,0)
3440:(46,2,22,38,12,12,0)
3441:(46,2,23,39,11,11,0)
3442:(46,2,24,40,10,10,0)
3443:(46,2,24,41,9,9,0)
3444:(46,2,23,42,8,8,0)
3445:(46,2,24,43,7,7,0)
3446:(46,2,25,44,6,6,0)
3447:(46,2,26,45,5,5,0)
3448:(46,2,26,46,4,4,0)
3449:(46,2,27,47,3,3,0)
3450:(46,2,26,48,2,2,0)
3451:(46,2,26,49,1,1,0)
3452:(46,2,27,50,0,0,0)
3453:(-1,-1,-1,-1,-1,-1,-1)