(codY,flache,SigD_hag,hag,CodY_flache,CodY_hag,CodY,SigD,Hag)
0:(1,1,1,1,1,1,10,10,10) [ 2.8060000000000005 ]
1:(1,1,1,1,1,1,11,10,10) [ 2.8362000000000003 ]
2:(1,1,1,1,1,1,12,10,10) [ 2.8664000000000005 ]
3:(1,1,1,1,1,1,13,10,10) [ 2.8966000000000003 ]
4:(1,1,1,1,1,1,14,10,10) [ 2.9268000000000005 ]
5:(1,1,1,1,1,1,15,10,10) [ 2.957 ]
6:(1,1,1,1,1,1,16,10,10) [ 2.9872 ]
7:(1,1,1,1,1,1,17,10,10) [ 3.0174 ]
8:(1,1,1,1,1,1,18,10,10) [ 3.0476 ]
9:(1,1,1,1,1,1,19,10,10) [ 3.0778000000000003 ]
10:(1,1,1,1,1,1,20,10,10) [ 2.8080000000000003 TARGET ]
11:(1,1,1,1,1,1,20,11,10) [ 2.8181999999999996 TARGET ]
12:(1,1,1,1,1,1,20,9,10) [ 2.7977999999999996 TARGET ]
13:(1,1,0,2,1,1,20,11,11) [ 2.0284 TARGET ]
14:(1,1,1,1,1,1,20,10,9) [ 2.8078000000000003 TARGET ]
15:(1,1,2,0,1,1,20,9,10) [ 3.6077999999999997 TARGET ]
16:(1,1,0,2,1,1,20,11,10) [ 2.0282 TARGET ]
17:(1,0,1,1,2,1,19,10,10) [ 1.7978 ]
18:(1,1,1,0,1,2,19,10,10) [ 2.8878000000000004 ]
19:(1,1,1,1,1,1,19,11,10) [ 3.0879999999999996 ]
20:(1,1,1,1,1,1,19,9,10) [ 3.0675999999999997 ]
21:(1,1,0,2,1,1,19,11,11) [ 2.2882000000000002 ]
22:(1,1,1,1,1,1,19,10,9) [ 3.0776000000000003 ]
23:(1,1,2,0,1,1,19,9,10) [ 3.8876 ]
24:(1,1,0,2,1,1,19,11,10) [ 2.2880000000000003 ]
25:(1,0,1,1,2,1,18,10,10) [ 1.7876 ]
26:(1,1,1,0,1,2,18,10,10) [ 2.8676 ]
27:(1,1,1,1,1,1,18,11,10) [ 3.0578 ]
28:(1,1,1,1,1,1,18,9,10) [ 3.0374 ]
29:(1,1,0,2,1,1,18,11,11) [ 2.2479999999999998 ]
30:(1,1,1,1,1,1,18,10,9) [ 3.0474 ]
31:(1,1,2,0,1,1,18,9,10) [ 3.8674 ]
32:(1,1,0,2,1,1,18,11,10) [ 2.2478 ]
33:(1,0,1,1,2,1,17,10,10) [ 1.7774 ]
34:(1,1,1,0,1,2,17,10,10) [ 2.8474 ]
35:(1,1,1,1,1,1,17,11,10) [ 3.0275999999999996 ]
36:(1,1,1,1,1,1,17,9,10) [ 3.0071999999999997 ]
37:(1,1,0,2,1,1,17,11,11) [ 2.2078 ]
38:(1,1,1,1,1,1,17,10,9) [ 3.0172 ]
39:(1,1,2,0,1,1,17,9,10) [ 3.8472 ]
40:(1,1,0,2,1,1,17,11,10) [ 2.2076000000000002 ]
41:(1,0,1,1,2,1,16,10,10) [ 1.7672 ]
42:(1,1,1,0,1,2,16,10,10) [ 2.8272 ]
43:(1,1,1,1,1,1,16,11,10) [ 2.9974 ]
44:(1,1,1,1,1,1,16,9,10) [ 2.977 ]
45:(1,1,0,2,1,1,16,11,11) [ 2.1676 ]
46:(1,1,1,1,1,1,16,10,9) [ 2.987 ]
47:(1,1,2,0,1,1,16,9,10) [ 3.827 ]
48:(1,1,0,2,1,1,16,11,10) [ 2.1674 ]
49:(1,0,1,1,2,1,15,10,10) [ 1.7570000000000001 ]
50:(1,1,1,0,1,2,15,10,10) [ 2.807 ]
51:(1,1,1,1,1,1,15,11,10) [ 2.9671999999999996 ]
52:(1,1,1,1,1,1,15,9,10) [ 2.9467999999999996 ]
53:(1,1,0,2,1,1,15,11,11) [ 2.1274 ]
54:(1,1,1,1,1,1,15,10,9) [ 2.9568 ]
55:(1,1,2,0,1,1,15,9,10) [ 3.8068 ]
56:(1,1,0,2,1,1,15,11,10) [ 2.1272 ]
57:(1,0,1,1,2,1,14,10,10) [ 1.7468000000000004 ]
58:(1,1,1,0,1,2,14,10,10) [ 2.7868 ]
59:(1,1,1,1,1,1,14,11,10) [ 2.937 ]
60:(1,1,1,1,1,1,14,9,10) [ 2.9166000000000003 ]
61:(1,1,0,2,1,1,14,11,11) [ 2.0872 ]
62:(1,1,1,1,1,1,14,10,9) [ 2.9266 ]
63:(1,1,2,0,1,1,14,9,10) [ 3.7866 ]
64:(1,1,0,2,1,1,14,11,10) [ 2.087 ]
65:(1,0,1,1,2,1,13,10,10) [ 1.7366000000000001 ]
66:(1,1,1,0,1,2,13,10,10) [ 2.7666 ]
67:(1,1,1,1,1,1,13,11,10) [ 2.9067999999999996 ]
68:(1,1,1,1,1,1,13,9,10) [ 2.8864 ]
69:(1,1,0,2,1,1,13,11,11) [ 2.047 ]
70:(1,1,1,1,1,1,13,10,9) [ 2.8964 ]
71:(1,1,2,0,1,1,13,9,10) [ 3.7664 ]
72:(1,1,0,2,1,1,13,11,10) [ 2.0468 ]
73:(1,0,1,1,2,1,12,10,10) [ 1.7264000000000004 ]
74:(1,1,1,0,1,2,12,10,10) [ 2.7464 ]
75:(1,1,1,1,1,1,12,11,10) [ 2.8766 ]
76:(1,1,1,1,1,1,12,9,10) [ 2.8562000000000003 ]
77:(1,1,0,2,1,1,12,11,11) [ 2.0068 ]
78:(1,1,1,1,1,1,12,10,9) [ 2.8662 ]
79:(1,1,2,0,1,1,12,9,10) [ 3.7462 ]
80:(1,1,0,2,1,1,12,11,10) [ 2.0066 ]
81:(1,0,1,1,2,1,11,10,10) [ 1.7162000000000004 ]
82:(1,1,1,0,1,2,11,10,10) [ 2.7262000000000004 ]
83:(1,1,1,1,1,1,11,11,10) [ 2.8464 ]
84:(1,1,1,1,1,1,11,9,10) [ 2.826 ]
85:(1,1,0,2,1,1,11,11,11) [ 1.9666000000000001 ]
86:(1,1,1,1,1,1,11,10,9) [ 2.8360000000000003 ]
87:(1,1,2,0,1,1,11,9,10) [ 3.7260000000000004 ]
88:(1,1,0,2,1,1,11,11,10) [ 1.9664000000000001 ]
89:(1,0,1,1,2,1,10,10,10) [ 1.7060000000000004 ]
90:(1,1,1,0,1,2,10,10,10) [ 2.7060000000000004 ]
91:(1,1,1,1,1,1,9,10,10) [ 2.7758 ]
92:(1,1,1,1,1,1,10,11,10) [ 2.8162000000000003 ]
93:(1,1,1,1,1,1,10,9,10) [ 2.7958000000000003 ]
94:(1,1,0,2,1,1,10,11,11) [ 1.9264000000000001 ]
95:(1,1,1,1,1,1,10,10,9) [ 2.8058000000000005 ]
96:(1,1,2,0,1,1,10,9,10) [ 3.7058000000000004 ]
97:(1,1,0,2,1,1,10,11,10) [ 1.9262000000000001 ]
98:(1,0,1,1,2,1,9,10,10) [ 1.6958000000000004 ]
99:(1,1,1,0,1,2,9,10,10) [ 2.6858 ]
100:(1,2,1,1,0,1,19,10,10) [ 4.3578 ]
101:(1,1,1,2,1,0,19,10,10) [ 3.2678000000000003 ]
102:(1,2,1,1,0,1,18,10,10) [ 4.307599999999999 ]
103:(1,1,1,2,1,0,18,10,10) [ 3.2276 ]
104:(1,2,1,1,0,1,17,10,10) [ 4.2574 ]
105:(1,1,1,2,1,0,17,10,10) [ 3.1874 ]
106:(1,2,1,1,0,1,16,10,10) [ 4.207199999999999 ]
107:(1,1,1,2,1,0,16,10,10) [ 3.1471999999999998 ]
108:(1,2,1,1,0,1,15,10,10) [ 4.157 ]
109:(1,1,1,2,1,0,15,10,10) [ 3.1069999999999998 ]
110:(1,2,1,1,0,1,14,10,10) [ 4.1068 ]
111:(1,1,1,2,1,0,14,10,10) [ 3.0667999999999997 ]
112:(1,2,1,1,0,1,13,10,10) [ 4.0565999999999995 ]
113:(1,1,1,2,1,0,13,10,10) [ 3.0266 ]
114:(1,2,1,1,0,1,12,10,10) [ 4.006399999999999 ]
115:(1,1,1,2,1,0,12,10,10) [ 2.9863999999999997 ]
116:(1,2,1,1,0,1,11,10,10) [ 3.9561999999999995 ]
117:(1,1,1,2,1,0,11,10,10) [ 2.9462000000000006 ]
118:(1,1,1,1,1,1,8,10,10) [ 2.7456000000000005 ]
119:(1,1,1,1,1,1,9,11,10) [ 2.786 ]
120:(1,1,1,1,1,1,9,9,10) [ 2.7656 ]
121:(1,1,0,2,1,1,9,11,11) [ 1.8861999999999999 ]
122:(1,1,1,1,1,1,9,10,9) [ 2.7756 ]
123:(1,1,2,0,1,1,9,9,10) [ 3.6856000000000004 ]
124:(1,1,0,2,1,1,9,11,10) [ 1.886 ]
125:(1,0,1,1,2,1,8,10,10) [ 1.6856000000000002 ]
126:(1,2,1,1,0,1,10,10,10) [ 3.9059999999999997 ]
127:(1,1,1,0,1,2,8,10,10) [ 2.6656000000000004 ]
128:(1,1,1,2,1,0,10,10,10) [ 2.9060000000000006 ]
129:(1,1,1,1,1,1,20,12,10) [ 2.8284000000000002 TARGET ]
130:(1,1,0,2,1,1,20,12,11) [ 2.0486 TARGET ]
131:(1,1,1,1,1,1,20,11,9) [ 2.8179999999999996 TARGET ]
132:(1,1,2,0,1,1,20,10,10) [ 3.608 TARGET ]
133:(1,1,0,2,1,1,20,12,10) [ 2.0484 TARGET ]
134:(1,0,1,1,2,1,19,11,10) [ 1.8080000000000003 ]
135:(1,1,1,0,1,2,19,11,10) [ 2.888 ]
136:(1,1,1,1,1,1,19,12,10) [ 3.0982000000000003 ]
137:(1,1,0,2,1,1,19,12,11) [ 2.3084000000000002 ]
138:(1,1,1,1,1,1,19,11,9) [ 3.0877999999999997 ]
139:(1,1,2,0,1,1,19,10,10) [ 3.8878000000000004 ]
140:(1,1,0,2,1,1,19,12,10) [ 2.3082000000000003 ]
141:(1,0,1,1,2,1,18,11,10) [ 1.7978 ]
142:(1,1,1,0,1,2,18,11,10) [ 2.8678 ]
143:(1,1,1,1,1,1,18,12,10) [ 3.068 ]
144:(1,1,0,2,1,1,18,12,11) [ 2.2681999999999998 ]
145:(1,1,1,1,1,1,18,11,9) [ 3.0576 ]
146:(1,1,2,0,1,1,18,10,10) [ 3.8676 ]
147:(1,1,0,2,1,1,18,12,10) [ 2.268 ]
148:(1,0,1,1,2,1,17,11,10) [ 1.7876 ]
149:(1,1,1,0,1,2,17,11,10) [ 2.8476 ]
150:(1,1,1,1,1,1,17,12,10) [ 3.0378 ]
151:(1,1,0,2,1,1,17,12,11) [ 2.228 ]
152:(1,1,1,1,1,1,17,11,9) [ 3.0273999999999996 ]
153:(1,1,2,0,1,1,17,10,10) [ 3.8474 ]
154:(1,1,0,2,1,1,17,12,10) [ 2.2278000000000002 ]
155:(1,0,1,1,2,1,16,11,10) [ 1.7774 ]
156:(1,1,1,0,1,2,16,11,10) [ 2.8274 ]
157:(1,1,1,1,1,1,16,12,10) [ 3.0076 ]
158:(1,1,0,2,1,1,16,12,11) [ 2.1878 ]
159:(1,1,1,1,1,1,16,11,9) [ 2.9972 ]
160:(1,1,2,0,1,1,16,10,10) [ 3.8272 ]
161:(1,1,0,2,1,1,16,12,10) [ 2.1876 ]
162:(1,0,1,1,2,1,15,11,10) [ 1.7672 ]
163:(1,1,1,0,1,2,15,11,10) [ 2.8072 ]
164:(1,1,1,1,1,1,15,12,10) [ 2.9774 ]
165:(1,1,0,2,1,1,15,12,11) [ 2.1476 ]
166:(1,1,1,1,1,1,15,11,9) [ 2.9669999999999996 ]
167:(1,1,2,0,1,1,15,10,10) [ 3.807 ]
168:(1,1,0,2,1,1,15,12,10) [ 2.1474 ]
169:(1,0,1,1,2,1,14,11,10) [ 1.7570000000000001 ]
170:(1,1,1,0,1,2,14,11,10) [ 2.7870000000000004 ]
171:(1,1,1,1,1,1,14,12,10) [ 2.9472 ]
172:(1,1,0,2,1,1,14,12,11) [ 2.1074 ]
173:(1,1,1,1,1,1,14,11,9) [ 2.9368000000000003 ]
174:(1,1,2,0,1,1,14,10,10) [ 3.7868000000000004 ]
175:(1,1,0,2,1,1,14,12,10) [ 2.1072 ]
176:(1,0,1,1,2,1,13,11,10) [ 1.7468000000000004 ]
177:(1,1,1,0,1,2,13,11,10) [ 2.7668000000000004 ]
178:(1,1,1,1,1,1,13,12,10) [ 2.917 ]
179:(1,1,0,2,1,1,13,12,11) [ 2.0672 ]
180:(1,1,1,1,1,1,13,11,9) [ 2.9066 ]
181:(1,1,2,0,1,1,13,10,10) [ 3.7666000000000004 ]
182:(1,1,0,2,1,1,13,12,10) [ 2.067 ]
183:(1,0,1,1,2,1,12,11,10) [ 1.7366000000000001 ]
184:(1,1,1,0,1,2,12,11,10) [ 2.7466000000000004 ]
185:(1,1,1,1,1,1,12,12,10) [ 2.8868 ]
186:(1,1,0,2,1,1,12,12,11) [ 2.027 ]
187:(1,1,1,1,1,1,12,11,9) [ 2.8764000000000003 ]
188:(1,1,2,0,1,1,12,10,10) [ 3.7464000000000004 ]
189:(1,1,0,2,1,1,12,12,10) [ 2.0268 ]
190:(1,0,1,1,2,1,11,11,10) [ 1.7264000000000004 ]
191:(1,1,1,0,1,2,11,11,10) [ 2.7264000000000004 ]
192:(1,1,1,1,1,1,11,12,10) [ 2.8566000000000003 ]
193:(1,1,0,2,1,1,11,12,11) [ 1.9868000000000001 ]
194:(1,1,1,1,1,1,11,11,9) [ 2.8462 ]
195:(1,1,2,0,1,1,11,10,10) [ 3.7262000000000004 ]
196:(1,1,0,2,1,1,11,12,10) [ 1.9866000000000001 ]
197:(1,0,1,1,2,1,10,11,10) [ 1.7162000000000004 ]
198:(1,1,1,0,1,2,10,11,10) [ 2.7062000000000004 ]
199:(1,1,1,1,1,1,10,12,10) [ 2.8264000000000005 ]
200:(1,1,0,2,1,1,10,12,11) [ 1.9466 ]
201:(1,1,1,1,1,1,10,11,9) [ 2.8160000000000003 ]
202:(1,1,2,0,1,1,10,10,10) [ 3.7060000000000004 ]
203:(1,1,0,2,1,1,10,12,10) [ 1.9464000000000001 ]
204:(1,0,1,1,2,1,9,11,10) [ 1.7060000000000004 ]
205:(1,1,1,0,1,2,9,11,10) [ 2.6860000000000004 ]
206:(1,1,1,1,1,1,20,8,10) [ 2.7876000000000003 TARGET ]
207:(1,1,0,2,1,1,20,10,11) [ 2.0082 TARGET ]
208:(1,1,1,1,1,1,20,9,9) [ 2.7975999999999996 TARGET ]
209:(1,1,2,0,1,1,20,8,10) [ 3.6076 TARGET ]
210:(1,1,0,2,1,1,20,10,10) [ 2.008 TARGET ]
211:(1,0,1,1,2,1,19,9,10) [ 1.7876 ]
212:(1,1,1,0,1,2,19,9,10) [ 2.8876 ]
213:(1,1,1,1,1,1,19,8,10) [ 3.0574000000000003 ]
214:(1,1,0,2,1,1,19,10,11) [ 2.2680000000000002 ]
215:(1,1,1,1,1,1,19,9,9) [ 3.0673999999999997 ]
216:(1,1,2,0,1,1,19,8,10) [ 3.8874000000000004 ]
217:(1,1,0,2,1,1,19,10,10) [ 2.2678000000000003 ]
218:(1,0,1,1,2,1,18,9,10) [ 1.7774 ]
219:(1,1,1,0,1,2,18,9,10) [ 2.8674 ]
220:(1,1,1,1,1,1,18,8,10) [ 3.0272 ]
221:(1,1,0,2,1,1,18,10,11) [ 2.2278 ]
222:(1,1,1,1,1,1,18,9,9) [ 3.0372 ]
223:(1,1,2,0,1,1,18,8,10) [ 3.8672 ]
224:(1,1,0,2,1,1,18,10,10) [ 2.2276 ]
225:(1,0,1,1,2,1,17,9,10) [ 1.7672 ]
226:(1,1,1,0,1,2,17,9,10) [ 2.8472 ]
227:(1,1,1,1,1,1,17,8,10) [ 2.997 ]
228:(1,1,0,2,1,1,17,10,11) [ 2.1876 ]
229:(1,1,1,1,1,1,17,9,9) [ 3.0069999999999997 ]
230:(1,1,2,0,1,1,17,8,10) [ 3.847 ]
231:(1,1,0,2,1,1,17,10,10) [ 2.1874000000000002 ]
232:(1,0,1,1,2,1,16,9,10) [ 1.7570000000000001 ]
233:(1,1,1,0,1,2,16,9,10) [ 2.827 ]
234:(1,1,1,1,1,1,16,8,10) [ 2.9668 ]
235:(1,1,0,2,1,1,16,10,11) [ 2.1474 ]
236:(1,1,1,1,1,1,16,9,9) [ 2.9768 ]
237:(1,1,2,0,1,1,16,8,10) [ 3.8268 ]
238:(1,1,0,2,1,1,16,10,10) [ 2.1472 ]
239:(1,0,1,1,2,1,15,9,10) [ 1.7468000000000001 ]
240:(1,1,1,0,1,2,15,9,10) [ 2.8068 ]
241:(1,1,1,1,1,1,15,8,10) [ 2.9366 ]
242:(1,1,0,2,1,1,15,10,11) [ 2.1072 ]
243:(1,1,1,1,1,1,15,9,9) [ 2.9465999999999997 ]
244:(1,1,2,0,1,1,15,8,10) [ 3.8066 ]
245:(1,1,0,2,1,1,15,10,10) [ 2.107 ]
246:(1,0,1,1,2,1,14,9,10) [ 1.7366000000000001 ]
247:(1,1,1,0,1,2,14,9,10) [ 2.7866000000000004 ]
248:(1,1,1,1,1,1,14,8,10) [ 2.9064 ]
249:(1,1,0,2,1,1,14,10,11) [ 2.067 ]
250:(1,1,1,1,1,1,14,9,9) [ 2.9164 ]
251:(1,1,2,0,1,1,14,8,10) [ 3.7864000000000004 ]
252:(1,1,0,2,1,1,14,10,10) [ 2.0668 ]
253:(1,0,1,1,2,1,13,9,10) [ 1.7264000000000004 ]
254:(1,1,1,0,1,2,13,9,10) [ 2.7664000000000004 ]
255:(1,1,1,1,1,1,13,8,10) [ 2.8762 ]
256:(1,1,0,2,1,1,13,10,11) [ 2.0268 ]
257:(1,1,1,1,1,1,13,9,9) [ 2.8861999999999997 ]
258:(1,1,2,0,1,1,13,8,10) [ 3.7662000000000004 ]
259:(1,1,0,2,1,1,13,10,10) [ 2.0266 ]
260:(1,0,1,1,2,1,12,9,10) [ 1.7162000000000002 ]
261:(1,1,1,0,1,2,12,9,10) [ 2.7462000000000004 ]
262:(1,1,1,1,1,1,12,8,10) [ 2.846 ]
263:(1,1,0,2,1,1,12,10,11) [ 1.9866000000000001 ]
264:(1,1,1,1,1,1,12,9,9) [ 2.856 ]
265:(1,1,2,0,1,1,12,8,10) [ 3.7460000000000004 ]
266:(1,1,0,2,1,1,12,10,10) [ 1.9864000000000002 ]
267:(1,0,1,1,2,1,11,9,10) [ 1.7060000000000004 ]
268:(1,1,1,0,1,2,11,9,10) [ 2.7260000000000004 ]
269:(1,1,1,1,1,1,11,8,10) [ 2.8158000000000003 ]
270:(1,1,0,2,1,1,11,10,11) [ 1.9464000000000001 ]
271:(1,1,1,1,1,1,11,9,9) [ 2.8258 ]
272:(1,1,2,0,1,1,11,8,10) [ 3.7258000000000004 ]
273:(1,1,0,2,1,1,11,10,10) [ 1.9462000000000002 ]
274:(1,0,1,1,2,1,10,9,10) [ 1.6958000000000004 ]
275:(1,1,1,0,1,2,10,9,10) [ 2.7058000000000004 ]
276:(1,1,1,1,1,1,10,8,10) [ 2.7856000000000005 ]
277:(1,1,0,2,1,1,10,10,11) [ 1.9062000000000001 ]
278:(1,1,1,1,1,1,10,9,9) [ 2.7956000000000003 ]
279:(1,1,2,0,1,1,10,8,10) [ 3.7056000000000004 ]
280:(1,1,0,2,1,1,10,10,10) [ 1.9060000000000001 ]
281:(1,0,1,1,2,1,9,9,10) [ 1.6856000000000002 ]
282:(1,1,1,0,1,2,9,9,10) [ 2.6856000000000004 ]
283:(1,1,1,1,1,1,20,10,11) [ 2.8082000000000007 TARGET ]
284:(1,0,0,2,2,1,19,11,11) [ 1.0082 ]
285:(1,1,0,1,1,2,19,11,11) [ 2.0882000000000005 ]
286:(1,1,1,1,1,1,19,10,11) [ 3.0780000000000007 ]
287:(1,0,0,2,2,1,18,11,11) [ 0.988 ]
288:(1,1,0,1,1,2,18,11,11) [ 2.058 ]
289:(1,1,1,1,1,1,18,10,11) [ 3.0478000000000005 ]
290:(1,0,0,2,2,1,17,11,11) [ 0.9678000000000001 ]
291:(1,1,0,1,1,2,17,11,11) [ 2.0278 ]
292:(1,1,1,1,1,1,17,10,11) [ 3.0176000000000003 ]
293:(1,0,0,2,2,1,16,11,11) [ 0.9476000000000001 ]
294:(1,1,0,1,1,2,16,11,11) [ 1.9976 ]
295:(1,1,1,1,1,1,16,10,11) [ 2.9874000000000005 ]
296:(1,0,0,2,2,1,15,11,11) [ 0.9274000000000001 ]
297:(1,1,0,1,1,2,15,11,11) [ 1.9674 ]
298:(1,1,1,1,1,1,15,10,11) [ 2.9572000000000003 ]
299:(1,0,0,2,2,1,14,11,11) [ 0.9072 ]
300:(1,1,0,1,1,2,14,11,11) [ 1.9372 ]
301:(1,1,1,1,1,1,14,10,11) [ 2.927000000000001 ]
302:(1,0,0,2,2,1,13,11,11) [ 0.887 ]
303:(1,1,0,1,1,2,13,11,11) [ 1.9070000000000003 ]
304:(1,1,1,1,1,1,13,10,11) [ 2.8968000000000007 ]
305:(1,0,0,2,2,1,12,11,11) [ 0.8667999999999999 ]
306:(1,1,0,1,1,2,12,11,11) [ 1.8768 ]
307:(1,1,1,1,1,1,12,10,11) [ 2.866600000000001 ]
308:(1,0,0,2,2,1,11,11,11) [ 0.8465999999999999 ]
309:(1,1,0,1,1,2,11,11,11) [ 1.8466000000000002 ]
310:(1,1,1,1,1,1,11,10,11) [ 2.8364000000000007 ]
311:(1,0,0,2,2,1,10,11,11) [ 0.8263999999999999 ]
312:(1,1,0,1,1,2,10,11,11) [ 1.8164000000000002 ]
313:(1,1,1,1,1,1,10,10,11) [ 2.806200000000001 ]
314:(1,0,0,2,2,1,9,11,11) [ 0.8061999999999999 ]
315:(1,1,0,1,1,2,9,11,11) [ 1.7862 ]
316:(1,1,1,1,1,1,20,10,8) [ 2.8076000000000003 TARGET ]
317:(1,1,2,0,1,1,20,9,9) [ 3.6075999999999997 TARGET ]
318:(1,1,0,2,1,1,20,11,9) [ 2.028 TARGET ]
319:(1,0,1,1,2,1,19,10,9) [ 1.7976 ]
320:(1,1,1,0,1,2,19,10,9) [ 2.8876000000000004 ]
321:(1,1,1,1,1,1,19,10,8) [ 3.0774000000000004 ]
322:(1,1,2,0,1,1,19,9,9) [ 3.8874 ]
323:(1,1,0,2,1,1,19,11,9) [ 2.2878000000000003 ]
324:(1,0,1,1,2,1,18,10,9) [ 1.7874 ]
325:(1,1,1,0,1,2,18,10,9) [ 2.8674 ]
326:(1,1,1,1,1,1,18,10,8) [ 3.0472 ]
327:(1,1,2,0,1,1,18,9,9) [ 3.8672 ]
328:(1,1,0,2,1,1,18,11,9) [ 2.2476 ]
329:(1,0,1,1,2,1,17,10,9) [ 1.7772000000000001 ]
330:(1,1,1,0,1,2,17,10,9) [ 2.8472 ]
331:(1,1,1,1,1,1,17,10,8) [ 3.017 ]
332:(1,1,2,0,1,1,17,9,9) [ 3.847 ]
333:(1,1,0,2,1,1,17,11,9) [ 2.2074000000000003 ]
334:(1,0,1,1,2,1,16,10,9) [ 1.7670000000000001 ]
335:(1,1,1,0,1,2,16,10,9) [ 2.827 ]
336:(1,1,1,1,1,1,16,10,8) [ 2.9868 ]
337:(1,1,2,0,1,1,16,9,9) [ 3.8268 ]
338:(1,1,0,2,1,1,16,11,9) [ 2.1672000000000002 ]
339:(1,0,1,1,2,1,15,10,9) [ 1.7568000000000001 ]
340:(1,1,1,0,1,2,15,10,9) [ 2.8068 ]
341:(1,1,1,1,1,1,15,10,8) [ 2.9566 ]
342:(1,1,2,0,1,1,15,9,9) [ 3.8066 ]
343:(1,1,0,2,1,1,15,11,9) [ 2.1270000000000002 ]
344:(1,0,1,1,2,1,14,10,9) [ 1.7466000000000004 ]
345:(1,1,1,0,1,2,14,10,9) [ 2.7866000000000004 ]
346:(1,1,1,1,1,1,14,10,8) [ 2.9264000000000006 ]
347:(1,1,2,0,1,1,14,9,9) [ 3.7864000000000004 ]
348:(1,1,0,2,1,1,14,11,9) [ 2.0868 ]
349:(1,0,1,1,2,1,13,10,9) [ 1.7364000000000002 ]
350:(1,1,1,0,1,2,13,10,9) [ 2.7664000000000004 ]
351:(1,1,1,1,1,1,13,10,8) [ 2.8962000000000003 ]
352:(1,1,2,0,1,1,13,9,9) [ 3.7662000000000004 ]
353:(1,1,0,2,1,1,13,11,9) [ 2.0466 ]
354:(1,0,1,1,2,1,12,10,9) [ 1.7262000000000004 ]
355:(1,1,1,0,1,2,12,10,9) [ 2.7462000000000004 ]
356:(1,1,1,1,1,1,12,10,8) [ 2.8660000000000005 ]
357:(1,1,2,0,1,1,12,9,9) [ 3.7460000000000004 ]
358:(1,1,0,2,1,1,12,11,9) [ 2.0064 ]
359:(1,0,1,1,2,1,11,10,9) [ 1.7160000000000004 ]
360:(1,1,1,0,1,2,11,10,9) [ 2.7260000000000004 ]
361:(1,1,1,1,1,1,11,10,8) [ 2.8358000000000003 ]
362:(1,1,2,0,1,1,11,9,9) [ 3.7258000000000004 ]
363:(1,1,0,2,1,1,11,11,9) [ 1.9662000000000002 ]
364:(1,0,1,1,2,1,10,10,9) [ 1.7058000000000004 ]
365:(1,1,1,0,1,2,10,10,9) [ 2.7058000000000004 ]
366:(1,1,1,1,1,1,10,10,8) [ 2.8056000000000005 ]
367:(1,1,2,0,1,1,10,9,9) [ 3.7056000000000004 ]
368:(1,1,0,2,1,1,10,11,9) [ 1.9260000000000002 ]
369:(1,0,1,1,2,1,9,10,9) [ 1.6956000000000004 ]
370:(1,1,1,0,1,2,9,10,9) [ 2.6856 ]
371:(1,0,2,0,2,1,19,9,10) [ 2.6076 ]
372:(1,0,2,0,2,1,18,9,10) [ 2.6074 ]
373:(1,0,2,0,2,1,17,9,10) [ 2.6072 ]
374:(1,0,2,0,2,1,16,9,10) [ 2.607 ]
375:(1,0,2,0,2,1,15,9,10) [ 2.6068000000000002 ]
376:(1,0,2,0,2,1,14,9,10) [ 2.6066000000000003 ]
377:(1,0,2,0,2,1,13,9,10) [ 2.6064000000000003 ]
378:(1,0,2,0,2,1,12,9,10) [ 2.6062000000000003 ]
379:(1,0,2,0,2,1,11,9,10) [ 2.6060000000000003 ]
380:(1,0,2,0,2,1,10,9,10) [ 2.6058000000000003 ]
381:(1,0,2,0,2,1,9,9,10) [ 2.6056000000000004 ]
382:(1,0,0,2,2,1,19,11,10) [ 1.008 ]
383:(1,1,0,1,1,2,19,11,10) [ 2.0880000000000005 ]
384:(1,0,0,2,2,1,18,11,10) [ 0.9878 ]
385:(1,1,0,1,1,2,18,11,10) [ 2.0578 ]
386:(1,0,0,2,2,1,17,11,10) [ 0.9676000000000001 ]
387:(1,1,0,1,1,2,17,11,10) [ 2.0276 ]
388:(1,0,0,2,2,1,16,11,10) [ 0.9474000000000001 ]
389:(1,1,0,1,1,2,16,11,10) [ 1.9974 ]
390:(1,0,0,2,2,1,15,11,10) [ 0.9271999999999999 ]
391:(1,1,0,1,1,2,15,11,10) [ 1.9672 ]
392:(1,0,0,2,2,1,14,11,10) [ 0.907 ]
393:(1,1,0,1,1,2,14,11,10) [ 1.937 ]
394:(1,0,0,2,2,1,13,11,10) [ 0.8867999999999999 ]
395:(1,1,0,1,1,2,13,11,10) [ 1.9068000000000003 ]
396:(1,0,0,2,2,1,12,11,10) [ 0.8665999999999999 ]
397:(1,1,0,1,1,2,12,11,10) [ 1.8766 ]
398:(1,0,0,2,2,1,11,11,10) [ 0.8463999999999999 ]
399:(1,1,0,1,1,2,11,11,10) [ 1.8464000000000003 ]
400:(1,0,0,2,2,1,10,11,10) [ 0.8261999999999999 ]
401:(1,1,0,1,1,2,10,11,10) [ 1.8162000000000003 ]
402:(1,0,0,2,2,1,9,11,10) [ 0.8059999999999999 ]
403:(1,1,0,1,1,2,9,11,10) [ 1.786 ]
404:(1,0,1,0,2,2,17,10,10) [ 1.6074 ]
405:(1,0,1,2,2,0,19,10,10) [ 1.9878 ]
406:(1,0,1,0,2,2,16,10,10) [ 1.6072 ]
407:(1,0,1,2,2,0,18,10,10) [ 1.9676 ]
408:(1,0,1,0,2,2,15,10,10) [ 1.607 ]
409:(1,0,1,2,2,0,17,10,10) [ 1.9474 ]
410:(1,0,1,0,2,2,14,10,10) [ 1.6068 ]
411:(1,0,1,2,2,0,16,10,10) [ 1.9272 ]
412:(1,0,1,0,2,2,13,10,10) [ 1.6066 ]
413:(1,0,1,2,2,0,15,10,10) [ 1.907 ]
414:(1,0,1,0,2,2,12,10,10) [ 1.6064 ]
415:(1,0,1,2,2,0,14,10,10) [ 1.8868 ]
416:(1,0,1,0,2,2,11,10,10) [ 1.6062 ]
417:(1,0,1,2,2,0,13,10,10) [ 1.8666 ]
418:(1,0,1,0,2,2,10,10,10) [ 1.606 ]
419:(1,0,1,2,2,0,12,10,10) [ 1.8464 ]
420:(1,0,1,0,2,2,9,10,10) [ 1.6058000000000001 ]
421:(1,0,1,2,2,0,11,10,10) [ 1.8262 ]
422:(1,0,1,0,2,2,8,10,10) [ 1.6056 ]
423:(1,0,1,2,2,0,10,10,10) [ 1.806 ]
424:(1,2,1,0,0,2,19,10,10) [ 4.1678 ]
425:(1,2,1,0,0,2,18,10,10) [ 4.1276 ]
426:(1,2,1,0,0,2,17,10,10) [ 4.0874 ]
427:(1,2,1,0,0,2,16,10,10) [ 4.0472 ]
428:(1,2,1,0,0,2,15,10,10) [ 4.007 ]
429:(1,2,1,0,0,2,14,10,10) [ 3.9668 ]
430:(1,2,1,0,0,2,13,10,10) [ 3.9265999999999996 ]
431:(1,2,1,0,0,2,12,10,10) [ 3.8863999999999996 ]
432:(1,2,1,0,0,2,11,10,10) [ 3.8461999999999996 ]
433:(1,2,1,0,0,2,10,10,10) [ 3.8059999999999996 ]
434:(1,0,1,1,2,1,20,10,10) [ 1.4080000000000001 TARGET ]
435:(1,1,1,0,1,2,20,10,10) [ 2.508 TARGET ]
436:(1,2,1,1,0,1,20,10,10) [ 4.208 TARGET ]
437:(1,1,1,2,1,0,20,10,10) [ 3.108 TARGET ]
438:(1,0,1,1,2,1,20,11,10) [ 1.4182000000000001 TARGET ]
439:(1,1,1,0,1,2,20,11,10) [ 2.5081999999999995 TARGET ]
440:(1,0,1,1,2,1,20,9,10) [ 1.3978000000000002 TARGET ]
441:(1,1,1,0,1,2,20,9,10) [ 2.5077999999999996 TARGET ]
442:(1,0,0,2,2,1,20,11,11) [ 0.6284000000000001 TARGET ]
443:(1,1,0,1,1,2,20,11,11) [ 1.7184000000000001 TARGET ]
444:(1,0,1,1,2,1,20,10,9) [ 1.4078000000000002 TARGET ]
445:(1,1,1,0,1,2,20,10,9) [ 2.5078 TARGET ]
446:(1,0,2,0,2,1,20,9,10) [ 2.2077999999999998 TARGET ]
447:(1,0,0,2,2,1,20,11,10) [ 0.6282000000000001 TARGET ]
448:(1,1,0,1,1,2,20,11,10) [ 1.7182000000000002 TARGET ]
449:(1,0,1,0,2,2,18,10,10) [ 1.6076 ]
450:(1,0,1,0,2,2,19,10,10) [ 1.6078 ]
451:(1,0,1,2,2,0,20,10,10) [ 1.7080000000000002 TARGET ]
452:(1,2,1,0,0,2,20,10,10) [ 3.9079999999999995 TARGET ]
453:(-1,-1,-1,-1,-1,-1,-1,-1,-1) [ 0.0 ]