(r,l,rl,g,ga,gbg,gd)
0:(50,2,0,50,0,0,0)
1:(50,2,1,50,0,0,0)
2:(50,2,2,50,0,0,0)
3:(50,2,3,50,0,0,0)
4:(50,2,4,50,0,0,0)
5:(50,2,5,50,0,0,0)
6:(50,2,6,50,0,0,0)
7:(50,2,7,50,0,0,0)
8:(50,2,8,50,0,0,0)
9:(50,2,9,50,0,0,0)
10:(50,2,10,50,0,0,0)
11:(50,2,11,50,0,0,0)
12:(50,2,12,50,0,0,0)
13:(50,2,13,50,0,0,0)
14:(50,2,14,50,0,0,0)
15:(50,2,15,50,0,0,0)
16:(50,2,16,50,0,0,0)
17:(50,2,17,50,0,0,0)
18:(50,2,18,50,0,0,0)
19:(50,2,19,50,0,0,0)
20:(50,2,20,50,0,0,0)
21:(50,2,21,50,0,0,0)
22:(50,2,22,50,0,0,0)
23:(50,2,23,50,0,0,0)
24:(50,2,24,50,0,0,0)
25:(50,2,23,49,1,1,0)
26:(50,2,22,48,2,2,0)
27:(50,2,23,48,2,2,0)
28:(50,2,22,47,3,3,0)
29:(50,2,23,47,3,3,0)
30:(50,2,24,47,3,3,0)
31:(50,2,23,46,4,4,0)
32:(50,2,22,45,5,5,0)
33:(50,2,23,45,5,5,0)
34:(50,2,22,44,6,6,0)
35:(50,2,21,43,7,7,0)
36:(50,2,20,42,8,8,0)
37:(50,2,19,41,9,9,0)
38:(50,2,20,41,9,9,0)
39:(50,2,21,41,9,9,0)
40:(50,2,20,40,10,10,0)
41:(50,2,21,40,10,10,0)
42:(50,2,20,39,11,11,0)
43:(50,2,19,38,12,12,0)
44:(50,2,18,37,13,13,0)
45:(50,2,17,36,14,14,0)
46:(50,2,18,36,14,14,0)
47:(50,2,19,36,14,14,0)
48:(50,2,18,35,15,15,0)
49:(50,2,17,34,16,16,0)
50:(50,2,16,33,17,17,0)
51:(50,2,15,32,18,18,0)
52:(50,2,14,31,19,19,0)
53:(50,2,15,31,19,19,0)
54:(50,2,14,30,20,20,0)
55:(50,2,15,30,20,20,0)
56:(50,2,14,29,21,21,0)
57:(50,2,13,28,22,22,0)
58:(50,2,12,27,23,23,0)
59:(50,2,13,27,23,23,0)
60:(50,2,12,26,24,24,0)
61:(50,2,13,26,24,24,0)
62:(50,2,12,25,25,25,0)
63:(50,2,13,25,25,25,0)
64:(50,2,12,24,26,26,0)
65:(50,2,11,23,27,27,0)
66:(50,2,12,23,27,27,0)
67:(50,2,13,23,27,27,0)
68:(50,2,12,22,28,28,0)
69:(50,2,13,22,28,28,0)
70:(50,2,12,21,29,29,0)
71:(50,2,11,20,30,30,0)
72:(50,2,12,20,30,30,0)
73:(50,2,11,19,31,31,0)
74:(50,2,12,19,31,31,0)
75:(50,2,11,18,32,32,0)
76:(50,2,10,17,33,33,0)
77:(50,2,9,16,34,34,0)
78:(50,2,8,15,35,35,0)
79:(50,2,7,14,36,36,0)
80:(50,2,8,14,36,36,0)
81:(50,2,7,13,37,37,0)
82:(50,2,6,12,38,38,0)
83:(50,2,5,11,39,39,0)
84:(50,2,6,11,39,39,0)
85:(50,2,5,10,40,40,0)
86:(49,2,6,10,40,40,0)
87:(48,2,7,10,40,40,0)
88:(48,2,6,9,41,41,0)
89:(48,2,5,8,42,42,0)
90:(48,2,6,8,42,42,0)
91:(48,2,5,7,43,43,0)
92:(48,2,4,6,44,44,0)
93:(48,2,3,5,45,45,0)
94:(47,2,4,5,45,45,0)
95:(47,2,3,4,46,46,0)
96:(47,2,2,3,47,47,0)
97:(47,2,1,2,48,48,0)
98:(47,2,0,1,49,49,0)
99:(46,2,1,1,49,49,0)
100:(46,2,0,0,50,50,0)
101:(47,2,0,0,50,50,0)
102:(45,2,1,0,50,50,0)
103:(45,2,2,0,50,50,0)
104:(47,2,1,1,49,49,0)
105:(45,2,2,1,49,49,0)
106:(45,2,3,1,49,49,0)
107:(48,2,0,1,49,49,0)
108:(46,2,2,1,49,49,0)
109:(48,2,1,2,48,48,0)
110:(46,2,2,2,48,48,0)
111:(46,2,3,2,48,48,0)
112:(48,2,2,3,47,47,0)
113:(46,2,3,3,47,47,0)
114:(46,2,4,3,47,47,0)
115:(48,2,3,4,46,46,0)
116:(46,2,4,4,46,46,0)
117:(46,2,5,4,46,46,0)
118:(48,2,4,5,45,45,0)
119:(46,2,5,5,45,45,0)
120:(46,2,6,5,45,45,0)
121:(49,2,3,5,45,45,0)
122:(47,2,5,5,45,45,0)
123:(49,2,4,6,44,44,0)
124:(47,2,5,6,44,44,0)
125:(47,2,6,6,44,44,0)
126:(49,2,5,7,43,43,0)
127:(47,2,6,7,43,43,0)
128:(47,2,7,7,43,43,0)
129:(49,2,6,8,42,42,0)
130:(47,2,7,8,42,42,0)
131:(47,2,8,8,42,42,0)
132:(49,2,5,8,42,42,0)
133:(47,2,6,8,42,42,0)
134:(49,2,6,9,41,41,0)
135:(47,2,7,9,41,41,0)
136:(47,2,8,9,41,41,0)
137:(49,2,7,10,40,40,0)
138:(47,2,8,10,40,40,0)
139:(47,2,9,10,40,40,0)
140:(50,2,6,10,40,40,0)
141:(48,2,8,10,40,40,0)
142:(51,2,5,10,40,40,0)
143:(51,2,6,11,39,39,0)
144:(49,2,7,11,39,39,0)
145:(49,2,8,11,39,39,0)
146:(51,2,5,11,39,39,0)
147:(49,2,6,11,39,39,0)
148:(51,2,6,12,38,38,0)
149:(49,2,7,12,38,38,0)
150:(49,2,8,12,38,38,0)
151:(51,2,7,13,37,37,0)
152:(49,2,8,13,37,37,0)
153:(49,2,9,13,37,37,0)
154:(51,2,8,14,36,36,0)
155:(49,2,9,14,36,36,0)
156:(49,2,10,14,36,36,0)
157:(51,2,7,14,36,36,0)
158:(49,2,8,14,36,36,0)
159:(51,2,8,15,35,35,0)
160:(49,2,9,15,35,35,0)
161:(49,2,10,15,35,35,0)
162:(51,2,9,16,34,34,0)
163:(49,2,10,16,34,34,0)
164:(49,2,11,16,34,34,0)
165:(51,2,10,17,33,33,0)
166:(49,2,11,17,33,33,0)
167:(49,2,12,17,33,33,0)
168:(51,2,11,18,32,32,0)
169:(49,2,12,18,32,32,0)
170:(49,2,13,18,32,32,0)
171:(51,2,12,19,31,31,0)
172:(49,2,13,19,31,31,0)
173:(49,2,14,19,31,31,0)
174:(51,2,11,19,31,31,0)
175:(49,2,12,19,31,31,0)
176:(51,2,12,20,30,30,0)
177:(49,2,13,20,30,30,0)
178:(49,2,14,20,30,30,0)
179:(51,2,11,20,30,30,0)
180:(49,2,12,20,30,30,0)
181:(51,2,12,21,29,29,0)
182:(49,2,13,21,29,29,0)
183:(49,2,14,21,29,29,0)
184:(51,2,13,22,28,28,0)
185:(49,2,14,22,28,28,0)
186:(49,2,15,22,28,28,0)
187:(51,2,12,22,28,28,0)
188:(49,2,13,22,28,28,0)
189:(51,2,13,23,27,27,0)
190:(49,2,14,23,27,27,0)
191:(49,2,15,23,27,27,0)
192:(51,2,12,23,27,27,0)
193:(49,2,13,23,27,27,0)
194:(51,2,11,23,27,27,0)
195:(49,2,12,23,27,27,0)
196:(51,2,12,24,26,26,0)
197:(49,2,13,24,26,26,0)
198:(49,2,14,24,26,26,0)
199:(51,2,13,25,25,25,0)
200:(49,2,14,25,25,25,0)
201:(49,2,15,25,25,25,0)
202:(51,2,12,25,25,25,0)
203:(49,2,13,25,25,25,0)
204:(51,2,13,26,24,24,0)
205:(49,2,14,26,24,24,0)
206:(49,2,15,26,24,24,0)
207:(51,2,12,26,24,24,0)
208:(49,2,13,26,24,24,0)
209:(51,2,13,27,23,23,0)
210:(49,2,14,27,23,23,0)
211:(49,2,15,27,23,23,0)
212:(51,2,12,27,23,23,0)
213:(49,2,13,27,23,23,0)
214:(51,2,13,28,22,22,0)
215:(49,2,14,28,22,22,0)
216:(49,2,15,28,22,22,0)
217:(51,2,14,29,21,21,0)
218:(49,2,15,29,21,21,0)
219:(49,2,16,29,21,21,0)
220:(51,2,15,30,20,20,0)
221:(49,2,16,30,20,20,0)
222:(49,2,17,30,20,20,0)
223:(51,2,14,30,20,20,0)
224:(49,2,15,30,20,20,0)
225:(51,2,15,31,19,19,0)
226:(49,2,16,31,19,19,0)
227:(49,2,17,31,19,19,0)
228:(51,2,14,31,19,19,0)
229:(49,2,15,31,19,19,0)
230:(51,2,15,32,18,18,0)
231:(49,2,16,32,18,18,0)
232:(49,2,17,32,18,18,0)
233:(51,2,16,33,17,17,0)
234:(49,2,17,33,17,17,0)
235:(49,2,18,33,17,17,0)
236:(51,2,17,34,16,16,0)
237:(49,2,18,34,16,16,0)
238:(49,2,19,34,16,16,0)
239:(51,2,18,35,15,15,0)
240:(49,2,19,35,15,15,0)
241:(49,2,20,35,15,15,0)
242:(51,2,19,36,14,14,0)
243:(49,2,20,36,14,14,0)
244:(49,2,21,36,14,14,0)
245:(51,2,18,36,14,14,0)
246:(49,2,19,36,14,14,0)
247:(51,2,17,36,14,14,0)
248:(49,2,18,36,14,14,0)
249:(51,2,18,37,13,13,0)
250:(49,2,19,37,13,13,0)
251:(49,2,20,37,13,13,0)
252:(51,2,19,38,12,12,0)
253:(49,2,20,38,12,12,0)
254:(49,2,21,38,12,12,0)
255:(51,2,20,39,11,11,0)
256:(49,2,21,39,11,11,0)
257:(49,2,22,39,11,11,0)
258:(51,2,21,40,10,10,0)
259:(49,2,22,40,10,10,0)
260:(49,2,23,40,10,10,0)
261:(51,2,20,40,10,10,0)
262:(49,2,21,40,10,10,0)
263:(51,2,21,41,9,9,0)
264:(49,2,22,41,9,9,0)
265:(49,2,23,41,9,9,0)
266:(51,2,20,41,9,9,0)
267:(49,2,21,41,9,9,0)
268:(51,2,19,41,9,9,0)
269:(49,2,20,41,9,9,0)
270:(51,2,20,42,8,8,0)
271:(49,2,21,42,8,8,0)
272:(49,2,22,42,8,8,0)
273:(51,2,21,43,7,7,0)
274:(49,2,22,43,7,7,0)
275:(49,2,23,43,7,7,0)
276:(51,2,22,44,6,6,0)
277:(49,2,23,44,6,6,0)
278:(49,2,24,44,6,6,0)
279:(51,2,23,45,5,5,0)
280:(49,2,24,45,5,5,0)
281:(49,2,25,45,5,5,0)
282:(51,2,22,45,5,5,0)
283:(49,2,23,45,5,5,0)
284:(51,2,23,46,4,4,0)
285:(49,2,24,46,4,4,0)
286:(49,2,25,46,4,4,0)
287:(51,2,24,47,3,3,0)
288:(49,2,25,47,3,3,0)
289:(49,2,26,47,3,3,0)
290:(51,2,23,47,3,3,0)
291:(49,2,24,47,3,3,0)
292:(51,2,22,47,3,3,0)
293:(49,2,23,47,3,3,0)
294:(51,2,23,48,2,2,0)
295:(49,2,24,48,2,2,0)
296:(49,2,25,48,2,2,0)
297:(51,2,22,48,2,2,0)
298:(49,2,23,48,2,2,0)
299:(51,2,23,49,1,1,0)
300:(49,2,24,49,1,1,0)
301:(49,2,25,49,1,1,0)
302:(51,2,24,50,0,0,0)
303:(49,2,25,50,0,0,0)
304:(49,2,26,50,0,0,0)
305:(51,2,23,50,0,0,0)
306:(49,2,24,50,0,0,0)
307:(51,2,22,50,0,0,0)
308:(49,2,23,50,0,0,0)
309:(51,2,21,50,0,0,0)
310:(49,2,22,50,0,0,0)
311:(51,2,20,50,0,0,0)
312:(49,2,21,50,0,0,0)
313:(51,2,19,50,0,0,0)
314:(49,2,20,50,0,0,0)
315:(51,2,18,50,0,0,0)
316:(49,2,19,50,0,0,0)
317:(51,2,17,50,0,0,0)
318:(49,2,18,50,0,0,0)
319:(51,2,16,50,0,0,0)
320:(49,2,17,50,0,0,0)
321:(51,2,15,50,0,0,0)
322:(49,2,16,50,0,0,0)
323:(51,2,14,50,0,0,0)
324:(49,2,15,50,0,0,0)
325:(51,2,13,50,0,0,0)
326:(49,2,14,50,0,0,0)
327:(51,2,12,50,0,0,0)
328:(49,2,13,50,0,0,0)
329:(51,2,11,50,0,0,0)
330:(49,2,12,50,0,0,0)
331:(51,2,10,50,0,0,0)
332:(49,2,11,50,0,0,0)
333:(51,2,9,50,0,0,0)
334:(49,2,10,50,0,0,0)
335:(51,2,8,50,0,0,0)
336:(49,2,9,50,0,0,0)
337:(51,2,7,50,0,0,0)
338:(49,2,8,50,0,0,0)
339:(51,2,6,50,0,0,0)
340:(49,2,7,50,0,0,0)
341:(51,2,5,50,0,0,0)
342:(49,2,6,50,0,0,0)
343:(51,2,4,50,0,0,0)
344:(49,2,5,50,0,0,0)
345:(51,2,3,50,0,0,0)
346:(49,2,4,50,0,0,0)
347:(51,2,2,50,0,0,0)
348:(49,2,3,50,0,0,0)
349:(51,2,1,50,0,0,0)
350:(49,2,2,50,0,0,0)
351:(51,2,0,50,0,0,0)
352:(50,2,0,50,0,0,0)
353:(49,2,1,50,0,0,0)
354:(-1,-1,-1,-1,-1,-1,-1)