(s1,s2,s3,s4,s5,s6)
0:(1,50,0,1,50,0)
1:(1,50,0,0,49,1)
2:(1,51,0,1,49,0)
3:(1,51,0,0,48,1)
4:(0,50,1,0,48,1)
5:(0,51,1,1,48,0)
6:(0,51,1,0,47,1)
7:(1,52,0,1,48,0)
8:(1,52,0,0,47,1)
9:(1,53,0,1,47,0)
10:(1,53,0,0,46,1)
11:(1,54,0,1,46,0)
12:(1,54,0,0,45,1)
13:(1,55,0,1,45,0)
14:(1,55,0,0,44,1)
15:(1,56,0,1,44,0)
16:(1,56,0,0,43,1)
17:(1,57,0,1,43,0)
18:(1,57,0,0,42,1)
19:(1,58,0,1,42,0)
20:(1,58,0,0,41,1)
21:(1,59,0,1,41,0)
22:(1,59,0,0,40,1)
23:(1,60,0,1,40,0)
24:(1,60,0,0,39,1)
25:(1,61,0,1,39,0)
26:(1,61,0,0,38,1)
27:(1,62,0,1,38,0)
28:(1,62,0,0,37,1)
29:(1,63,0,1,37,0)
30:(0,62,1,1,37,0)
31:(0,62,1,0,36,1)
32:(0,63,1,1,36,0)
33:(1,64,0,1,36,0)
34:(1,64,0,0,35,1)
35:(1,65,0,1,35,0)
36:(1,65,0,0,34,1)
37:(1,66,0,1,34,0)
38:(1,66,0,0,33,1)
39:(1,67,0,1,33,0)
40:(1,67,0,0,32,1)
41:(1,68,0,1,32,0)
42:(1,68,0,0,31,1)
43:(1,69,0,1,31,0)
44:(1,69,0,0,30,1)
45:(1,70,0,1,30,0)
46:(1,70,0,0,29,1)
47:(1,71,0,1,29,0)
48:(1,71,0,0,28,1)
49:(1,72,0,1,28,0)
50:(1,72,0,0,27,1)
51:(0,71,1,0,27,1)
52:(0,72,1,1,27,0)
53:(0,72,1,0,26,1)
54:(0,73,1,1,26,0)
55:(0,73,1,0,25,1)
56:(-1,-1,-1,-1,-1,-1)