(r,l,rl,g,ga,gbg,gd)
0:(50,2,0,50,0,0,0)
1:(50,2,1,50,0,0,0)
2:(50,2,2,50,0,0,0)
3:(50,2,3,50,0,0,0)
4:(50,2,4,50,0,0,0)
5:(50,2,5,50,0,0,0)
6:(50,2,6,50,0,0,0)
7:(50,2,7,50,0,0,0)
8:(50,2,8,50,0,0,0)
9:(50,2,9,50,0,0,0)
10:(50,2,10,50,0,0,0)
11:(50,2,11,50,0,0,0)
12:(50,2,12,50,0,0,0)
13:(50,2,13,50,0,0,0)
14:(50,2,14,50,0,0,0)
15:(50,2,15,50,0,0,0)
16:(50,2,16,50,0,0,0)
17:(50,2,17,50,0,0,0)
18:(50,2,18,50,0,0,0)
19:(50,2,19,50,0,0,0)
20:(50,2,20,50,0,0,0)
21:(50,2,21,50,0,0,0)
22:(50,2,22,50,0,0,0)
23:(50,2,23,50,0,0,0)
24:(50,2,24,50,0,0,0)
25:(50,2,23,49,1,1,0)
26:(50,2,22,48,2,2,0)
27:(50,2,23,48,2,2,0)
28:(50,2,22,47,3,3,0)
29:(50,2,23,47,3,3,0)
30:(50,2,24,47,3,3,0)
31:(50,2,23,46,4,4,0)
32:(50,2,22,45,5,5,0)
33:(50,2,23,45,5,5,0)
34:(50,2,22,44,6,6,0)
35:(50,2,21,43,7,7,0)
36:(50,2,20,42,8,8,0)
37:(50,2,19,41,9,9,0)
38:(50,2,20,41,9,9,0)
39:(50,2,21,41,9,9,0)
40:(50,2,20,40,10,10,0)
41:(50,2,21,40,10,10,0)
42:(50,2,20,39,11,11,0)
43:(50,2,19,38,12,12,0)
44:(50,2,18,37,13,13,0)
45:(50,2,17,36,14,14,0)
46:(50,2,18,36,14,14,0)
47:(50,2,19,36,14,14,0)
48:(50,2,18,35,15,15,0)
49:(50,2,17,34,16,16,0)
50:(50,2,16,33,17,17,0)
51:(50,2,15,32,18,18,0)
52:(50,2,14,31,19,19,0)
53:(50,2,15,31,19,19,0)
54:(50,2,14,30,20,20,0)
55:(50,2,15,30,20,20,0)
56:(50,2,14,29,21,21,0)
57:(50,2,13,28,22,22,0)
58:(50,2,12,27,23,23,0)
59:(50,2,13,27,23,23,0)
60:(50,2,12,26,24,24,0)
61:(50,2,13,26,24,24,0)
62:(50,2,12,25,25,25,0)
63:(50,2,13,25,25,25,0)
64:(50,2,12,24,26,26,0)
65:(50,2,11,23,27,27,0)
66:(50,2,12,23,27,27,0)
67:(50,2,13,23,27,27,0)
68:(50,2,12,22,28,28,0)
69:(50,2,13,22,28,28,0)
70:(50,2,12,21,29,29,0)
71:(50,2,11,20,30,30,0)
72:(50,2,12,20,30,30,0)
73:(50,2,11,19,31,31,0)
74:(50,2,12,19,31,31,0)
75:(50,2,11,18,32,32,0)
76:(50,2,10,17,33,33,0)
77:(50,2,9,16,34,34,0)
78:(50,2,8,15,35,35,0)
79:(50,2,7,14,36,36,0)
80:(50,2,8,14,36,36,0)
81:(50,2,7,13,37,37,0)
82:(50,2,6,12,38,38,0)
83:(50,2,5,11,39,39,0)
84:(50,2,6,11,39,39,0)
85:(50,2,5,10,40,40,0)
86:(49,2,6,10,40,40,0)
87:(48,2,7,10,40,40,0)
88:(48,2,6,9,41,41,0)
89:(48,2,5,8,42,42,0)
90:(48,2,6,8,42,42,0)
91:(48,2,5,7,43,43,0)
92:(48,2,4,6,44,44,0)
93:(48,2,3,5,45,45,0)
94:(47,2,4,5,45,45,0)
95:(47,2,3,4,46,46,0)
96:(47,2,2,3,47,47,0)
97:(47,2,1,2,48,48,0)
98:(47,2,0,1,49,49,0)
99:(46,2,1,1,49,49,0)
100:(46,2,0,0,50,50,0)
101:(47,2,0,0,50,50,0)
102:(45,2,1,0,50,50,0)
103:(45,2,2,0,50,50,0)
104:(47,2,1,1,49,49,0)
105:(45,2,2,1,49,49,0)
106:(45,2,3,1,49,49,0)
107:(48,2,0,1,49,49,0)
108:(46,2,2,1,49,49,0)
109:(48,2,1,2,48,48,0)
110:(46,2,2,2,48,48,0)
111:(46,2,3,2,48,48,0)
112:(48,2,2,3,47,47,0)
113:(46,2,3,3,47,47,0)
114:(46,2,4,3,47,47,0)
115:(48,2,3,4,46,46,0)
116:(46,2,4,4,46,46,0)
117:(46,2,5,4,46,46,0)
118:(48,2,4,5,45,45,0)
119:(46,2,5,5,45,45,0)
120:(46,2,6,5,45,45,0)
121:(49,2,3,5,45,45,0)
122:(47,2,5,5,45,45,0)
123:(49,2,4,6,44,44,0)
124:(47,2,5,6,44,44,0)
125:(47,2,6,6,44,44,0)
126:(49,2,5,7,43,43,0)
127:(47,2,6,7,43,43,0)
128:(47,2,7,7,43,43,0)
129:(49,2,6,8,42,42,0)
130:(47,2,7,8,42,42,0)
131:(47,2,8,8,42,42,0)
132:(49,2,5,8,42,42,0)
133:(47,2,6,8,42,42,0)
134:(49,2,6,9,41,41,0)
135:(47,2,7,9,41,41,0)
136:(47,2,8,9,41,41,0)
137:(49,2,7,10,40,40,0)
138:(47,2,8,10,40,40,0)
139:(47,2,9,10,40,40,0)
140:(50,2,6,10,40,40,0)
141:(48,2,8,10,40,40,0)
142:(51,2,5,10,40,40,0)
143:(51,2,6,11,39,39,0)
144:(49,2,7,11,39,39,0)
145:(49,2,8,11,39,39,0)
146:(51,2,5,11,39,39,0)
147:(49,2,6,11,39,39,0)
148:(51,2,6,12,38,38,0)
149:(49,2,7,12,38,38,0)
150:(49,2,8,12,38,38,0)
151:(51,2,7,13,37,37,0)
152:(49,2,8,13,37,37,0)
153:(49,2,9,13,37,37,0)
154:(51,2,8,14,36,36,0)
155:(49,2,9,14,36,36,0)
156:(49,2,10,14,36,36,0)
157:(51,2,7,14,36,36,0)
158:(49,2,8,14,36,36,0)
159:(51,2,8,15,35,35,0)
160:(49,2,9,15,35,35,0)
161:(49,2,10,15,35,35,0)
162:(51,2,9,16,34,34,0)
163:(49,2,10,16,34,34,0)
164:(49,2,11,16,34,34,0)
165:(51,2,10,17,33,33,0)
166:(49,2,11,17,33,33,0)
167:(49,2,12,17,33,33,0)
168:(51,2,11,18,32,32,0)
169:(49,2,12,18,32,32,0)
170:(49,2,13,18,32,32,0)
171:(51,2,12,19,31,31,0)
172:(49,2,13,19,31,31,0)
173:(49,2,14,19,31,31,0)
174:(51,2,11,19,31,31,0)
175:(49,2,12,19,31,31,0)
176:(51,2,12,20,30,30,0)
177:(49,2,13,20,30,30,0)
178:(49,2,14,20,30,30,0)
179:(51,2,11,20,30,30,0)
180:(49,2,12,20,30,30,0)
181:(51,2,12,21,29,29,0)
182:(49,2,13,21,29,29,0)
183:(49,2,14,21,29,29,0)
184:(51,2,13,22,28,28,0)
185:(49,2,14,22,28,28,0)
186:(49,2,15,22,28,28,0)
187:(51,2,12,22,28,28,0)
188:(49,2,13,22,28,28,0)
189:(51,2,13,23,27,27,0)
190:(49,2,14,23,27,27,0)
191:(49,2,15,23,27,27,0)
192:(51,2,12,23,27,27,0)
193:(49,2,13,23,27,27,0)
194:(51,2,11,23,27,27,0)
195:(49,2,12,23,27,27,0)
196:(51,2,12,24,26,26,0)
197:(49,2,13,24,26,26,0)
198:(49,2,14,24,26,26,0)
199:(51,2,13,25,25,25,0)
200:(49,2,14,25,25,25,0)
201:(49,2,15,25,25,25,0)
202:(51,2,12,25,25,25,0)
203:(49,2,13,25,25,25,0)
204:(51,2,13,26,24,24,0)
205:(49,2,14,26,24,24,0)
206:(49,2,15,26,24,24,0)
207:(51,2,12,26,24,24,0)
208:(49,2,13,26,24,24,0)
209:(51,2,13,27,23,23,0)
210:(49,2,14,27,23,23,0)
211:(49,2,15,27,23,23,0)
212:(51,2,12,27,23,23,0)
213:(49,2,13,27,23,23,0)
214:(51,2,13,28,22,22,0)
215:(49,2,14,28,22,22,0)
216:(49,2,15,28,22,22,0)
217:(51,2,14,29,21,21,0)
218:(49,2,15,29,21,21,0)
219:(49,2,16,29,21,21,0)
220:(51,2,15,30,20,20,0)
221:(49,2,16,30,20,20,0)
222:(49,2,17,30,20,20,0)
223:(51,2,14,30,20,20,0)
224:(49,2,15,30,20,20,0)
225:(51,2,15,31,19,19,0)
226:(49,2,16,31,19,19,0)
227:(49,2,17,31,19,19,0)
228:(51,2,14,31,19,19,0)
229:(49,2,15,31,19,19,0)
230:(51,2,15,32,18,18,0)
231:(49,2,16,32,18,18,0)
232:(49,2,17,32,18,18,0)
233:(51,2,16,33,17,17,0)
234:(49,2,17,33,17,17,0)
235:(49,2,18,33,17,17,0)
236:(51,2,17,34,16,16,0)
237:(49,2,18,34,16,16,0)
238:(49,2,19,34,16,16,0)
239:(51,2,18,35,15,15,0)
240:(49,2,19,35,15,15,0)
241:(49,2,20,35,15,15,0)
242:(51,2,19,36,14,14,0)
243:(49,2,20,36,14,14,0)
244:(49,2,21,36,14,14,0)
245:(51,2,18,36,14,14,0)
246:(49,2,19,36,14,14,0)
247:(51,2,17,36,14,14,0)
248:(49,2,18,36,14,14,0)
249:(51,2,18,37,13,13,0)
250:(49,2,19,37,13,13,0)
251:(49,2,20,37,13,13,0)
252:(51,2,19,38,12,12,0)
253:(49,2,20,38,12,12,0)
254:(49,2,21,38,12,12,0)
255:(51,2,20,39,11,11,0)
256:(49,2,21,39,11,11,0)
257:(49,2,22,39,11,11,0)
258:(51,2,21,40,10,10,0)
259:(49,2,22,40,10,10,0)
260:(49,2,23,40,10,10,0)
261:(51,2,20,40,10,10,0)
262:(49,2,21,40,10,10,0)
263:(51,2,21,41,9,9,0)
264:(49,2,22,41,9,9,0)
265:(49,2,23,41,9,9,0)
266:(51,2,20,41,9,9,0)
267:(49,2,21,41,9,9,0)
268:(51,2,19,41,9,9,0)
269:(49,2,20,41,9,9,0)
270:(51,2,20,42,8,8,0)
271:(49,2,21,42,8,8,0)
272:(49,2,22,42,8,8,0)
273:(51,2,21,43,7,7,0)
274:(49,2,22,43,7,7,0)
275:(49,2,23,43,7,7,0)
276:(51,2,22,44,6,6,0)
277:(49,2,23,44,6,6,0)
278:(49,2,24,44,6,6,0)
279:(51,2,23,45,5,5,0)
280:(49,2,24,45,5,5,0)
281:(49,2,25,45,5,5,0)
282:(51,2,22,45,5,5,0)
283:(49,2,23,45,5,5,0)
284:(51,2,23,46,4,4,0)
285:(49,2,24,46,4,4,0)
286:(49,2,25,46,4,4,0)
287:(51,2,24,47,3,3,0)
288:(49,2,25,47,3,3,0)
289:(49,2,26,47,3,3,0)
290:(51,2,23,47,3,3,0)
291:(49,2,24,47,3,3,0)
292:(51,2,22,47,3,3,0)
293:(49,2,23,47,3,3,0)
294:(51,2,23,48,2,2,0)
295:(49,2,24,48,2,2,0)
296:(49,2,25,48,2,2,0)
297:(51,2,22,48,2,2,0)
298:(49,2,23,48,2,2,0)
299:(51,2,23,49,1,1,0)
300:(49,2,24,49,1,1,0)
301:(49,2,25,49,1,1,0)
302:(51,2,24,50,0,0,0)
303:(49,2,25,50,0,0,0)
304:(49,2,26,50,0,0,0)
305:(51,2,23,50,0,0,0)
306:(49,2,24,50,0,0,0)
307:(51,2,22,50,0,0,0)
308:(49,2,23,50,0,0,0)
309:(51,2,21,50,0,0,0)
310:(49,2,22,50,0,0,0)
311:(51,2,20,50,0,0,0)
312:(49,2,21,50,0,0,0)
313:(51,2,19,50,0,0,0)
314:(49,2,20,50,0,0,0)
315:(51,2,18,50,0,0,0)
316:(49,2,19,50,0,0,0)
317:(51,2,17,50,0,0,0)
318:(49,2,18,50,0,0,0)
319:(51,2,16,50,0,0,0)
320:(49,2,17,50,0,0,0)
321:(51,2,15,50,0,0,0)
322:(49,2,16,50,0,0,0)
323:(51,2,14,50,0,0,0)
324:(49,2,15,50,0,0,0)
325:(51,2,13,50,0,0,0)
326:(49,2,14,50,0,0,0)
327:(51,2,12,50,0,0,0)
328:(49,2,13,50,0,0,0)
329:(51,2,11,50,0,0,0)
330:(49,2,12,50,0,0,0)
331:(51,2,10,50,0,0,0)
332:(49,2,11,50,0,0,0)
333:(51,2,9,50,0,0,0)
334:(49,2,10,50,0,0,0)
335:(51,2,8,50,0,0,0)
336:(49,2,9,50,0,0,0)
337:(51,2,7,50,0,0,0)
338:(49,2,8,50,0,0,0)
339:(51,2,6,50,0,0,0)
340:(49,2,7,50,0,0,0)
341:(51,2,5,50,0,0,0)
342:(49,2,6,50,0,0,0)
343:(51,2,4,50,0,0,0)
344:(49,2,5,50,0,0,0)
345:(51,2,3,50,0,0,0)
346:(49,2,4,50,0,0,0)
347:(51,2,2,50,0,0,0)
348:(49,2,3,50,0,0,0)
349:(51,2,1,50,0,0,0)
350:(49,2,2,50,0,0,0)
351:(51,2,0,50,0,0,0)
352:(50,2,0,50,0,0,0)
353:(49,2,1,50,0,0,0)
354:(48,2,1,1,49,49,0)
355:(46,2,3,1,49,49,0)
356:(49,2,0,1,49,49,0)
357:(47,2,2,1,49,49,0)
358:(49,2,1,2,48,48,0)
359:(47,2,2,2,48,48,0)
360:(47,2,3,2,48,48,0)
361:(49,2,2,3,47,47,0)
362:(47,2,3,3,47,47,0)
363:(47,2,4,3,47,47,0)
364:(49,2,3,4,46,46,0)
365:(47,2,4,4,46,46,0)
366:(47,2,5,4,46,46,0)
367:(49,2,4,5,45,45,0)
368:(47,2,6,5,45,45,0)
369:(50,2,3,5,45,45,0)
370:(48,2,5,5,45,45,0)
371:(50,2,4,6,44,44,0)
372:(48,2,5,6,44,44,0)
373:(48,2,6,6,44,44,0)
374:(50,2,5,7,43,43,0)
375:(48,2,6,7,43,43,0)
376:(48,2,7,7,43,43,0)
377:(50,2,6,8,42,42,0)
378:(48,2,7,8,42,42,0)
379:(48,2,8,8,42,42,0)
380:(50,2,5,8,42,42,0)
381:(50,2,6,9,41,41,0)
382:(48,2,7,9,41,41,0)
383:(48,2,8,9,41,41,0)
384:(50,2,7,10,40,40,0)
385:(48,2,9,10,40,40,0)
386:(51,2,6,10,40,40,0)
387:(49,2,8,10,40,40,0)
388:(52,2,5,10,40,40,0)
389:(52,2,6,11,39,39,0)
390:(50,2,7,11,39,39,0)
391:(50,2,8,11,39,39,0)
392:(52,2,5,11,39,39,0)
393:(52,2,6,12,38,38,0)
394:(50,2,7,12,38,38,0)
395:(50,2,8,12,38,38,0)
396:(52,2,7,13,37,37,0)
397:(50,2,8,13,37,37,0)
398:(50,2,9,13,37,37,0)
399:(52,2,8,14,36,36,0)
400:(50,2,9,14,36,36,0)
401:(50,2,10,14,36,36,0)
402:(52,2,7,14,36,36,0)
403:(52,2,8,15,35,35,0)
404:(50,2,9,15,35,35,0)
405:(50,2,10,15,35,35,0)
406:(52,2,9,16,34,34,0)
407:(50,2,10,16,34,34,0)
408:(50,2,11,16,34,34,0)
409:(52,2,10,17,33,33,0)
410:(50,2,11,17,33,33,0)
411:(50,2,12,17,33,33,0)
412:(52,2,11,18,32,32,0)
413:(50,2,12,18,32,32,0)
414:(50,2,13,18,32,32,0)
415:(52,2,12,19,31,31,0)
416:(50,2,13,19,31,31,0)
417:(50,2,14,19,31,31,0)
418:(52,2,11,19,31,31,0)
419:(52,2,12,20,30,30,0)
420:(50,2,13,20,30,30,0)
421:(50,2,14,20,30,30,0)
422:(52,2,11,20,30,30,0)
423:(52,2,12,21,29,29,0)
424:(50,2,13,21,29,29,0)
425:(50,2,14,21,29,29,0)
426:(52,2,13,22,28,28,0)
427:(50,2,14,22,28,28,0)
428:(50,2,15,22,28,28,0)
429:(52,2,12,22,28,28,0)
430:(52,2,13,23,27,27,0)
431:(50,2,14,23,27,27,0)
432:(50,2,15,23,27,27,0)
433:(52,2,12,23,27,27,0)
434:(52,2,11,23,27,27,0)
435:(52,2,12,24,26,26,0)
436:(50,2,13,24,26,26,0)
437:(50,2,14,24,26,26,0)
438:(52,2,13,25,25,25,0)
439:(50,2,14,25,25,25,0)
440:(50,2,15,25,25,25,0)
441:(52,2,12,25,25,25,0)
442:(52,2,13,26,24,24,0)
443:(50,2,14,26,24,24,0)
444:(50,2,15,26,24,24,0)
445:(52,2,12,26,24,24,0)
446:(52,2,13,27,23,23,0)
447:(50,2,14,27,23,23,0)
448:(50,2,15,27,23,23,0)
449:(52,2,12,27,23,23,0)
450:(52,2,13,28,22,22,0)
451:(50,2,14,28,22,22,0)
452:(50,2,15,28,22,22,0)
453:(52,2,14,29,21,21,0)
454:(50,2,15,29,21,21,0)
455:(50,2,16,29,21,21,0)
456:(52,2,15,30,20,20,0)
457:(50,2,16,30,20,20,0)
458:(50,2,17,30,20,20,0)
459:(52,2,14,30,20,20,0)
460:(52,2,15,31,19,19,0)
461:(50,2,16,31,19,19,0)
462:(50,2,17,31,19,19,0)
463:(52,2,14,31,19,19,0)
464:(52,2,15,32,18,18,0)
465:(50,2,16,32,18,18,0)
466:(50,2,17,32,18,18,0)
467:(52,2,16,33,17,17,0)
468:(50,2,17,33,17,17,0)
469:(50,2,18,33,17,17,0)
470:(52,2,17,34,16,16,0)
471:(50,2,18,34,16,16,0)
472:(50,2,19,34,16,16,0)
473:(52,2,18,35,15,15,0)
474:(50,2,19,35,15,15,0)
475:(50,2,20,35,15,15,0)
476:(52,2,19,36,14,14,0)
477:(50,2,20,36,14,14,0)
478:(50,2,21,36,14,14,0)
479:(52,2,18,36,14,14,0)
480:(52,2,17,36,14,14,0)
481:(52,2,18,37,13,13,0)
482:(50,2,19,37,13,13,0)
483:(50,2,20,37,13,13,0)
484:(52,2,19,38,12,12,0)
485:(50,2,20,38,12,12,0)
486:(50,2,21,38,12,12,0)
487:(52,2,20,39,11,11,0)
488:(50,2,21,39,11,11,0)
489:(50,2,22,39,11,11,0)
490:(52,2,21,40,10,10,0)
491:(50,2,22,40,10,10,0)
492:(50,2,23,40,10,10,0)
493:(52,2,20,40,10,10,0)
494:(52,2,21,41,9,9,0)
495:(50,2,22,41,9,9,0)
496:(50,2,23,41,9,9,0)
497:(52,2,20,41,9,9,0)
498:(52,2,19,41,9,9,0)
499:(52,2,20,42,8,8,0)
500:(50,2,21,42,8,8,0)
501:(50,2,22,42,8,8,0)
502:(52,2,21,43,7,7,0)
503:(50,2,22,43,7,7,0)
504:(50,2,23,43,7,7,0)
505:(52,2,22,44,6,6,0)
506:(50,2,23,44,6,6,0)
507:(50,2,24,44,6,6,0)
508:(52,2,23,45,5,5,0)
509:(50,2,24,45,5,5,0)
510:(50,2,25,45,5,5,0)
511:(52,2,22,45,5,5,0)
512:(52,2,23,46,4,4,0)
513:(50,2,24,46,4,4,0)
514:(50,2,25,46,4,4,0)
515:(52,2,24,47,3,3,0)
516:(50,2,25,47,3,3,0)
517:(50,2,26,47,3,3,0)
518:(52,2,23,47,3,3,0)
519:(52,2,22,47,3,3,0)
520:(52,2,23,48,2,2,0)
521:(50,2,24,48,2,2,0)
522:(50,2,25,48,2,2,0)
523:(52,2,22,48,2,2,0)
524:(52,2,23,49,1,1,0)
525:(50,2,24,49,1,1,0)
526:(50,2,25,49,1,1,0)
527:(52,2,24,50,0,0,0)
528:(50,2,25,50,0,0,0)
529:(50,2,26,50,0,0,0)
530:(52,2,23,50,0,0,0)
531:(52,2,22,50,0,0,0)
532:(52,2,21,50,0,0,0)
533:(52,2,20,50,0,0,0)
534:(52,2,19,50,0,0,0)
535:(52,2,18,50,0,0,0)
536:(52,2,17,50,0,0,0)
537:(52,2,16,50,0,0,0)
538:(52,2,15,50,0,0,0)
539:(52,2,14,50,0,0,0)
540:(52,2,13,50,0,0,0)
541:(52,2,12,50,0,0,0)
542:(52,2,11,50,0,0,0)
543:(52,2,10,50,0,0,0)
544:(52,2,9,50,0,0,0)
545:(52,2,8,50,0,0,0)
546:(52,2,7,50,0,0,0)
547:(52,2,6,50,0,0,0)
548:(52,2,5,50,0,0,0)
549:(52,2,4,50,0,0,0)
550:(52,2,3,50,0,0,0)
551:(52,2,2,50,0,0,0)
552:(52,2,1,50,0,0,0)
553:(52,2,0,50,0,0,0)
554:(48,2,0,0,50,50,0)
555:(50,2,0,1,49,49,0)
556:(48,2,2,1,49,49,0)
557:(50,2,1,2,48,48,0)
558:(48,2,2,2,48,48,0)
559:(48,2,3,2,48,48,0)
560:(50,2,2,3,47,47,0)
561:(48,2,3,3,47,47,0)
562:(48,2,4,3,47,47,0)
563:(50,2,3,4,46,46,0)
564:(48,2,4,4,46,46,0)
565:(48,2,5,4,46,46,0)
566:(50,2,4,5,45,45,0)
567:(48,2,6,5,45,45,0)
568:(51,2,3,5,45,45,0)
569:(49,2,5,5,45,45,0)
570:(51,2,4,6,44,44,0)
571:(49,2,5,6,44,44,0)
572:(49,2,6,6,44,44,0)
573:(51,2,5,7,43,43,0)
574:(49,2,6,7,43,43,0)
575:(49,2,7,7,43,43,0)
576:(51,2,6,8,42,42,0)
577:(49,2,7,8,42,42,0)
578:(49,2,8,8,42,42,0)
579:(51,2,5,8,42,42,0)
580:(51,2,6,9,41,41,0)
581:(49,2,7,9,41,41,0)
582:(49,2,8,9,41,41,0)
583:(51,2,7,10,40,40,0)
584:(49,2,9,10,40,40,0)
585:(52,2,6,10,40,40,0)
586:(50,2,8,10,40,40,0)
587:(53,2,5,10,40,40,0)
588:(53,2,6,11,39,39,0)
589:(51,2,7,11,39,39,0)
590:(51,2,8,11,39,39,0)
591:(53,2,5,11,39,39,0)
592:(53,2,6,12,38,38,0)
593:(51,2,7,12,38,38,0)
594:(51,2,8,12,38,38,0)
595:(53,2,7,13,37,37,0)
596:(51,2,8,13,37,37,0)
597:(51,2,9,13,37,37,0)
598:(53,2,8,14,36,36,0)
599:(51,2,9,14,36,36,0)
600:(51,2,10,14,36,36,0)
601:(53,2,7,14,36,36,0)
602:(53,2,8,15,35,35,0)
603:(51,2,9,15,35,35,0)
604:(51,2,10,15,35,35,0)
605:(53,2,9,16,34,34,0)
606:(51,2,10,16,34,34,0)
607:(51,2,11,16,34,34,0)
608:(53,2,10,17,33,33,0)
609:(51,2,11,17,33,33,0)
610:(51,2,12,17,33,33,0)
611:(53,2,11,18,32,32,0)
612:(51,2,12,18,32,32,0)
613:(51,2,13,18,32,32,0)
614:(53,2,12,19,31,31,0)
615:(51,2,13,19,31,31,0)
616:(51,2,14,19,31,31,0)
617:(53,2,11,19,31,31,0)
618:(53,2,12,20,30,30,0)
619:(51,2,13,20,30,30,0)
620:(51,2,14,20,30,30,0)
621:(53,2,11,20,30,30,0)
622:(53,2,12,21,29,29,0)
623:(51,2,13,21,29,29,0)
624:(51,2,14,21,29,29,0)
625:(53,2,13,22,28,28,0)
626:(51,2,14,22,28,28,0)
627:(51,2,15,22,28,28,0)
628:(53,2,12,22,28,28,0)
629:(53,2,13,23,27,27,0)
630:(51,2,14,23,27,27,0)
631:(51,2,15,23,27,27,0)
632:(53,2,12,23,27,27,0)
633:(53,2,11,23,27,27,0)
634:(53,2,12,24,26,26,0)
635:(51,2,13,24,26,26,0)
636:(51,2,14,24,26,26,0)
637:(53,2,13,25,25,25,0)
638:(51,2,14,25,25,25,0)
639:(51,2,15,25,25,25,0)
640:(53,2,12,25,25,25,0)
641:(53,2,13,26,24,24,0)
642:(51,2,14,26,24,24,0)
643:(51,2,15,26,24,24,0)
644:(53,2,12,26,24,24,0)
645:(53,2,13,27,23,23,0)
646:(51,2,14,27,23,23,0)
647:(51,2,15,27,23,23,0)
648:(53,2,12,27,23,23,0)
649:(53,2,13,28,22,22,0)
650:(51,2,14,28,22,22,0)
651:(51,2,15,28,22,22,0)
652:(53,2,14,29,21,21,0)
653:(51,2,15,29,21,21,0)
654:(51,2,16,29,21,21,0)
655:(53,2,15,30,20,20,0)
656:(51,2,16,30,20,20,0)
657:(51,2,17,30,20,20,0)
658:(53,2,14,30,20,20,0)
659:(53,2,15,31,19,19,0)
660:(51,2,16,31,19,19,0)
661:(51,2,17,31,19,19,0)
662:(53,2,14,31,19,19,0)
663:(53,2,15,32,18,18,0)
664:(51,2,16,32,18,18,0)
665:(51,2,17,32,18,18,0)
666:(53,2,16,33,17,17,0)
667:(51,2,17,33,17,17,0)
668:(51,2,18,33,17,17,0)
669:(53,2,17,34,16,16,0)
670:(51,2,18,34,16,16,0)
671:(51,2,19,34,16,16,0)
672:(53,2,18,35,15,15,0)
673:(51,2,19,35,15,15,0)
674:(51,2,20,35,15,15,0)
675:(53,2,19,36,14,14,0)
676:(51,2,20,36,14,14,0)
677:(51,2,21,36,14,14,0)
678:(53,2,18,36,14,14,0)
679:(53,2,17,36,14,14,0)
680:(53,2,18,37,13,13,0)
681:(51,2,19,37,13,13,0)
682:(51,2,20,37,13,13,0)
683:(53,2,19,38,12,12,0)
684:(51,2,20,38,12,12,0)
685:(51,2,21,38,12,12,0)
686:(53,2,20,39,11,11,0)
687:(51,2,21,39,11,11,0)
688:(51,2,22,39,11,11,0)
689:(53,2,21,40,10,10,0)
690:(51,2,22,40,10,10,0)
691:(51,2,23,40,10,10,0)
692:(53,2,20,40,10,10,0)
693:(53,2,21,41,9,9,0)
694:(51,2,22,41,9,9,0)
695:(51,2,23,41,9,9,0)
696:(53,2,20,41,9,9,0)
697:(53,2,19,41,9,9,0)
698:(53,2,20,42,8,8,0)
699:(51,2,21,42,8,8,0)
700:(51,2,22,42,8,8,0)
701:(53,2,21,43,7,7,0)
702:(51,2,22,43,7,7,0)
703:(51,2,23,43,7,7,0)
704:(53,2,22,44,6,6,0)
705:(51,2,23,44,6,6,0)
706:(51,2,24,44,6,6,0)
707:(53,2,23,45,5,5,0)
708:(51,2,24,45,5,5,0)
709:(51,2,25,45,5,5,0)
710:(53,2,22,45,5,5,0)
711:(53,2,23,46,4,4,0)
712:(51,2,24,46,4,4,0)
713:(51,2,25,46,4,4,0)
714:(53,2,24,47,3,3,0)
715:(51,2,25,47,3,3,0)
716:(51,2,26,47,3,3,0)
717:(53,2,23,47,3,3,0)
718:(53,2,22,47,3,3,0)
719:(53,2,23,48,2,2,0)
720:(51,2,24,48,2,2,0)
721:(51,2,25,48,2,2,0)
722:(53,2,22,48,2,2,0)
723:(53,2,23,49,1,1,0)
724:(51,2,24,49,1,1,0)
725:(51,2,25,49,1,1,0)
726:(53,2,24,50,0,0,0)
727:(51,2,25,50,0,0,0)
728:(51,2,26,50,0,0,0)
729:(53,2,23,50,0,0,0)
730:(53,2,22,50,0,0,0)
731:(53,2,21,50,0,0,0)
732:(53,2,20,50,0,0,0)
733:(53,2,19,50,0,0,0)
734:(53,2,18,50,0,0,0)
735:(53,2,17,50,0,0,0)
736:(53,2,16,50,0,0,0)
737:(53,2,15,50,0,0,0)
738:(53,2,14,50,0,0,0)
739:(53,2,13,50,0,0,0)
740:(53,2,12,50,0,0,0)
741:(53,2,11,50,0,0,0)
742:(53,2,10,50,0,0,0)
743:(53,2,9,50,0,0,0)
744:(53,2,8,50,0,0,0)
745:(53,2,7,50,0,0,0)
746:(53,2,6,50,0,0,0)
747:(53,2,5,50,0,0,0)
748:(53,2,4,50,0,0,0)
749:(53,2,3,50,0,0,0)
750:(53,2,2,50,0,0,0)
751:(53,2,1,50,0,0,0)
752:(53,2,0,50,0,0,0)
753:(46,2,1,0,50,50,0)
754:(47,2,1,0,50,50,0)
755:(49,2,1,1,49,49,0)
756:(49,2,2,2,48,48,0)
757:(49,2,3,3,47,47,0)
758:(49,2,4,4,46,46,0)
759:(50,2,5,6,44,44,0)
760:(50,2,6,7,43,43,0)
761:(50,2,7,8,42,42,0)
762:(50,2,7,9,41,41,0)
763:(52,2,7,11,39,39,0)
764:(52,2,7,12,38,38,0)
765:(52,2,8,13,37,37,0)
766:(52,2,9,14,36,36,0)
767:(52,2,9,15,35,35,0)
768:(52,2,10,16,34,34,0)
769:(52,2,11,17,33,33,0)
770:(52,2,12,18,32,32,0)
771:(52,2,13,19,31,31,0)
772:(52,2,13,20,30,30,0)
773:(52,2,13,21,29,29,0)
774:(52,2,14,22,28,28,0)
775:(52,2,14,23,27,27,0)
776:(52,2,13,24,26,26,0)
777:(52,2,14,25,25,25,0)
778:(52,2,14,26,24,24,0)
779:(52,2,14,27,23,23,0)
780:(52,2,14,28,22,22,0)
781:(52,2,15,29,21,21,0)
782:(52,2,16,30,20,20,0)
783:(52,2,16,31,19,19,0)
784:(52,2,16,32,18,18,0)
785:(52,2,17,33,17,17,0)
786:(52,2,18,34,16,16,0)
787:(52,2,19,35,15,15,0)
788:(52,2,20,36,14,14,0)
789:(52,2,19,37,13,13,0)
790:(52,2,20,38,12,12,0)
791:(52,2,21,39,11,11,0)
792:(52,2,22,40,10,10,0)
793:(52,2,22,41,9,9,0)
794:(52,2,21,42,8,8,0)
795:(52,2,22,43,7,7,0)
796:(52,2,23,44,6,6,0)
797:(52,2,24,45,5,5,0)
798:(52,2,24,46,4,4,0)
799:(52,2,25,47,3,3,0)
800:(52,2,24,48,2,2,0)
801:(52,2,24,49,1,1,0)
802:(52,2,25,50,0,0,0)
803:(49,2,0,50,0,0,0)
804:(49,2,23,49,1,1,0)
805:(49,2,22,48,2,2,0)
806:(49,2,22,47,3,3,0)
807:(49,2,23,46,4,4,0)
808:(49,2,22,45,5,5,0)
809:(49,2,22,44,6,6,0)
810:(49,2,21,43,7,7,0)
811:(49,2,20,42,8,8,0)
812:(49,2,19,41,9,9,0)
813:(49,2,20,40,10,10,0)
814:(49,2,20,39,11,11,0)
815:(49,2,19,38,12,12,0)
816:(49,2,18,37,13,13,0)
817:(49,2,17,36,14,14,0)
818:(49,2,18,35,15,15,0)
819:(49,2,17,34,16,16,0)
820:(49,2,16,33,17,17,0)
821:(49,2,15,32,18,18,0)
822:(49,2,14,31,19,19,0)
823:(49,2,14,30,20,20,0)
824:(49,2,14,29,21,21,0)
825:(49,2,13,28,22,22,0)
826:(49,2,12,27,23,23,0)
827:(49,2,12,26,24,24,0)
828:(49,2,12,25,25,25,0)
829:(49,2,12,24,26,26,0)
830:(49,2,11,23,27,27,0)
831:(49,2,12,22,28,28,0)
832:(49,2,12,21,29,29,0)
833:(49,2,11,20,30,30,0)
834:(49,2,11,19,31,31,0)
835:(49,2,11,18,32,32,0)
836:(49,2,10,17,33,33,0)
837:(49,2,9,16,34,34,0)
838:(49,2,8,15,35,35,0)
839:(49,2,7,14,36,36,0)
840:(49,2,7,13,37,37,0)
841:(49,2,6,12,38,38,0)
842:(49,2,5,11,39,39,0)
843:(49,2,5,10,40,40,0)
844:(48,2,6,10,40,40,0)
845:(47,2,7,10,40,40,0)
846:(47,2,6,9,41,41,0)
847:(47,2,5,8,42,42,0)
848:(47,2,5,7,43,43,0)
849:(47,2,4,6,44,44,0)
850:(47,2,3,5,45,45,0)
851:(46,2,4,5,45,45,0)
852:(46,2,3,4,46,46,0)
853:(46,2,2,3,47,47,0)
854:(46,2,1,2,48,48,0)
855:(46,2,0,1,49,49,0)
856:(45,2,1,1,49,49,0)
857:(45,2,0,0,50,50,0)
858:(44,2,2,1,49,49,0)
859:(44,2,3,1,49,49,0)
860:(45,2,2,2,48,48,0)
861:(45,2,3,2,48,48,0)
862:(45,2,3,3,47,47,0)
863:(45,2,4,3,47,47,0)
864:(45,2,4,4,46,46,0)
865:(45,2,5,4,46,46,0)
866:(45,2,5,5,45,45,0)
867:(45,2,6,5,45,45,0)
868:(46,2,5,6,44,44,0)
869:(46,2,6,6,44,44,0)
870:(46,2,6,7,43,43,0)
871:(46,2,7,7,43,43,0)
872:(46,2,7,8,42,42,0)
873:(46,2,8,8,42,42,0)
874:(46,2,6,8,42,42,0)
875:(46,2,7,9,41,41,0)
876:(46,2,8,9,41,41,0)
877:(46,2,8,10,40,40,0)
878:(46,2,9,10,40,40,0)
879:(48,2,7,11,39,39,0)
880:(48,2,8,11,39,39,0)
881:(48,2,6,11,39,39,0)
882:(48,2,7,12,38,38,0)
883:(48,2,8,12,38,38,0)
884:(48,2,8,13,37,37,0)
885:(48,2,9,13,37,37,0)
886:(48,2,9,14,36,36,0)
887:(48,2,10,14,36,36,0)
888:(48,2,8,14,36,36,0)
889:(48,2,9,15,35,35,0)
890:(48,2,10,15,35,35,0)
891:(48,2,10,16,34,34,0)
892:(48,2,11,16,34,34,0)
893:(48,2,11,17,33,33,0)
894:(48,2,12,17,33,33,0)
895:(48,2,12,18,32,32,0)
896:(48,2,13,18,32,32,0)
897:(48,2,13,19,31,31,0)
898:(48,2,14,19,31,31,0)
899:(48,2,12,19,31,31,0)
900:(48,2,13,20,30,30,0)
901:(48,2,14,20,30,30,0)
902:(48,2,12,20,30,30,0)
903:(48,2,13,21,29,29,0)
904:(48,2,14,21,29,29,0)
905:(48,2,14,22,28,28,0)
906:(48,2,15,22,28,28,0)
907:(48,2,13,22,28,28,0)
908:(48,2,14,23,27,27,0)
909:(48,2,15,23,27,27,0)
910:(48,2,13,23,27,27,0)
911:(48,2,12,23,27,27,0)
912:(48,2,13,24,26,26,0)
913:(48,2,14,24,26,26,0)
914:(48,2,14,25,25,25,0)
915:(48,2,15,25,25,25,0)
916:(48,2,13,25,25,25,0)
917:(48,2,14,26,24,24,0)
918:(48,2,15,26,24,24,0)
919:(48,2,13,26,24,24,0)
920:(48,2,14,27,23,23,0)
921:(48,2,15,27,23,23,0)
922:(48,2,13,27,23,23,0)
923:(48,2,14,28,22,22,0)
924:(48,2,15,28,22,22,0)
925:(48,2,15,29,21,21,0)
926:(48,2,16,29,21,21,0)
927:(48,2,16,30,20,20,0)
928:(48,2,17,30,20,20,0)
929:(48,2,15,30,20,20,0)
930:(48,2,16,31,19,19,0)
931:(48,2,17,31,19,19,0)
932:(48,2,15,31,19,19,0)
933:(48,2,16,32,18,18,0)
934:(48,2,17,32,18,18,0)
935:(48,2,17,33,17,17,0)
936:(48,2,18,33,17,17,0)
937:(48,2,18,34,16,16,0)
938:(48,2,19,34,16,16,0)
939:(48,2,19,35,15,15,0)
940:(48,2,20,35,15,15,0)
941:(48,2,20,36,14,14,0)
942:(48,2,21,36,14,14,0)
943:(48,2,19,36,14,14,0)
944:(48,2,18,36,14,14,0)
945:(48,2,19,37,13,13,0)
946:(48,2,20,37,13,13,0)
947:(48,2,20,38,12,12,0)
948:(48,2,21,38,12,12,0)
949:(48,2,21,39,11,11,0)
950:(48,2,22,39,11,11,0)
951:(48,2,22,40,10,10,0)
952:(48,2,23,40,10,10,0)
953:(48,2,21,40,10,10,0)
954:(48,2,22,41,9,9,0)
955:(48,2,23,41,9,9,0)
956:(48,2,21,41,9,9,0)
957:(48,2,20,41,9,9,0)
958:(48,2,21,42,8,8,0)
959:(48,2,22,42,8,8,0)
960:(48,2,22,43,7,7,0)
961:(48,2,23,43,7,7,0)
962:(48,2,23,44,6,6,0)
963:(48,2,24,44,6,6,0)
964:(48,2,24,45,5,5,0)
965:(48,2,25,45,5,5,0)
966:(48,2,23,45,5,5,0)
967:(48,2,24,46,4,4,0)
968:(48,2,25,46,4,4,0)
969:(48,2,25,47,3,3,0)
970:(48,2,26,47,3,3,0)
971:(48,2,24,47,3,3,0)
972:(48,2,23,47,3,3,0)
973:(48,2,24,48,2,2,0)
974:(48,2,25,48,2,2,0)
975:(48,2,23,48,2,2,0)
976:(48,2,24,49,1,1,0)
977:(48,2,25,49,1,1,0)
978:(48,2,25,50,0,0,0)
979:(48,2,26,50,0,0,0)
980:(48,2,24,50,0,0,0)
981:(48,2,23,50,0,0,0)
982:(48,2,22,50,0,0,0)
983:(48,2,21,50,0,0,0)
984:(48,2,20,50,0,0,0)
985:(48,2,19,50,0,0,0)
986:(48,2,18,50,0,0,0)
987:(48,2,17,50,0,0,0)
988:(48,2,16,50,0,0,0)
989:(48,2,15,50,0,0,0)
990:(48,2,14,50,0,0,0)
991:(48,2,13,50,0,0,0)
992:(48,2,12,50,0,0,0)
993:(48,2,11,50,0,0,0)
994:(48,2,10,50,0,0,0)
995:(48,2,9,50,0,0,0)
996:(48,2,8,50,0,0,0)
997:(48,2,7,50,0,0,0)
998:(48,2,6,50,0,0,0)
999:(48,2,5,50,0,0,0)
1000:(48,2,4,50,0,0,0)
1001:(48,2,3,50,0,0,0)
1002:(48,2,2,50,0,0,0)
1003:(48,2,1,50,0,0,0)
1004:(48,2,0,50,0,0,0)
1005:(48,2,23,49,1,1,0)
1006:(48,2,22,48,2,2,0)
1007:(48,2,22,47,3,3,0)
1008:(48,2,23,46,4,4,0)
1009:(48,2,22,45,5,5,0)
1010:(48,2,22,44,6,6,0)
1011:(48,2,21,43,7,7,0)
1012:(48,2,20,42,8,8,0)
1013:(48,2,19,41,9,9,0)
1014:(48,2,20,40,10,10,0)
1015:(48,2,20,39,11,11,0)
1016:(48,2,19,38,12,12,0)
1017:(48,2,18,37,13,13,0)
1018:(48,2,17,36,14,14,0)
1019:(48,2,18,35,15,15,0)
1020:(48,2,17,34,16,16,0)
1021:(48,2,16,33,17,17,0)
1022:(48,2,15,32,18,18,0)
1023:(48,2,14,31,19,19,0)
1024:(48,2,14,30,20,20,0)
1025:(48,2,14,29,21,21,0)
1026:(48,2,13,28,22,22,0)
1027:(48,2,12,27,23,23,0)
1028:(48,2,12,26,24,24,0)
1029:(48,2,12,25,25,25,0)
1030:(48,2,12,24,26,26,0)
1031:(48,2,11,23,27,27,0)
1032:(48,2,12,22,28,28,0)
1033:(48,2,12,21,29,29,0)
1034:(48,2,11,20,30,30,0)
1035:(48,2,11,19,31,31,0)
1036:(48,2,11,18,32,32,0)
1037:(48,2,10,17,33,33,0)
1038:(48,2,9,16,34,34,0)
1039:(48,2,8,15,35,35,0)
1040:(48,2,7,14,36,36,0)
1041:(48,2,7,13,37,37,0)
1042:(48,2,6,12,38,38,0)
1043:(48,2,5,11,39,39,0)
1044:(48,2,5,10,40,40,0)
1045:(47,2,6,10,40,40,0)
1046:(46,2,7,10,40,40,0)
1047:(46,2,6,9,41,41,0)
1048:(46,2,5,8,42,42,0)
1049:(46,2,5,7,43,43,0)
1050:(46,2,4,6,44,44,0)
1051:(46,2,3,5,45,45,0)
1052:(45,2,4,5,45,45,0)
1053:(45,2,3,4,46,46,0)
1054:(45,2,2,3,47,47,0)
1055:(45,2,1,2,48,48,0)
1056:(45,2,0,1,49,49,0)
1057:(44,2,1,1,49,49,0)
1058:(44,2,0,0,50,50,0)
1059:(44,2,2,2,48,48,0)
1060:(44,2,3,2,48,48,0)
1061:(44,2,3,3,47,47,0)
1062:(44,2,4,3,47,47,0)
1063:(44,2,4,4,46,46,0)
1064:(44,2,5,4,46,46,0)
1065:(44,2,5,5,45,45,0)
1066:(44,2,6,5,45,45,0)
1067:(45,2,5,6,44,44,0)
1068:(45,2,6,6,44,44,0)
1069:(45,2,6,7,43,43,0)
1070:(45,2,7,7,43,43,0)
1071:(45,2,7,8,42,42,0)
1072:(45,2,8,8,42,42,0)
1073:(45,2,6,8,42,42,0)
1074:(45,2,7,9,41,41,0)
1075:(45,2,8,9,41,41,0)
1076:(45,2,8,10,40,40,0)
1077:(45,2,9,10,40,40,0)
1078:(47,2,7,11,39,39,0)
1079:(47,2,8,11,39,39,0)
1080:(47,2,6,11,39,39,0)
1081:(47,2,7,12,38,38,0)
1082:(47,2,8,12,38,38,0)
1083:(47,2,8,13,37,37,0)
1084:(47,2,9,13,37,37,0)
1085:(47,2,9,14,36,36,0)
1086:(47,2,10,14,36,36,0)
1087:(47,2,8,14,36,36,0)
1088:(47,2,9,15,35,35,0)
1089:(47,2,10,15,35,35,0)
1090:(47,2,10,16,34,34,0)
1091:(47,2,11,16,34,34,0)
1092:(47,2,11,17,33,33,0)
1093:(47,2,12,17,33,33,0)
1094:(47,2,12,18,32,32,0)
1095:(47,2,13,18,32,32,0)
1096:(47,2,13,19,31,31,0)
1097:(47,2,14,19,31,31,0)
1098:(47,2,12,19,31,31,0)
1099:(47,2,13,20,30,30,0)
1100:(47,2,14,20,30,30,0)
1101:(47,2,12,20,30,30,0)
1102:(47,2,13,21,29,29,0)
1103:(47,2,14,21,29,29,0)
1104:(47,2,14,22,28,28,0)
1105:(47,2,15,22,28,28,0)
1106:(47,2,13,22,28,28,0)
1107:(47,2,14,23,27,27,0)
1108:(47,2,15,23,27,27,0)
1109:(47,2,13,23,27,27,0)
1110:(47,2,12,23,27,27,0)
1111:(47,2,13,24,26,26,0)
1112:(47,2,14,24,26,26,0)
1113:(47,2,14,25,25,25,0)
1114:(47,2,15,25,25,25,0)
1115:(47,2,13,25,25,25,0)
1116:(47,2,14,26,24,24,0)
1117:(47,2,15,26,24,24,0)
1118:(47,2,13,26,24,24,0)
1119:(47,2,14,27,23,23,0)
1120:(47,2,15,27,23,23,0)
1121:(47,2,13,27,23,23,0)
1122:(47,2,14,28,22,22,0)
1123:(47,2,15,28,22,22,0)
1124:(47,2,15,29,21,21,0)
1125:(47,2,16,29,21,21,0)
1126:(47,2,16,30,20,20,0)
1127:(47,2,17,30,20,20,0)
1128:(47,2,15,30,20,20,0)
1129:(47,2,16,31,19,19,0)
1130:(47,2,17,31,19,19,0)
1131:(47,2,15,31,19,19,0)
1132:(47,2,16,32,18,18,0)
1133:(47,2,17,32,18,18,0)
1134:(47,2,17,33,17,17,0)
1135:(47,2,18,33,17,17,0)
1136:(47,2,18,34,16,16,0)
1137:(47,2,19,34,16,16,0)
1138:(47,2,19,35,15,15,0)
1139:(47,2,20,35,15,15,0)
1140:(47,2,20,36,14,14,0)
1141:(47,2,21,36,14,14,0)
1142:(47,2,19,36,14,14,0)
1143:(47,2,18,36,14,14,0)
1144:(47,2,19,37,13,13,0)
1145:(47,2,20,37,13,13,0)
1146:(47,2,20,38,12,12,0)
1147:(47,2,21,38,12,12,0)
1148:(47,2,21,39,11,11,0)
1149:(47,2,22,39,11,11,0)
1150:(47,2,22,40,10,10,0)
1151:(47,2,23,40,10,10,0)
1152:(47,2,21,40,10,10,0)
1153:(47,2,22,41,9,9,0)
1154:(47,2,23,41,9,9,0)
1155:(47,2,21,41,9,9,0)
1156:(47,2,20,41,9,9,0)
1157:(47,2,21,42,8,8,0)
1158:(47,2,22,42,8,8,0)
1159:(47,2,22,43,7,7,0)
1160:(47,2,23,43,7,7,0)
1161:(47,2,23,44,6,6,0)
1162:(47,2,24,44,6,6,0)
1163:(47,2,24,45,5,5,0)
1164:(47,2,25,45,5,5,0)
1165:(47,2,23,45,5,5,0)
1166:(47,2,24,46,4,4,0)
1167:(47,2,25,46,4,4,0)
1168:(47,2,25,47,3,3,0)
1169:(47,2,26,47,3,3,0)
1170:(47,2,24,47,3,3,0)
1171:(47,2,23,47,3,3,0)
1172:(47,2,24,48,2,2,0)
1173:(47,2,25,48,2,2,0)
1174:(47,2,23,48,2,2,0)
1175:(47,2,24,49,1,1,0)
1176:(47,2,25,49,1,1,0)
1177:(47,2,25,50,0,0,0)
1178:(47,2,26,50,0,0,0)
1179:(47,2,24,50,0,0,0)
1180:(47,2,23,50,0,0,0)
1181:(47,2,22,50,0,0,0)
1182:(47,2,21,50,0,0,0)
1183:(47,2,20,50,0,0,0)
1184:(47,2,19,50,0,0,0)
1185:(47,2,18,50,0,0,0)
1186:(47,2,17,50,0,0,0)
1187:(47,2,16,50,0,0,0)
1188:(47,2,15,50,0,0,0)
1189:(47,2,14,50,0,0,0)
1190:(47,2,13,50,0,0,0)
1191:(47,2,12,50,0,0,0)
1192:(47,2,11,50,0,0,0)
1193:(47,2,10,50,0,0,0)
1194:(47,2,9,50,0,0,0)
1195:(47,2,8,50,0,0,0)
1196:(47,2,7,50,0,0,0)
1197:(47,2,6,50,0,0,0)
1198:(47,2,5,50,0,0,0)
1199:(47,2,4,50,0,0,0)
1200:(47,2,3,50,0,0,0)
1201:(47,2,2,50,0,0,0)
1202:(47,2,1,50,0,0,0)
1203:(44,2,1,0,50,50,0)
1204:(49,2,5,9,41,41,0)
1205:(49,2,11,22,28,28,0)
1206:(49,2,17,35,15,15,0)
1207:(49,2,19,40,10,10,0)
1208:(49,2,22,46,4,4,0)
1209:(49,2,22,49,1,1,0)
1210:(49,2,21,49,1,1,0)
1211:(49,2,20,49,1,1,0)
1212:(49,2,19,49,1,1,0)
1213:(49,2,18,49,1,1,0)
1214:(49,2,17,49,1,1,0)
1215:(49,2,16,49,1,1,0)
1216:(49,2,15,49,1,1,0)
1217:(49,2,14,49,1,1,0)
1218:(49,2,13,49,1,1,0)
1219:(49,2,12,49,1,1,0)
1220:(49,2,11,49,1,1,0)
1221:(49,2,10,49,1,1,0)
1222:(49,2,9,49,1,1,0)
1223:(49,2,8,49,1,1,0)
1224:(49,2,7,49,1,1,0)
1225:(49,2,6,49,1,1,0)
1226:(49,2,5,49,1,1,0)
1227:(49,2,4,49,1,1,0)
1228:(49,2,3,49,1,1,0)
1229:(49,2,2,49,1,1,0)
1230:(49,2,1,49,1,1,0)
1231:(49,2,0,49,1,1,0)
1232:(50,2,5,9,41,41,0)
1233:(50,2,11,22,28,28,0)
1234:(50,2,17,35,15,15,0)
1235:(50,2,19,40,10,10,0)
1236:(50,2,22,46,4,4,0)
1237:(50,2,22,49,1,1,0)
1238:(50,2,21,49,1,1,0)
1239:(50,2,20,49,1,1,0)
1240:(50,2,19,49,1,1,0)
1241:(50,2,18,49,1,1,0)
1242:(50,2,17,49,1,1,0)
1243:(50,2,16,49,1,1,0)
1244:(50,2,15,49,1,1,0)
1245:(50,2,14,49,1,1,0)
1246:(50,2,13,49,1,1,0)
1247:(50,2,12,49,1,1,0)
1248:(50,2,11,49,1,1,0)
1249:(50,2,10,49,1,1,0)
1250:(50,2,9,49,1,1,0)
1251:(50,2,8,49,1,1,0)
1252:(50,2,7,49,1,1,0)
1253:(50,2,6,49,1,1,0)
1254:(50,2,5,49,1,1,0)
1255:(50,2,4,49,1,1,0)
1256:(50,2,3,49,1,1,0)
1257:(50,2,2,49,1,1,0)
1258:(50,2,1,49,1,1,0)
1259:(50,2,0,49,1,1,0)
1260:(48,2,5,9,41,41,0)
1261:(48,2,11,22,28,28,0)
1262:(48,2,17,35,15,15,0)
1263:(48,2,19,40,10,10,0)
1264:(48,2,22,46,4,4,0)
1265:(48,2,22,49,1,1,0)
1266:(48,2,21,49,1,1,0)
1267:(48,2,20,49,1,1,0)
1268:(48,2,19,49,1,1,0)
1269:(48,2,18,49,1,1,0)
1270:(48,2,17,49,1,1,0)
1271:(48,2,16,49,1,1,0)
1272:(48,2,15,49,1,1,0)
1273:(48,2,14,49,1,1,0)
1274:(48,2,13,49,1,1,0)
1275:(48,2,12,49,1,1,0)
1276:(48,2,11,49,1,1,0)
1277:(48,2,10,49,1,1,0)
1278:(48,2,9,49,1,1,0)
1279:(48,2,8,49,1,1,0)
1280:(48,2,7,49,1,1,0)
1281:(48,2,6,49,1,1,0)
1282:(48,2,5,49,1,1,0)
1283:(48,2,4,49,1,1,0)
1284:(48,2,3,49,1,1,0)
1285:(48,2,2,49,1,1,0)
1286:(48,2,1,49,1,1,0)
1287:(48,2,0,49,1,1,0)
1288:(44,2,2,0,50,50,0)
1289:(44,2,4,2,48,48,0)
1290:(45,2,4,2,48,48,0)
1291:(44,2,5,3,47,47,0)
1292:(45,2,5,3,47,47,0)
1293:(44,2,6,4,46,46,0)
1294:(45,2,6,4,46,46,0)
1295:(44,2,7,5,45,45,0)
1296:(45,2,7,5,45,45,0)
1297:(45,2,7,6,44,44,0)
1298:(46,2,7,6,44,44,0)
1299:(45,2,8,7,43,43,0)
1300:(46,2,8,7,43,43,0)
1301:(45,2,9,8,42,42,0)
1302:(46,2,9,8,42,42,0)
1303:(45,2,9,9,41,41,0)
1304:(46,2,9,9,41,41,0)
1305:(45,2,10,10,40,40,0)
1306:(46,2,10,10,40,40,0)
1307:(47,2,9,11,39,39,0)
1308:(48,2,9,11,39,39,0)
1309:(47,2,9,12,38,38,0)
1310:(48,2,9,12,38,38,0)
1311:(47,2,10,13,37,37,0)
1312:(48,2,10,13,37,37,0)
1313:(47,2,11,14,36,36,0)
1314:(48,2,11,14,36,36,0)
1315:(47,2,11,15,35,35,0)
1316:(48,2,11,15,35,35,0)
1317:(47,2,12,16,34,34,0)
1318:(48,2,12,16,34,34,0)
1319:(47,2,13,17,33,33,0)
1320:(48,2,13,17,33,33,0)
1321:(47,2,14,18,32,32,0)
1322:(48,2,14,18,32,32,0)
1323:(47,2,15,19,31,31,0)
1324:(48,2,15,19,31,31,0)
1325:(47,2,15,20,30,30,0)
1326:(48,2,15,20,30,30,0)
1327:(47,2,15,21,29,29,0)
1328:(48,2,15,21,29,29,0)
1329:(47,2,16,22,28,28,0)
1330:(48,2,16,22,28,28,0)
1331:(47,2,16,23,27,27,0)
1332:(48,2,16,23,27,27,0)
1333:(47,2,15,24,26,26,0)
1334:(48,2,15,24,26,26,0)
1335:(47,2,16,25,25,25,0)
1336:(48,2,16,25,25,25,0)
1337:(47,2,16,26,24,24,0)
1338:(48,2,16,26,24,24,0)
1339:(47,2,16,27,23,23,0)
1340:(48,2,16,27,23,23,0)
1341:(47,2,16,28,22,22,0)
1342:(48,2,16,28,22,22,0)
1343:(47,2,17,29,21,21,0)
1344:(48,2,17,29,21,21,0)
1345:(47,2,18,30,20,20,0)
1346:(48,2,18,30,20,20,0)
1347:(47,2,18,31,19,19,0)
1348:(48,2,18,31,19,19,0)
1349:(47,2,18,32,18,18,0)
1350:(48,2,18,32,18,18,0)
1351:(47,2,19,33,17,17,0)
1352:(48,2,19,33,17,17,0)
1353:(47,2,20,34,16,16,0)
1354:(48,2,20,34,16,16,0)
1355:(47,2,21,35,15,15,0)
1356:(48,2,21,35,15,15,0)
1357:(47,2,22,36,14,14,0)
1358:(48,2,22,36,14,14,0)
1359:(47,2,21,37,13,13,0)
1360:(48,2,21,37,13,13,0)
1361:(47,2,22,38,12,12,0)
1362:(48,2,22,38,12,12,0)
1363:(47,2,23,39,11,11,0)
1364:(48,2,23,39,11,11,0)
1365:(47,2,24,40,10,10,0)
1366:(48,2,24,40,10,10,0)
1367:(47,2,24,41,9,9,0)
1368:(48,2,24,41,9,9,0)
1369:(47,2,23,42,8,8,0)
1370:(48,2,23,42,8,8,0)
1371:(47,2,24,43,7,7,0)
1372:(48,2,24,43,7,7,0)
1373:(47,2,25,44,6,6,0)
1374:(48,2,25,44,6,6,0)
1375:(47,2,26,45,5,5,0)
1376:(48,2,26,45,5,5,0)
1377:(47,2,26,46,4,4,0)
1378:(48,2,26,46,4,4,0)
1379:(47,2,27,47,3,3,0)
1380:(48,2,27,47,3,3,0)
1381:(47,2,26,48,2,2,0)
1382:(48,2,26,48,2,2,0)
1383:(47,2,26,49,1,1,0)
1384:(48,2,26,49,1,1,0)
1385:(47,2,27,50,0,0,0)
1386:(48,2,27,50,0,0,0)
1387:(46,2,4,2,48,48,0)
1388:(46,2,5,3,47,47,0)
1389:(46,2,6,4,46,46,0)
1390:(46,2,7,5,45,45,0)
1391:(47,2,7,6,44,44,0)
1392:(47,2,8,7,43,43,0)
1393:(47,2,9,8,42,42,0)
1394:(47,2,9,9,41,41,0)
1395:(47,2,10,10,40,40,0)
1396:(49,2,9,11,39,39,0)
1397:(49,2,9,12,38,38,0)
1398:(49,2,10,13,37,37,0)
1399:(49,2,11,14,36,36,0)
1400:(49,2,11,15,35,35,0)
1401:(49,2,12,16,34,34,0)
1402:(49,2,13,17,33,33,0)
1403:(49,2,14,18,32,32,0)
1404:(49,2,15,19,31,31,0)
1405:(49,2,15,20,30,30,0)
1406:(49,2,15,21,29,29,0)
1407:(49,2,16,22,28,28,0)
1408:(49,2,16,23,27,27,0)
1409:(49,2,15,24,26,26,0)
1410:(49,2,16,25,25,25,0)
1411:(49,2,16,26,24,24,0)
1412:(49,2,16,27,23,23,0)
1413:(49,2,16,28,22,22,0)
1414:(49,2,17,29,21,21,0)
1415:(49,2,18,30,20,20,0)
1416:(49,2,18,31,19,19,0)
1417:(49,2,18,32,18,18,0)
1418:(49,2,19,33,17,17,0)
1419:(49,2,20,34,16,16,0)
1420:(49,2,21,35,15,15,0)
1421:(49,2,22,36,14,14,0)
1422:(49,2,21,37,13,13,0)
1423:(49,2,22,38,12,12,0)
1424:(49,2,23,39,11,11,0)
1425:(49,2,24,40,10,10,0)
1426:(49,2,24,41,9,9,0)
1427:(49,2,23,42,8,8,0)
1428:(49,2,24,43,7,7,0)
1429:(49,2,25,44,6,6,0)
1430:(49,2,26,45,5,5,0)
1431:(49,2,26,46,4,4,0)
1432:(49,2,27,47,3,3,0)
1433:(49,2,26,48,2,2,0)
1434:(49,2,26,49,1,1,0)
1435:(49,2,27,50,0,0,0)
1436:(51,2,5,9,41,41,0)
1437:(51,2,11,22,28,28,0)
1438:(51,2,17,35,15,15,0)
1439:(51,2,19,40,10,10,0)
1440:(51,2,22,46,4,4,0)
1441:(51,2,22,49,1,1,0)
1442:(51,2,21,49,1,1,0)
1443:(51,2,20,49,1,1,0)
1444:(51,2,19,49,1,1,0)
1445:(51,2,18,49,1,1,0)
1446:(51,2,17,49,1,1,0)
1447:(51,2,16,49,1,1,0)
1448:(51,2,15,49,1,1,0)
1449:(51,2,14,49,1,1,0)
1450:(51,2,13,49,1,1,0)
1451:(51,2,12,49,1,1,0)
1452:(51,2,11,49,1,1,0)
1453:(51,2,10,49,1,1,0)
1454:(51,2,9,49,1,1,0)
1455:(51,2,8,49,1,1,0)
1456:(51,2,7,49,1,1,0)
1457:(51,2,6,49,1,1,0)
1458:(51,2,5,49,1,1,0)
1459:(51,2,4,49,1,1,0)
1460:(51,2,3,49,1,1,0)
1461:(51,2,2,49,1,1,0)
1462:(51,2,1,49,1,1,0)
1463:(51,2,0,49,1,1,0)
1464:(46,2,2,0,50,50,0)
1465:(47,2,3,1,49,49,0)
1466:(47,2,4,2,48,48,0)
1467:(47,2,5,3,47,47,0)
1468:(47,2,6,4,46,46,0)
1469:(47,2,7,5,45,45,0)
1470:(48,2,7,6,44,44,0)
1471:(48,2,8,7,43,43,0)
1472:(48,2,9,8,42,42,0)
1473:(48,2,9,9,41,41,0)
1474:(48,2,10,10,40,40,0)
1475:(50,2,9,11,39,39,0)
1476:(50,2,9,12,38,38,0)
1477:(50,2,10,13,37,37,0)
1478:(50,2,11,14,36,36,0)
1479:(50,2,11,15,35,35,0)
1480:(50,2,12,16,34,34,0)
1481:(50,2,13,17,33,33,0)
1482:(50,2,14,18,32,32,0)
1483:(50,2,15,19,31,31,0)
1484:(50,2,15,20,30,30,0)
1485:(50,2,15,21,29,29,0)
1486:(50,2,16,22,28,28,0)
1487:(50,2,16,23,27,27,0)
1488:(50,2,15,24,26,26,0)
1489:(50,2,16,25,25,25,0)
1490:(50,2,16,26,24,24,0)
1491:(50,2,16,27,23,23,0)
1492:(50,2,16,28,22,22,0)
1493:(50,2,17,29,21,21,0)
1494:(50,2,18,30,20,20,0)
1495:(50,2,18,31,19,19,0)
1496:(50,2,18,32,18,18,0)
1497:(50,2,19,33,17,17,0)
1498:(50,2,20,34,16,16,0)
1499:(50,2,21,35,15,15,0)
1500:(50,2,22,36,14,14,0)
1501:(50,2,21,37,13,13,0)
1502:(50,2,22,38,12,12,0)
1503:(50,2,23,39,11,11,0)
1504:(50,2,24,40,10,10,0)
1505:(50,2,24,41,9,9,0)
1506:(50,2,23,42,8,8,0)
1507:(50,2,24,43,7,7,0)
1508:(50,2,25,44,6,6,0)
1509:(50,2,26,45,5,5,0)
1510:(50,2,26,46,4,4,0)
1511:(50,2,27,47,3,3,0)
1512:(50,2,26,48,2,2,0)
1513:(50,2,26,49,1,1,0)
1514:(50,2,27,50,0,0,0)
1515:(-1,-1,-1,-1,-1,-1,-1)