(r,l,rl,g,ga,gbg,gd)
0:(50,2,0,50,0,0,0)
1:(50,2,1,50,0,0,0)
2:(49,2,2,50,0,0,0)
3:(49,2,1,49,1,1,0)
4:(49,2,0,48,2,2,0)
5:(49,2,1,48,2,2,0)
6:(49,2,0,47,3,3,0)
7:(48,2,1,47,3,3,0)
8:(48,2,2,47,3,3,0)
9:(48,2,1,46,4,4,0)
10:(48,2,0,45,5,5,0)
11:(47,2,1,45,5,5,0)
12:(46,2,2,45,5,5,0)
13:(46,2,1,44,6,6,0)
14:(46,2,0,43,7,7,0)
15:(46,2,1,43,7,7,0)
16:(45,2,2,43,7,7,0)
17:(45,2,1,42,8,8,0)
18:(45,2,0,41,9,9,0)
19:(45,2,1,41,9,9,0)
20:(45,2,0,40,10,10,0)
21:(45,2,1,40,10,10,0)
22:(44,2,2,40,10,10,0)
23:(44,2,3,40,10,10,0)
24:(44,2,2,39,11,11,0)
25:(44,2,1,38,12,12,0)
26:(44,2,2,38,12,12,0)
27:(44,2,1,37,13,13,0)
28:(44,2,2,37,13,13,0)
29:(44,2,1,36,14,14,0)
30:(44,2,0,35,15,15,0)
31:(44,2,1,35,15,15,0)
32:(44,2,0,34,16,16,0)
33:(44,2,1,34,16,16,0)
34:(44,2,2,34,16,16,0)
35:(44,2,1,33,17,17,0)
36:(44,2,0,32,18,18,0)
37:(43,2,1,32,18,18,0)
38:(43,2,2,32,18,18,0)
39:(43,2,1,31,19,19,0)
40:(43,2,0,30,20,20,0)
41:(43,2,1,30,20,20,0)
42:(43,2,2,30,20,20,0)
43:(43,2,1,29,21,21,0)
44:(42,2,2,29,21,21,0)
45:(42,2,1,28,22,22,0)
46:(41,2,2,28,22,22,0)
47:(40,2,3,28,22,22,0)
48:(40,2,2,27,23,23,0)
49:(40,2,1,26,24,24,0)
50:(40,2,0,25,25,25,0)
51:(39,2,1,25,25,25,0)
52:(39,2,0,24,26,26,0)
53:(38,2,1,24,26,26,0)
54:(38,2,2,24,26,26,0)
55:(38,2,3,24,26,26,0)
56:(38,2,2,23,27,27,0)
57:(38,2,3,23,27,27,0)
58:(38,2,2,22,28,28,0)
59:(38,2,1,21,29,29,0)
60:(38,2,0,20,30,30,0)
61:(37,2,1,20,30,30,0)
62:(37,2,2,20,30,30,0)
63:(37,2,1,19,31,31,0)
64:(37,2,2,19,31,31,0)
65:(37,2,1,18,32,32,0)
66:(36,2,2,18,32,32,0)
67:(36,2,1,17,33,33,0)
68:(36,2,0,16,34,34,0)
69:(35,2,1,16,34,34,0)
70:(35,2,0,15,35,35,0)
71:(34,2,1,15,35,35,0)
72:(33,2,2,15,35,35,0)
73:(33,2,1,14,36,36,0)
74:(33,2,0,13,37,37,0)
75:(33,2,1,13,37,37,0)
76:(33,2,0,12,38,38,0)
77:(32,2,1,12,38,38,0)
78:(32,2,0,11,39,39,0)
79:(32,2,1,11,39,39,0)
80:(32,2,0,10,40,40,0)
81:(31,2,1,10,40,40,0)
82:(31,2,0,9,41,41,0)
83:(31,2,1,9,41,41,0)
84:(31,2,0,8,42,42,0)
85:(31,2,1,8,42,42,0)
86:(30,2,2,8,42,42,0)
87:(30,2,1,7,43,43,0)
88:(30,2,0,6,44,44,0)
89:(29,2,1,6,44,44,0)
90:(29,2,0,5,45,45,0)
91:(28,2,1,5,45,45,0)
92:(28,2,0,4,46,46,0)
93:(27,2,1,4,46,46,0)
94:(27,2,0,3,47,47,0)
95:(27,2,1,3,47,47,0)
96:(27,2,2,3,47,47,0)
97:(27,2,3,3,47,47,0)
98:(27,2,2,2,48,48,0)
99:(27,2,1,1,49,49,0)
100:(27,2,0,0,50,50,0)
101:(51,2,0,50,0,0,0)
102:(51,2,1,50,0,0,0)
103:(50,2,2,50,0,0,0)
104:(50,2,1,49,1,1,0)
105:(50,2,0,48,2,2,0)
106:(50,2,1,48,2,2,0)
107:(50,2,0,47,3,3,0)
108:(49,2,1,47,3,3,0)
109:(49,2,2,47,3,3,0)
110:(49,2,1,46,4,4,0)
111:(49,2,0,45,5,5,0)
112:(48,2,1,45,5,5,0)
113:(47,2,2,45,5,5,0)
114:(47,2,1,44,6,6,0)
115:(47,2,0,43,7,7,0)
116:(47,2,1,43,7,7,0)
117:(46,2,2,43,7,7,0)
118:(46,2,1,42,8,8,0)
119:(46,2,0,41,9,9,0)
120:(46,2,1,41,9,9,0)
121:(46,2,0,40,10,10,0)
122:(46,2,1,40,10,10,0)
123:(45,2,2,40,10,10,0)
124:(45,2,3,40,10,10,0)
125:(45,2,2,39,11,11,0)
126:(45,2,1,38,12,12,0)
127:(45,2,2,38,12,12,0)
128:(45,2,1,37,13,13,0)
129:(45,2,2,37,13,13,0)
130:(45,2,1,36,14,14,0)
131:(45,2,0,35,15,15,0)
132:(45,2,1,35,15,15,0)
133:(45,2,0,34,16,16,0)
134:(45,2,1,34,16,16,0)
135:(45,2,2,34,16,16,0)
136:(45,2,1,33,17,17,0)
137:(45,2,0,32,18,18,0)
138:(44,2,1,32,18,18,0)
139:(44,2,2,32,18,18,0)
140:(44,2,1,31,19,19,0)
141:(44,2,0,30,20,20,0)
142:(44,2,1,30,20,20,0)
143:(44,2,2,30,20,20,0)
144:(44,2,1,29,21,21,0)
145:(43,2,2,29,21,21,0)
146:(43,2,1,28,22,22,0)
147:(42,2,2,28,22,22,0)
148:(41,2,3,28,22,22,0)
149:(41,2,2,27,23,23,0)
150:(41,2,1,26,24,24,0)
151:(41,2,0,25,25,25,0)
152:(40,2,1,25,25,25,0)
153:(40,2,0,24,26,26,0)
154:(39,2,1,24,26,26,0)
155:(39,2,2,24,26,26,0)
156:(39,2,3,24,26,26,0)
157:(39,2,2,23,27,27,0)
158:(39,2,3,23,27,27,0)
159:(39,2,2,22,28,28,0)
160:(39,2,1,21,29,29,0)
161:(39,2,0,20,30,30,0)
162:(38,2,1,20,30,30,0)
163:(38,2,2,20,30,30,0)
164:(38,2,1,19,31,31,0)
165:(38,2,2,19,31,31,0)
166:(38,2,1,18,32,32,0)
167:(37,2,2,18,32,32,0)
168:(37,2,1,17,33,33,0)
169:(37,2,0,16,34,34,0)
170:(36,2,1,16,34,34,0)
171:(36,2,0,15,35,35,0)
172:(35,2,1,15,35,35,0)
173:(34,2,2,15,35,35,0)
174:(34,2,1,14,36,36,0)
175:(34,2,0,13,37,37,0)
176:(34,2,1,13,37,37,0)
177:(34,2,0,12,38,38,0)
178:(33,2,1,12,38,38,0)
179:(33,2,0,11,39,39,0)
180:(33,2,1,11,39,39,0)
181:(33,2,0,10,40,40,0)
182:(32,2,1,10,40,40,0)
183:(32,2,0,9,41,41,0)
184:(32,2,1,9,41,41,0)
185:(32,2,0,8,42,42,0)
186:(32,2,1,8,42,42,0)
187:(31,2,2,8,42,42,0)
188:(31,2,1,7,43,43,0)
189:(31,2,0,6,44,44,0)
190:(30,2,1,6,44,44,0)
191:(30,2,0,5,45,45,0)
192:(29,2,1,5,45,45,0)
193:(29,2,0,4,46,46,0)
194:(28,2,1,4,46,46,0)
195:(28,2,0,3,47,47,0)
196:(28,2,1,3,47,47,0)
197:(28,2,2,3,47,47,0)
198:(28,2,3,3,47,47,0)
199:(28,2,2,2,48,48,0)
200:(28,2,1,1,49,49,0)
201:(28,2,0,0,50,50,0)
202:(49,2,0,50,0,0,0)
203:(49,2,1,50,0,0,0)
204:(48,2,2,50,0,0,0)
205:(48,2,1,49,1,1,0)
206:(48,2,0,48,2,2,0)
207:(48,2,1,48,2,2,0)
208:(48,2,0,47,3,3,0)
209:(47,2,1,47,3,3,0)
210:(47,2,2,47,3,3,0)
211:(47,2,1,46,4,4,0)
212:(47,2,0,45,5,5,0)
213:(46,2,1,45,5,5,0)
214:(45,2,2,45,5,5,0)
215:(45,2,1,44,6,6,0)
216:(45,2,0,43,7,7,0)
217:(45,2,1,43,7,7,0)
218:(44,2,2,43,7,7,0)
219:(44,2,1,42,8,8,0)
220:(44,2,0,41,9,9,0)
221:(44,2,1,41,9,9,0)
222:(44,2,0,40,10,10,0)
223:(44,2,1,40,10,10,0)
224:(43,2,2,40,10,10,0)
225:(43,2,3,40,10,10,0)
226:(43,2,2,39,11,11,0)
227:(43,2,1,38,12,12,0)
228:(43,2,2,38,12,12,0)
229:(43,2,1,37,13,13,0)
230:(43,2,2,37,13,13,0)
231:(43,2,1,36,14,14,0)
232:(43,2,0,35,15,15,0)
233:(43,2,1,35,15,15,0)
234:(43,2,0,34,16,16,0)
235:(43,2,1,34,16,16,0)
236:(43,2,2,34,16,16,0)
237:(43,2,1,33,17,17,0)
238:(43,2,0,32,18,18,0)
239:(42,2,1,32,18,18,0)
240:(42,2,2,32,18,18,0)
241:(42,2,1,31,19,19,0)
242:(42,2,0,30,20,20,0)
243:(42,2,1,30,20,20,0)
244:(42,2,2,30,20,20,0)
245:(42,2,1,29,21,21,0)
246:(41,2,2,29,21,21,0)
247:(41,2,1,28,22,22,0)
248:(40,2,2,28,22,22,0)
249:(39,2,3,28,22,22,0)
250:(39,2,2,27,23,23,0)
251:(39,2,1,26,24,24,0)
252:(39,2,0,25,25,25,0)
253:(38,2,1,25,25,25,0)
254:(38,2,0,24,26,26,0)
255:(37,2,1,24,26,26,0)
256:(37,2,2,24,26,26,0)
257:(37,2,3,24,26,26,0)
258:(37,2,2,23,27,27,0)
259:(37,2,3,23,27,27,0)
260:(37,2,2,22,28,28,0)
261:(37,2,1,21,29,29,0)
262:(37,2,0,20,30,30,0)
263:(36,2,1,20,30,30,0)
264:(36,2,2,20,30,30,0)
265:(36,2,1,19,31,31,0)
266:(36,2,2,19,31,31,0)
267:(36,2,1,18,32,32,0)
268:(35,2,2,18,32,32,0)
269:(35,2,1,17,33,33,0)
270:(35,2,0,16,34,34,0)
271:(34,2,1,16,34,34,0)
272:(34,2,0,15,35,35,0)
273:(33,2,1,15,35,35,0)
274:(32,2,2,15,35,35,0)
275:(32,2,1,14,36,36,0)
276:(32,2,0,13,37,37,0)
277:(32,2,1,13,37,37,0)
278:(32,2,0,12,38,38,0)
279:(31,2,1,12,38,38,0)
280:(31,2,0,11,39,39,0)
281:(31,2,1,11,39,39,0)
282:(31,2,0,10,40,40,0)
283:(30,2,1,10,40,40,0)
284:(30,2,0,9,41,41,0)
285:(30,2,1,9,41,41,0)
286:(30,2,0,8,42,42,0)
287:(30,2,1,8,42,42,0)
288:(29,2,2,8,42,42,0)
289:(29,2,1,7,43,43,0)
290:(29,2,0,6,44,44,0)
291:(28,2,1,6,44,44,0)
292:(28,2,0,5,45,45,0)
293:(27,2,1,5,45,45,0)
294:(27,2,0,4,46,46,0)
295:(26,2,1,4,46,46,0)
296:(26,2,0,3,47,47,0)
297:(26,2,1,3,47,47,0)
298:(26,2,2,3,47,47,0)
299:(26,2,3,3,47,47,0)
300:(26,2,2,2,48,48,0)
301:(26,2,1,1,49,49,0)
302:(26,2,0,0,50,50,0)
303:(48,2,3,50,0,0,0)
304:(48,2,2,49,1,1,0)
305:(48,2,2,48,2,2,0)
306:(47,2,3,47,3,3,0)
307:(47,2,2,46,4,4,0)
308:(45,2,3,45,5,5,0)
309:(45,2,2,44,6,6,0)
310:(44,2,3,43,7,7,0)
311:(44,2,2,42,8,8,0)
312:(44,2,2,41,9,9,0)
313:(43,2,4,40,10,10,0)
314:(43,2,3,39,11,11,0)
315:(43,2,3,38,12,12,0)
316:(43,2,3,37,13,13,0)
317:(43,2,2,36,14,14,0)
318:(43,2,2,35,15,15,0)
319:(43,2,3,34,16,16,0)
320:(43,2,2,33,17,17,0)
321:(42,2,3,32,18,18,0)
322:(42,2,2,31,19,19,0)
323:(42,2,3,30,20,20,0)
324:(41,2,3,29,21,21,0)
325:(39,2,4,28,22,22,0)
326:(39,2,3,27,23,23,0)
327:(39,2,2,26,24,24,0)
328:(38,2,2,25,25,25,0)
329:(37,2,4,24,26,26,0)
330:(37,2,4,23,27,27,0)
331:(37,2,3,22,28,28,0)
332:(37,2,2,21,29,29,0)
333:(36,2,3,20,30,30,0)
334:(36,2,3,19,31,31,0)
335:(35,2,3,18,32,32,0)
336:(35,2,2,17,33,33,0)
337:(34,2,2,16,34,34,0)
338:(32,2,3,15,35,35,0)
339:(32,2,2,14,36,36,0)
340:(32,2,2,13,37,37,0)
341:(31,2,2,12,38,38,0)
342:(31,2,2,11,39,39,0)
343:(30,2,2,10,40,40,0)
344:(30,2,2,9,41,41,0)
345:(29,2,3,8,42,42,0)
346:(29,2,2,7,43,43,0)
347:(28,2,2,6,44,44,0)
348:(27,2,2,5,45,45,0)
349:(26,2,2,4,46,46,0)
350:(26,2,4,3,47,47,0)
351:(26,2,3,2,48,48,0)
352:(26,2,2,1,49,49,0)
353:(26,2,1,0,50,50,0)
354:(49,2,3,50,0,0,0)
355:(49,2,2,49,1,1,0)
356:(49,2,2,48,2,2,0)
357:(48,2,3,47,3,3,0)
358:(48,2,2,46,4,4,0)
359:(46,2,3,45,5,5,0)
360:(46,2,2,44,6,6,0)
361:(45,2,3,43,7,7,0)
362:(45,2,2,42,8,8,0)
363:(45,2,2,41,9,9,0)
364:(44,2,4,40,10,10,0)
365:(44,2,3,39,11,11,0)
366:(44,2,3,38,12,12,0)
367:(44,2,3,37,13,13,0)
368:(44,2,2,36,14,14,0)
369:(44,2,2,35,15,15,0)
370:(44,2,3,34,16,16,0)
371:(44,2,2,33,17,17,0)
372:(43,2,3,32,18,18,0)
373:(43,2,2,31,19,19,0)
374:(43,2,3,30,20,20,0)
375:(42,2,3,29,21,21,0)
376:(40,2,4,28,22,22,0)
377:(40,2,3,27,23,23,0)
378:(40,2,2,26,24,24,0)
379:(39,2,2,25,25,25,0)
380:(38,2,4,24,26,26,0)
381:(38,2,4,23,27,27,0)
382:(38,2,3,22,28,28,0)
383:(38,2,2,21,29,29,0)
384:(37,2,3,20,30,30,0)
385:(37,2,3,19,31,31,0)
386:(36,2,3,18,32,32,0)
387:(36,2,2,17,33,33,0)
388:(35,2,2,16,34,34,0)
389:(33,2,3,15,35,35,0)
390:(33,2,2,14,36,36,0)
391:(33,2,2,13,37,37,0)
392:(32,2,2,12,38,38,0)
393:(32,2,2,11,39,39,0)
394:(31,2,2,10,40,40,0)
395:(31,2,2,9,41,41,0)
396:(30,2,3,8,42,42,0)
397:(30,2,2,7,43,43,0)
398:(29,2,2,6,44,44,0)
399:(28,2,2,5,45,45,0)
400:(27,2,2,4,46,46,0)
401:(27,2,4,3,47,47,0)
402:(27,2,3,2,48,48,0)
403:(27,2,2,1,49,49,0)
404:(27,2,1,0,50,50,0)
405:(-1,-1,-1,-1,-1,-1,-1)