(R_,L,RL,G_,G_a,G_bg,G_d)
0:(50,2,0,50,0,0,0) [ 7.4338 ]
1:(50,2,1,50,0,0,0) [ 7.993799999999999 ]
2:(50,2,2,50,0,0,0) [ 8.553799999999999 ]
3:(50,2,3,50,0,0,0) [ 9.113800000000001 ]
4:(50,2,2,49,1,1,0) [ 8.6318 ]
5:(50,2,2,49,0,1,1) [ 1058.5318 ]
6:(51,2,2,49,0,1,1) [ 1058.6162 ]
7:(50,2,3,49,0,1,1) [ 1059.0808 ]
8:(50,2,4,49,0,1,1) [ 1059.6298 ]
9:(50,2,5,49,0,1,1) [ 1060.1788 ]
10:(51,2,5,49,0,1,1) [ 1060.2632 ]
11:(52,2,5,49,0,1,1) [ 1060.3476 ]
12:(53,2,5,49,0,1,1) [ 1060.432 ]
13:(54,2,5,49,0,1,1) [ 1060.5164 ]
14:(55,2,5,49,0,1,1) [ 1060.6008 ]
15:(56,2,5,49,0,1,1) [ 1060.6852 ]
16:(55,2,6,49,0,1,1) [ 1061.1498 ]
17:(55,2,5,48,1,2,1) [ 2110.6458 ]
18:(55,2,4,47,2,3,1) [ 3160.1638 ]
19:(55,2,4,47,1,3,2) [ 6310.063800000001 ]
20:(55,2,4,47,0,3,3) [ 9459.9638 ]
21:(56,2,4,47,0,3,3) [ 9460.0482 ]
22:(57,2,4,47,0,3,3) [ 9460.1326 ]
23:(58,2,4,47,0,3,3) [ 9460.217 ]
24:(59,2,4,47,0,3,3) [ 9460.3014 ]
25:(60,2,4,47,0,3,3) [ 9460.3858 ]
26:(60,2,5,47,0,3,3) [ 9460.9128 ]
27:(60,2,4,46,1,4,3) [ 12610.4418 ]
28:(60,2,4,46,0,4,4) [ 16810.3418 ]
29:(61,2,4,46,0,4,4) [ 16810.4262 ]
30:(62,2,4,46,0,4,4) [ 16810.5106 ]
31:(61,2,5,46,0,4,4) [ 16810.9422 ]
32:(61,2,4,45,1,5,4) [ 21010.4822 ]
33:(61,2,4,45,0,5,5) [ 26260.3822 ]
34:(61,2,5,45,0,5,5) [ 26260.8872 ]
35:(62,2,5,45,0,5,5) [ 26260.9716 ]
36:(63,2,5,45,0,5,5) [ 26261.056 ]
37:(63,2,6,45,0,5,5) [ 26261.561 ]
38:(64,2,6,45,0,5,5) [ 26261.6454 ]
39:(64,2,5,44,1,6,5) [ 31511.1854 ]
40:(64,2,5,44,0,6,6) [ 37811.0854 ]
41:(64,2,4,43,1,7,6) [ 44110.6474 ]
42:(65,2,4,43,1,7,6) [ 44110.7318 ]
43:(66,2,4,43,1,7,6) [ 44110.8162 ]
44:(65,2,5,43,1,7,6) [ 44111.2148 ]
45:(65,2,5,43,0,7,7) [ 51461.1148 ]
46:(65,2,6,43,0,7,7) [ 51461.5978 ]
47:(64,2,7,43,0,7,7) [ 51461.9964 ]
48:(64,2,6,42,1,8,7) [ 58811.547399999996 ]
49:(64,2,6,42,0,8,8) [ 67211.4474 ]
50:(64,2,5,41,1,9,8) [ 75611.02040000001 ]
51:(64,2,4,40,2,10,8) [ 84010.6154 ]
52:(65,2,4,40,2,10,8) [ 84010.6998 ]
53:(66,2,3,40,2,10,8) [ 84010.3342 ]
54:(66,2,2,39,3,11,8) [ 92409.96220000001 ]
55:(67,2,2,39,3,11,8) [ 92410.0466 ]
56:(68,2,2,39,3,11,8) [ 92410.13100000001 ]
57:(67,2,3,39,3,11,8) [ 92410.4856 ]
58:(66,2,4,39,3,11,8) [ 92410.8402 ]
59:(66,2,4,39,2,11,9) [ 103960.7402 ]
60:(66,2,4,39,1,11,10) [ 115510.64020000001 ]
61:(66,2,5,39,1,11,10) [ 115511.07920000001 ]
62:(67,2,5,39,1,11,10) [ 115511.1636 ]
63:(67,2,4,38,2,12,10) [ 126010.7806 ]
64:(67,2,5,38,2,12,10) [ 126011.2086 ]
65:(67,2,6,38,2,12,10) [ 126011.6366 ]
66:(67,2,6,38,1,12,11) [ 138611.5366 ]
67:(68,2,6,38,1,12,11) [ 138611.621 ]
68:(69,2,6,38,1,12,11) [ 138611.7054 ]
69:(70,2,6,38,1,12,11) [ 138611.7898 ]
70:(70,2,7,38,1,12,11) [ 138612.2178 ]
71:(70,2,7,38,0,12,12) [ 151212.1178 ]
72:(71,2,7,38,0,12,12) [ 151212.2022 ]
73:(72,2,7,38,0,12,12) [ 151212.2866 ]
74:(73,2,7,38,0,12,12) [ 151212.371 ]
75:(74,2,7,38,0,12,12) [ 151212.4554 ]
76:(75,2,7,38,0,12,12) [ 151212.5398 ]
77:(75,2,6,37,1,13,12) [ 163812.1458 ]
78:(75,2,7,37,1,13,12) [ 163812.5628 ]
79:(75,2,7,37,0,13,13) [ 177462.4628 ]
80:(75,2,8,37,0,13,13) [ 177462.8798 ]
81:(75,2,9,37,0,13,13) [ 177463.2968 ]
82:(75,2,10,37,0,13,13) [ 177463.7138 ]
83:(76,2,10,37,0,13,13) [ 177463.7982 ]
84:(77,2,10,37,0,13,13) [ 177463.8826 ]
85:(78,2,10,37,0,13,13) [ 177463.967 ]
86:(78,2,9,36,1,14,13) [ 191113.551 ]
87:(78,2,9,36,0,14,14) [ 205813.451 ]
88:(77,2,10,36,0,14,14) [ 205813.7726 ]
89:(77,2,11,36,0,14,14) [ 205814.1786 ]
90:(77,2,10,35,1,15,14) [ 220513.76260000002 ]
91:(77,2,11,35,1,15,14) [ 220514.1576 ]
92:(77,2,12,35,1,15,14) [ 220514.5526 ]
93:(77,2,13,35,1,15,14) [ 220514.9476 ]
94:(77,2,14,35,1,15,14) [ 220515.3426 ]
95:(77,2,14,35,0,15,15) [ 236265.2426 ]
96:(77,2,15,35,0,15,15) [ 236265.6376 ]
97:(77,2,15,36,0,14,14) [ 205815.8026 ]
98:(78,2,15,36,0,14,14) [ 205815.887 ]
99:(79,2,15,36,0,14,14) [ 205815.9714 ]
100:(80,2,15,36,0,14,14) [ 205816.0558 ]
101:(81,2,14,36,0,14,14) [ 205815.7342 ]
102:(82,2,14,36,0,14,14) [ 205815.8186 ]
103:(82,2,15,36,0,14,14) [ 205816.2246 ]
104:(83,2,15,36,0,14,14) [ 205816.309 ]
105:(82,2,16,36,0,14,14) [ 205816.6306 ]
106:(83,2,16,36,0,14,14) [ 205816.715 ]
107:(83,2,17,36,0,14,14) [ 205817.121 ]
108:(84,2,17,36,0,14,14) [ 205817.2054 ]
109:(84,2,18,36,0,14,14) [ 205817.6114 ]
110:(84,2,17,35,1,15,14) [ 220517.1184 ]
111:(83,2,17,35,1,15,14) [ 220517.034 ]
112:(82,2,18,35,1,15,14) [ 220517.3446 ]
113:(83,2,18,35,1,15,14) [ 220517.429 ]
114:(83,2,17,34,2,16,14) [ 235216.94700000001 ]
115:(83,2,17,34,1,16,15) [ 252016.847 ]
116:(83,2,18,34,1,16,15) [ 252017.231 ]
117:(84,2,18,34,1,16,15) [ 252017.3154 ]
118:(83,2,19,34,1,16,15) [ 252017.61500000002 ]
119:(83,2,18,33,2,17,15) [ 267767.13300000003 ]
120:(82,2,19,33,2,17,15) [ 267767.4216 ]
121:(81,2,20,33,2,17,15) [ 267767.71020000003 ]
122:(81,2,20,33,1,17,16) [ 285617.6102 ]
123:(81,2,19,32,2,18,16) [ 302417.12820000004 ]
124:(81,2,18,31,3,19,16) [ 319216.6682 ]
125:(80,2,19,31,3,19,16) [ 319216.9348 ]
126:(80,2,18,30,4,20,16) [ 336016.4858 ]
127:(79,2,18,30,4,20,16) [ 336016.40140000003 ]
128:(78,2,19,30,4,20,16) [ 336016.657 ]
129:(77,2,20,30,4,20,16) [ 336016.91260000004 ]
130:(77,2,21,30,4,20,16) [ 336017.2526 ]
131:(77,2,22,30,4,20,16) [ 336017.59260000003 ]
132:(77,2,23,30,4,20,16) [ 336017.9326 ]
133:(77,2,22,29,5,21,16) [ 352817.4506 ]
134:(76,2,23,29,5,21,16) [ 352817.6952 ]
135:(75,2,24,29,5,21,16) [ 352817.9398 ]
136:(75,2,25,29,5,21,16) [ 352818.2688 ]
137:(75,2,26,29,5,21,16) [ 352818.5978 ]
138:(76,2,26,29,5,21,16) [ 352818.6822 ]
139:(77,2,26,29,5,21,16) [ 352818.7666 ]
140:(78,2,26,29,5,21,16) [ 352818.851 ]
141:(79,2,26,29,5,21,16) [ 352818.9354 ]
142:(79,2,27,29,5,21,16) [ 352819.2644 ]
143:(80,2,27,29,5,21,16) [ 352819.3488 ]
144:(81,2,27,29,5,21,16) [ 352819.4332 ]
145:(81,2,28,29,5,21,16) [ 352819.7622 ]
146:(81,2,29,29,5,21,16) [ 352820.0912 ]
147:(81,2,30,29,5,21,16) [ 352820.4202 ]
148:(81,2,29,28,6,22,16) [ 369619.8722 ]
149:(81,2,30,28,6,22,16) [ 369620.19019999995 ]
150:(80,2,31,28,6,22,16) [ 369620.4238 ]
151:(79,2,32,28,6,22,16) [ 369620.65739999997 ]
152:(79,2,33,28,6,22,16) [ 369620.9754 ]
153:(79,2,34,28,6,22,16) [ 369621.29339999997 ]
154:(79,2,35,28,6,22,16) [ 369621.6114 ]
155:(78,2,36,28,6,22,16) [ 369621.845 ]
156:(77,2,37,28,6,22,16) [ 369622.07859999995 ]
157:(76,2,38,28,6,22,16) [ 369622.3122 ]
158:(75,2,39,28,6,22,16) [ 369622.54579999996 ]
159:(74,2,40,28,6,22,16) [ 369622.7794 ]
160:(74,2,39,27,7,23,16) [ 386422.1324 ]
161:(74,2,38,26,8,24,16) [ 403221.5074 ]
162:(74,2,37,25,9,25,16) [ 420020.9044 ]
163:(74,2,36,24,10,26,16) [ 436820.3234 ]
164:(74,2,35,23,11,27,16) [ 453619.7644 ]
165:(74,2,34,22,12,28,16) [ 470419.22740000003 ]
166:(74,2,33,21,13,29,16) [ 487218.71239999996 ]
167:(74,2,32,20,14,30,16) [ 504018.2194 ]
168:(74,2,31,19,15,31,16) [ 520817.7484 ]
169:(74,2,30,18,16,32,16) [ 537617.2994 ]
170:(74,2,29,17,17,33,16) [ 554416.8724 ]
171:(74,2,28,16,18,34,16) [ 571216.4674000001 ]
172:(74,2,27,15,19,35,16) [ 588016.0844 ]
173:(74,2,26,14,20,36,16) [ 604815.7234 ]
174:(74,2,25,13,21,37,16) [ 621615.3844 ]
175:(74,2,24,12,22,38,16) [ 638415.0673999999 ]
176:(74,2,23,11,23,39,16) [ 655214.7724 ]
177:(74,2,22,10,24,40,16) [ 672014.4994 ]
178:(74,2,21,9,25,41,16) [ 688814.2484 ]
179:(74,2,20,8,26,42,16) [ 705614.0194 ]
180:(74,2,19,7,27,43,16) [ 722413.8123999999 ]
181:(74,2,18,6,28,44,16) [ 739213.6274 ]
182:(74,2,17,5,29,45,16) [ 756013.4644 ]
183:(74,2,16,4,30,46,16) [ 772813.3234 ]
184:(74,2,15,3,31,47,16) [ 789613.2043999999 ]
185:(74,2,14,2,32,48,16) [ 806413.1074 ]
186:(74,2,13,1,33,49,16) [ 823213.0324 ]
187:(74,2,12,0,34,50,16) [ 840012.9794000001 TARGET ]
188:(75,2,12,0,34,50,16) [ 840013.0638 TARGET ]
189:(73,2,12,0,34,50,16) [ 840012.895 TARGET ]
190:(73,2,13,0,34,50,16) [ 840012.905 TARGET ]
191:(74,2,13,0,34,50,16) [ 840012.9894000001 TARGET ]
192:(75,2,13,1,33,49,16) [ 823213.1168000001 ]
193:(73,2,13,1,33,49,16) [ 823212.9480000001 ]
194:(73,2,14,1,33,49,16) [ 823212.969 ]
195:(74,2,14,1,33,49,16) [ 823213.0534000001 ]
196:(75,2,14,2,32,48,16) [ 806413.1917999999 ]
197:(73,2,14,2,32,48,16) [ 806413.0229999999 ]
198:(73,2,15,2,32,48,16) [ 806413.0549999999 ]
199:(74,2,15,2,32,48,16) [ 806413.1394 ]
200:(75,2,15,3,31,47,16) [ 789613.2888 ]
201:(73,2,15,3,31,47,16) [ 789613.12 ]
202:(73,2,16,3,31,47,16) [ 789613.163 ]
203:(74,2,16,3,31,47,16) [ 789613.2474 ]
204:(75,2,16,4,30,46,16) [ 772813.4078 ]
205:(73,2,16,4,30,46,16) [ 772813.239 ]
206:(73,2,17,4,30,46,16) [ 772813.293 ]
207:(74,2,17,4,30,46,16) [ 772813.3774 ]
208:(75,2,17,5,29,45,16) [ 756013.5488 ]
209:(73,2,17,5,29,45,16) [ 756013.38 ]
210:(73,2,18,5,29,45,16) [ 756013.4450000001 ]
211:(74,2,18,5,29,45,16) [ 756013.5294 ]
212:(75,2,18,6,28,44,16) [ 739213.7118 ]
213:(73,2,18,6,28,44,16) [ 739213.5430000001 ]
214:(73,2,19,6,28,44,16) [ 739213.6190000001 ]
215:(74,2,19,6,28,44,16) [ 739213.7034 ]
216:(75,2,19,7,27,43,16) [ 722413.8968 ]
217:(73,2,19,7,27,43,16) [ 722413.728 ]
218:(73,2,20,7,27,43,16) [ 722413.815 ]
219:(74,2,20,7,27,43,16) [ 722413.8994 ]
220:(75,2,20,8,26,42,16) [ 705614.1037999999 ]
221:(73,2,20,8,26,42,16) [ 705613.9349999999 ]
222:(73,2,21,8,26,42,16) [ 705614.0329999999 ]
223:(74,2,21,8,26,42,16) [ 705614.1174 ]
224:(75,2,21,9,25,41,16) [ 688814.3328 ]
225:(73,2,21,9,25,41,16) [ 688814.164 ]
226:(73,2,22,9,25,41,16) [ 688814.273 ]
227:(74,2,22,9,25,41,16) [ 688814.3574 ]
228:(75,2,22,10,24,40,16) [ 672014.5838 ]
229:(73,2,22,10,24,40,16) [ 672014.415 ]
230:(73,2,23,10,24,40,16) [ 672014.535 ]
231:(74,2,23,10,24,40,16) [ 672014.6194 ]
232:(75,2,23,11,23,39,16) [ 655214.8568000001 ]
233:(73,2,23,11,23,39,16) [ 655214.6880000001 ]
234:(73,2,24,11,23,39,16) [ 655214.819 ]
235:(74,2,24,11,23,39,16) [ 655214.9034000001 ]
236:(75,2,24,12,22,38,16) [ 638415.1518 ]
237:(73,2,24,12,22,38,16) [ 638414.983 ]
238:(73,2,25,12,22,38,16) [ 638415.125 ]
239:(74,2,25,12,22,38,16) [ 638415.2093999999 ]
240:(75,2,25,13,21,37,16) [ 621615.4688 ]
241:(73,2,25,13,21,37,16) [ 621615.2999999999 ]
242:(73,2,26,13,21,37,16) [ 621615.453 ]
243:(74,2,26,13,21,37,16) [ 621615.5374 ]
244:(75,2,26,14,20,36,16) [ 604815.8078 ]
245:(73,2,26,14,20,36,16) [ 604815.639 ]
246:(73,2,27,14,20,36,16) [ 604815.803 ]
247:(74,2,27,14,20,36,16) [ 604815.8874 ]
248:(75,2,27,15,19,35,16) [ 588016.1688 ]
249:(73,2,27,15,19,35,16) [ 588016.0 ]
250:(73,2,28,15,19,35,16) [ 588016.175 ]
251:(74,2,28,15,19,35,16) [ 588016.2594 ]
252:(75,2,28,16,18,34,16) [ 571216.5518 ]
253:(73,2,28,16,18,34,16) [ 571216.383 ]
254:(73,2,29,16,18,34,16) [ 571216.569 ]
255:(74,2,29,16,18,34,16) [ 571216.6534000001 ]
256:(75,2,29,17,17,33,16) [ 554416.9567999999 ]
257:(73,2,29,17,17,33,16) [ 554416.788 ]
258:(73,2,30,17,17,33,16) [ 554416.985 ]
259:(74,2,30,17,17,33,16) [ 554417.0693999999 ]
260:(75,2,30,18,16,32,16) [ 537617.3838 ]
261:(73,2,30,18,16,32,16) [ 537617.215 ]
262:(73,2,31,18,16,32,16) [ 537617.423 ]
263:(74,2,31,18,16,32,16) [ 537617.5074 ]
264:(75,2,31,19,15,31,16) [ 520817.8328 ]
265:(73,2,31,19,15,31,16) [ 520817.664 ]
266:(73,2,32,19,15,31,16) [ 520817.883 ]
267:(74,2,32,19,15,31,16) [ 520817.9674 ]
268:(75,2,32,20,14,30,16) [ 504018.3038 ]
269:(73,2,32,20,14,30,16) [ 504018.135 ]
270:(73,2,33,20,14,30,16) [ 504018.36500000005 ]
271:(74,2,33,20,14,30,16) [ 504018.44940000004 ]
272:(75,2,33,21,13,29,16) [ 487218.7968 ]
273:(73,2,33,21,13,29,16) [ 487218.62799999997 ]
274:(73,2,34,21,13,29,16) [ 487218.869 ]
275:(74,2,34,21,13,29,16) [ 487218.9534 ]
276:(75,2,34,22,12,28,16) [ 470419.3118 ]
277:(73,2,34,22,12,28,16) [ 470419.14300000004 ]
278:(73,2,35,22,12,28,16) [ 470419.395 ]
279:(74,2,35,22,12,28,16) [ 470419.4794 ]
280:(75,2,35,23,11,27,16) [ 453619.8488 ]
281:(73,2,35,23,11,27,16) [ 453619.68 ]
282:(73,2,36,23,11,27,16) [ 453619.94299999997 ]
283:(74,2,36,23,11,27,16) [ 453620.02739999996 ]
284:(75,2,36,24,10,26,16) [ 436820.4078 ]
285:(73,2,36,24,10,26,16) [ 436820.239 ]
286:(73,2,37,24,10,26,16) [ 436820.513 ]
287:(74,2,37,24,10,26,16) [ 436820.5974 ]
288:(75,2,37,25,9,25,16) [ 420020.98880000005 ]
289:(73,2,37,25,9,25,16) [ 420020.82 ]
290:(73,2,38,25,9,25,16) [ 420021.10500000004 ]
291:(74,2,38,25,9,25,16) [ 420021.18940000003 ]
292:(75,2,38,26,8,24,16) [ 403221.5918 ]
293:(73,2,38,26,8,24,16) [ 403221.423 ]
294:(73,2,39,26,8,24,16) [ 403221.719 ]
295:(74,2,39,26,8,24,16) [ 403221.8034 ]
296:(75,2,39,27,7,23,16) [ 386422.2168 ]
297:(73,2,39,27,7,23,16) [ 386422.048 ]
298:(73,2,40,27,7,23,16) [ 386422.35500000004 ]
299:(74,2,40,27,7,23,16) [ 386422.43940000003 ]
300:(75,2,40,28,6,22,16) [ 369622.8638 ]
301:(73,2,40,28,6,22,16) [ 369622.69499999995 ]
302:(73,2,41,28,6,22,16) [ 369623.013 ]
303:(74,2,41,28,6,22,16) [ 369623.09739999997 ]
304:(76,2,39,28,6,22,16) [ 369622.63019999996 ]
305:(74,2,39,28,6,22,16) [ 369622.4614 ]
306:(77,2,38,28,6,22,16) [ 369622.3966 ]
307:(75,2,38,28,6,22,16) [ 369622.2278 ]
308:(78,2,37,28,6,22,16) [ 369622.163 ]
309:(76,2,37,28,6,22,16) [ 369621.99419999996 ]
310:(79,2,36,28,6,22,16) [ 369621.92939999996 ]
311:(77,2,36,28,6,22,16) [ 369621.7606 ]
312:(80,2,35,28,6,22,16) [ 369621.6958 ]
313:(78,2,35,28,6,22,16) [ 369621.527 ]
314:(80,2,34,28,6,22,16) [ 369621.37779999996 ]
315:(78,2,34,28,6,22,16) [ 369621.209 ]
316:(80,2,33,28,6,22,16) [ 369621.0598 ]
317:(78,2,33,28,6,22,16) [ 369620.891 ]
318:(80,2,32,28,6,22,16) [ 369620.74179999996 ]
319:(78,2,32,28,6,22,16) [ 369620.573 ]
320:(81,2,31,28,6,22,16) [ 369620.5082 ]
321:(79,2,31,28,6,22,16) [ 369620.3394 ]
322:(82,2,30,28,6,22,16) [ 369620.2746 ]
323:(80,2,30,28,6,22,16) [ 369620.10579999996 ]
324:(82,2,29,28,6,22,16) [ 369619.9566 ]
325:(80,2,29,28,6,22,16) [ 369619.7878 ]
326:(82,2,30,29,5,21,16) [ 352820.5046 ]
327:(80,2,30,29,5,21,16) [ 352820.3358 ]
328:(80,2,31,29,5,21,16) [ 352820.6648 ]
329:(81,2,31,29,5,21,16) [ 352820.7492 ]
330:(82,2,29,29,5,21,16) [ 352820.1756 ]
331:(80,2,29,29,5,21,16) [ 352820.0068 ]
332:(82,2,28,29,5,21,16) [ 352819.8466 ]
333:(80,2,28,29,5,21,16) [ 352819.6778 ]
334:(82,2,27,29,5,21,16) [ 352819.5176 ]
335:(79,2,28,29,5,21,16) [ 352819.5934 ]
336:(78,2,27,29,5,21,16) [ 352819.18 ]
337:(78,2,28,29,5,21,16) [ 352819.509 ]
338:(80,2,26,29,5,21,16) [ 352819.0198 ]
339:(77,2,27,29,5,21,16) [ 352819.0956 ]
340:(76,2,27,29,5,21,16) [ 352819.0112 ]
341:(75,2,27,29,5,21,16) [ 352818.9268 ]
342:(74,2,26,29,5,21,16) [ 352818.5134 ]
343:(74,2,27,29,5,21,16) [ 352818.8424 ]
344:(76,2,25,29,5,21,16) [ 352818.3532 ]
345:(74,2,25,29,5,21,16) [ 352818.1844 ]
346:(76,2,24,29,5,21,16) [ 352818.0242 ]
347:(74,2,24,29,5,21,16) [ 352817.8554 ]
348:(77,2,23,29,5,21,16) [ 352817.7796 ]
349:(75,2,23,29,5,21,16) [ 352817.6108 ]
350:(78,2,22,29,5,21,16) [ 352817.535 ]
351:(76,2,22,29,5,21,16) [ 352817.3662 ]
352:(78,2,23,30,4,20,16) [ 336018.01700000005 ]
353:(76,2,23,30,4,20,16) [ 336017.8482 ]
354:(76,2,24,30,4,20,16) [ 336018.18820000003 ]
355:(77,2,24,30,4,20,16) [ 336018.2726 ]
356:(78,2,22,30,4,20,16) [ 336017.677 ]
357:(76,2,22,30,4,20,16) [ 336017.50820000004 ]
358:(78,2,21,30,4,20,16) [ 336017.337 ]
359:(76,2,21,30,4,20,16) [ 336017.1682 ]
360:(78,2,20,30,4,20,16) [ 336016.99700000003 ]
361:(76,2,20,30,4,20,16) [ 336016.82820000005 ]
362:(79,2,19,30,4,20,16) [ 336016.7414 ]
363:(77,2,19,30,4,20,16) [ 336016.5726 ]
364:(78,2,18,30,4,20,16) [ 336016.31700000004 ]
365:(81,2,18,30,4,20,16) [ 336016.5702 ]
366:(80,2,19,30,4,20,16) [ 336016.82580000005 ]
367:(81,2,19,31,3,19,16) [ 319217.0192 ]
368:(79,2,19,31,3,19,16) [ 319216.8504 ]
369:(79,2,20,31,3,19,16) [ 319217.20139999996 ]
370:(80,2,20,31,3,19,16) [ 319217.2858 ]
371:(82,2,18,31,3,19,16) [ 319216.7526 ]
372:(80,2,18,31,3,19,16) [ 319216.58379999996 ]
373:(82,2,19,32,2,18,16) [ 302417.2126 ]
374:(80,2,19,32,2,18,16) [ 302417.0438 ]
375:(80,2,20,32,2,18,16) [ 302417.4058 ]
376:(81,2,20,32,2,18,16) [ 302417.4902 ]
377:(82,2,20,33,1,17,16) [ 285617.6946 ]
378:(80,2,20,33,1,17,16) [ 285617.5258 ]
379:(80,2,21,33,1,17,16) [ 285617.89879999997 ]
380:(81,2,21,33,1,17,16) [ 285617.98319999996 ]
381:(82,2,20,33,2,17,15) [ 267767.7946 ]
382:(80,2,20,33,2,17,15) [ 267767.62580000004 ]
383:(80,2,21,33,2,17,15) [ 267767.9988 ]
384:(81,2,21,33,2,17,15) [ 267768.0832 ]
385:(83,2,19,33,2,17,15) [ 267767.506 ]
386:(81,2,19,33,2,17,15) [ 267767.3372 ]
387:(84,2,18,33,2,17,15) [ 267767.2174 ]
388:(82,2,18,33,2,17,15) [ 267767.04860000004 ]
389:(84,2,19,34,1,16,15) [ 252017.6994 ]
390:(82,2,19,34,1,16,15) [ 252017.5306 ]
391:(82,2,20,34,1,16,15) [ 252017.91460000002 ]
392:(83,2,20,34,1,16,15) [ 252017.999 ]
393:(85,2,18,34,1,16,15) [ 252017.3998 ]
394:(82,2,18,34,1,16,15) [ 252017.1466 ]
395:(84,2,17,34,1,16,15) [ 252016.9314 ]
396:(82,2,17,34,1,16,15) [ 252016.76260000002 ]
397:(84,2,17,34,2,16,14) [ 235217.0314 ]
398:(82,2,17,34,2,16,14) [ 235216.86260000002 ]
399:(82,2,18,34,2,16,14) [ 235217.2466 ]
400:(83,2,18,34,2,16,14) [ 235217.331 ]
401:(84,2,18,35,1,15,14) [ 220517.5134 ]
402:(82,2,19,35,1,15,14) [ 220517.7396 ]
403:(83,2,19,35,1,15,14) [ 220517.824 ]
404:(81,2,18,35,1,15,14) [ 220517.26020000002 ]
405:(81,2,19,35,1,15,14) [ 220517.6552 ]
406:(82,2,17,35,1,15,14) [ 220516.9496 ]
407:(85,2,17,35,1,15,14) [ 220517.2028 ]
408:(85,2,18,36,0,14,14) [ 205817.6958 ]
409:(83,2,18,36,0,14,14) [ 205817.527 ]
410:(83,2,19,36,0,14,14) [ 205817.933 ]
411:(84,2,19,36,0,14,14) [ 205818.0174 ]
412:(85,2,17,36,0,14,14) [ 205817.2898 ]
413:(82,2,17,36,0,14,14) [ 205817.0366 ]
414:(82,2,18,36,0,14,14) [ 205817.4426 ]
415:(84,2,16,36,0,14,14) [ 205816.7994 ]
416:(81,2,16,36,0,14,14) [ 205816.5462 ]
417:(81,2,17,36,0,14,14) [ 205816.9522 ]
418:(84,2,15,36,0,14,14) [ 205816.3934 ]
419:(81,2,15,36,0,14,14) [ 205816.1402 ]
420:(83,2,14,36,0,14,14) [ 205815.903 ]
421:(80,2,14,36,0,14,14) [ 205815.6498 ]
422:(79,2,16,36,0,14,14) [ 205816.3774 ]
423:(80,2,16,36,0,14,14) [ 205816.4618 ]
424:(78,2,16,36,0,14,14) [ 205816.293 ]
425:(77,2,16,36,0,14,14) [ 205816.2086 ]
426:(76,2,15,36,0,14,14) [ 205815.7182 ]
427:(76,2,16,36,0,14,14) [ 205816.1242 ]
428:(78,2,15,35,0,15,15) [ 236265.722 ]
429:(76,2,15,35,0,15,15) [ 236265.5532 ]
430:(76,2,16,35,0,15,15) [ 236265.9482 ]
431:(77,2,16,35,0,15,15) [ 236266.0326 ]
432:(78,2,14,35,0,15,15) [ 236265.327 ]
433:(76,2,14,35,0,15,15) [ 236265.1582 ]
434:(78,2,14,35,1,15,14) [ 220515.427 ]
435:(76,2,14,35,1,15,14) [ 220515.2582 ]
436:(76,2,15,35,1,15,14) [ 220515.6532 ]
437:(77,2,15,35,1,15,14) [ 220515.7376 ]
438:(78,2,13,35,1,15,14) [ 220515.032 ]
439:(76,2,13,35,1,15,14) [ 220514.8632 ]
440:(78,2,12,35,1,15,14) [ 220514.63700000002 ]
441:(76,2,12,35,1,15,14) [ 220514.4682 ]
442:(78,2,11,35,1,15,14) [ 220514.242 ]
443:(76,2,11,35,1,15,14) [ 220514.0732 ]
444:(78,2,10,35,1,15,14) [ 220513.847 ]
445:(76,2,10,35,1,15,14) [ 220513.6782 ]
446:(78,2,11,36,0,14,14) [ 205814.263 ]
447:(76,2,11,36,0,14,14) [ 205814.0942 ]
448:(76,2,12,36,0,14,14) [ 205814.5002 ]
449:(77,2,12,36,0,14,14) [ 205814.5846 ]
450:(78,2,10,36,0,14,14) [ 205813.857 ]
451:(76,2,10,36,0,14,14) [ 205813.6882 ]
452:(79,2,9,36,0,14,14) [ 205813.5354 ]
453:(77,2,9,36,0,14,14) [ 205813.3666 ]
454:(79,2,9,36,1,14,13) [ 191113.6354 ]
455:(77,2,9,36,1,14,13) [ 191113.4666 ]
456:(77,2,10,36,1,14,13) [ 191113.8726 ]
457:(78,2,10,36,1,14,13) [ 191113.957 ]
458:(79,2,10,37,0,13,13) [ 177464.0514 ]
459:(77,2,11,37,0,13,13) [ 177464.2996 ]
460:(78,2,11,37,0,13,13) [ 177464.384 ]
461:(76,2,11,37,0,13,13) [ 177464.2152 ]
462:(75,2,11,37,0,13,13) [ 177464.1308 ]
463:(74,2,10,37,0,13,13) [ 177463.6294 ]
464:(74,2,11,37,0,13,13) [ 177464.0464 ]
465:(76,2,9,37,0,13,13) [ 177463.3812 ]
466:(74,2,9,37,0,13,13) [ 177463.2124 ]
467:(76,2,8,37,0,13,13) [ 177462.9642 ]
468:(74,2,8,37,0,13,13) [ 177462.7954 ]
469:(76,2,7,37,0,13,13) [ 177462.5472 ]
470:(74,2,7,37,0,13,13) [ 177462.3784 ]
471:(76,2,7,37,1,13,12) [ 163812.6472 ]
472:(74,2,7,37,1,13,12) [ 163812.4784 ]
473:(74,2,8,37,1,13,12) [ 163812.8954 ]
474:(75,2,8,37,1,13,12) [ 163812.9798 ]
475:(76,2,6,37,1,13,12) [ 163812.23020000002 ]
476:(74,2,6,37,1,13,12) [ 163812.0614 ]
477:(76,2,7,38,0,12,12) [ 151212.6242 ]
478:(74,2,8,38,0,12,12) [ 151212.8834 ]
479:(75,2,8,38,0,12,12) [ 151212.9678 ]
480:(73,2,8,38,0,12,12) [ 151212.799 ]
481:(72,2,8,38,0,12,12) [ 151212.7146 ]
482:(71,2,8,38,0,12,12) [ 151212.6302 ]
483:(70,2,8,38,0,12,12) [ 151212.5458 ]
484:(69,2,7,38,0,12,12) [ 151212.0334 ]
485:(69,2,8,38,0,12,12) [ 151212.4614 ]
486:(71,2,7,38,1,12,11) [ 138612.3022 ]
487:(69,2,7,38,1,12,11) [ 138612.1334 ]
488:(69,2,8,38,1,12,11) [ 138612.5614 ]
489:(70,2,8,38,1,12,11) [ 138612.6458 ]
490:(71,2,6,38,1,12,11) [ 138611.87420000002 ]
491:(68,2,7,38,1,12,11) [ 138612.049 ]
492:(67,2,7,38,1,12,11) [ 138611.9646 ]
493:(66,2,6,38,1,12,11) [ 138611.4522 ]
494:(66,2,7,38,1,12,11) [ 138611.8802 ]
495:(68,2,6,38,2,12,10) [ 126011.72099999999 ]
496:(66,2,6,38,2,12,10) [ 126011.55219999999 ]
497:(66,2,7,38,2,12,10) [ 126011.98019999999 ]
498:(67,2,7,38,2,12,10) [ 126012.0646 ]
499:(68,2,5,38,2,12,10) [ 126011.29299999999 ]
500:(66,2,5,38,2,12,10) [ 126011.12419999999 ]
501:(68,2,4,38,2,12,10) [ 126010.86499999999 ]
502:(66,2,4,38,2,12,10) [ 126010.69619999999 ]
503:(68,2,5,39,1,11,10) [ 115511.248 ]
504:(66,2,6,39,1,11,10) [ 115511.5182 ]
505:(67,2,6,39,1,11,10) [ 115511.60260000001 ]
506:(65,2,5,39,1,11,10) [ 115510.9948 ]
507:(65,2,6,39,1,11,10) [ 115511.4338 ]
508:(67,2,4,39,1,11,10) [ 115510.7246 ]
509:(65,2,4,39,1,11,10) [ 115510.5558 ]
510:(67,2,4,39,2,11,9) [ 103960.82459999999 ]
511:(65,2,4,39,2,11,9) [ 103960.6558 ]
512:(65,2,5,39,2,11,9) [ 103961.09479999999 ]
513:(66,2,5,39,2,11,9) [ 103961.1792 ]
514:(67,2,4,39,3,11,8) [ 92410.9246 ]
515:(65,2,4,39,3,11,8) [ 92410.7558 ]
516:(65,2,5,39,3,11,8) [ 92411.1948 ]
517:(66,2,5,39,3,11,8) [ 92411.2792 ]
518:(68,2,3,39,3,11,8) [ 92410.57 ]
519:(66,2,3,39,3,11,8) [ 92410.40120000001 ]
520:(69,2,2,39,3,11,8) [ 92410.2154 ]
521:(65,2,2,39,3,11,8) [ 92409.8778 ]
522:(65,2,3,39,3,11,8) [ 92410.3168 ]
523:(67,2,3,40,2,10,8) [ 84010.41859999999 ]
524:(65,2,3,40,2,10,8) [ 84010.24979999999 ]
525:(66,2,4,40,2,10,8) [ 84010.7842 ]
526:(64,2,5,40,2,10,8) [ 84011.06539999999 ]
527:(65,2,5,40,2,10,8) [ 84011.1498 ]
528:(63,2,4,40,2,10,8) [ 84010.531 ]
529:(63,2,5,40,2,10,8) [ 84010.981 ]
530:(65,2,5,41,1,9,8) [ 75611.1048 ]
531:(63,2,5,41,1,9,8) [ 75610.936 ]
532:(63,2,6,41,1,9,8) [ 75611.39700000001 ]
533:(64,2,6,41,1,9,8) [ 75611.4814 ]
534:(65,2,6,42,0,8,8) [ 67211.5318 ]
535:(63,2,6,42,0,8,8) [ 67211.363 ]
536:(63,2,7,42,0,8,8) [ 67211.835 ]
537:(64,2,7,42,0,8,8) [ 67211.9194 ]
538:(65,2,6,42,1,8,7) [ 58811.631799999996 ]
539:(63,2,6,42,1,8,7) [ 58811.462999999996 ]
540:(63,2,7,42,1,8,7) [ 58811.935 ]
541:(64,2,7,42,1,8,7) [ 58812.0194 ]
542:(65,2,7,43,0,7,7) [ 51462.0808 ]
543:(63,2,7,43,0,7,7) [ 51461.912 ]
544:(63,2,8,43,0,7,7) [ 51462.395 ]
545:(64,2,8,43,0,7,7) [ 51462.4794 ]
546:(66,2,6,43,0,7,7) [ 51461.6822 ]
547:(64,2,6,43,0,7,7) [ 51461.5134 ]
548:(66,2,5,43,0,7,7) [ 51461.1992 ]
549:(64,2,5,43,0,7,7) [ 51461.0304 ]
550:(66,2,5,43,1,7,6) [ 44111.2992 ]
551:(64,2,5,43,1,7,6) [ 44111.1304 ]
552:(64,2,6,43,1,7,6) [ 44111.6134 ]
553:(65,2,6,43,1,7,6) [ 44111.6978 ]
554:(67,2,4,43,1,7,6) [ 44110.9006 ]
555:(63,2,4,43,1,7,6) [ 44110.563 ]
556:(63,2,5,43,1,7,6) [ 44111.046 ]
557:(65,2,5,44,0,6,6) [ 37811.1698 ]
558:(63,2,5,44,0,6,6) [ 37811.001 ]
559:(63,2,6,44,0,6,6) [ 37811.495 ]
560:(64,2,6,44,0,6,6) [ 37811.5794 ]
561:(65,2,5,44,1,6,5) [ 31511.2698 ]
562:(63,2,5,44,1,6,5) [ 31511.101 ]
563:(63,2,6,44,1,6,5) [ 31511.594999999998 ]
564:(64,2,6,44,1,6,5) [ 31511.679399999997 ]
565:(65,2,6,45,0,5,5) [ 26261.7298 ]
566:(63,2,7,45,0,5,5) [ 26262.066 ]
567:(64,2,7,45,0,5,5) [ 26262.1504 ]
568:(62,2,6,45,0,5,5) [ 26261.4766 ]
569:(62,2,7,45,0,5,5) [ 26261.9816 ]
570:(64,2,5,45,0,5,5) [ 26261.1404 ]
571:(61,2,6,45,0,5,5) [ 26261.3922 ]
572:(60,2,5,45,0,5,5) [ 26260.8028 ]
573:(60,2,6,45,0,5,5) [ 26261.3078 ]
574:(62,2,4,45,0,5,5) [ 26260.4666 ]
575:(60,2,4,45,0,5,5) [ 26260.2978 ]
576:(62,2,4,45,1,5,4) [ 21010.5666 ]
577:(60,2,4,45,1,5,4) [ 21010.3978 ]
578:(60,2,5,45,1,5,4) [ 21010.9028 ]
579:(61,2,5,45,1,5,4) [ 21010.9872 ]
580:(62,2,5,46,0,4,4) [ 16811.0266 ]
581:(60,2,5,46,0,4,4) [ 16810.8578 ]
582:(60,2,6,46,0,4,4) [ 16811.3738 ]
583:(61,2,6,46,0,4,4) [ 16811.4582 ]
584:(63,2,4,46,0,4,4) [ 16810.595 ]
585:(59,2,4,46,0,4,4) [ 16810.2574 ]
586:(59,2,5,46,0,4,4) [ 16810.7734 ]
587:(61,2,4,46,1,4,3) [ 12610.5262 ]
588:(59,2,4,46,1,4,3) [ 12610.3574 ]
589:(59,2,5,46,1,4,3) [ 12610.8734 ]
590:(60,2,5,46,1,4,3) [ 12610.9578 ]
591:(61,2,5,47,0,3,3) [ 9460.9972 ]
592:(59,2,5,47,0,3,3) [ 9460.8284 ]
593:(59,2,6,47,0,3,3) [ 9461.3554 ]
594:(60,2,6,47,0,3,3) [ 9461.4398 ]
595:(61,2,4,47,0,3,3) [ 9460.4702 ]
596:(58,2,5,47,0,3,3) [ 9460.744 ]
597:(57,2,5,47,0,3,3) [ 9460.6596 ]
598:(56,2,5,47,0,3,3) [ 9460.5752 ]
599:(55,2,5,47,0,3,3) [ 9460.4908 ]
600:(54,2,4,47,0,3,3) [ 9459.8794 ]
601:(54,2,5,47,0,3,3) [ 9460.4064 ]
602:(56,2,4,47,1,3,2) [ 6310.1482000000005 ]
603:(54,2,4,47,1,3,2) [ 6309.9794 ]
604:(54,2,5,47,1,3,2) [ 6310.5064 ]
605:(55,2,5,47,1,3,2) [ 6310.5908 ]
606:(56,2,4,47,2,3,1) [ 3160.2482 ]
607:(54,2,4,47,2,3,1) [ 3160.0793999999996 ]
608:(54,2,5,47,2,3,1) [ 3160.6063999999997 ]
609:(55,2,5,47,2,3,1) [ 3160.6908 ]
610:(56,2,5,48,1,2,1) [ 2110.7302 ]
611:(54,2,5,48,1,2,1) [ 2110.5614 ]
612:(54,2,6,48,1,2,1) [ 2111.0994 ]
613:(55,2,6,48,1,2,1) [ 2111.1838 ]
614:(56,2,6,49,0,1,1) [ 1061.2342 ]
615:(54,2,6,49,0,1,1) [ 1061.0654 ]
616:(54,2,7,49,0,1,1) [ 1061.6144 ]
617:(55,2,7,49,0,1,1) [ 1061.6988 ]
618:(57,2,5,49,0,1,1) [ 1060.7696 ]
619:(53,2,6,49,0,1,1) [ 1060.981 ]
620:(52,2,6,49,0,1,1) [ 1060.8966 ]
621:(51,2,6,49,0,1,1) [ 1060.8122 ]
622:(50,2,6,49,0,1,1) [ 1060.7278 ]
623:(49,2,5,49,0,1,1) [ 1060.0944 ]
624:(49,2,6,49,0,1,1) [ 1060.6434 ]
625:(51,2,4,49,0,1,1) [ 1059.7142 ]
626:(49,2,4,49,0,1,1) [ 1059.5454 ]
627:(51,2,3,49,0,1,1) [ 1059.1652 ]
628:(49,2,3,49,0,1,1) [ 1058.9964 ]
629:(52,2,2,49,0,1,1) [ 1058.7006 ]
630:(49,2,2,49,0,1,1) [ 1058.4474 ]
631:(51,2,2,49,1,1,0) [ 8.716199999999999 ]
632:(49,2,2,49,1,1,0) [ 8.547399999999998 ]
633:(49,2,3,49,1,1,0) [ 9.096400000000001 ]
634:(50,2,3,49,1,1,0) [ 9.1808 ]
635:(51,2,3,50,0,0,0) [ 9.198200000000002 ]
636:(49,2,3,50,0,0,0) [ 9.0294 ]
637:(49,2,4,50,0,0,0) [ 9.589400000000001 ]
638:(50,2,4,50,0,0,0) [ 9.6738 ]
639:(51,2,2,50,0,0,0) [ 8.638200000000001 ]
640:(49,2,2,50,0,0,0) [ 8.4694 ]
641:(51,2,1,50,0,0,0) [ 8.0782 ]
642:(49,2,1,50,0,0,0) [ 7.9094 ]
643:(51,2,0,50,0,0,0) [ 7.518200000000001 ]
644:(49,2,0,50,0,0,0) [ 7.3494 ]
645:(76,2,12,0,34,50,16) [ 840013.1482 TARGET ]
646:(75,2,13,0,34,50,16) [ 840013.0738 TARGET ]
647:(76,2,13,1,33,49,16) [ 823213.2012 ]
648:(75,2,14,1,33,49,16) [ 823213.1378 ]
649:(76,2,14,2,32,48,16) [ 806413.2762 ]
650:(75,2,15,2,32,48,16) [ 806413.2237999999 ]
651:(76,2,15,3,31,47,16) [ 789613.3732 ]
652:(75,2,16,3,31,47,16) [ 789613.3317999999 ]
653:(76,2,16,4,30,46,16) [ 772813.4922 ]
654:(75,2,17,4,30,46,16) [ 772813.4618 ]
655:(76,2,17,5,29,45,16) [ 756013.6332 ]
656:(75,2,18,5,29,45,16) [ 756013.6138 ]
657:(76,2,18,6,28,44,16) [ 739213.7962000001 ]
658:(75,2,19,6,28,44,16) [ 739213.7878 ]
659:(76,2,19,7,27,43,16) [ 722413.9811999999 ]
660:(75,2,20,7,27,43,16) [ 722413.9837999999 ]
661:(76,2,20,8,26,42,16) [ 705614.1882 ]
662:(75,2,21,8,26,42,16) [ 705614.2017999999 ]
663:(76,2,21,9,25,41,16) [ 688814.4172 ]
664:(75,2,22,9,25,41,16) [ 688814.4418 ]
665:(76,2,22,10,24,40,16) [ 672014.6682000001 ]
666:(75,2,23,10,24,40,16) [ 672014.7038 ]
667:(76,2,23,11,23,39,16) [ 655214.9412 ]
668:(75,2,24,11,23,39,16) [ 655214.9878 ]
669:(76,2,24,12,22,38,16) [ 638415.2361999999 ]
670:(75,2,25,12,22,38,16) [ 638415.2938 ]
671:(76,2,25,13,21,37,16) [ 621615.5532 ]
672:(75,2,26,13,21,37,16) [ 621615.6218 ]
673:(76,2,26,14,20,36,16) [ 604815.8922 ]
674:(75,2,27,14,20,36,16) [ 604815.9718 ]
675:(76,2,27,15,19,35,16) [ 588016.2532 ]
676:(75,2,28,15,19,35,16) [ 588016.3438 ]
677:(76,2,28,16,18,34,16) [ 571216.6362000001 ]
678:(75,2,29,16,18,34,16) [ 571216.7378 ]
679:(76,2,29,17,17,33,16) [ 554417.0412 ]
680:(75,2,30,17,17,33,16) [ 554417.1538 ]
681:(76,2,30,18,16,32,16) [ 537617.4682 ]
682:(75,2,31,18,16,32,16) [ 537617.5917999999 ]
683:(76,2,31,19,15,31,16) [ 520817.9172 ]
684:(75,2,32,19,15,31,16) [ 520818.0518 ]
685:(76,2,32,20,14,30,16) [ 504018.38820000004 ]
686:(75,2,33,20,14,30,16) [ 504018.53380000003 ]
687:(76,2,33,21,13,29,16) [ 487218.8812 ]
688:(75,2,34,21,13,29,16) [ 487219.0378 ]
689:(76,2,34,22,12,28,16) [ 470419.3962 ]
690:(75,2,35,22,12,28,16) [ 470419.5638 ]
691:(76,2,35,23,11,27,16) [ 453619.93319999997 ]
692:(75,2,36,23,11,27,16) [ 453620.11179999996 ]
693:(76,2,36,24,10,26,16) [ 436820.4922 ]
694:(75,2,37,24,10,26,16) [ 436820.6818 ]
695:(76,2,37,25,9,25,16) [ 420021.07320000004 ]
696:(75,2,38,25,9,25,16) [ 420021.2738 ]
697:(76,2,38,26,8,24,16) [ 403221.6762 ]
698:(75,2,39,26,8,24,16) [ 403221.88779999997 ]
699:(76,2,39,27,7,23,16) [ 386422.3012 ]
700:(75,2,40,27,7,23,16) [ 386422.5238 ]
701:(76,2,40,28,6,22,16) [ 369622.9482 ]
702:(75,2,41,28,6,22,16) [ 369623.18179999996 ]
703:(77,2,39,28,6,22,16) [ 369622.71459999995 ]
704:(78,2,38,28,6,22,16) [ 369622.48099999997 ]
705:(79,2,37,28,6,22,16) [ 369622.2474 ]
706:(80,2,36,28,6,22,16) [ 369622.01379999996 ]
707:(81,2,35,28,6,22,16) [ 369621.7802 ]
708:(81,2,34,28,6,22,16) [ 369621.46219999995 ]
709:(81,2,33,28,6,22,16) [ 369621.1442 ]
710:(81,2,32,28,6,22,16) [ 369620.82619999995 ]
711:(82,2,31,28,6,22,16) [ 369620.5926 ]
712:(83,2,30,28,6,22,16) [ 369620.359 ]
713:(83,2,29,28,6,22,16) [ 369620.04099999997 ]
714:(83,2,30,29,5,21,16) [ 352820.589 ]
715:(82,2,31,29,5,21,16) [ 352820.8336 ]
716:(83,2,29,29,5,21,16) [ 352820.26 ]
717:(83,2,28,29,5,21,16) [ 352819.931 ]
718:(83,2,27,29,5,21,16) [ 352819.602 ]
719:(81,2,26,29,5,21,16) [ 352819.1042 ]
720:(77,2,25,29,5,21,16) [ 352818.4376 ]
721:(77,2,24,29,5,21,16) [ 352818.1086 ]
722:(78,2,23,29,5,21,16) [ 352817.864 ]
723:(79,2,22,29,5,21,16) [ 352817.6194 ]
724:(79,2,23,30,4,20,16) [ 336018.10140000004 ]
725:(78,2,24,30,4,20,16) [ 336018.357 ]
726:(79,2,22,30,4,20,16) [ 336017.7614 ]
727:(79,2,21,30,4,20,16) [ 336017.42140000005 ]
728:(79,2,20,30,4,20,16) [ 336017.0814 ]
729:(82,2,18,30,4,20,16) [ 336016.6546 ]
730:(81,2,19,30,4,20,16) [ 336016.91020000004 ]
731:(82,2,19,31,3,19,16) [ 319217.1036 ]
732:(81,2,20,31,3,19,16) [ 319217.3702 ]
733:(83,2,18,31,3,19,16) [ 319216.837 ]
734:(83,2,19,32,2,18,16) [ 302417.297 ]
735:(82,2,20,32,2,18,16) [ 302417.5746 ]
736:(83,2,20,33,1,17,16) [ 285617.779 ]
737:(82,2,21,33,1,17,16) [ 285618.06759999995 ]
738:(83,2,20,33,2,17,15) [ 267767.879 ]
739:(82,2,21,33,2,17,15) [ 267768.1676 ]
740:(84,2,19,33,2,17,15) [ 267767.5904 ]
741:(85,2,18,33,2,17,15) [ 267767.3018 ]
742:(85,2,19,34,1,16,15) [ 252017.7838 ]
743:(84,2,20,34,1,16,15) [ 252018.0834 ]
744:(86,2,18,34,1,16,15) [ 252017.4842 ]
745:(85,2,17,34,1,16,15) [ 252017.0158 ]
746:(85,2,17,34,2,16,14) [ 235217.1158 ]
747:(84,2,18,34,2,16,14) [ 235217.4154 ]
748:(85,2,18,35,1,15,14) [ 220517.59780000002 ]
749:(84,2,19,35,1,15,14) [ 220517.90840000001 ]
750:(86,2,17,35,1,15,14) [ 220517.2872 ]
751:(86,2,18,36,0,14,14) [ 205817.7802 ]
752:(85,2,19,36,0,14,14) [ 205818.1018 ]
753:(86,2,17,36,0,14,14) [ 205817.3742 ]
754:(85,2,16,36,0,14,14) [ 205816.8838 ]
755:(85,2,15,36,0,14,14) [ 205816.4778 ]
756:(84,2,14,36,0,14,14) [ 205815.9874 ]
757:(79,2,15,35,0,15,15) [ 236265.8064 ]
758:(78,2,16,35,0,15,15) [ 236266.117 ]
759:(79,2,14,35,0,15,15) [ 236265.4114 ]
760:(79,2,14,35,1,15,14) [ 220515.51140000002 ]
761:(78,2,15,35,1,15,14) [ 220515.82200000001 ]
762:(79,2,13,35,1,15,14) [ 220515.1164 ]
763:(79,2,12,35,1,15,14) [ 220514.7214 ]
764:(79,2,11,35,1,15,14) [ 220514.32640000002 ]
765:(79,2,10,35,1,15,14) [ 220513.9314 ]
766:(79,2,11,36,0,14,14) [ 205814.3474 ]
767:(78,2,12,36,0,14,14) [ 205814.669 ]
768:(79,2,10,36,0,14,14) [ 205813.9414 ]
769:(80,2,9,36,0,14,14) [ 205813.6198 ]
770:(80,2,9,36,1,14,13) [ 191113.7198 ]
771:(79,2,10,36,1,14,13) [ 191114.04140000002 ]
772:(80,2,10,37,0,13,13) [ 177464.1358 ]
773:(79,2,11,37,0,13,13) [ 177464.4684 ]
774:(77,2,9,37,0,13,13) [ 177463.4656 ]
775:(77,2,8,37,0,13,13) [ 177463.0486 ]
776:(77,2,7,37,0,13,13) [ 177462.6316 ]
777:(77,2,7,37,1,13,12) [ 163812.7316 ]
778:(76,2,8,37,1,13,12) [ 163813.0642 ]
779:(77,2,6,37,1,13,12) [ 163812.3146 ]
780:(77,2,7,38,0,12,12) [ 151212.7086 ]
781:(76,2,8,38,0,12,12) [ 151213.0522 ]
782:(72,2,7,38,1,12,11) [ 138612.3866 ]
783:(71,2,8,38,1,12,11) [ 138612.73020000002 ]
784:(72,2,6,38,1,12,11) [ 138611.9586 ]
785:(69,2,6,38,2,12,10) [ 126011.8054 ]
786:(68,2,7,38,2,12,10) [ 126012.14899999999 ]
787:(69,2,5,38,2,12,10) [ 126011.3774 ]
788:(69,2,4,38,2,12,10) [ 126010.9494 ]
789:(69,2,5,39,1,11,10) [ 115511.3324 ]
790:(68,2,6,39,1,11,10) [ 115511.687 ]
791:(68,2,4,39,1,11,10) [ 115510.80900000001 ]
792:(68,2,4,39,2,11,9) [ 103960.909 ]
793:(67,2,5,39,2,11,9) [ 103961.26359999999 ]
794:(68,2,4,39,3,11,8) [ 92411.009 ]
795:(67,2,5,39,3,11,8) [ 92411.3636 ]
796:(69,2,3,39,3,11,8) [ 92410.6544 ]
797:(70,2,2,39,3,11,8) [ 92410.29980000001 ]
798:(68,2,3,40,2,10,8) [ 84010.503 ]
799:(67,2,4,40,2,10,8) [ 84010.8686 ]
800:(66,2,5,40,2,10,8) [ 84011.23419999999 ]
801:(66,2,5,41,1,9,8) [ 75611.18920000001 ]
802:(65,2,6,41,1,9,8) [ 75611.56580000001 ]
803:(66,2,6,42,0,8,8) [ 67211.6162 ]
804:(65,2,7,42,0,8,8) [ 67212.0038 ]
805:(66,2,6,42,1,8,7) [ 58811.716199999995 ]
806:(65,2,7,42,1,8,7) [ 58812.1038 ]
807:(66,2,7,43,0,7,7) [ 51462.1652 ]
808:(65,2,8,43,0,7,7) [ 51462.5638 ]
809:(67,2,6,43,0,7,7) [ 51461.7666 ]
810:(67,2,5,43,0,7,7) [ 51461.2836 ]
811:(67,2,5,43,1,7,6) [ 44111.3836 ]
812:(66,2,6,43,1,7,6) [ 44111.7822 ]
813:(68,2,4,43,1,7,6) [ 44110.985 ]
814:(66,2,5,44,0,6,6) [ 37811.2542 ]
815:(65,2,6,44,0,6,6) [ 37811.6638 ]
816:(66,2,5,44,1,6,5) [ 31511.354199999998 ]
817:(65,2,6,44,1,6,5) [ 31511.763799999997 ]
818:(66,2,6,45,0,5,5) [ 26261.8142 ]
819:(65,2,7,45,0,5,5) [ 26262.2348 ]
820:(65,2,5,45,0,5,5) [ 26261.2248 ]
821:(63,2,4,45,0,5,5) [ 26260.551 ]
822:(63,2,4,45,1,5,4) [ 21010.650999999998 ]
823:(62,2,5,45,1,5,4) [ 21011.0716 ]
824:(63,2,5,46,0,4,4) [ 16811.111 ]
825:(62,2,6,46,0,4,4) [ 16811.5426 ]
826:(64,2,4,46,0,4,4) [ 16810.6794 ]
827:(62,2,4,46,1,4,3) [ 12610.6106 ]
828:(61,2,5,46,1,4,3) [ 12611.0422 ]
829:(62,2,5,47,0,3,3) [ 9461.0816 ]
830:(61,2,6,47,0,3,3) [ 9461.5242 ]
831:(62,2,4,47,0,3,3) [ 9460.5546 ]
832:(57,2,4,47,1,3,2) [ 6310.2326 ]
833:(56,2,5,47,1,3,2) [ 6310.675200000001 ]
834:(57,2,4,47,2,3,1) [ 3160.3325999999997 ]
835:(56,2,5,47,2,3,1) [ 3160.7752 ]
836:(57,2,5,48,1,2,1) [ 2110.8145999999997 ]
837:(56,2,6,48,1,2,1) [ 2111.2682 ]
838:(57,2,6,49,0,1,1) [ 1061.3186 ]
839:(56,2,7,49,0,1,1) [ 1061.7832 ]
840:(58,2,5,49,0,1,1) [ 1060.854 ]
841:(52,2,4,49,0,1,1) [ 1059.7986 ]
842:(52,2,3,49,0,1,1) [ 1059.2496 ]
843:(53,2,2,49,0,1,1) [ 1058.785 ]
844:(52,2,2,49,1,1,0) [ 8.800600000000001 ]
845:(51,2,3,49,1,1,0) [ 9.265200000000002 ]
846:(52,2,3,50,0,0,0) [ 9.282600000000002 ]
847:(51,2,4,50,0,0,0) [ 9.758200000000002 ]
848:(52,2,2,50,0,0,0) [ 8.7226 ]
849:(52,2,1,50,0,0,0) [ 8.162600000000001 ]
850:(52,2,0,50,0,0,0) [ 7.602600000000001 ]
851:(72,2,12,0,34,50,16) [ 840012.8106 ]
852:(72,2,13,0,34,50,16) [ 840012.8206 ]
853:(72,2,13,1,33,49,16) [ 823212.8636 ]
854:(72,2,14,1,33,49,16) [ 823212.8846 ]
855:(72,2,14,2,32,48,16) [ 806412.9386 ]
856:(72,2,15,2,32,48,16) [ 806412.9706 ]
857:(72,2,15,3,31,47,16) [ 789613.0356 ]
858:(72,2,16,3,31,47,16) [ 789613.0786 ]
859:(72,2,16,4,30,46,16) [ 772813.1546 ]
860:(72,2,17,4,30,46,16) [ 772813.2086 ]
861:(72,2,17,5,29,45,16) [ 756013.2956000001 ]
862:(72,2,18,5,29,45,16) [ 756013.3606 ]
863:(72,2,18,6,28,44,16) [ 739213.4586 ]
864:(72,2,19,6,28,44,16) [ 739213.5346 ]
865:(72,2,19,7,27,43,16) [ 722413.6436 ]
866:(72,2,20,7,27,43,16) [ 722413.7306 ]
867:(72,2,20,8,26,42,16) [ 705613.8506 ]
868:(72,2,21,8,26,42,16) [ 705613.9486 ]
869:(72,2,21,9,25,41,16) [ 688814.0796 ]
870:(72,2,22,9,25,41,16) [ 688814.1886 ]
871:(72,2,22,10,24,40,16) [ 672014.3306 ]
872:(72,2,23,10,24,40,16) [ 672014.4506 ]
873:(72,2,23,11,23,39,16) [ 655214.6036 ]
874:(72,2,24,11,23,39,16) [ 655214.7346000001 ]
875:(72,2,24,12,22,38,16) [ 638414.8986 ]
876:(72,2,25,12,22,38,16) [ 638415.0406 ]
877:(72,2,25,13,21,37,16) [ 621615.2156 ]
878:(72,2,26,13,21,37,16) [ 621615.3685999999 ]
879:(72,2,26,14,20,36,16) [ 604815.5546 ]
880:(72,2,27,14,20,36,16) [ 604815.7186 ]
881:(72,2,27,15,19,35,16) [ 588015.9156000001 ]
882:(72,2,28,15,19,35,16) [ 588016.0906 ]
883:(72,2,28,16,18,34,16) [ 571216.2986000001 ]
884:(72,2,29,16,18,34,16) [ 571216.4846000001 ]
885:(72,2,29,17,17,33,16) [ 554416.7036 ]
886:(72,2,30,17,17,33,16) [ 554416.9005999999 ]
887:(72,2,30,18,16,32,16) [ 537617.1306 ]
888:(72,2,31,18,16,32,16) [ 537617.3386 ]
889:(72,2,31,19,15,31,16) [ 520817.5796 ]
890:(72,2,32,19,15,31,16) [ 520817.7986 ]
891:(72,2,32,20,14,30,16) [ 504018.0506 ]
892:(72,2,33,20,14,30,16) [ 504018.2806 ]
893:(72,2,33,21,13,29,16) [ 487218.5436 ]
894:(72,2,34,21,13,29,16) [ 487218.7846 ]
895:(72,2,34,22,12,28,16) [ 470419.0586 ]
896:(72,2,35,22,12,28,16) [ 470419.3106 ]
897:(72,2,35,23,11,27,16) [ 453619.5956 ]
898:(72,2,36,23,11,27,16) [ 453619.8586 ]
899:(72,2,36,24,10,26,16) [ 436820.1546 ]
900:(72,2,37,24,10,26,16) [ 436820.4286 ]
901:(72,2,37,25,9,25,16) [ 420020.7356 ]
902:(72,2,38,25,9,25,16) [ 420021.02060000005 ]
903:(72,2,38,26,8,24,16) [ 403221.3386 ]
904:(72,2,39,26,8,24,16) [ 403221.6346 ]
905:(72,2,39,27,7,23,16) [ 386421.9636 ]
906:(72,2,40,27,7,23,16) [ 386422.2706 ]
907:(72,2,40,28,6,22,16) [ 369622.61059999996 ]
908:(72,2,41,28,6,22,16) [ 369622.9286 ]
909:(73,2,39,28,6,22,16) [ 369622.377 ]
910:(74,2,38,28,6,22,16) [ 369622.1434 ]
911:(75,2,37,28,6,22,16) [ 369621.90979999996 ]
912:(76,2,36,28,6,22,16) [ 369621.6762 ]
913:(77,2,35,28,6,22,16) [ 369621.44259999995 ]
914:(77,2,34,28,6,22,16) [ 369621.1246 ]
915:(77,2,33,28,6,22,16) [ 369620.80659999995 ]
916:(77,2,32,28,6,22,16) [ 369620.4886 ]
917:(78,2,31,28,6,22,16) [ 369620.255 ]
918:(79,2,30,28,6,22,16) [ 369620.02139999997 ]
919:(79,2,29,28,6,22,16) [ 369619.7034 ]
920:(79,2,30,29,5,21,16) [ 352820.2514 ]
921:(79,2,31,29,5,21,16) [ 352820.5804 ]
922:(79,2,29,29,5,21,16) [ 352819.9224 ]
923:(77,2,28,29,5,21,16) [ 352819.4246 ]
924:(73,2,26,29,5,21,16) [ 352818.429 ]
925:(73,2,27,29,5,21,16) [ 352818.758 ]
926:(73,2,25,29,5,21,16) [ 352818.1 ]
927:(73,2,24,29,5,21,16) [ 352817.771 ]
928:(74,2,23,29,5,21,16) [ 352817.5264 ]
929:(75,2,22,29,5,21,16) [ 352817.2818 ]
930:(75,2,23,30,4,20,16) [ 336017.7638 ]
931:(75,2,24,30,4,20,16) [ 336018.10380000004 ]
932:(75,2,22,30,4,20,16) [ 336017.42380000005 ]
933:(75,2,21,30,4,20,16) [ 336017.0838 ]
934:(75,2,20,30,4,20,16) [ 336016.7438 ]
935:(76,2,19,30,4,20,16) [ 336016.4882 ]
936:(77,2,18,30,4,20,16) [ 336016.23260000005 ]
937:(78,2,19,31,3,19,16) [ 319216.766 ]
938:(78,2,20,31,3,19,16) [ 319217.11699999997 ]
939:(79,2,18,31,3,19,16) [ 319216.4994 ]
940:(79,2,19,32,2,18,16) [ 302416.9594 ]
941:(79,2,20,32,2,18,16) [ 302417.3214 ]
942:(79,2,20,33,1,17,16) [ 285617.44139999995 ]
943:(79,2,21,33,1,17,16) [ 285617.8144 ]
944:(79,2,20,33,2,17,15) [ 267767.5414 ]
945:(79,2,21,33,2,17,15) [ 267767.9144 ]
946:(80,2,19,33,2,17,15) [ 267767.2528 ]
947:(81,2,18,33,2,17,15) [ 267766.9642 ]
948:(81,2,19,34,1,16,15) [ 252017.4462 ]
949:(81,2,20,34,1,16,15) [ 252017.8302 ]
950:(81,2,18,34,1,16,15) [ 252017.06220000001 ]
951:(81,2,17,34,1,16,15) [ 252016.6782 ]
952:(81,2,17,34,2,16,14) [ 235216.7782 ]
953:(81,2,18,34,2,16,14) [ 235217.16220000002 ]
954:(80,2,18,35,1,15,14) [ 220517.1758 ]
955:(80,2,19,35,1,15,14) [ 220517.57080000002 ]
956:(81,2,17,35,1,15,14) [ 220516.8652 ]
957:(82,2,19,36,0,14,14) [ 205817.8486 ]
958:(81,2,18,36,0,14,14) [ 205817.3582 ]
959:(80,2,17,36,0,14,14) [ 205816.8678 ]
960:(79,2,14,36,0,14,14) [ 205815.5654 ]
961:(75,2,15,36,0,14,14) [ 205815.6338 ]
962:(75,2,16,36,0,14,14) [ 205816.0398 ]
963:(75,2,15,35,0,15,15) [ 236265.4688 ]
964:(75,2,16,35,0,15,15) [ 236265.8638 ]
965:(75,2,14,35,0,15,15) [ 236265.0738 ]
966:(75,2,14,35,1,15,14) [ 220515.17380000002 ]
967:(75,2,15,35,1,15,14) [ 220515.5688 ]
968:(75,2,13,35,1,15,14) [ 220514.7788 ]
969:(75,2,12,35,1,15,14) [ 220514.3838 ]
970:(75,2,11,35,1,15,14) [ 220513.9888 ]
971:(75,2,10,35,1,15,14) [ 220513.5938 ]
972:(75,2,11,36,0,14,14) [ 205814.0098 ]
973:(75,2,12,36,0,14,14) [ 205814.4158 ]
974:(75,2,10,36,0,14,14) [ 205813.6038 ]
975:(76,2,9,36,0,14,14) [ 205813.2822 ]
976:(76,2,9,36,1,14,13) [ 191113.3822 ]
977:(76,2,10,36,1,14,13) [ 191113.7882 ]
978:(73,2,10,37,0,13,13) [ 177463.545 ]
979:(73,2,11,37,0,13,13) [ 177463.962 ]
980:(73,2,9,37,0,13,13) [ 177463.128 ]
981:(73,2,8,37,0,13,13) [ 177462.711 ]
982:(73,2,7,37,0,13,13) [ 177462.294 ]
983:(73,2,7,37,1,13,12) [ 163812.394 ]
984:(73,2,8,37,1,13,12) [ 163812.81100000002 ]
985:(73,2,6,37,1,13,12) [ 163811.977 ]
986:(68,2,7,38,0,12,12) [ 151211.949 ]
987:(68,2,8,38,0,12,12) [ 151212.377 ]
988:(68,2,8,38,1,12,11) [ 138612.477 ]
989:(65,2,6,38,1,12,11) [ 138611.3678 ]
990:(65,2,7,38,1,12,11) [ 138611.7958 ]
991:(65,2,6,38,2,12,10) [ 126011.4678 ]
992:(65,2,7,38,2,12,10) [ 126011.8958 ]
993:(65,2,5,38,2,12,10) [ 126011.0398 ]
994:(65,2,4,38,2,12,10) [ 126010.6118 ]
995:(64,2,5,39,1,11,10) [ 115510.91040000001 ]
996:(64,2,6,39,1,11,10) [ 115511.3494 ]
997:(64,2,4,39,1,11,10) [ 115510.47140000001 ]
998:(64,2,4,39,2,11,9) [ 103960.5714 ]
999:(64,2,5,39,2,11,9) [ 103961.0104 ]
1000:(64,2,4,39,3,11,8) [ 92410.6714 ]
1001:(64,2,5,39,3,11,8) [ 92411.1104 ]
1002:(64,2,2,39,3,11,8) [ 92409.79340000001 ]
1003:(64,2,3,39,3,11,8) [ 92410.23240000001 ]
1004:(64,2,3,40,2,10,8) [ 84010.1654 ]
1005:(62,2,4,40,2,10,8) [ 84010.4466 ]
1006:(62,2,5,40,2,10,8) [ 84010.8966 ]
1007:(62,2,5,41,1,9,8) [ 75610.85160000001 ]
1008:(62,2,6,41,1,9,8) [ 75611.3126 ]
1009:(62,2,6,42,0,8,8) [ 67211.2786 ]
1010:(62,2,7,42,0,8,8) [ 67211.7506 ]
1011:(62,2,6,42,1,8,7) [ 58811.3786 ]
1012:(62,2,7,42,1,8,7) [ 58811.8506 ]
1013:(62,2,7,43,0,7,7) [ 51461.8276 ]
1014:(62,2,8,43,0,7,7) [ 51462.3106 ]
1015:(63,2,6,43,0,7,7) [ 51461.429 ]
1016:(63,2,5,43,0,7,7) [ 51460.946 ]
1017:(63,2,6,43,1,7,6) [ 44111.528999999995 ]
1018:(62,2,4,43,1,7,6) [ 44110.478599999995 ]
1019:(62,2,5,43,1,7,6) [ 44110.961599999995 ]
1020:(62,2,5,44,0,6,6) [ 37810.9166 ]
1021:(62,2,6,44,0,6,6) [ 37811.4106 ]
1022:(62,2,5,44,1,6,5) [ 31511.0166 ]
1023:(62,2,6,44,1,6,5) [ 31511.510599999998 ]
1024:(61,2,7,45,0,5,5) [ 26261.8972 ]
1025:(59,2,5,45,0,5,5) [ 26260.7184 ]
1026:(59,2,6,45,0,5,5) [ 26261.2234 ]
1027:(59,2,4,45,0,5,5) [ 26260.2134 ]
1028:(59,2,4,45,1,5,4) [ 21010.3134 ]
1029:(59,2,5,45,1,5,4) [ 21010.8184 ]
1030:(59,2,6,46,0,4,4) [ 16811.2894 ]
1031:(58,2,4,46,0,4,4) [ 16810.173 ]
1032:(58,2,5,46,0,4,4) [ 16810.689 ]
1033:(58,2,4,46,1,4,3) [ 12610.273000000001 ]
1034:(58,2,5,46,1,4,3) [ 12610.789 ]
1035:(58,2,6,47,0,3,3) [ 9461.271 ]
1036:(53,2,4,47,0,3,3) [ 9459.795 ]
1037:(53,2,5,47,0,3,3) [ 9460.322 ]
1038:(53,2,4,47,1,3,2) [ 6309.895 ]
1039:(53,2,5,47,1,3,2) [ 6310.4220000000005 ]
1040:(53,2,4,47,2,3,1) [ 3159.995 ]
1041:(53,2,5,47,2,3,1) [ 3160.522 ]
1042:(53,2,5,48,1,2,1) [ 2110.477 ]
1043:(53,2,6,48,1,2,1) [ 2111.015 ]
1044:(53,2,7,49,0,1,1) [ 1061.53 ]
1045:(48,2,5,49,0,1,1) [ 1060.01 ]
1046:(48,2,6,49,0,1,1) [ 1060.559 ]
1047:(48,2,4,49,0,1,1) [ 1059.461 ]
1048:(48,2,3,49,0,1,1) [ 1058.912 ]
1049:(48,2,2,49,0,1,1) [ 1058.363 ]
1050:(48,2,2,49,1,1,0) [ 8.463 ]
1051:(48,2,3,49,1,1,0) [ 9.011999999999999 ]
1052:(48,2,3,50,0,0,0) [ 8.945 ]
1053:(48,2,4,50,0,0,0) [ 9.504999999999999 ]
1054:(48,2,2,50,0,0,0) [ 8.384999999999998 ]
1055:(48,2,1,50,0,0,0) [ 7.824999999999999 ]
1056:(48,2,0,50,0,0,0) [ 7.265 ]
1057:(72,2,14,0,34,50,16) [ 840012.8306 TARGET ]
1058:(73,2,14,0,34,50,16) [ 840012.915 TARGET ]
1059:(72,2,15,1,33,49,16) [ 823212.9056 ]
1060:(73,2,15,1,33,49,16) [ 823212.99 ]
1061:(72,2,16,2,32,48,16) [ 806413.0026 ]
1062:(73,2,16,2,32,48,16) [ 806413.0869999999 ]
1063:(72,2,17,3,31,47,16) [ 789613.1216 ]
1064:(73,2,17,3,31,47,16) [ 789613.206 ]
1065:(72,2,18,4,30,46,16) [ 772813.2626 ]
1066:(73,2,18,4,30,46,16) [ 772813.347 ]
1067:(72,2,19,5,29,45,16) [ 756013.4256000001 ]
1068:(73,2,19,5,29,45,16) [ 756013.51 ]
1069:(72,2,20,6,28,44,16) [ 739213.6106 ]
1070:(73,2,20,6,28,44,16) [ 739213.6950000001 ]
1071:(72,2,21,7,27,43,16) [ 722413.8176 ]
1072:(73,2,21,7,27,43,16) [ 722413.902 ]
1073:(72,2,22,8,26,42,16) [ 705614.0466 ]
1074:(73,2,22,8,26,42,16) [ 705614.1309999999 ]
1075:(72,2,23,9,25,41,16) [ 688814.2976 ]
1076:(73,2,23,9,25,41,16) [ 688814.382 ]
1077:(72,2,24,10,24,40,16) [ 672014.5706 ]
1078:(73,2,24,10,24,40,16) [ 672014.655 ]
1079:(72,2,25,11,23,39,16) [ 655214.8656 ]
1080:(73,2,25,11,23,39,16) [ 655214.9500000001 ]
1081:(72,2,26,12,22,38,16) [ 638415.1826 ]
1082:(73,2,26,12,22,38,16) [ 638415.267 ]
1083:(72,2,27,13,21,37,16) [ 621615.5216 ]
1084:(73,2,27,13,21,37,16) [ 621615.606 ]
1085:(72,2,28,14,20,36,16) [ 604815.8826 ]
1086:(73,2,28,14,20,36,16) [ 604815.967 ]
1087:(72,2,29,15,19,35,16) [ 588016.2656 ]
1088:(73,2,29,15,19,35,16) [ 588016.35 ]
1089:(72,2,30,16,18,34,16) [ 571216.6706000001 ]
1090:(73,2,30,16,18,34,16) [ 571216.755 ]
1091:(72,2,31,17,17,33,16) [ 554417.0976 ]
1092:(73,2,31,17,17,33,16) [ 554417.1819999999 ]
1093:(72,2,32,18,16,32,16) [ 537617.5466 ]
1094:(73,2,32,18,16,32,16) [ 537617.6309999999 ]
1095:(72,2,33,19,15,31,16) [ 520818.0176 ]
1096:(73,2,33,19,15,31,16) [ 520818.102 ]
1097:(72,2,34,20,14,30,16) [ 504018.51060000004 ]
1098:(73,2,34,20,14,30,16) [ 504018.59500000003 ]
1099:(72,2,35,21,13,29,16) [ 487219.0256 ]
1100:(73,2,35,21,13,29,16) [ 487219.11 ]
1101:(72,2,36,22,12,28,16) [ 470419.5626 ]
1102:(73,2,36,22,12,28,16) [ 470419.647 ]
1103:(72,2,37,23,11,27,16) [ 453620.12159999995 ]
1104:(73,2,37,23,11,27,16) [ 453620.206 ]
1105:(72,2,38,24,10,26,16) [ 436820.7026 ]
1106:(73,2,38,24,10,26,16) [ 436820.787 ]
1107:(72,2,39,25,9,25,16) [ 420021.3056 ]
1108:(73,2,39,25,9,25,16) [ 420021.39 ]
1109:(72,2,40,26,8,24,16) [ 403221.93059999996 ]
1110:(73,2,40,26,8,24,16) [ 403222.015 ]
1111:(72,2,41,27,7,23,16) [ 386422.5776 ]
1112:(73,2,41,27,7,23,16) [ 386422.662 ]
1113:(72,2,42,28,6,22,16) [ 369623.24659999995 ]
1114:(73,2,42,28,6,22,16) [ 369623.331 ]
1115:(79,2,32,29,5,21,16) [ 352820.9094 ]
1116:(80,2,32,29,5,21,16) [ 352820.9938 ]
1117:(78,2,29,29,5,21,16) [ 352819.838 ]
1118:(77,2,29,29,5,21,16) [ 352819.7536 ]
1119:(76,2,28,29,5,21,16) [ 352819.3402 ]
1120:(75,2,28,29,5,21,16) [ 352819.2558 ]
1121:(74,2,28,29,5,21,16) [ 352819.1714 ]
1122:(73,2,28,29,5,21,16) [ 352819.087 ]
1123:(75,2,25,30,4,20,16) [ 336018.4438 ]
1124:(76,2,25,30,4,20,16) [ 336018.5282 ]
1125:(78,2,21,31,3,19,16) [ 319217.468 ]
1126:(79,2,21,31,3,19,16) [ 319217.5524 ]
1127:(79,2,21,32,2,18,16) [ 302417.68340000004 ]
1128:(80,2,21,32,2,18,16) [ 302417.76780000003 ]
1129:(79,2,22,33,1,17,16) [ 285618.1874 ]
1130:(80,2,22,33,1,17,16) [ 285618.2718 ]
1131:(79,2,22,33,2,17,15) [ 267768.28740000003 ]
1132:(80,2,22,33,2,17,15) [ 267768.3718 ]
1133:(81,2,21,34,1,16,15) [ 252018.21420000002 ]
1134:(82,2,21,34,1,16,15) [ 252018.2986 ]
1135:(81,2,19,34,2,16,14) [ 235217.5462 ]
1136:(82,2,19,34,2,16,14) [ 235217.6306 ]
1137:(81,2,20,35,1,15,14) [ 220518.0502 ]
1138:(82,2,20,35,1,15,14) [ 220518.13460000002 ]
1139:(80,2,20,35,1,15,14) [ 220517.9658 ]
1140:(82,2,20,36,0,14,14) [ 205818.2546 ]
1141:(83,2,20,36,0,14,14) [ 205818.339 ]
1142:(81,2,19,36,0,14,14) [ 205817.7642 ]
1143:(80,2,18,36,0,14,14) [ 205817.2738 ]
1144:(78,2,17,36,0,14,14) [ 205816.699 ]
1145:(79,2,17,36,0,14,14) [ 205816.7834 ]
1146:(77,2,17,36,0,14,14) [ 205816.6146 ]
1147:(76,2,17,36,0,14,14) [ 205816.5302 ]
1148:(75,2,17,36,0,14,14) [ 205816.4458 ]
1149:(75,2,17,35,0,15,15) [ 236266.2588 ]
1150:(76,2,17,35,0,15,15) [ 236266.3432 ]
1151:(75,2,16,35,1,15,14) [ 220515.9638 ]
1152:(76,2,16,35,1,15,14) [ 220516.04820000002 ]
1153:(75,2,13,36,0,14,14) [ 205814.8218 ]
1154:(76,2,13,36,0,14,14) [ 205814.9062 ]
1155:(76,2,11,36,1,14,13) [ 191114.1942 ]
1156:(77,2,11,36,1,14,13) [ 191114.27860000002 ]
1157:(76,2,12,37,0,13,13) [ 177464.6322 ]
1158:(77,2,12,37,0,13,13) [ 177464.7166 ]
1159:(75,2,12,37,0,13,13) [ 177464.5478 ]
1160:(74,2,12,37,0,13,13) [ 177464.4634 ]
1161:(73,2,12,37,0,13,13) [ 177464.379 ]
1162:(73,2,9,37,1,13,12) [ 163813.228 ]
1163:(74,2,9,37,1,13,12) [ 163813.3124 ]
1164:(73,2,9,38,0,12,12) [ 151213.227 ]
1165:(74,2,9,38,0,12,12) [ 151213.3114 ]
1166:(72,2,9,38,0,12,12) [ 151213.1426 ]
1167:(71,2,9,38,0,12,12) [ 151213.0582 ]
1168:(70,2,9,38,0,12,12) [ 151212.9738 ]
1169:(69,2,9,38,0,12,12) [ 151212.8894 ]
1170:(68,2,9,38,0,12,12) [ 151212.805 ]
1171:(68,2,9,38,1,12,11) [ 138612.905 ]
1172:(69,2,9,38,1,12,11) [ 138612.9894 ]
1173:(67,2,8,38,1,12,11) [ 138612.3926 ]
1174:(66,2,8,38,1,12,11) [ 138612.3082 ]
1175:(65,2,8,38,1,12,11) [ 138612.2238 ]
1176:(65,2,8,38,2,12,10) [ 126012.3238 ]
1177:(66,2,8,38,2,12,10) [ 126012.40819999999 ]
1178:(65,2,7,39,1,11,10) [ 115511.87280000001 ]
1179:(66,2,7,39,1,11,10) [ 115511.9572 ]
1180:(64,2,7,39,1,11,10) [ 115511.7884 ]
1181:(64,2,6,39,2,11,9) [ 103961.4494 ]
1182:(65,2,6,39,2,11,9) [ 103961.53379999999 ]
1183:(64,2,6,39,3,11,8) [ 92411.5494 ]
1184:(65,2,6,39,3,11,8) [ 92411.6338 ]
1185:(63,2,6,40,2,10,8) [ 84011.431 ]
1186:(64,2,6,40,2,10,8) [ 84011.5154 ]
1187:(62,2,6,40,2,10,8) [ 84011.34659999999 ]
1188:(62,2,7,41,1,9,8) [ 75611.7736 ]
1189:(63,2,7,41,1,9,8) [ 75611.85800000001 ]
1190:(62,2,8,42,0,8,8) [ 67212.2226 ]
1191:(63,2,8,42,0,8,8) [ 67212.307 ]
1192:(62,2,8,42,1,8,7) [ 58812.3226 ]
1193:(63,2,8,42,1,8,7) [ 58812.407 ]
1194:(62,2,9,43,0,7,7) [ 51462.7936 ]
1195:(63,2,9,43,0,7,7) [ 51462.878 ]
1196:(63,2,7,43,1,7,6) [ 44112.011999999995 ]
1197:(64,2,7,43,1,7,6) [ 44112.0964 ]
1198:(62,2,6,43,1,7,6) [ 44111.444599999995 ]
1199:(62,2,7,44,0,6,6) [ 37811.9046 ]
1200:(63,2,7,44,0,6,6) [ 37811.989 ]
1201:(62,2,7,44,1,6,5) [ 31512.0046 ]
1202:(63,2,7,44,1,6,5) [ 31512.089 ]
1203:(62,2,8,45,0,5,5) [ 26262.4866 ]
1204:(63,2,8,45,0,5,5) [ 26262.571 ]
1205:(61,2,8,45,0,5,5) [ 26262.4022 ]
1206:(60,2,7,45,0,5,5) [ 26261.8128 ]
1207:(59,2,7,45,0,5,5) [ 26261.7284 ]
1208:(59,2,6,45,1,5,4) [ 21011.323399999997 ]
1209:(60,2,6,45,1,5,4) [ 21011.407799999997 ]
1210:(59,2,7,46,0,4,4) [ 16811.8054 ]
1211:(60,2,7,46,0,4,4) [ 16811.8898 ]
1212:(58,2,6,46,0,4,4) [ 16811.205 ]
1213:(58,2,6,46,1,4,3) [ 12611.305 ]
1214:(59,2,6,46,1,4,3) [ 12611.3894 ]
1215:(58,2,7,47,0,3,3) [ 9461.798 ]
1216:(59,2,7,47,0,3,3) [ 9461.8824 ]
1217:(57,2,6,47,0,3,3) [ 9461.1866 ]
1218:(56,2,6,47,0,3,3) [ 9461.1022 ]
1219:(55,2,6,47,0,3,3) [ 9461.0178 ]
1220:(54,2,6,47,0,3,3) [ 9460.9334 ]
1221:(53,2,6,47,0,3,3) [ 9460.849 ]
1222:(53,2,6,47,1,3,2) [ 6310.9490000000005 ]
1223:(54,2,6,47,1,3,2) [ 6311.0334 ]
1224:(53,2,6,47,2,3,1) [ 3161.049 ]
1225:(54,2,6,47,2,3,1) [ 3161.1333999999997 ]
1226:(53,2,7,48,1,2,1) [ 2111.553 ]
1227:(54,2,7,48,1,2,1) [ 2111.6374 ]
1228:(53,2,8,49,0,1,1) [ 1062.079 ]
1229:(54,2,8,49,0,1,1) [ 1062.1634 ]
1230:(52,2,7,49,0,1,1) [ 1061.4456 ]
1231:(51,2,7,49,0,1,1) [ 1061.3612 ]
1232:(50,2,7,49,0,1,1) [ 1061.2768 ]
1233:(49,2,7,49,0,1,1) [ 1061.1924 ]
1234:(48,2,7,49,0,1,1) [ 1061.108 ]
1235:(48,2,4,49,1,1,0) [ 9.560999999999998 ]
1236:(49,2,4,49,1,1,0) [ 9.6454 ]
1237:(48,2,5,50,0,0,0) [ 10.064999999999998 ]
1238:(49,2,5,50,0,0,0) [ 10.1494 ]
1239:(74,2,14,0,34,50,16) [ 840012.9994 TARGET ]
1240:(74,2,15,1,33,49,16) [ 823213.0744 ]
1241:(74,2,16,2,32,48,16) [ 806413.1714 ]
1242:(74,2,17,3,31,47,16) [ 789613.2903999999 ]
1243:(74,2,18,4,30,46,16) [ 772813.4314 ]
1244:(74,2,19,5,29,45,16) [ 756013.5944000001 ]
1245:(74,2,20,6,28,44,16) [ 739213.7794 ]
1246:(74,2,21,7,27,43,16) [ 722413.9863999999 ]
1247:(74,2,22,8,26,42,16) [ 705614.2154 ]
1248:(74,2,23,9,25,41,16) [ 688814.4664 ]
1249:(74,2,24,10,24,40,16) [ 672014.7394000001 ]
1250:(74,2,25,11,23,39,16) [ 655215.0344 ]
1251:(74,2,26,12,22,38,16) [ 638415.3513999999 ]
1252:(74,2,27,13,21,37,16) [ 621615.6904 ]
1253:(74,2,28,14,20,36,16) [ 604816.0514 ]
1254:(74,2,29,15,19,35,16) [ 588016.4344 ]
1255:(74,2,30,16,18,34,16) [ 571216.8394 ]
1256:(74,2,31,17,17,33,16) [ 554417.2664 ]
1257:(74,2,32,18,16,32,16) [ 537617.7154 ]
1258:(74,2,33,19,15,31,16) [ 520818.1864 ]
1259:(74,2,34,20,14,30,16) [ 504018.6794 ]
1260:(74,2,35,21,13,29,16) [ 487219.1944 ]
1261:(74,2,36,22,12,28,16) [ 470419.7314 ]
1262:(74,2,37,23,11,27,16) [ 453620.2904 ]
1263:(74,2,38,24,10,26,16) [ 436820.8714 ]
1264:(74,2,39,25,9,25,16) [ 420021.4744 ]
1265:(74,2,40,26,8,24,16) [ 403222.0994 ]
1266:(74,2,41,27,7,23,16) [ 386422.7464 ]
1267:(74,2,42,28,6,22,16) [ 369623.4154 ]
1268:(81,2,32,29,5,21,16) [ 352821.0782 ]
1269:(77,2,25,30,4,20,16) [ 336018.61260000005 ]
1270:(80,2,20,30,4,20,16) [ 336017.1658 ]
1271:(80,2,21,31,3,19,16) [ 319217.6368 ]
1272:(81,2,21,32,2,18,16) [ 302417.8522 ]
1273:(81,2,22,33,1,17,16) [ 285618.3562 ]
1274:(81,2,22,33,2,17,15) [ 267768.4562 ]
1275:(83,2,21,34,1,16,15) [ 252018.383 ]
1276:(83,2,19,34,2,16,14) [ 235217.71500000003 ]
1277:(83,2,20,35,1,15,14) [ 220518.219 ]
1278:(84,2,20,36,0,14,14) [ 205818.4234 ]
1279:(77,2,17,35,0,15,15) [ 236266.4276 ]
1280:(77,2,16,35,1,15,14) [ 220516.1326 ]
1281:(77,2,13,36,0,14,14) [ 205814.9906 ]
1282:(78,2,11,36,1,14,13) [ 191114.363 ]
1283:(78,2,12,37,0,13,13) [ 177464.801 ]
1284:(75,2,9,37,1,13,12) [ 163813.39680000002 ]
1285:(75,2,9,38,0,12,12) [ 151213.3958 ]
1286:(70,2,9,38,1,12,11) [ 138613.0738 ]
1287:(67,2,8,38,2,12,10) [ 126012.4926 ]
1288:(67,2,7,39,1,11,10) [ 115512.04160000001 ]
1289:(66,2,6,39,2,11,9) [ 103961.6182 ]
1290:(66,2,6,39,3,11,8) [ 92411.7182 ]
1291:(65,2,6,40,2,10,8) [ 84011.5998 ]
1292:(64,2,7,41,1,9,8) [ 75611.9424 ]
1293:(64,2,8,42,0,8,8) [ 67212.3914 ]
1294:(64,2,8,42,1,8,7) [ 58812.4914 ]
1295:(64,2,9,43,0,7,7) [ 51462.9624 ]
1296:(65,2,7,43,1,7,6) [ 44112.1808 ]
1297:(64,2,7,44,0,6,6) [ 37812.0734 ]
1298:(64,2,7,44,1,6,5) [ 31512.1734 ]
1299:(64,2,8,45,0,5,5) [ 26262.6554 ]
1300:(61,2,6,45,1,5,4) [ 21011.492199999997 ]
1301:(61,2,7,46,0,4,4) [ 16811.9742 ]
1302:(60,2,6,46,1,4,3) [ 12611.4738 ]
1303:(60,2,7,47,0,3,3) [ 9461.9668 ]
1304:(55,2,6,47,1,3,2) [ 6311.1178 ]
1305:(55,2,6,47,2,3,1) [ 3161.2178 ]
1306:(55,2,7,48,1,2,1) [ 2111.7218 ]
1307:(55,2,8,49,0,1,1) [ 1062.2478 ]
1308:(50,2,4,49,1,1,0) [ 9.7298 ]
1309:(50,2,5,50,0,0,0) [ 10.233799999999999 ]
1310:(50,2,6,50,0,0,0) [ 10.793800000000001 ]
1311:(50,2,7,50,0,0,0) [ 11.3538 ]
1312:(50,2,8,50,0,0,0) [ 11.913799999999998 ]
1313:(50,2,9,50,0,0,0) [ 12.4738 ]
1314:(50,2,10,50,0,0,0) [ 13.0338 ]
1315:(50,2,11,50,0,0,0) [ 13.593800000000002 ]
1316:(50,2,12,50,0,0,0) [ 14.1538 ]
1317:(50,2,13,50,0,0,0) [ 14.713799999999999 ]
1318:(50,2,14,50,0,0,0) [ 15.273800000000001 ]
1319:(50,2,15,50,0,0,0) [ 15.8338 ]
1320:(50,2,16,50,0,0,0) [ 16.3938 ]
1321:(50,2,17,50,0,0,0) [ 16.9538 ]
1322:(50,2,18,50,0,0,0) [ 17.5138 ]
1323:(50,2,19,50,0,0,0) [ 18.0738 ]
1324:(50,2,20,50,0,0,0) [ 18.633799999999997 ]
1325:(50,2,21,50,0,0,0) [ 19.1938 ]
1326:(50,2,22,50,0,0,0) [ 19.7538 ]
1327:(50,2,23,50,0,0,0) [ 20.3138 ]
1328:(50,2,24,50,0,0,0) [ 20.873800000000003 ]
1329:(50,2,23,49,1,1,0) [ 20.160800000000002 ]
1330:(50,2,22,48,2,2,0) [ 19.4698 ]
1331:(50,2,23,48,2,2,0) [ 20.0078 ]
1332:(50,2,22,47,3,3,0) [ 19.3278 ]
1333:(50,2,23,47,3,3,0) [ 19.8548 ]
1334:(50,2,24,47,3,3,0) [ 20.381800000000002 ]
1335:(50,2,23,46,4,4,0) [ 19.7018 ]
1336:(50,2,22,45,5,5,0) [ 19.0438 ]
1337:(50,2,23,45,5,5,0) [ 19.5488 ]
1338:(50,2,22,44,6,6,0) [ 18.9018 ]
1339:(50,2,21,43,7,7,0) [ 18.276799999999998 ]
1340:(50,2,20,42,8,8,0) [ 17.6738 ]
1341:(50,2,19,41,9,9,0) [ 17.092799999999997 ]
1342:(50,2,20,41,9,9,0) [ 17.5538 ]
1343:(50,2,21,41,9,9,0) [ 18.014799999999997 ]
1344:(50,2,20,40,10,10,0) [ 17.433799999999998 ]
1345:(50,2,21,40,10,10,0) [ 17.883799999999997 ]
1346:(50,2,20,39,11,11,0) [ 17.3138 ]
1347:(50,2,19,38,12,12,0) [ 16.7658 ]
1348:(50,2,18,37,13,13,0) [ 16.2398 ]
1349:(50,2,17,36,14,14,0) [ 15.7358 ]
1350:(50,2,18,36,14,14,0) [ 16.141799999999996 ]
1351:(50,2,19,36,14,14,0) [ 16.5478 ]
1352:(50,2,18,35,15,15,0) [ 16.0438 ]
1353:(50,2,17,34,16,16,0) [ 15.5618 ]
1354:(50,2,16,33,17,17,0) [ 15.1018 ]
1355:(50,2,15,32,18,18,0) [ 14.663800000000002 ]
1356:(50,2,14,31,19,19,0) [ 14.2478 ]
1357:(50,2,15,31,19,19,0) [ 14.598799999999999 ]
1358:(50,2,14,30,20,20,0) [ 14.1938 ]
1359:(50,2,15,30,20,20,0) [ 14.5338 ]
1360:(50,2,14,29,21,21,0) [ 14.1398 ]
1361:(50,2,13,28,22,22,0) [ 13.767799999999998 ]
1362:(50,2,12,27,23,23,0) [ 13.4178 ]
1363:(50,2,13,27,23,23,0) [ 13.724800000000002 ]
1364:(50,2,12,26,24,24,0) [ 13.385800000000001 ]
1365:(50,2,13,26,24,24,0) [ 13.6818 ]
1366:(50,2,12,25,25,25,0) [ 13.3538 ]
1367:(50,2,13,25,25,25,0) [ 13.6388 ]
1368:(50,2,12,24,26,26,0) [ 13.3218 ]
1369:(50,2,11,23,27,27,0) [ 13.026799999999998 ]
1370:(50,2,12,23,27,27,0) [ 13.2898 ]
1371:(50,2,13,23,27,27,0) [ 13.552799999999998 ]
1372:(50,2,12,22,28,28,0) [ 13.2578 ]
1373:(50,2,13,22,28,28,0) [ 13.5098 ]
1374:(50,2,12,21,29,29,0) [ 13.225800000000001 ]
1375:(50,2,11,20,30,30,0) [ 12.963799999999999 ]
1376:(50,2,12,20,30,30,0) [ 13.1938 ]
1377:(50,2,11,19,31,31,0) [ 12.9428 ]
1378:(50,2,12,19,31,31,0) [ 13.1618 ]
1379:(50,2,11,18,32,32,0) [ 12.921800000000001 ]
1380:(50,2,10,17,33,33,0) [ 12.703800000000001 ]
1381:(50,2,9,16,34,34,0) [ 12.5078 ]
1382:(50,2,8,15,35,35,0) [ 12.3338 ]
1383:(50,2,7,14,36,36,0) [ 12.1818 ]
1384:(50,2,8,14,36,36,0) [ 12.345799999999999 ]
1385:(50,2,7,13,37,37,0) [ 12.204799999999999 ]
1386:(50,2,6,12,38,38,0) [ 12.085799999999999 ]
1387:(50,2,5,11,39,39,0) [ 11.9888 ]
1388:(50,2,6,11,39,39,0) [ 12.1198 ]
1389:(50,2,5,10,40,40,0) [ 12.0338 ]
1390:(49,2,6,10,40,40,0) [ 12.0694 ]
1391:(48,2,7,10,40,40,0) [ 12.105 ]
1392:(48,2,6,9,41,41,0) [ 12.019 ]
1393:(48,2,5,8,42,42,0) [ 11.955 ]
1394:(48,2,6,8,42,42,0) [ 12.052999999999999 ]
1395:(48,2,5,7,43,43,0) [ 12.0 ]
1396:(48,2,4,6,44,44,0) [ 11.969000000000001 ]
1397:(48,2,3,5,45,45,0) [ 11.96 ]
1398:(47,2,4,5,45,45,0) [ 11.9406 ]
1399:(47,2,3,4,46,46,0) [ 11.9426 ]
1400:(47,2,2,3,47,47,0) [ 11.9666 ]
1401:(47,2,1,2,48,48,0) [ 12.0126 ]
1402:(47,2,0,1,49,49,0) [ 12.0806 ]
1403:(46,2,1,1,49,49,0) [ 12.0172 ]
1404:(46,2,0,0,50,50,0) [ 12.0962 TARGET ]
1405:(47,2,0,0,50,50,0) [ 12.1806 TARGET ]
1406:(45,2,0,0,50,50,0) [ 12.011800000000001 ]
1407:(45,2,1,0,50,50,0) [ 12.021799999999999 TARGET ]
1408:(46,2,1,0,50,50,0) [ 12.106200000000001 TARGET ]
1409:(47,2,1,1,49,49,0) [ 12.101600000000001 ]
1410:(45,2,1,1,49,49,0) [ 11.9328 ]
1411:(45,2,2,1,49,49,0) [ 11.953800000000001 ]
1412:(46,2,2,1,49,49,0) [ 12.0382 ]
1413:(48,2,0,1,49,49,0) [ 12.165 ]
1414:(46,2,0,1,49,49,0) [ 11.996200000000002 ]
1415:(48,2,1,2,48,48,0) [ 12.097000000000001 ]
1416:(46,2,1,2,48,48,0) [ 11.9282 ]
1417:(46,2,2,2,48,48,0) [ 11.9602 ]
1418:(47,2,2,2,48,48,0) [ 12.0446 ]
1419:(48,2,2,3,47,47,0) [ 12.050999999999998 ]
1420:(46,2,2,3,47,47,0) [ 11.882200000000001 ]
1421:(46,2,3,3,47,47,0) [ 11.9252 ]
1422:(47,2,3,3,47,47,0) [ 12.0096 ]
1423:(48,2,3,4,46,46,0) [ 12.027000000000001 ]
1424:(46,2,3,4,46,46,0) [ 11.8582 ]
1425:(46,2,4,4,46,46,0) [ 11.912200000000002 ]
1426:(47,2,4,4,46,46,0) [ 11.9966 ]
1427:(48,2,4,5,45,45,0) [ 12.024999999999999 ]
1428:(46,2,4,5,45,45,0) [ 11.856200000000001 ]
1429:(46,2,5,5,45,45,0) [ 11.9212 ]
1430:(47,2,5,5,45,45,0) [ 12.005600000000001 ]
1431:(49,2,3,5,45,45,0) [ 12.0444 ]
1432:(47,2,3,5,45,45,0) [ 11.8756 ]
1433:(49,2,4,6,44,44,0) [ 12.0534 ]
1434:(47,2,4,6,44,44,0) [ 11.8846 ]
1435:(47,2,5,6,44,44,0) [ 11.960600000000001 ]
1436:(48,2,5,6,44,44,0) [ 12.045 ]
1437:(49,2,5,7,43,43,0) [ 12.084399999999999 ]
1438:(47,2,5,7,43,43,0) [ 11.915600000000001 ]
1439:(47,2,6,7,43,43,0) [ 12.002600000000001 ]
1440:(48,2,6,7,43,43,0) [ 12.087 ]
1441:(49,2,6,8,42,42,0) [ 12.1374 ]
1442:(47,2,6,8,42,42,0) [ 11.9686 ]
1443:(47,2,7,8,42,42,0) [ 12.066600000000001 ]
1444:(48,2,7,8,42,42,0) [ 12.151 ]
1445:(49,2,5,8,42,42,0) [ 12.0394 ]
1446:(47,2,5,8,42,42,0) [ 11.870600000000001 ]
1447:(49,2,6,9,41,41,0) [ 12.1034 ]
1448:(47,2,6,9,41,41,0) [ 11.934600000000001 ]
1449:(47,2,7,9,41,41,0) [ 12.043600000000001 ]
1450:(48,2,7,9,41,41,0) [ 12.128 ]
1451:(49,2,7,10,40,40,0) [ 12.1894 ]
1452:(47,2,7,10,40,40,0) [ 12.020600000000002 ]
1453:(47,2,8,10,40,40,0) [ 12.1406 ]
1454:(48,2,8,10,40,40,0) [ 12.225 ]
1455:(50,2,6,10,40,40,0) [ 12.1538 ]
1456:(48,2,6,10,40,40,0) [ 11.985 ]
1457:(51,2,5,10,40,40,0) [ 12.118200000000002 ]
1458:(49,2,5,10,40,40,0) [ 11.9494 ]
1459:(51,2,6,11,39,39,0) [ 12.204200000000002 ]
1460:(49,2,6,11,39,39,0) [ 12.035400000000001 ]
1461:(49,2,7,11,39,39,0) [ 12.166400000000001 ]
1462:(50,2,7,11,39,39,0) [ 12.2508 ]
1463:(51,2,5,11,39,39,0) [ 12.073200000000002 ]
1464:(49,2,5,11,39,39,0) [ 11.9044 ]
1465:(51,2,6,12,38,38,0) [ 12.170200000000001 ]
1466:(49,2,6,12,38,38,0) [ 12.0014 ]
1467:(49,2,7,12,38,38,0) [ 12.1434 ]
1468:(50,2,7,12,38,38,0) [ 12.227800000000002 ]
1469:(51,2,7,13,37,37,0) [ 12.289200000000001 ]
1470:(49,2,7,13,37,37,0) [ 12.1204 ]
1471:(49,2,8,13,37,37,0) [ 12.273399999999999 ]
1472:(50,2,8,13,37,37,0) [ 12.357800000000001 ]
1473:(51,2,8,14,36,36,0) [ 12.430200000000001 ]
1474:(49,2,8,14,36,36,0) [ 12.2614 ]
1475:(49,2,9,14,36,36,0) [ 12.4254 ]
1476:(50,2,9,14,36,36,0) [ 12.5098 ]
1477:(51,2,7,14,36,36,0) [ 12.266200000000001 ]
1478:(49,2,7,14,36,36,0) [ 12.0974 ]
1479:(51,2,8,15,35,35,0) [ 12.418200000000002 ]
1480:(49,2,8,15,35,35,0) [ 12.249400000000001 ]
1481:(49,2,9,15,35,35,0) [ 12.424399999999999 ]
1482:(50,2,9,15,35,35,0) [ 12.5088 ]
1483:(51,2,9,16,34,34,0) [ 12.5922 ]
1484:(49,2,9,16,34,34,0) [ 12.423399999999999 ]
1485:(49,2,10,16,34,34,0) [ 12.609399999999999 ]
1486:(50,2,10,16,34,34,0) [ 12.6938 ]
1487:(51,2,10,17,33,33,0) [ 12.7882 ]
1488:(49,2,10,17,33,33,0) [ 12.619399999999999 ]
1489:(49,2,11,17,33,33,0) [ 12.816400000000002 ]
1490:(50,2,11,17,33,33,0) [ 12.9008 ]
1491:(51,2,11,18,32,32,0) [ 13.0062 ]
1492:(49,2,11,18,32,32,0) [ 12.837399999999999 ]
1493:(49,2,12,18,32,32,0) [ 13.0454 ]
1494:(50,2,12,18,32,32,0) [ 13.1298 ]
1495:(51,2,12,19,31,31,0) [ 13.2462 ]
1496:(49,2,12,19,31,31,0) [ 13.077399999999999 ]
1497:(49,2,13,19,31,31,0) [ 13.2964 ]
1498:(50,2,13,19,31,31,0) [ 13.380799999999999 ]
1499:(51,2,11,19,31,31,0) [ 13.027200000000002 ]
1500:(49,2,11,19,31,31,0) [ 12.858400000000001 ]
1501:(51,2,12,20,30,30,0) [ 13.278200000000002 ]
1502:(49,2,12,20,30,30,0) [ 13.1094 ]
1503:(49,2,13,20,30,30,0) [ 13.339400000000001 ]
1504:(50,2,13,20,30,30,0) [ 13.4238 ]
1505:(51,2,11,20,30,30,0) [ 13.048200000000001 ]
1506:(49,2,11,20,30,30,0) [ 12.8794 ]
1507:(51,2,12,21,29,29,0) [ 13.310200000000002 ]
1508:(49,2,12,21,29,29,0) [ 13.1414 ]
1509:(49,2,13,21,29,29,0) [ 13.382399999999999 ]
1510:(50,2,13,21,29,29,0) [ 13.466800000000001 ]
1511:(51,2,13,22,28,28,0) [ 13.5942 ]
1512:(49,2,13,22,28,28,0) [ 13.4254 ]
1513:(49,2,14,22,28,28,0) [ 13.6774 ]
1514:(50,2,14,22,28,28,0) [ 13.761800000000001 ]
1515:(51,2,12,22,28,28,0) [ 13.342200000000002 ]
1516:(49,2,12,22,28,28,0) [ 13.1734 ]
1517:(51,2,13,23,27,27,0) [ 13.6372 ]
1518:(49,2,13,23,27,27,0) [ 13.468399999999999 ]
1519:(49,2,14,23,27,27,0) [ 13.7314 ]
1520:(50,2,14,23,27,27,0) [ 13.8158 ]
1521:(51,2,12,23,27,27,0) [ 13.374200000000002 ]
1522:(49,2,12,23,27,27,0) [ 13.205400000000001 ]
1523:(51,2,11,23,27,27,0) [ 13.1112 ]
1524:(49,2,11,23,27,27,0) [ 12.9424 ]
1525:(51,2,12,24,26,26,0) [ 13.4062 ]
1526:(49,2,12,24,26,26,0) [ 13.2374 ]
1527:(49,2,13,24,26,26,0) [ 13.5114 ]
1528:(50,2,13,24,26,26,0) [ 13.595799999999999 ]
1529:(51,2,13,25,25,25,0) [ 13.723200000000002 ]
1530:(49,2,13,25,25,25,0) [ 13.554400000000001 ]
1531:(49,2,14,25,25,25,0) [ 13.839400000000001 ]
1532:(50,2,14,25,25,25,0) [ 13.9238 ]
1533:(51,2,12,25,25,25,0) [ 13.438200000000002 ]
1534:(49,2,12,25,25,25,0) [ 13.269400000000001 ]
1535:(51,2,13,26,24,24,0) [ 13.7662 ]
1536:(49,2,13,26,24,24,0) [ 13.597399999999999 ]
1537:(49,2,14,26,24,24,0) [ 13.893400000000002 ]
1538:(50,2,14,26,24,24,0) [ 13.9778 ]
1539:(51,2,12,26,24,24,0) [ 13.470200000000002 ]
1540:(49,2,12,26,24,24,0) [ 13.301400000000001 ]
1541:(51,2,13,27,23,23,0) [ 13.8092 ]
1542:(49,2,13,27,23,23,0) [ 13.6404 ]
1543:(49,2,14,27,23,23,0) [ 13.947400000000002 ]
1544:(50,2,14,27,23,23,0) [ 14.0318 ]
1545:(51,2,12,27,23,23,0) [ 13.502200000000002 ]
1546:(49,2,12,27,23,23,0) [ 13.333400000000001 ]
1547:(51,2,13,28,22,22,0) [ 13.8522 ]
1548:(49,2,13,28,22,22,0) [ 13.683399999999999 ]
1549:(49,2,14,28,22,22,0) [ 14.0014 ]
1550:(50,2,14,28,22,22,0) [ 14.085799999999999 ]
1551:(51,2,14,29,21,21,0) [ 14.224200000000002 ]
1552:(49,2,14,29,21,21,0) [ 14.0554 ]
1553:(49,2,15,29,21,21,0) [ 14.384400000000001 ]
1554:(50,2,15,29,21,21,0) [ 14.4688 ]
1555:(51,2,15,30,20,20,0) [ 14.618200000000002 ]
1556:(49,2,15,30,20,20,0) [ 14.4494 ]
1557:(49,2,16,30,20,20,0) [ 14.7894 ]
1558:(50,2,16,30,20,20,0) [ 14.8738 ]
1559:(51,2,14,30,20,20,0) [ 14.278200000000002 ]
1560:(49,2,14,30,20,20,0) [ 14.1094 ]
1561:(51,2,15,31,19,19,0) [ 14.683200000000001 ]
1562:(49,2,15,31,19,19,0) [ 14.5144 ]
1563:(49,2,16,31,19,19,0) [ 14.8654 ]
1564:(50,2,16,31,19,19,0) [ 14.949800000000002 ]
1565:(51,2,14,31,19,19,0) [ 14.332200000000002 ]
1566:(49,2,14,31,19,19,0) [ 14.163400000000001 ]
1567:(51,2,15,32,18,18,0) [ 14.7482 ]
1568:(49,2,15,32,18,18,0) [ 14.5794 ]
1569:(49,2,16,32,18,18,0) [ 14.941400000000002 ]
1570:(50,2,16,32,18,18,0) [ 15.0258 ]
1571:(51,2,16,33,17,17,0) [ 15.1862 ]
1572:(49,2,16,33,17,17,0) [ 15.017399999999999 ]
1573:(49,2,17,33,17,17,0) [ 15.3904 ]
1574:(50,2,17,33,17,17,0) [ 15.474799999999998 ]
1575:(51,2,17,34,16,16,0) [ 15.646200000000002 ]
1576:(49,2,17,34,16,16,0) [ 15.477400000000001 ]
1577:(49,2,18,34,16,16,0) [ 15.861399999999998 ]
1578:(50,2,18,34,16,16,0) [ 15.9458 ]
1579:(51,2,18,35,15,15,0) [ 16.1282 ]
1580:(49,2,18,35,15,15,0) [ 15.959399999999999 ]
1581:(49,2,19,35,15,15,0) [ 16.354400000000002 ]
1582:(50,2,19,35,15,15,0) [ 16.4388 ]
1583:(51,2,19,36,14,14,0) [ 16.6322 ]
1584:(49,2,19,36,14,14,0) [ 16.4634 ]
1585:(49,2,20,36,14,14,0) [ 16.8694 ]
1586:(50,2,20,36,14,14,0) [ 16.953799999999998 ]
1587:(51,2,18,36,14,14,0) [ 16.2262 ]
1588:(49,2,18,36,14,14,0) [ 16.057399999999998 ]
1589:(51,2,17,36,14,14,0) [ 15.820200000000002 ]
1590:(49,2,17,36,14,14,0) [ 15.6514 ]
1591:(51,2,18,37,13,13,0) [ 16.3242 ]
1592:(49,2,18,37,13,13,0) [ 16.1554 ]
1593:(49,2,19,37,13,13,0) [ 16.572400000000002 ]
1594:(50,2,19,37,13,13,0) [ 16.6568 ]
1595:(51,2,19,38,12,12,0) [ 16.8502 ]
1596:(49,2,19,38,12,12,0) [ 16.6814 ]
1597:(49,2,20,38,12,12,0) [ 17.1094 ]
1598:(50,2,20,38,12,12,0) [ 17.1938 ]
1599:(51,2,20,39,11,11,0) [ 17.398200000000003 ]
1600:(49,2,20,39,11,11,0) [ 17.229400000000002 ]
1601:(49,2,21,39,11,11,0) [ 17.668400000000002 ]
1602:(50,2,21,39,11,11,0) [ 17.7528 ]
1603:(51,2,21,40,10,10,0) [ 17.9682 ]
1604:(49,2,21,40,10,10,0) [ 17.7994 ]
1605:(49,2,22,40,10,10,0) [ 18.2494 ]
1606:(50,2,22,40,10,10,0) [ 18.3338 ]
1607:(51,2,20,40,10,10,0) [ 17.5182 ]
1608:(49,2,20,40,10,10,0) [ 17.3494 ]
1609:(51,2,21,41,9,9,0) [ 18.0992 ]
1610:(49,2,21,41,9,9,0) [ 17.9304 ]
1611:(49,2,22,41,9,9,0) [ 18.3914 ]
1612:(50,2,22,41,9,9,0) [ 18.4758 ]
1613:(51,2,20,41,9,9,0) [ 17.6382 ]
1614:(49,2,20,41,9,9,0) [ 17.4694 ]
1615:(51,2,19,41,9,9,0) [ 17.1772 ]
1616:(49,2,19,41,9,9,0) [ 17.008399999999998 ]
1617:(51,2,20,42,8,8,0) [ 17.758200000000002 ]
1618:(49,2,20,42,8,8,0) [ 17.5894 ]
1619:(49,2,21,42,8,8,0) [ 18.061400000000003 ]
1620:(50,2,21,42,8,8,0) [ 18.1458 ]
1621:(51,2,21,43,7,7,0) [ 18.3612 ]
1622:(49,2,21,43,7,7,0) [ 18.1924 ]
1623:(49,2,22,43,7,7,0) [ 18.6754 ]
1624:(50,2,22,43,7,7,0) [ 18.7598 ]
1625:(51,2,22,44,6,6,0) [ 18.986200000000004 ]
1626:(49,2,22,44,6,6,0) [ 18.817400000000003 ]
1627:(49,2,23,44,6,6,0) [ 19.311400000000003 ]
1628:(50,2,23,44,6,6,0) [ 19.3958 ]
1629:(51,2,23,45,5,5,0) [ 19.633200000000002 ]
1630:(49,2,23,45,5,5,0) [ 19.4644 ]
1631:(49,2,24,45,5,5,0) [ 19.9694 ]
1632:(50,2,24,45,5,5,0) [ 20.053800000000003 ]
1633:(51,2,22,45,5,5,0) [ 19.128200000000003 ]
1634:(49,2,22,45,5,5,0) [ 18.959400000000002 ]
1635:(51,2,23,46,4,4,0) [ 19.7862 ]
1636:(49,2,23,46,4,4,0) [ 19.6174 ]
1637:(49,2,24,46,4,4,0) [ 20.1334 ]
1638:(50,2,24,46,4,4,0) [ 20.2178 ]
1639:(51,2,24,47,3,3,0) [ 20.466200000000004 ]
1640:(49,2,24,47,3,3,0) [ 20.297400000000003 ]
1641:(49,2,25,47,3,3,0) [ 20.8244 ]
1642:(50,2,25,47,3,3,0) [ 20.9088 ]
1643:(51,2,23,47,3,3,0) [ 19.939200000000003 ]
1644:(49,2,23,47,3,3,0) [ 19.770400000000002 ]
1645:(51,2,22,47,3,3,0) [ 19.412200000000002 ]
1646:(49,2,22,47,3,3,0) [ 19.2434 ]
1647:(51,2,23,48,2,2,0) [ 20.092200000000002 ]
1648:(49,2,23,48,2,2,0) [ 19.9234 ]
1649:(49,2,24,48,2,2,0) [ 20.4614 ]
1650:(50,2,24,48,2,2,0) [ 20.5458 ]
1651:(51,2,22,48,2,2,0) [ 19.5542 ]
1652:(49,2,22,48,2,2,0) [ 19.3854 ]
1653:(51,2,23,49,1,1,0) [ 20.245200000000004 ]
1654:(49,2,23,49,1,1,0) [ 20.076400000000003 ]
1655:(49,2,24,49,1,1,0) [ 20.625400000000003 ]
1656:(50,2,24,49,1,1,0) [ 20.7098 ]
1657:(51,2,24,50,0,0,0) [ 20.958200000000005 ]
1658:(49,2,24,50,0,0,0) [ 20.7894 ]
1659:(49,2,25,50,0,0,0) [ 21.3494 ]
1660:(50,2,25,50,0,0,0) [ 21.433799999999998 ]
1661:(51,2,23,50,0,0,0) [ 20.398200000000003 ]
1662:(49,2,23,50,0,0,0) [ 20.229400000000002 ]
1663:(51,2,22,50,0,0,0) [ 19.8382 ]
1664:(49,2,22,50,0,0,0) [ 19.6694 ]
1665:(51,2,21,50,0,0,0) [ 19.278200000000002 ]
1666:(49,2,21,50,0,0,0) [ 19.1094 ]
1667:(51,2,20,50,0,0,0) [ 18.7182 ]
1668:(49,2,20,50,0,0,0) [ 18.5494 ]
1669:(51,2,19,50,0,0,0) [ 18.1582 ]
1670:(49,2,19,50,0,0,0) [ 17.9894 ]
1671:(51,2,18,50,0,0,0) [ 17.5982 ]
1672:(49,2,18,50,0,0,0) [ 17.429399999999998 ]
1673:(51,2,17,50,0,0,0) [ 17.0382 ]
1674:(49,2,17,50,0,0,0) [ 16.8694 ]
1675:(51,2,16,50,0,0,0) [ 16.4782 ]
1676:(49,2,16,50,0,0,0) [ 16.3094 ]
1677:(51,2,15,50,0,0,0) [ 15.918199999999999 ]
1678:(49,2,15,50,0,0,0) [ 15.749399999999998 ]
1679:(51,2,14,50,0,0,0) [ 15.3582 ]
1680:(49,2,14,50,0,0,0) [ 15.1894 ]
1681:(51,2,13,50,0,0,0) [ 14.798200000000001 ]
1682:(49,2,13,50,0,0,0) [ 14.6294 ]
1683:(51,2,12,50,0,0,0) [ 14.238200000000003 ]
1684:(49,2,12,50,0,0,0) [ 14.069400000000002 ]
1685:(51,2,11,50,0,0,0) [ 13.6782 ]
1686:(49,2,11,50,0,0,0) [ 13.5094 ]
1687:(51,2,10,50,0,0,0) [ 13.118200000000002 ]
1688:(49,2,10,50,0,0,0) [ 12.9494 ]
1689:(51,2,9,50,0,0,0) [ 12.5582 ]
1690:(49,2,9,50,0,0,0) [ 12.389399999999998 ]
1691:(51,2,8,50,0,0,0) [ 11.9982 ]
1692:(49,2,8,50,0,0,0) [ 11.8294 ]
1693:(51,2,7,50,0,0,0) [ 11.438200000000002 ]
1694:(49,2,7,50,0,0,0) [ 11.269400000000001 ]
1695:(51,2,6,50,0,0,0) [ 10.8782 ]
1696:(49,2,6,50,0,0,0) [ 10.709399999999999 ]
1697:(51,2,5,50,0,0,0) [ 10.318200000000001 ]
1698:(77,2,12,0,34,50,16) [ 840013.2326 TARGET ]
1699:(76,2,13,0,34,50,16) [ 840013.1582000001 TARGET ]
1700:(77,2,13,1,33,49,16) [ 823213.2856000001 ]
1701:(76,2,14,1,33,49,16) [ 823213.2222000001 ]
1702:(77,2,14,2,32,48,16) [ 806413.3605999999 ]
1703:(76,2,15,2,32,48,16) [ 806413.3082 ]
1704:(77,2,15,3,31,47,16) [ 789613.4576 ]
1705:(76,2,16,3,31,47,16) [ 789613.4162 ]
1706:(77,2,16,4,30,46,16) [ 772813.5766 ]
1707:(76,2,17,4,30,46,16) [ 772813.5462 ]
1708:(77,2,17,5,29,45,16) [ 756013.7176 ]
1709:(76,2,18,5,29,45,16) [ 756013.6982 ]
1710:(77,2,18,6,28,44,16) [ 739213.8806 ]
1711:(76,2,19,6,28,44,16) [ 739213.8722000001 ]
1712:(77,2,19,7,27,43,16) [ 722414.0656 ]
1713:(76,2,20,7,27,43,16) [ 722414.0682 ]
1714:(77,2,20,8,26,42,16) [ 705614.2726 ]
1715:(76,2,21,8,26,42,16) [ 705614.2862 ]
1716:(77,2,21,9,25,41,16) [ 688814.5016 ]
1717:(76,2,22,9,25,41,16) [ 688814.5262 ]
1718:(77,2,22,10,24,40,16) [ 672014.7526 ]
1719:(76,2,23,10,24,40,16) [ 672014.7882000001 ]
1720:(77,2,23,11,23,39,16) [ 655215.0256 ]
1721:(76,2,24,11,23,39,16) [ 655215.0722 ]
1722:(77,2,24,12,22,38,16) [ 638415.3206 ]
1723:(76,2,25,12,22,38,16) [ 638415.3781999999 ]
1724:(77,2,25,13,21,37,16) [ 621615.6376 ]
1725:(76,2,26,13,21,37,16) [ 621615.7062 ]
1726:(77,2,26,14,20,36,16) [ 604815.9766 ]
1727:(76,2,27,14,20,36,16) [ 604816.0562 ]
1728:(77,2,27,15,19,35,16) [ 588016.3376 ]
1729:(76,2,28,15,19,35,16) [ 588016.4282 ]
1730:(77,2,28,16,18,34,16) [ 571216.7206 ]
1731:(76,2,29,16,18,34,16) [ 571216.8222 ]
1732:(77,2,29,17,17,33,16) [ 554417.1255999999 ]
1733:(76,2,30,17,17,33,16) [ 554417.2381999999 ]
1734:(77,2,30,18,16,32,16) [ 537617.5525999999 ]
1735:(76,2,31,18,16,32,16) [ 537617.6762 ]
1736:(77,2,31,19,15,31,16) [ 520818.0016 ]
1737:(76,2,32,19,15,31,16) [ 520818.1362 ]
1738:(77,2,32,20,14,30,16) [ 504018.47260000004 ]
1739:(76,2,33,20,14,30,16) [ 504018.6182 ]
1740:(77,2,33,21,13,29,16) [ 487218.9656 ]
1741:(76,2,34,21,13,29,16) [ 487219.1222 ]
1742:(77,2,34,22,12,28,16) [ 470419.4806 ]
1743:(76,2,35,22,12,28,16) [ 470419.6482 ]
1744:(77,2,35,23,11,27,16) [ 453620.01759999996 ]
1745:(76,2,36,23,11,27,16) [ 453620.1962 ]
1746:(77,2,36,24,10,26,16) [ 436820.5766 ]
1747:(76,2,37,24,10,26,16) [ 436820.7662 ]
1748:(77,2,37,25,9,25,16) [ 420021.15760000004 ]
1749:(76,2,38,25,9,25,16) [ 420021.3582 ]
1750:(77,2,38,26,8,24,16) [ 403221.7606 ]
1751:(76,2,39,26,8,24,16) [ 403221.97219999996 ]
1752:(77,2,39,27,7,23,16) [ 386422.38560000004 ]
1753:(76,2,40,27,7,23,16) [ 386422.6082 ]
1754:(77,2,40,28,6,22,16) [ 369623.0326 ]
1755:(76,2,41,28,6,22,16) [ 369623.26619999995 ]
1756:(78,2,39,28,6,22,16) [ 369622.799 ]
1757:(79,2,38,28,6,22,16) [ 369622.56539999996 ]
1758:(80,2,37,28,6,22,16) [ 369622.3318 ]
1759:(81,2,36,28,6,22,16) [ 369622.09819999995 ]
1760:(82,2,35,28,6,22,16) [ 369621.8646 ]
1761:(82,2,34,28,6,22,16) [ 369621.5466 ]
1762:(82,2,33,28,6,22,16) [ 369621.2286 ]
1763:(82,2,32,28,6,22,16) [ 369620.9106 ]
1764:(83,2,31,28,6,22,16) [ 369620.67699999997 ]
1765:(84,2,30,28,6,22,16) [ 369620.4434 ]
1766:(84,2,29,28,6,22,16) [ 369620.12539999996 ]
1767:(84,2,30,29,5,21,16) [ 352820.6734 ]
1768:(83,2,31,29,5,21,16) [ 352820.918 ]
1769:(84,2,29,29,5,21,16) [ 352820.3444 ]
1770:(84,2,28,29,5,21,16) [ 352820.0154 ]
1771:(84,2,27,29,5,21,16) [ 352819.6864 ]
1772:(82,2,26,29,5,21,16) [ 352819.1886 ]
1773:(78,2,25,29,5,21,16) [ 352818.522 ]
1774:(78,2,24,29,5,21,16) [ 352818.193 ]
1775:(79,2,23,29,5,21,16) [ 352817.9484 ]
1776:(80,2,22,29,5,21,16) [ 352817.7038 ]
1777:(80,2,23,30,4,20,16) [ 336018.18580000004 ]
1778:(79,2,24,30,4,20,16) [ 336018.4414 ]
1779:(80,2,22,30,4,20,16) [ 336017.8458 ]
1780:(80,2,21,30,4,20,16) [ 336017.50580000004 ]
1781:(83,2,18,30,4,20,16) [ 336016.739 ]
1782:(82,2,19,30,4,20,16) [ 336016.99460000003 ]
1783:(83,2,19,31,3,19,16) [ 319217.18799999997 ]
1784:(82,2,20,31,3,19,16) [ 319217.4546 ]
1785:(84,2,18,31,3,19,16) [ 319216.9214 ]
1786:(84,2,19,32,2,18,16) [ 302417.3814 ]
1787:(83,2,20,32,2,18,16) [ 302417.659 ]
1788:(84,2,20,33,1,17,16) [ 285617.8634 ]
1789:(83,2,21,33,1,17,16) [ 285618.152 ]
1790:(84,2,20,33,2,17,15) [ 267767.9634 ]
1791:(83,2,21,33,2,17,15) [ 267768.25200000004 ]
1792:(85,2,19,33,2,17,15) [ 267767.67480000004 ]
1793:(86,2,18,33,2,17,15) [ 267767.3862 ]
1794:(86,2,19,34,1,16,15) [ 252017.8682 ]
1795:(85,2,20,34,1,16,15) [ 252018.1678 ]
1796:(87,2,18,34,1,16,15) [ 252017.5686 ]
1797:(86,2,17,34,1,16,15) [ 252017.10020000002 ]
1798:(86,2,17,34,2,16,14) [ 235217.20020000002 ]
1799:(85,2,18,34,2,16,14) [ 235217.49980000002 ]
1800:(86,2,18,35,1,15,14) [ 220517.6822 ]
1801:(85,2,19,35,1,15,14) [ 220517.9928 ]
1802:(87,2,17,35,1,15,14) [ 220517.3716 ]
1803:(87,2,18,36,0,14,14) [ 205817.8646 ]
1804:(86,2,19,36,0,14,14) [ 205818.1862 ]
1805:(87,2,17,36,0,14,14) [ 205817.4586 ]
1806:(86,2,16,36,0,14,14) [ 205816.9682 ]
1807:(86,2,15,36,0,14,14) [ 205816.5622 ]
1808:(85,2,14,36,0,14,14) [ 205816.0718 ]
1809:(80,2,15,35,0,15,15) [ 236265.8908 ]
1810:(79,2,16,35,0,15,15) [ 236266.2014 ]
1811:(80,2,14,35,0,15,15) [ 236265.4958 ]
1812:(80,2,14,35,1,15,14) [ 220515.5958 ]
1813:(79,2,15,35,1,15,14) [ 220515.9064 ]
1814:(80,2,13,35,1,15,14) [ 220515.2008 ]
1815:(80,2,12,35,1,15,14) [ 220514.8058 ]
1816:(80,2,11,35,1,15,14) [ 220514.4108 ]
1817:(80,2,10,35,1,15,14) [ 220514.0158 ]
1818:(80,2,11,36,0,14,14) [ 205814.4318 ]
1819:(79,2,12,36,0,14,14) [ 205814.7534 ]
1820:(80,2,10,36,0,14,14) [ 205814.0258 ]
1821:(81,2,9,36,0,14,14) [ 205813.7042 ]
1822:(81,2,9,36,1,14,13) [ 191113.8042 ]
1823:(80,2,10,36,1,14,13) [ 191114.1258 ]
1824:(81,2,10,37,0,13,13) [ 177464.2202 ]
1825:(80,2,11,37,0,13,13) [ 177464.5528 ]
1826:(78,2,9,37,0,13,13) [ 177463.55 ]
1827:(78,2,8,37,0,13,13) [ 177463.133 ]
1828:(78,2,7,37,0,13,13) [ 177462.716 ]
1829:(78,2,7,37,1,13,12) [ 163812.816 ]
1830:(77,2,8,37,1,13,12) [ 163813.14860000001 ]
1831:(78,2,6,37,1,13,12) [ 163812.399 ]
1832:(78,2,7,38,0,12,12) [ 151212.793 ]
1833:(77,2,8,38,0,12,12) [ 151213.1366 ]
1834:(73,2,7,38,1,12,11) [ 138612.47100000002 ]
1835:(72,2,8,38,1,12,11) [ 138612.8146 ]
1836:(73,2,6,38,1,12,11) [ 138612.043 ]
1837:(70,2,6,38,2,12,10) [ 126011.88979999999 ]
1838:(69,2,7,38,2,12,10) [ 126012.2334 ]
1839:(70,2,5,38,2,12,10) [ 126011.46179999999 ]
1840:(70,2,4,38,2,12,10) [ 126011.03379999999 ]
1841:(70,2,5,39,1,11,10) [ 115511.4168 ]
1842:(69,2,6,39,1,11,10) [ 115511.77140000001 ]
1843:(69,2,4,39,1,11,10) [ 115510.8934 ]
1844:(69,2,4,39,2,11,9) [ 103960.99339999999 ]
1845:(68,2,5,39,2,11,9) [ 103961.348 ]
1846:(69,2,4,39,3,11,8) [ 92411.0934 ]
1847:(68,2,5,39,3,11,8) [ 92411.448 ]
1848:(70,2,3,39,3,11,8) [ 92410.7388 ]
1849:(71,2,2,39,3,11,8) [ 92410.3842 ]
1850:(69,2,3,40,2,10,8) [ 84010.5874 ]
1851:(68,2,4,40,2,10,8) [ 84010.953 ]
1852:(67,2,5,40,2,10,8) [ 84011.3186 ]
1853:(67,2,5,41,1,9,8) [ 75611.2736 ]
1854:(66,2,6,41,1,9,8) [ 75611.6502 ]
1855:(67,2,6,42,0,8,8) [ 67211.7006 ]
1856:(66,2,7,42,0,8,8) [ 67212.0882 ]
1857:(67,2,6,42,1,8,7) [ 58811.800599999995 ]
1858:(66,2,7,42,1,8,7) [ 58812.1882 ]
1859:(67,2,7,43,0,7,7) [ 51462.2496 ]
1860:(66,2,8,43,0,7,7) [ 51462.6482 ]
1861:(68,2,6,43,0,7,7) [ 51461.851 ]
1862:(68,2,5,43,0,7,7) [ 51461.368 ]
1863:(68,2,5,43,1,7,6) [ 44111.468 ]
1864:(67,2,6,43,1,7,6) [ 44111.8666 ]
1865:(69,2,4,43,1,7,6) [ 44111.0694 ]
1866:(67,2,5,44,0,6,6) [ 37811.3386 ]
1867:(66,2,6,44,0,6,6) [ 37811.7482 ]
1868:(67,2,5,44,1,6,5) [ 31511.438599999998 ]
1869:(66,2,6,44,1,6,5) [ 31511.8482 ]
1870:(67,2,6,45,0,5,5) [ 26261.8986 ]
1871:(66,2,7,45,0,5,5) [ 26262.3192 ]
1872:(66,2,5,45,0,5,5) [ 26261.3092 ]
1873:(64,2,4,45,0,5,5) [ 26260.6354 ]
1874:(64,2,4,45,1,5,4) [ 21010.735399999998 ]
1875:(63,2,5,45,1,5,4) [ 21011.156 ]
1876:(64,2,5,46,0,4,4) [ 16811.1954 ]
1877:(63,2,6,46,0,4,4) [ 16811.627 ]
1878:(65,2,4,46,0,4,4) [ 16810.7638 ]
1879:(63,2,4,46,1,4,3) [ 12610.695 ]
1880:(62,2,5,46,1,4,3) [ 12611.1266 ]
1881:(63,2,5,47,0,3,3) [ 9461.166 ]
1882:(62,2,6,47,0,3,3) [ 9461.6086 ]
1883:(63,2,4,47,0,3,3) [ 9460.639 ]
1884:(58,2,4,47,1,3,2) [ 6310.317 ]
1885:(57,2,5,47,1,3,2) [ 6310.7596 ]
1886:(58,2,4,47,2,3,1) [ 3160.417 ]
1887:(57,2,5,47,2,3,1) [ 3160.8596 ]
1888:(58,2,5,48,1,2,1) [ 2110.899 ]
1889:(57,2,6,48,1,2,1) [ 2111.3525999999997 ]
1890:(58,2,6,49,0,1,1) [ 1061.403 ]
1891:(57,2,7,49,0,1,1) [ 1061.8676 ]
1892:(59,2,5,49,0,1,1) [ 1060.9384 ]
1893:(53,2,4,49,0,1,1) [ 1059.883 ]
1894:(53,2,3,49,0,1,1) [ 1059.334 ]
1895:(54,2,2,49,0,1,1) [ 1058.8694 ]
1896:(53,2,2,49,1,1,0) [ 8.885 ]
1897:(52,2,3,49,1,1,0) [ 9.3496 ]
1898:(53,2,3,50,0,0,0) [ 9.367 ]
1899:(52,2,4,50,0,0,0) [ 9.842600000000001 ]
1900:(53,2,2,50,0,0,0) [ 8.806999999999999 ]
1901:(53,2,1,50,0,0,0) [ 8.247 ]
1902:(53,2,0,50,0,0,0) [ 7.687 ]
1903:(75,2,14,0,34,50,16) [ 840013.0838 TARGET ]
1904:(75,2,15,1,33,49,16) [ 823213.1588000001 ]
1905:(75,2,16,2,32,48,16) [ 806413.2557999999 ]
1906:(75,2,17,3,31,47,16) [ 789613.3748 ]
1907:(75,2,18,4,30,46,16) [ 772813.5158 ]
1908:(75,2,19,5,29,45,16) [ 756013.6788 ]
1909:(75,2,20,6,28,44,16) [ 739213.8638 ]
1910:(75,2,21,7,27,43,16) [ 722414.0708 ]
1911:(75,2,22,8,26,42,16) [ 705614.2997999999 ]
1912:(75,2,23,9,25,41,16) [ 688814.5508 ]
1913:(75,2,24,10,24,40,16) [ 672014.8238 ]
1914:(75,2,25,11,23,39,16) [ 655215.1188 ]
1915:(75,2,26,12,22,38,16) [ 638415.4358 ]
1916:(75,2,27,13,21,37,16) [ 621615.7748 ]
1917:(75,2,28,14,20,36,16) [ 604816.1358 ]
1918:(75,2,29,15,19,35,16) [ 588016.5188000001 ]
1919:(75,2,30,16,18,34,16) [ 571216.9238 ]
1920:(75,2,31,17,17,33,16) [ 554417.3507999999 ]
1921:(75,2,32,18,16,32,16) [ 537617.7997999999 ]
1922:(75,2,33,19,15,31,16) [ 520818.2708 ]
1923:(75,2,34,20,14,30,16) [ 504018.7638 ]
1924:(75,2,35,21,13,29,16) [ 487219.2788 ]
1925:(75,2,36,22,12,28,16) [ 470419.81580000004 ]
1926:(75,2,37,23,11,27,16) [ 453620.3748 ]
1927:(75,2,38,24,10,26,16) [ 436820.9558 ]
1928:(75,2,39,25,9,25,16) [ 420021.5588 ]
1929:(75,2,40,26,8,24,16) [ 403222.1838 ]
1930:(75,2,41,27,7,23,16) [ 386422.8308 ]
1931:(75,2,42,28,6,22,16) [ 369623.4998 ]
1932:(82,2,32,29,5,21,16) [ 352821.1626 ]
1933:(78,2,25,30,4,20,16) [ 336018.69700000004 ]
1934:(81,2,20,30,4,20,16) [ 336017.2502 ]
1935:(81,2,21,31,3,19,16) [ 319217.72119999997 ]
1936:(82,2,21,32,2,18,16) [ 302417.9366 ]
1937:(82,2,22,33,1,17,16) [ 285618.4406 ]
1938:(82,2,22,33,2,17,15) [ 267768.5406 ]
1939:(84,2,21,34,1,16,15) [ 252018.4674 ]
1940:(84,2,19,34,2,16,14) [ 235217.79940000002 ]
1941:(84,2,20,35,1,15,14) [ 220518.3034 ]
1942:(85,2,20,36,0,14,14) [ 205818.5078 ]
1943:(78,2,17,35,0,15,15) [ 236266.512 ]
1944:(78,2,16,35,1,15,14) [ 220516.217 ]
1945:(78,2,13,36,0,14,14) [ 205815.075 ]
1946:(79,2,11,36,1,14,13) [ 191114.4474 ]
1947:(79,2,12,37,0,13,13) [ 177464.8854 ]
1948:(76,2,9,37,1,13,12) [ 163813.4812 ]
1949:(76,2,9,38,0,12,12) [ 151213.4802 ]
1950:(71,2,9,38,1,12,11) [ 138613.1582 ]
1951:(68,2,8,38,2,12,10) [ 126012.57699999999 ]
1952:(68,2,7,39,1,11,10) [ 115512.126 ]
1953:(67,2,6,39,2,11,9) [ 103961.7026 ]
1954:(67,2,6,39,3,11,8) [ 92411.80260000001 ]
1955:(66,2,6,40,2,10,8) [ 84011.6842 ]
1956:(65,2,7,41,1,9,8) [ 75612.0268 ]
1957:(65,2,8,42,0,8,8) [ 67212.4758 ]
1958:(65,2,8,42,1,8,7) [ 58812.5758 ]
1959:(65,2,9,43,0,7,7) [ 51463.0468 ]
1960:(66,2,7,43,1,7,6) [ 44112.2652 ]
1961:(65,2,7,44,0,6,6) [ 37812.1578 ]
1962:(65,2,7,44,1,6,5) [ 31512.2578 ]
1963:(65,2,8,45,0,5,5) [ 26262.7398 ]
1964:(62,2,6,45,1,5,4) [ 21011.5766 ]
1965:(62,2,7,46,0,4,4) [ 16812.0586 ]
1966:(61,2,6,46,1,4,3) [ 12611.5582 ]
1967:(61,2,7,47,0,3,3) [ 9462.0512 ]
1968:(56,2,6,47,1,3,2) [ 6311.202200000001 ]
1969:(56,2,6,47,2,3,1) [ 3161.3021999999996 ]
1970:(56,2,7,48,1,2,1) [ 2111.8062 ]
1971:(56,2,8,49,0,1,1) [ 1062.3322 ]
1972:(51,2,4,49,1,1,0) [ 9.814200000000001 ]
1973:(48,2,0,0,50,50,0) [ 12.265 TARGET ]
1974:(47,2,1,0,50,50,0) [ 12.1906 TARGET ]
1975:(48,2,1,1,49,49,0) [ 12.186 ]
1976:(47,2,2,1,49,49,0) [ 12.122600000000002 ]
1977:(49,2,0,1,49,49,0) [ 12.249400000000001 ]
1978:(49,2,1,2,48,48,0) [ 12.1814 ]
1979:(48,2,2,2,48,48,0) [ 12.129 ]
1980:(49,2,2,3,47,47,0) [ 12.1354 ]
1981:(48,2,3,3,47,47,0) [ 12.094000000000001 ]
1982:(49,2,3,4,46,46,0) [ 12.1114 ]
1983:(48,2,4,4,46,46,0) [ 12.081 ]
1984:(49,2,4,5,45,45,0) [ 12.1094 ]
1985:(48,2,5,5,45,45,0) [ 12.09 ]
1986:(50,2,3,5,45,45,0) [ 12.1288 ]
1987:(50,2,4,6,44,44,0) [ 12.1378 ]
1988:(49,2,5,6,44,44,0) [ 12.1294 ]
1989:(50,2,5,7,43,43,0) [ 12.1688 ]
1990:(49,2,6,7,43,43,0) [ 12.171399999999998 ]
1991:(50,2,6,8,42,42,0) [ 12.221799999999998 ]
1992:(49,2,7,8,42,42,0) [ 12.235399999999998 ]
1993:(50,2,5,8,42,42,0) [ 12.1238 ]
1994:(50,2,6,9,41,41,0) [ 12.1878 ]
1995:(49,2,7,9,41,41,0) [ 12.212400000000002 ]
1996:(50,2,7,10,40,40,0) [ 12.273800000000001 ]
1997:(49,2,8,10,40,40,0) [ 12.3094 ]
1998:(51,2,6,10,40,40,0) [ 12.2382 ]
1999:(52,2,5,10,40,40,0) [ 12.2026 ]
2000:(52,2,6,11,39,39,0) [ 12.2886 ]
2001:(51,2,7,11,39,39,0) [ 12.335200000000002 ]
2002:(52,2,5,11,39,39,0) [ 12.1576 ]
2003:(52,2,6,12,38,38,0) [ 12.2546 ]
2004:(51,2,7,12,38,38,0) [ 12.3122 ]
2005:(52,2,7,13,37,37,0) [ 12.3736 ]
2006:(51,2,8,13,37,37,0) [ 12.4422 ]
2007:(52,2,8,14,36,36,0) [ 12.5146 ]
2008:(51,2,9,14,36,36,0) [ 12.5942 ]
2009:(52,2,7,14,36,36,0) [ 12.350600000000002 ]
2010:(52,2,8,15,35,35,0) [ 12.502600000000001 ]
2011:(51,2,9,15,35,35,0) [ 12.5932 ]
2012:(52,2,9,16,34,34,0) [ 12.6766 ]
2013:(51,2,10,16,34,34,0) [ 12.7782 ]
2014:(52,2,10,17,33,33,0) [ 12.872600000000002 ]
2015:(51,2,11,17,33,33,0) [ 12.985200000000003 ]
2016:(52,2,11,18,32,32,0) [ 13.090600000000002 ]
2017:(51,2,12,18,32,32,0) [ 13.214200000000002 ]
2018:(52,2,12,19,31,31,0) [ 13.3306 ]
2019:(51,2,13,19,31,31,0) [ 13.465200000000001 ]
2020:(52,2,11,19,31,31,0) [ 13.111600000000001 ]
2021:(52,2,12,20,30,30,0) [ 13.3626 ]
2022:(51,2,13,20,30,30,0) [ 13.508200000000002 ]
2023:(52,2,11,20,30,30,0) [ 13.1326 ]
2024:(52,2,12,21,29,29,0) [ 13.394600000000002 ]
2025:(51,2,13,21,29,29,0) [ 13.5512 ]
2026:(52,2,13,22,28,28,0) [ 13.678600000000001 ]
2027:(51,2,14,22,28,28,0) [ 13.846200000000001 ]
2028:(52,2,12,22,28,28,0) [ 13.4266 ]
2029:(52,2,13,23,27,27,0) [ 13.721599999999999 ]
2030:(51,2,14,23,27,27,0) [ 13.900200000000002 ]
2031:(52,2,12,23,27,27,0) [ 13.4586 ]
2032:(52,2,11,23,27,27,0) [ 13.195599999999999 ]
2033:(52,2,12,24,26,26,0) [ 13.4906 ]
2034:(51,2,13,24,26,26,0) [ 13.680200000000001 ]
2035:(52,2,13,25,25,25,0) [ 13.8076 ]
2036:(51,2,14,25,25,25,0) [ 14.008200000000002 ]
2037:(52,2,12,25,25,25,0) [ 13.5226 ]
2038:(52,2,13,26,24,24,0) [ 13.850600000000002 ]
2039:(51,2,14,26,24,24,0) [ 14.062200000000002 ]
2040:(52,2,12,26,24,24,0) [ 13.554600000000002 ]
2041:(52,2,13,27,23,23,0) [ 13.893600000000003 ]
2042:(51,2,14,27,23,23,0) [ 14.116200000000003 ]
2043:(52,2,12,27,23,23,0) [ 13.5866 ]
2044:(52,2,13,28,22,22,0) [ 13.936599999999999 ]
2045:(51,2,14,28,22,22,0) [ 14.170200000000001 ]
2046:(52,2,14,29,21,21,0) [ 14.3086 ]
2047:(51,2,15,29,21,21,0) [ 14.553200000000002 ]
2048:(52,2,15,30,20,20,0) [ 14.7026 ]
2049:(51,2,16,30,20,20,0) [ 14.958200000000001 ]
2050:(52,2,14,30,20,20,0) [ 14.3626 ]
2051:(52,2,15,31,19,19,0) [ 14.7676 ]
2052:(51,2,16,31,19,19,0) [ 15.0342 ]
2053:(52,2,14,31,19,19,0) [ 14.4166 ]
2054:(52,2,15,32,18,18,0) [ 14.832600000000003 ]
2055:(51,2,16,32,18,18,0) [ 15.110200000000003 ]
2056:(52,2,16,33,17,17,0) [ 15.270600000000002 ]
2057:(51,2,17,33,17,17,0) [ 15.5592 ]
2058:(52,2,17,34,16,16,0) [ 15.7306 ]
2059:(51,2,18,34,16,16,0) [ 16.0302 ]
2060:(52,2,18,35,15,15,0) [ 16.212600000000002 ]
2061:(51,2,19,35,15,15,0) [ 16.523200000000003 ]
2062:(52,2,19,36,14,14,0) [ 16.7166 ]
2063:(51,2,20,36,14,14,0) [ 17.0382 ]
2064:(52,2,18,36,14,14,0) [ 16.310599999999997 ]
2065:(52,2,17,36,14,14,0) [ 15.9046 ]
2066:(52,2,18,37,13,13,0) [ 16.4086 ]
2067:(51,2,19,37,13,13,0) [ 16.741200000000003 ]
2068:(52,2,19,38,12,12,0) [ 16.9346 ]
2069:(51,2,20,38,12,12,0) [ 17.278200000000002 ]
2070:(52,2,20,39,11,11,0) [ 17.4826 ]
2071:(51,2,21,39,11,11,0) [ 17.837200000000003 ]
2072:(52,2,21,40,10,10,0) [ 18.052599999999998 ]
2073:(51,2,22,40,10,10,0) [ 18.418200000000002 ]
2074:(52,2,20,40,10,10,0) [ 17.6026 ]
2075:(52,2,21,41,9,9,0) [ 18.1836 ]
2076:(51,2,22,41,9,9,0) [ 18.560200000000002 ]
2077:(52,2,20,41,9,9,0) [ 17.7226 ]
2078:(52,2,19,41,9,9,0) [ 17.261599999999998 ]
2079:(52,2,20,42,8,8,0) [ 17.8426 ]
2080:(51,2,21,42,8,8,0) [ 18.230200000000004 ]
2081:(52,2,21,43,7,7,0) [ 18.4456 ]
2082:(51,2,22,43,7,7,0) [ 18.8442 ]
2083:(52,2,22,44,6,6,0) [ 19.070600000000002 ]
2084:(51,2,23,44,6,6,0) [ 19.480200000000004 ]
2085:(52,2,23,45,5,5,0) [ 19.7176 ]
2086:(51,2,24,45,5,5,0) [ 20.138200000000005 ]
2087:(52,2,22,45,5,5,0) [ 19.212600000000002 ]
2088:(52,2,23,46,4,4,0) [ 19.8706 ]
2089:(51,2,24,46,4,4,0) [ 20.3022 ]
2090:(52,2,24,47,3,3,0) [ 20.550600000000003 ]
2091:(51,2,25,47,3,3,0) [ 20.9932 ]
2092:(52,2,23,47,3,3,0) [ 20.023600000000002 ]
2093:(52,2,22,47,3,3,0) [ 19.4966 ]
2094:(52,2,23,48,2,2,0) [ 20.1766 ]
2095:(51,2,24,48,2,2,0) [ 20.630200000000002 ]
2096:(52,2,22,48,2,2,0) [ 19.6386 ]
2097:(52,2,23,49,1,1,0) [ 20.329600000000003 ]
2098:(51,2,24,49,1,1,0) [ 20.794200000000004 ]
2099:(52,2,24,50,0,0,0) [ 21.042600000000004 ]
2100:(51,2,25,50,0,0,0) [ 21.5182 ]
2101:(52,2,23,50,0,0,0) [ 20.4826 ]
2102:(52,2,22,50,0,0,0) [ 19.922600000000003 ]
2103:(52,2,21,50,0,0,0) [ 19.3626 ]
2104:(52,2,20,50,0,0,0) [ 18.802599999999998 ]
2105:(52,2,19,50,0,0,0) [ 18.2426 ]
2106:(52,2,18,50,0,0,0) [ 17.6826 ]
2107:(52,2,17,50,0,0,0) [ 17.122600000000002 ]
2108:(52,2,16,50,0,0,0) [ 16.5626 ]
2109:(52,2,15,50,0,0,0) [ 16.0026 ]
2110:(52,2,14,50,0,0,0) [ 15.442600000000002 ]
2111:(52,2,13,50,0,0,0) [ 14.8826 ]
2112:(52,2,12,50,0,0,0) [ 14.322600000000001 ]
2113:(52,2,11,50,0,0,0) [ 13.762600000000003 ]
2114:(52,2,10,50,0,0,0) [ 13.2026 ]
2115:(52,2,9,50,0,0,0) [ 12.642600000000002 ]
2116:(52,2,8,50,0,0,0) [ 12.0826 ]
2117:(52,2,7,50,0,0,0) [ 11.5226 ]
2118:(52,2,6,50,0,0,0) [ 10.962600000000002 ]
2119:(52,2,5,50,0,0,0) [ 10.4026 ]
2120:(-1,-1,-1,-1,-1,-1,-1) [ 0.0 ]