(r,l,rl,g,ga,gbg,gd)
0:(-1,-1,-1,-1,-1,-1,-1)
1:(16,2,0,0,50,50,0)
2:(16,2,0,1,49,49,0)
3:(16,2,1,0,50,50,0)
4:(16,2,1,1,49,49,0)
5:(16,2,1,2,48,48,0)
6:(16,2,2,1,49,49,0)
7:(16,2,2,2,48,48,0)
8:(17,2,0,0,50,50,0)
9:(17,2,0,1,49,49,0)
10:(17,2,0,2,48,48,0)
11:(17,2,1,0,50,50,0)
12:(17,2,1,1,49,49,0)
13:(17,2,1,2,48,48,0)
14:(17,2,1,3,47,47,0)
15:(17,2,2,1,49,49,0)
16:(17,2,2,2,48,48,0)
17:(17,2,2,3,47,47,0)
18:(18,2,0,0,50,50,0)
19:(18,2,0,1,49,49,0)
20:(18,2,0,2,48,48,0)
21:(18,2,0,3,47,47,0)
22:(18,2,1,0,50,50,0)
23:(18,2,1,1,49,49,0)
24:(18,2,1,2,48,48,0)
25:(18,2,1,3,47,47,0)
26:(18,2,1,4,46,46,0)
27:(18,2,2,1,49,49,0)
28:(18,2,2,3,47,47,0)
29:(18,2,2,4,46,46,0)
30:(19,2,0,0,50,50,0)
31:(19,2,0,1,49,49,0)
32:(19,2,0,2,48,48,0)
33:(19,2,0,3,47,47,0)
34:(19,2,0,4,46,46,0)
35:(19,2,0,5,45,45,0)
36:(19,2,1,0,50,50,0)
37:(19,2,1,1,49,49,0)
38:(19,2,1,2,48,48,0)
39:(19,2,1,3,47,47,0)
40:(19,2,1,4,46,46,0)
41:(19,2,1,5,45,45,0)
42:(19,2,1,6,44,44,0)
43:(19,2,2,1,49,49,0)
44:(19,2,2,2,48,48,0)
45:(19,2,2,4,46,46,0)
46:(19,2,2,5,45,45,0)
47:(19,2,2,6,44,44,0)
48:(20,2,0,0,50,50,0)
49:(20,2,0,1,49,49,0)
50:(20,2,0,2,48,48,0)
51:(20,2,0,3,47,47,0)
52:(20,2,0,4,46,46,0)
53:(20,2,0,5,45,45,0)
54:(20,2,0,6,44,44,0)
55:(20,2,1,0,50,50,0)
56:(20,2,1,1,49,49,0)
57:(20,2,1,2,48,48,0)
58:(20,2,1,3,47,47,0)
59:(20,2,1,4,46,46,0)
60:(20,2,1,5,45,45,0)
61:(20,2,1,6,44,44,0)
62:(20,2,1,7,43,43,0)
63:(20,2,2,1,49,49,0)
64:(20,2,2,2,48,48,0)
65:(20,2,2,3,47,47,0)
66:(20,2,2,5,45,45,0)
67:(20,2,2,6,44,44,0)
68:(20,2,2,7,43,43,0)
69:(21,2,0,0,50,50,0)
70:(21,2,0,1,49,49,0)
71:(21,2,0,2,48,48,0)
72:(21,2,0,3,47,47,0)
73:(21,2,0,4,46,46,0)
74:(21,2,0,5,45,45,0)
75:(21,2,0,6,44,44,0)
76:(21,2,0,7,43,43,0)
77:(21,2,1,1,49,49,0)
78:(21,2,1,2,48,48,0)
79:(21,2,1,3,47,47,0)
80:(21,2,1,4,46,46,0)
81:(21,2,1,5,45,45,0)
82:(21,2,1,6,44,44,0)
83:(21,2,1,7,43,43,0)
84:(21,2,1,8,42,42,0)
85:(21,2,2,2,48,48,0)
86:(21,2,2,3,47,47,0)
87:(21,2,2,4,46,46,0)
88:(21,2,2,5,45,45,0)
89:(21,2,2,7,43,43,0)
90:(21,2,2,8,42,42,0)
91:(22,2,0,1,49,49,0)
92:(22,2,0,2,48,48,0)
93:(22,2,0,3,47,47,0)
94:(22,2,0,4,46,46,0)
95:(22,2,0,5,45,45,0)
96:(22,2,0,6,44,44,0)
97:(22,2,0,7,43,43,0)
98:(22,2,0,8,42,42,0)
99:(22,2,0,9,41,41,0)
100:(22,2,0,10,40,40,0)
101:(22,2,0,11,39,39,0)
102:(22,2,1,2,48,48,0)
103:(22,2,1,3,47,47,0)
104:(22,2,1,4,46,46,0)
105:(22,2,1,5,45,45,0)
106:(22,2,1,6,44,44,0)
107:(22,2,1,7,43,43,0)
108:(22,2,1,8,42,42,0)
109:(22,2,1,9,41,41,0)
110:(22,2,1,10,40,40,0)
111:(22,2,1,11,39,39,0)
112:(22,2,1,12,38,38,0)
113:(22,2,2,3,47,47,0)
114:(22,2,2,4,46,46,0)
115:(22,2,2,5,45,45,0)
116:(22,2,2,6,44,44,0)
117:(22,2,2,8,42,42,0)
118:(22,2,2,9,41,41,0)
119:(22,2,2,10,40,40,0)
120:(22,2,2,11,39,39,0)
121:(22,2,2,12,38,38,0)
122:(23,2,0,2,48,48,0)
123:(23,2,0,3,47,47,0)
124:(23,2,0,4,46,46,0)
125:(23,2,0,5,45,45,0)
126:(23,2,0,6,44,44,0)
127:(23,2,0,7,43,43,0)
128:(23,2,0,8,42,42,0)
129:(23,2,0,9,41,41,0)
130:(23,2,0,10,40,40,0)
131:(23,2,0,11,39,39,0)
132:(23,2,0,12,38,38,0)
133:(23,2,1,3,47,47,0)
134:(23,2,1,4,46,46,0)
135:(23,2,1,5,45,45,0)
136:(23,2,1,6,44,44,0)
137:(23,2,1,7,43,43,0)
138:(23,2,1,8,42,42,0)
139:(23,2,1,9,41,41,0)
140:(23,2,1,10,40,40,0)
141:(23,2,1,11,39,39,0)
142:(23,2,1,12,38,38,0)
143:(23,2,1,13,37,37,0)
144:(23,2,2,5,45,45,0)
145:(23,2,2,6,44,44,0)
146:(23,2,2,7,43,43,0)
147:(23,2,2,8,42,42,0)
148:(23,2,2,9,41,41,0)
149:(23,2,2,10,40,40,0)
150:(23,2,2,11,39,39,0)
151:(23,2,2,12,38,38,0)
152:(23,2,2,13,37,37,0)
153:(24,2,0,0,50,50,0)
154:(24,2,0,1,49,49,0)
155:(24,2,0,2,48,48,0)
156:(24,2,0,4,46,46,0)
157:(24,2,0,5,45,45,0)
158:(24,2,0,6,44,44,0)
159:(24,2,0,7,43,43,0)
160:(24,2,0,8,42,42,0)
161:(24,2,0,9,41,41,0)
162:(24,2,0,10,40,40,0)
163:(24,2,0,11,39,39,0)
164:(24,2,0,12,38,38,0)
165:(24,2,0,13,37,37,0)
166:(24,2,1,0,50,50,0)
167:(24,2,1,1,49,49,0)
168:(24,2,1,2,48,48,0)
169:(24,2,1,3,47,47,0)
170:(24,2,1,5,45,45,0)
171:(24,2,1,6,44,44,0)
172:(24,2,1,7,43,43,0)
173:(24,2,1,8,42,42,0)
174:(24,2,1,9,41,41,0)
175:(24,2,1,10,40,40,0)
176:(24,2,1,11,39,39,0)
177:(24,2,1,12,38,38,0)
178:(24,2,1,13,37,37,0)
179:(24,2,1,14,36,36,0)
180:(24,2,2,1,49,49,0)
181:(24,2,2,2,48,48,0)
182:(24,2,2,3,47,47,0)
183:(24,2,2,6,44,44,0)
184:(24,2,2,7,43,43,0)
185:(24,2,2,8,42,42,0)
186:(24,2,2,9,41,41,0)
187:(24,2,2,13,37,37,0)
188:(24,2,2,14,36,36,0)
189:(25,2,0,0,50,50,0)
190:(25,2,0,1,49,49,0)
191:(25,2,0,2,48,48,0)
192:(25,2,0,3,47,47,0)
193:(25,2,0,5,45,45,0)
194:(25,2,0,6,44,44,0)
195:(25,2,0,7,43,43,0)
196:(25,2,0,8,42,42,0)
197:(25,2,0,9,41,41,0)
198:(25,2,0,12,38,38,0)
199:(25,2,0,13,37,37,0)
200:(25,2,0,14,36,36,0)
201:(25,2,0,15,35,35,0)
202:(25,2,1,0,50,50,0)
203:(25,2,1,1,49,49,0)
204:(25,2,1,2,48,48,0)
205:(25,2,1,3,47,47,0)
206:(25,2,1,4,46,46,0)
207:(25,2,1,6,44,44,0)
208:(25,2,1,7,43,43,0)
209:(25,2,1,8,42,42,0)
210:(25,2,1,9,41,41,0)
211:(25,2,1,10,40,40,0)
212:(25,2,1,13,37,37,0)
213:(25,2,1,14,36,36,0)
214:(25,2,1,15,35,35,0)
215:(25,2,1,16,34,34,0)
216:(25,2,2,1,49,49,0)
217:(25,2,2,2,48,48,0)
218:(25,2,2,3,47,47,0)
219:(25,2,2,4,46,46,0)
220:(25,2,2,7,43,43,0)
221:(25,2,2,8,42,42,0)
222:(25,2,2,9,41,41,0)
223:(25,2,2,10,40,40,0)
224:(25,2,2,14,36,36,0)
225:(25,2,2,15,35,35,0)
226:(25,2,2,16,34,34,0)
227:(26,2,0,0,50,50,0)
228:(26,2,0,1,49,49,0)
229:(26,2,0,2,48,48,0)
230:(26,2,0,3,47,47,0)
231:(26,2,0,4,46,46,0)
232:(26,2,0,5,45,45,0)
233:(26,2,0,6,44,44,0)
234:(26,2,0,7,43,43,0)
235:(26,2,0,8,42,42,0)
236:(26,2,0,9,41,41,0)
237:(26,2,0,10,40,40,0)
238:(26,2,0,13,37,37,0)
239:(26,2,0,14,36,36,0)
240:(26,2,0,15,35,35,0)
241:(26,2,0,16,34,34,0)
242:(26,2,1,0,50,50,0)
243:(26,2,1,1,49,49,0)
244:(26,2,1,2,48,48,0)
245:(26,2,1,3,47,47,0)
246:(26,2,1,4,46,46,0)
247:(26,2,1,5,45,45,0)
248:(26,2,1,6,44,44,0)
249:(26,2,1,7,43,43,0)
250:(26,2,1,8,42,42,0)
251:(26,2,1,9,41,41,0)
252:(26,2,1,10,40,40,0)
253:(26,2,1,11,39,39,0)
254:(26,2,1,14,36,36,0)
255:(26,2,1,15,35,35,0)
256:(26,2,1,16,34,34,0)
257:(26,2,1,17,33,33,0)
258:(26,2,2,1,49,49,0)
259:(26,2,2,2,48,48,0)
260:(26,2,2,3,47,47,0)
261:(26,2,2,4,46,46,0)
262:(26,2,2,5,45,45,0)
263:(26,2,2,6,44,44,0)
264:(26,2,2,7,43,43,0)
265:(26,2,2,8,42,42,0)
266:(26,2,2,9,41,41,0)
267:(26,2,2,10,40,40,0)
268:(26,2,2,11,39,39,0)
269:(26,2,2,15,35,35,0)
270:(26,2,2,16,34,34,0)
271:(26,2,2,17,33,33,0)
272:(27,2,0,0,50,50,0)
273:(27,2,0,1,49,49,0)
274:(27,2,0,2,48,48,0)
275:(27,2,0,3,47,47,0)
276:(27,2,0,4,46,46,0)
277:(27,2,0,5,45,45,0)
278:(27,2,0,6,44,44,0)
279:(27,2,0,7,43,43,0)
280:(27,2,0,8,42,42,0)
281:(27,2,0,9,41,41,0)
282:(27,2,0,10,40,40,0)
283:(27,2,0,11,39,39,0)
284:(27,2,0,12,38,38,0)
285:(27,2,0,14,36,36,0)
286:(27,2,0,15,35,35,0)
287:(27,2,0,16,34,34,0)
288:(27,2,0,17,33,33,0)
289:(27,2,1,0,50,50,0)
290:(27,2,1,1,49,49,0)
291:(27,2,1,2,48,48,0)
292:(27,2,1,3,47,47,0)
293:(27,2,1,4,46,46,0)
294:(27,2,1,5,45,45,0)
295:(27,2,1,6,44,44,0)
296:(27,2,1,7,43,43,0)
297:(27,2,1,8,42,42,0)
298:(27,2,1,9,41,41,0)
299:(27,2,1,10,40,40,0)
300:(27,2,1,11,39,39,0)
301:(27,2,1,12,38,38,0)
302:(27,2,1,13,37,37,0)
303:(27,2,1,15,35,35,0)
304:(27,2,1,16,34,34,0)
305:(27,2,1,17,33,33,0)
306:(27,2,1,18,32,32,0)
307:(27,2,2,1,49,49,0)
308:(27,2,2,2,48,48,0)
309:(27,2,2,3,47,47,0)
310:(27,2,2,4,46,46,0)
311:(27,2,2,5,45,45,0)
312:(27,2,2,6,44,44,0)
313:(27,2,2,7,43,43,0)
314:(27,2,2,8,42,42,0)
315:(27,2,2,9,41,41,0)
316:(27,2,2,10,40,40,0)
317:(27,2,2,11,39,39,0)
318:(27,2,2,12,38,38,0)
319:(27,2,2,13,37,37,0)
320:(27,2,2,17,33,33,0)
321:(27,2,2,18,32,32,0)
322:(28,2,0,0,50,50,0)
323:(28,2,0,1,49,49,0)
324:(28,2,0,2,48,48,0)
325:(28,2,0,3,47,47,0)
326:(28,2,0,4,46,46,0)
327:(28,2,0,5,45,45,0)
328:(28,2,0,6,44,44,0)
329:(28,2,0,7,43,43,0)
330:(28,2,0,8,42,42,0)
331:(28,2,0,9,41,41,0)
332:(28,2,0,10,40,40,0)
333:(28,2,0,11,39,39,0)
334:(28,2,0,12,38,38,0)
335:(28,2,0,13,37,37,0)
336:(28,2,0,14,36,36,0)
337:(28,2,0,16,34,34,0)
338:(28,2,0,17,33,33,0)
339:(28,2,0,18,32,32,0)
340:(28,2,1,0,50,50,0)
341:(28,2,1,1,49,49,0)
342:(28,2,1,2,48,48,0)
343:(28,2,1,3,47,47,0)
344:(28,2,1,4,46,46,0)
345:(28,2,1,5,45,45,0)
346:(28,2,1,6,44,44,0)
347:(28,2,1,7,43,43,0)
348:(28,2,1,8,42,42,0)
349:(28,2,1,9,41,41,0)
350:(28,2,1,10,40,40,0)
351:(28,2,1,11,39,39,0)
352:(28,2,1,12,38,38,0)
353:(28,2,1,13,37,37,0)
354:(28,2,1,14,36,36,0)
355:(28,2,1,15,35,35,0)
356:(28,2,1,17,33,33,0)
357:(28,2,1,18,32,32,0)
358:(28,2,1,19,31,31,0)
359:(28,2,2,1,49,49,0)
360:(28,2,2,2,48,48,0)
361:(28,2,2,3,47,47,0)
362:(28,2,2,4,46,46,0)
363:(28,2,2,5,45,45,0)
364:(28,2,2,6,44,44,0)
365:(28,2,2,7,43,43,0)
366:(28,2,2,8,42,42,0)
367:(28,2,2,9,41,41,0)
368:(28,2,2,11,39,39,0)
369:(28,2,2,12,38,38,0)
370:(28,2,2,13,37,37,0)
371:(28,2,2,14,36,36,0)
372:(28,2,2,15,35,35,0)
373:(28,2,2,18,32,32,0)
374:(28,2,2,19,31,31,0)
375:(29,2,0,0,50,50,0)
376:(29,2,0,1,49,49,0)
377:(29,2,0,2,48,48,0)
378:(29,2,0,3,47,47,0)
379:(29,2,0,4,46,46,0)
380:(29,2,0,5,45,45,0)
381:(29,2,0,6,44,44,0)
382:(29,2,0,7,43,43,0)
383:(29,2,0,8,42,42,0)
384:(29,2,0,9,41,41,0)
385:(29,2,0,10,40,40,0)
386:(29,2,0,11,39,39,0)
387:(29,2,0,12,38,38,0)
388:(29,2,0,13,37,37,0)
389:(29,2,0,14,36,36,0)
390:(29,2,0,15,35,35,0)
391:(29,2,0,17,33,33,0)
392:(29,2,0,18,32,32,0)
393:(29,2,0,19,31,31,0)
394:(29,2,1,0,50,50,0)
395:(29,2,1,1,49,49,0)
396:(29,2,1,2,48,48,0)
397:(29,2,1,3,47,47,0)
398:(29,2,1,4,46,46,0)
399:(29,2,1,5,45,45,0)
400:(29,2,1,6,44,44,0)
401:(29,2,1,7,43,43,0)
402:(29,2,1,8,42,42,0)
403:(29,2,1,9,41,41,0)
404:(29,2,1,10,40,40,0)
405:(29,2,1,11,39,39,0)
406:(29,2,1,12,38,38,0)
407:(29,2,1,13,37,37,0)
408:(29,2,1,14,36,36,0)
409:(29,2,1,15,35,35,0)
410:(29,2,1,16,34,34,0)
411:(29,2,1,18,32,32,0)
412:(29,2,1,19,31,31,0)
413:(29,2,1,20,30,30,0)
414:(29,2,2,1,49,49,0)
415:(29,2,2,2,48,48,0)
416:(29,2,2,3,47,47,0)
417:(29,2,2,4,46,46,0)
418:(29,2,2,5,45,45,0)
419:(29,2,2,6,44,44,0)
420:(29,2,2,7,43,43,0)
421:(29,2,2,8,42,42,0)
422:(29,2,2,9,41,41,0)
423:(29,2,2,10,40,40,0)
424:(29,2,2,11,39,39,0)
425:(29,2,2,12,38,38,0)
426:(29,2,2,13,37,37,0)
427:(29,2,2,14,36,36,0)
428:(29,2,2,15,35,35,0)
429:(29,2,2,16,34,34,0)
430:(29,2,2,19,31,31,0)
431:(29,2,2,20,30,30,0)
432:(30,2,0,0,50,50,0)
433:(30,2,0,1,49,49,0)
434:(30,2,0,2,48,48,0)
435:(30,2,0,3,47,47,0)
436:(30,2,0,4,46,46,0)
437:(30,2,0,5,45,45,0)
438:(30,2,0,6,44,44,0)
439:(30,2,0,7,43,43,0)
440:(30,2,0,8,42,42,0)
441:(30,2,0,9,41,41,0)
442:(30,2,0,10,40,40,0)
443:(30,2,0,11,39,39,0)
444:(30,2,0,12,38,38,0)
445:(30,2,0,13,37,37,0)
446:(30,2,0,14,36,36,0)
447:(30,2,0,15,35,35,0)
448:(30,2,0,16,34,34,0)
449:(30,2,0,17,33,33,0)
450:(30,2,0,18,32,32,0)
451:(30,2,0,19,31,31,0)
452:(30,2,0,20,30,30,0)
453:(30,2,1,0,50,50,0)
454:(30,2,1,1,49,49,0)
455:(30,2,1,2,48,48,0)
456:(30,2,1,3,47,47,0)
457:(30,2,1,4,46,46,0)
458:(30,2,1,5,45,45,0)
459:(30,2,1,6,44,44,0)
460:(30,2,1,7,43,43,0)
461:(30,2,1,8,42,42,0)
462:(30,2,1,9,41,41,0)
463:(30,2,1,10,40,40,0)
464:(30,2,1,11,39,39,0)
465:(30,2,1,12,38,38,0)
466:(30,2,1,13,37,37,0)
467:(30,2,1,14,36,36,0)
468:(30,2,1,15,35,35,0)
469:(30,2,1,16,34,34,0)
470:(30,2,1,17,33,33,0)
471:(30,2,1,18,32,32,0)
472:(30,2,1,19,31,31,0)
473:(30,2,1,20,30,30,0)
474:(30,2,1,21,29,29,0)
475:(30,2,2,1,49,49,0)
476:(30,2,2,2,48,48,0)
477:(30,2,2,3,47,47,0)
478:(30,2,2,4,46,46,0)
479:(30,2,2,5,45,45,0)
480:(30,2,2,6,44,44,0)
481:(30,2,2,7,43,43,0)
482:(30,2,2,8,42,42,0)
483:(30,2,2,9,41,41,0)
484:(30,2,2,10,40,40,0)
485:(30,2,2,11,39,39,0)
486:(30,2,2,12,38,38,0)
487:(30,2,2,13,37,37,0)
488:(30,2,2,14,36,36,0)
489:(30,2,2,15,35,35,0)
490:(30,2,2,16,34,34,0)
491:(30,2,2,17,33,33,0)
492:(30,2,2,18,32,32,0)
493:(30,2,2,20,30,30,0)
494:(30,2,2,21,29,29,0)
495:(31,2,0,0,50,50,0)
496:(31,2,0,1,49,49,0)
497:(31,2,0,2,48,48,0)
498:(31,2,0,3,47,47,0)
499:(31,2,0,4,46,46,0)
500:(31,2,0,5,45,45,0)
501:(31,2,0,6,44,44,0)
502:(31,2,0,7,43,43,0)
503:(31,2,0,8,42,42,0)
504:(31,2,0,9,41,41,0)
505:(31,2,0,10,40,40,0)
506:(31,2,0,11,39,39,0)
507:(31,2,0,12,38,38,0)
508:(31,2,0,13,37,37,0)
509:(31,2,0,14,36,36,0)
510:(31,2,0,15,35,35,0)
511:(31,2,0,16,34,34,0)
512:(31,2,0,17,33,33,0)
513:(31,2,0,18,32,32,0)
514:(31,2,0,19,31,31,0)
515:(31,2,0,20,30,30,0)
516:(31,2,0,21,29,29,0)
517:(31,2,0,22,28,28,0)
518:(31,2,1,1,49,49,0)
519:(31,2,1,2,48,48,0)
520:(31,2,1,3,47,47,0)
521:(31,2,1,4,46,46,0)
522:(31,2,1,5,45,45,0)
523:(31,2,1,6,44,44,0)
524:(31,2,1,7,43,43,0)
525:(31,2,1,8,42,42,0)
526:(31,2,1,9,41,41,0)
527:(31,2,1,10,40,40,0)
528:(31,2,1,11,39,39,0)
529:(31,2,1,12,38,38,0)
530:(31,2,1,13,37,37,0)
531:(31,2,1,14,36,36,0)
532:(31,2,1,15,35,35,0)
533:(31,2,1,16,34,34,0)
534:(31,2,1,17,33,33,0)
535:(31,2,1,18,32,32,0)
536:(31,2,1,19,31,31,0)
537:(31,2,1,20,30,30,0)
538:(31,2,1,21,29,29,0)
539:(31,2,1,22,28,28,0)
540:(31,2,1,23,27,27,0)
541:(31,2,2,4,46,46,0)
542:(31,2,2,5,45,45,0)
543:(31,2,2,6,44,44,0)
544:(31,2,2,7,43,43,0)
545:(31,2,2,8,42,42,0)
546:(31,2,2,9,41,41,0)
547:(31,2,2,10,40,40,0)
548:(31,2,2,11,39,39,0)
549:(31,2,2,12,38,38,0)
550:(31,2,2,13,37,37,0)
551:(31,2,2,14,36,36,0)
552:(31,2,2,15,35,35,0)
553:(31,2,2,16,34,34,0)
554:(31,2,2,17,33,33,0)
555:(31,2,2,18,32,32,0)
556:(31,2,2,19,31,31,0)
557:(31,2,2,20,30,30,0)
558:(31,2,2,21,29,29,0)
559:(31,2,2,22,28,28,0)
560:(31,2,2,23,27,27,0)
561:(32,2,0,3,47,47,0)
562:(32,2,0,4,46,46,0)
563:(32,2,0,5,45,45,0)
564:(32,2,0,6,44,44,0)
565:(32,2,0,7,43,43,0)
566:(32,2,0,8,42,42,0)
567:(32,2,0,9,41,41,0)
568:(32,2,0,10,40,40,0)
569:(32,2,0,11,39,39,0)
570:(32,2,0,12,38,38,0)
571:(32,2,0,13,37,37,0)
572:(32,2,0,14,36,36,0)
573:(32,2,0,15,35,35,0)
574:(32,2,0,16,34,34,0)
575:(32,2,0,17,33,33,0)
576:(32,2,0,18,32,32,0)
577:(32,2,0,19,31,31,0)
578:(32,2,0,20,30,30,0)
579:(32,2,0,21,29,29,0)
580:(32,2,0,22,28,28,0)
581:(32,2,0,23,27,27,0)
582:(32,2,1,4,46,46,0)
583:(32,2,1,5,45,45,0)
584:(32,2,1,6,44,44,0)
585:(32,2,1,7,43,43,0)
586:(32,2,1,8,42,42,0)
587:(32,2,1,9,41,41,0)
588:(32,2,1,10,40,40,0)
589:(32,2,1,11,39,39,0)
590:(32,2,1,12,38,38,0)
591:(32,2,1,13,37,37,0)
592:(32,2,1,14,36,36,0)
593:(32,2,1,15,35,35,0)
594:(32,2,1,16,34,34,0)
595:(32,2,1,17,33,33,0)
596:(32,2,1,18,32,32,0)
597:(32,2,1,19,31,31,0)
598:(32,2,1,20,30,30,0)
599:(32,2,1,21,29,29,0)
600:(32,2,1,22,28,28,0)
601:(32,2,1,23,27,27,0)
602:(32,2,1,24,26,26,0)
603:(32,2,2,5,45,45,0)
604:(32,2,2,6,44,44,0)
605:(32,2,2,9,41,41,0)
606:(32,2,2,10,40,40,0)
607:(32,2,2,11,39,39,0)
608:(32,2,2,12,38,38,0)
609:(32,2,2,13,37,37,0)
610:(32,2,2,14,36,36,0)
611:(32,2,2,15,35,35,0)
612:(32,2,2,16,34,34,0)
613:(32,2,2,17,33,33,0)
614:(32,2,2,18,32,32,0)
615:(32,2,2,19,31,31,0)
616:(32,2,2,20,30,30,0)
617:(32,2,2,21,29,29,0)
618:(32,2,2,22,28,28,0)
619:(32,2,2,23,27,27,0)
620:(32,2,2,24,26,26,0)
621:(33,2,0,4,46,46,0)
622:(33,2,0,5,45,45,0)
623:(33,2,0,6,44,44,0)
624:(33,2,0,8,42,42,0)
625:(33,2,0,9,41,41,0)
626:(33,2,0,10,40,40,0)
627:(33,2,0,11,39,39,0)
628:(33,2,0,12,38,38,0)
629:(33,2,0,13,37,37,0)
630:(33,2,0,14,36,36,0)
631:(33,2,0,15,35,35,0)
632:(33,2,0,16,34,34,0)
633:(33,2,0,17,33,33,0)
634:(33,2,0,18,32,32,0)
635:(33,2,0,19,31,31,0)
636:(33,2,0,20,30,30,0)
637:(33,2,0,21,29,29,0)
638:(33,2,0,22,28,28,0)
639:(33,2,0,23,27,27,0)
640:(33,2,0,24,26,26,0)
641:(33,2,1,5,45,45,0)
642:(33,2,1,6,44,44,0)
643:(33,2,1,7,43,43,0)
644:(33,2,1,9,41,41,0)
645:(33,2,1,10,40,40,0)
646:(33,2,1,11,39,39,0)
647:(33,2,1,12,38,38,0)
648:(33,2,1,13,37,37,0)
649:(33,2,1,14,36,36,0)
650:(33,2,1,15,35,35,0)
651:(33,2,1,16,34,34,0)
652:(33,2,1,17,33,33,0)
653:(33,2,1,18,32,32,0)
654:(33,2,1,19,31,31,0)
655:(33,2,1,20,30,30,0)
656:(33,2,1,21,29,29,0)
657:(33,2,1,22,28,28,0)
658:(33,2,1,23,27,27,0)
659:(33,2,1,24,26,26,0)
660:(33,2,1,25,25,25,0)
661:(33,2,2,6,44,44,0)
662:(33,2,2,7,43,43,0)
663:(33,2,2,10,40,40,0)
664:(33,2,2,11,39,39,0)
665:(33,2,2,12,38,38,0)
666:(33,2,2,13,37,37,0)
667:(33,2,2,14,36,36,0)
668:(33,2,2,15,35,35,0)
669:(33,2,2,16,34,34,0)
670:(33,2,2,17,33,33,0)
671:(33,2,2,18,32,32,0)
672:(33,2,2,19,31,31,0)
673:(33,2,2,20,30,30,0)
674:(33,2,2,22,28,28,0)
675:(33,2,2,23,27,27,0)
676:(33,2,2,24,26,26,0)
677:(33,2,2,25,25,25,0)
678:(34,2,0,5,45,45,0)
679:(34,2,0,6,44,44,0)
680:(34,2,0,7,43,43,0)
681:(34,2,0,8,42,42,0)
682:(34,2,0,9,41,41,0)
683:(34,2,0,10,40,40,0)
684:(34,2,0,11,39,39,0)
685:(34,2,0,12,38,38,0)
686:(34,2,0,13,37,37,0)
687:(34,2,0,14,36,36,0)
688:(34,2,0,15,35,35,0)
689:(34,2,0,16,34,34,0)
690:(34,2,0,17,33,33,0)
691:(34,2,0,18,32,32,0)
692:(34,2,0,19,31,31,0)
693:(34,2,0,20,30,30,0)
694:(34,2,0,21,29,29,0)
695:(34,2,0,22,28,28,0)
696:(34,2,0,23,27,27,0)
697:(34,2,0,24,26,26,0)
698:(34,2,0,25,25,25,0)
699:(34,2,1,6,44,44,0)
700:(34,2,1,7,43,43,0)
701:(34,2,1,8,42,42,0)
702:(34,2,1,9,41,41,0)
703:(34,2,1,10,40,40,0)
704:(34,2,1,11,39,39,0)
705:(34,2,1,12,38,38,0)
706:(34,2,1,13,37,37,0)
707:(34,2,1,14,36,36,0)
708:(34,2,1,15,35,35,0)
709:(34,2,1,16,34,34,0)
710:(34,2,1,17,33,33,0)
711:(34,2,1,18,32,32,0)
712:(34,2,1,19,31,31,0)
713:(34,2,1,20,30,30,0)
714:(34,2,1,21,29,29,0)
715:(34,2,1,22,28,28,0)
716:(34,2,1,23,27,27,0)
717:(34,2,1,24,26,26,0)
718:(34,2,1,25,25,25,0)
719:(34,2,1,26,24,24,0)
720:(34,2,2,7,43,43,0)
721:(34,2,2,8,42,42,0)
722:(34,2,2,9,41,41,0)
723:(34,2,2,14,36,36,0)
724:(34,2,2,15,35,35,0)
725:(34,2,2,16,34,34,0)
726:(34,2,2,17,33,33,0)
727:(34,2,2,18,32,32,0)
728:(34,2,2,19,31,31,0)
729:(34,2,2,20,30,30,0)
730:(34,2,2,21,29,29,0)
731:(34,2,2,22,28,28,0)
732:(34,2,2,23,27,27,0)
733:(34,2,2,24,26,26,0)
734:(34,2,2,25,25,25,0)
735:(34,2,2,26,24,24,0)
736:(35,2,0,6,44,44,0)
737:(35,2,0,7,43,43,0)
738:(35,2,0,8,42,42,0)
739:(35,2,0,9,41,41,0)
740:(35,2,0,10,40,40,0)
741:(35,2,0,11,39,39,0)
742:(35,2,0,12,38,38,0)
743:(35,2,0,13,37,37,0)
744:(35,2,0,14,36,36,0)
745:(35,2,0,15,35,35,0)
746:(35,2,0,16,34,34,0)
747:(35,2,0,17,33,33,0)
748:(35,2,0,18,32,32,0)
749:(35,2,0,19,31,31,0)
750:(35,2,0,20,30,30,0)
751:(35,2,0,21,29,29,0)
752:(35,2,0,22,28,28,0)
753:(35,2,0,23,27,27,0)
754:(35,2,0,24,26,26,0)
755:(35,2,0,25,25,25,0)
756:(35,2,0,26,24,24,0)
757:(35,2,0,27,23,23,0)
758:(35,2,0,28,22,22,0)
759:(35,2,0,29,21,21,0)
760:(35,2,1,7,43,43,0)
761:(35,2,1,8,42,42,0)
762:(35,2,1,9,41,41,0)
763:(35,2,1,10,40,40,0)
764:(35,2,1,11,39,39,0)
765:(35,2,1,12,38,38,0)
766:(35,2,1,13,37,37,0)
767:(35,2,1,14,36,36,0)
768:(35,2,1,15,35,35,0)
769:(35,2,1,16,34,34,0)
770:(35,2,1,17,33,33,0)
771:(35,2,1,18,32,32,0)
772:(35,2,1,19,31,31,0)
773:(35,2,1,20,30,30,0)
774:(35,2,1,21,29,29,0)
775:(35,2,1,22,28,28,0)
776:(35,2,1,23,27,27,0)
777:(35,2,1,24,26,26,0)
778:(35,2,1,25,25,25,0)
779:(35,2,1,26,24,24,0)
780:(35,2,1,27,23,23,0)
781:(35,2,1,28,22,22,0)
782:(35,2,1,29,21,21,0)
783:(35,2,1,30,20,20,0)
784:(35,2,2,8,42,42,0)
785:(35,2,2,9,41,41,0)
786:(35,2,2,10,40,40,0)
787:(35,2,2,11,39,39,0)
788:(35,2,2,12,38,38,0)
789:(35,2,2,13,37,37,0)
790:(35,2,2,14,36,36,0)
791:(35,2,2,15,35,35,0)
792:(35,2,2,16,34,34,0)
793:(35,2,2,17,33,33,0)
794:(35,2,2,18,32,32,0)
795:(35,2,2,19,31,31,0)
796:(35,2,2,20,30,30,0)
797:(35,2,2,21,29,29,0)
798:(35,2,2,22,28,28,0)
799:(35,2,2,23,27,27,0)
800:(35,2,2,24,26,26,0)
801:(35,2,2,25,25,25,0)
802:(35,2,2,26,24,24,0)
803:(35,2,2,27,23,23,0)
804:(35,2,2,28,22,22,0)
805:(35,2,2,29,21,21,0)
806:(35,2,2,30,20,20,0)
807:(36,2,0,7,43,43,0)
808:(36,2,0,8,42,42,0)
809:(36,2,0,9,41,41,0)
810:(36,2,0,10,40,40,0)
811:(36,2,0,11,39,39,0)
812:(36,2,0,12,38,38,0)
813:(36,2,0,13,37,37,0)
814:(36,2,0,14,36,36,0)
815:(36,2,0,15,35,35,0)
816:(36,2,0,16,34,34,0)
817:(36,2,0,17,33,33,0)
818:(36,2,0,18,32,32,0)
819:(36,2,0,19,31,31,0)
820:(36,2,0,20,30,30,0)
821:(36,2,0,21,29,29,0)
822:(36,2,0,22,28,28,0)
823:(36,2,0,23,27,27,0)
824:(36,2,0,24,26,26,0)
825:(36,2,0,25,25,25,0)
826:(36,2,0,26,24,24,0)
827:(36,2,0,27,23,23,0)
828:(36,2,0,28,22,22,0)
829:(36,2,0,29,21,21,0)
830:(36,2,0,30,20,20,0)
831:(36,2,1,8,42,42,0)
832:(36,2,1,9,41,41,0)
833:(36,2,1,10,40,40,0)
834:(36,2,1,11,39,39,0)
835:(36,2,1,12,38,38,0)
836:(36,2,1,13,37,37,0)
837:(36,2,1,14,36,36,0)
838:(36,2,1,15,35,35,0)
839:(36,2,1,16,34,34,0)
840:(36,2,1,17,33,33,0)
841:(36,2,1,18,32,32,0)
842:(36,2,1,19,31,31,0)
843:(36,2,1,20,30,30,0)
844:(36,2,1,21,29,29,0)
845:(36,2,1,22,28,28,0)
846:(36,2,1,23,27,27,0)
847:(36,2,1,24,26,26,0)
848:(36,2,1,25,25,25,0)
849:(36,2,1,26,24,24,0)
850:(36,2,1,27,23,23,0)
851:(36,2,1,28,22,22,0)
852:(36,2,1,29,21,21,0)
853:(36,2,1,30,20,20,0)
854:(36,2,1,31,19,19,0)
855:(36,2,2,10,40,40,0)
856:(36,2,2,11,39,39,0)
857:(36,2,2,12,38,38,0)
858:(36,2,2,13,37,37,0)
859:(36,2,2,14,36,36,0)
860:(36,2,2,15,35,35,0)
861:(36,2,2,16,34,34,0)
862:(36,2,2,17,33,33,0)
863:(36,2,2,18,32,32,0)
864:(36,2,2,19,31,31,0)
865:(36,2,2,20,30,30,0)
866:(36,2,2,21,29,29,0)
867:(36,2,2,22,28,28,0)
868:(36,2,2,23,27,27,0)
869:(36,2,2,24,26,26,0)
870:(36,2,2,25,25,25,0)
871:(36,2,2,26,24,24,0)
872:(36,2,2,27,23,23,0)
873:(36,2,2,28,22,22,0)
874:(36,2,2,29,21,21,0)
875:(36,2,2,30,20,20,0)
876:(36,2,2,31,19,19,0)
877:(37,2,0,9,41,41,0)
878:(37,2,0,10,40,40,0)
879:(37,2,0,11,39,39,0)
880:(37,2,0,12,38,38,0)
881:(37,2,0,13,37,37,0)
882:(37,2,0,14,36,36,0)
883:(37,2,0,15,35,35,0)
884:(37,2,0,16,34,34,0)
885:(37,2,0,17,33,33,0)
886:(37,2,0,18,32,32,0)
887:(37,2,0,19,31,31,0)
888:(37,2,0,20,30,30,0)
889:(37,2,0,21,29,29,0)
890:(37,2,0,22,28,28,0)
891:(37,2,0,23,27,27,0)
892:(37,2,0,24,26,26,0)
893:(37,2,0,25,25,25,0)
894:(37,2,0,26,24,24,0)
895:(37,2,0,27,23,23,0)
896:(37,2,0,28,22,22,0)
897:(37,2,0,29,21,21,0)
898:(37,2,0,30,20,20,0)
899:(37,2,0,31,19,19,0)
900:(37,2,0,32,18,18,0)
901:(37,2,1,10,40,40,0)
902:(37,2,1,11,39,39,0)
903:(37,2,1,12,38,38,0)
904:(37,2,1,13,37,37,0)
905:(37,2,1,14,36,36,0)
906:(37,2,1,15,35,35,0)
907:(37,2,1,16,34,34,0)
908:(37,2,1,17,33,33,0)
909:(37,2,1,18,32,32,0)
910:(37,2,1,19,31,31,0)
911:(37,2,1,20,30,30,0)
912:(37,2,1,21,29,29,0)
913:(37,2,1,22,28,28,0)
914:(37,2,1,23,27,27,0)
915:(37,2,1,24,26,26,0)
916:(37,2,1,25,25,25,0)
917:(37,2,1,26,24,24,0)
918:(37,2,1,27,23,23,0)
919:(37,2,1,28,22,22,0)
920:(37,2,1,29,21,21,0)
921:(37,2,1,30,20,20,0)
922:(37,2,1,31,19,19,0)
923:(37,2,1,32,18,18,0)
924:(37,2,1,33,17,17,0)
925:(37,2,2,16,34,34,0)
926:(37,2,2,17,33,33,0)
927:(37,2,2,18,32,32,0)
928:(37,2,2,19,31,31,0)
929:(37,2,2,20,30,30,0)
930:(37,2,2,21,29,29,0)
931:(37,2,2,22,28,28,0)
932:(37,2,2,23,27,27,0)
933:(37,2,2,24,26,26,0)
934:(37,2,2,25,25,25,0)
935:(37,2,2,26,24,24,0)
936:(37,2,2,27,23,23,0)
937:(37,2,2,28,22,22,0)
938:(37,2,2,29,21,21,0)
939:(37,2,2,30,20,20,0)
940:(37,2,2,31,19,19,0)
941:(37,2,2,32,18,18,0)
942:(37,2,2,33,17,17,0)
943:(38,2,0,15,35,35,0)
944:(38,2,0,16,34,34,0)
945:(38,2,0,17,33,33,0)
946:(38,2,0,18,32,32,0)
947:(38,2,0,19,31,31,0)
948:(38,2,0,20,30,30,0)
949:(38,2,0,21,29,29,0)
950:(38,2,0,22,28,28,0)
951:(38,2,0,23,27,27,0)
952:(38,2,0,24,26,26,0)
953:(38,2,0,25,25,25,0)
954:(38,2,0,26,24,24,0)
955:(38,2,0,27,23,23,0)
956:(38,2,0,28,22,22,0)
957:(38,2,0,29,21,21,0)
958:(38,2,0,30,20,20,0)
959:(38,2,0,31,19,19,0)
960:(38,2,0,32,18,18,0)
961:(38,2,0,33,17,17,0)
962:(38,2,1,16,34,34,0)
963:(38,2,1,17,33,33,0)
964:(38,2,1,18,32,32,0)
965:(38,2,1,19,31,31,0)
966:(38,2,1,20,30,30,0)
967:(38,2,1,21,29,29,0)
968:(38,2,1,22,28,28,0)
969:(38,2,1,23,27,27,0)
970:(38,2,1,24,26,26,0)
971:(38,2,1,25,25,25,0)
972:(38,2,1,26,24,24,0)
973:(38,2,1,27,23,23,0)
974:(38,2,1,28,22,22,0)
975:(38,2,1,29,21,21,0)
976:(38,2,1,30,20,20,0)
977:(38,2,1,31,19,19,0)
978:(38,2,1,32,18,18,0)
979:(38,2,1,33,17,17,0)
980:(38,2,1,34,16,16,0)
981:(38,2,2,20,30,30,0)
982:(38,2,2,21,29,29,0)
983:(38,2,2,22,28,28,0)
984:(38,2,2,23,27,27,0)
985:(38,2,2,24,26,26,0)
986:(38,2,2,25,25,25,0)
987:(38,2,2,26,24,24,0)
988:(38,2,2,27,23,23,0)
989:(38,2,2,28,22,22,0)
990:(38,2,2,29,21,21,0)
991:(38,2,2,30,20,20,0)
992:(38,2,2,31,19,19,0)
993:(38,2,2,32,18,18,0)
994:(38,2,2,33,17,17,0)
995:(38,2,2,34,16,16,0)
996:(39,2,0,19,31,31,0)
997:(39,2,0,20,30,30,0)
998:(39,2,0,21,29,29,0)
999:(39,2,0,22,28,28,0)
1000:(39,2,0,23,27,27,0)
1001:(39,2,0,24,26,26,0)
1002:(39,2,0,25,25,25,0)
1003:(39,2,0,26,24,24,0)
1004:(39,2,0,27,23,23,0)
1005:(39,2,0,28,22,22,0)
1006:(39,2,0,29,21,21,0)
1007:(39,2,0,30,20,20,0)
1008:(39,2,0,31,19,19,0)
1009:(39,2,0,32,18,18,0)
1010:(39,2,0,33,17,17,0)
1011:(39,2,0,34,16,16,0)
1012:(39,2,0,35,15,15,0)
1013:(39,2,1,20,30,30,0)
1014:(39,2,1,21,29,29,0)
1015:(39,2,1,22,28,28,0)
1016:(39,2,1,23,27,27,0)
1017:(39,2,1,24,26,26,0)
1018:(39,2,1,25,25,25,0)
1019:(39,2,1,26,24,24,0)
1020:(39,2,1,27,23,23,0)
1021:(39,2,1,28,22,22,0)
1022:(39,2,1,29,21,21,0)
1023:(39,2,1,30,20,20,0)
1024:(39,2,1,31,19,19,0)
1025:(39,2,1,32,18,18,0)
1026:(39,2,1,33,17,17,0)
1027:(39,2,1,34,16,16,0)
1028:(39,2,1,35,15,15,0)
1029:(39,2,1,36,14,14,0)
1030:(39,2,2,22,28,28,0)
1031:(39,2,2,23,27,27,0)
1032:(39,2,2,24,26,26,0)
1033:(39,2,2,25,25,25,0)
1034:(39,2,2,26,24,24,0)
1035:(39,2,2,27,23,23,0)
1036:(39,2,2,28,22,22,0)
1037:(39,2,2,29,21,21,0)
1038:(39,2,2,30,20,20,0)
1039:(39,2,2,31,19,19,0)
1040:(39,2,2,32,18,18,0)
1041:(39,2,2,33,17,17,0)
1042:(39,2,2,34,16,16,0)
1043:(39,2,2,35,15,15,0)
1044:(39,2,2,36,14,14,0)
1045:(40,2,0,21,29,29,0)
1046:(40,2,0,22,28,28,0)
1047:(40,2,0,23,27,27,0)
1048:(40,2,0,24,26,26,0)
1049:(40,2,0,25,25,25,0)
1050:(40,2,0,26,24,24,0)
1051:(40,2,0,27,23,23,0)
1052:(40,2,0,28,22,22,0)
1053:(40,2,0,29,21,21,0)
1054:(40,2,0,30,20,20,0)
1055:(40,2,0,31,19,19,0)
1056:(40,2,0,32,18,18,0)
1057:(40,2,0,33,17,17,0)
1058:(40,2,0,34,16,16,0)
1059:(40,2,0,35,15,15,0)
1060:(40,2,0,36,14,14,0)
1061:(40,2,1,22,28,28,0)
1062:(40,2,1,23,27,27,0)
1063:(40,2,1,24,26,26,0)
1064:(40,2,1,25,25,25,0)
1065:(40,2,1,26,24,24,0)
1066:(40,2,1,27,23,23,0)
1067:(40,2,1,28,22,22,0)
1068:(40,2,1,29,21,21,0)
1069:(40,2,1,30,20,20,0)
1070:(40,2,1,31,19,19,0)
1071:(40,2,1,32,18,18,0)
1072:(40,2,1,33,17,17,0)
1073:(40,2,1,34,16,16,0)
1074:(40,2,1,35,15,15,0)
1075:(40,2,1,36,14,14,0)
1076:(40,2,1,37,13,13,0)
1077:(40,2,2,24,26,26,0)
1078:(40,2,2,25,25,25,0)
1079:(40,2,2,26,24,24,0)
1080:(40,2,2,27,23,23,0)
1081:(40,2,2,28,22,22,0)
1082:(40,2,2,29,21,21,0)
1083:(40,2,2,30,20,20,0)
1084:(40,2,2,31,19,19,0)
1085:(40,2,2,32,18,18,0)
1086:(40,2,2,33,17,17,0)
1087:(40,2,2,34,16,16,0)
1088:(40,2,2,35,15,15,0)
1089:(40,2,2,36,14,14,0)
1090:(40,2,2,37,13,13,0)
1091:(41,2,0,23,27,27,0)
1092:(41,2,0,24,26,26,0)
1093:(41,2,0,25,25,25,0)
1094:(41,2,0,26,24,24,0)
1095:(41,2,0,27,23,23,0)
1096:(41,2,0,28,22,22,0)
1097:(41,2,0,29,21,21,0)
1098:(41,2,0,30,20,20,0)
1099:(41,2,0,31,19,19,0)
1100:(41,2,0,32,18,18,0)
1101:(41,2,0,33,17,17,0)
1102:(41,2,0,34,16,16,0)
1103:(41,2,0,35,15,15,0)
1104:(41,2,0,36,14,14,0)
1105:(41,2,0,37,13,13,0)
1106:(41,2,0,38,12,12,0)
1107:(41,2,1,24,26,26,0)
1108:(41,2,1,25,25,25,0)
1109:(41,2,1,26,24,24,0)
1110:(41,2,1,27,23,23,0)
1111:(41,2,1,28,22,22,0)
1112:(41,2,1,29,21,21,0)
1113:(41,2,1,30,20,20,0)
1114:(41,2,1,31,19,19,0)
1115:(41,2,1,32,18,18,0)
1116:(41,2,1,33,17,17,0)
1117:(41,2,1,34,16,16,0)
1118:(41,2,1,35,15,15,0)
1119:(41,2,1,36,14,14,0)
1120:(41,2,1,37,13,13,0)
1121:(41,2,1,38,12,12,0)
1122:(41,2,1,39,11,11,0)
1123:(41,2,2,25,25,25,0)
1124:(41,2,2,26,24,24,0)
1125:(41,2,2,27,23,23,0)
1126:(41,2,2,28,22,22,0)
1127:(41,2,2,29,21,21,0)
1128:(41,2,2,30,20,20,0)
1129:(41,2,2,31,19,19,0)
1130:(41,2,2,32,18,18,0)
1131:(41,2,2,33,17,17,0)
1132:(41,2,2,34,16,16,0)
1133:(41,2,2,35,15,15,0)
1134:(41,2,2,36,14,14,0)
1135:(41,2,2,37,13,13,0)
1136:(41,2,2,38,12,12,0)
1137:(41,2,2,39,11,11,0)
1138:(42,2,0,24,26,26,0)
1139:(42,2,0,25,25,25,0)
1140:(42,2,0,26,24,24,0)
1141:(42,2,0,27,23,23,0)
1142:(42,2,0,28,22,22,0)
1143:(42,2,0,29,21,21,0)
1144:(42,2,0,30,20,20,0)
1145:(42,2,0,31,19,19,0)
1146:(42,2,0,32,18,18,0)
1147:(42,2,0,33,17,17,0)
1148:(42,2,0,34,16,16,0)
1149:(42,2,0,35,15,15,0)
1150:(42,2,0,36,14,14,0)
1151:(42,2,0,37,13,13,0)
1152:(42,2,0,38,12,12,0)
1153:(42,2,0,39,11,11,0)
1154:(42,2,1,25,25,25,0)
1155:(42,2,1,26,24,24,0)
1156:(42,2,1,27,23,23,0)
1157:(42,2,1,28,22,22,0)
1158:(42,2,1,29,21,21,0)
1159:(42,2,1,30,20,20,0)
1160:(42,2,1,31,19,19,0)
1161:(42,2,1,32,18,18,0)
1162:(42,2,1,33,17,17,0)
1163:(42,2,1,34,16,16,0)
1164:(42,2,1,35,15,15,0)
1165:(42,2,1,36,14,14,0)
1166:(42,2,1,37,13,13,0)
1167:(42,2,1,38,12,12,0)
1168:(42,2,1,39,11,11,0)
1169:(42,2,1,40,10,10,0)
1170:(42,2,2,26,24,24,0)
1171:(42,2,2,27,23,23,0)
1172:(42,2,2,28,22,22,0)
1173:(42,2,2,29,21,21,0)
1174:(42,2,2,30,20,20,0)
1175:(42,2,2,31,19,19,0)
1176:(42,2,2,32,18,18,0)
1177:(42,2,2,33,17,17,0)
1178:(42,2,2,34,16,16,0)
1179:(42,2,2,35,15,15,0)
1180:(42,2,2,36,14,14,0)
1181:(42,2,2,37,13,13,0)
1182:(42,2,2,38,12,12,0)
1183:(42,2,2,39,11,11,0)
1184:(42,2,2,40,10,10,0)
1185:(43,2,0,25,25,25,0)
1186:(43,2,0,26,24,24,0)
1187:(43,2,0,27,23,23,0)
1188:(43,2,0,28,22,22,0)
1189:(43,2,0,29,21,21,0)
1190:(43,2,0,30,20,20,0)
1191:(43,2,0,31,19,19,0)
1192:(43,2,0,32,18,18,0)
1193:(43,2,0,33,17,17,0)
1194:(43,2,0,34,16,16,0)
1195:(43,2,0,35,15,15,0)
1196:(43,2,0,36,14,14,0)
1197:(43,2,0,37,13,13,0)
1198:(43,2,0,38,12,12,0)
1199:(43,2,0,39,11,11,0)
1200:(43,2,0,40,10,10,0)
1201:(43,2,0,41,9,9,0)
1202:(43,2,0,42,8,8,0)
1203:(43,2,1,26,24,24,0)
1204:(43,2,1,27,23,23,0)
1205:(43,2,1,28,22,22,0)
1206:(43,2,1,29,21,21,0)
1207:(43,2,1,30,20,20,0)
1208:(43,2,1,31,19,19,0)
1209:(43,2,1,32,18,18,0)
1210:(43,2,1,33,17,17,0)
1211:(43,2,1,34,16,16,0)
1212:(43,2,1,35,15,15,0)
1213:(43,2,1,36,14,14,0)
1214:(43,2,1,37,13,13,0)
1215:(43,2,1,38,12,12,0)
1216:(43,2,1,39,11,11,0)
1217:(43,2,1,40,10,10,0)
1218:(43,2,1,41,9,9,0)
1219:(43,2,1,42,8,8,0)
1220:(43,2,1,43,7,7,0)
1221:(43,2,2,30,20,20,0)
1222:(43,2,2,31,19,19,0)
1223:(43,2,2,32,18,18,0)
1224:(43,2,2,33,17,17,0)
1225:(43,2,2,34,16,16,0)
1226:(43,2,2,35,15,15,0)
1227:(43,2,2,36,14,14,0)
1228:(43,2,2,37,13,13,0)
1229:(43,2,2,38,12,12,0)
1230:(43,2,2,39,11,11,0)
1231:(43,2,2,40,10,10,0)
1232:(43,2,2,41,9,9,0)
1233:(43,2,2,42,8,8,0)
1234:(43,2,2,43,7,7,0)
1235:(44,2,0,29,21,21,0)
1236:(44,2,0,30,20,20,0)
1237:(44,2,0,31,19,19,0)
1238:(44,2,0,32,18,18,0)
1239:(44,2,0,33,17,17,0)
1240:(44,2,0,34,16,16,0)
1241:(44,2,0,35,15,15,0)
1242:(44,2,0,36,14,14,0)
1243:(44,2,0,37,13,13,0)
1244:(44,2,0,38,12,12,0)
1245:(44,2,0,39,11,11,0)
1246:(44,2,0,40,10,10,0)
1247:(44,2,0,41,9,9,0)
1248:(44,2,0,42,8,8,0)
1249:(44,2,0,43,7,7,0)
1250:(44,2,1,30,20,20,0)
1251:(44,2,1,31,19,19,0)
1252:(44,2,1,32,18,18,0)
1253:(44,2,1,33,17,17,0)
1254:(44,2,1,34,16,16,0)
1255:(44,2,1,35,15,15,0)
1256:(44,2,1,36,14,14,0)
1257:(44,2,1,37,13,13,0)
1258:(44,2,1,38,12,12,0)
1259:(44,2,1,39,11,11,0)
1260:(44,2,1,40,10,10,0)
1261:(44,2,1,41,9,9,0)
1262:(44,2,1,42,8,8,0)
1263:(44,2,1,43,7,7,0)
1264:(44,2,1,44,6,6,0)
1265:(44,2,2,33,17,17,0)
1266:(44,2,2,34,16,16,0)
1267:(44,2,2,35,15,15,0)
1268:(44,2,2,36,14,14,0)
1269:(44,2,2,37,13,13,0)
1270:(44,2,2,38,12,12,0)
1271:(44,2,2,39,11,11,0)
1272:(44,2,2,40,10,10,0)
1273:(44,2,2,41,9,9,0)
1274:(44,2,2,42,8,8,0)
1275:(44,2,2,43,7,7,0)
1276:(44,2,2,44,6,6,0)
1277:(45,2,0,32,18,18,0)
1278:(45,2,0,33,17,17,0)
1279:(45,2,0,34,16,16,0)
1280:(45,2,0,35,15,15,0)
1281:(45,2,0,36,14,14,0)
1282:(45,2,0,37,13,13,0)
1283:(45,2,0,38,12,12,0)
1284:(45,2,0,39,11,11,0)
1285:(45,2,0,40,10,10,0)
1286:(45,2,0,41,9,9,0)
1287:(45,2,0,42,8,8,0)
1288:(45,2,0,43,7,7,0)
1289:(45,2,0,44,6,6,0)
1290:(45,2,0,45,5,5,0)
1291:(45,2,1,33,17,17,0)
1292:(45,2,1,34,16,16,0)
1293:(45,2,1,35,15,15,0)
1294:(45,2,1,36,14,14,0)
1295:(45,2,1,37,13,13,0)
1296:(45,2,1,38,12,12,0)
1297:(45,2,1,39,11,11,0)
1298:(45,2,1,40,10,10,0)
1299:(45,2,1,41,9,9,0)
1300:(45,2,1,42,8,8,0)
1301:(45,2,1,43,7,7,0)
1302:(45,2,1,44,6,6,0)
1303:(45,2,1,45,5,5,0)
1304:(45,2,1,46,4,4,0)
1305:(45,2,2,36,14,14,0)
1306:(45,2,2,37,13,13,0)
1307:(45,2,2,38,12,12,0)
1308:(45,2,2,39,11,11,0)
1309:(45,2,2,40,10,10,0)
1310:(45,2,2,41,9,9,0)
1311:(45,2,2,42,8,8,0)
1312:(45,2,2,43,7,7,0)
1313:(45,2,2,44,6,6,0)
1314:(45,2,2,45,5,5,0)
1315:(45,2,2,46,4,4,0)
1316:(46,2,0,35,15,15,0)
1317:(46,2,0,36,14,14,0)
1318:(46,2,0,37,13,13,0)
1319:(46,2,0,38,12,12,0)
1320:(46,2,0,39,11,11,0)
1321:(46,2,0,40,10,10,0)
1322:(46,2,0,41,9,9,0)
1323:(46,2,0,42,8,8,0)
1324:(46,2,0,43,7,7,0)
1325:(46,2,0,44,6,6,0)
1326:(46,2,0,45,5,5,0)
1327:(46,2,0,46,4,4,0)
1328:(46,2,0,47,3,3,0)
1329:(46,2,1,36,14,14,0)
1330:(46,2,1,37,13,13,0)
1331:(46,2,1,38,12,12,0)
1332:(46,2,1,39,11,11,0)
1333:(46,2,1,40,10,10,0)
1334:(46,2,1,41,9,9,0)
1335:(46,2,1,42,8,8,0)
1336:(46,2,1,43,7,7,0)
1337:(46,2,1,44,6,6,0)
1338:(46,2,1,45,5,5,0)
1339:(46,2,1,46,4,4,0)
1340:(46,2,1,47,3,3,0)
1341:(46,2,1,48,2,2,0)
1342:(46,2,2,39,11,11,0)
1343:(46,2,2,40,10,10,0)
1344:(46,2,2,41,9,9,0)
1345:(46,2,2,42,8,8,0)
1346:(46,2,2,43,7,7,0)
1347:(46,2,2,44,6,6,0)
1348:(46,2,2,45,5,5,0)
1349:(46,2,2,46,4,4,0)
1350:(46,2,2,47,3,3,0)
1351:(46,2,2,48,2,2,0)
1352:(47,2,0,38,12,12,0)
1353:(47,2,0,39,11,11,0)
1354:(47,2,0,40,10,10,0)
1355:(47,2,0,41,9,9,0)
1356:(47,2,0,42,8,8,0)
1357:(47,2,0,43,7,7,0)
1358:(47,2,0,44,6,6,0)
1359:(47,2,0,45,5,5,0)
1360:(47,2,0,46,4,4,0)
1361:(47,2,0,47,3,3,0)
1362:(47,2,0,48,2,2,0)
1363:(47,2,1,39,11,11,0)
1364:(47,2,1,40,10,10,0)
1365:(47,2,1,41,9,9,0)
1366:(47,2,1,42,8,8,0)
1367:(47,2,1,43,7,7,0)
1368:(47,2,1,44,6,6,0)
1369:(47,2,1,45,5,5,0)
1370:(47,2,1,46,4,4,0)
1371:(47,2,1,47,3,3,0)
1372:(47,2,1,48,2,2,0)
1373:(47,2,1,49,1,1,0)
1374:(47,2,2,41,9,9,0)
1375:(47,2,2,42,8,8,0)
1376:(47,2,2,43,7,7,0)
1377:(47,2,2,44,6,6,0)
1378:(47,2,2,45,5,5,0)
1379:(47,2,2,46,4,4,0)
1380:(47,2,2,47,3,3,0)
1381:(47,2,2,48,2,2,0)
1382:(47,2,2,49,1,1,0)
1383:(48,2,0,40,10,10,0)
1384:(48,2,0,41,9,9,0)
1385:(48,2,0,42,8,8,0)
1386:(48,2,0,43,7,7,0)
1387:(48,2,0,44,6,6,0)
1388:(48,2,0,45,5,5,0)
1389:(48,2,0,46,4,4,0)
1390:(48,2,0,47,3,3,0)
1391:(48,2,0,48,2,2,0)
1392:(48,2,0,49,1,1,0)
1393:(48,2,1,41,9,9,0)
1394:(48,2,1,42,8,8,0)
1395:(48,2,1,43,7,7,0)
1396:(48,2,1,44,6,6,0)
1397:(48,2,1,45,5,5,0)
1398:(48,2,1,46,4,4,0)
1399:(48,2,1,47,3,3,0)
1400:(48,2,1,48,2,2,0)
1401:(48,2,1,49,1,1,0)
1402:(48,2,1,50,0,0,0)
1403:(48,2,2,43,7,7,0)
1404:(48,2,2,44,6,6,0)
1405:(48,2,2,45,5,5,0)
1406:(48,2,2,46,4,4,0)
1407:(48,2,2,47,3,3,0)
1408:(48,2,2,48,2,2,0)
1409:(48,2,2,49,1,1,0)
1410:(48,2,2,50,0,0,0)
1411:(49,2,0,42,8,8,0)
1412:(49,2,0,43,7,7,0)
1413:(49,2,0,44,6,6,0)
1414:(49,2,0,45,5,5,0)
1415:(49,2,0,46,4,4,0)
1416:(49,2,0,47,3,3,0)
1417:(49,2,0,48,2,2,0)
1418:(49,2,0,49,1,1,0)
1419:(49,2,0,50,0,0,0)
1420:(49,2,1,43,7,7,0)
1421:(49,2,1,44,6,6,0)
1422:(49,2,1,45,5,5,0)
1423:(49,2,1,46,4,4,0)
1424:(49,2,1,47,3,3,0)
1425:(49,2,1,48,2,2,0)
1426:(49,2,1,49,1,1,0)
1427:(49,2,1,50,0,0,0)
1428:(49,2,2,44,6,6,0)
1429:(49,2,2,45,5,5,0)
1430:(49,2,2,46,4,4,0)
1431:(49,2,2,47,3,3,0)
1432:(49,2,2,48,2,2,0)
1433:(49,2,2,49,1,1,0)
1434:(49,2,2,50,0,0,0)
1435:(50,2,0,43,7,7,0)
1436:(50,2,0,44,6,6,0)
1437:(50,2,0,45,5,5,0)
1438:(50,2,0,46,4,4,0)
1439:(50,2,0,47,3,3,0)
1440:(50,2,0,48,2,2,0)
1441:(50,2,0,49,1,1,0)
1442:(50,2,0,50,0,0,0)
1443:(50,2,1,44,6,6,0)
1444:(50,2,1,45,5,5,0)
1445:(50,2,1,46,4,4,0)
1446:(50,2,1,47,3,3,0)
1447:(50,2,1,48,2,2,0)
1448:(50,2,1,49,1,1,0)
1449:(50,2,1,50,0,0,0)
1450:(50,2,2,48,2,2,0)
1451:(50,2,2,49,1,1,0)
1452:(50,2,2,50,0,0,0)
1453:(51,2,0,47,3,3,0)
1454:(51,2,0,48,2,2,0)
1455:(51,2,0,49,1,1,0)
1456:(51,2,0,50,0,0,0)
1457:(51,2,1,48,2,2,0)
1458:(51,2,1,49,1,1,0)
1459:(51,2,1,50,0,0,0)
