(codY,flache,SigD_hag,hag,CodY_flache,CodY_hag,CodY,SigD,Hag)
0:(1,1,1,1,1,1,10,10,10)
1:(1,1,1,1,1,1,11,10,10)
2:(1,1,1,1,1,1,12,10,10)
3:(1,1,1,1,1,1,13,10,10)
4:(1,1,1,1,1,1,14,10,10)
5:(1,1,1,1,1,1,15,10,10)
6:(1,1,1,1,1,1,16,10,10)
7:(1,1,1,1,1,1,17,10,10)
8:(1,1,1,1,1,1,18,10,10)
9:(1,1,1,1,1,1,19,10,10)
10:(1,1,1,1,1,1,20,10,10)
11:(1,1,1,1,1,1,20,11,10)
12:(1,1,1,1,1,1,20,9,10)
13:(1,1,0,2,1,1,20,11,11)
14:(1,1,1,1,1,1,20,10,9)
15:(1,1,2,0,1,1,20,9,10)
16:(1,1,0,2,1,1,20,11,10)
17:(1,1,1,1,1,1,19,11,10)
18:(1,1,1,1,1,1,19,9,10)
19:(1,1,0,2,1,1,19,11,11)
20:(1,1,1,1,1,1,19,10,9)
21:(1,1,2,0,1,1,19,9,10)
22:(1,1,0,2,1,1,19,11,10)
23:(1,0,1,1,2,1,18,10,10)
24:(1,1,1,0,1,2,18,10,10)
25:(1,1,1,1,1,1,18,11,10)
26:(1,1,1,1,1,1,18,9,10)
27:(1,1,0,2,1,1,18,11,11)
28:(1,1,1,1,1,1,18,10,9)
29:(1,1,2,0,1,1,18,9,10)
30:(1,1,0,2,1,1,18,11,10)
31:(1,0,1,1,2,1,17,10,10)
32:(1,1,1,0,1,2,17,10,10)
33:(1,1,1,1,1,1,17,11,10)
34:(1,1,1,1,1,1,17,9,10)
35:(1,1,0,2,1,1,17,11,11)
36:(1,1,1,1,1,1,17,10,9)
37:(1,1,2,0,1,1,17,9,10)
38:(1,1,0,2,1,1,17,11,10)
39:(1,0,1,1,2,1,16,10,10)
40:(1,1,1,0,1,2,16,10,10)
41:(1,1,1,1,1,1,16,11,10)
42:(1,1,1,1,1,1,16,9,10)
43:(1,1,0,2,1,1,16,11,11)
44:(1,1,1,1,1,1,16,10,9)
45:(1,1,2,0,1,1,16,9,10)
46:(1,1,0,2,1,1,16,11,10)
47:(1,0,1,1,2,1,15,10,10)
48:(1,1,1,0,1,2,15,10,10)
49:(1,1,1,1,1,1,15,11,10)
50:(1,1,1,1,1,1,15,9,10)
51:(1,1,0,2,1,1,15,11,11)
52:(1,1,1,1,1,1,15,10,9)
53:(1,1,2,0,1,1,15,9,10)
54:(1,1,0,2,1,1,15,11,10)
55:(1,0,1,1,2,1,14,10,10)
56:(1,1,1,0,1,2,14,10,10)
57:(1,1,1,1,1,1,14,11,10)
58:(1,1,1,1,1,1,14,9,10)
59:(1,1,0,2,1,1,14,11,11)
60:(1,1,1,1,1,1,14,10,9)
61:(1,1,2,0,1,1,14,9,10)
62:(1,1,0,2,1,1,14,11,10)
63:(1,0,1,1,2,1,13,10,10)
64:(1,1,1,0,1,2,13,10,10)
65:(1,1,1,1,1,1,13,11,10)
66:(1,1,1,1,1,1,13,9,10)
67:(1,1,0,2,1,1,13,11,11)
68:(1,1,1,1,1,1,13,10,9)
69:(1,1,2,0,1,1,13,9,10)
70:(1,1,0,2,1,1,13,11,10)
71:(1,0,1,1,2,1,12,10,10)
72:(1,1,1,0,1,2,12,10,10)
73:(1,1,1,1,1,1,12,11,10)
74:(1,1,1,1,1,1,12,9,10)
75:(1,1,0,2,1,1,12,11,11)
76:(1,1,1,1,1,1,12,10,9)
77:(1,1,2,0,1,1,12,9,10)
78:(1,1,0,2,1,1,12,11,10)
79:(1,0,1,1,2,1,11,10,10)
80:(1,1,1,0,1,2,11,10,10)
81:(1,1,1,1,1,1,11,11,10)
82:(1,1,1,1,1,1,11,9,10)
83:(1,1,0,2,1,1,11,11,11)
84:(1,1,1,1,1,1,11,10,9)
85:(1,1,2,0,1,1,11,9,10)
86:(1,1,0,2,1,1,11,11,10)
87:(1,0,1,1,2,1,10,10,10)
88:(1,1,1,0,1,2,10,10,10)
89:(1,1,1,1,1,1,9,10,10)
90:(1,1,1,1,1,1,10,11,10)
91:(1,1,1,1,1,1,10,9,10)
92:(1,1,0,2,1,1,10,11,11)
93:(1,1,1,1,1,1,10,10,9)
94:(1,1,2,0,1,1,10,9,10)
95:(1,1,0,2,1,1,10,11,10)
96:(1,0,1,1,2,1,9,10,10)
97:(1,1,1,0,1,2,9,10,10)
98:(1,2,1,1,0,1,18,10,10)
99:(1,1,1,2,1,0,18,10,10)
100:(1,2,1,1,0,1,17,10,10)
101:(1,1,1,2,1,0,17,10,10)
102:(1,2,1,1,0,1,16,10,10)
103:(1,1,1,2,1,0,16,10,10)
104:(1,2,1,1,0,1,15,10,10)
105:(1,1,1,2,1,0,15,10,10)
106:(1,2,1,1,0,1,14,10,10)
107:(1,1,1,2,1,0,14,10,10)
108:(1,2,1,1,0,1,13,10,10)
109:(1,1,1,2,1,0,13,10,10)
110:(1,2,1,1,0,1,12,10,10)
111:(1,1,1,2,1,0,12,10,10)
112:(1,2,1,1,0,1,11,10,10)
113:(1,1,1,2,1,0,11,10,10)
114:(1,1,1,1,1,1,8,10,10)
115:(1,1,1,1,1,1,9,11,10)
116:(1,1,1,1,1,1,9,9,10)
117:(1,1,0,2,1,1,9,11,11)
118:(1,1,1,1,1,1,9,10,9)
119:(1,1,2,0,1,1,9,9,10)
120:(1,1,0,2,1,1,9,11,10)
121:(1,0,1,1,2,1,8,10,10)
122:(1,2,1,1,0,1,10,10,10)
123:(1,1,1,0,1,2,8,10,10)
124:(1,1,1,2,1,0,10,10,10)
125:(1,1,1,1,1,1,17,12,10)
126:(1,1,0,2,1,1,17,12,11)
127:(1,1,1,1,1,1,17,11,9)
128:(1,1,2,0,1,1,17,10,10)
129:(1,1,0,2,1,1,17,12,10)
130:(1,0,1,1,2,1,16,11,10)
131:(1,1,1,0,1,2,16,11,10)
132:(1,1,1,1,1,1,16,12,10)
133:(1,1,0,2,1,1,16,12,11)
134:(1,1,1,1,1,1,16,11,9)
135:(1,1,2,0,1,1,16,10,10)
136:(1,1,0,2,1,1,16,12,10)
137:(1,0,1,1,2,1,15,11,10)
138:(1,1,1,0,1,2,15,11,10)
139:(1,1,1,1,1,1,15,12,10)
140:(1,1,0,2,1,1,15,12,11)
141:(1,1,1,1,1,1,15,11,9)
142:(1,1,2,0,1,1,15,10,10)
143:(1,1,0,2,1,1,15,12,10)
144:(1,0,1,1,2,1,14,11,10)
145:(1,1,1,0,1,2,14,11,10)
146:(1,1,1,1,1,1,14,12,10)
147:(1,1,0,2,1,1,14,12,11)
148:(1,1,1,1,1,1,14,11,9)
149:(1,1,2,0,1,1,14,10,10)
150:(1,1,0,2,1,1,14,12,10)
151:(1,0,1,1,2,1,13,11,10)
152:(1,1,1,0,1,2,13,11,10)
153:(1,1,1,1,1,1,13,12,10)
154:(1,1,0,2,1,1,13,12,11)
155:(1,1,1,1,1,1,13,11,9)
156:(1,1,2,0,1,1,13,10,10)
157:(1,1,0,2,1,1,13,12,10)
158:(1,0,1,1,2,1,12,11,10)
159:(1,1,1,0,1,2,12,11,10)
160:(1,1,1,1,1,1,12,12,10)
161:(1,1,0,2,1,1,12,12,11)
162:(1,1,1,1,1,1,12,11,9)
163:(1,1,2,0,1,1,12,10,10)
164:(1,1,0,2,1,1,12,12,10)
165:(1,0,1,1,2,1,11,11,10)
166:(1,1,1,0,1,2,11,11,10)
167:(1,1,1,1,1,1,11,12,10)
168:(1,1,0,2,1,1,11,12,11)
169:(1,1,1,1,1,1,11,11,9)
170:(1,1,2,0,1,1,11,10,10)
171:(1,1,0,2,1,1,11,12,10)
172:(1,0,1,1,2,1,10,11,10)
173:(1,1,1,0,1,2,10,11,10)
174:(1,1,1,1,1,1,10,12,10)
175:(1,1,0,2,1,1,10,12,11)
176:(1,1,1,1,1,1,10,11,9)
177:(1,1,2,0,1,1,10,10,10)
178:(1,1,0,2,1,1,10,12,10)
179:(1,0,1,1,2,1,9,11,10)
180:(1,1,1,0,1,2,9,11,10)
181:(1,1,1,1,1,1,17,8,10)
182:(1,1,0,2,1,1,17,10,11)
183:(1,1,1,1,1,1,17,9,9)
184:(1,1,2,0,1,1,17,8,10)
185:(1,1,0,2,1,1,17,10,10)
186:(1,0,1,1,2,1,16,9,10)
187:(1,1,1,0,1,2,16,9,10)
188:(1,1,1,1,1,1,16,8,10)
189:(1,1,0,2,1,1,16,10,11)
190:(1,1,1,1,1,1,16,9,9)
191:(1,1,2,0,1,1,16,8,10)
192:(1,1,0,2,1,1,16,10,10)
193:(1,0,1,1,2,1,15,9,10)
194:(1,1,1,0,1,2,15,9,10)
195:(1,1,1,1,1,1,15,8,10)
196:(1,1,0,2,1,1,15,10,11)
197:(1,1,1,1,1,1,15,9,9)
198:(1,1,2,0,1,1,15,8,10)
199:(1,1,0,2,1,1,15,10,10)
200:(1,0,1,1,2,1,14,9,10)
201:(1,1,1,0,1,2,14,9,10)
202:(1,1,1,1,1,1,14,8,10)
203:(1,1,0,2,1,1,14,10,11)
204:(1,1,1,1,1,1,14,9,9)
205:(1,1,2,0,1,1,14,8,10)
206:(1,1,0,2,1,1,14,10,10)
207:(1,0,1,1,2,1,13,9,10)
208:(1,1,1,0,1,2,13,9,10)
209:(1,1,1,1,1,1,13,8,10)
210:(1,1,0,2,1,1,13,10,11)
211:(1,1,1,1,1,1,13,9,9)
212:(1,1,2,0,1,1,13,8,10)
213:(1,1,0,2,1,1,13,10,10)
214:(1,0,1,1,2,1,12,9,10)
215:(1,1,1,0,1,2,12,9,10)
216:(1,1,1,1,1,1,12,8,10)
217:(1,1,0,2,1,1,12,10,11)
218:(1,1,1,1,1,1,12,9,9)
219:(1,1,2,0,1,1,12,8,10)
220:(1,1,0,2,1,1,12,10,10)
221:(1,0,1,1,2,1,11,9,10)
222:(1,1,1,0,1,2,11,9,10)
223:(1,1,1,1,1,1,11,8,10)
224:(1,1,0,2,1,1,11,10,11)
225:(1,1,1,1,1,1,11,9,9)
226:(1,1,2,0,1,1,11,8,10)
227:(1,1,0,2,1,1,11,10,10)
228:(1,0,1,1,2,1,10,9,10)
229:(1,1,1,0,1,2,10,9,10)
230:(1,1,1,1,1,1,10,8,10)
231:(1,1,0,2,1,1,10,10,11)
232:(1,1,1,1,1,1,10,9,9)
233:(1,1,2,0,1,1,10,8,10)
234:(1,1,0,2,1,1,10,10,10)
235:(1,0,1,1,2,1,9,9,10)
236:(1,1,1,0,1,2,9,9,10)
237:(1,1,1,1,1,1,17,10,11)
238:(1,0,0,2,2,1,16,11,11)
239:(1,1,0,1,1,2,16,11,11)
240:(1,1,1,1,1,1,16,10,11)
241:(1,0,0,2,2,1,15,11,11)
242:(1,1,0,1,1,2,15,11,11)
243:(1,1,1,1,1,1,15,10,11)
244:(1,0,0,2,2,1,14,11,11)
245:(1,1,0,1,1,2,14,11,11)
246:(1,1,1,1,1,1,14,10,11)
247:(1,0,0,2,2,1,13,11,11)
248:(1,1,0,1,1,2,13,11,11)
249:(1,1,1,1,1,1,13,10,11)
250:(1,0,0,2,2,1,12,11,11)
251:(1,1,0,1,1,2,12,11,11)
252:(1,1,1,1,1,1,12,10,11)
253:(1,0,0,2,2,1,11,11,11)
254:(1,1,0,1,1,2,11,11,11)
255:(1,1,1,1,1,1,11,10,11)
256:(1,0,0,2,2,1,10,11,11)
257:(1,1,0,1,1,2,10,11,11)
258:(1,1,1,1,1,1,10,10,11)
259:(1,0,0,2,2,1,9,11,11)
260:(1,1,0,1,1,2,9,11,11)
261:(1,1,1,1,1,1,17,10,8)
262:(1,1,2,0,1,1,17,9,9)
263:(1,1,0,2,1,1,17,11,9)
264:(1,0,1,1,2,1,16,10,9)
265:(1,1,1,0,1,2,16,10,9)
266:(1,1,1,1,1,1,16,10,8)
267:(1,1,2,0,1,1,16,9,9)
268:(1,1,0,2,1,1,16,11,9)
269:(1,0,1,1,2,1,15,10,9)
270:(1,1,1,0,1,2,15,10,9)
271:(1,1,1,1,1,1,15,10,8)
272:(1,1,2,0,1,1,15,9,9)
273:(1,1,0,2,1,1,15,11,9)
274:(1,0,1,1,2,1,14,10,9)
275:(1,1,1,0,1,2,14,10,9)
276:(1,1,1,1,1,1,14,10,8)
277:(1,1,2,0,1,1,14,9,9)
278:(1,1,0,2,1,1,14,11,9)
279:(1,0,1,1,2,1,13,10,9)
280:(1,1,1,0,1,2,13,10,9)
281:(1,1,1,1,1,1,13,10,8)
282:(1,1,2,0,1,1,13,9,9)
283:(1,1,0,2,1,1,13,11,9)
284:(1,0,1,1,2,1,12,10,9)
285:(1,1,1,0,1,2,12,10,9)
286:(1,1,1,1,1,1,12,10,8)
287:(1,1,2,0,1,1,12,9,9)
288:(1,1,0,2,1,1,12,11,9)
289:(1,0,1,1,2,1,11,10,9)
290:(1,1,1,0,1,2,11,10,9)
291:(1,1,1,1,1,1,11,10,8)
292:(1,1,2,0,1,1,11,9,9)
293:(1,1,0,2,1,1,11,11,9)
294:(1,0,1,1,2,1,10,10,9)
295:(1,1,1,0,1,2,10,10,9)
296:(1,1,1,1,1,1,10,10,8)
297:(1,1,2,0,1,1,10,9,9)
298:(1,1,0,2,1,1,10,11,9)
299:(1,0,1,1,2,1,9,10,9)
300:(1,1,1,0,1,2,9,10,9)
301:(1,0,2,0,2,1,16,9,10)
302:(1,0,2,0,2,1,15,9,10)
303:(1,0,2,0,2,1,14,9,10)
304:(1,0,2,0,2,1,13,9,10)
305:(1,0,2,0,2,1,12,9,10)
306:(1,0,2,0,2,1,11,9,10)
307:(1,0,2,0,2,1,10,9,10)
308:(1,0,2,0,2,1,9,9,10)
309:(1,0,0,2,2,1,16,11,10)
310:(1,1,0,1,1,2,16,11,10)
311:(1,0,0,2,2,1,15,11,10)
312:(1,1,0,1,1,2,15,11,10)
313:(1,0,0,2,2,1,14,11,10)
314:(1,1,0,1,1,2,14,11,10)
315:(1,0,0,2,2,1,13,11,10)
316:(1,1,0,1,1,2,13,11,10)
317:(1,0,0,2,2,1,12,11,10)
318:(1,1,0,1,1,2,12,11,10)
319:(1,0,0,2,2,1,11,11,10)
320:(1,1,0,1,1,2,11,11,10)
321:(1,0,0,2,2,1,10,11,10)
322:(1,1,0,1,1,2,10,11,10)
323:(1,0,0,2,2,1,9,11,10)
324:(1,1,0,1,1,2,9,11,10)
325:(1,0,1,0,2,2,14,10,10)
326:(1,0,1,2,2,0,16,10,10)
327:(1,0,1,0,2,2,13,10,10)
328:(1,0,1,2,2,0,15,10,10)
329:(1,0,1,0,2,2,12,10,10)
330:(1,0,1,2,2,0,14,10,10)
331:(1,0,1,0,2,2,11,10,10)
332:(1,0,1,2,2,0,13,10,10)
333:(1,0,1,0,2,2,10,10,10)
334:(1,0,1,2,2,0,12,10,10)
335:(1,0,1,0,2,2,9,10,10)
336:(1,0,1,2,2,0,11,10,10)
337:(1,0,1,0,2,2,8,10,10)
338:(1,0,1,2,2,0,10,10,10)
339:(1,2,1,1,0,1,19,10,10)
340:(1,2,1,1,0,1,20,10,10)
341:(1,2,1,0,0,2,16,10,10)
342:(1,2,1,0,0,2,15,10,10)
343:(1,2,1,0,0,2,14,10,10)
344:(1,2,1,0,0,2,13,10,10)
345:(1,2,1,0,0,2,12,10,10)
346:(1,2,1,0,0,2,11,10,10)
347:(1,2,1,0,0,2,10,10,10)
348:(1,1,1,2,1,0,19,10,10)
349:(1,1,1,2,1,0,20,10,10)
350:(1,1,1,1,1,1,7,10,10)
351:(1,1,1,1,1,1,8,11,10)
352:(1,1,1,1,1,1,8,9,10)
353:(1,1,0,2,1,1,8,11,11)
354:(1,1,1,1,1,1,8,10,9)
355:(1,1,2,0,1,1,8,9,10)
356:(1,1,0,2,1,1,8,11,10)
357:(1,0,1,1,2,1,7,10,10)
358:(1,2,1,1,0,1,9,10,10)
359:(1,1,1,0,1,2,7,10,10)
360:(1,1,1,2,1,0,9,10,10)
361:(1,2,1,1,0,1,15,11,10)
362:(1,1,1,2,1,0,15,11,10)
363:(1,2,1,1,0,1,14,11,10)
364:(1,1,1,2,1,0,14,11,10)
365:(1,2,1,1,0,1,13,11,10)
366:(1,1,1,2,1,0,13,11,10)
367:(1,2,1,1,0,1,12,11,10)
368:(1,1,1,2,1,0,12,11,10)
369:(1,2,1,1,0,1,11,11,10)
370:(1,1,1,2,1,0,11,11,10)
371:(1,1,1,1,1,1,9,12,10)
372:(1,1,0,2,1,1,9,12,11)
373:(1,1,1,1,1,1,9,11,9)
374:(1,1,2,0,1,1,9,10,10)
375:(1,1,0,2,1,1,9,12,10)
376:(1,0,1,1,2,1,8,11,10)
377:(1,2,1,1,0,1,10,11,10)
378:(1,1,1,0,1,2,8,11,10)
379:(1,1,1,2,1,0,10,11,10)
380:(1,2,1,1,0,1,15,9,10)
381:(1,1,1,2,1,0,15,9,10)
382:(1,2,1,1,0,1,14,9,10)
383:(1,1,1,2,1,0,14,9,10)
384:(1,2,1,1,0,1,13,9,10)
385:(1,1,1,2,1,0,13,9,10)
386:(1,2,1,1,0,1,12,9,10)
387:(1,1,1,2,1,0,12,9,10)
388:(1,2,1,1,0,1,11,9,10)
389:(1,1,1,2,1,0,11,9,10)
390:(1,1,1,1,1,1,9,8,10)
391:(1,1,0,2,1,1,9,10,11)
392:(1,1,1,1,1,1,9,9,9)
393:(1,1,2,0,1,1,9,8,10)
394:(1,1,0,2,1,1,9,10,10)
395:(1,0,1,1,2,1,8,9,10)
396:(1,2,1,1,0,1,10,9,10)
397:(1,1,1,0,1,2,8,9,10)
398:(1,1,1,2,1,0,10,9,10)
399:(1,2,0,2,0,1,15,11,11)
400:(1,1,0,3,1,0,15,11,11)
401:(1,2,0,2,0,1,14,11,11)
402:(1,1,0,3,1,0,14,11,11)
403:(1,2,0,2,0,1,13,11,11)
404:(1,1,0,3,1,0,13,11,11)
405:(1,2,0,2,0,1,12,11,11)
406:(1,1,0,3,1,0,12,11,11)
407:(1,2,0,2,0,1,11,11,11)
408:(1,1,0,3,1,0,11,11,11)
409:(1,1,1,1,1,1,9,10,11)
410:(1,0,0,2,2,1,8,11,11)
411:(1,2,0,2,0,1,10,11,11)
412:(1,1,0,1,1,2,8,11,11)
413:(1,1,0,3,1,0,10,11,11)
414:(1,2,1,1,0,1,15,10,9)
415:(1,1,1,2,1,0,15,10,9)
416:(1,2,1,1,0,1,14,10,9)
417:(1,1,1,2,1,0,14,10,9)
418:(1,2,1,1,0,1,13,10,9)
419:(1,1,1,2,1,0,13,10,9)
420:(1,2,1,1,0,1,12,10,9)
421:(1,1,1,2,1,0,12,10,9)
422:(1,2,1,1,0,1,11,10,9)
423:(1,1,1,2,1,0,11,10,9)
424:(1,1,1,1,1,1,9,10,8)
425:(1,1,2,0,1,1,9,9,9)
426:(1,1,0,2,1,1,9,11,9)
427:(1,0,1,1,2,1,8,10,9)
428:(1,2,1,1,0,1,10,10,9)
429:(1,1,1,0,1,2,8,10,9)
430:(1,1,1,2,1,0,10,10,9)
431:(1,2,2,0,0,1,15,9,10)
432:(1,1,2,1,1,0,15,9,10)
433:(1,2,2,0,0,1,14,9,10)
434:(1,1,2,1,1,0,14,9,10)
435:(1,2,2,0,0,1,13,9,10)
436:(1,1,2,1,1,0,13,9,10)
437:(1,2,2,0,0,1,12,9,10)
438:(1,1,2,1,1,0,12,9,10)
439:(1,2,2,0,0,1,11,9,10)
440:(1,1,2,1,1,0,11,9,10)
441:(1,0,2,0,2,1,8,9,10)
442:(1,2,2,0,0,1,10,9,10)
443:(1,1,2,1,1,0,10,9,10)
444:(1,2,0,2,0,1,15,11,10)
445:(1,1,0,3,1,0,15,11,10)
446:(1,2,0,2,0,1,14,11,10)
447:(1,1,0,3,1,0,14,11,10)
448:(1,2,0,2,0,1,13,11,10)
449:(1,1,0,3,1,0,13,11,10)
450:(1,2,0,2,0,1,12,11,10)
451:(1,1,0,3,1,0,12,11,10)
452:(1,2,0,2,0,1,11,11,10)
453:(1,1,0,3,1,0,11,11,10)
454:(1,0,0,2,2,1,8,11,10)
455:(1,2,0,2,0,1,10,11,10)
456:(1,1,0,1,1,2,8,11,10)
457:(1,1,0,3,1,0,10,11,10)
458:(1,0,1,0,2,2,7,10,10)
459:(1,0,1,2,2,0,9,10,10)
460:(1,2,1,2,0,0,16,10,10)
461:(1,2,1,2,0,0,15,10,10)
462:(1,2,1,2,0,0,14,10,10)
463:(1,2,1,2,0,0,13,10,10)
464:(1,2,1,2,0,0,12,10,10)
465:(1,2,1,0,0,2,9,10,10)
466:(1,2,1,2,0,0,11,10,10)
467:(1,2,1,1,0,1,17,11,10)
468:(1,1,1,2,1,0,17,11,10)
469:(1,2,1,1,0,1,16,11,10)
470:(1,1,1,2,1,0,16,11,10)
471:(1,1,1,1,1,1,18,12,10)
472:(1,1,0,2,1,1,18,12,11)
473:(1,1,1,1,1,1,18,11,9)
474:(1,1,2,0,1,1,18,10,10)
475:(1,1,0,2,1,1,18,12,10)
476:(1,0,1,1,2,1,17,11,10)
477:(1,2,1,1,0,1,18,11,10)
478:(1,2,1,1,0,1,19,11,10)
479:(1,2,1,1,0,1,20,11,10)
480:(1,1,1,0,1,2,17,11,10)
481:(1,1,1,2,1,0,18,11,10)
482:(1,1,1,2,1,0,19,11,10)
483:(1,1,1,2,1,0,20,11,10)
484:(1,2,1,1,0,1,17,9,10)
485:(1,1,1,2,1,0,17,9,10)
486:(1,2,1,1,0,1,16,9,10)
487:(1,1,1,2,1,0,16,9,10)
488:(1,1,1,1,1,1,18,8,10)
489:(1,1,0,2,1,1,18,10,11)
490:(1,1,1,1,1,1,18,9,9)
491:(1,1,2,0,1,1,18,8,10)
492:(1,1,0,2,1,1,18,10,10)
493:(1,0,1,1,2,1,17,9,10)
494:(1,2,1,1,0,1,18,9,10)
495:(1,2,1,1,0,1,19,9,10)
496:(1,2,1,1,0,1,20,9,10)
497:(1,1,1,0,1,2,17,9,10)
498:(1,1,1,2,1,0,18,9,10)
499:(1,1,1,2,1,0,19,9,10)
500:(1,1,1,2,1,0,20,9,10)
501:(1,2,0,2,0,1,17,11,11)
502:(1,1,0,3,1,0,17,11,11)
503:(1,2,0,2,0,1,16,11,11)
504:(1,1,0,3,1,0,16,11,11)
505:(1,2,0,2,0,1,16,11,10)
506:(1,1,0,3,1,0,16,11,10)
507:(1,1,1,1,1,1,18,10,11)
508:(1,0,0,2,2,1,17,11,11)
509:(1,2,0,2,0,1,18,11,11)
510:(1,2,0,2,0,1,19,11,11)
511:(1,2,0,2,0,1,20,11,11)
512:(1,2,0,2,0,1,17,11,10)
513:(1,1,0,1,1,2,17,11,11)
514:(1,1,0,3,1,0,18,11,11)
515:(1,1,0,3,1,0,19,11,11)
516:(1,1,0,3,1,0,20,11,11)
517:(1,1,0,3,1,0,17,11,10)
518:(1,2,1,1,0,1,17,10,9)
519:(1,1,1,2,1,0,17,10,9)
520:(1,2,1,1,0,1,16,10,9)
521:(1,1,1,2,1,0,16,10,9)
522:(1,1,1,1,1,1,18,10,8)
523:(1,1,2,0,1,1,18,9,9)
524:(1,1,0,2,1,1,18,11,9)
525:(1,0,1,1,2,1,17,10,9)
526:(1,2,1,1,0,1,18,10,9)
527:(1,2,1,1,0,1,19,10,9)
528:(1,2,1,1,0,1,20,10,9)
529:(1,1,1,0,1,2,17,10,9)
530:(1,1,1,2,1,0,18,10,9)
531:(1,1,1,2,1,0,19,10,9)
532:(1,1,1,2,1,0,20,10,9)
533:(1,2,2,0,0,1,17,9,10)
534:(1,1,2,1,1,0,17,9,10)
535:(1,2,2,0,0,1,16,9,10)
536:(1,1,2,1,1,0,16,9,10)
537:(1,0,2,0,2,1,17,9,10)
538:(1,2,2,0,0,1,18,9,10)
539:(1,2,2,0,0,1,19,9,10)
540:(1,2,2,0,0,1,20,9,10)
541:(1,1,2,1,1,0,18,9,10)
542:(1,1,2,1,1,0,19,9,10)
543:(1,1,2,1,1,0,20,9,10)
544:(1,0,0,2,2,1,17,11,10)
545:(1,0,1,0,2,2,15,10,10)
546:(1,0,1,0,2,2,16,10,10)
547:(1,0,1,2,2,0,17,10,10)
548:(1,0,1,2,2,0,18,10,10)
549:(1,2,1,2,0,0,18,10,10)
550:(1,2,1,2,0,0,17,10,10)
551:(1,2,0,2,0,1,18,11,10)
552:(1,2,0,2,0,1,19,11,10)
553:(1,2,0,2,0,1,20,11,10)
554:(1,2,1,0,0,2,17,10,10)
555:(1,2,1,0,0,2,18,10,10)
556:(1,2,1,2,0,0,19,10,10)
557:(1,2,1,2,0,0,20,10,10)
558:(1,1,0,1,1,2,17,11,10)
559:(1,1,0,3,1,0,18,11,10)
560:(1,1,0,3,1,0,19,11,10)
561:(1,1,0,3,1,0,20,11,10)
562:(-1,-1,-1,-1,-1,-1,-1,-1,-1)