(s1,s2,s3,s4,s5,s6)
0:(0,49,1,0,49,1)
1:(0,49,1,1,50,0)
2:(0,50,1,0,48,1)
3:(0,50,1,1,49,0)
4:(0,51,1,0,47,1)
5:(0,51,1,1,48,0)
6:(0,52,1,0,46,1)
7:(0,52,1,1,47,0)
8:(0,53,1,0,45,1)
9:(0,53,1,1,46,0)
10:(0,54,1,0,44,1)
11:(0,54,1,1,45,0)
12:(0,55,1,0,43,1)
13:(0,55,1,1,44,0)
14:(0,56,1,0,42,1)
15:(0,56,1,1,43,0)
16:(0,57,1,0,41,1)
17:(0,57,1,1,42,0)
18:(0,58,1,0,40,1)
19:(0,58,1,1,41,0)
20:(1,50,0,0,49,1)
21:(1,50,0,1,50,0)
22:(1,51,0,0,48,1)
23:(1,51,0,1,49,0)
24:(1,52,0,0,47,1)
25:(1,52,0,1,48,0)
26:(1,53,0,0,46,1)
27:(1,53,0,1,47,0)
28:(1,54,0,0,45,1)
29:(1,54,0,1,46,0)
30:(1,55,0,1,45,0)
31:(1,55,0,5,44,1)
32:(1,56,0,0,43,1)
33:(1,56,0,1,44,0)
34:(1,57,0,0,42,1)
35:(1,57,0,1,43,0)
36:(1,58,0,0,41,1)
37:(1,58,0,1,42,0)
38:(1,59,0,0,40,1)
39:(1,59,0,1,41,0)
40:(60,60,60,60,60,60)
