(s1,s2,s3,s4,s5,s6)
0:(1,50,0,1,50,0)
1:(1,50,0,0,49,1)
2:(1,51,0,1,49,0)
3:(1,51,0,0,48,1)
4:(1,52,0,1,48,0)
5:(1,52,0,0,47,1)
6:(1,53,0,1,47,0)
7:(1,53,0,0,46,1)
8:(1,54,0,1,46,0)
9:(1,54,0,0,45,1)
10:(1,55,0,1,45,0)
11:(1,55,0,0,44,1)
12:(1,56,0,1,44,0)
13:(1,56,0,0,43,1)
14:(1,57,0,1,43,0)
15:(1,57,0,0,42,1)
16:(1,58,0,1,42,0)
17:(1,58,0,0,41,1)
18:(1,59,0,1,41,0)
19:(1,59,0,0,40,1)
20:(0,49,1,1,50,0)
21:(0,49,1,0,49,1)
22:(0,50,1,1,49,0)
23:(0,50,1,0,48,1)
24:(0,51,1,1,48,0)
25:(0,51,1,0,47,1)
26:(0,52,1,1,47,0)
27:(0,52,1,0,46,1)
28:(0,53,1,1,46,0)
29:(0,53,1,0,45,1)
30:(0,54,1,1,45,0)
31:(0,54,1,0,44,1)
32:(0,55,1,1,44,0)
33:(0,55,1,0,43,1)
34:(0,56,1,1,43,0)
35:(0,56,1,0,42,1)
36:(0,57,1,1,42,0)
37:(0,57,1,0,41,1)
38:(0,58,1,1,41,0)
39:(0,58,1,0,40,1)
40:(-1,-1,-1,-1,-1,-1)
