(s1,s2,s3,s4,s5,s6)
0:(-1,-1,-1,-1,-1,-1)
1:(0,49,1,0,49,1)
2:(0,49,1,1,50,0)
3:(0,50,1,0,48,1)
4:(0,50,1,1,49,0)
5:(0,51,1,0,47,1)
6:(0,51,1,1,48,0)
7:(0,52,1,0,46,1)
8:(0,52,1,1,47,0)
9:(0,53,1,0,45,1)
10:(0,53,1,1,46,0)
11:(0,54,1,0,44,1)
12:(0,54,1,1,45,0)
13:(0,55,1,0,43,1)
14:(0,55,1,1,44,0)
15:(0,56,1,0,42,1)
16:(0,56,1,1,43,0)
17:(0,57,1,0,41,1)
18:(0,57,1,1,42,0)
19:(0,58,1,0,40,1)
20:(0,58,1,1,41,0)
21:(1,50,0,0,49,1)
22:(1,50,0,1,50,0)
23:(1,51,0,0,48,1)
24:(1,51,0,1,49,0)
25:(1,52,0,0,47,1)
26:(1,52,0,1,48,0)
27:(1,53,0,0,46,1)
28:(1,53,0,1,47,0)
29:(1,54,0,0,45,1)
30:(1,54,0,1,46,0)
31:(1,55,0,0,44,1)
32:(1,55,0,1,45,0)
33:(1,56,0,0,43,1)
34:(1,56,0,1,44,0)
35:(1,57,0,0,42,1)
36:(1,57,0,1,43,0)
37:(1,58,0,0,41,1)
38:(1,58,0,1,42,0)
39:(1,59,0,0,40,1)
40:(1,59,0,1,41,0)
