(codY,flache,SigD_hag,hag,CodY_flache,CodY_hag,CodY,SigD,Hag)
0:(1,1,1,1,1,1,10,10,10)
1:(1,1,1,1,1,1,11,10,10)
2:(1,1,1,1,1,1,12,10,10)
3:(1,1,1,1,1,1,13,10,10)
4:(1,1,1,1,1,1,14,10,10)
5:(1,1,1,1,1,1,15,10,10)
6:(1,1,1,1,1,1,16,10,10)
7:(1,1,1,1,1,1,17,10,10)
8:(1,1,1,1,1,1,18,10,10)
9:(1,1,1,1,1,1,19,10,10)
10:(1,1,1,1,1,1,20,10,10)
11:(1,1,1,1,1,1,20,11,10)
12:(1,1,1,1,1,1,20,9,10)
13:(1,1,0,2,1,1,20,11,11)
14:(1,1,1,1,1,1,20,10,9)
15:(1,1,2,0,1,1,20,9,10)
16:(1,1,0,2,1,1,20,11,10)
17:(1,1,1,1,1,1,19,11,10)
18:(1,1,1,1,1,1,19,9,10)
19:(1,1,0,2,1,1,19,11,11)
20:(1,1,1,1,1,1,19,10,9)
21:(1,1,2,0,1,1,19,9,10)
22:(1,1,0,2,1,1,19,11,10)
23:(1,0,1,1,2,1,18,10,10)
24:(1,1,1,0,1,2,18,10,10)
25:(1,1,1,1,1,1,18,11,10)
26:(1,1,1,1,1,1,18,9,10)
27:(1,1,0,2,1,1,18,11,11)
28:(1,1,1,1,1,1,18,10,9)
29:(1,1,2,0,1,1,18,9,10)
30:(1,1,0,2,1,1,18,11,10)
31:(1,0,1,1,2,1,17,10,10)
32:(1,1,1,0,1,2,17,10,10)
33:(1,1,1,1,1,1,17,11,10)
34:(1,1,1,1,1,1,17,9,10)
35:(1,1,0,2,1,1,17,11,11)
36:(1,1,1,1,1,1,17,10,9)
37:(1,1,2,0,1,1,17,9,10)
38:(1,1,0,2,1,1,17,11,10)
39:(1,0,1,1,2,1,16,10,10)
40:(1,1,1,0,1,2,16,10,10)
41:(1,1,1,1,1,1,16,11,10)
42:(1,1,1,1,1,1,16,9,10)
43:(1,1,0,2,1,1,16,11,11)
44:(1,1,1,1,1,1,16,10,9)
45:(1,1,2,0,1,1,16,9,10)
46:(1,1,0,2,1,1,16,11,10)
47:(1,0,1,1,2,1,15,10,10)
48:(1,1,1,0,1,2,15,10,10)
49:(1,1,1,1,1,1,15,11,10)
50:(1,1,1,1,1,1,15,9,10)
51:(1,1,0,2,1,1,15,11,11)
52:(1,1,1,1,1,1,15,10,9)
53:(1,1,2,0,1,1,15,9,10)
54:(1,1,0,2,1,1,15,11,10)
55:(1,0,1,1,2,1,14,10,10)
56:(1,1,1,0,1,2,14,10,10)
57:(1,1,1,1,1,1,14,11,10)
58:(1,1,1,1,1,1,14,9,10)
59:(1,1,0,2,1,1,14,11,11)
60:(1,1,1,1,1,1,14,10,9)
61:(1,1,2,0,1,1,14,9,10)
62:(1,1,0,2,1,1,14,11,10)
63:(1,0,1,1,2,1,13,10,10)
64:(1,1,1,0,1,2,13,10,10)
65:(1,1,1,1,1,1,13,11,10)
66:(1,1,1,1,1,1,13,9,10)
67:(1,1,0,2,1,1,13,11,11)
68:(1,1,1,1,1,1,13,10,9)
69:(1,1,2,0,1,1,13,9,10)
70:(1,1,0,2,1,1,13,11,10)
71:(1,0,1,1,2,1,12,10,10)
72:(1,1,1,0,1,2,12,10,10)
73:(1,1,1,1,1,1,12,11,10)
74:(1,1,1,1,1,1,12,9,10)
75:(1,1,0,2,1,1,12,11,11)
76:(1,1,1,1,1,1,12,10,9)
77:(1,1,2,0,1,1,12,9,10)
78:(1,1,0,2,1,1,12,11,10)
79:(1,0,1,1,2,1,11,10,10)
80:(1,1,1,0,1,2,11,10,10)
81:(1,1,1,1,1,1,11,11,10)
82:(1,1,1,1,1,1,11,9,10)
83:(1,1,0,2,1,1,11,11,11)
84:(1,1,1,1,1,1,11,10,9)
85:(1,1,2,0,1,1,11,9,10)
86:(1,1,0,2,1,1,11,11,10)
87:(1,0,1,1,2,1,10,10,10)
88:(1,1,1,0,1,2,10,10,10)
89:(1,1,1,1,1,1,9,10,10)
90:(1,1,1,1,1,1,10,11,10)
91:(1,1,1,1,1,1,10,9,10)
92:(1,1,0,2,1,1,10,11,11)
93:(1,1,1,1,1,1,10,10,9)
94:(1,1,2,0,1,1,10,9,10)
95:(1,1,0,2,1,1,10,11,10)
96:(1,0,1,1,2,1,9,10,10)
97:(1,1,1,0,1,2,9,10,10)
98:(-1,-1,-1,-1,-1,-1,-1,-1,-1)