(codY,flache,SigD_hag,hag,CodY_flache,CodY_hag,CodY,SigD,Hag)
0:(1,1,1,1,1,1,10,10,10) [ 2.8060000000000005 ]
1:(1,1,1,1,1,1,11,10,10) [ 2.8362000000000003 ]
2:(1,1,1,1,1,1,12,10,10) [ 2.8664000000000005 ]
3:(1,1,1,1,1,1,13,10,10) [ 2.8966000000000003 ]
4:(1,1,1,1,1,1,14,10,10) [ 2.9268000000000005 ]
5:(1,1,1,1,1,1,15,10,10) [ 2.957 ]
6:(1,1,1,1,1,1,16,10,10) [ 2.9872 ]
7:(1,1,1,1,1,1,17,10,10) [ 3.0174 ]
8:(1,1,1,1,1,1,18,10,10) [ 3.0476 ]
9:(1,1,1,1,1,1,19,10,10) [ 3.0778000000000003 ]
10:(1,1,1,1,1,1,20,10,10) [ 2.8080000000000003 TARGET ]
11:(1,1,1,1,1,1,20,11,10) [ 2.8181999999999996 TARGET ]
12:(1,1,1,1,1,1,20,9,10) [ 2.7977999999999996 TARGET ]
13:(1,1,0,2,1,1,20,11,11) [ 2.0284 TARGET ]
14:(1,1,1,1,1,1,20,10,9) [ 2.8078000000000003 TARGET ]
15:(1,1,2,0,1,1,20,9,10) [ 3.6077999999999997 TARGET ]
16:(1,1,0,2,1,1,20,11,10) [ 2.0282 TARGET ]
17:(1,1,1,1,1,1,19,11,10) [ 3.0879999999999996 ]
18:(1,1,1,1,1,1,19,9,10) [ 3.0675999999999997 ]
19:(1,1,0,2,1,1,19,11,11) [ 2.2882000000000002 ]
20:(1,1,1,1,1,1,19,10,9) [ 3.0776000000000003 ]
21:(1,1,2,0,1,1,19,9,10) [ 3.8876 ]
22:(1,1,0,2,1,1,19,11,10) [ 2.2880000000000003 ]
23:(1,0,1,1,2,1,18,10,10) [ 1.7876 ]
24:(1,1,1,0,1,2,18,10,10) [ 2.8676 ]
25:(1,1,1,1,1,1,18,11,10) [ 3.0578 ]
26:(1,1,1,1,1,1,18,9,10) [ 3.0374 ]
27:(1,1,0,2,1,1,18,11,11) [ 2.2479999999999998 ]
28:(1,1,1,1,1,1,18,10,9) [ 3.0474 ]
29:(1,1,2,0,1,1,18,9,10) [ 3.8674 ]
30:(1,1,0,2,1,1,18,11,10) [ 2.2478 ]
31:(1,0,1,1,2,1,17,10,10) [ 1.7774 ]
32:(1,1,1,0,1,2,17,10,10) [ 2.8474 ]
33:(1,1,1,1,1,1,17,11,10) [ 3.0275999999999996 ]
34:(1,1,1,1,1,1,17,9,10) [ 3.0071999999999997 ]
35:(1,1,0,2,1,1,17,11,11) [ 2.2078 ]
36:(1,1,1,1,1,1,17,10,9) [ 3.0172 ]
37:(1,1,2,0,1,1,17,9,10) [ 3.8472 ]
38:(1,1,0,2,1,1,17,11,10) [ 2.2076000000000002 ]
39:(1,0,1,1,2,1,16,10,10) [ 1.7672 ]
40:(1,1,1,0,1,2,16,10,10) [ 2.8272 ]
41:(1,1,1,1,1,1,16,11,10) [ 2.9974 ]
42:(1,1,1,1,1,1,16,9,10) [ 2.977 ]
43:(1,1,0,2,1,1,16,11,11) [ 2.1676 ]
44:(1,1,1,1,1,1,16,10,9) [ 2.987 ]
45:(1,1,2,0,1,1,16,9,10) [ 3.827 ]
46:(1,1,0,2,1,1,16,11,10) [ 2.1674 ]
47:(1,0,1,1,2,1,15,10,10) [ 1.7570000000000001 ]
48:(1,1,1,0,1,2,15,10,10) [ 2.807 ]
49:(1,1,1,1,1,1,15,11,10) [ 2.9671999999999996 ]
50:(1,1,1,1,1,1,15,9,10) [ 2.9467999999999996 ]
51:(1,1,0,2,1,1,15,11,11) [ 2.1274 ]
52:(1,1,1,1,1,1,15,10,9) [ 2.9568 ]
53:(1,1,2,0,1,1,15,9,10) [ 3.8068 ]
54:(1,1,0,2,1,1,15,11,10) [ 2.1272 ]
55:(1,0,1,1,2,1,14,10,10) [ 1.7468000000000004 ]
56:(1,1,1,0,1,2,14,10,10) [ 2.7868 ]
57:(1,1,1,1,1,1,14,11,10) [ 2.937 ]
58:(1,1,1,1,1,1,14,9,10) [ 2.9166000000000003 ]
59:(1,1,0,2,1,1,14,11,11) [ 2.0872 ]
60:(1,1,1,1,1,1,14,10,9) [ 2.9266 ]
61:(1,1,2,0,1,1,14,9,10) [ 3.7866 ]
62:(1,1,0,2,1,1,14,11,10) [ 2.087 ]
63:(1,0,1,1,2,1,13,10,10) [ 1.7366000000000001 ]
64:(1,1,1,0,1,2,13,10,10) [ 2.7666 ]
65:(1,1,1,1,1,1,13,11,10) [ 2.9067999999999996 ]
66:(1,1,1,1,1,1,13,9,10) [ 2.8864 ]
67:(1,1,0,2,1,1,13,11,11) [ 2.047 ]
68:(1,1,1,1,1,1,13,10,9) [ 2.8964 ]
69:(1,1,2,0,1,1,13,9,10) [ 3.7664 ]
70:(1,1,0,2,1,1,13,11,10) [ 2.0468 ]
71:(1,0,1,1,2,1,12,10,10) [ 1.7264000000000004 ]
72:(1,1,1,0,1,2,12,10,10) [ 2.7464 ]
73:(1,1,1,1,1,1,12,11,10) [ 2.8766 ]
74:(1,1,1,1,1,1,12,9,10) [ 2.8562000000000003 ]
75:(1,1,0,2,1,1,12,11,11) [ 2.0068 ]
76:(1,1,1,1,1,1,12,10,9) [ 2.8662 ]
77:(1,1,2,0,1,1,12,9,10) [ 3.7462 ]
78:(1,1,0,2,1,1,12,11,10) [ 2.0066 ]
79:(1,0,1,1,2,1,11,10,10) [ 1.7162000000000004 ]
80:(1,1,1,0,1,2,11,10,10) [ 2.7262000000000004 ]
81:(1,1,1,1,1,1,11,11,10) [ 2.8464 ]
82:(1,1,1,1,1,1,11,9,10) [ 2.826 ]
83:(1,1,0,2,1,1,11,11,11) [ 1.9666000000000001 ]
84:(1,1,1,1,1,1,11,10,9) [ 2.8360000000000003 ]
85:(1,1,2,0,1,1,11,9,10) [ 3.7260000000000004 ]
86:(1,1,0,2,1,1,11,11,10) [ 1.9664000000000001 ]
87:(1,0,1,1,2,1,10,10,10) [ 1.7060000000000004 ]
88:(1,1,1,0,1,2,10,10,10) [ 2.7060000000000004 ]
89:(1,1,1,1,1,1,9,10,10) [ 2.7758 ]
90:(1,1,1,1,1,1,10,11,10) [ 2.8162000000000003 ]
91:(1,1,1,1,1,1,10,9,10) [ 2.7958000000000003 ]
92:(1,1,0,2,1,1,10,11,11) [ 1.9264000000000001 ]
93:(1,1,1,1,1,1,10,10,9) [ 2.8058000000000005 ]
94:(1,1,2,0,1,1,10,9,10) [ 3.7058000000000004 ]
95:(1,1,0,2,1,1,10,11,10) [ 1.9262000000000001 ]
96:(1,0,1,1,2,1,9,10,10) [ 1.6958000000000004 ]
97:(1,1,1,0,1,2,9,10,10) [ 2.6858 ]
98:(-1,-1,-1,-1,-1,-1,-1,-1,-1) [ 0.0 ]