(r,l,rl,g,ga,gbg,gd)
0:(50,2,0,50,0,0,0)
1:(50,2,1,50,0,0,0)
2:(49,2,2,50,0,0,0)
3:(49,2,1,49,1,1,0)
4:(49,2,0,48,2,2,0)
5:(49,2,1,48,2,2,0)
6:(49,2,0,47,3,3,0)
7:(48,2,1,47,3,3,0)
8:(48,2,2,47,3,3,0)
9:(48,2,1,46,4,4,0)
10:(48,2,0,45,5,5,0)
11:(47,2,1,45,5,5,0)
12:(46,2,2,45,5,5,0)
13:(46,2,1,44,6,6,0)
14:(46,2,0,43,7,7,0)
15:(46,2,1,43,7,7,0)
16:(45,2,2,43,7,7,0)
17:(45,2,1,42,8,8,0)
18:(45,2,0,41,9,9,0)
19:(45,2,1,41,9,9,0)
20:(45,2,0,40,10,10,0)
21:(45,2,1,40,10,10,0)
22:(44,2,2,40,10,10,0)
23:(44,2,3,40,10,10,0)
24:(44,2,2,39,11,11,0)
25:(44,2,1,38,12,12,0)
26:(44,2,2,38,12,12,0)
27:(44,2,1,37,13,13,0)
28:(44,2,2,37,13,13,0)
29:(44,2,1,36,14,14,0)
30:(44,2,0,35,15,15,0)
31:(44,2,1,35,15,15,0)
32:(44,2,0,34,16,16,0)
33:(44,2,1,34,16,16,0)
34:(44,2,2,34,16,16,0)
35:(44,2,1,33,17,17,0)
36:(44,2,0,32,18,18,0)
37:(43,2,1,32,18,18,0)
38:(43,2,2,32,18,18,0)
39:(43,2,1,31,19,19,0)
40:(43,2,0,30,20,20,0)
41:(43,2,1,30,20,20,0)
42:(43,2,2,30,20,20,0)
43:(43,2,1,29,21,21,0)
44:(42,2,2,29,21,21,0)
45:(42,2,1,28,22,22,0)
46:(41,2,2,28,22,22,0)
47:(40,2,3,28,22,22,0)
48:(40,2,2,27,23,23,0)
49:(40,2,1,26,24,24,0)
50:(40,2,0,25,25,25,0)
51:(39,2,1,25,25,25,0)
52:(39,2,0,24,26,26,0)
53:(38,2,1,24,26,26,0)
54:(38,2,2,24,26,26,0)
55:(38,2,3,24,26,26,0)
56:(38,2,2,23,27,27,0)
57:(38,2,3,23,27,27,0)
58:(38,2,2,22,28,28,0)
59:(38,2,1,21,29,29,0)
60:(38,2,0,20,30,30,0)
61:(37,2,1,20,30,30,0)
62:(37,2,2,20,30,30,0)
63:(37,2,1,19,31,31,0)
64:(37,2,2,19,31,31,0)
65:(37,2,1,18,32,32,0)
66:(36,2,2,18,32,32,0)
67:(36,2,1,17,33,33,0)
68:(36,2,0,16,34,34,0)
69:(35,2,1,16,34,34,0)
70:(35,2,0,15,35,35,0)
71:(34,2,1,15,35,35,0)
72:(33,2,2,15,35,35,0)
73:(33,2,1,14,36,36,0)
74:(33,2,0,13,37,37,0)
75:(33,2,1,13,37,37,0)
76:(33,2,0,12,38,38,0)
77:(32,2,1,12,38,38,0)
78:(32,2,0,11,39,39,0)
79:(32,2,1,11,39,39,0)
80:(32,2,0,10,40,40,0)
81:(31,2,1,10,40,40,0)
82:(31,2,0,9,41,41,0)
83:(31,2,1,9,41,41,0)
84:(31,2,0,8,42,42,0)
85:(31,2,1,8,42,42,0)
86:(30,2,2,8,42,42,0)
87:(30,2,1,7,43,43,0)
88:(30,2,0,6,44,44,0)
89:(29,2,1,6,44,44,0)
90:(29,2,0,5,45,45,0)
91:(28,2,1,5,45,45,0)
92:(28,2,0,4,46,46,0)
93:(27,2,1,4,46,46,0)
94:(27,2,0,3,47,47,0)
95:(27,2,1,3,47,47,0)
96:(27,2,2,3,47,47,0)
97:(27,2,3,3,47,47,0)
98:(27,2,2,2,48,48,0)
99:(27,2,1,1,49,49,0)
100:(27,2,0,0,50,50,0)
101:(51,2,0,50,0,0,0)
102:(51,2,1,50,0,0,0)
103:(50,2,2,50,0,0,0)
104:(50,2,1,49,1,1,0)
105:(50,2,0,48,2,2,0)
106:(50,2,1,48,2,2,0)
107:(50,2,0,47,3,3,0)
108:(49,2,1,47,3,3,0)
109:(49,2,2,47,3,3,0)
110:(49,2,1,46,4,4,0)
111:(49,2,0,45,5,5,0)
112:(48,2,1,45,5,5,0)
113:(47,2,2,45,5,5,0)
114:(47,2,1,44,6,6,0)
115:(47,2,0,43,7,7,0)
116:(47,2,1,43,7,7,0)
117:(46,2,2,43,7,7,0)
118:(46,2,1,42,8,8,0)
119:(46,2,0,41,9,9,0)
120:(46,2,1,41,9,9,0)
121:(46,2,0,40,10,10,0)
122:(46,2,1,40,10,10,0)
123:(45,2,2,40,10,10,0)
124:(45,2,3,40,10,10,0)
125:(45,2,2,39,11,11,0)
126:(45,2,1,38,12,12,0)
127:(45,2,2,38,12,12,0)
128:(45,2,1,37,13,13,0)
129:(45,2,2,37,13,13,0)
130:(45,2,1,36,14,14,0)
131:(45,2,0,35,15,15,0)
132:(45,2,1,35,15,15,0)
133:(45,2,0,34,16,16,0)
134:(45,2,1,34,16,16,0)
135:(45,2,2,34,16,16,0)
136:(45,2,1,33,17,17,0)
137:(45,2,0,32,18,18,0)
138:(44,2,1,32,18,18,0)
139:(44,2,2,32,18,18,0)
140:(44,2,1,31,19,19,0)
141:(44,2,0,30,20,20,0)
142:(44,2,1,30,20,20,0)
143:(44,2,2,30,20,20,0)
144:(44,2,1,29,21,21,0)
145:(43,2,2,29,21,21,0)
146:(43,2,1,28,22,22,0)
147:(42,2,2,28,22,22,0)
148:(41,2,3,28,22,22,0)
149:(41,2,2,27,23,23,0)
150:(41,2,1,26,24,24,0)
151:(41,2,0,25,25,25,0)
152:(40,2,1,25,25,25,0)
153:(40,2,0,24,26,26,0)
154:(39,2,1,24,26,26,0)
155:(39,2,2,24,26,26,0)
156:(39,2,3,24,26,26,0)
157:(39,2,2,23,27,27,0)
158:(39,2,3,23,27,27,0)
159:(39,2,2,22,28,28,0)
160:(39,2,1,21,29,29,0)
161:(39,2,0,20,30,30,0)
162:(38,2,1,20,30,30,0)
163:(38,2,2,20,30,30,0)
164:(38,2,1,19,31,31,0)
165:(38,2,2,19,31,31,0)
166:(38,2,1,18,32,32,0)
167:(37,2,2,18,32,32,0)
168:(37,2,1,17,33,33,0)
169:(37,2,0,16,34,34,0)
170:(36,2,1,16,34,34,0)
171:(36,2,0,15,35,35,0)
172:(35,2,1,15,35,35,0)
173:(34,2,2,15,35,35,0)
174:(34,2,1,14,36,36,0)
175:(34,2,0,13,37,37,0)
176:(34,2,1,13,37,37,0)
177:(34,2,0,12,38,38,0)
178:(33,2,1,12,38,38,0)
179:(33,2,0,11,39,39,0)
180:(33,2,1,11,39,39,0)
181:(33,2,0,10,40,40,0)
182:(32,2,1,10,40,40,0)
183:(32,2,0,9,41,41,0)
184:(32,2,1,9,41,41,0)
185:(32,2,0,8,42,42,0)
186:(32,2,1,8,42,42,0)
187:(31,2,2,8,42,42,0)
188:(31,2,1,7,43,43,0)
189:(31,2,0,6,44,44,0)
190:(30,2,1,6,44,44,0)
191:(30,2,0,5,45,45,0)
192:(29,2,1,5,45,45,0)
193:(29,2,0,4,46,46,0)
194:(28,2,1,4,46,46,0)
195:(28,2,0,3,47,47,0)
196:(28,2,1,3,47,47,0)
197:(28,2,2,3,47,47,0)
198:(28,2,3,3,47,47,0)
199:(28,2,2,2,48,48,0)
200:(28,2,1,1,49,49,0)
201:(28,2,0,0,50,50,0)
202:(49,2,0,50,0,0,0)
203:(49,2,1,50,0,0,0)
204:(48,2,2,50,0,0,0)
205:(48,2,1,49,1,1,0)
206:(48,2,0,48,2,2,0)
207:(48,2,1,48,2,2,0)
208:(48,2,0,47,3,3,0)
209:(47,2,1,47,3,3,0)
210:(47,2,2,47,3,3,0)
211:(47,2,1,46,4,4,0)
212:(47,2,0,45,5,5,0)
213:(46,2,1,45,5,5,0)
214:(45,2,2,45,5,5,0)
215:(45,2,1,44,6,6,0)
216:(45,2,0,43,7,7,0)
217:(45,2,1,43,7,7,0)
218:(44,2,2,43,7,7,0)
219:(44,2,1,42,8,8,0)
220:(44,2,0,41,9,9,0)
221:(44,2,1,41,9,9,0)
222:(44,2,0,40,10,10,0)
223:(44,2,1,40,10,10,0)
224:(43,2,2,40,10,10,0)
225:(43,2,3,40,10,10,0)
226:(43,2,2,39,11,11,0)
227:(43,2,1,38,12,12,0)
228:(43,2,2,38,12,12,0)
229:(43,2,1,37,13,13,0)
230:(43,2,2,37,13,13,0)
231:(43,2,1,36,14,14,0)
232:(43,2,0,35,15,15,0)
233:(43,2,1,35,15,15,0)
234:(43,2,0,34,16,16,0)
235:(43,2,1,34,16,16,0)
236:(43,2,2,34,16,16,0)
237:(43,2,1,33,17,17,0)
238:(43,2,0,32,18,18,0)
239:(42,2,1,32,18,18,0)
240:(42,2,2,32,18,18,0)
241:(42,2,1,31,19,19,0)
242:(42,2,0,30,20,20,0)
243:(42,2,1,30,20,20,0)
244:(42,2,2,30,20,20,0)
245:(42,2,1,29,21,21,0)
246:(41,2,2,29,21,21,0)
247:(41,2,1,28,22,22,0)
248:(40,2,2,28,22,22,0)
249:(39,2,3,28,22,22,0)
250:(39,2,2,27,23,23,0)
251:(39,2,1,26,24,24,0)
252:(39,2,0,25,25,25,0)
253:(38,2,1,25,25,25,0)
254:(38,2,0,24,26,26,0)
255:(37,2,1,24,26,26,0)
256:(37,2,2,24,26,26,0)
257:(37,2,3,24,26,26,0)
258:(37,2,2,23,27,27,0)
259:(37,2,3,23,27,27,0)
260:(37,2,2,22,28,28,0)
261:(37,2,1,21,29,29,0)
262:(37,2,0,20,30,30,0)
263:(36,2,1,20,30,30,0)
264:(36,2,2,20,30,30,0)
265:(36,2,1,19,31,31,0)
266:(36,2,2,19,31,31,0)
267:(36,2,1,18,32,32,0)
268:(35,2,2,18,32,32,0)
269:(35,2,1,17,33,33,0)
270:(35,2,0,16,34,34,0)
271:(34,2,1,16,34,34,0)
272:(34,2,0,15,35,35,0)
273:(33,2,1,15,35,35,0)
274:(32,2,2,15,35,35,0)
275:(32,2,1,14,36,36,0)
276:(32,2,0,13,37,37,0)
277:(32,2,1,13,37,37,0)
278:(32,2,0,12,38,38,0)
279:(31,2,1,12,38,38,0)
280:(31,2,0,11,39,39,0)
281:(31,2,1,11,39,39,0)
282:(31,2,0,10,40,40,0)
283:(30,2,1,10,40,40,0)
284:(30,2,0,9,41,41,0)
285:(30,2,1,9,41,41,0)
286:(30,2,0,8,42,42,0)
287:(30,2,1,8,42,42,0)
288:(29,2,2,8,42,42,0)
289:(29,2,1,7,43,43,0)
290:(29,2,0,6,44,44,0)
291:(28,2,1,6,44,44,0)
292:(28,2,0,5,45,45,0)
293:(27,2,1,5,45,45,0)
294:(27,2,0,4,46,46,0)
295:(26,2,1,4,46,46,0)
296:(26,2,0,3,47,47,0)
297:(26,2,1,3,47,47,0)
298:(26,2,2,3,47,47,0)
299:(26,2,3,3,47,47,0)
300:(26,2,2,2,48,48,0)
301:(26,2,1,1,49,49,0)
302:(26,2,0,0,50,50,0)
303:(48,2,3,50,0,0,0)
304:(48,2,2,49,1,1,0)
305:(48,2,2,48,2,2,0)
306:(47,2,3,47,3,3,0)
307:(47,2,2,46,4,4,0)
308:(45,2,3,45,5,5,0)
309:(45,2,2,44,6,6,0)
310:(44,2,3,43,7,7,0)
311:(44,2,2,42,8,8,0)
312:(44,2,2,41,9,9,0)
313:(43,2,4,40,10,10,0)
314:(43,2,3,39,11,11,0)
315:(43,2,3,38,12,12,0)
316:(43,2,3,37,13,13,0)
317:(43,2,2,36,14,14,0)
318:(43,2,2,35,15,15,0)
319:(43,2,3,34,16,16,0)
320:(43,2,2,33,17,17,0)
321:(42,2,3,32,18,18,0)
322:(42,2,2,31,19,19,0)
323:(42,2,3,30,20,20,0)
324:(41,2,3,29,21,21,0)
325:(39,2,4,28,22,22,0)
326:(39,2,3,27,23,23,0)
327:(39,2,2,26,24,24,0)
328:(38,2,2,25,25,25,0)
329:(37,2,4,24,26,26,0)
330:(37,2,4,23,27,27,0)
331:(37,2,3,22,28,28,0)
332:(37,2,2,21,29,29,0)
333:(36,2,3,20,30,30,0)
334:(36,2,3,19,31,31,0)
335:(35,2,3,18,32,32,0)
336:(35,2,2,17,33,33,0)
337:(34,2,2,16,34,34,0)
338:(32,2,3,15,35,35,0)
339:(32,2,2,14,36,36,0)
340:(32,2,2,13,37,37,0)
341:(31,2,2,12,38,38,0)
342:(31,2,2,11,39,39,0)
343:(30,2,2,10,40,40,0)
344:(30,2,2,9,41,41,0)
345:(29,2,3,8,42,42,0)
346:(29,2,2,7,43,43,0)
347:(28,2,2,6,44,44,0)
348:(27,2,2,5,45,45,0)
349:(26,2,2,4,46,46,0)
350:(26,2,4,3,47,47,0)
351:(26,2,3,2,48,48,0)
352:(26,2,2,1,49,49,0)
353:(26,2,1,0,50,50,0)
354:(49,2,3,50,0,0,0)
355:(49,2,2,49,1,1,0)
356:(49,2,2,48,2,2,0)
357:(48,2,3,47,3,3,0)
358:(48,2,2,46,4,4,0)
359:(46,2,3,45,5,5,0)
360:(46,2,2,44,6,6,0)
361:(45,2,3,43,7,7,0)
362:(45,2,2,42,8,8,0)
363:(45,2,2,41,9,9,0)
364:(44,2,4,40,10,10,0)
365:(44,2,3,39,11,11,0)
366:(44,2,3,38,12,12,0)
367:(44,2,3,37,13,13,0)
368:(44,2,2,36,14,14,0)
369:(44,2,2,35,15,15,0)
370:(44,2,3,34,16,16,0)
371:(44,2,2,33,17,17,0)
372:(43,2,3,32,18,18,0)
373:(43,2,2,31,19,19,0)
374:(43,2,3,30,20,20,0)
375:(42,2,3,29,21,21,0)
376:(40,2,4,28,22,22,0)
377:(40,2,3,27,23,23,0)
378:(40,2,2,26,24,24,0)
379:(39,2,2,25,25,25,0)
380:(38,2,4,24,26,26,0)
381:(38,2,4,23,27,27,0)
382:(38,2,3,22,28,28,0)
383:(38,2,2,21,29,29,0)
384:(37,2,3,20,30,30,0)
385:(37,2,3,19,31,31,0)
386:(36,2,3,18,32,32,0)
387:(36,2,2,17,33,33,0)
388:(35,2,2,16,34,34,0)
389:(33,2,3,15,35,35,0)
390:(33,2,2,14,36,36,0)
391:(33,2,2,13,37,37,0)
392:(32,2,2,12,38,38,0)
393:(32,2,2,11,39,39,0)
394:(31,2,2,10,40,40,0)
395:(31,2,2,9,41,41,0)
396:(30,2,3,8,42,42,0)
397:(30,2,2,7,43,43,0)
398:(29,2,2,6,44,44,0)
399:(28,2,2,5,45,45,0)
400:(27,2,2,4,46,46,0)
401:(27,2,4,3,47,47,0)
402:(27,2,3,2,48,48,0)
403:(27,2,2,1,49,49,0)
404:(27,2,1,0,50,50,0)
405:(51,2,2,50,0,0,0)
406:(50,2,3,50,0,0,0)
407:(50,2,2,49,1,1,0)
408:(50,2,2,48,2,2,0)
409:(50,2,1,47,3,3,0)
410:(49,2,3,47,3,3,0)
411:(49,2,2,46,4,4,0)
412:(49,2,1,45,5,5,0)
413:(48,2,2,45,5,5,0)
414:(47,2,3,45,5,5,0)
415:(47,2,2,44,6,6,0)
416:(47,2,2,43,7,7,0)
417:(46,2,3,43,7,7,0)
418:(46,2,2,42,8,8,0)
419:(46,2,2,41,9,9,0)
420:(46,2,2,40,10,10,0)
421:(45,2,4,40,10,10,0)
422:(45,2,3,39,11,11,0)
423:(45,2,3,38,12,12,0)
424:(45,2,3,37,13,13,0)
425:(45,2,2,36,14,14,0)
426:(45,2,2,35,15,15,0)
427:(45,2,3,34,16,16,0)
428:(45,2,2,33,17,17,0)
429:(45,2,1,32,18,18,0)
430:(44,2,3,32,18,18,0)
431:(44,2,2,31,19,19,0)
432:(44,2,3,30,20,20,0)
433:(44,2,2,29,21,21,0)
434:(43,2,3,29,21,21,0)
435:(43,2,2,28,22,22,0)
436:(42,2,3,28,22,22,0)
437:(41,2,4,28,22,22,0)
438:(41,2,3,27,23,23,0)
439:(41,2,2,26,24,24,0)
440:(41,2,1,25,25,25,0)
441:(40,2,2,25,25,25,0)
442:(40,2,1,24,26,26,0)
443:(39,2,4,24,26,26,0)
444:(39,2,4,23,27,27,0)
445:(39,2,3,22,28,28,0)
446:(39,2,2,21,29,29,0)
447:(39,2,1,20,30,30,0)
448:(38,2,3,20,30,30,0)
449:(38,2,3,19,31,31,0)
450:(38,2,2,18,32,32,0)
451:(37,2,3,18,32,32,0)
452:(37,2,2,17,33,33,0)
453:(37,2,1,16,34,34,0)
454:(36,2,2,16,34,34,0)
455:(36,2,1,15,35,35,0)
456:(35,2,2,15,35,35,0)
457:(34,2,3,15,35,35,0)
458:(34,2,2,14,36,36,0)
459:(34,2,2,13,37,37,0)
460:(34,2,1,12,38,38,0)
461:(33,2,2,12,38,38,0)
462:(33,2,2,11,39,39,0)
463:(33,2,1,10,40,40,0)
464:(32,2,2,10,40,40,0)
465:(32,2,2,9,41,41,0)
466:(32,2,2,8,42,42,0)
467:(31,2,3,8,42,42,0)
468:(31,2,2,7,43,43,0)
469:(31,2,1,6,44,44,0)
470:(30,2,2,6,44,44,0)
471:(30,2,1,5,45,45,0)
472:(29,2,2,5,45,45,0)
473:(29,2,1,4,46,46,0)
474:(28,2,2,4,46,46,0)
475:(28,2,4,3,47,47,0)
476:(28,2,3,2,48,48,0)
477:(28,2,2,1,49,49,0)
478:(28,2,1,0,50,50,0)
479:(48,2,4,50,0,0,0)
480:(48,2,3,49,1,1,0)
481:(48,2,3,48,2,2,0)
482:(47,2,4,47,3,3,0)
483:(47,2,3,46,4,4,0)
484:(45,2,4,45,5,5,0)
485:(45,2,3,44,6,6,0)
486:(44,2,4,43,7,7,0)
487:(44,2,3,42,8,8,0)
488:(44,2,3,41,9,9,0)
489:(43,2,5,40,10,10,0)
490:(43,2,4,39,11,11,0)
491:(43,2,4,38,12,12,0)
492:(43,2,4,37,13,13,0)
493:(43,2,3,36,14,14,0)
494:(43,2,3,35,15,15,0)
495:(43,2,4,34,16,16,0)
496:(43,2,3,33,17,17,0)
497:(42,2,4,32,18,18,0)
498:(42,2,3,31,19,19,0)
499:(42,2,4,30,20,20,0)
500:(41,2,4,29,21,21,0)
501:(39,2,5,28,22,22,0)
502:(39,2,4,27,23,23,0)
503:(39,2,3,26,24,24,0)
504:(38,2,3,25,25,25,0)
505:(37,2,5,24,26,26,0)
506:(37,2,5,23,27,27,0)
507:(37,2,4,22,28,28,0)
508:(37,2,3,21,29,29,0)
509:(36,2,4,20,30,30,0)
510:(36,2,4,19,31,31,0)
511:(35,2,4,18,32,32,0)
512:(35,2,3,17,33,33,0)
513:(34,2,3,16,34,34,0)
514:(32,2,4,15,35,35,0)
515:(32,2,3,14,36,36,0)
516:(32,2,3,13,37,37,0)
517:(31,2,3,12,38,38,0)
518:(31,2,3,11,39,39,0)
519:(30,2,3,10,40,40,0)
520:(30,2,3,9,41,41,0)
521:(29,2,4,8,42,42,0)
522:(29,2,3,7,43,43,0)
523:(28,2,3,6,44,44,0)
524:(27,2,3,5,45,45,0)
525:(26,2,3,4,46,46,0)
526:(26,2,5,3,47,47,0)
527:(26,2,4,2,48,48,0)
528:(26,2,3,1,49,49,0)
529:(26,2,2,0,50,50,0)
530:(50,2,0,49,1,1,0)
531:(49,2,0,46,4,4,0)
532:(48,2,0,44,6,6,0)
533:(46,2,0,42,8,8,0)
534:(45,2,0,39,11,11,0)
535:(45,2,1,39,11,11,0)
536:(44,2,0,33,17,17,0)
537:(44,2,0,31,19,19,0)
538:(43,2,0,29,21,21,0)
539:(42,2,1,27,23,23,0)
540:(39,2,0,23,27,27,0)
541:(38,2,1,23,27,27,0)
542:(38,2,0,19,31,31,0)
543:(35,2,0,14,36,36,0)
544:(31,2,0,7,43,43,0)
545:(27,2,0,2,48,48,0)
546:(27,2,1,2,48,48,0)
547:(49,2,4,50,0,0,0)
548:(49,2,3,49,1,1,0)
549:(49,2,3,48,2,2,0)
550:(48,2,4,47,3,3,0)
551:(48,2,3,46,4,4,0)
552:(46,2,4,45,5,5,0)
553:(46,2,3,44,6,6,0)
554:(45,2,4,43,7,7,0)
555:(45,2,3,42,8,8,0)
556:(45,2,3,41,9,9,0)
557:(44,2,5,40,10,10,0)
558:(44,2,4,39,11,11,0)
559:(44,2,4,38,12,12,0)
560:(44,2,4,37,13,13,0)
561:(44,2,3,36,14,14,0)
562:(44,2,3,35,15,15,0)
563:(44,2,4,34,16,16,0)
564:(44,2,3,33,17,17,0)
565:(43,2,4,32,18,18,0)
566:(43,2,3,31,19,19,0)
567:(43,2,4,30,20,20,0)
568:(42,2,4,29,21,21,0)
569:(40,2,5,28,22,22,0)
570:(40,2,4,27,23,23,0)
571:(40,2,3,26,24,24,0)
572:(39,2,3,25,25,25,0)
573:(38,2,5,24,26,26,0)
574:(38,2,5,23,27,27,0)
575:(38,2,4,22,28,28,0)
576:(38,2,3,21,29,29,0)
577:(37,2,4,20,30,30,0)
578:(37,2,4,19,31,31,0)
579:(36,2,4,18,32,32,0)
580:(36,2,3,17,33,33,0)
581:(35,2,3,16,34,34,0)
582:(33,2,4,15,35,35,0)
583:(33,2,3,14,36,36,0)
584:(33,2,3,13,37,37,0)
585:(32,2,3,12,38,38,0)
586:(32,2,3,11,39,39,0)
587:(31,2,3,10,40,40,0)
588:(31,2,3,9,41,41,0)
589:(30,2,4,8,42,42,0)
590:(30,2,3,7,43,43,0)
591:(29,2,3,6,44,44,0)
592:(28,2,3,5,45,45,0)
593:(27,2,3,4,46,46,0)
594:(27,2,5,3,47,47,0)
595:(27,2,4,2,48,48,0)
596:(27,2,3,1,49,49,0)
597:(27,2,2,0,50,50,0)
598:(48,2,1,50,0,0,0)
599:(47,2,3,50,0,0,0)
600:(47,2,2,49,1,1,0)
601:(47,2,1,48,2,2,0)
602:(47,2,2,48,2,2,0)
603:(46,2,2,47,3,3,0)
604:(46,2,3,47,3,3,0)
605:(46,2,2,46,4,4,0)
606:(44,2,3,45,5,5,0)
607:(44,2,2,44,6,6,0)
608:(44,2,1,43,7,7,0)
609:(43,2,3,43,7,7,0)
610:(43,2,2,42,8,8,0)
611:(43,2,1,41,9,9,0)
612:(43,2,2,41,9,9,0)
613:(43,2,1,40,10,10,0)
614:(42,2,3,40,10,10,0)
615:(42,2,4,40,10,10,0)
616:(42,2,3,39,11,11,0)
617:(42,2,2,38,12,12,0)
618:(42,2,3,38,12,12,0)
619:(42,2,2,37,13,13,0)
620:(42,2,3,37,13,13,0)
621:(42,2,2,36,14,14,0)
622:(42,2,1,35,15,15,0)
623:(42,2,2,35,15,15,0)
624:(42,2,1,34,16,16,0)
625:(42,2,2,34,16,16,0)
626:(42,2,3,34,16,16,0)
627:(42,2,2,33,17,17,0)
628:(41,2,2,32,18,18,0)
629:(41,2,3,32,18,18,0)
630:(41,2,2,31,19,19,0)
631:(41,2,1,30,20,20,0)
632:(41,2,2,30,20,20,0)
633:(41,2,3,30,20,20,0)
634:(40,2,3,29,21,21,0)
635:(38,2,4,28,22,22,0)
636:(38,2,3,27,23,23,0)
637:(38,2,2,26,24,24,0)
638:(37,2,2,25,25,25,0)
639:(36,2,2,24,26,26,0)
640:(36,2,3,24,26,26,0)
641:(36,2,4,24,26,26,0)
642:(36,2,3,23,27,27,0)
643:(36,2,4,23,27,27,0)
644:(36,2,3,22,28,28,0)
645:(36,2,2,21,29,29,0)
646:(35,2,2,20,30,30,0)
647:(35,2,3,20,30,30,0)
648:(35,2,2,19,31,31,0)
649:(35,2,3,19,31,31,0)
650:(34,2,3,18,32,32,0)
651:(34,2,2,17,33,33,0)
652:(33,2,2,16,34,34,0)
653:(31,2,3,15,35,35,0)
654:(31,2,2,14,36,36,0)
655:(31,2,1,13,37,37,0)
656:(31,2,2,13,37,37,0)
657:(30,2,2,12,38,38,0)
658:(30,2,1,11,39,39,0)
659:(30,2,2,11,39,39,0)
660:(29,2,2,10,40,40,0)
661:(29,2,1,9,41,41,0)
662:(29,2,2,9,41,41,0)
663:(29,2,1,8,42,42,0)
664:(28,2,3,8,42,42,0)
665:(28,2,2,7,43,43,0)
666:(27,2,2,6,44,44,0)
667:(26,2,2,5,45,45,0)
668:(25,2,2,4,46,46,0)
669:(25,2,1,3,47,47,0)
670:(25,2,2,3,47,47,0)
671:(25,2,3,3,47,47,0)
672:(25,2,4,3,47,47,0)
673:(25,2,3,2,48,48,0)
674:(25,2,2,1,49,49,0)
675:(25,2,1,0,50,50,0)
676:(47,2,4,50,0,0,0)
677:(47,2,3,49,1,1,0)
678:(47,2,3,48,2,2,0)
679:(46,2,4,47,3,3,0)
680:(46,2,3,46,4,4,0)
681:(44,2,4,45,5,5,0)
682:(44,2,3,44,6,6,0)
683:(43,2,4,43,7,7,0)
684:(43,2,3,42,8,8,0)
685:(43,2,3,41,9,9,0)
686:(42,2,5,40,10,10,0)
687:(42,2,4,39,11,11,0)
688:(42,2,4,38,12,12,0)
689:(42,2,4,37,13,13,0)
690:(42,2,3,36,14,14,0)
691:(42,2,3,35,15,15,0)
692:(42,2,4,34,16,16,0)
693:(42,2,3,33,17,17,0)
694:(41,2,4,32,18,18,0)
695:(41,2,3,31,19,19,0)
696:(41,2,4,30,20,20,0)
697:(40,2,4,29,21,21,0)
698:(38,2,5,28,22,22,0)
699:(38,2,4,27,23,23,0)
700:(38,2,3,26,24,24,0)
701:(37,2,3,25,25,25,0)
702:(36,2,5,24,26,26,0)
703:(36,2,5,23,27,27,0)
704:(36,2,4,22,28,28,0)
705:(36,2,3,21,29,29,0)
706:(35,2,4,20,30,30,0)
707:(35,2,4,19,31,31,0)
708:(34,2,4,18,32,32,0)
709:(34,2,3,17,33,33,0)
710:(33,2,3,16,34,34,0)
711:(31,2,4,15,35,35,0)
712:(31,2,3,14,36,36,0)
713:(31,2,3,13,37,37,0)
714:(30,2,3,12,38,38,0)
715:(30,2,3,11,39,39,0)
716:(29,2,3,10,40,40,0)
717:(29,2,3,9,41,41,0)
718:(28,2,4,8,42,42,0)
719:(28,2,3,7,43,43,0)
720:(27,2,3,6,44,44,0)
721:(26,2,3,5,45,45,0)
722:(25,2,3,4,46,46,0)
723:(25,2,5,3,47,47,0)
724:(25,2,4,2,48,48,0)
725:(25,2,3,1,49,49,0)
726:(25,2,2,0,50,50,0)
727:(49,2,0,49,1,1,0)
728:(48,2,0,46,4,4,0)
729:(47,2,0,44,6,6,0)
730:(45,2,0,42,8,8,0)
731:(44,2,0,39,11,11,0)
732:(44,2,1,39,11,11,0)
733:(43,2,0,33,17,17,0)
734:(43,2,0,31,19,19,0)
735:(42,2,0,29,21,21,0)
736:(41,2,1,27,23,23,0)
737:(38,2,0,23,27,27,0)
738:(37,2,1,23,27,27,0)
739:(37,2,0,19,31,31,0)
740:(34,2,0,14,36,36,0)
741:(30,2,0,7,43,43,0)
742:(26,2,0,2,48,48,0)
743:(26,2,1,2,48,48,0)
744:(48,2,0,50,0,0,0)
745:(47,2,2,50,0,0,0)
746:(47,2,1,49,1,1,0)
747:(47,2,0,48,2,2,0)
748:(47,2,0,47,3,3,0)
749:(46,2,1,47,3,3,0)
750:(46,2,1,46,4,4,0)
751:(46,2,0,45,5,5,0)
752:(45,2,1,45,5,5,0)
753:(44,2,2,45,5,5,0)
754:(44,2,1,44,6,6,0)
755:(44,2,0,43,7,7,0)
756:(43,2,2,43,7,7,0)
757:(43,2,1,42,8,8,0)
758:(43,2,0,41,9,9,0)
759:(43,2,0,40,10,10,0)
760:(42,2,2,40,10,10,0)
761:(42,2,2,39,11,11,0)
762:(42,2,1,38,12,12,0)
763:(42,2,1,37,13,13,0)
764:(42,2,1,36,14,14,0)
765:(42,2,0,35,15,15,0)
766:(42,2,0,34,16,16,0)
767:(42,2,1,33,17,17,0)
768:(42,2,0,32,18,18,0)
769:(41,2,1,32,18,18,0)
770:(41,2,1,31,19,19,0)
771:(41,2,0,30,20,20,0)
772:(41,2,1,29,21,21,0)
773:(40,2,2,29,21,21,0)
774:(40,2,1,28,22,22,0)
775:(39,2,2,28,22,22,0)
776:(38,2,3,28,22,22,0)
777:(38,2,2,27,23,23,0)
778:(38,2,1,26,24,24,0)
779:(38,2,0,25,25,25,0)
780:(37,2,1,25,25,25,0)
781:(37,2,0,24,26,26,0)
782:(36,2,1,24,26,26,0)
783:(36,2,2,23,27,27,0)
784:(36,2,2,22,28,28,0)
785:(36,2,1,21,29,29,0)
786:(36,2,0,20,30,30,0)
787:(35,2,1,20,30,30,0)
788:(35,2,1,19,31,31,0)
789:(35,2,1,18,32,32,0)
790:(34,2,2,18,32,32,0)
791:(34,2,1,17,33,33,0)
792:(34,2,0,16,34,34,0)
793:(33,2,1,16,34,34,0)
794:(33,2,0,15,35,35,0)
795:(32,2,1,15,35,35,0)
796:(31,2,2,15,35,35,0)
797:(31,2,1,14,36,36,0)
798:(31,2,0,13,37,37,0)
799:(31,2,0,12,38,38,0)
800:(30,2,1,12,38,38,0)
801:(30,2,0,11,39,39,0)
802:(30,2,0,10,40,40,0)
803:(29,2,1,10,40,40,0)
804:(29,2,0,9,41,41,0)
805:(29,2,0,8,42,42,0)
806:(28,2,2,8,42,42,0)
807:(28,2,1,7,43,43,0)
808:(28,2,0,6,44,44,0)
809:(27,2,1,6,44,44,0)
810:(27,2,0,5,45,45,0)
811:(26,2,1,5,45,45,0)
812:(26,2,0,4,46,46,0)
813:(25,2,1,4,46,46,0)
814:(25,2,0,3,47,47,0)
815:(25,2,2,2,48,48,0)
816:(25,2,1,1,49,49,0)
817:(25,2,0,0,50,50,0)
818:(52,2,0,50,0,0,0)
819:(52,2,1,50,0,0,0)
820:(51,2,1,49,1,1,0)
821:(51,2,0,48,2,2,0)
822:(51,2,1,48,2,2,0)
823:(51,2,0,47,3,3,0)
824:(50,2,2,47,3,3,0)
825:(50,2,1,46,4,4,0)
826:(50,2,0,45,5,5,0)
827:(48,2,1,44,6,6,0)
828:(48,2,0,43,7,7,0)
829:(48,2,1,43,7,7,0)
830:(47,2,1,42,8,8,0)
831:(47,2,0,41,9,9,0)
832:(47,2,1,41,9,9,0)
833:(47,2,0,40,10,10,0)
834:(47,2,1,40,10,10,0)
835:(46,2,3,40,10,10,0)
836:(46,2,2,39,11,11,0)
837:(46,2,1,38,12,12,0)
838:(46,2,2,38,12,12,0)
839:(46,2,1,37,13,13,0)
840:(46,2,2,37,13,13,0)
841:(46,2,1,36,14,14,0)
842:(46,2,0,35,15,15,0)
843:(46,2,1,35,15,15,0)
844:(46,2,0,34,16,16,0)
845:(46,2,1,34,16,16,0)
846:(46,2,2,34,16,16,0)
847:(46,2,1,33,17,17,0)
848:(46,2,0,32,18,18,0)
849:(45,2,2,32,18,18,0)
850:(45,2,1,31,19,19,0)
851:(45,2,0,30,20,20,0)
852:(45,2,1,30,20,20,0)
853:(45,2,2,30,20,20,0)
854:(45,2,1,29,21,21,0)
855:(44,2,1,28,22,22,0)
856:(42,2,2,27,23,23,0)
857:(42,2,1,26,24,24,0)
858:(42,2,0,25,25,25,0)
859:(41,2,0,24,26,26,0)
860:(40,2,2,24,26,26,0)
861:(40,2,3,24,26,26,0)
862:(40,2,2,23,27,27,0)
863:(40,2,3,23,27,27,0)
864:(40,2,2,22,28,28,0)
865:(40,2,1,21,29,29,0)
866:(40,2,0,20,30,30,0)
867:(39,2,2,20,30,30,0)
868:(39,2,1,19,31,31,0)
869:(39,2,2,19,31,31,0)
870:(39,2,1,18,32,32,0)
871:(38,2,1,17,33,33,0)
872:(38,2,0,16,34,34,0)
873:(37,2,0,15,35,35,0)
874:(35,2,1,14,36,36,0)
875:(35,2,0,13,37,37,0)
876:(35,2,1,13,37,37,0)
877:(35,2,0,12,38,38,0)
878:(34,2,0,11,39,39,0)
879:(34,2,1,11,39,39,0)
880:(34,2,0,10,40,40,0)
881:(33,2,0,9,41,41,0)
882:(33,2,1,9,41,41,0)
883:(33,2,0,8,42,42,0)
884:(33,2,1,8,42,42,0)
885:(32,2,1,7,43,43,0)
886:(32,2,0,6,44,44,0)
887:(31,2,0,5,45,45,0)
888:(30,2,0,4,46,46,0)
889:(29,2,0,3,47,47,0)
890:(29,2,1,3,47,47,0)
891:(29,2,2,3,47,47,0)
892:(29,2,3,3,47,47,0)
893:(29,2,2,2,48,48,0)
894:(29,2,1,1,49,49,0)
895:(29,2,0,0,50,50,0)
896:(-1,-1,-1,-1,-1,-1,-1)