(r,l,rl,g,ga,gbg,gd)
0:(50,2,0,50,0,0,0)
1:(50,2,1,50,0,0,0)
2:(49,2,2,50,0,0,0)
3:(49,2,1,49,1,1,0)
4:(49,2,0,48,2,2,0)
5:(49,2,1,48,2,2,0)
6:(49,2,0,47,3,3,0)
7:(48,2,1,47,3,3,0)
8:(48,2,2,47,3,3,0)
9:(48,2,1,46,4,4,0)
10:(48,2,0,45,5,5,0)
11:(47,2,1,45,5,5,0)
12:(46,2,2,45,5,5,0)
13:(46,2,1,44,6,6,0)
14:(46,2,0,43,7,7,0)
15:(46,2,1,43,7,7,0)
16:(45,2,2,43,7,7,0)
17:(45,2,1,42,8,8,0)
18:(45,2,0,41,9,9,0)
19:(45,2,1,41,9,9,0)
20:(45,2,0,40,10,10,0)
21:(45,2,1,40,10,10,0)
22:(44,2,2,40,10,10,0)
23:(44,2,3,40,10,10,0)
24:(44,2,2,39,11,11,0)
25:(44,2,1,38,12,12,0)
26:(44,2,2,38,12,12,0)
27:(44,2,1,37,13,13,0)
28:(44,2,2,37,13,13,0)
29:(44,2,1,36,14,14,0)
30:(44,2,0,35,15,15,0)
31:(44,2,1,35,15,15,0)
32:(44,2,0,34,16,16,0)
33:(44,2,1,34,16,16,0)
34:(44,2,2,34,16,16,0)
35:(44,2,1,33,17,17,0)
36:(44,2,0,32,18,18,0)
37:(43,2,1,32,18,18,0)
38:(43,2,2,32,18,18,0)
39:(43,2,1,31,19,19,0)
40:(43,2,0,30,20,20,0)
41:(43,2,1,30,20,20,0)
42:(43,2,2,30,20,20,0)
43:(43,2,1,29,21,21,0)
44:(42,2,2,29,21,21,0)
45:(42,2,1,28,22,22,0)
46:(41,2,2,28,22,22,0)
47:(40,2,3,28,22,22,0)
48:(40,2,2,27,23,23,0)
49:(40,2,1,26,24,24,0)
50:(40,2,0,25,25,25,0)
51:(39,2,1,25,25,25,0)
52:(39,2,0,24,26,26,0)
53:(38,2,1,24,26,26,0)
54:(38,2,2,24,26,26,0)
55:(38,2,3,24,26,26,0)
56:(38,2,2,23,27,27,0)
57:(38,2,3,23,27,27,0)
58:(38,2,2,22,28,28,0)
59:(38,2,1,21,29,29,0)
60:(38,2,0,20,30,30,0)
61:(37,2,1,20,30,30,0)
62:(37,2,2,20,30,30,0)
63:(37,2,1,19,31,31,0)
64:(37,2,2,19,31,31,0)
65:(37,2,1,18,32,32,0)
66:(36,2,2,18,32,32,0)
67:(36,2,1,17,33,33,0)
68:(36,2,0,16,34,34,0)
69:(35,2,1,16,34,34,0)
70:(35,2,0,15,35,35,0)
71:(34,2,1,15,35,35,0)
72:(33,2,2,15,35,35,0)
73:(33,2,1,14,36,36,0)
74:(33,2,0,13,37,37,0)
75:(33,2,1,13,37,37,0)
76:(33,2,0,12,38,38,0)
77:(32,2,1,12,38,38,0)
78:(32,2,0,11,39,39,0)
79:(32,2,1,11,39,39,0)
80:(32,2,0,10,40,40,0)
81:(31,2,1,10,40,40,0)
82:(31,2,0,9,41,41,0)
83:(31,2,1,9,41,41,0)
84:(31,2,0,8,42,42,0)
85:(31,2,1,8,42,42,0)
86:(30,2,2,8,42,42,0)
87:(30,2,1,7,43,43,0)
88:(30,2,0,6,44,44,0)
89:(29,2,1,6,44,44,0)
90:(29,2,0,5,45,45,0)
91:(28,2,1,5,45,45,0)
92:(28,2,0,4,46,46,0)
93:(27,2,1,4,46,46,0)
94:(27,2,0,3,47,47,0)
95:(27,2,1,3,47,47,0)
96:(27,2,2,3,47,47,0)
97:(27,2,3,3,47,47,0)
98:(27,2,2,2,48,48,0)
99:(27,2,1,1,49,49,0)
100:(27,2,0,0,50,50,0)
101:(51,2,0,50,0,0,0)
102:(51,2,1,50,0,0,0)
103:(50,2,2,50,0,0,0)
104:(50,2,1,49,1,1,0)
105:(50,2,0,48,2,2,0)
106:(50,2,1,48,2,2,0)
107:(50,2,0,47,3,3,0)
108:(49,2,1,47,3,3,0)
109:(49,2,2,47,3,3,0)
110:(49,2,1,46,4,4,0)
111:(49,2,0,45,5,5,0)
112:(48,2,1,45,5,5,0)
113:(47,2,2,45,5,5,0)
114:(47,2,1,44,6,6,0)
115:(47,2,0,43,7,7,0)
116:(47,2,1,43,7,7,0)
117:(46,2,2,43,7,7,0)
118:(46,2,1,42,8,8,0)
119:(46,2,0,41,9,9,0)
120:(46,2,1,41,9,9,0)
121:(46,2,0,40,10,10,0)
122:(46,2,1,40,10,10,0)
123:(45,2,2,40,10,10,0)
124:(45,2,3,40,10,10,0)
125:(45,2,2,39,11,11,0)
126:(45,2,1,38,12,12,0)
127:(45,2,2,38,12,12,0)
128:(45,2,1,37,13,13,0)
129:(45,2,2,37,13,13,0)
130:(45,2,1,36,14,14,0)
131:(45,2,0,35,15,15,0)
132:(45,2,1,35,15,15,0)
133:(45,2,0,34,16,16,0)
134:(45,2,1,34,16,16,0)
135:(45,2,2,34,16,16,0)
136:(45,2,1,33,17,17,0)
137:(45,2,0,32,18,18,0)
138:(44,2,1,32,18,18,0)
139:(44,2,2,32,18,18,0)
140:(44,2,1,31,19,19,0)
141:(44,2,0,30,20,20,0)
142:(44,2,1,30,20,20,0)
143:(44,2,2,30,20,20,0)
144:(44,2,1,29,21,21,0)
145:(43,2,2,29,21,21,0)
146:(43,2,1,28,22,22,0)
147:(42,2,2,28,22,22,0)
148:(41,2,3,28,22,22,0)
149:(41,2,2,27,23,23,0)
150:(41,2,1,26,24,24,0)
151:(41,2,0,25,25,25,0)
152:(40,2,1,25,25,25,0)
153:(40,2,0,24,26,26,0)
154:(39,2,1,24,26,26,0)
155:(39,2,2,24,26,26,0)
156:(39,2,3,24,26,26,0)
157:(39,2,2,23,27,27,0)
158:(39,2,3,23,27,27,0)
159:(39,2,2,22,28,28,0)
160:(39,2,1,21,29,29,0)
161:(39,2,0,20,30,30,0)
162:(38,2,1,20,30,30,0)
163:(38,2,2,20,30,30,0)
164:(38,2,1,19,31,31,0)
165:(38,2,2,19,31,31,0)
166:(38,2,1,18,32,32,0)
167:(37,2,2,18,32,32,0)
168:(37,2,1,17,33,33,0)
169:(37,2,0,16,34,34,0)
170:(36,2,1,16,34,34,0)
171:(36,2,0,15,35,35,0)
172:(35,2,1,15,35,35,0)
173:(34,2,2,15,35,35,0)
174:(34,2,1,14,36,36,0)
175:(34,2,0,13,37,37,0)
176:(34,2,1,13,37,37,0)
177:(34,2,0,12,38,38,0)
178:(33,2,1,12,38,38,0)
179:(33,2,0,11,39,39,0)
180:(33,2,1,11,39,39,0)
181:(33,2,0,10,40,40,0)
182:(32,2,1,10,40,40,0)
183:(32,2,0,9,41,41,0)
184:(32,2,1,9,41,41,0)
185:(32,2,0,8,42,42,0)
186:(32,2,1,8,42,42,0)
187:(31,2,2,8,42,42,0)
188:(31,2,1,7,43,43,0)
189:(31,2,0,6,44,44,0)
190:(30,2,1,6,44,44,0)
191:(30,2,0,5,45,45,0)
192:(29,2,1,5,45,45,0)
193:(29,2,0,4,46,46,0)
194:(28,2,1,4,46,46,0)
195:(28,2,0,3,47,47,0)
196:(28,2,1,3,47,47,0)
197:(28,2,2,3,47,47,0)
198:(28,2,3,3,47,47,0)
199:(28,2,2,2,48,48,0)
200:(28,2,1,1,49,49,0)
201:(28,2,0,0,50,50,0)
202:(49,2,0,50,0,0,0)
203:(49,2,1,50,0,0,0)
204:(48,2,2,50,0,0,0)
205:(48,2,1,49,1,1,0)
206:(48,2,0,48,2,2,0)
207:(48,2,1,48,2,2,0)
208:(48,2,0,47,3,3,0)
209:(47,2,1,47,3,3,0)
210:(47,2,2,47,3,3,0)
211:(47,2,1,46,4,4,0)
212:(47,2,0,45,5,5,0)
213:(46,2,1,45,5,5,0)
214:(45,2,2,45,5,5,0)
215:(45,2,1,44,6,6,0)
216:(45,2,0,43,7,7,0)
217:(45,2,1,43,7,7,0)
218:(44,2,2,43,7,7,0)
219:(44,2,1,42,8,8,0)
220:(44,2,0,41,9,9,0)
221:(44,2,1,41,9,9,0)
222:(44,2,0,40,10,10,0)
223:(44,2,1,40,10,10,0)
224:(43,2,2,40,10,10,0)
225:(43,2,3,40,10,10,0)
226:(43,2,2,39,11,11,0)
227:(43,2,1,38,12,12,0)
228:(43,2,2,38,12,12,0)
229:(43,2,1,37,13,13,0)
230:(43,2,2,37,13,13,0)
231:(43,2,1,36,14,14,0)
232:(43,2,0,35,15,15,0)
233:(43,2,1,35,15,15,0)
234:(43,2,0,34,16,16,0)
235:(43,2,1,34,16,16,0)
236:(43,2,2,34,16,16,0)
237:(43,2,1,33,17,17,0)
238:(43,2,0,32,18,18,0)
239:(42,2,1,32,18,18,0)
240:(42,2,2,32,18,18,0)
241:(42,2,1,31,19,19,0)
242:(42,2,0,30,20,20,0)
243:(42,2,1,30,20,20,0)
244:(42,2,2,30,20,20,0)
245:(42,2,1,29,21,21,0)
246:(41,2,2,29,21,21,0)
247:(41,2,1,28,22,22,0)
248:(40,2,2,28,22,22,0)
249:(39,2,3,28,22,22,0)
250:(39,2,2,27,23,23,0)
251:(39,2,1,26,24,24,0)
252:(39,2,0,25,25,25,0)
253:(38,2,1,25,25,25,0)
254:(38,2,0,24,26,26,0)
255:(37,2,1,24,26,26,0)
256:(37,2,2,24,26,26,0)
257:(37,2,3,24,26,26,0)
258:(37,2,2,23,27,27,0)
259:(37,2,3,23,27,27,0)
260:(37,2,2,22,28,28,0)
261:(37,2,1,21,29,29,0)
262:(37,2,0,20,30,30,0)
263:(36,2,1,20,30,30,0)
264:(36,2,2,20,30,30,0)
265:(36,2,1,19,31,31,0)
266:(36,2,2,19,31,31,0)
267:(36,2,1,18,32,32,0)
268:(35,2,2,18,32,32,0)
269:(35,2,1,17,33,33,0)
270:(35,2,0,16,34,34,0)
271:(34,2,1,16,34,34,0)
272:(34,2,0,15,35,35,0)
273:(33,2,1,15,35,35,0)
274:(32,2,2,15,35,35,0)
275:(32,2,1,14,36,36,0)
276:(32,2,0,13,37,37,0)
277:(32,2,1,13,37,37,0)
278:(32,2,0,12,38,38,0)
279:(31,2,1,12,38,38,0)
280:(31,2,0,11,39,39,0)
281:(31,2,1,11,39,39,0)
282:(31,2,0,10,40,40,0)
283:(30,2,1,10,40,40,0)
284:(30,2,0,9,41,41,0)
285:(30,2,1,9,41,41,0)
286:(30,2,0,8,42,42,0)
287:(30,2,1,8,42,42,0)
288:(29,2,2,8,42,42,0)
289:(29,2,1,7,43,43,0)
290:(29,2,0,6,44,44,0)
291:(28,2,1,6,44,44,0)
292:(28,2,0,5,45,45,0)
293:(27,2,1,5,45,45,0)
294:(27,2,0,4,46,46,0)
295:(26,2,1,4,46,46,0)
296:(26,2,0,3,47,47,0)
297:(26,2,1,3,47,47,0)
298:(26,2,2,3,47,47,0)
299:(26,2,3,3,47,47,0)
300:(26,2,2,2,48,48,0)
301:(26,2,1,1,49,49,0)
302:(26,2,0,0,50,50,0)
303:(48,2,3,50,0,0,0)
304:(48,2,2,49,1,1,0)
305:(48,2,2,48,2,2,0)
306:(47,2,3,47,3,3,0)
307:(47,2,2,46,4,4,0)
308:(45,2,3,45,5,5,0)
309:(45,2,2,44,6,6,0)
310:(44,2,3,43,7,7,0)
311:(44,2,2,42,8,8,0)
312:(44,2,2,41,9,9,0)
313:(43,2,4,40,10,10,0)
314:(43,2,3,39,11,11,0)
315:(43,2,3,38,12,12,0)
316:(43,2,3,37,13,13,0)
317:(43,2,2,36,14,14,0)
318:(43,2,2,35,15,15,0)
319:(43,2,3,34,16,16,0)
320:(43,2,2,33,17,17,0)
321:(42,2,3,32,18,18,0)
322:(42,2,2,31,19,19,0)
323:(42,2,3,30,20,20,0)
324:(41,2,3,29,21,21,0)
325:(39,2,4,28,22,22,0)
326:(39,2,3,27,23,23,0)
327:(39,2,2,26,24,24,0)
328:(38,2,2,25,25,25,0)
329:(37,2,4,24,26,26,0)
330:(37,2,4,23,27,27,0)
331:(37,2,3,22,28,28,0)
332:(37,2,2,21,29,29,0)
333:(36,2,3,20,30,30,0)
334:(36,2,3,19,31,31,0)
335:(35,2,3,18,32,32,0)
336:(35,2,2,17,33,33,0)
337:(34,2,2,16,34,34,0)
338:(32,2,3,15,35,35,0)
339:(32,2,2,14,36,36,0)
340:(32,2,2,13,37,37,0)
341:(31,2,2,12,38,38,0)
342:(31,2,2,11,39,39,0)
343:(30,2,2,10,40,40,0)
344:(30,2,2,9,41,41,0)
345:(29,2,3,8,42,42,0)
346:(29,2,2,7,43,43,0)
347:(28,2,2,6,44,44,0)
348:(27,2,2,5,45,45,0)
349:(26,2,2,4,46,46,0)
350:(26,2,4,3,47,47,0)
351:(26,2,3,2,48,48,0)
352:(26,2,2,1,49,49,0)
353:(26,2,1,0,50,50,0)
354:(49,2,3,50,0,0,0)
355:(49,2,2,49,1,1,0)
356:(49,2,2,48,2,2,0)
357:(48,2,3,47,3,3,0)
358:(48,2,2,46,4,4,0)
359:(46,2,3,45,5,5,0)
360:(46,2,2,44,6,6,0)
361:(45,2,3,43,7,7,0)
362:(45,2,2,42,8,8,0)
363:(45,2,2,41,9,9,0)
364:(44,2,4,40,10,10,0)
365:(44,2,3,39,11,11,0)
366:(44,2,3,38,12,12,0)
367:(44,2,3,37,13,13,0)
368:(44,2,2,36,14,14,0)
369:(44,2,2,35,15,15,0)
370:(44,2,3,34,16,16,0)
371:(44,2,2,33,17,17,0)
372:(43,2,3,32,18,18,0)
373:(43,2,2,31,19,19,0)
374:(43,2,3,30,20,20,0)
375:(42,2,3,29,21,21,0)
376:(40,2,4,28,22,22,0)
377:(40,2,3,27,23,23,0)
378:(40,2,2,26,24,24,0)
379:(39,2,2,25,25,25,0)
380:(38,2,4,24,26,26,0)
381:(38,2,4,23,27,27,0)
382:(38,2,3,22,28,28,0)
383:(38,2,2,21,29,29,0)
384:(37,2,3,20,30,30,0)
385:(37,2,3,19,31,31,0)
386:(36,2,3,18,32,32,0)
387:(36,2,2,17,33,33,0)
388:(35,2,2,16,34,34,0)
389:(33,2,3,15,35,35,0)
390:(33,2,2,14,36,36,0)
391:(33,2,2,13,37,37,0)
392:(32,2,2,12,38,38,0)
393:(32,2,2,11,39,39,0)
394:(31,2,2,10,40,40,0)
395:(31,2,2,9,41,41,0)
396:(30,2,3,8,42,42,0)
397:(30,2,2,7,43,43,0)
398:(29,2,2,6,44,44,0)
399:(28,2,2,5,45,45,0)
400:(27,2,2,4,46,46,0)
401:(27,2,4,3,47,47,0)
402:(27,2,3,2,48,48,0)
403:(27,2,2,1,49,49,0)
404:(27,2,1,0,50,50,0)
405:(51,2,2,50,0,0,0)
406:(50,2,3,50,0,0,0)
407:(50,2,2,49,1,1,0)
408:(50,2,2,48,2,2,0)
409:(50,2,1,47,3,3,0)
410:(49,2,3,47,3,3,0)
411:(49,2,2,46,4,4,0)
412:(49,2,1,45,5,5,0)
413:(48,2,2,45,5,5,0)
414:(47,2,3,45,5,5,0)
415:(47,2,2,44,6,6,0)
416:(47,2,2,43,7,7,0)
417:(46,2,3,43,7,7,0)
418:(46,2,2,42,8,8,0)
419:(46,2,2,41,9,9,0)
420:(46,2,2,40,10,10,0)
421:(45,2,4,40,10,10,0)
422:(45,2,3,39,11,11,0)
423:(45,2,3,38,12,12,0)
424:(45,2,3,37,13,13,0)
425:(45,2,2,36,14,14,0)
426:(45,2,2,35,15,15,0)
427:(45,2,3,34,16,16,0)
428:(45,2,2,33,17,17,0)
429:(45,2,1,32,18,18,0)
430:(44,2,3,32,18,18,0)
431:(44,2,2,31,19,19,0)
432:(44,2,3,30,20,20,0)
433:(44,2,2,29,21,21,0)
434:(43,2,3,29,21,21,0)
435:(43,2,2,28,22,22,0)
436:(42,2,3,28,22,22,0)
437:(41,2,4,28,22,22,0)
438:(41,2,3,27,23,23,0)
439:(41,2,2,26,24,24,0)
440:(41,2,1,25,25,25,0)
441:(40,2,2,25,25,25,0)
442:(40,2,1,24,26,26,0)
443:(39,2,4,24,26,26,0)
444:(39,2,4,23,27,27,0)
445:(39,2,3,22,28,28,0)
446:(39,2,2,21,29,29,0)
447:(39,2,1,20,30,30,0)
448:(38,2,3,20,30,30,0)
449:(38,2,3,19,31,31,0)
450:(38,2,2,18,32,32,0)
451:(37,2,3,18,32,32,0)
452:(37,2,2,17,33,33,0)
453:(37,2,1,16,34,34,0)
454:(36,2,2,16,34,34,0)
455:(36,2,1,15,35,35,0)
456:(35,2,2,15,35,35,0)
457:(34,2,3,15,35,35,0)
458:(34,2,2,14,36,36,0)
459:(34,2,2,13,37,37,0)
460:(34,2,1,12,38,38,0)
461:(33,2,2,12,38,38,0)
462:(33,2,2,11,39,39,0)
463:(33,2,1,10,40,40,0)
464:(32,2,2,10,40,40,0)
465:(32,2,2,9,41,41,0)
466:(32,2,2,8,42,42,0)
467:(31,2,3,8,42,42,0)
468:(31,2,2,7,43,43,0)
469:(31,2,1,6,44,44,0)
470:(30,2,2,6,44,44,0)
471:(30,2,1,5,45,45,0)
472:(29,2,2,5,45,45,0)
473:(29,2,1,4,46,46,0)
474:(28,2,2,4,46,46,0)
475:(28,2,4,3,47,47,0)
476:(28,2,3,2,48,48,0)
477:(28,2,2,1,49,49,0)
478:(28,2,1,0,50,50,0)
479:(48,2,4,50,0,0,0)
480:(48,2,3,49,1,1,0)
481:(48,2,3,48,2,2,0)
482:(47,2,4,47,3,3,0)
483:(47,2,3,46,4,4,0)
484:(45,2,4,45,5,5,0)
485:(45,2,3,44,6,6,0)
486:(44,2,4,43,7,7,0)
487:(44,2,3,42,8,8,0)
488:(44,2,3,41,9,9,0)
489:(43,2,5,40,10,10,0)
490:(43,2,4,39,11,11,0)
491:(43,2,4,38,12,12,0)
492:(43,2,4,37,13,13,0)
493:(43,2,3,36,14,14,0)
494:(43,2,3,35,15,15,0)
495:(43,2,4,34,16,16,0)
496:(43,2,3,33,17,17,0)
497:(42,2,4,32,18,18,0)
498:(42,2,3,31,19,19,0)
499:(42,2,4,30,20,20,0)
500:(41,2,4,29,21,21,0)
501:(39,2,5,28,22,22,0)
502:(39,2,4,27,23,23,0)
503:(39,2,3,26,24,24,0)
504:(38,2,3,25,25,25,0)
505:(37,2,5,24,26,26,0)
506:(37,2,5,23,27,27,0)
507:(37,2,4,22,28,28,0)
508:(37,2,3,21,29,29,0)
509:(36,2,4,20,30,30,0)
510:(36,2,4,19,31,31,0)
511:(35,2,4,18,32,32,0)
512:(35,2,3,17,33,33,0)
513:(34,2,3,16,34,34,0)
514:(32,2,4,15,35,35,0)
515:(32,2,3,14,36,36,0)
516:(32,2,3,13,37,37,0)
517:(31,2,3,12,38,38,0)
518:(31,2,3,11,39,39,0)
519:(30,2,3,10,40,40,0)
520:(30,2,3,9,41,41,0)
521:(29,2,4,8,42,42,0)
522:(29,2,3,7,43,43,0)
523:(28,2,3,6,44,44,0)
524:(27,2,3,5,45,45,0)
525:(26,2,3,4,46,46,0)
526:(26,2,5,3,47,47,0)
527:(26,2,4,2,48,48,0)
528:(26,2,3,1,49,49,0)
529:(26,2,2,0,50,50,0)
530:(50,2,0,49,1,1,0)
531:(49,2,0,46,4,4,0)
532:(48,2,0,44,6,6,0)
533:(46,2,0,42,8,8,0)
534:(45,2,0,39,11,11,0)
535:(45,2,1,39,11,11,0)
536:(44,2,0,33,17,17,0)
537:(44,2,0,31,19,19,0)
538:(43,2,0,29,21,21,0)
539:(42,2,1,27,23,23,0)
540:(39,2,0,23,27,27,0)
541:(38,2,1,23,27,27,0)
542:(38,2,0,19,31,31,0)
543:(35,2,0,14,36,36,0)
544:(31,2,0,7,43,43,0)
545:(27,2,0,2,48,48,0)
546:(27,2,1,2,48,48,0)
547:(49,2,4,50,0,0,0)
548:(49,2,3,49,1,1,0)
549:(49,2,3,48,2,2,0)
550:(48,2,4,47,3,3,0)
551:(48,2,3,46,4,4,0)
552:(46,2,4,45,5,5,0)
553:(46,2,3,44,6,6,0)
554:(45,2,4,43,7,7,0)
555:(45,2,3,42,8,8,0)
556:(45,2,3,41,9,9,0)
557:(44,2,5,40,10,10,0)
558:(44,2,4,39,11,11,0)
559:(44,2,4,38,12,12,0)
560:(44,2,4,37,13,13,0)
561:(44,2,3,36,14,14,0)
562:(44,2,3,35,15,15,0)
563:(44,2,4,34,16,16,0)
564:(44,2,3,33,17,17,0)
565:(43,2,4,32,18,18,0)
566:(43,2,3,31,19,19,0)
567:(43,2,4,30,20,20,0)
568:(42,2,4,29,21,21,0)
569:(40,2,5,28,22,22,0)
570:(40,2,4,27,23,23,0)
571:(40,2,3,26,24,24,0)
572:(39,2,3,25,25,25,0)
573:(38,2,5,24,26,26,0)
574:(38,2,5,23,27,27,0)
575:(38,2,4,22,28,28,0)
576:(38,2,3,21,29,29,0)
577:(37,2,4,20,30,30,0)
578:(37,2,4,19,31,31,0)
579:(36,2,4,18,32,32,0)
580:(36,2,3,17,33,33,0)
581:(35,2,3,16,34,34,0)
582:(33,2,4,15,35,35,0)
583:(33,2,3,14,36,36,0)
584:(33,2,3,13,37,37,0)
585:(32,2,3,12,38,38,0)
586:(32,2,3,11,39,39,0)
587:(31,2,3,10,40,40,0)
588:(31,2,3,9,41,41,0)
589:(30,2,4,8,42,42,0)
590:(30,2,3,7,43,43,0)
591:(29,2,3,6,44,44,0)
592:(28,2,3,5,45,45,0)
593:(27,2,3,4,46,46,0)
594:(27,2,5,3,47,47,0)
595:(27,2,4,2,48,48,0)
596:(27,2,3,1,49,49,0)
597:(27,2,2,0,50,50,0)
598:(52,2,1,50,0,0,0)
599:(52,2,2,50,0,0,0)
600:(51,2,3,50,0,0,0)
601:(51,2,2,49,1,1,0)
602:(51,2,1,48,2,2,0)
603:(51,2,2,48,2,2,0)
604:(51,2,1,47,3,3,0)
605:(50,2,2,47,3,3,0)
606:(50,2,3,47,3,3,0)
607:(50,2,2,46,4,4,0)
608:(50,2,1,45,5,5,0)
609:(49,2,2,45,5,5,0)
610:(48,2,3,45,5,5,0)
611:(48,2,2,44,6,6,0)
612:(48,2,1,43,7,7,0)
613:(48,2,2,43,7,7,0)
614:(47,2,3,43,7,7,0)
615:(47,2,2,42,8,8,0)
616:(47,2,1,41,9,9,0)
617:(47,2,2,41,9,9,0)
618:(47,2,1,40,10,10,0)
619:(47,2,2,40,10,10,0)
620:(46,2,3,40,10,10,0)
621:(46,2,4,40,10,10,0)
622:(46,2,3,39,11,11,0)
623:(46,2,2,38,12,12,0)
624:(46,2,3,38,12,12,0)
625:(46,2,2,37,13,13,0)
626:(46,2,3,37,13,13,0)
627:(46,2,2,36,14,14,0)
628:(46,2,1,35,15,15,0)
629:(46,2,2,35,15,15,0)
630:(46,2,1,34,16,16,0)
631:(46,2,2,34,16,16,0)
632:(46,2,3,34,16,16,0)
633:(46,2,2,33,17,17,0)
634:(46,2,1,32,18,18,0)
635:(45,2,2,32,18,18,0)
636:(45,2,3,32,18,18,0)
637:(45,2,2,31,19,19,0)
638:(45,2,1,30,20,20,0)
639:(45,2,2,30,20,20,0)
640:(45,2,3,30,20,20,0)
641:(45,2,2,29,21,21,0)
642:(44,2,3,29,21,21,0)
643:(44,2,2,28,22,22,0)
644:(43,2,3,28,22,22,0)
645:(42,2,4,28,22,22,0)
646:(42,2,3,27,23,23,0)
647:(42,2,2,26,24,24,0)
648:(42,2,1,25,25,25,0)
649:(41,2,2,25,25,25,0)
650:(41,2,1,24,26,26,0)
651:(40,2,2,24,26,26,0)
652:(40,2,3,24,26,26,0)
653:(40,2,4,24,26,26,0)
654:(40,2,3,23,27,27,0)
655:(40,2,4,23,27,27,0)
656:(40,2,3,22,28,28,0)
657:(40,2,2,21,29,29,0)
658:(40,2,1,20,30,30,0)
659:(39,2,2,20,30,30,0)
660:(39,2,3,20,30,30,0)
661:(39,2,2,19,31,31,0)
662:(39,2,3,19,31,31,0)
663:(39,2,2,18,32,32,0)
664:(38,2,3,18,32,32,0)
665:(38,2,2,17,33,33,0)
666:(38,2,1,16,34,34,0)
667:(37,2,2,16,34,34,0)
668:(37,2,1,15,35,35,0)
669:(36,2,2,15,35,35,0)
670:(35,2,3,15,35,35,0)
671:(35,2,2,14,36,36,0)
672:(35,2,1,13,37,37,0)
673:(35,2,2,13,37,37,0)
674:(35,2,1,12,38,38,0)
675:(34,2,2,12,38,38,0)
676:(34,2,1,11,39,39,0)
677:(34,2,2,11,39,39,0)
678:(34,2,1,10,40,40,0)
679:(33,2,2,10,40,40,0)
680:(33,2,1,9,41,41,0)
681:(33,2,2,9,41,41,0)
682:(33,2,1,8,42,42,0)
683:(33,2,2,8,42,42,0)
684:(32,2,3,8,42,42,0)
685:(32,2,2,7,43,43,0)
686:(32,2,1,6,44,44,0)
687:(31,2,2,6,44,44,0)
688:(31,2,1,5,45,45,0)
689:(30,2,2,5,45,45,0)
690:(30,2,1,4,46,46,0)
691:(29,2,2,4,46,46,0)
692:(29,2,1,3,47,47,0)
693:(29,2,2,3,47,47,0)
694:(29,2,3,3,47,47,0)
695:(29,2,4,3,47,47,0)
696:(29,2,3,2,48,48,0)
697:(29,2,2,1,49,49,0)
698:(29,2,1,0,50,50,0)
699:(52,2,0,50,0,0,0)
700:(51,2,1,49,1,1,0)
701:(51,2,0,48,2,2,0)
702:(51,2,0,47,3,3,0)
703:(50,2,1,46,4,4,0)
704:(50,2,0,45,5,5,0)
705:(48,2,1,44,6,6,0)
706:(48,2,0,43,7,7,0)
707:(47,2,1,42,8,8,0)
708:(47,2,0,41,9,9,0)
709:(47,2,0,40,10,10,0)
710:(46,2,2,39,11,11,0)
711:(46,2,1,38,12,12,0)
712:(46,2,1,37,13,13,0)
713:(46,2,1,36,14,14,0)
714:(46,2,0,35,15,15,0)
715:(46,2,0,34,16,16,0)
716:(46,2,1,33,17,17,0)
717:(46,2,0,32,18,18,0)
718:(45,2,1,31,19,19,0)
719:(45,2,0,30,20,20,0)
720:(45,2,1,29,21,21,0)
721:(44,2,1,28,22,22,0)
722:(42,2,2,27,23,23,0)
723:(42,2,1,26,24,24,0)
724:(42,2,0,25,25,25,0)
725:(41,2,0,24,26,26,0)
726:(40,2,2,23,27,27,0)
727:(40,2,2,22,28,28,0)
728:(40,2,1,21,29,29,0)
729:(40,2,0,20,30,30,0)
730:(39,2,1,19,31,31,0)
731:(39,2,1,18,32,32,0)
732:(38,2,1,17,33,33,0)
733:(38,2,0,16,34,34,0)
734:(37,2,0,15,35,35,0)
735:(35,2,1,14,36,36,0)
736:(35,2,0,13,37,37,0)
737:(35,2,0,12,38,38,0)
738:(34,2,0,11,39,39,0)
739:(34,2,0,10,40,40,0)
740:(33,2,0,9,41,41,0)
741:(33,2,0,8,42,42,0)
742:(32,2,1,7,43,43,0)
743:(32,2,0,6,44,44,0)
744:(31,2,0,5,45,45,0)
745:(30,2,0,4,46,46,0)
746:(29,2,0,3,47,47,0)
747:(29,2,2,2,48,48,0)
748:(29,2,1,1,49,49,0)
749:(29,2,0,0,50,50,0)
750:(51,2,0,49,1,1,0)
751:(50,2,0,46,4,4,0)
752:(49,2,0,44,6,6,0)
753:(47,2,0,42,8,8,0)
754:(46,2,0,39,11,11,0)
755:(46,2,1,39,11,11,0)
756:(45,2,0,33,17,17,0)
757:(45,2,0,31,19,19,0)
758:(44,2,0,29,21,21,0)
759:(43,2,1,27,23,23,0)
760:(40,2,0,23,27,27,0)
761:(39,2,1,23,27,27,0)
762:(39,2,0,19,31,31,0)
763:(36,2,0,14,36,36,0)
764:(32,2,0,7,43,43,0)
765:(28,2,0,2,48,48,0)
766:(28,2,1,2,48,48,0)
767:(50,2,4,50,0,0,0)
768:(50,2,3,49,1,1,0)
769:(50,2,3,48,2,2,0)
770:(49,2,4,47,3,3,0)
771:(49,2,3,46,4,4,0)
772:(47,2,4,45,5,5,0)
773:(47,2,3,44,6,6,0)
774:(46,2,4,43,7,7,0)
775:(46,2,3,42,8,8,0)
776:(46,2,3,41,9,9,0)
777:(45,2,5,40,10,10,0)
778:(45,2,4,39,11,11,0)
779:(45,2,4,38,12,12,0)
780:(45,2,4,37,13,13,0)
781:(45,2,3,36,14,14,0)
782:(45,2,3,35,15,15,0)
783:(45,2,4,34,16,16,0)
784:(45,2,3,33,17,17,0)
785:(44,2,4,32,18,18,0)
786:(44,2,3,31,19,19,0)
787:(44,2,4,30,20,20,0)
788:(43,2,4,29,21,21,0)
789:(41,2,5,28,22,22,0)
790:(41,2,4,27,23,23,0)
791:(41,2,3,26,24,24,0)
792:(40,2,3,25,25,25,0)
793:(39,2,5,24,26,26,0)
794:(39,2,5,23,27,27,0)
795:(39,2,4,22,28,28,0)
796:(39,2,3,21,29,29,0)
797:(38,2,4,20,30,30,0)
798:(38,2,4,19,31,31,0)
799:(37,2,4,18,32,32,0)
800:(37,2,3,17,33,33,0)
801:(36,2,3,16,34,34,0)
802:(34,2,4,15,35,35,0)
803:(34,2,3,14,36,36,0)
804:(34,2,3,13,37,37,0)
805:(33,2,3,12,38,38,0)
806:(33,2,3,11,39,39,0)
807:(32,2,3,10,40,40,0)
808:(32,2,3,9,41,41,0)
809:(31,2,4,8,42,42,0)
810:(31,2,3,7,43,43,0)
811:(30,2,3,6,44,44,0)
812:(29,2,3,5,45,45,0)
813:(28,2,3,4,46,46,0)
814:(28,2,5,3,47,47,0)
815:(28,2,4,2,48,48,0)
816:(28,2,3,1,49,49,0)
817:(28,2,2,0,50,50,0)
818:(48,2,1,50,0,0,0)
819:(47,2,3,50,0,0,0)
820:(47,2,2,49,1,1,0)
821:(47,2,1,48,2,2,0)
822:(47,2,2,48,2,2,0)
823:(46,2,2,47,3,3,0)
824:(46,2,3,47,3,3,0)
825:(46,2,2,46,4,4,0)
826:(44,2,3,45,5,5,0)
827:(44,2,2,44,6,6,0)
828:(44,2,1,43,7,7,0)
829:(43,2,3,43,7,7,0)
830:(43,2,2,42,8,8,0)
831:(43,2,1,41,9,9,0)
832:(43,2,2,41,9,9,0)
833:(43,2,1,40,10,10,0)
834:(42,2,3,40,10,10,0)
835:(42,2,4,40,10,10,0)
836:(42,2,3,39,11,11,0)
837:(42,2,2,38,12,12,0)
838:(42,2,3,38,12,12,0)
839:(42,2,2,37,13,13,0)
840:(42,2,3,37,13,13,0)
841:(42,2,2,36,14,14,0)
842:(42,2,1,35,15,15,0)
843:(42,2,2,35,15,15,0)
844:(42,2,1,34,16,16,0)
845:(42,2,2,34,16,16,0)
846:(42,2,3,34,16,16,0)
847:(42,2,2,33,17,17,0)
848:(41,2,2,32,18,18,0)
849:(41,2,3,32,18,18,0)
850:(41,2,2,31,19,19,0)
851:(41,2,1,30,20,20,0)
852:(41,2,2,30,20,20,0)
853:(41,2,3,30,20,20,0)
854:(40,2,3,29,21,21,0)
855:(38,2,4,28,22,22,0)
856:(38,2,3,27,23,23,0)
857:(38,2,2,26,24,24,0)
858:(37,2,2,25,25,25,0)
859:(36,2,2,24,26,26,0)
860:(36,2,3,24,26,26,0)
861:(36,2,4,24,26,26,0)
862:(36,2,3,23,27,27,0)
863:(36,2,4,23,27,27,0)
864:(36,2,3,22,28,28,0)
865:(36,2,2,21,29,29,0)
866:(35,2,2,20,30,30,0)
867:(35,2,3,20,30,30,0)
868:(35,2,2,19,31,31,0)
869:(35,2,3,19,31,31,0)
870:(34,2,3,18,32,32,0)
871:(34,2,2,17,33,33,0)
872:(33,2,2,16,34,34,0)
873:(31,2,3,15,35,35,0)
874:(31,2,2,14,36,36,0)
875:(31,2,1,13,37,37,0)
876:(31,2,2,13,37,37,0)
877:(30,2,2,12,38,38,0)
878:(30,2,1,11,39,39,0)
879:(30,2,2,11,39,39,0)
880:(29,2,2,10,40,40,0)
881:(29,2,1,9,41,41,0)
882:(29,2,2,9,41,41,0)
883:(29,2,1,8,42,42,0)
884:(28,2,3,8,42,42,0)
885:(28,2,2,7,43,43,0)
886:(27,2,2,6,44,44,0)
887:(26,2,2,5,45,45,0)
888:(25,2,2,4,46,46,0)
889:(25,2,1,3,47,47,0)
890:(25,2,2,3,47,47,0)
891:(25,2,3,3,47,47,0)
892:(25,2,4,3,47,47,0)
893:(25,2,3,2,48,48,0)
894:(25,2,2,1,49,49,0)
895:(25,2,1,0,50,50,0)
896:(47,2,4,50,0,0,0)
897:(47,2,3,49,1,1,0)
898:(47,2,3,48,2,2,0)
899:(46,2,4,47,3,3,0)
900:(46,2,3,46,4,4,0)
901:(44,2,4,45,5,5,0)
902:(44,2,3,44,6,6,0)
903:(43,2,4,43,7,7,0)
904:(43,2,3,42,8,8,0)
905:(43,2,3,41,9,9,0)
906:(42,2,5,40,10,10,0)
907:(42,2,4,39,11,11,0)
908:(42,2,4,38,12,12,0)
909:(42,2,4,37,13,13,0)
910:(42,2,3,36,14,14,0)
911:(42,2,3,35,15,15,0)
912:(42,2,4,34,16,16,0)
913:(42,2,3,33,17,17,0)
914:(41,2,4,32,18,18,0)
915:(41,2,3,31,19,19,0)
916:(41,2,4,30,20,20,0)
917:(40,2,4,29,21,21,0)
918:(38,2,5,28,22,22,0)
919:(38,2,4,27,23,23,0)
920:(38,2,3,26,24,24,0)
921:(37,2,3,25,25,25,0)
922:(36,2,5,24,26,26,0)
923:(36,2,5,23,27,27,0)
924:(36,2,4,22,28,28,0)
925:(36,2,3,21,29,29,0)
926:(35,2,4,20,30,30,0)
927:(35,2,4,19,31,31,0)
928:(34,2,4,18,32,32,0)
929:(34,2,3,17,33,33,0)
930:(33,2,3,16,34,34,0)
931:(31,2,4,15,35,35,0)
932:(31,2,3,14,36,36,0)
933:(31,2,3,13,37,37,0)
934:(30,2,3,12,38,38,0)
935:(30,2,3,11,39,39,0)
936:(29,2,3,10,40,40,0)
937:(29,2,3,9,41,41,0)
938:(28,2,4,8,42,42,0)
939:(28,2,3,7,43,43,0)
940:(27,2,3,6,44,44,0)
941:(26,2,3,5,45,45,0)
942:(25,2,3,4,46,46,0)
943:(25,2,5,3,47,47,0)
944:(25,2,4,2,48,48,0)
945:(25,2,3,1,49,49,0)
946:(25,2,2,0,50,50,0)
947:(49,2,0,49,1,1,0)
948:(48,2,0,46,4,4,0)
949:(47,2,0,44,6,6,0)
950:(45,2,0,42,8,8,0)
951:(44,2,0,39,11,11,0)
952:(44,2,1,39,11,11,0)
953:(43,2,0,33,17,17,0)
954:(43,2,0,31,19,19,0)
955:(42,2,0,29,21,21,0)
956:(41,2,1,27,23,23,0)
957:(38,2,0,23,27,27,0)
958:(37,2,1,23,27,27,0)
959:(37,2,0,19,31,31,0)
960:(34,2,0,14,36,36,0)
961:(30,2,0,7,43,43,0)
962:(26,2,0,2,48,48,0)
963:(26,2,1,2,48,48,0)
964:(48,2,0,50,0,0,0)
965:(47,2,2,50,0,0,0)
966:(47,2,1,49,1,1,0)
967:(47,2,0,48,2,2,0)
968:(47,2,0,47,3,3,0)
969:(46,2,1,47,3,3,0)
970:(46,2,1,46,4,4,0)
971:(46,2,0,45,5,5,0)
972:(45,2,1,45,5,5,0)
973:(44,2,2,45,5,5,0)
974:(44,2,1,44,6,6,0)
975:(44,2,0,43,7,7,0)
976:(43,2,2,43,7,7,0)
977:(43,2,1,42,8,8,0)
978:(43,2,0,41,9,9,0)
979:(43,2,0,40,10,10,0)
980:(42,2,2,40,10,10,0)
981:(42,2,2,39,11,11,0)
982:(42,2,1,38,12,12,0)
983:(42,2,1,37,13,13,0)
984:(42,2,1,36,14,14,0)
985:(42,2,0,35,15,15,0)
986:(42,2,0,34,16,16,0)
987:(42,2,1,33,17,17,0)
988:(42,2,0,32,18,18,0)
989:(41,2,1,32,18,18,0)
990:(41,2,1,31,19,19,0)
991:(41,2,0,30,20,20,0)
992:(41,2,1,29,21,21,0)
993:(40,2,2,29,21,21,0)
994:(40,2,1,28,22,22,0)
995:(39,2,2,28,22,22,0)
996:(38,2,3,28,22,22,0)
997:(38,2,2,27,23,23,0)
998:(38,2,1,26,24,24,0)
999:(38,2,0,25,25,25,0)
1000:(37,2,1,25,25,25,0)
1001:(37,2,0,24,26,26,0)
1002:(36,2,1,24,26,26,0)
1003:(36,2,2,23,27,27,0)
1004:(36,2,2,22,28,28,0)
1005:(36,2,1,21,29,29,0)
1006:(36,2,0,20,30,30,0)
1007:(35,2,1,20,30,30,0)
1008:(35,2,1,19,31,31,0)
1009:(35,2,1,18,32,32,0)
1010:(34,2,2,18,32,32,0)
1011:(34,2,1,17,33,33,0)
1012:(34,2,0,16,34,34,0)
1013:(33,2,1,16,34,34,0)
1014:(33,2,0,15,35,35,0)
1015:(32,2,1,15,35,35,0)
1016:(31,2,2,15,35,35,0)
1017:(31,2,1,14,36,36,0)
1018:(31,2,0,13,37,37,0)
1019:(31,2,0,12,38,38,0)
1020:(30,2,1,12,38,38,0)
1021:(30,2,0,11,39,39,0)
1022:(30,2,0,10,40,40,0)
1023:(29,2,1,10,40,40,0)
1024:(29,2,0,9,41,41,0)
1025:(29,2,0,8,42,42,0)
1026:(28,2,2,8,42,42,0)
1027:(28,2,1,7,43,43,0)
1028:(28,2,0,6,44,44,0)
1029:(27,2,1,6,44,44,0)
1030:(27,2,0,5,45,45,0)
1031:(26,2,1,5,45,45,0)
1032:(26,2,0,4,46,46,0)
1033:(25,2,1,4,46,46,0)
1034:(25,2,0,3,47,47,0)
1035:(25,2,2,2,48,48,0)
1036:(25,2,1,1,49,49,0)
1037:(25,2,0,0,50,50,0)
1038:(25,2,1,0,50,50,0)
1039:(26,2,1,2,48,48,0)
1040:(25,2,0,0,50,50,0)
1041:(29,2,0,0,50,50,0)
1042:(28,2,1,0,50,50,0)
1043:(-1,-1,-1,-1,-1,-1,-1)