(r,l,rl,g,ga,gbg,gd)
0:(50,2,0,50,0,0,0)
1:(50,2,1,50,0,0,0)
2:(50,2,2,50,0,0,0)
3:(50,2,3,50,0,0,0)
4:(50,2,4,50,0,0,0)
5:(50,2,5,50,0,0,0)
6:(50,2,6,50,0,0,0)
7:(50,2,7,50,0,0,0)
8:(50,2,8,50,0,0,0)
9:(50,2,9,50,0,0,0)
10:(50,2,10,50,0,0,0)
11:(50,2,11,50,0,0,0)
12:(50,2,12,50,0,0,0)
13:(50,2,13,50,0,0,0)
14:(50,2,14,50,0,0,0)
15:(50,2,15,50,0,0,0)
16:(50,2,16,50,0,0,0)
17:(50,2,17,50,0,0,0)
18:(50,2,18,50,0,0,0)
19:(50,2,19,50,0,0,0)
20:(50,2,20,50,0,0,0)
21:(50,2,21,50,0,0,0)
22:(50,2,22,50,0,0,0)
23:(50,2,23,50,0,0,0)
24:(50,2,24,50,0,0,0)
25:(50,2,23,49,1,1,0)
26:(50,2,22,48,2,2,0)
27:(50,2,23,48,2,2,0)
28:(50,2,22,47,3,3,0)
29:(50,2,23,47,3,3,0)
30:(50,2,24,47,3,3,0)
31:(50,2,23,46,4,4,0)
32:(50,2,22,45,5,5,0)
33:(50,2,23,45,5,5,0)
34:(50,2,22,44,6,6,0)
35:(50,2,21,43,7,7,0)
36:(50,2,20,42,8,8,0)
37:(50,2,19,41,9,9,0)
38:(50,2,20,41,9,9,0)
39:(50,2,21,41,9,9,0)
40:(50,2,20,40,10,10,0)
41:(50,2,21,40,10,10,0)
42:(50,2,20,39,11,11,0)
43:(50,2,19,38,12,12,0)
44:(50,2,18,37,13,13,0)
45:(50,2,17,36,14,14,0)
46:(50,2,18,36,14,14,0)
47:(50,2,19,36,14,14,0)
48:(50,2,18,35,15,15,0)
49:(50,2,17,34,16,16,0)
50:(50,2,16,33,17,17,0)
51:(50,2,15,32,18,18,0)
52:(50,2,14,31,19,19,0)
53:(50,2,15,31,19,19,0)
54:(50,2,14,30,20,20,0)
55:(50,2,15,30,20,20,0)
56:(50,2,14,29,21,21,0)
57:(50,2,13,28,22,22,0)
58:(50,2,12,27,23,23,0)
59:(50,2,13,27,23,23,0)
60:(50,2,12,26,24,24,0)
61:(50,2,13,26,24,24,0)
62:(50,2,12,25,25,25,0)
63:(50,2,13,25,25,25,0)
64:(50,2,12,24,26,26,0)
65:(50,2,11,23,27,27,0)
66:(50,2,12,23,27,27,0)
67:(50,2,13,23,27,27,0)
68:(50,2,12,22,28,28,0)
69:(50,2,13,22,28,28,0)
70:(50,2,12,21,29,29,0)
71:(50,2,11,20,30,30,0)
72:(50,2,12,20,30,30,0)
73:(50,2,11,19,31,31,0)
74:(50,2,12,19,31,31,0)
75:(50,2,11,18,32,32,0)
76:(50,2,10,17,33,33,0)
77:(50,2,9,16,34,34,0)
78:(50,2,8,15,35,35,0)
79:(50,2,7,14,36,36,0)
80:(50,2,8,14,36,36,0)
81:(50,2,7,13,37,37,0)
82:(50,2,6,12,38,38,0)
83:(50,2,5,11,39,39,0)
84:(50,2,6,11,39,39,0)
85:(50,2,5,10,40,40,0)
86:(49,2,6,10,40,40,0)
87:(48,2,7,10,40,40,0)
88:(48,2,6,9,41,41,0)
89:(48,2,5,8,42,42,0)
90:(48,2,6,8,42,42,0)
91:(48,2,5,7,43,43,0)
92:(48,2,4,6,44,44,0)
93:(48,2,3,5,45,45,0)
94:(47,2,4,5,45,45,0)
95:(47,2,3,4,46,46,0)
96:(47,2,2,3,47,47,0)
97:(47,2,1,2,48,48,0)
98:(47,2,0,1,49,49,0)
99:(46,2,1,1,49,49,0)
100:(46,2,0,0,50,50,0)
101:(47,2,0,0,50,50,0)
102:(45,2,1,0,50,50,0)
103:(45,2,2,0,50,50,0)
104:(47,2,1,1,49,49,0)
105:(45,2,2,1,49,49,0)
106:(45,2,3,1,49,49,0)
107:(48,2,0,1,49,49,0)
108:(46,2,2,1,49,49,0)
109:(48,2,1,2,48,48,0)
110:(46,2,2,2,48,48,0)
111:(46,2,3,2,48,48,0)
112:(48,2,2,3,47,47,0)
113:(46,2,3,3,47,47,0)
114:(46,2,4,3,47,47,0)
115:(48,2,3,4,46,46,0)
116:(46,2,4,4,46,46,0)
117:(46,2,5,4,46,46,0)
118:(48,2,4,5,45,45,0)
119:(46,2,5,5,45,45,0)
120:(46,2,6,5,45,45,0)
121:(49,2,3,5,45,45,0)
122:(47,2,5,5,45,45,0)
123:(49,2,4,6,44,44,0)
124:(47,2,5,6,44,44,0)
125:(47,2,6,6,44,44,0)
126:(49,2,5,7,43,43,0)
127:(47,2,6,7,43,43,0)
128:(47,2,7,7,43,43,0)
129:(49,2,6,8,42,42,0)
130:(47,2,7,8,42,42,0)
131:(47,2,8,8,42,42,0)
132:(49,2,5,8,42,42,0)
133:(47,2,6,8,42,42,0)
134:(49,2,6,9,41,41,0)
135:(47,2,7,9,41,41,0)
136:(47,2,8,9,41,41,0)
137:(49,2,7,10,40,40,0)
138:(47,2,8,10,40,40,0)
139:(47,2,9,10,40,40,0)
140:(50,2,6,10,40,40,0)
141:(48,2,8,10,40,40,0)
142:(51,2,5,10,40,40,0)
143:(51,2,6,11,39,39,0)
144:(49,2,7,11,39,39,0)
145:(49,2,8,11,39,39,0)
146:(51,2,5,11,39,39,0)
147:(49,2,6,11,39,39,0)
148:(51,2,6,12,38,38,0)
149:(49,2,7,12,38,38,0)
150:(49,2,8,12,38,38,0)
151:(51,2,7,13,37,37,0)
152:(49,2,8,13,37,37,0)
153:(49,2,9,13,37,37,0)
154:(51,2,8,14,36,36,0)
155:(49,2,9,14,36,36,0)
156:(49,2,10,14,36,36,0)
157:(51,2,7,14,36,36,0)
158:(49,2,8,14,36,36,0)
159:(51,2,8,15,35,35,0)
160:(49,2,9,15,35,35,0)
161:(49,2,10,15,35,35,0)
162:(51,2,9,16,34,34,0)
163:(49,2,10,16,34,34,0)
164:(49,2,11,16,34,34,0)
165:(51,2,10,17,33,33,0)
166:(49,2,11,17,33,33,0)
167:(49,2,12,17,33,33,0)
168:(51,2,11,18,32,32,0)
169:(49,2,12,18,32,32,0)
170:(49,2,13,18,32,32,0)
171:(51,2,12,19,31,31,0)
172:(49,2,13,19,31,31,0)
173:(49,2,14,19,31,31,0)
174:(51,2,11,19,31,31,0)
175:(49,2,12,19,31,31,0)
176:(51,2,12,20,30,30,0)
177:(49,2,13,20,30,30,0)
178:(49,2,14,20,30,30,0)
179:(51,2,11,20,30,30,0)
180:(49,2,12,20,30,30,0)
181:(51,2,12,21,29,29,0)
182:(49,2,13,21,29,29,0)
183:(49,2,14,21,29,29,0)
184:(51,2,13,22,28,28,0)
185:(49,2,14,22,28,28,0)
186:(49,2,15,22,28,28,0)
187:(51,2,12,22,28,28,0)
188:(49,2,13,22,28,28,0)
189:(51,2,13,23,27,27,0)
190:(49,2,14,23,27,27,0)
191:(49,2,15,23,27,27,0)
192:(51,2,12,23,27,27,0)
193:(49,2,13,23,27,27,0)
194:(51,2,11,23,27,27,0)
195:(49,2,12,23,27,27,0)
196:(51,2,12,24,26,26,0)
197:(49,2,13,24,26,26,0)
198:(49,2,14,24,26,26,0)
199:(51,2,13,25,25,25,0)
200:(49,2,14,25,25,25,0)
201:(49,2,15,25,25,25,0)
202:(51,2,12,25,25,25,0)
203:(49,2,13,25,25,25,0)
204:(51,2,13,26,24,24,0)
205:(49,2,14,26,24,24,0)
206:(49,2,15,26,24,24,0)
207:(51,2,12,26,24,24,0)
208:(49,2,13,26,24,24,0)
209:(51,2,13,27,23,23,0)
210:(49,2,14,27,23,23,0)
211:(49,2,15,27,23,23,0)
212:(51,2,12,27,23,23,0)
213:(49,2,13,27,23,23,0)
214:(51,2,13,28,22,22,0)
215:(49,2,14,28,22,22,0)
216:(49,2,15,28,22,22,0)
217:(51,2,14,29,21,21,0)
218:(49,2,15,29,21,21,0)
219:(49,2,16,29,21,21,0)
220:(51,2,15,30,20,20,0)
221:(49,2,16,30,20,20,0)
222:(49,2,17,30,20,20,0)
223:(51,2,14,30,20,20,0)
224:(49,2,15,30,20,20,0)
225:(51,2,15,31,19,19,0)
226:(49,2,16,31,19,19,0)
227:(49,2,17,31,19,19,0)
228:(51,2,14,31,19,19,0)
229:(49,2,15,31,19,19,0)
230:(51,2,15,32,18,18,0)
231:(49,2,16,32,18,18,0)
232:(49,2,17,32,18,18,0)
233:(51,2,16,33,17,17,0)
234:(49,2,17,33,17,17,0)
235:(49,2,18,33,17,17,0)
236:(51,2,17,34,16,16,0)
237:(49,2,18,34,16,16,0)
238:(49,2,19,34,16,16,0)
239:(51,2,18,35,15,15,0)
240:(49,2,19,35,15,15,0)
241:(49,2,20,35,15,15,0)
242:(51,2,19,36,14,14,0)
243:(49,2,20,36,14,14,0)
244:(49,2,21,36,14,14,0)
245:(51,2,18,36,14,14,0)
246:(49,2,19,36,14,14,0)
247:(51,2,17,36,14,14,0)
248:(49,2,18,36,14,14,0)
249:(51,2,18,37,13,13,0)
250:(49,2,19,37,13,13,0)
251:(49,2,20,37,13,13,0)
252:(51,2,19,38,12,12,0)
253:(49,2,20,38,12,12,0)
254:(49,2,21,38,12,12,0)
255:(51,2,20,39,11,11,0)
256:(49,2,21,39,11,11,0)
257:(49,2,22,39,11,11,0)
258:(51,2,21,40,10,10,0)
259:(49,2,22,40,10,10,0)
260:(49,2,23,40,10,10,0)
261:(51,2,20,40,10,10,0)
262:(49,2,21,40,10,10,0)
263:(51,2,21,41,9,9,0)
264:(49,2,22,41,9,9,0)
265:(49,2,23,41,9,9,0)
266:(51,2,20,41,9,9,0)
267:(49,2,21,41,9,9,0)
268:(51,2,19,41,9,9,0)
269:(49,2,20,41,9,9,0)
270:(51,2,20,42,8,8,0)
271:(49,2,21,42,8,8,0)
272:(49,2,22,42,8,8,0)
273:(51,2,21,43,7,7,0)
274:(49,2,22,43,7,7,0)
275:(49,2,23,43,7,7,0)
276:(51,2,22,44,6,6,0)
277:(49,2,23,44,6,6,0)
278:(49,2,24,44,6,6,0)
279:(51,2,23,45,5,5,0)
280:(49,2,24,45,5,5,0)
281:(49,2,25,45,5,5,0)
282:(51,2,22,45,5,5,0)
283:(49,2,23,45,5,5,0)
284:(51,2,23,46,4,4,0)
285:(49,2,24,46,4,4,0)
286:(49,2,25,46,4,4,0)
287:(51,2,24,47,3,3,0)
288:(49,2,25,47,3,3,0)
289:(49,2,26,47,3,3,0)
290:(51,2,23,47,3,3,0)
291:(49,2,24,47,3,3,0)
292:(51,2,22,47,3,3,0)
293:(49,2,23,47,3,3,0)
294:(51,2,23,48,2,2,0)
295:(49,2,24,48,2,2,0)
296:(49,2,25,48,2,2,0)
297:(51,2,22,48,2,2,0)
298:(49,2,23,48,2,2,0)
299:(51,2,23,49,1,1,0)
300:(49,2,24,49,1,1,0)
301:(49,2,25,49,1,1,0)
302:(51,2,24,50,0,0,0)
303:(49,2,25,50,0,0,0)
304:(49,2,26,50,0,0,0)
305:(51,2,23,50,0,0,0)
306:(49,2,24,50,0,0,0)
307:(51,2,22,50,0,0,0)
308:(49,2,23,50,0,0,0)
309:(51,2,21,50,0,0,0)
310:(49,2,22,50,0,0,0)
311:(51,2,20,50,0,0,0)
312:(49,2,21,50,0,0,0)
313:(51,2,19,50,0,0,0)
314:(49,2,20,50,0,0,0)
315:(51,2,18,50,0,0,0)
316:(49,2,19,50,0,0,0)
317:(51,2,17,50,0,0,0)
318:(49,2,18,50,0,0,0)
319:(51,2,16,50,0,0,0)
320:(49,2,17,50,0,0,0)
321:(51,2,15,50,0,0,0)
322:(49,2,16,50,0,0,0)
323:(51,2,14,50,0,0,0)
324:(49,2,15,50,0,0,0)
325:(51,2,13,50,0,0,0)
326:(49,2,14,50,0,0,0)
327:(51,2,12,50,0,0,0)
328:(49,2,13,50,0,0,0)
329:(51,2,11,50,0,0,0)
330:(49,2,12,50,0,0,0)
331:(51,2,10,50,0,0,0)
332:(49,2,11,50,0,0,0)
333:(51,2,9,50,0,0,0)
334:(49,2,10,50,0,0,0)
335:(51,2,8,50,0,0,0)
336:(49,2,9,50,0,0,0)
337:(51,2,7,50,0,0,0)
338:(49,2,8,50,0,0,0)
339:(51,2,6,50,0,0,0)
340:(49,2,7,50,0,0,0)
341:(51,2,5,50,0,0,0)
342:(49,2,6,50,0,0,0)
343:(51,2,4,50,0,0,0)
344:(49,2,5,50,0,0,0)
345:(51,2,3,50,0,0,0)
346:(49,2,4,50,0,0,0)
347:(51,2,2,50,0,0,0)
348:(49,2,3,50,0,0,0)
349:(51,2,1,50,0,0,0)
350:(49,2,2,50,0,0,0)
351:(51,2,0,50,0,0,0)
352:(50,2,0,50,0,0,0)
353:(49,2,1,50,0,0,0)
354:(48,2,1,1,49,49,0)
355:(46,2,3,1,49,49,0)
356:(49,2,0,1,49,49,0)
357:(47,2,2,1,49,49,0)
358:(49,2,1,2,48,48,0)
359:(47,2,2,2,48,48,0)
360:(47,2,3,2,48,48,0)
361:(49,2,2,3,47,47,0)
362:(47,2,3,3,47,47,0)
363:(47,2,4,3,47,47,0)
364:(49,2,3,4,46,46,0)
365:(47,2,4,4,46,46,0)
366:(47,2,5,4,46,46,0)
367:(49,2,4,5,45,45,0)
368:(47,2,6,5,45,45,0)
369:(50,2,3,5,45,45,0)
370:(48,2,5,5,45,45,0)
371:(50,2,4,6,44,44,0)
372:(48,2,5,6,44,44,0)
373:(48,2,6,6,44,44,0)
374:(50,2,5,7,43,43,0)
375:(48,2,6,7,43,43,0)
376:(48,2,7,7,43,43,0)
377:(50,2,6,8,42,42,0)
378:(48,2,7,8,42,42,0)
379:(48,2,8,8,42,42,0)
380:(50,2,5,8,42,42,0)
381:(50,2,6,9,41,41,0)
382:(48,2,7,9,41,41,0)
383:(48,2,8,9,41,41,0)
384:(50,2,7,10,40,40,0)
385:(48,2,9,10,40,40,0)
386:(51,2,6,10,40,40,0)
387:(49,2,8,10,40,40,0)
388:(52,2,5,10,40,40,0)
389:(52,2,6,11,39,39,0)
390:(50,2,7,11,39,39,0)
391:(50,2,8,11,39,39,0)
392:(52,2,5,11,39,39,0)
393:(52,2,6,12,38,38,0)
394:(50,2,7,12,38,38,0)
395:(50,2,8,12,38,38,0)
396:(52,2,7,13,37,37,0)
397:(50,2,8,13,37,37,0)
398:(50,2,9,13,37,37,0)
399:(52,2,8,14,36,36,0)
400:(50,2,9,14,36,36,0)
401:(50,2,10,14,36,36,0)
402:(52,2,7,14,36,36,0)
403:(52,2,8,15,35,35,0)
404:(50,2,9,15,35,35,0)
405:(50,2,10,15,35,35,0)
406:(52,2,9,16,34,34,0)
407:(50,2,10,16,34,34,0)
408:(50,2,11,16,34,34,0)
409:(52,2,10,17,33,33,0)
410:(50,2,11,17,33,33,0)
411:(50,2,12,17,33,33,0)
412:(52,2,11,18,32,32,0)
413:(50,2,12,18,32,32,0)
414:(50,2,13,18,32,32,0)
415:(52,2,12,19,31,31,0)
416:(50,2,13,19,31,31,0)
417:(50,2,14,19,31,31,0)
418:(52,2,11,19,31,31,0)
419:(52,2,12,20,30,30,0)
420:(50,2,13,20,30,30,0)
421:(50,2,14,20,30,30,0)
422:(52,2,11,20,30,30,0)
423:(52,2,12,21,29,29,0)
424:(50,2,13,21,29,29,0)
425:(50,2,14,21,29,29,0)
426:(52,2,13,22,28,28,0)
427:(50,2,14,22,28,28,0)
428:(50,2,15,22,28,28,0)
429:(52,2,12,22,28,28,0)
430:(52,2,13,23,27,27,0)
431:(50,2,14,23,27,27,0)
432:(50,2,15,23,27,27,0)
433:(52,2,12,23,27,27,0)
434:(52,2,11,23,27,27,0)
435:(52,2,12,24,26,26,0)
436:(50,2,13,24,26,26,0)
437:(50,2,14,24,26,26,0)
438:(52,2,13,25,25,25,0)
439:(50,2,14,25,25,25,0)
440:(50,2,15,25,25,25,0)
441:(52,2,12,25,25,25,0)
442:(52,2,13,26,24,24,0)
443:(50,2,14,26,24,24,0)
444:(50,2,15,26,24,24,0)
445:(52,2,12,26,24,24,0)
446:(52,2,13,27,23,23,0)
447:(50,2,14,27,23,23,0)
448:(50,2,15,27,23,23,0)
449:(52,2,12,27,23,23,0)
450:(52,2,13,28,22,22,0)
451:(50,2,14,28,22,22,0)
452:(50,2,15,28,22,22,0)
453:(52,2,14,29,21,21,0)
454:(50,2,15,29,21,21,0)
455:(50,2,16,29,21,21,0)
456:(52,2,15,30,20,20,0)
457:(50,2,16,30,20,20,0)
458:(50,2,17,30,20,20,0)
459:(52,2,14,30,20,20,0)
460:(52,2,15,31,19,19,0)
461:(50,2,16,31,19,19,0)
462:(50,2,17,31,19,19,0)
463:(52,2,14,31,19,19,0)
464:(52,2,15,32,18,18,0)
465:(50,2,16,32,18,18,0)
466:(50,2,17,32,18,18,0)
467:(52,2,16,33,17,17,0)
468:(50,2,17,33,17,17,0)
469:(50,2,18,33,17,17,0)
470:(52,2,17,34,16,16,0)
471:(50,2,18,34,16,16,0)
472:(50,2,19,34,16,16,0)
473:(52,2,18,35,15,15,0)
474:(50,2,19,35,15,15,0)
475:(50,2,20,35,15,15,0)
476:(52,2,19,36,14,14,0)
477:(50,2,20,36,14,14,0)
478:(50,2,21,36,14,14,0)
479:(52,2,18,36,14,14,0)
480:(52,2,17,36,14,14,0)
481:(52,2,18,37,13,13,0)
482:(50,2,19,37,13,13,0)
483:(50,2,20,37,13,13,0)
484:(52,2,19,38,12,12,0)
485:(50,2,20,38,12,12,0)
486:(50,2,21,38,12,12,0)
487:(52,2,20,39,11,11,0)
488:(50,2,21,39,11,11,0)
489:(50,2,22,39,11,11,0)
490:(52,2,21,40,10,10,0)
491:(50,2,22,40,10,10,0)
492:(50,2,23,40,10,10,0)
493:(52,2,20,40,10,10,0)
494:(52,2,21,41,9,9,0)
495:(50,2,22,41,9,9,0)
496:(50,2,23,41,9,9,0)
497:(52,2,20,41,9,9,0)
498:(52,2,19,41,9,9,0)
499:(52,2,20,42,8,8,0)
500:(50,2,21,42,8,8,0)
501:(50,2,22,42,8,8,0)
502:(52,2,21,43,7,7,0)
503:(50,2,22,43,7,7,0)
504:(50,2,23,43,7,7,0)
505:(52,2,22,44,6,6,0)
506:(50,2,23,44,6,6,0)
507:(50,2,24,44,6,6,0)
508:(52,2,23,45,5,5,0)
509:(50,2,24,45,5,5,0)
510:(50,2,25,45,5,5,0)
511:(52,2,22,45,5,5,0)
512:(52,2,23,46,4,4,0)
513:(50,2,24,46,4,4,0)
514:(50,2,25,46,4,4,0)
515:(52,2,24,47,3,3,0)
516:(50,2,25,47,3,3,0)
517:(50,2,26,47,3,3,0)
518:(52,2,23,47,3,3,0)
519:(52,2,22,47,3,3,0)
520:(52,2,23,48,2,2,0)
521:(50,2,24,48,2,2,0)
522:(50,2,25,48,2,2,0)
523:(52,2,22,48,2,2,0)
524:(52,2,23,49,1,1,0)
525:(50,2,24,49,1,1,0)
526:(50,2,25,49,1,1,0)
527:(52,2,24,50,0,0,0)
528:(50,2,25,50,0,0,0)
529:(50,2,26,50,0,0,0)
530:(52,2,23,50,0,0,0)
531:(52,2,22,50,0,0,0)
532:(52,2,21,50,0,0,0)
533:(52,2,20,50,0,0,0)
534:(52,2,19,50,0,0,0)
535:(52,2,18,50,0,0,0)
536:(52,2,17,50,0,0,0)
537:(52,2,16,50,0,0,0)
538:(52,2,15,50,0,0,0)
539:(52,2,14,50,0,0,0)
540:(52,2,13,50,0,0,0)
541:(52,2,12,50,0,0,0)
542:(52,2,11,50,0,0,0)
543:(52,2,10,50,0,0,0)
544:(52,2,9,50,0,0,0)
545:(52,2,8,50,0,0,0)
546:(52,2,7,50,0,0,0)
547:(52,2,6,50,0,0,0)
548:(52,2,5,50,0,0,0)
549:(52,2,4,50,0,0,0)
550:(52,2,3,50,0,0,0)
551:(52,2,2,50,0,0,0)
552:(52,2,1,50,0,0,0)
553:(52,2,0,50,0,0,0)
554:(49,2,0,50,0,0,0)
555:(49,2,23,49,1,1,0)
556:(49,2,22,48,2,2,0)
557:(49,2,22,47,3,3,0)
558:(49,2,23,46,4,4,0)
559:(49,2,22,45,5,5,0)
560:(49,2,22,44,6,6,0)
561:(49,2,21,43,7,7,0)
562:(49,2,20,42,8,8,0)
563:(49,2,19,41,9,9,0)
564:(49,2,20,40,10,10,0)
565:(49,2,20,39,11,11,0)
566:(49,2,19,38,12,12,0)
567:(49,2,18,37,13,13,0)
568:(49,2,17,36,14,14,0)
569:(49,2,18,35,15,15,0)
570:(49,2,17,34,16,16,0)
571:(49,2,16,33,17,17,0)
572:(49,2,15,32,18,18,0)
573:(49,2,14,31,19,19,0)
574:(49,2,14,30,20,20,0)
575:(49,2,14,29,21,21,0)
576:(49,2,13,28,22,22,0)
577:(49,2,12,27,23,23,0)
578:(49,2,12,26,24,24,0)
579:(49,2,12,25,25,25,0)
580:(49,2,12,24,26,26,0)
581:(49,2,11,23,27,27,0)
582:(49,2,12,22,28,28,0)
583:(49,2,12,21,29,29,0)
584:(49,2,11,20,30,30,0)
585:(49,2,11,19,31,31,0)
586:(49,2,11,18,32,32,0)
587:(49,2,10,17,33,33,0)
588:(49,2,9,16,34,34,0)
589:(49,2,8,15,35,35,0)
590:(49,2,7,14,36,36,0)
591:(49,2,7,13,37,37,0)
592:(49,2,6,12,38,38,0)
593:(49,2,5,11,39,39,0)
594:(49,2,5,10,40,40,0)
595:(48,2,6,10,40,40,0)
596:(47,2,7,10,40,40,0)
597:(47,2,6,9,41,41,0)
598:(47,2,5,8,42,42,0)
599:(47,2,5,7,43,43,0)
600:(47,2,4,6,44,44,0)
601:(47,2,3,5,45,45,0)
602:(46,2,4,5,45,45,0)
603:(46,2,3,4,46,46,0)
604:(46,2,2,3,47,47,0)
605:(46,2,1,2,48,48,0)
606:(46,2,0,1,49,49,0)
607:(45,2,1,1,49,49,0)
608:(45,2,0,0,50,50,0)
609:(44,2,2,1,49,49,0)
610:(44,2,3,1,49,49,0)
611:(45,2,2,2,48,48,0)
612:(45,2,3,2,48,48,0)
613:(45,2,3,3,47,47,0)
614:(45,2,4,3,47,47,0)
615:(45,2,4,4,46,46,0)
616:(45,2,5,4,46,46,0)
617:(45,2,5,5,45,45,0)
618:(45,2,6,5,45,45,0)
619:(46,2,5,6,44,44,0)
620:(46,2,6,6,44,44,0)
621:(46,2,6,7,43,43,0)
622:(46,2,7,7,43,43,0)
623:(46,2,7,8,42,42,0)
624:(46,2,8,8,42,42,0)
625:(46,2,6,8,42,42,0)
626:(46,2,7,9,41,41,0)
627:(46,2,8,9,41,41,0)
628:(46,2,8,10,40,40,0)
629:(46,2,9,10,40,40,0)
630:(48,2,7,11,39,39,0)
631:(48,2,8,11,39,39,0)
632:(48,2,6,11,39,39,0)
633:(48,2,7,12,38,38,0)
634:(48,2,8,12,38,38,0)
635:(48,2,8,13,37,37,0)
636:(48,2,9,13,37,37,0)
637:(48,2,9,14,36,36,0)
638:(48,2,10,14,36,36,0)
639:(48,2,8,14,36,36,0)
640:(48,2,9,15,35,35,0)
641:(48,2,10,15,35,35,0)
642:(48,2,10,16,34,34,0)
643:(48,2,11,16,34,34,0)
644:(48,2,11,17,33,33,0)
645:(48,2,12,17,33,33,0)
646:(48,2,12,18,32,32,0)
647:(48,2,13,18,32,32,0)
648:(48,2,13,19,31,31,0)
649:(48,2,14,19,31,31,0)
650:(48,2,12,19,31,31,0)
651:(48,2,13,20,30,30,0)
652:(48,2,14,20,30,30,0)
653:(48,2,12,20,30,30,0)
654:(48,2,13,21,29,29,0)
655:(48,2,14,21,29,29,0)
656:(48,2,14,22,28,28,0)
657:(48,2,15,22,28,28,0)
658:(48,2,13,22,28,28,0)
659:(48,2,14,23,27,27,0)
660:(48,2,15,23,27,27,0)
661:(48,2,13,23,27,27,0)
662:(48,2,12,23,27,27,0)
663:(48,2,13,24,26,26,0)
664:(48,2,14,24,26,26,0)
665:(48,2,14,25,25,25,0)
666:(48,2,15,25,25,25,0)
667:(48,2,13,25,25,25,0)
668:(48,2,14,26,24,24,0)
669:(48,2,15,26,24,24,0)
670:(48,2,13,26,24,24,0)
671:(48,2,14,27,23,23,0)
672:(48,2,15,27,23,23,0)
673:(48,2,13,27,23,23,0)
674:(48,2,14,28,22,22,0)
675:(48,2,15,28,22,22,0)
676:(48,2,15,29,21,21,0)
677:(48,2,16,29,21,21,0)
678:(48,2,16,30,20,20,0)
679:(48,2,17,30,20,20,0)
680:(48,2,15,30,20,20,0)
681:(48,2,16,31,19,19,0)
682:(48,2,17,31,19,19,0)
683:(48,2,15,31,19,19,0)
684:(48,2,16,32,18,18,0)
685:(48,2,17,32,18,18,0)
686:(48,2,17,33,17,17,0)
687:(48,2,18,33,17,17,0)
688:(48,2,18,34,16,16,0)
689:(48,2,19,34,16,16,0)
690:(48,2,19,35,15,15,0)
691:(48,2,20,35,15,15,0)
692:(48,2,20,36,14,14,0)
693:(48,2,21,36,14,14,0)
694:(48,2,19,36,14,14,0)
695:(48,2,18,36,14,14,0)
696:(48,2,19,37,13,13,0)
697:(48,2,20,37,13,13,0)
698:(48,2,20,38,12,12,0)
699:(48,2,21,38,12,12,0)
700:(48,2,21,39,11,11,0)
701:(48,2,22,39,11,11,0)
702:(48,2,22,40,10,10,0)
703:(48,2,23,40,10,10,0)
704:(48,2,21,40,10,10,0)
705:(48,2,22,41,9,9,0)
706:(48,2,23,41,9,9,0)
707:(48,2,21,41,9,9,0)
708:(48,2,20,41,9,9,0)
709:(48,2,21,42,8,8,0)
710:(48,2,22,42,8,8,0)
711:(48,2,22,43,7,7,0)
712:(48,2,23,43,7,7,0)
713:(48,2,23,44,6,6,0)
714:(48,2,24,44,6,6,0)
715:(48,2,24,45,5,5,0)
716:(48,2,25,45,5,5,0)
717:(48,2,23,45,5,5,0)
718:(48,2,24,46,4,4,0)
719:(48,2,25,46,4,4,0)
720:(48,2,25,47,3,3,0)
721:(48,2,26,47,3,3,0)
722:(48,2,24,47,3,3,0)
723:(48,2,23,47,3,3,0)
724:(48,2,24,48,2,2,0)
725:(48,2,25,48,2,2,0)
726:(48,2,23,48,2,2,0)
727:(48,2,24,49,1,1,0)
728:(48,2,25,49,1,1,0)
729:(48,2,25,50,0,0,0)
730:(48,2,26,50,0,0,0)
731:(48,2,24,50,0,0,0)
732:(48,2,23,50,0,0,0)
733:(48,2,22,50,0,0,0)
734:(48,2,21,50,0,0,0)
735:(48,2,20,50,0,0,0)
736:(48,2,19,50,0,0,0)
737:(48,2,18,50,0,0,0)
738:(48,2,17,50,0,0,0)
739:(48,2,16,50,0,0,0)
740:(48,2,15,50,0,0,0)
741:(48,2,14,50,0,0,0)
742:(48,2,13,50,0,0,0)
743:(48,2,12,50,0,0,0)
744:(48,2,11,50,0,0,0)
745:(48,2,10,50,0,0,0)
746:(48,2,9,50,0,0,0)
747:(48,2,8,50,0,0,0)
748:(48,2,7,50,0,0,0)
749:(48,2,6,50,0,0,0)
750:(48,2,5,50,0,0,0)
751:(48,2,4,50,0,0,0)
752:(48,2,3,50,0,0,0)
753:(48,2,2,50,0,0,0)
754:(48,2,1,50,0,0,0)
755:(46,2,1,0,50,50,0)
756:(48,2,2,2,48,48,0)
757:(48,2,3,3,47,47,0)
758:(48,2,4,4,46,46,0)
759:(49,2,5,6,44,44,0)
760:(49,2,6,7,43,43,0)
761:(49,2,7,8,42,42,0)
762:(49,2,7,9,41,41,0)
763:(51,2,7,11,39,39,0)
764:(51,2,7,12,38,38,0)
765:(51,2,8,13,37,37,0)
766:(51,2,9,14,36,36,0)
767:(51,2,9,15,35,35,0)
768:(51,2,10,16,34,34,0)
769:(51,2,11,17,33,33,0)
770:(51,2,12,18,32,32,0)
771:(51,2,13,19,31,31,0)
772:(51,2,13,20,30,30,0)
773:(51,2,13,21,29,29,0)
774:(51,2,14,22,28,28,0)
775:(51,2,14,23,27,27,0)
776:(51,2,13,24,26,26,0)
777:(51,2,14,25,25,25,0)
778:(51,2,14,26,24,24,0)
779:(51,2,14,27,23,23,0)
780:(51,2,14,28,22,22,0)
781:(51,2,15,29,21,21,0)
782:(51,2,16,30,20,20,0)
783:(51,2,16,31,19,19,0)
784:(51,2,16,32,18,18,0)
785:(51,2,17,33,17,17,0)
786:(51,2,18,34,16,16,0)
787:(51,2,19,35,15,15,0)
788:(51,2,20,36,14,14,0)
789:(51,2,19,37,13,13,0)
790:(51,2,20,38,12,12,0)
791:(51,2,21,39,11,11,0)
792:(51,2,22,40,10,10,0)
793:(51,2,22,41,9,9,0)
794:(51,2,21,42,8,8,0)
795:(51,2,22,43,7,7,0)
796:(51,2,23,44,6,6,0)
797:(51,2,24,45,5,5,0)
798:(51,2,24,46,4,4,0)
799:(51,2,25,47,3,3,0)
800:(51,2,24,48,2,2,0)
801:(51,2,24,49,1,1,0)
802:(51,2,25,50,0,0,0)
803:(-1,-1,-1,-1,-1,-1,-1)