(r,l,rl,g,ga,gbg,gd)
0:(50,2,0,50,0,0,0)
1:(50,2,1,50,0,0,0)
2:(50,2,2,50,0,0,0)
3:(50,2,3,50,0,0,0)
4:(50,2,4,50,0,0,0)
5:(50,2,5,50,0,0,0)
6:(50,2,6,50,0,0,0)
7:(50,2,7,50,0,0,0)
8:(50,2,8,50,0,0,0)
9:(50,2,9,50,0,0,0)
10:(50,2,10,50,0,0,0)
11:(50,2,11,50,0,0,0)
12:(50,2,12,50,0,0,0)
13:(50,2,13,50,0,0,0)
14:(50,2,14,50,0,0,0)
15:(50,2,15,50,0,0,0)
16:(50,2,16,50,0,0,0)
17:(50,2,17,50,0,0,0)
18:(50,2,18,50,0,0,0)
19:(50,2,19,50,0,0,0)
20:(50,2,20,50,0,0,0)
21:(50,2,21,50,0,0,0)
22:(50,2,22,50,0,0,0)
23:(50,2,23,50,0,0,0)
24:(50,2,24,50,0,0,0)
25:(50,2,23,49,1,1,0)
26:(50,2,22,48,2,2,0)
27:(50,2,23,48,2,2,0)
28:(50,2,22,47,3,3,0)
29:(50,2,23,47,3,3,0)
30:(50,2,24,47,3,3,0)
31:(50,2,23,46,4,4,0)
32:(50,2,22,45,5,5,0)
33:(50,2,23,45,5,5,0)
34:(50,2,22,44,6,6,0)
35:(50,2,21,43,7,7,0)
36:(50,2,20,42,8,8,0)
37:(50,2,19,41,9,9,0)
38:(50,2,20,41,9,9,0)
39:(50,2,21,41,9,9,0)
40:(50,2,20,40,10,10,0)
41:(50,2,21,40,10,10,0)
42:(50,2,20,39,11,11,0)
43:(50,2,19,38,12,12,0)
44:(50,2,18,37,13,13,0)
45:(50,2,17,36,14,14,0)
46:(50,2,18,36,14,14,0)
47:(50,2,19,36,14,14,0)
48:(50,2,18,35,15,15,0)
49:(50,2,17,34,16,16,0)
50:(50,2,16,33,17,17,0)
51:(50,2,15,32,18,18,0)
52:(50,2,14,31,19,19,0)
53:(50,2,15,31,19,19,0)
54:(50,2,14,30,20,20,0)
55:(50,2,15,30,20,20,0)
56:(50,2,14,29,21,21,0)
57:(50,2,13,28,22,22,0)
58:(50,2,12,27,23,23,0)
59:(50,2,13,27,23,23,0)
60:(50,2,12,26,24,24,0)
61:(50,2,13,26,24,24,0)
62:(50,2,12,25,25,25,0)
63:(50,2,13,25,25,25,0)
64:(50,2,12,24,26,26,0)
65:(50,2,11,23,27,27,0)
66:(50,2,12,23,27,27,0)
67:(50,2,13,23,27,27,0)
68:(50,2,12,22,28,28,0)
69:(50,2,13,22,28,28,0)
70:(50,2,12,21,29,29,0)
71:(50,2,11,20,30,30,0)
72:(50,2,12,20,30,30,0)
73:(50,2,11,19,31,31,0)
74:(50,2,12,19,31,31,0)
75:(50,2,11,18,32,32,0)
76:(50,2,10,17,33,33,0)
77:(50,2,9,16,34,34,0)
78:(50,2,8,15,35,35,0)
79:(50,2,7,14,36,36,0)
80:(50,2,8,14,36,36,0)
81:(50,2,7,13,37,37,0)
82:(50,2,6,12,38,38,0)
83:(50,2,5,11,39,39,0)
84:(50,2,6,11,39,39,0)
85:(50,2,5,10,40,40,0)
86:(49,2,6,10,40,40,0)
87:(48,2,7,10,40,40,0)
88:(48,2,6,9,41,41,0)
89:(48,2,5,8,42,42,0)
90:(48,2,6,8,42,42,0)
91:(48,2,5,7,43,43,0)
92:(48,2,4,6,44,44,0)
93:(48,2,3,5,45,45,0)
94:(47,2,4,5,45,45,0)
95:(47,2,3,4,46,46,0)
96:(47,2,2,3,47,47,0)
97:(47,2,1,2,48,48,0)
98:(47,2,0,1,49,49,0)
99:(46,2,1,1,49,49,0)
100:(46,2,0,0,50,50,0)
101:(47,2,0,0,50,50,0)
102:(45,2,1,0,50,50,0)
103:(45,2,2,0,50,50,0)
104:(47,2,1,1,49,49,0)
105:(45,2,2,1,49,49,0)
106:(45,2,3,1,49,49,0)
107:(48,2,0,1,49,49,0)
108:(46,2,2,1,49,49,0)
109:(48,2,1,2,48,48,0)
110:(46,2,2,2,48,48,0)
111:(46,2,3,2,48,48,0)
112:(48,2,2,3,47,47,0)
113:(46,2,3,3,47,47,0)
114:(46,2,4,3,47,47,0)
115:(48,2,3,4,46,46,0)
116:(46,2,4,4,46,46,0)
117:(46,2,5,4,46,46,0)
118:(48,2,4,5,45,45,0)
119:(46,2,5,5,45,45,0)
120:(46,2,6,5,45,45,0)
121:(49,2,3,5,45,45,0)
122:(47,2,5,5,45,45,0)
123:(49,2,4,6,44,44,0)
124:(47,2,5,6,44,44,0)
125:(47,2,6,6,44,44,0)
126:(49,2,5,7,43,43,0)
127:(47,2,6,7,43,43,0)
128:(47,2,7,7,43,43,0)
129:(49,2,6,8,42,42,0)
130:(47,2,7,8,42,42,0)
131:(47,2,8,8,42,42,0)
132:(49,2,5,8,42,42,0)
133:(47,2,6,8,42,42,0)
134:(49,2,6,9,41,41,0)
135:(47,2,7,9,41,41,0)
136:(47,2,8,9,41,41,0)
137:(49,2,7,10,40,40,0)
138:(47,2,8,10,40,40,0)
139:(47,2,9,10,40,40,0)
140:(50,2,6,10,40,40,0)
141:(48,2,8,10,40,40,0)
142:(51,2,5,10,40,40,0)
143:(51,2,6,11,39,39,0)
144:(49,2,7,11,39,39,0)
145:(49,2,8,11,39,39,0)
146:(51,2,5,11,39,39,0)
147:(49,2,6,11,39,39,0)
148:(51,2,6,12,38,38,0)
149:(49,2,7,12,38,38,0)
150:(49,2,8,12,38,38,0)
151:(51,2,7,13,37,37,0)
152:(49,2,8,13,37,37,0)
153:(49,2,9,13,37,37,0)
154:(51,2,8,14,36,36,0)
155:(49,2,9,14,36,36,0)
156:(49,2,10,14,36,36,0)
157:(51,2,7,14,36,36,0)
158:(49,2,8,14,36,36,0)
159:(51,2,8,15,35,35,0)
160:(49,2,9,15,35,35,0)
161:(49,2,10,15,35,35,0)
162:(51,2,9,16,34,34,0)
163:(49,2,10,16,34,34,0)
164:(49,2,11,16,34,34,0)
165:(51,2,10,17,33,33,0)
166:(49,2,11,17,33,33,0)
167:(49,2,12,17,33,33,0)
168:(51,2,11,18,32,32,0)
169:(49,2,12,18,32,32,0)
170:(49,2,13,18,32,32,0)
171:(51,2,12,19,31,31,0)
172:(49,2,13,19,31,31,0)
173:(49,2,14,19,31,31,0)
174:(51,2,11,19,31,31,0)
175:(49,2,12,19,31,31,0)
176:(51,2,12,20,30,30,0)
177:(49,2,13,20,30,30,0)
178:(49,2,14,20,30,30,0)
179:(51,2,11,20,30,30,0)
180:(49,2,12,20,30,30,0)
181:(51,2,12,21,29,29,0)
182:(49,2,13,21,29,29,0)
183:(49,2,14,21,29,29,0)
184:(51,2,13,22,28,28,0)
185:(49,2,14,22,28,28,0)
186:(49,2,15,22,28,28,0)
187:(51,2,12,22,28,28,0)
188:(49,2,13,22,28,28,0)
189:(51,2,13,23,27,27,0)
190:(49,2,14,23,27,27,0)
191:(49,2,15,23,27,27,0)
192:(51,2,12,23,27,27,0)
193:(49,2,13,23,27,27,0)
194:(51,2,11,23,27,27,0)
195:(49,2,12,23,27,27,0)
196:(51,2,12,24,26,26,0)
197:(49,2,13,24,26,26,0)
198:(49,2,14,24,26,26,0)
199:(51,2,13,25,25,25,0)
200:(49,2,14,25,25,25,0)
201:(49,2,15,25,25,25,0)
202:(51,2,12,25,25,25,0)
203:(49,2,13,25,25,25,0)
204:(51,2,13,26,24,24,0)
205:(49,2,14,26,24,24,0)
206:(49,2,15,26,24,24,0)
207:(51,2,12,26,24,24,0)
208:(49,2,13,26,24,24,0)
209:(51,2,13,27,23,23,0)
210:(49,2,14,27,23,23,0)
211:(49,2,15,27,23,23,0)
212:(51,2,12,27,23,23,0)
213:(49,2,13,27,23,23,0)
214:(51,2,13,28,22,22,0)
215:(49,2,14,28,22,22,0)
216:(49,2,15,28,22,22,0)
217:(51,2,14,29,21,21,0)
218:(49,2,15,29,21,21,0)
219:(49,2,16,29,21,21,0)
220:(51,2,15,30,20,20,0)
221:(49,2,16,30,20,20,0)
222:(49,2,17,30,20,20,0)
223:(51,2,14,30,20,20,0)
224:(49,2,15,30,20,20,0)
225:(51,2,15,31,19,19,0)
226:(49,2,16,31,19,19,0)
227:(49,2,17,31,19,19,0)
228:(51,2,14,31,19,19,0)
229:(49,2,15,31,19,19,0)
230:(51,2,15,32,18,18,0)
231:(49,2,16,32,18,18,0)
232:(49,2,17,32,18,18,0)
233:(51,2,16,33,17,17,0)
234:(49,2,17,33,17,17,0)
235:(49,2,18,33,17,17,0)
236:(51,2,17,34,16,16,0)
237:(49,2,18,34,16,16,0)
238:(49,2,19,34,16,16,0)
239:(51,2,18,35,15,15,0)
240:(49,2,19,35,15,15,0)
241:(49,2,20,35,15,15,0)
242:(51,2,19,36,14,14,0)
243:(49,2,20,36,14,14,0)
244:(49,2,21,36,14,14,0)
245:(51,2,18,36,14,14,0)
246:(49,2,19,36,14,14,0)
247:(51,2,17,36,14,14,0)
248:(49,2,18,36,14,14,0)
249:(51,2,18,37,13,13,0)
250:(49,2,19,37,13,13,0)
251:(49,2,20,37,13,13,0)
252:(51,2,19,38,12,12,0)
253:(49,2,20,38,12,12,0)
254:(49,2,21,38,12,12,0)
255:(51,2,20,39,11,11,0)
256:(49,2,21,39,11,11,0)
257:(49,2,22,39,11,11,0)
258:(51,2,21,40,10,10,0)
259:(49,2,22,40,10,10,0)
260:(49,2,23,40,10,10,0)
261:(51,2,20,40,10,10,0)
262:(49,2,21,40,10,10,0)
263:(51,2,21,41,9,9,0)
264:(49,2,22,41,9,9,0)
265:(49,2,23,41,9,9,0)
266:(51,2,20,41,9,9,0)
267:(49,2,21,41,9,9,0)
268:(51,2,19,41,9,9,0)
269:(49,2,20,41,9,9,0)
270:(51,2,20,42,8,8,0)
271:(49,2,21,42,8,8,0)
272:(49,2,22,42,8,8,0)
273:(51,2,21,43,7,7,0)
274:(49,2,22,43,7,7,0)
275:(49,2,23,43,7,7,0)
276:(51,2,22,44,6,6,0)
277:(49,2,23,44,6,6,0)
278:(49,2,24,44,6,6,0)
279:(51,2,23,45,5,5,0)
280:(49,2,24,45,5,5,0)
281:(49,2,25,45,5,5,0)
282:(51,2,22,45,5,5,0)
283:(49,2,23,45,5,5,0)
284:(51,2,23,46,4,4,0)
285:(49,2,24,46,4,4,0)
286:(49,2,25,46,4,4,0)
287:(51,2,24,47,3,3,0)
288:(49,2,25,47,3,3,0)
289:(49,2,26,47,3,3,0)
290:(51,2,23,47,3,3,0)
291:(49,2,24,47,3,3,0)
292:(51,2,22,47,3,3,0)
293:(49,2,23,47,3,3,0)
294:(51,2,23,48,2,2,0)
295:(49,2,24,48,2,2,0)
296:(49,2,25,48,2,2,0)
297:(51,2,22,48,2,2,0)
298:(49,2,23,48,2,2,0)
299:(51,2,23,49,1,1,0)
300:(49,2,24,49,1,1,0)
301:(49,2,25,49,1,1,0)
302:(51,2,24,50,0,0,0)
303:(49,2,25,50,0,0,0)
304:(49,2,26,50,0,0,0)
305:(51,2,23,50,0,0,0)
306:(49,2,24,50,0,0,0)
307:(51,2,22,50,0,0,0)
308:(49,2,23,50,0,0,0)
309:(51,2,21,50,0,0,0)
310:(49,2,22,50,0,0,0)
311:(51,2,20,50,0,0,0)
312:(49,2,21,50,0,0,0)
313:(51,2,19,50,0,0,0)
314:(49,2,20,50,0,0,0)
315:(51,2,18,50,0,0,0)
316:(49,2,19,50,0,0,0)
317:(51,2,17,50,0,0,0)
318:(49,2,18,50,0,0,0)
319:(51,2,16,50,0,0,0)
320:(49,2,17,50,0,0,0)
321:(51,2,15,50,0,0,0)
322:(49,2,16,50,0,0,0)
323:(51,2,14,50,0,0,0)
324:(49,2,15,50,0,0,0)
325:(51,2,13,50,0,0,0)
326:(49,2,14,50,0,0,0)
327:(51,2,12,50,0,0,0)
328:(49,2,13,50,0,0,0)
329:(51,2,11,50,0,0,0)
330:(49,2,12,50,0,0,0)
331:(51,2,10,50,0,0,0)
332:(49,2,11,50,0,0,0)
333:(51,2,9,50,0,0,0)
334:(49,2,10,50,0,0,0)
335:(51,2,8,50,0,0,0)
336:(49,2,9,50,0,0,0)
337:(51,2,7,50,0,0,0)
338:(49,2,8,50,0,0,0)
339:(51,2,6,50,0,0,0)
340:(49,2,7,50,0,0,0)
341:(51,2,5,50,0,0,0)
342:(49,2,6,50,0,0,0)
343:(51,2,4,50,0,0,0)
344:(49,2,5,50,0,0,0)
345:(51,2,3,50,0,0,0)
346:(49,2,4,50,0,0,0)
347:(51,2,2,50,0,0,0)
348:(49,2,3,50,0,0,0)
349:(51,2,1,50,0,0,0)
350:(49,2,2,50,0,0,0)
351:(51,2,0,50,0,0,0)
352:(50,2,0,50,0,0,0)
353:(49,2,1,50,0,0,0)
354:(48,2,1,1,49,49,0)
355:(46,2,3,1,49,49,0)
356:(49,2,0,1,49,49,0)
357:(47,2,2,1,49,49,0)
358:(49,2,1,2,48,48,0)
359:(47,2,2,2,48,48,0)
360:(47,2,3,2,48,48,0)
361:(49,2,2,3,47,47,0)
362:(47,2,3,3,47,47,0)
363:(47,2,4,3,47,47,0)
364:(49,2,3,4,46,46,0)
365:(47,2,4,4,46,46,0)
366:(47,2,5,4,46,46,0)
367:(49,2,4,5,45,45,0)
368:(47,2,6,5,45,45,0)
369:(50,2,3,5,45,45,0)
370:(48,2,5,5,45,45,0)
371:(50,2,4,6,44,44,0)
372:(48,2,5,6,44,44,0)
373:(48,2,6,6,44,44,0)
374:(50,2,5,7,43,43,0)
375:(48,2,6,7,43,43,0)
376:(48,2,7,7,43,43,0)
377:(50,2,6,8,42,42,0)
378:(48,2,7,8,42,42,0)
379:(48,2,8,8,42,42,0)
380:(50,2,5,8,42,42,0)
381:(50,2,6,9,41,41,0)
382:(48,2,7,9,41,41,0)
383:(48,2,8,9,41,41,0)
384:(50,2,7,10,40,40,0)
385:(48,2,9,10,40,40,0)
386:(51,2,6,10,40,40,0)
387:(49,2,8,10,40,40,0)
388:(52,2,5,10,40,40,0)
389:(52,2,6,11,39,39,0)
390:(50,2,7,11,39,39,0)
391:(50,2,8,11,39,39,0)
392:(52,2,5,11,39,39,0)
393:(52,2,6,12,38,38,0)
394:(50,2,7,12,38,38,0)
395:(50,2,8,12,38,38,0)
396:(52,2,7,13,37,37,0)
397:(50,2,8,13,37,37,0)
398:(50,2,9,13,37,37,0)
399:(52,2,8,14,36,36,0)
400:(50,2,9,14,36,36,0)
401:(50,2,10,14,36,36,0)
402:(52,2,7,14,36,36,0)
403:(52,2,8,15,35,35,0)
404:(50,2,9,15,35,35,0)
405:(50,2,10,15,35,35,0)
406:(52,2,9,16,34,34,0)
407:(50,2,10,16,34,34,0)
408:(50,2,11,16,34,34,0)
409:(52,2,10,17,33,33,0)
410:(50,2,11,17,33,33,0)
411:(50,2,12,17,33,33,0)
412:(52,2,11,18,32,32,0)
413:(50,2,12,18,32,32,0)
414:(50,2,13,18,32,32,0)
415:(52,2,12,19,31,31,0)
416:(50,2,13,19,31,31,0)
417:(50,2,14,19,31,31,0)
418:(52,2,11,19,31,31,0)
419:(52,2,12,20,30,30,0)
420:(50,2,13,20,30,30,0)
421:(50,2,14,20,30,30,0)
422:(52,2,11,20,30,30,0)
423:(52,2,12,21,29,29,0)
424:(50,2,13,21,29,29,0)
425:(50,2,14,21,29,29,0)
426:(52,2,13,22,28,28,0)
427:(50,2,14,22,28,28,0)
428:(50,2,15,22,28,28,0)
429:(52,2,12,22,28,28,0)
430:(52,2,13,23,27,27,0)
431:(50,2,14,23,27,27,0)
432:(50,2,15,23,27,27,0)
433:(52,2,12,23,27,27,0)
434:(52,2,11,23,27,27,0)
435:(52,2,12,24,26,26,0)
436:(50,2,13,24,26,26,0)
437:(50,2,14,24,26,26,0)
438:(52,2,13,25,25,25,0)
439:(50,2,14,25,25,25,0)
440:(50,2,15,25,25,25,0)
441:(52,2,12,25,25,25,0)
442:(52,2,13,26,24,24,0)
443:(50,2,14,26,24,24,0)
444:(50,2,15,26,24,24,0)
445:(52,2,12,26,24,24,0)
446:(52,2,13,27,23,23,0)
447:(50,2,14,27,23,23,0)
448:(50,2,15,27,23,23,0)
449:(52,2,12,27,23,23,0)
450:(52,2,13,28,22,22,0)
451:(50,2,14,28,22,22,0)
452:(50,2,15,28,22,22,0)
453:(52,2,14,29,21,21,0)
454:(50,2,15,29,21,21,0)
455:(50,2,16,29,21,21,0)
456:(52,2,15,30,20,20,0)
457:(50,2,16,30,20,20,0)
458:(50,2,17,30,20,20,0)
459:(52,2,14,30,20,20,0)
460:(52,2,15,31,19,19,0)
461:(50,2,16,31,19,19,0)
462:(50,2,17,31,19,19,0)
463:(52,2,14,31,19,19,0)
464:(52,2,15,32,18,18,0)
465:(50,2,16,32,18,18,0)
466:(50,2,17,32,18,18,0)
467:(52,2,16,33,17,17,0)
468:(50,2,17,33,17,17,0)
469:(50,2,18,33,17,17,0)
470:(52,2,17,34,16,16,0)
471:(50,2,18,34,16,16,0)
472:(50,2,19,34,16,16,0)
473:(52,2,18,35,15,15,0)
474:(50,2,19,35,15,15,0)
475:(50,2,20,35,15,15,0)
476:(52,2,19,36,14,14,0)
477:(50,2,20,36,14,14,0)
478:(50,2,21,36,14,14,0)
479:(52,2,18,36,14,14,0)
480:(52,2,17,36,14,14,0)
481:(52,2,18,37,13,13,0)
482:(50,2,19,37,13,13,0)
483:(50,2,20,37,13,13,0)
484:(52,2,19,38,12,12,0)
485:(50,2,20,38,12,12,0)
486:(50,2,21,38,12,12,0)
487:(52,2,20,39,11,11,0)
488:(50,2,21,39,11,11,0)
489:(50,2,22,39,11,11,0)
490:(52,2,21,40,10,10,0)
491:(50,2,22,40,10,10,0)
492:(50,2,23,40,10,10,0)
493:(52,2,20,40,10,10,0)
494:(52,2,21,41,9,9,0)
495:(50,2,22,41,9,9,0)
496:(50,2,23,41,9,9,0)
497:(52,2,20,41,9,9,0)
498:(52,2,19,41,9,9,0)
499:(52,2,20,42,8,8,0)
500:(50,2,21,42,8,8,0)
501:(50,2,22,42,8,8,0)
502:(52,2,21,43,7,7,0)
503:(50,2,22,43,7,7,0)
504:(50,2,23,43,7,7,0)
505:(52,2,22,44,6,6,0)
506:(50,2,23,44,6,6,0)
507:(50,2,24,44,6,6,0)
508:(52,2,23,45,5,5,0)
509:(50,2,24,45,5,5,0)
510:(50,2,25,45,5,5,0)
511:(52,2,22,45,5,5,0)
512:(52,2,23,46,4,4,0)
513:(50,2,24,46,4,4,0)
514:(50,2,25,46,4,4,0)
515:(52,2,24,47,3,3,0)
516:(50,2,25,47,3,3,0)
517:(50,2,26,47,3,3,0)
518:(52,2,23,47,3,3,0)
519:(52,2,22,47,3,3,0)
520:(52,2,23,48,2,2,0)
521:(50,2,24,48,2,2,0)
522:(50,2,25,48,2,2,0)
523:(52,2,22,48,2,2,0)
524:(52,2,23,49,1,1,0)
525:(50,2,24,49,1,1,0)
526:(50,2,25,49,1,1,0)
527:(52,2,24,50,0,0,0)
528:(50,2,25,50,0,0,0)
529:(50,2,26,50,0,0,0)
530:(52,2,23,50,0,0,0)
531:(52,2,22,50,0,0,0)
532:(52,2,21,50,0,0,0)
533:(52,2,20,50,0,0,0)
534:(52,2,19,50,0,0,0)
535:(52,2,18,50,0,0,0)
536:(52,2,17,50,0,0,0)
537:(52,2,16,50,0,0,0)
538:(52,2,15,50,0,0,0)
539:(52,2,14,50,0,0,0)
540:(52,2,13,50,0,0,0)
541:(52,2,12,50,0,0,0)
542:(52,2,11,50,0,0,0)
543:(52,2,10,50,0,0,0)
544:(52,2,9,50,0,0,0)
545:(52,2,8,50,0,0,0)
546:(52,2,7,50,0,0,0)
547:(52,2,6,50,0,0,0)
548:(52,2,5,50,0,0,0)
549:(52,2,4,50,0,0,0)
550:(52,2,3,50,0,0,0)
551:(52,2,2,50,0,0,0)
552:(52,2,1,50,0,0,0)
553:(52,2,0,50,0,0,0)
554:(48,2,0,0,50,50,0)
555:(50,2,0,1,49,49,0)
556:(48,2,2,1,49,49,0)
557:(50,2,1,2,48,48,0)
558:(48,2,2,2,48,48,0)
559:(48,2,3,2,48,48,0)
560:(50,2,2,3,47,47,0)
561:(48,2,3,3,47,47,0)
562:(48,2,4,3,47,47,0)
563:(50,2,3,4,46,46,0)
564:(48,2,4,4,46,46,0)
565:(48,2,5,4,46,46,0)
566:(50,2,4,5,45,45,0)
567:(48,2,6,5,45,45,0)
568:(51,2,3,5,45,45,0)
569:(49,2,5,5,45,45,0)
570:(51,2,4,6,44,44,0)
571:(49,2,5,6,44,44,0)
572:(49,2,6,6,44,44,0)
573:(51,2,5,7,43,43,0)
574:(49,2,6,7,43,43,0)
575:(49,2,7,7,43,43,0)
576:(51,2,6,8,42,42,0)
577:(49,2,7,8,42,42,0)
578:(49,2,8,8,42,42,0)
579:(51,2,5,8,42,42,0)
580:(51,2,6,9,41,41,0)
581:(49,2,7,9,41,41,0)
582:(49,2,8,9,41,41,0)
583:(51,2,7,10,40,40,0)
584:(49,2,9,10,40,40,0)
585:(52,2,6,10,40,40,0)
586:(50,2,8,10,40,40,0)
587:(53,2,5,10,40,40,0)
588:(53,2,6,11,39,39,0)
589:(51,2,7,11,39,39,0)
590:(51,2,8,11,39,39,0)
591:(53,2,5,11,39,39,0)
592:(53,2,6,12,38,38,0)
593:(51,2,7,12,38,38,0)
594:(51,2,8,12,38,38,0)
595:(53,2,7,13,37,37,0)
596:(51,2,8,13,37,37,0)
597:(51,2,9,13,37,37,0)
598:(53,2,8,14,36,36,0)
599:(51,2,9,14,36,36,0)
600:(51,2,10,14,36,36,0)
601:(53,2,7,14,36,36,0)
602:(53,2,8,15,35,35,0)
603:(51,2,9,15,35,35,0)
604:(51,2,10,15,35,35,0)
605:(53,2,9,16,34,34,0)
606:(51,2,10,16,34,34,0)
607:(51,2,11,16,34,34,0)
608:(53,2,10,17,33,33,0)
609:(51,2,11,17,33,33,0)
610:(51,2,12,17,33,33,0)
611:(53,2,11,18,32,32,0)
612:(51,2,12,18,32,32,0)
613:(51,2,13,18,32,32,0)
614:(53,2,12,19,31,31,0)
615:(51,2,13,19,31,31,0)
616:(51,2,14,19,31,31,0)
617:(53,2,11,19,31,31,0)
618:(53,2,12,20,30,30,0)
619:(51,2,13,20,30,30,0)
620:(51,2,14,20,30,30,0)
621:(53,2,11,20,30,30,0)
622:(53,2,12,21,29,29,0)
623:(51,2,13,21,29,29,0)
624:(51,2,14,21,29,29,0)
625:(53,2,13,22,28,28,0)
626:(51,2,14,22,28,28,0)
627:(51,2,15,22,28,28,0)
628:(53,2,12,22,28,28,0)
629:(53,2,13,23,27,27,0)
630:(51,2,14,23,27,27,0)
631:(51,2,15,23,27,27,0)
632:(53,2,12,23,27,27,0)
633:(53,2,11,23,27,27,0)
634:(53,2,12,24,26,26,0)
635:(51,2,13,24,26,26,0)
636:(51,2,14,24,26,26,0)
637:(53,2,13,25,25,25,0)
638:(51,2,14,25,25,25,0)
639:(51,2,15,25,25,25,0)
640:(53,2,12,25,25,25,0)
641:(53,2,13,26,24,24,0)
642:(51,2,14,26,24,24,0)
643:(51,2,15,26,24,24,0)
644:(53,2,12,26,24,24,0)
645:(53,2,13,27,23,23,0)
646:(51,2,14,27,23,23,0)
647:(51,2,15,27,23,23,0)
648:(53,2,12,27,23,23,0)
649:(53,2,13,28,22,22,0)
650:(51,2,14,28,22,22,0)
651:(51,2,15,28,22,22,0)
652:(53,2,14,29,21,21,0)
653:(51,2,15,29,21,21,0)
654:(51,2,16,29,21,21,0)
655:(53,2,15,30,20,20,0)
656:(51,2,16,30,20,20,0)
657:(51,2,17,30,20,20,0)
658:(53,2,14,30,20,20,0)
659:(53,2,15,31,19,19,0)
660:(51,2,16,31,19,19,0)
661:(51,2,17,31,19,19,0)
662:(53,2,14,31,19,19,0)
663:(53,2,15,32,18,18,0)
664:(51,2,16,32,18,18,0)
665:(51,2,17,32,18,18,0)
666:(53,2,16,33,17,17,0)
667:(51,2,17,33,17,17,0)
668:(51,2,18,33,17,17,0)
669:(53,2,17,34,16,16,0)
670:(51,2,18,34,16,16,0)
671:(51,2,19,34,16,16,0)
672:(53,2,18,35,15,15,0)
673:(51,2,19,35,15,15,0)
674:(51,2,20,35,15,15,0)
675:(53,2,19,36,14,14,0)
676:(51,2,20,36,14,14,0)
677:(51,2,21,36,14,14,0)
678:(53,2,18,36,14,14,0)
679:(53,2,17,36,14,14,0)
680:(53,2,18,37,13,13,0)
681:(51,2,19,37,13,13,0)
682:(51,2,20,37,13,13,0)
683:(53,2,19,38,12,12,0)
684:(51,2,20,38,12,12,0)
685:(51,2,21,38,12,12,0)
686:(53,2,20,39,11,11,0)
687:(51,2,21,39,11,11,0)
688:(51,2,22,39,11,11,0)
689:(53,2,21,40,10,10,0)
690:(51,2,22,40,10,10,0)
691:(51,2,23,40,10,10,0)
692:(53,2,20,40,10,10,0)
693:(53,2,21,41,9,9,0)
694:(51,2,22,41,9,9,0)
695:(51,2,23,41,9,9,0)
696:(53,2,20,41,9,9,0)
697:(53,2,19,41,9,9,0)
698:(53,2,20,42,8,8,0)
699:(51,2,21,42,8,8,0)
700:(51,2,22,42,8,8,0)
701:(53,2,21,43,7,7,0)
702:(51,2,22,43,7,7,0)
703:(51,2,23,43,7,7,0)
704:(53,2,22,44,6,6,0)
705:(51,2,23,44,6,6,0)
706:(51,2,24,44,6,6,0)
707:(53,2,23,45,5,5,0)
708:(51,2,24,45,5,5,0)
709:(51,2,25,45,5,5,0)
710:(53,2,22,45,5,5,0)
711:(53,2,23,46,4,4,0)
712:(51,2,24,46,4,4,0)
713:(51,2,25,46,4,4,0)
714:(53,2,24,47,3,3,0)
715:(51,2,25,47,3,3,0)
716:(51,2,26,47,3,3,0)
717:(53,2,23,47,3,3,0)
718:(53,2,22,47,3,3,0)
719:(53,2,23,48,2,2,0)
720:(51,2,24,48,2,2,0)
721:(51,2,25,48,2,2,0)
722:(53,2,22,48,2,2,0)
723:(53,2,23,49,1,1,0)
724:(51,2,24,49,1,1,0)
725:(51,2,25,49,1,1,0)
726:(53,2,24,50,0,0,0)
727:(51,2,25,50,0,0,0)
728:(51,2,26,50,0,0,0)
729:(53,2,23,50,0,0,0)
730:(53,2,22,50,0,0,0)
731:(53,2,21,50,0,0,0)
732:(53,2,20,50,0,0,0)
733:(53,2,19,50,0,0,0)
734:(53,2,18,50,0,0,0)
735:(53,2,17,50,0,0,0)
736:(53,2,16,50,0,0,0)
737:(53,2,15,50,0,0,0)
738:(53,2,14,50,0,0,0)
739:(53,2,13,50,0,0,0)
740:(53,2,12,50,0,0,0)
741:(53,2,11,50,0,0,0)
742:(53,2,10,50,0,0,0)
743:(53,2,9,50,0,0,0)
744:(53,2,8,50,0,0,0)
745:(53,2,7,50,0,0,0)
746:(53,2,6,50,0,0,0)
747:(53,2,5,50,0,0,0)
748:(53,2,4,50,0,0,0)
749:(53,2,3,50,0,0,0)
750:(53,2,2,50,0,0,0)
751:(53,2,1,50,0,0,0)
752:(53,2,0,50,0,0,0)
753:(49,2,1,1,49,49,0)
754:(49,2,0,0,50,50,0)
755:(51,2,1,2,48,48,0)
756:(49,2,2,2,48,48,0)
757:(49,2,3,2,48,48,0)
758:(51,2,2,3,47,47,0)
759:(49,2,3,3,47,47,0)
760:(49,2,4,3,47,47,0)
761:(51,2,3,4,46,46,0)
762:(49,2,4,4,46,46,0)
763:(49,2,5,4,46,46,0)
764:(51,2,4,5,45,45,0)
765:(49,2,6,5,45,45,0)
766:(52,2,3,5,45,45,0)
767:(50,2,5,5,45,45,0)
768:(52,2,4,6,44,44,0)
769:(50,2,5,6,44,44,0)
770:(50,2,6,6,44,44,0)
771:(52,2,5,7,43,43,0)
772:(50,2,6,7,43,43,0)
773:(50,2,7,7,43,43,0)
774:(52,2,6,8,42,42,0)
775:(50,2,7,8,42,42,0)
776:(50,2,8,8,42,42,0)
777:(52,2,5,8,42,42,0)
778:(52,2,6,9,41,41,0)
779:(50,2,7,9,41,41,0)
780:(50,2,8,9,41,41,0)
781:(52,2,7,10,40,40,0)
782:(50,2,9,10,40,40,0)
783:(53,2,6,10,40,40,0)
784:(51,2,8,10,40,40,0)
785:(54,2,5,10,40,40,0)
786:(54,2,6,11,39,39,0)
787:(52,2,7,11,39,39,0)
788:(52,2,8,11,39,39,0)
789:(54,2,5,11,39,39,0)
790:(54,2,6,12,38,38,0)
791:(52,2,7,12,38,38,0)
792:(52,2,8,12,38,38,0)
793:(54,2,7,13,37,37,0)
794:(52,2,8,13,37,37,0)
795:(52,2,9,13,37,37,0)
796:(54,2,8,14,36,36,0)
797:(52,2,9,14,36,36,0)
798:(52,2,10,14,36,36,0)
799:(54,2,7,14,36,36,0)
800:(54,2,8,15,35,35,0)
801:(52,2,9,15,35,35,0)
802:(52,2,10,15,35,35,0)
803:(54,2,9,16,34,34,0)
804:(52,2,10,16,34,34,0)
805:(52,2,11,16,34,34,0)
806:(54,2,10,17,33,33,0)
807:(52,2,11,17,33,33,0)
808:(52,2,12,17,33,33,0)
809:(54,2,11,18,32,32,0)
810:(52,2,12,18,32,32,0)
811:(52,2,13,18,32,32,0)
812:(54,2,12,19,31,31,0)
813:(52,2,13,19,31,31,0)
814:(52,2,14,19,31,31,0)
815:(54,2,11,19,31,31,0)
816:(54,2,12,20,30,30,0)
817:(52,2,13,20,30,30,0)
818:(52,2,14,20,30,30,0)
819:(54,2,11,20,30,30,0)
820:(54,2,12,21,29,29,0)
821:(52,2,13,21,29,29,0)
822:(52,2,14,21,29,29,0)
823:(54,2,13,22,28,28,0)
824:(52,2,14,22,28,28,0)
825:(52,2,15,22,28,28,0)
826:(54,2,12,22,28,28,0)
827:(54,2,13,23,27,27,0)
828:(52,2,14,23,27,27,0)
829:(52,2,15,23,27,27,0)
830:(54,2,12,23,27,27,0)
831:(54,2,11,23,27,27,0)
832:(54,2,12,24,26,26,0)
833:(52,2,13,24,26,26,0)
834:(52,2,14,24,26,26,0)
835:(54,2,13,25,25,25,0)
836:(52,2,14,25,25,25,0)
837:(52,2,15,25,25,25,0)
838:(54,2,12,25,25,25,0)
839:(54,2,13,26,24,24,0)
840:(52,2,14,26,24,24,0)
841:(52,2,15,26,24,24,0)
842:(54,2,12,26,24,24,0)
843:(54,2,13,27,23,23,0)
844:(52,2,14,27,23,23,0)
845:(52,2,15,27,23,23,0)
846:(54,2,12,27,23,23,0)
847:(54,2,13,28,22,22,0)
848:(52,2,14,28,22,22,0)
849:(52,2,15,28,22,22,0)
850:(54,2,14,29,21,21,0)
851:(52,2,15,29,21,21,0)
852:(52,2,16,29,21,21,0)
853:(54,2,15,30,20,20,0)
854:(52,2,16,30,20,20,0)
855:(52,2,17,30,20,20,0)
856:(54,2,14,30,20,20,0)
857:(54,2,15,31,19,19,0)
858:(52,2,16,31,19,19,0)
859:(52,2,17,31,19,19,0)
860:(54,2,14,31,19,19,0)
861:(54,2,15,32,18,18,0)
862:(52,2,16,32,18,18,0)
863:(52,2,17,32,18,18,0)
864:(54,2,16,33,17,17,0)
865:(52,2,17,33,17,17,0)
866:(52,2,18,33,17,17,0)
867:(54,2,17,34,16,16,0)
868:(52,2,18,34,16,16,0)
869:(52,2,19,34,16,16,0)
870:(54,2,18,35,15,15,0)
871:(52,2,19,35,15,15,0)
872:(52,2,20,35,15,15,0)
873:(54,2,19,36,14,14,0)
874:(52,2,20,36,14,14,0)
875:(52,2,21,36,14,14,0)
876:(54,2,18,36,14,14,0)
877:(54,2,17,36,14,14,0)
878:(54,2,18,37,13,13,0)
879:(52,2,19,37,13,13,0)
880:(52,2,20,37,13,13,0)
881:(54,2,19,38,12,12,0)
882:(52,2,20,38,12,12,0)
883:(52,2,21,38,12,12,0)
884:(54,2,20,39,11,11,0)
885:(52,2,21,39,11,11,0)
886:(52,2,22,39,11,11,0)
887:(54,2,21,40,10,10,0)
888:(52,2,22,40,10,10,0)
889:(52,2,23,40,10,10,0)
890:(54,2,20,40,10,10,0)
891:(54,2,21,41,9,9,0)
892:(52,2,22,41,9,9,0)
893:(52,2,23,41,9,9,0)
894:(54,2,20,41,9,9,0)
895:(54,2,19,41,9,9,0)
896:(54,2,20,42,8,8,0)
897:(52,2,21,42,8,8,0)
898:(52,2,22,42,8,8,0)
899:(54,2,21,43,7,7,0)
900:(52,2,22,43,7,7,0)
901:(52,2,23,43,7,7,0)
902:(54,2,22,44,6,6,0)
903:(52,2,23,44,6,6,0)
904:(52,2,24,44,6,6,0)
905:(54,2,23,45,5,5,0)
906:(52,2,24,45,5,5,0)
907:(52,2,25,45,5,5,0)
908:(54,2,22,45,5,5,0)
909:(54,2,23,46,4,4,0)
910:(52,2,24,46,4,4,0)
911:(52,2,25,46,4,4,0)
912:(54,2,24,47,3,3,0)
913:(52,2,25,47,3,3,0)
914:(52,2,26,47,3,3,0)
915:(54,2,23,47,3,3,0)
916:(54,2,22,47,3,3,0)
917:(54,2,23,48,2,2,0)
918:(52,2,24,48,2,2,0)
919:(52,2,25,48,2,2,0)
920:(54,2,22,48,2,2,0)
921:(54,2,23,49,1,1,0)
922:(52,2,24,49,1,1,0)
923:(52,2,25,49,1,1,0)
924:(54,2,24,50,0,0,0)
925:(52,2,25,50,0,0,0)
926:(52,2,26,50,0,0,0)
927:(54,2,23,50,0,0,0)
928:(54,2,22,50,0,0,0)
929:(54,2,21,50,0,0,0)
930:(54,2,20,50,0,0,0)
931:(54,2,19,50,0,0,0)
932:(54,2,18,50,0,0,0)
933:(54,2,17,50,0,0,0)
934:(54,2,16,50,0,0,0)
935:(54,2,15,50,0,0,0)
936:(54,2,14,50,0,0,0)
937:(54,2,13,50,0,0,0)
938:(54,2,12,50,0,0,0)
939:(54,2,11,50,0,0,0)
940:(54,2,10,50,0,0,0)
941:(54,2,9,50,0,0,0)
942:(54,2,8,50,0,0,0)
943:(54,2,7,50,0,0,0)
944:(54,2,6,50,0,0,0)
945:(54,2,5,50,0,0,0)
946:(54,2,4,50,0,0,0)
947:(54,2,3,50,0,0,0)
948:(54,2,2,50,0,0,0)
949:(54,2,1,50,0,0,0)
950:(54,2,0,50,0,0,0)
951:(47,2,1,0,50,50,0)
952:(48,2,1,0,50,50,0)
953:(50,2,2,2,48,48,0)
954:(50,2,3,3,47,47,0)
955:(50,2,4,4,46,46,0)
956:(51,2,5,6,44,44,0)
957:(51,2,6,7,43,43,0)
958:(51,2,7,8,42,42,0)
959:(51,2,7,9,41,41,0)
960:(53,2,7,11,39,39,0)
961:(53,2,7,12,38,38,0)
962:(53,2,8,13,37,37,0)
963:(53,2,9,14,36,36,0)
964:(53,2,9,15,35,35,0)
965:(53,2,10,16,34,34,0)
966:(53,2,11,17,33,33,0)
967:(53,2,12,18,32,32,0)
968:(53,2,13,19,31,31,0)
969:(53,2,13,20,30,30,0)
970:(53,2,13,21,29,29,0)
971:(53,2,14,22,28,28,0)
972:(53,2,14,23,27,27,0)
973:(53,2,13,24,26,26,0)
974:(53,2,14,25,25,25,0)
975:(53,2,14,26,24,24,0)
976:(53,2,14,27,23,23,0)
977:(53,2,14,28,22,22,0)
978:(53,2,15,29,21,21,0)
979:(53,2,16,30,20,20,0)
980:(53,2,16,31,19,19,0)
981:(53,2,16,32,18,18,0)
982:(53,2,17,33,17,17,0)
983:(53,2,18,34,16,16,0)
984:(53,2,19,35,15,15,0)
985:(53,2,20,36,14,14,0)
986:(53,2,19,37,13,13,0)
987:(53,2,20,38,12,12,0)
988:(53,2,21,39,11,11,0)
989:(53,2,22,40,10,10,0)
990:(53,2,22,41,9,9,0)
991:(53,2,21,42,8,8,0)
992:(53,2,22,43,7,7,0)
993:(53,2,23,44,6,6,0)
994:(53,2,24,45,5,5,0)
995:(53,2,24,46,4,4,0)
996:(53,2,25,47,3,3,0)
997:(53,2,24,48,2,2,0)
998:(53,2,24,49,1,1,0)
999:(53,2,25,50,0,0,0)
1000:(49,2,0,50,0,0,0)
1001:(49,2,23,49,1,1,0)
1002:(49,2,22,48,2,2,0)
1003:(49,2,22,47,3,3,0)
1004:(49,2,23,46,4,4,0)
1005:(49,2,22,45,5,5,0)
1006:(49,2,22,44,6,6,0)
1007:(49,2,21,43,7,7,0)
1008:(49,2,20,42,8,8,0)
1009:(49,2,19,41,9,9,0)
1010:(49,2,20,40,10,10,0)
1011:(49,2,20,39,11,11,0)
1012:(49,2,19,38,12,12,0)
1013:(49,2,18,37,13,13,0)
1014:(49,2,17,36,14,14,0)
1015:(49,2,18,35,15,15,0)
1016:(49,2,17,34,16,16,0)
1017:(49,2,16,33,17,17,0)
1018:(49,2,15,32,18,18,0)
1019:(49,2,14,31,19,19,0)
1020:(49,2,14,30,20,20,0)
1021:(49,2,14,29,21,21,0)
1022:(49,2,13,28,22,22,0)
1023:(49,2,12,27,23,23,0)
1024:(49,2,12,26,24,24,0)
1025:(49,2,12,25,25,25,0)
1026:(49,2,12,24,26,26,0)
1027:(49,2,11,23,27,27,0)
1028:(49,2,12,22,28,28,0)
1029:(49,2,12,21,29,29,0)
1030:(49,2,11,20,30,30,0)
1031:(49,2,11,19,31,31,0)
1032:(49,2,11,18,32,32,0)
1033:(49,2,10,17,33,33,0)
1034:(49,2,9,16,34,34,0)
1035:(49,2,8,15,35,35,0)
1036:(49,2,7,14,36,36,0)
1037:(49,2,7,13,37,37,0)
1038:(49,2,6,12,38,38,0)
1039:(49,2,5,11,39,39,0)
1040:(49,2,5,10,40,40,0)
1041:(48,2,6,10,40,40,0)
1042:(47,2,7,10,40,40,0)
1043:(47,2,6,9,41,41,0)
1044:(47,2,5,8,42,42,0)
1045:(47,2,5,7,43,43,0)
1046:(47,2,4,6,44,44,0)
1047:(47,2,3,5,45,45,0)
1048:(46,2,4,5,45,45,0)
1049:(46,2,3,4,46,46,0)
1050:(46,2,2,3,47,47,0)
1051:(46,2,1,2,48,48,0)
1052:(46,2,0,1,49,49,0)
1053:(45,2,1,1,49,49,0)
1054:(45,2,0,0,50,50,0)
1055:(45,2,2,2,48,48,0)
1056:(45,2,3,2,48,48,0)
1057:(45,2,3,3,47,47,0)
1058:(45,2,4,3,47,47,0)
1059:(45,2,4,4,46,46,0)
1060:(45,2,5,4,46,46,0)
1061:(45,2,5,5,45,45,0)
1062:(45,2,6,5,45,45,0)
1063:(46,2,5,6,44,44,0)
1064:(46,2,6,6,44,44,0)
1065:(46,2,6,7,43,43,0)
1066:(46,2,7,7,43,43,0)
1067:(46,2,7,8,42,42,0)
1068:(46,2,8,8,42,42,0)
1069:(46,2,6,8,42,42,0)
1070:(46,2,7,9,41,41,0)
1071:(46,2,8,9,41,41,0)
1072:(46,2,8,10,40,40,0)
1073:(46,2,9,10,40,40,0)
1074:(48,2,7,11,39,39,0)
1075:(48,2,8,11,39,39,0)
1076:(48,2,6,11,39,39,0)
1077:(48,2,7,12,38,38,0)
1078:(48,2,8,12,38,38,0)
1079:(48,2,8,13,37,37,0)
1080:(48,2,9,13,37,37,0)
1081:(48,2,9,14,36,36,0)
1082:(48,2,10,14,36,36,0)
1083:(48,2,8,14,36,36,0)
1084:(48,2,9,15,35,35,0)
1085:(48,2,10,15,35,35,0)
1086:(48,2,10,16,34,34,0)
1087:(48,2,11,16,34,34,0)
1088:(48,2,11,17,33,33,0)
1089:(48,2,12,17,33,33,0)
1090:(48,2,12,18,32,32,0)
1091:(48,2,13,18,32,32,0)
1092:(48,2,13,19,31,31,0)
1093:(48,2,14,19,31,31,0)
1094:(48,2,12,19,31,31,0)
1095:(48,2,13,20,30,30,0)
1096:(48,2,14,20,30,30,0)
1097:(48,2,12,20,30,30,0)
1098:(48,2,13,21,29,29,0)
1099:(48,2,14,21,29,29,0)
1100:(48,2,14,22,28,28,0)
1101:(48,2,15,22,28,28,0)
1102:(48,2,13,22,28,28,0)
1103:(48,2,14,23,27,27,0)
1104:(48,2,15,23,27,27,0)
1105:(48,2,13,23,27,27,0)
1106:(48,2,12,23,27,27,0)
1107:(48,2,13,24,26,26,0)
1108:(48,2,14,24,26,26,0)
1109:(48,2,14,25,25,25,0)
1110:(48,2,15,25,25,25,0)
1111:(48,2,13,25,25,25,0)
1112:(48,2,14,26,24,24,0)
1113:(48,2,15,26,24,24,0)
1114:(48,2,13,26,24,24,0)
1115:(48,2,14,27,23,23,0)
1116:(48,2,15,27,23,23,0)
1117:(48,2,13,27,23,23,0)
1118:(48,2,14,28,22,22,0)
1119:(48,2,15,28,22,22,0)
1120:(48,2,15,29,21,21,0)
1121:(48,2,16,29,21,21,0)
1122:(48,2,16,30,20,20,0)
1123:(48,2,17,30,20,20,0)
1124:(48,2,15,30,20,20,0)
1125:(48,2,16,31,19,19,0)
1126:(48,2,17,31,19,19,0)
1127:(48,2,15,31,19,19,0)
1128:(48,2,16,32,18,18,0)
1129:(48,2,17,32,18,18,0)
1130:(48,2,17,33,17,17,0)
1131:(48,2,18,33,17,17,0)
1132:(48,2,18,34,16,16,0)
1133:(48,2,19,34,16,16,0)
1134:(48,2,19,35,15,15,0)
1135:(48,2,20,35,15,15,0)
1136:(48,2,20,36,14,14,0)
1137:(48,2,21,36,14,14,0)
1138:(48,2,19,36,14,14,0)
1139:(48,2,18,36,14,14,0)
1140:(48,2,19,37,13,13,0)
1141:(48,2,20,37,13,13,0)
1142:(48,2,20,38,12,12,0)
1143:(48,2,21,38,12,12,0)
1144:(48,2,21,39,11,11,0)
1145:(48,2,22,39,11,11,0)
1146:(48,2,22,40,10,10,0)
1147:(48,2,23,40,10,10,0)
1148:(48,2,21,40,10,10,0)
1149:(48,2,22,41,9,9,0)
1150:(48,2,23,41,9,9,0)
1151:(48,2,21,41,9,9,0)
1152:(48,2,20,41,9,9,0)
1153:(48,2,21,42,8,8,0)
1154:(48,2,22,42,8,8,0)
1155:(48,2,22,43,7,7,0)
1156:(48,2,23,43,7,7,0)
1157:(48,2,23,44,6,6,0)
1158:(48,2,24,44,6,6,0)
1159:(48,2,24,45,5,5,0)
1160:(48,2,25,45,5,5,0)
1161:(48,2,23,45,5,5,0)
1162:(48,2,24,46,4,4,0)
1163:(48,2,25,46,4,4,0)
1164:(48,2,25,47,3,3,0)
1165:(48,2,26,47,3,3,0)
1166:(48,2,24,47,3,3,0)
1167:(48,2,23,47,3,3,0)
1168:(48,2,24,48,2,2,0)
1169:(48,2,25,48,2,2,0)
1170:(48,2,23,48,2,2,0)
1171:(48,2,24,49,1,1,0)
1172:(48,2,25,49,1,1,0)
1173:(48,2,25,50,0,0,0)
1174:(48,2,26,50,0,0,0)
1175:(48,2,24,50,0,0,0)
1176:(48,2,23,50,0,0,0)
1177:(48,2,22,50,0,0,0)
1178:(48,2,21,50,0,0,0)
1179:(48,2,20,50,0,0,0)
1180:(48,2,19,50,0,0,0)
1181:(48,2,18,50,0,0,0)
1182:(48,2,17,50,0,0,0)
1183:(48,2,16,50,0,0,0)
1184:(48,2,15,50,0,0,0)
1185:(48,2,14,50,0,0,0)
1186:(48,2,13,50,0,0,0)
1187:(48,2,12,50,0,0,0)
1188:(48,2,11,50,0,0,0)
1189:(48,2,10,50,0,0,0)
1190:(48,2,9,50,0,0,0)
1191:(48,2,8,50,0,0,0)
1192:(48,2,7,50,0,0,0)
1193:(48,2,6,50,0,0,0)
1194:(48,2,5,50,0,0,0)
1195:(48,2,4,50,0,0,0)
1196:(48,2,3,50,0,0,0)
1197:(48,2,2,50,0,0,0)
1198:(48,2,1,50,0,0,0)
1199:(46,2,1,0,50,50,0)
1200:(50,2,5,9,41,41,0)
1201:(50,2,11,22,28,28,0)
1202:(50,2,17,35,15,15,0)
1203:(50,2,19,40,10,10,0)
1204:(50,2,22,46,4,4,0)
1205:(50,2,22,49,1,1,0)
1206:(50,2,21,49,1,1,0)
1207:(50,2,20,49,1,1,0)
1208:(50,2,19,49,1,1,0)
1209:(50,2,18,49,1,1,0)
1210:(50,2,17,49,1,1,0)
1211:(50,2,16,49,1,1,0)
1212:(50,2,15,49,1,1,0)
1213:(50,2,14,49,1,1,0)
1214:(50,2,13,49,1,1,0)
1215:(50,2,12,49,1,1,0)
1216:(50,2,11,49,1,1,0)
1217:(50,2,10,49,1,1,0)
1218:(50,2,9,49,1,1,0)
1219:(50,2,8,49,1,1,0)
1220:(50,2,7,49,1,1,0)
1221:(50,2,6,49,1,1,0)
1222:(50,2,5,49,1,1,0)
1223:(50,2,4,49,1,1,0)
1224:(50,2,3,49,1,1,0)
1225:(50,2,2,49,1,1,0)
1226:(50,2,1,49,1,1,0)
1227:(50,2,0,49,1,1,0)
1228:(51,2,5,9,41,41,0)
1229:(51,2,11,22,28,28,0)
1230:(51,2,17,35,15,15,0)
1231:(51,2,19,40,10,10,0)
1232:(51,2,22,46,4,4,0)
1233:(51,2,22,49,1,1,0)
1234:(51,2,21,49,1,1,0)
1235:(51,2,20,49,1,1,0)
1236:(51,2,19,49,1,1,0)
1237:(51,2,18,49,1,1,0)
1238:(51,2,17,49,1,1,0)
1239:(51,2,16,49,1,1,0)
1240:(51,2,15,49,1,1,0)
1241:(51,2,14,49,1,1,0)
1242:(51,2,13,49,1,1,0)
1243:(51,2,12,49,1,1,0)
1244:(51,2,11,49,1,1,0)
1245:(51,2,10,49,1,1,0)
1246:(51,2,9,49,1,1,0)
1247:(51,2,8,49,1,1,0)
1248:(51,2,7,49,1,1,0)
1249:(51,2,6,49,1,1,0)
1250:(51,2,5,49,1,1,0)
1251:(51,2,4,49,1,1,0)
1252:(51,2,3,49,1,1,0)
1253:(51,2,2,49,1,1,0)
1254:(51,2,1,49,1,1,0)
1255:(51,2,0,49,1,1,0)
1256:(49,2,5,9,41,41,0)
1257:(49,2,11,22,28,28,0)
1258:(49,2,17,35,15,15,0)
1259:(49,2,19,40,10,10,0)
1260:(49,2,22,46,4,4,0)
1261:(49,2,22,49,1,1,0)
1262:(49,2,21,49,1,1,0)
1263:(49,2,20,49,1,1,0)
1264:(49,2,19,49,1,1,0)
1265:(49,2,18,49,1,1,0)
1266:(49,2,17,49,1,1,0)
1267:(49,2,16,49,1,1,0)
1268:(49,2,15,49,1,1,0)
1269:(49,2,14,49,1,1,0)
1270:(49,2,13,49,1,1,0)
1271:(49,2,12,49,1,1,0)
1272:(49,2,11,49,1,1,0)
1273:(49,2,10,49,1,1,0)
1274:(49,2,9,49,1,1,0)
1275:(49,2,8,49,1,1,0)
1276:(49,2,7,49,1,1,0)
1277:(49,2,6,49,1,1,0)
1278:(49,2,5,49,1,1,0)
1279:(49,2,4,49,1,1,0)
1280:(49,2,3,49,1,1,0)
1281:(49,2,2,49,1,1,0)
1282:(49,2,1,49,1,1,0)
1283:(49,2,0,49,1,1,0)
1284:(45,2,4,2,48,48,0)
1285:(46,2,4,2,48,48,0)
1286:(45,2,5,3,47,47,0)
1287:(46,2,5,3,47,47,0)
1288:(45,2,6,4,46,46,0)
1289:(46,2,6,4,46,46,0)
1290:(45,2,7,5,45,45,0)
1291:(46,2,7,5,45,45,0)
1292:(46,2,7,6,44,44,0)
1293:(47,2,7,6,44,44,0)
1294:(46,2,8,7,43,43,0)
1295:(47,2,8,7,43,43,0)
1296:(46,2,9,8,42,42,0)
1297:(47,2,9,8,42,42,0)
1298:(46,2,9,9,41,41,0)
1299:(47,2,9,9,41,41,0)
1300:(46,2,10,10,40,40,0)
1301:(47,2,10,10,40,40,0)
1302:(48,2,9,11,39,39,0)
1303:(49,2,9,11,39,39,0)
1304:(48,2,9,12,38,38,0)
1305:(49,2,9,12,38,38,0)
1306:(48,2,10,13,37,37,0)
1307:(49,2,10,13,37,37,0)
1308:(48,2,11,14,36,36,0)
1309:(49,2,11,14,36,36,0)
1310:(48,2,11,15,35,35,0)
1311:(49,2,11,15,35,35,0)
1312:(48,2,12,16,34,34,0)
1313:(49,2,12,16,34,34,0)
1314:(48,2,13,17,33,33,0)
1315:(49,2,13,17,33,33,0)
1316:(48,2,14,18,32,32,0)
1317:(49,2,14,18,32,32,0)
1318:(48,2,15,19,31,31,0)
1319:(49,2,15,19,31,31,0)
1320:(48,2,15,20,30,30,0)
1321:(49,2,15,20,30,30,0)
1322:(48,2,15,21,29,29,0)
1323:(49,2,15,21,29,29,0)
1324:(48,2,16,22,28,28,0)
1325:(49,2,16,22,28,28,0)
1326:(48,2,16,23,27,27,0)
1327:(49,2,16,23,27,27,0)
1328:(48,2,15,24,26,26,0)
1329:(49,2,15,24,26,26,0)
1330:(48,2,16,25,25,25,0)
1331:(49,2,16,25,25,25,0)
1332:(48,2,16,26,24,24,0)
1333:(49,2,16,26,24,24,0)
1334:(48,2,16,27,23,23,0)
1335:(49,2,16,27,23,23,0)
1336:(48,2,16,28,22,22,0)
1337:(49,2,16,28,22,22,0)
1338:(48,2,17,29,21,21,0)
1339:(49,2,17,29,21,21,0)
1340:(48,2,18,30,20,20,0)
1341:(49,2,18,30,20,20,0)
1342:(48,2,18,31,19,19,0)
1343:(49,2,18,31,19,19,0)
1344:(48,2,18,32,18,18,0)
1345:(49,2,18,32,18,18,0)
1346:(48,2,19,33,17,17,0)
1347:(49,2,19,33,17,17,0)
1348:(48,2,20,34,16,16,0)
1349:(49,2,20,34,16,16,0)
1350:(48,2,21,35,15,15,0)
1351:(49,2,21,35,15,15,0)
1352:(48,2,22,36,14,14,0)
1353:(49,2,22,36,14,14,0)
1354:(48,2,21,37,13,13,0)
1355:(49,2,21,37,13,13,0)
1356:(48,2,22,38,12,12,0)
1357:(49,2,22,38,12,12,0)
1358:(48,2,23,39,11,11,0)
1359:(49,2,23,39,11,11,0)
1360:(48,2,24,40,10,10,0)
1361:(49,2,24,40,10,10,0)
1362:(48,2,24,41,9,9,0)
1363:(49,2,24,41,9,9,0)
1364:(48,2,23,42,8,8,0)
1365:(49,2,23,42,8,8,0)
1366:(48,2,24,43,7,7,0)
1367:(49,2,24,43,7,7,0)
1368:(48,2,25,44,6,6,0)
1369:(49,2,25,44,6,6,0)
1370:(48,2,26,45,5,5,0)
1371:(49,2,26,45,5,5,0)
1372:(48,2,26,46,4,4,0)
1373:(49,2,26,46,4,4,0)
1374:(48,2,27,47,3,3,0)
1375:(49,2,27,47,3,3,0)
1376:(48,2,26,48,2,2,0)
1377:(49,2,26,48,2,2,0)
1378:(48,2,26,49,1,1,0)
1379:(49,2,26,49,1,1,0)
1380:(48,2,27,50,0,0,0)
1381:(49,2,27,50,0,0,0)
1382:(46,2,2,0,50,50,0)
1383:(47,2,4,2,48,48,0)
1384:(47,2,5,3,47,47,0)
1385:(47,2,6,4,46,46,0)
1386:(47,2,7,5,45,45,0)
1387:(48,2,7,6,44,44,0)
1388:(48,2,8,7,43,43,0)
1389:(48,2,9,8,42,42,0)
1390:(48,2,9,9,41,41,0)
1391:(48,2,10,10,40,40,0)
1392:(50,2,9,11,39,39,0)
1393:(50,2,9,12,38,38,0)
1394:(50,2,10,13,37,37,0)
1395:(50,2,11,14,36,36,0)
1396:(50,2,11,15,35,35,0)
1397:(50,2,12,16,34,34,0)
1398:(50,2,13,17,33,33,0)
1399:(50,2,14,18,32,32,0)
1400:(50,2,15,19,31,31,0)
1401:(50,2,15,20,30,30,0)
1402:(50,2,15,21,29,29,0)
1403:(50,2,16,22,28,28,0)
1404:(50,2,16,23,27,27,0)
1405:(50,2,15,24,26,26,0)
1406:(50,2,16,25,25,25,0)
1407:(50,2,16,26,24,24,0)
1408:(50,2,16,27,23,23,0)
1409:(50,2,16,28,22,22,0)
1410:(50,2,17,29,21,21,0)
1411:(50,2,18,30,20,20,0)
1412:(50,2,18,31,19,19,0)
1413:(50,2,18,32,18,18,0)
1414:(50,2,19,33,17,17,0)
1415:(50,2,20,34,16,16,0)
1416:(50,2,21,35,15,15,0)
1417:(50,2,22,36,14,14,0)
1418:(50,2,21,37,13,13,0)
1419:(50,2,22,38,12,12,0)
1420:(50,2,23,39,11,11,0)
1421:(50,2,24,40,10,10,0)
1422:(50,2,24,41,9,9,0)
1423:(50,2,23,42,8,8,0)
1424:(50,2,24,43,7,7,0)
1425:(50,2,25,44,6,6,0)
1426:(50,2,26,45,5,5,0)
1427:(50,2,26,46,4,4,0)
1428:(50,2,27,47,3,3,0)
1429:(50,2,26,48,2,2,0)
1430:(50,2,26,49,1,1,0)
1431:(50,2,27,50,0,0,0)
1432:(52,2,5,9,41,41,0)
1433:(52,2,11,22,28,28,0)
1434:(52,2,17,35,15,15,0)
1435:(52,2,19,40,10,10,0)
1436:(52,2,22,46,4,4,0)
1437:(52,2,22,49,1,1,0)
1438:(52,2,21,49,1,1,0)
1439:(52,2,20,49,1,1,0)
1440:(52,2,19,49,1,1,0)
1441:(52,2,18,49,1,1,0)
1442:(52,2,17,49,1,1,0)
1443:(52,2,16,49,1,1,0)
1444:(52,2,15,49,1,1,0)
1445:(52,2,14,49,1,1,0)
1446:(52,2,13,49,1,1,0)
1447:(52,2,12,49,1,1,0)
1448:(52,2,11,49,1,1,0)
1449:(52,2,10,49,1,1,0)
1450:(52,2,9,49,1,1,0)
1451:(52,2,8,49,1,1,0)
1452:(52,2,7,49,1,1,0)
1453:(52,2,6,49,1,1,0)
1454:(52,2,5,49,1,1,0)
1455:(52,2,4,49,1,1,0)
1456:(52,2,3,49,1,1,0)
1457:(52,2,2,49,1,1,0)
1458:(52,2,1,49,1,1,0)
1459:(52,2,0,49,1,1,0)
1460:(47,2,3,1,49,49,0)
1461:(47,2,2,0,50,50,0)
1462:(48,2,4,2,48,48,0)
1463:(48,2,5,3,47,47,0)
1464:(48,2,6,4,46,46,0)
1465:(48,2,7,5,45,45,0)
1466:(49,2,7,6,44,44,0)
1467:(49,2,8,7,43,43,0)
1468:(49,2,9,8,42,42,0)
1469:(49,2,9,9,41,41,0)
1470:(49,2,10,10,40,40,0)
1471:(51,2,9,11,39,39,0)
1472:(51,2,9,12,38,38,0)
1473:(51,2,10,13,37,37,0)
1474:(51,2,11,14,36,36,0)
1475:(51,2,11,15,35,35,0)
1476:(51,2,12,16,34,34,0)
1477:(51,2,13,17,33,33,0)
1478:(51,2,14,18,32,32,0)
1479:(51,2,15,19,31,31,0)
1480:(51,2,15,20,30,30,0)
1481:(51,2,15,21,29,29,0)
1482:(51,2,16,22,28,28,0)
1483:(51,2,16,23,27,27,0)
1484:(51,2,15,24,26,26,0)
1485:(51,2,16,25,25,25,0)
1486:(51,2,16,26,24,24,0)
1487:(51,2,16,27,23,23,0)
1488:(51,2,16,28,22,22,0)
1489:(51,2,17,29,21,21,0)
1490:(51,2,18,30,20,20,0)
1491:(51,2,18,31,19,19,0)
1492:(51,2,18,32,18,18,0)
1493:(51,2,19,33,17,17,0)
1494:(51,2,20,34,16,16,0)
1495:(51,2,21,35,15,15,0)
1496:(51,2,22,36,14,14,0)
1497:(51,2,21,37,13,13,0)
1498:(51,2,22,38,12,12,0)
1499:(51,2,23,39,11,11,0)
1500:(51,2,24,40,10,10,0)
1501:(51,2,24,41,9,9,0)
1502:(51,2,23,42,8,8,0)
1503:(51,2,24,43,7,7,0)
1504:(51,2,25,44,6,6,0)
1505:(51,2,26,45,5,5,0)
1506:(51,2,26,46,4,4,0)
1507:(51,2,27,47,3,3,0)
1508:(51,2,26,48,2,2,0)
1509:(51,2,26,49,1,1,0)
1510:(51,2,27,50,0,0,0)
1511:(48,2,0,50,0,0,0)
1512:(48,2,23,49,1,1,0)
1513:(48,2,22,48,2,2,0)
1514:(48,2,22,47,3,3,0)
1515:(48,2,23,46,4,4,0)
1516:(48,2,22,45,5,5,0)
1517:(48,2,22,44,6,6,0)
1518:(48,2,21,43,7,7,0)
1519:(48,2,20,42,8,8,0)
1520:(48,2,19,41,9,9,0)
1521:(48,2,20,40,10,10,0)
1522:(48,2,20,39,11,11,0)
1523:(48,2,19,38,12,12,0)
1524:(48,2,18,37,13,13,0)
1525:(48,2,17,36,14,14,0)
1526:(48,2,18,35,15,15,0)
1527:(48,2,17,34,16,16,0)
1528:(48,2,16,33,17,17,0)
1529:(48,2,15,32,18,18,0)
1530:(48,2,14,31,19,19,0)
1531:(48,2,14,30,20,20,0)
1532:(48,2,14,29,21,21,0)
1533:(48,2,13,28,22,22,0)
1534:(48,2,12,27,23,23,0)
1535:(48,2,12,26,24,24,0)
1536:(48,2,12,25,25,25,0)
1537:(48,2,12,24,26,26,0)
1538:(48,2,11,23,27,27,0)
1539:(48,2,12,22,28,28,0)
1540:(48,2,12,21,29,29,0)
1541:(48,2,11,20,30,30,0)
1542:(48,2,11,19,31,31,0)
1543:(48,2,11,18,32,32,0)
1544:(48,2,10,17,33,33,0)
1545:(48,2,9,16,34,34,0)
1546:(48,2,8,15,35,35,0)
1547:(48,2,7,14,36,36,0)
1548:(48,2,7,13,37,37,0)
1549:(48,2,6,12,38,38,0)
1550:(48,2,5,11,39,39,0)
1551:(48,2,5,10,40,40,0)
1552:(47,2,6,10,40,40,0)
1553:(46,2,7,10,40,40,0)
1554:(46,2,6,9,41,41,0)
1555:(46,2,5,8,42,42,0)
1556:(46,2,5,7,43,43,0)
1557:(46,2,4,6,44,44,0)
1558:(46,2,3,5,45,45,0)
1559:(45,2,4,5,45,45,0)
1560:(45,2,3,4,46,46,0)
1561:(45,2,2,3,47,47,0)
1562:(45,2,1,2,48,48,0)
1563:(45,2,0,1,49,49,0)
1564:(44,2,1,1,49,49,0)
1565:(44,2,0,0,50,50,0)
1566:(44,2,2,1,49,49,0)
1567:(44,2,2,2,48,48,0)
1568:(44,2,3,2,48,48,0)
1569:(44,2,3,3,47,47,0)
1570:(44,2,4,3,47,47,0)
1571:(44,2,4,4,46,46,0)
1572:(44,2,5,4,46,46,0)
1573:(44,2,5,5,45,45,0)
1574:(44,2,6,5,45,45,0)
1575:(45,2,5,6,44,44,0)
1576:(45,2,6,6,44,44,0)
1577:(45,2,6,7,43,43,0)
1578:(45,2,7,7,43,43,0)
1579:(45,2,7,8,42,42,0)
1580:(45,2,8,8,42,42,0)
1581:(45,2,6,8,42,42,0)
1582:(45,2,7,9,41,41,0)
1583:(45,2,8,9,41,41,0)
1584:(45,2,8,10,40,40,0)
1585:(45,2,9,10,40,40,0)
1586:(47,2,7,11,39,39,0)
1587:(47,2,8,11,39,39,0)
1588:(47,2,6,11,39,39,0)
1589:(47,2,7,12,38,38,0)
1590:(47,2,8,12,38,38,0)
1591:(47,2,8,13,37,37,0)
1592:(47,2,9,13,37,37,0)
1593:(47,2,9,14,36,36,0)
1594:(47,2,10,14,36,36,0)
1595:(47,2,8,14,36,36,0)
1596:(47,2,9,15,35,35,0)
1597:(47,2,10,15,35,35,0)
1598:(47,2,10,16,34,34,0)
1599:(47,2,11,16,34,34,0)
1600:(47,2,11,17,33,33,0)
1601:(47,2,12,17,33,33,0)
1602:(47,2,12,18,32,32,0)
1603:(47,2,13,18,32,32,0)
1604:(47,2,13,19,31,31,0)
1605:(47,2,14,19,31,31,0)
1606:(47,2,12,19,31,31,0)
1607:(47,2,13,20,30,30,0)
1608:(47,2,14,20,30,30,0)
1609:(47,2,12,20,30,30,0)
1610:(47,2,13,21,29,29,0)
1611:(47,2,14,21,29,29,0)
1612:(47,2,14,22,28,28,0)
1613:(47,2,15,22,28,28,0)
1614:(47,2,13,22,28,28,0)
1615:(47,2,14,23,27,27,0)
1616:(47,2,15,23,27,27,0)
1617:(47,2,13,23,27,27,0)
1618:(47,2,12,23,27,27,0)
1619:(47,2,13,24,26,26,0)
1620:(47,2,14,24,26,26,0)
1621:(47,2,14,25,25,25,0)
1622:(47,2,15,25,25,25,0)
1623:(47,2,13,25,25,25,0)
1624:(47,2,14,26,24,24,0)
1625:(47,2,15,26,24,24,0)
1626:(47,2,13,26,24,24,0)
1627:(47,2,14,27,23,23,0)
1628:(47,2,15,27,23,23,0)
1629:(47,2,13,27,23,23,0)
1630:(47,2,14,28,22,22,0)
1631:(47,2,15,28,22,22,0)
1632:(47,2,15,29,21,21,0)
1633:(47,2,16,29,21,21,0)
1634:(47,2,16,30,20,20,0)
1635:(47,2,17,30,20,20,0)
1636:(47,2,15,30,20,20,0)
1637:(47,2,16,31,19,19,0)
1638:(47,2,17,31,19,19,0)
1639:(47,2,15,31,19,19,0)
1640:(47,2,16,32,18,18,0)
1641:(47,2,17,32,18,18,0)
1642:(47,2,17,33,17,17,0)
1643:(47,2,18,33,17,17,0)
1644:(47,2,18,34,16,16,0)
1645:(47,2,19,34,16,16,0)
1646:(47,2,19,35,15,15,0)
1647:(47,2,20,35,15,15,0)
1648:(47,2,20,36,14,14,0)
1649:(47,2,21,36,14,14,0)
1650:(47,2,19,36,14,14,0)
1651:(47,2,18,36,14,14,0)
1652:(47,2,19,37,13,13,0)
1653:(47,2,20,37,13,13,0)
1654:(47,2,20,38,12,12,0)
1655:(47,2,21,38,12,12,0)
1656:(47,2,21,39,11,11,0)
1657:(47,2,22,39,11,11,0)
1658:(47,2,22,40,10,10,0)
1659:(47,2,23,40,10,10,0)
1660:(47,2,21,40,10,10,0)
1661:(47,2,22,41,9,9,0)
1662:(47,2,23,41,9,9,0)
1663:(47,2,21,41,9,9,0)
1664:(47,2,20,41,9,9,0)
1665:(47,2,21,42,8,8,0)
1666:(47,2,22,42,8,8,0)
1667:(47,2,22,43,7,7,0)
1668:(47,2,23,43,7,7,0)
1669:(47,2,23,44,6,6,0)
1670:(47,2,24,44,6,6,0)
1671:(47,2,24,45,5,5,0)
1672:(47,2,25,45,5,5,0)
1673:(47,2,23,45,5,5,0)
1674:(47,2,24,46,4,4,0)
1675:(47,2,25,46,4,4,0)
1676:(47,2,25,47,3,3,0)
1677:(47,2,26,47,3,3,0)
1678:(47,2,24,47,3,3,0)
1679:(47,2,23,47,3,3,0)
1680:(47,2,24,48,2,2,0)
1681:(47,2,25,48,2,2,0)
1682:(47,2,23,48,2,2,0)
1683:(47,2,24,49,1,1,0)
1684:(47,2,25,49,1,1,0)
1685:(47,2,25,50,0,0,0)
1686:(47,2,26,50,0,0,0)
1687:(47,2,24,50,0,0,0)
1688:(47,2,23,50,0,0,0)
1689:(47,2,22,50,0,0,0)
1690:(47,2,21,50,0,0,0)
1691:(47,2,20,50,0,0,0)
1692:(47,2,19,50,0,0,0)
1693:(47,2,18,50,0,0,0)
1694:(47,2,17,50,0,0,0)
1695:(47,2,16,50,0,0,0)
1696:(47,2,15,50,0,0,0)
1697:(47,2,14,50,0,0,0)
1698:(47,2,13,50,0,0,0)
1699:(47,2,12,50,0,0,0)
1700:(47,2,11,50,0,0,0)
1701:(47,2,10,50,0,0,0)
1702:(47,2,9,50,0,0,0)
1703:(47,2,8,50,0,0,0)
1704:(47,2,7,50,0,0,0)
1705:(47,2,6,50,0,0,0)
1706:(47,2,5,50,0,0,0)
1707:(47,2,4,50,0,0,0)
1708:(47,2,3,50,0,0,0)
1709:(47,2,2,50,0,0,0)
1710:(47,2,1,50,0,0,0)
1711:(47,2,0,50,0,0,0)
1712:(47,2,23,49,1,1,0)
1713:(47,2,22,48,2,2,0)
1714:(47,2,22,47,3,3,0)
1715:(47,2,23,46,4,4,0)
1716:(47,2,22,45,5,5,0)
1717:(47,2,22,44,6,6,0)
1718:(47,2,21,43,7,7,0)
1719:(47,2,20,42,8,8,0)
1720:(47,2,19,41,9,9,0)
1721:(47,2,20,40,10,10,0)
1722:(47,2,20,39,11,11,0)
1723:(47,2,19,38,12,12,0)
1724:(47,2,18,37,13,13,0)
1725:(47,2,17,36,14,14,0)
1726:(47,2,18,35,15,15,0)
1727:(47,2,17,34,16,16,0)
1728:(47,2,16,33,17,17,0)
1729:(47,2,15,32,18,18,0)
1730:(47,2,14,31,19,19,0)
1731:(47,2,14,30,20,20,0)
1732:(47,2,14,29,21,21,0)
1733:(47,2,13,28,22,22,0)
1734:(47,2,12,27,23,23,0)
1735:(47,2,12,26,24,24,0)
1736:(47,2,12,25,25,25,0)
1737:(47,2,12,24,26,26,0)
1738:(47,2,11,23,27,27,0)
1739:(47,2,12,22,28,28,0)
1740:(47,2,12,21,29,29,0)
1741:(47,2,11,20,30,30,0)
1742:(47,2,11,19,31,31,0)
1743:(47,2,11,18,32,32,0)
1744:(47,2,10,17,33,33,0)
1745:(47,2,9,16,34,34,0)
1746:(47,2,8,15,35,35,0)
1747:(47,2,7,14,36,36,0)
1748:(47,2,7,13,37,37,0)
1749:(47,2,6,12,38,38,0)
1750:(47,2,5,11,39,39,0)
1751:(47,2,5,10,40,40,0)
1752:(46,2,6,10,40,40,0)
1753:(45,2,7,10,40,40,0)
1754:(45,2,6,9,41,41,0)
1755:(45,2,5,8,42,42,0)
1756:(45,2,5,7,43,43,0)
1757:(45,2,4,6,44,44,0)
1758:(45,2,3,5,45,45,0)
1759:(44,2,4,5,45,45,0)
1760:(44,2,3,4,46,46,0)
1761:(44,2,2,3,47,47,0)
1762:(44,2,1,2,48,48,0)
1763:(44,2,0,1,49,49,0)
1764:(43,2,1,1,49,49,0)
1765:(43,2,0,0,50,50,0)
1766:(43,2,2,2,48,48,0)
1767:(43,2,3,2,48,48,0)
1768:(43,2,3,3,47,47,0)
1769:(43,2,4,3,47,47,0)
1770:(43,2,4,4,46,46,0)
1771:(43,2,5,4,46,46,0)
1772:(43,2,5,5,45,45,0)
1773:(43,2,6,5,45,45,0)
1774:(44,2,5,6,44,44,0)
1775:(44,2,6,6,44,44,0)
1776:(44,2,6,7,43,43,0)
1777:(44,2,7,7,43,43,0)
1778:(44,2,7,8,42,42,0)
1779:(44,2,8,8,42,42,0)
1780:(44,2,6,8,42,42,0)
1781:(44,2,7,9,41,41,0)
1782:(44,2,8,9,41,41,0)
1783:(44,2,8,10,40,40,0)
1784:(44,2,9,10,40,40,0)
1785:(46,2,7,11,39,39,0)
1786:(46,2,8,11,39,39,0)
1787:(46,2,6,11,39,39,0)
1788:(46,2,7,12,38,38,0)
1789:(46,2,8,12,38,38,0)
1790:(46,2,8,13,37,37,0)
1791:(46,2,9,13,37,37,0)
1792:(46,2,9,14,36,36,0)
1793:(46,2,10,14,36,36,0)
1794:(46,2,8,14,36,36,0)
1795:(46,2,9,15,35,35,0)
1796:(46,2,10,15,35,35,0)
1797:(46,2,10,16,34,34,0)
1798:(46,2,11,16,34,34,0)
1799:(46,2,11,17,33,33,0)
1800:(46,2,12,17,33,33,0)
1801:(46,2,12,18,32,32,0)
1802:(46,2,13,18,32,32,0)
1803:(46,2,13,19,31,31,0)
1804:(46,2,14,19,31,31,0)
1805:(46,2,12,19,31,31,0)
1806:(46,2,13,20,30,30,0)
1807:(46,2,14,20,30,30,0)
1808:(46,2,12,20,30,30,0)
1809:(46,2,13,21,29,29,0)
1810:(46,2,14,21,29,29,0)
1811:(46,2,14,22,28,28,0)
1812:(46,2,15,22,28,28,0)
1813:(46,2,13,22,28,28,0)
1814:(46,2,14,23,27,27,0)
1815:(46,2,15,23,27,27,0)
1816:(46,2,13,23,27,27,0)
1817:(46,2,12,23,27,27,0)
1818:(46,2,13,24,26,26,0)
1819:(46,2,14,24,26,26,0)
1820:(46,2,14,25,25,25,0)
1821:(46,2,15,25,25,25,0)
1822:(46,2,13,25,25,25,0)
1823:(46,2,14,26,24,24,0)
1824:(46,2,15,26,24,24,0)
1825:(46,2,13,26,24,24,0)
1826:(46,2,14,27,23,23,0)
1827:(46,2,15,27,23,23,0)
1828:(46,2,13,27,23,23,0)
1829:(46,2,14,28,22,22,0)
1830:(46,2,15,28,22,22,0)
1831:(46,2,15,29,21,21,0)
1832:(46,2,16,29,21,21,0)
1833:(46,2,16,30,20,20,0)
1834:(46,2,17,30,20,20,0)
1835:(46,2,15,30,20,20,0)
1836:(46,2,16,31,19,19,0)
1837:(46,2,17,31,19,19,0)
1838:(46,2,15,31,19,19,0)
1839:(46,2,16,32,18,18,0)
1840:(46,2,17,32,18,18,0)
1841:(46,2,17,33,17,17,0)
1842:(46,2,18,33,17,17,0)
1843:(46,2,18,34,16,16,0)
1844:(46,2,19,34,16,16,0)
1845:(46,2,19,35,15,15,0)
1846:(46,2,20,35,15,15,0)
1847:(46,2,20,36,14,14,0)
1848:(46,2,21,36,14,14,0)
1849:(46,2,19,36,14,14,0)
1850:(46,2,18,36,14,14,0)
1851:(46,2,19,37,13,13,0)
1852:(46,2,20,37,13,13,0)
1853:(46,2,20,38,12,12,0)
1854:(46,2,21,38,12,12,0)
1855:(46,2,21,39,11,11,0)
1856:(46,2,22,39,11,11,0)
1857:(46,2,22,40,10,10,0)
1858:(46,2,23,40,10,10,0)
1859:(46,2,21,40,10,10,0)
1860:(46,2,22,41,9,9,0)
1861:(46,2,23,41,9,9,0)
1862:(46,2,21,41,9,9,0)
1863:(46,2,20,41,9,9,0)
1864:(46,2,21,42,8,8,0)
1865:(46,2,22,42,8,8,0)
1866:(46,2,22,43,7,7,0)
1867:(46,2,23,43,7,7,0)
1868:(46,2,23,44,6,6,0)
1869:(46,2,24,44,6,6,0)
1870:(46,2,24,45,5,5,0)
1871:(46,2,25,45,5,5,0)
1872:(46,2,23,45,5,5,0)
1873:(46,2,24,46,4,4,0)
1874:(46,2,25,46,4,4,0)
1875:(46,2,25,47,3,3,0)
1876:(46,2,26,47,3,3,0)
1877:(46,2,24,47,3,3,0)
1878:(46,2,23,47,3,3,0)
1879:(46,2,24,48,2,2,0)
1880:(46,2,25,48,2,2,0)
1881:(46,2,23,48,2,2,0)
1882:(46,2,24,49,1,1,0)
1883:(46,2,25,49,1,1,0)
1884:(46,2,25,50,0,0,0)
1885:(46,2,26,50,0,0,0)
1886:(46,2,24,50,0,0,0)
1887:(46,2,23,50,0,0,0)
1888:(46,2,22,50,0,0,0)
1889:(46,2,21,50,0,0,0)
1890:(46,2,20,50,0,0,0)
1891:(46,2,19,50,0,0,0)
1892:(46,2,18,50,0,0,0)
1893:(46,2,17,50,0,0,0)
1894:(46,2,16,50,0,0,0)
1895:(46,2,15,50,0,0,0)
1896:(46,2,14,50,0,0,0)
1897:(46,2,13,50,0,0,0)
1898:(46,2,12,50,0,0,0)
1899:(46,2,11,50,0,0,0)
1900:(46,2,10,50,0,0,0)
1901:(46,2,9,50,0,0,0)
1902:(46,2,8,50,0,0,0)
1903:(46,2,7,50,0,0,0)
1904:(46,2,6,50,0,0,0)
1905:(46,2,5,50,0,0,0)
1906:(46,2,4,50,0,0,0)
1907:(46,2,3,50,0,0,0)
1908:(46,2,2,50,0,0,0)
1909:(46,2,1,50,0,0,0)
1910:(43,2,2,1,49,49,0)
1911:(43,2,1,0,50,50,0)
1912:(44,2,1,0,50,50,0)
1913:(48,2,5,9,41,41,0)
1914:(48,2,11,22,28,28,0)
1915:(48,2,17,35,15,15,0)
1916:(48,2,19,40,10,10,0)
1917:(48,2,22,46,4,4,0)
1918:(48,2,22,49,1,1,0)
1919:(48,2,21,49,1,1,0)
1920:(48,2,20,49,1,1,0)
1921:(48,2,19,49,1,1,0)
1922:(48,2,18,49,1,1,0)
1923:(48,2,17,49,1,1,0)
1924:(48,2,16,49,1,1,0)
1925:(48,2,15,49,1,1,0)
1926:(48,2,14,49,1,1,0)
1927:(48,2,13,49,1,1,0)
1928:(48,2,12,49,1,1,0)
1929:(48,2,11,49,1,1,0)
1930:(48,2,10,49,1,1,0)
1931:(48,2,9,49,1,1,0)
1932:(48,2,8,49,1,1,0)
1933:(48,2,7,49,1,1,0)
1934:(48,2,6,49,1,1,0)
1935:(48,2,5,49,1,1,0)
1936:(48,2,4,49,1,1,0)
1937:(48,2,3,49,1,1,0)
1938:(48,2,2,49,1,1,0)
1939:(48,2,1,49,1,1,0)
1940:(48,2,0,49,1,1,0)
1941:(47,2,5,9,41,41,0)
1942:(47,2,11,22,28,28,0)
1943:(47,2,17,35,15,15,0)
1944:(47,2,19,40,10,10,0)
1945:(47,2,22,46,4,4,0)
1946:(47,2,22,49,1,1,0)
1947:(47,2,21,49,1,1,0)
1948:(47,2,20,49,1,1,0)
1949:(47,2,19,49,1,1,0)
1950:(47,2,18,49,1,1,0)
1951:(47,2,17,49,1,1,0)
1952:(47,2,16,49,1,1,0)
1953:(47,2,15,49,1,1,0)
1954:(47,2,14,49,1,1,0)
1955:(47,2,13,49,1,1,0)
1956:(47,2,12,49,1,1,0)
1957:(47,2,11,49,1,1,0)
1958:(47,2,10,49,1,1,0)
1959:(47,2,9,49,1,1,0)
1960:(47,2,8,49,1,1,0)
1961:(47,2,7,49,1,1,0)
1962:(47,2,6,49,1,1,0)
1963:(47,2,5,49,1,1,0)
1964:(47,2,4,49,1,1,0)
1965:(47,2,3,49,1,1,0)
1966:(47,2,2,49,1,1,0)
1967:(47,2,1,49,1,1,0)
1968:(47,2,0,49,1,1,0)
1969:(43,2,3,1,49,49,0)
1970:(43,2,2,0,50,50,0)
1971:(43,2,4,2,48,48,0)
1972:(44,2,4,2,48,48,0)
1973:(43,2,5,3,47,47,0)
1974:(44,2,5,3,47,47,0)
1975:(43,2,6,4,46,46,0)
1976:(44,2,6,4,46,46,0)
1977:(43,2,7,5,45,45,0)
1978:(44,2,7,5,45,45,0)
1979:(44,2,7,6,44,44,0)
1980:(45,2,7,6,44,44,0)
1981:(44,2,8,7,43,43,0)
1982:(45,2,8,7,43,43,0)
1983:(44,2,9,8,42,42,0)
1984:(45,2,9,8,42,42,0)
1985:(44,2,9,9,41,41,0)
1986:(45,2,9,9,41,41,0)
1987:(44,2,10,10,40,40,0)
1988:(45,2,10,10,40,40,0)
1989:(46,2,9,11,39,39,0)
1990:(47,2,9,11,39,39,0)
1991:(46,2,9,12,38,38,0)
1992:(47,2,9,12,38,38,0)
1993:(46,2,10,13,37,37,0)
1994:(47,2,10,13,37,37,0)
1995:(46,2,11,14,36,36,0)
1996:(47,2,11,14,36,36,0)
1997:(46,2,11,15,35,35,0)
1998:(47,2,11,15,35,35,0)
1999:(46,2,12,16,34,34,0)
2000:(47,2,12,16,34,34,0)
2001:(46,2,13,17,33,33,0)
2002:(47,2,13,17,33,33,0)
2003:(46,2,14,18,32,32,0)
2004:(47,2,14,18,32,32,0)
2005:(46,2,15,19,31,31,0)
2006:(47,2,15,19,31,31,0)
2007:(46,2,15,20,30,30,0)
2008:(47,2,15,20,30,30,0)
2009:(46,2,15,21,29,29,0)
2010:(47,2,15,21,29,29,0)
2011:(46,2,16,22,28,28,0)
2012:(47,2,16,22,28,28,0)
2013:(46,2,16,23,27,27,0)
2014:(47,2,16,23,27,27,0)
2015:(46,2,15,24,26,26,0)
2016:(47,2,15,24,26,26,0)
2017:(46,2,16,25,25,25,0)
2018:(47,2,16,25,25,25,0)
2019:(46,2,16,26,24,24,0)
2020:(47,2,16,26,24,24,0)
2021:(46,2,16,27,23,23,0)
2022:(47,2,16,27,23,23,0)
2023:(46,2,16,28,22,22,0)
2024:(47,2,16,28,22,22,0)
2025:(46,2,17,29,21,21,0)
2026:(47,2,17,29,21,21,0)
2027:(46,2,18,30,20,20,0)
2028:(47,2,18,30,20,20,0)
2029:(46,2,18,31,19,19,0)
2030:(47,2,18,31,19,19,0)
2031:(46,2,18,32,18,18,0)
2032:(47,2,18,32,18,18,0)
2033:(46,2,19,33,17,17,0)
2034:(47,2,19,33,17,17,0)
2035:(46,2,20,34,16,16,0)
2036:(47,2,20,34,16,16,0)
2037:(46,2,21,35,15,15,0)
2038:(47,2,21,35,15,15,0)
2039:(46,2,22,36,14,14,0)
2040:(47,2,22,36,14,14,0)
2041:(46,2,21,37,13,13,0)
2042:(47,2,21,37,13,13,0)
2043:(46,2,22,38,12,12,0)
2044:(47,2,22,38,12,12,0)
2045:(46,2,23,39,11,11,0)
2046:(47,2,23,39,11,11,0)
2047:(46,2,24,40,10,10,0)
2048:(47,2,24,40,10,10,0)
2049:(46,2,24,41,9,9,0)
2050:(47,2,24,41,9,9,0)
2051:(46,2,23,42,8,8,0)
2052:(47,2,23,42,8,8,0)
2053:(46,2,24,43,7,7,0)
2054:(47,2,24,43,7,7,0)
2055:(46,2,25,44,6,6,0)
2056:(47,2,25,44,6,6,0)
2057:(46,2,26,45,5,5,0)
2058:(47,2,26,45,5,5,0)
2059:(46,2,26,46,4,4,0)
2060:(47,2,26,46,4,4,0)
2061:(46,2,27,47,3,3,0)
2062:(47,2,27,47,3,3,0)
2063:(46,2,26,48,2,2,0)
2064:(47,2,26,48,2,2,0)
2065:(46,2,26,49,1,1,0)
2066:(47,2,26,49,1,1,0)
2067:(46,2,27,50,0,0,0)
2068:(47,2,27,50,0,0,0)
2069:(44,2,3,1,49,49,0)
2070:(44,2,2,0,50,50,0)
2071:(43,2,4,1,49,49,0)
2072:(43,2,3,0,50,50,0)
2073:(43,2,5,2,48,48,0)
2074:(44,2,5,2,48,48,0)
2075:(43,2,6,3,47,47,0)
2076:(44,2,6,3,47,47,0)
2077:(43,2,7,4,46,46,0)
2078:(44,2,7,4,46,46,0)
2079:(43,2,8,5,45,45,0)
2080:(44,2,8,5,45,45,0)
2081:(44,2,8,6,44,44,0)
2082:(45,2,8,6,44,44,0)
2083:(44,2,9,7,43,43,0)
2084:(45,2,9,7,43,43,0)
2085:(44,2,10,8,42,42,0)
2086:(45,2,10,8,42,42,0)
2087:(44,2,10,9,41,41,0)
2088:(45,2,10,9,41,41,0)
2089:(44,2,11,10,40,40,0)
2090:(45,2,11,10,40,40,0)
2091:(46,2,10,11,39,39,0)
2092:(47,2,10,11,39,39,0)
2093:(46,2,10,12,38,38,0)
2094:(47,2,10,12,38,38,0)
2095:(46,2,11,13,37,37,0)
2096:(47,2,11,13,37,37,0)
2097:(46,2,12,14,36,36,0)
2098:(47,2,12,14,36,36,0)
2099:(46,2,12,15,35,35,0)
2100:(47,2,12,15,35,35,0)
2101:(46,2,13,16,34,34,0)
2102:(47,2,13,16,34,34,0)
2103:(46,2,14,17,33,33,0)
2104:(47,2,14,17,33,33,0)
2105:(46,2,15,18,32,32,0)
2106:(47,2,15,18,32,32,0)
2107:(46,2,16,19,31,31,0)
2108:(47,2,16,19,31,31,0)
2109:(46,2,16,20,30,30,0)
2110:(47,2,16,20,30,30,0)
2111:(46,2,16,21,29,29,0)
2112:(47,2,16,21,29,29,0)
2113:(46,2,17,22,28,28,0)
2114:(47,2,17,22,28,28,0)
2115:(46,2,17,23,27,27,0)
2116:(47,2,17,23,27,27,0)
2117:(46,2,16,24,26,26,0)
2118:(47,2,16,24,26,26,0)
2119:(46,2,17,25,25,25,0)
2120:(47,2,17,25,25,25,0)
2121:(46,2,17,26,24,24,0)
2122:(47,2,17,26,24,24,0)
2123:(46,2,17,27,23,23,0)
2124:(47,2,17,27,23,23,0)
2125:(46,2,17,28,22,22,0)
2126:(47,2,17,28,22,22,0)
2127:(46,2,18,29,21,21,0)
2128:(47,2,18,29,21,21,0)
2129:(46,2,19,30,20,20,0)
2130:(47,2,19,30,20,20,0)
2131:(46,2,19,31,19,19,0)
2132:(47,2,19,31,19,19,0)
2133:(46,2,19,32,18,18,0)
2134:(47,2,19,32,18,18,0)
2135:(46,2,20,33,17,17,0)
2136:(47,2,20,33,17,17,0)
2137:(46,2,21,34,16,16,0)
2138:(47,2,21,34,16,16,0)
2139:(46,2,22,35,15,15,0)
2140:(47,2,22,35,15,15,0)
2141:(46,2,23,36,14,14,0)
2142:(47,2,23,36,14,14,0)
2143:(46,2,22,37,13,13,0)
2144:(47,2,22,37,13,13,0)
2145:(46,2,23,38,12,12,0)
2146:(47,2,23,38,12,12,0)
2147:(46,2,24,39,11,11,0)
2148:(47,2,24,39,11,11,0)
2149:(46,2,25,40,10,10,0)
2150:(47,2,25,40,10,10,0)
2151:(46,2,25,41,9,9,0)
2152:(47,2,25,41,9,9,0)
2153:(46,2,24,42,8,8,0)
2154:(47,2,24,42,8,8,0)
2155:(46,2,25,43,7,7,0)
2156:(47,2,25,43,7,7,0)
2157:(46,2,26,44,6,6,0)
2158:(47,2,26,44,6,6,0)
2159:(46,2,27,45,5,5,0)
2160:(47,2,27,45,5,5,0)
2161:(46,2,27,46,4,4,0)
2162:(47,2,27,46,4,4,0)
2163:(46,2,28,47,3,3,0)
2164:(47,2,28,47,3,3,0)
2165:(46,2,27,48,2,2,0)
2166:(47,2,27,48,2,2,0)
2167:(46,2,27,49,1,1,0)
2168:(47,2,27,49,1,1,0)
2169:(46,2,28,50,0,0,0)
2170:(47,2,28,50,0,0,0)
2171:(44,2,4,1,49,49,0)
2172:(44,2,3,0,50,50,0)
2173:(45,2,5,2,48,48,0)
2174:(45,2,6,3,47,47,0)
2175:(45,2,7,4,46,46,0)
2176:(45,2,8,5,45,45,0)
2177:(46,2,8,6,44,44,0)
2178:(46,2,9,7,43,43,0)
2179:(46,2,10,8,42,42,0)
2180:(46,2,10,9,41,41,0)
2181:(46,2,11,10,40,40,0)
2182:(48,2,10,11,39,39,0)
2183:(48,2,10,12,38,38,0)
2184:(48,2,11,13,37,37,0)
2185:(48,2,12,14,36,36,0)
2186:(48,2,12,15,35,35,0)
2187:(48,2,13,16,34,34,0)
2188:(48,2,14,17,33,33,0)
2189:(48,2,15,18,32,32,0)
2190:(48,2,16,19,31,31,0)
2191:(48,2,16,20,30,30,0)
2192:(48,2,16,21,29,29,0)
2193:(48,2,17,22,28,28,0)
2194:(48,2,17,23,27,27,0)
2195:(48,2,16,24,26,26,0)
2196:(48,2,17,25,25,25,0)
2197:(48,2,17,26,24,24,0)
2198:(48,2,17,27,23,23,0)
2199:(48,2,17,28,22,22,0)
2200:(48,2,18,29,21,21,0)
2201:(48,2,19,30,20,20,0)
2202:(48,2,19,31,19,19,0)
2203:(48,2,19,32,18,18,0)
2204:(48,2,20,33,17,17,0)
2205:(48,2,21,34,16,16,0)
2206:(48,2,22,35,15,15,0)
2207:(48,2,23,36,14,14,0)
2208:(48,2,22,37,13,13,0)
2209:(48,2,23,38,12,12,0)
2210:(48,2,24,39,11,11,0)
2211:(48,2,25,40,10,10,0)
2212:(48,2,25,41,9,9,0)
2213:(48,2,24,42,8,8,0)
2214:(48,2,25,43,7,7,0)
2215:(48,2,26,44,6,6,0)
2216:(48,2,27,45,5,5,0)
2217:(48,2,27,46,4,4,0)
2218:(48,2,28,47,3,3,0)
2219:(48,2,27,48,2,2,0)
2220:(48,2,27,49,1,1,0)
2221:(48,2,28,50,0,0,0)
2222:(45,2,4,1,49,49,0)
2223:(45,2,3,0,50,50,0)
2224:(46,2,5,2,48,48,0)
2225:(46,2,6,3,47,47,0)
2226:(46,2,7,4,46,46,0)
2227:(46,2,8,5,45,45,0)
2228:(47,2,8,6,44,44,0)
2229:(47,2,9,7,43,43,0)
2230:(47,2,10,8,42,42,0)
2231:(47,2,10,9,41,41,0)
2232:(47,2,11,10,40,40,0)
2233:(49,2,10,11,39,39,0)
2234:(49,2,10,12,38,38,0)
2235:(49,2,11,13,37,37,0)
2236:(49,2,12,14,36,36,0)
2237:(49,2,12,15,35,35,0)
2238:(49,2,13,16,34,34,0)
2239:(49,2,14,17,33,33,0)
2240:(49,2,15,18,32,32,0)
2241:(49,2,16,19,31,31,0)
2242:(49,2,16,20,30,30,0)
2243:(49,2,16,21,29,29,0)
2244:(49,2,17,22,28,28,0)
2245:(49,2,17,23,27,27,0)
2246:(49,2,16,24,26,26,0)
2247:(49,2,17,25,25,25,0)
2248:(49,2,17,26,24,24,0)
2249:(49,2,17,27,23,23,0)
2250:(49,2,17,28,22,22,0)
2251:(49,2,18,29,21,21,0)
2252:(49,2,19,30,20,20,0)
2253:(49,2,19,31,19,19,0)
2254:(49,2,19,32,18,18,0)
2255:(49,2,20,33,17,17,0)
2256:(49,2,21,34,16,16,0)
2257:(49,2,22,35,15,15,0)
2258:(49,2,23,36,14,14,0)
2259:(49,2,22,37,13,13,0)
2260:(49,2,23,38,12,12,0)
2261:(49,2,24,39,11,11,0)
2262:(49,2,25,40,10,10,0)
2263:(49,2,25,41,9,9,0)
2264:(49,2,24,42,8,8,0)
2265:(49,2,25,43,7,7,0)
2266:(49,2,26,44,6,6,0)
2267:(49,2,27,45,5,5,0)
2268:(49,2,27,46,4,4,0)
2269:(49,2,28,47,3,3,0)
2270:(49,2,27,48,2,2,0)
2271:(49,2,27,49,1,1,0)
2272:(49,2,28,50,0,0,0)
2273:(46,2,4,1,49,49,0)
2274:(46,2,3,0,50,50,0)
2275:(47,2,5,2,48,48,0)
2276:(47,2,6,3,47,47,0)
2277:(47,2,7,4,46,46,0)
2278:(47,2,8,5,45,45,0)
2279:(48,2,8,6,44,44,0)
2280:(48,2,9,7,43,43,0)
2281:(48,2,10,8,42,42,0)
2282:(48,2,10,9,41,41,0)
2283:(48,2,11,10,40,40,0)
2284:(50,2,10,11,39,39,0)
2285:(50,2,10,12,38,38,0)
2286:(50,2,11,13,37,37,0)
2287:(50,2,12,14,36,36,0)
2288:(50,2,12,15,35,35,0)
2289:(50,2,13,16,34,34,0)
2290:(50,2,14,17,33,33,0)
2291:(50,2,15,18,32,32,0)
2292:(50,2,16,19,31,31,0)
2293:(50,2,16,20,30,30,0)
2294:(50,2,16,21,29,29,0)
2295:(50,2,17,22,28,28,0)
2296:(50,2,17,23,27,27,0)
2297:(50,2,16,24,26,26,0)
2298:(50,2,17,25,25,25,0)
2299:(50,2,17,26,24,24,0)
2300:(50,2,17,27,23,23,0)
2301:(50,2,17,28,22,22,0)
2302:(50,2,18,29,21,21,0)
2303:(50,2,19,30,20,20,0)
2304:(50,2,19,31,19,19,0)
2305:(50,2,19,32,18,18,0)
2306:(50,2,20,33,17,17,0)
2307:(50,2,21,34,16,16,0)
2308:(50,2,22,35,15,15,0)
2309:(50,2,23,36,14,14,0)
2310:(50,2,22,37,13,13,0)
2311:(50,2,23,38,12,12,0)
2312:(50,2,24,39,11,11,0)
2313:(50,2,25,40,10,10,0)
2314:(50,2,25,41,9,9,0)
2315:(50,2,24,42,8,8,0)
2316:(50,2,25,43,7,7,0)
2317:(50,2,26,44,6,6,0)
2318:(50,2,27,45,5,5,0)
2319:(50,2,27,46,4,4,0)
2320:(50,2,28,47,3,3,0)
2321:(50,2,27,48,2,2,0)
2322:(50,2,27,49,1,1,0)
2323:(50,2,28,50,0,0,0)
2324:(-1,-1,-1,-1,-1,-1,-1)