(s1,s2)
0:(1,40)
1:(1,41)
2:(1,42)
3:(1,43)
4:(1,44)
5:(1,45)
6:(1,46)
7:(1,47)
8:(1,48)
9:(1,49)
10:(1,50)
11:(1,51)
12:(1,52)
13:(1,53)
14:(1,54)
15:(1,55)
16:(1,56)
17:(1,57)
18:(1,58)
19:(1,59)
20:(1,60)
21:(1,61)
22:(1,62)
23:(1,63)
24:(1,64)
25:(1,65)
26:(1,66)
27:(1,67)
28:(1,68)
29:(1,69)
30:(1,70)
31:(1,71)
32:(1,72)
33:(1,73)
34:(1,74)
35:(1,75)
36:(1,76)
37:(1,77)
38:(1,78)
39:(1,79)
40:(1,80)
41:(1,81)
42:(1,39)
43:(1,82)
44:(1,83)
45:(1,84)
46:(1,85)
47:(1,86)
48:(1,87)
49:(1,88)
50:(1,89)
51:(1,90)
52:(1,91)
53:(1,92)
54:(1,93)
55:(1,94)
56:(1,95)
57:(1,96)
58:(1,97)
59:(1,98)
60:(1,99)
61:(1,100)
62:(1,101)
63:(1,102)
64:(1,103)
65:(1,104)
66:(1,105)
67:(1,106)
68:(1,107)
69:(1,108)
70:(1,109)
71:(1,38)
72:(1,37)
73:(1,36)
74:(1,35)
75:(1,34)
76:(1,33)
77:(1,32)
78:(1,31)
79:(1,30)
80:(1,29)
81:(1,28)
82:(1,27)
83:(1,26)
84:(1,25)
85:(1,24)
86:(1,23)
87:(1,22)
88:(1,21)
89:(1,20)
90:(1,19)
91:(1,18)
92:(1,17)
93:(1,16)
94:(1,15)
95:(1,14)
96:(1,13)
97:(1,12)
98:(1,11)
99:(1,10)
100:(-1,-1)