(r,l,rl,g,ga,gbg,gd)
0:(-1,-1,-1,-1,-1,-1,-1)
1:(15,2,0,0,50,50,0)
2:(15,2,0,1,49,49,0)
3:(15,2,1,0,50,50,0)
4:(15,2,1,1,49,49,0)
5:(15,2,1,2,48,48,0)
6:(15,2,2,0,50,50,0)
7:(15,2,2,1,49,49,0)
8:(15,2,2,2,48,48,0)
9:(15,2,3,1,49,49,0)
10:(15,2,3,2,48,48,0)
11:(16,2,0,0,50,50,0)
12:(16,2,0,1,49,49,0)
13:(16,2,0,2,48,48,0)
14:(16,2,1,0,50,50,0)
15:(16,2,1,1,49,49,0)
16:(16,2,1,2,48,48,0)
17:(16,2,1,3,47,47,0)
18:(16,2,2,0,50,50,0)
19:(16,2,2,1,49,49,0)
20:(16,2,2,2,48,48,0)
21:(16,2,2,3,47,47,0)
22:(16,2,3,1,49,49,0)
23:(16,2,3,2,48,48,0)
24:(16,2,3,3,47,47,0)
25:(17,2,0,0,50,50,0)
26:(17,2,0,1,49,49,0)
27:(17,2,0,2,48,48,0)
28:(17,2,0,3,47,47,0)
29:(17,2,1,0,50,50,0)
30:(17,2,1,1,49,49,0)
31:(17,2,1,2,48,48,0)
32:(17,2,1,3,47,47,0)
33:(17,2,1,4,46,46,0)
34:(17,2,2,0,50,50,0)
35:(17,2,2,1,49,49,0)
36:(17,2,2,2,48,48,0)
37:(17,2,2,3,47,47,0)
38:(17,2,2,4,46,46,0)
39:(17,2,3,1,49,49,0)
40:(17,2,3,2,48,48,0)
41:(17,2,3,3,47,47,0)
42:(17,2,3,4,46,46,0)
43:(18,2,0,0,50,50,0)
44:(18,2,0,1,49,49,0)
45:(18,2,0,2,48,48,0)
46:(18,2,0,3,47,47,0)
47:(18,2,0,4,46,46,0)
48:(18,2,0,5,45,45,0)
49:(18,2,1,0,50,50,0)
50:(18,2,1,1,49,49,0)
51:(18,2,1,2,48,48,0)
52:(18,2,1,3,47,47,0)
53:(18,2,1,4,46,46,0)
54:(18,2,1,5,45,45,0)
55:(18,2,1,6,44,44,0)
56:(18,2,2,1,49,49,0)
57:(18,2,2,2,48,48,0)
58:(18,2,2,3,47,47,0)
59:(18,2,2,4,46,46,0)
60:(18,2,2,5,45,45,0)
61:(18,2,2,6,44,44,0)
62:(18,2,3,3,47,47,0)
63:(18,2,3,4,46,46,0)
64:(18,2,3,5,45,45,0)
65:(18,2,3,6,44,44,0)
66:(19,2,0,0,50,50,0)
67:(19,2,0,1,49,49,0)
68:(19,2,0,2,48,48,0)
69:(19,2,0,3,47,47,0)
70:(19,2,0,4,46,46,0)
71:(19,2,0,5,45,45,0)
72:(19,2,0,6,44,44,0)
73:(19,2,1,1,49,49,0)
74:(19,2,1,2,48,48,0)
75:(19,2,1,3,47,47,0)
76:(19,2,1,4,46,46,0)
77:(19,2,1,5,45,45,0)
78:(19,2,1,6,44,44,0)
79:(19,2,1,7,43,43,0)
80:(19,2,2,3,47,47,0)
81:(19,2,2,4,46,46,0)
82:(19,2,2,5,45,45,0)
83:(19,2,2,6,44,44,0)
84:(19,2,2,7,43,43,0)
85:(19,2,3,4,46,46,0)
86:(19,2,3,5,45,45,0)
87:(19,2,3,6,44,44,0)
88:(19,2,3,7,43,43,0)
89:(20,2,0,2,48,48,0)
90:(20,2,0,3,47,47,0)
91:(20,2,0,4,46,46,0)
92:(20,2,0,5,45,45,0)
93:(20,2,0,6,44,44,0)
94:(20,2,0,7,43,43,0)
95:(20,2,1,3,47,47,0)
96:(20,2,1,4,46,46,0)
97:(20,2,1,5,45,45,0)
98:(20,2,1,6,44,44,0)
99:(20,2,1,7,43,43,0)
100:(20,2,1,8,42,42,0)
101:(20,2,2,4,46,46,0)
102:(20,2,2,5,45,45,0)
103:(20,2,2,6,44,44,0)
104:(20,2,2,7,43,43,0)
105:(20,2,2,8,42,42,0)
106:(20,2,3,5,45,45,0)
107:(20,2,3,6,44,44,0)
108:(20,2,3,7,43,43,0)
109:(20,2,3,8,42,42,0)
110:(21,2,0,3,47,47,0)
111:(21,2,0,4,46,46,0)
112:(21,2,0,5,45,45,0)
113:(21,2,0,6,44,44,0)
114:(21,2,0,7,43,43,0)
115:(21,2,0,8,42,42,0)
116:(21,2,0,9,41,41,0)
117:(21,2,0,10,40,40,0)
118:(21,2,0,11,39,39,0)
119:(21,2,1,4,46,46,0)
120:(21,2,1,5,45,45,0)
121:(21,2,1,6,44,44,0)
122:(21,2,1,7,43,43,0)
123:(21,2,1,8,42,42,0)
124:(21,2,1,9,41,41,0)
125:(21,2,1,10,40,40,0)
126:(21,2,1,11,39,39,0)
127:(21,2,1,12,38,38,0)
128:(21,2,2,5,45,45,0)
129:(21,2,2,6,44,44,0)
130:(21,2,2,7,43,43,0)
131:(21,2,2,8,42,42,0)
132:(21,2,2,9,41,41,0)
133:(21,2,2,10,40,40,0)
134:(21,2,2,11,39,39,0)
135:(21,2,2,12,38,38,0)
136:(21,2,3,7,43,43,0)
137:(21,2,3,8,42,42,0)
138:(21,2,3,9,41,41,0)
139:(21,2,3,10,40,40,0)
140:(21,2,3,11,39,39,0)
141:(21,2,3,12,38,38,0)
142:(22,2,0,4,46,46,0)
143:(22,2,0,5,45,45,0)
144:(22,2,0,6,44,44,0)
145:(22,2,0,7,43,43,0)
146:(22,2,0,8,42,42,0)
147:(22,2,0,9,41,41,0)
148:(22,2,0,10,40,40,0)
149:(22,2,0,11,39,39,0)
150:(22,2,0,12,38,38,0)
151:(22,2,1,5,45,45,0)
152:(22,2,1,6,44,44,0)
153:(22,2,1,7,43,43,0)
154:(22,2,1,8,42,42,0)
155:(22,2,1,9,41,41,0)
156:(22,2,1,10,40,40,0)
157:(22,2,1,11,39,39,0)
158:(22,2,1,12,38,38,0)
159:(22,2,1,13,37,37,0)
160:(22,2,2,7,43,43,0)
161:(22,2,2,8,42,42,0)
162:(22,2,2,9,41,41,0)
163:(22,2,2,10,40,40,0)
164:(22,2,2,11,39,39,0)
165:(22,2,2,12,38,38,0)
166:(22,2,2,13,37,37,0)
167:(22,2,3,8,42,42,0)
168:(22,2,3,9,41,41,0)
169:(22,2,3,10,40,40,0)
170:(22,2,3,11,39,39,0)
171:(22,2,3,12,38,38,0)
172:(22,2,3,13,37,37,0)
173:(23,2,0,6,44,44,0)
174:(23,2,0,7,43,43,0)
175:(23,2,0,8,42,42,0)
176:(23,2,0,9,41,41,0)
177:(23,2,0,10,40,40,0)
178:(23,2,0,11,39,39,0)
179:(23,2,0,12,38,38,0)
180:(23,2,0,13,37,37,0)
181:(23,2,1,7,43,43,0)
182:(23,2,1,8,42,42,0)
183:(23,2,1,9,41,41,0)
184:(23,2,1,10,40,40,0)
185:(23,2,1,11,39,39,0)
186:(23,2,1,12,38,38,0)
187:(23,2,1,13,37,37,0)
188:(23,2,1,14,36,36,0)
189:(23,2,2,8,42,42,0)
190:(23,2,2,9,41,41,0)
191:(23,2,2,10,40,40,0)
192:(23,2,2,11,39,39,0)
193:(23,2,2,12,38,38,0)
194:(23,2,2,13,37,37,0)
195:(23,2,2,14,36,36,0)
196:(23,2,3,9,41,41,0)
197:(23,2,3,10,40,40,0)
198:(23,2,3,11,39,39,0)
199:(23,2,3,12,38,38,0)
200:(23,2,3,13,37,37,0)
201:(23,2,3,14,36,36,0)
202:(24,2,0,7,43,43,0)
203:(24,2,0,8,42,42,0)
204:(24,2,0,9,41,41,0)
205:(24,2,0,10,40,40,0)
206:(24,2,0,11,39,39,0)
207:(24,2,0,12,38,38,0)
208:(24,2,0,13,37,37,0)
209:(24,2,0,14,36,36,0)
210:(24,2,0,15,35,35,0)
211:(24,2,1,8,42,42,0)
212:(24,2,1,9,41,41,0)
213:(24,2,1,10,40,40,0)
214:(24,2,1,11,39,39,0)
215:(24,2,1,12,38,38,0)
216:(24,2,1,13,37,37,0)
217:(24,2,1,14,36,36,0)
218:(24,2,1,15,35,35,0)
219:(24,2,1,16,34,34,0)
220:(24,2,2,9,41,41,0)
221:(24,2,2,10,40,40,0)
222:(24,2,2,11,39,39,0)
223:(24,2,2,12,38,38,0)
224:(24,2,2,13,37,37,0)
225:(24,2,2,14,36,36,0)
226:(24,2,2,15,35,35,0)
227:(24,2,2,16,34,34,0)
228:(24,2,3,13,37,37,0)
229:(24,2,3,14,36,36,0)
230:(24,2,3,15,35,35,0)
231:(24,2,3,16,34,34,0)
232:(25,2,0,8,42,42,0)
233:(25,2,0,9,41,41,0)
234:(25,2,0,10,40,40,0)
235:(25,2,0,11,39,39,0)
236:(25,2,0,12,38,38,0)
237:(25,2,0,13,37,37,0)
238:(25,2,0,14,36,36,0)
239:(25,2,0,15,35,35,0)
240:(25,2,0,16,34,34,0)
241:(25,2,1,9,41,41,0)
242:(25,2,1,10,40,40,0)
243:(25,2,1,11,39,39,0)
244:(25,2,1,12,38,38,0)
245:(25,2,1,13,37,37,0)
246:(25,2,1,14,36,36,0)
247:(25,2,1,15,35,35,0)
248:(25,2,1,16,34,34,0)
249:(25,2,1,17,33,33,0)
250:(25,2,2,13,37,37,0)
251:(25,2,2,14,36,36,0)
252:(25,2,2,15,35,35,0)
253:(25,2,2,16,34,34,0)
254:(25,2,2,17,33,33,0)
255:(25,2,3,14,36,36,0)
256:(25,2,3,15,35,35,0)
257:(25,2,3,16,34,34,0)
258:(25,2,3,17,33,33,0)
259:(26,2,0,12,38,38,0)
260:(26,2,0,13,37,37,0)
261:(26,2,0,14,36,36,0)
262:(26,2,0,15,35,35,0)
263:(26,2,0,16,34,34,0)
264:(26,2,0,17,33,33,0)
265:(26,2,1,13,37,37,0)
266:(26,2,1,14,36,36,0)
267:(26,2,1,15,35,35,0)
268:(26,2,1,16,34,34,0)
269:(26,2,1,17,33,33,0)
270:(26,2,1,18,32,32,0)
271:(26,2,2,14,36,36,0)
272:(26,2,2,15,35,35,0)
273:(26,2,2,16,34,34,0)
274:(26,2,2,17,33,33,0)
275:(26,2,2,18,32,32,0)
276:(26,2,3,15,35,35,0)
277:(26,2,3,16,34,34,0)
278:(26,2,3,17,33,33,0)
279:(26,2,3,18,32,32,0)
280:(27,2,0,13,37,37,0)
281:(27,2,0,14,36,36,0)
282:(27,2,0,15,35,35,0)
283:(27,2,0,16,34,34,0)
284:(27,2,0,17,33,33,0)
285:(27,2,0,18,32,32,0)
286:(27,2,1,14,36,36,0)
287:(27,2,1,15,35,35,0)
288:(27,2,1,16,34,34,0)
289:(27,2,1,17,33,33,0)
290:(27,2,1,18,32,32,0)
291:(27,2,1,19,31,31,0)
292:(27,2,2,15,35,35,0)
293:(27,2,2,16,34,34,0)
294:(27,2,2,17,33,33,0)
295:(27,2,2,18,32,32,0)
296:(27,2,2,19,31,31,0)
297:(27,2,3,17,33,33,0)
298:(27,2,3,18,32,32,0)
299:(27,2,3,19,31,31,0)
300:(28,2,0,14,36,36,0)
301:(28,2,0,15,35,35,0)
302:(28,2,0,16,34,34,0)
303:(28,2,0,17,33,33,0)
304:(28,2,0,18,32,32,0)
305:(28,2,0,19,31,31,0)
306:(28,2,1,15,35,35,0)
307:(28,2,1,16,34,34,0)
308:(28,2,1,17,33,33,0)
309:(28,2,1,18,32,32,0)
310:(28,2,1,19,31,31,0)
311:(28,2,1,20,30,30,0)
312:(28,2,2,17,33,33,0)
313:(28,2,2,18,32,32,0)
314:(28,2,2,19,31,31,0)
315:(28,2,2,20,30,30,0)
316:(28,2,3,18,32,32,0)
317:(28,2,3,19,31,31,0)
318:(28,2,3,20,30,30,0)
319:(29,2,0,16,34,34,0)
320:(29,2,0,17,33,33,0)
321:(29,2,0,18,32,32,0)
322:(29,2,0,19,31,31,0)
323:(29,2,0,20,30,30,0)
324:(29,2,1,17,33,33,0)
325:(29,2,1,18,32,32,0)
326:(29,2,1,19,31,31,0)
327:(29,2,1,20,30,30,0)
328:(29,2,1,21,29,29,0)
329:(29,2,2,18,32,32,0)
330:(29,2,2,19,31,31,0)
331:(29,2,2,20,30,30,0)
332:(29,2,2,21,29,29,0)
333:(29,2,3,19,31,31,0)
334:(29,2,3,20,30,30,0)
335:(29,2,3,21,29,29,0)
336:(30,2,0,17,33,33,0)
337:(30,2,0,18,32,32,0)
338:(30,2,0,19,31,31,0)
339:(30,2,0,20,30,30,0)
340:(30,2,0,21,29,29,0)
341:(30,2,0,22,28,28,0)
342:(30,2,1,18,32,32,0)
343:(30,2,1,19,31,31,0)
344:(30,2,1,20,30,30,0)
345:(30,2,1,21,29,29,0)
346:(30,2,1,22,28,28,0)
347:(30,2,1,23,27,27,0)
348:(30,2,2,19,31,31,0)
349:(30,2,2,20,30,30,0)
350:(30,2,2,21,29,29,0)
351:(30,2,2,22,28,28,0)
352:(30,2,2,23,27,27,0)
353:(30,2,3,20,30,30,0)
354:(30,2,3,21,29,29,0)
355:(30,2,3,22,28,28,0)
356:(30,2,3,23,27,27,0)
357:(31,2,0,18,32,32,0)
358:(31,2,0,19,31,31,0)
359:(31,2,0,20,30,30,0)
360:(31,2,0,21,29,29,0)
361:(31,2,0,22,28,28,0)
362:(31,2,0,23,27,27,0)
363:(31,2,1,19,31,31,0)
364:(31,2,1,20,30,30,0)
365:(31,2,1,21,29,29,0)
366:(31,2,1,22,28,28,0)
367:(31,2,1,23,27,27,0)
368:(31,2,1,24,26,26,0)
369:(31,2,2,20,30,30,0)
370:(31,2,2,21,29,29,0)
371:(31,2,2,22,28,28,0)
372:(31,2,2,23,27,27,0)
373:(31,2,2,24,26,26,0)
374:(31,2,3,21,29,29,0)
375:(31,2,3,22,28,28,0)
376:(31,2,3,23,27,27,0)
377:(31,2,3,24,26,26,0)
378:(32,2,0,19,31,31,0)
379:(32,2,0,20,30,30,0)
380:(32,2,0,21,29,29,0)
381:(32,2,0,22,28,28,0)
382:(32,2,0,23,27,27,0)
383:(32,2,0,24,26,26,0)
384:(32,2,1,20,30,30,0)
385:(32,2,1,21,29,29,0)
386:(32,2,1,22,28,28,0)
387:(32,2,1,23,27,27,0)
388:(32,2,1,24,26,26,0)
389:(32,2,1,25,25,25,0)
390:(32,2,2,21,29,29,0)
391:(32,2,2,22,28,28,0)
392:(32,2,2,23,27,27,0)
393:(32,2,2,24,26,26,0)
394:(32,2,2,25,25,25,0)
395:(32,2,3,22,28,28,0)
396:(32,2,3,23,27,27,0)
397:(32,2,3,24,26,26,0)
398:(32,2,3,25,25,25,0)
399:(33,2,0,20,30,30,0)
400:(33,2,0,21,29,29,0)
401:(33,2,0,22,28,28,0)
402:(33,2,0,23,27,27,0)
403:(33,2,0,24,26,26,0)
404:(33,2,0,25,25,25,0)
405:(33,2,1,21,29,29,0)
406:(33,2,1,22,28,28,0)
407:(33,2,1,23,27,27,0)
408:(33,2,1,24,26,26,0)
409:(33,2,1,25,25,25,0)
410:(33,2,1,26,24,24,0)
411:(33,2,2,22,28,28,0)
412:(33,2,2,23,27,27,0)
413:(33,2,2,24,26,26,0)
414:(33,2,2,25,25,25,0)
415:(33,2,2,26,24,24,0)
416:(33,2,3,24,26,26,0)
417:(33,2,3,25,25,25,0)
418:(33,2,3,26,24,24,0)
419:(34,2,0,21,29,29,0)
420:(34,2,0,22,28,28,0)
421:(34,2,0,23,27,27,0)
422:(34,2,0,24,26,26,0)
423:(34,2,0,25,25,25,0)
424:(34,2,0,26,24,24,0)
425:(34,2,1,22,28,28,0)
426:(34,2,1,23,27,27,0)
427:(34,2,1,24,26,26,0)
428:(34,2,1,25,25,25,0)
429:(34,2,1,26,24,24,0)
430:(34,2,1,27,23,23,0)
431:(34,2,2,24,26,26,0)
432:(34,2,2,25,25,25,0)
433:(34,2,2,26,24,24,0)
434:(34,2,2,27,23,23,0)
435:(34,2,3,25,25,25,0)
436:(34,2,3,26,24,24,0)
437:(34,2,3,27,23,23,0)
438:(35,2,0,23,27,27,0)
439:(35,2,0,24,26,26,0)
440:(35,2,0,25,25,25,0)
441:(35,2,0,26,24,24,0)
442:(35,2,0,27,23,23,0)
443:(35,2,0,28,22,22,0)
444:(35,2,0,29,21,21,0)
445:(35,2,1,24,26,26,0)
446:(35,2,1,25,25,25,0)
447:(35,2,1,26,24,24,0)
448:(35,2,1,27,23,23,0)
449:(35,2,1,28,22,22,0)
450:(35,2,1,29,21,21,0)
451:(35,2,1,30,20,20,0)
452:(35,2,2,25,25,25,0)
453:(35,2,2,26,24,24,0)
454:(35,2,2,27,23,23,0)
455:(35,2,2,28,22,22,0)
456:(35,2,2,29,21,21,0)
457:(35,2,2,30,20,20,0)
458:(35,2,3,26,24,24,0)
459:(35,2,3,27,23,23,0)
460:(35,2,3,28,22,22,0)
461:(35,2,3,29,21,21,0)
462:(35,2,3,30,20,20,0)
463:(36,2,0,24,26,26,0)
464:(36,2,0,25,25,25,0)
465:(36,2,0,26,24,24,0)
466:(36,2,0,27,23,23,0)
467:(36,2,0,28,22,22,0)
468:(36,2,0,29,21,21,0)
469:(36,2,0,30,20,20,0)
470:(36,2,1,25,25,25,0)
471:(36,2,1,26,24,24,0)
472:(36,2,1,27,23,23,0)
473:(36,2,1,28,22,22,0)
474:(36,2,1,29,21,21,0)
475:(36,2,1,30,20,20,0)
476:(36,2,1,31,19,19,0)
477:(36,2,2,26,24,24,0)
478:(36,2,2,27,23,23,0)
479:(36,2,2,28,22,22,0)
480:(36,2,2,29,21,21,0)
481:(36,2,2,30,20,20,0)
482:(36,2,2,31,19,19,0)
483:(36,2,3,27,23,23,0)
484:(36,2,3,28,22,22,0)
485:(36,2,3,29,21,21,0)
486:(36,2,3,30,20,20,0)
487:(36,2,3,31,19,19,0)
488:(37,2,0,25,25,25,0)
489:(37,2,0,26,24,24,0)
490:(37,2,0,27,23,23,0)
491:(37,2,0,28,22,22,0)
492:(37,2,0,29,21,21,0)
493:(37,2,0,30,20,20,0)
494:(37,2,0,31,19,19,0)
495:(37,2,1,26,24,24,0)
496:(37,2,1,27,23,23,0)
497:(37,2,1,28,22,22,0)
498:(37,2,1,29,21,21,0)
499:(37,2,1,30,20,20,0)
500:(37,2,1,31,19,19,0)
501:(37,2,1,32,18,18,0)
502:(37,2,2,27,23,23,0)
503:(37,2,2,28,22,22,0)
504:(37,2,2,29,21,21,0)
505:(37,2,2,30,20,20,0)
506:(37,2,2,31,19,19,0)
507:(37,2,2,32,18,18,0)
508:(37,2,3,28,22,22,0)
509:(37,2,3,29,21,21,0)
510:(37,2,3,30,20,20,0)
511:(37,2,3,31,19,19,0)
512:(37,2,3,32,18,18,0)
513:(38,2,0,26,24,24,0)
514:(38,2,0,27,23,23,0)
515:(38,2,0,28,22,22,0)
516:(38,2,0,29,21,21,0)
517:(38,2,0,30,20,20,0)
518:(38,2,0,31,19,19,0)
519:(38,2,0,32,18,18,0)
520:(38,2,1,27,23,23,0)
521:(38,2,1,28,22,22,0)
522:(38,2,1,29,21,21,0)
523:(38,2,1,30,20,20,0)
524:(38,2,1,31,19,19,0)
525:(38,2,1,32,18,18,0)
526:(38,2,1,33,17,17,0)
527:(38,2,2,28,22,22,0)
528:(38,2,2,29,21,21,0)
529:(38,2,2,30,20,20,0)
530:(38,2,2,31,19,19,0)
531:(38,2,2,32,18,18,0)
532:(38,2,2,33,17,17,0)
533:(38,2,3,31,19,19,0)
534:(38,2,3,32,18,18,0)
535:(38,2,3,33,17,17,0)
536:(39,2,0,27,23,23,0)
537:(39,2,0,28,22,22,0)
538:(39,2,0,29,21,21,0)
539:(39,2,0,30,20,20,0)
540:(39,2,0,31,19,19,0)
541:(39,2,0,32,18,18,0)
542:(39,2,0,33,17,17,0)
543:(39,2,0,34,16,16,0)
544:(39,2,0,35,15,15,0)
545:(39,2,1,28,22,22,0)
546:(39,2,1,29,21,21,0)
547:(39,2,1,30,20,20,0)
548:(39,2,1,31,19,19,0)
549:(39,2,1,32,18,18,0)
550:(39,2,1,33,17,17,0)
551:(39,2,1,34,16,16,0)
552:(39,2,1,35,15,15,0)
553:(39,2,1,36,14,14,0)
554:(39,2,2,31,19,19,0)
555:(39,2,2,32,18,18,0)
556:(39,2,2,33,17,17,0)
557:(39,2,2,34,16,16,0)
558:(39,2,2,35,15,15,0)
559:(39,2,2,36,14,14,0)
560:(39,2,3,32,18,18,0)
561:(39,2,3,33,17,17,0)
562:(39,2,3,34,16,16,0)
563:(39,2,3,35,15,15,0)
564:(39,2,3,36,14,14,0)
565:(40,2,0,30,20,20,0)
566:(40,2,0,31,19,19,0)
567:(40,2,0,32,18,18,0)
568:(40,2,0,33,17,17,0)
569:(40,2,0,34,16,16,0)
570:(40,2,0,35,15,15,0)
571:(40,2,0,36,14,14,0)
572:(40,2,1,31,19,19,0)
573:(40,2,1,32,18,18,0)
574:(40,2,1,33,17,17,0)
575:(40,2,1,34,16,16,0)
576:(40,2,1,35,15,15,0)
577:(40,2,1,36,14,14,0)
578:(40,2,1,37,13,13,0)
579:(40,2,2,32,18,18,0)
580:(40,2,2,33,17,17,0)
581:(40,2,2,34,16,16,0)
582:(40,2,2,35,15,15,0)
583:(40,2,2,36,14,14,0)
584:(40,2,2,37,13,13,0)
585:(40,2,3,33,17,17,0)
586:(40,2,3,34,16,16,0)
587:(40,2,3,35,15,15,0)
588:(40,2,3,36,14,14,0)
589:(40,2,3,37,13,13,0)
590:(41,2,0,31,19,19,0)
591:(41,2,0,32,18,18,0)
592:(41,2,0,33,17,17,0)
593:(41,2,0,34,16,16,0)
594:(41,2,0,35,15,15,0)
595:(41,2,0,36,14,14,0)
596:(41,2,0,37,13,13,0)
597:(41,2,1,32,18,18,0)
598:(41,2,1,33,17,17,0)
599:(41,2,1,34,16,16,0)
600:(41,2,1,35,15,15,0)
601:(41,2,1,36,14,14,0)
602:(41,2,1,37,13,13,0)
603:(41,2,1,38,12,12,0)
604:(41,2,2,33,17,17,0)
605:(41,2,2,34,16,16,0)
606:(41,2,2,35,15,15,0)
607:(41,2,2,36,14,14,0)
608:(41,2,2,37,13,13,0)
609:(41,2,2,38,12,12,0)
610:(41,2,3,34,16,16,0)
611:(41,2,3,35,15,15,0)
612:(41,2,3,36,14,14,0)
613:(41,2,3,37,13,13,0)
614:(41,2,3,38,12,12,0)
615:(42,2,0,32,18,18,0)
616:(42,2,0,33,17,17,0)
617:(42,2,0,34,16,16,0)
618:(42,2,0,35,15,15,0)
619:(42,2,0,36,14,14,0)
620:(42,2,0,37,13,13,0)
621:(42,2,0,38,12,12,0)
622:(42,2,1,33,17,17,0)
623:(42,2,1,34,16,16,0)
624:(42,2,1,35,15,15,0)
625:(42,2,1,36,14,14,0)
626:(42,2,1,37,13,13,0)
627:(42,2,1,38,12,12,0)
628:(42,2,1,39,11,11,0)
629:(42,2,2,34,16,16,0)
630:(42,2,2,35,15,15,0)
631:(42,2,2,36,14,14,0)
632:(42,2,2,37,13,13,0)
633:(42,2,2,38,12,12,0)
634:(42,2,2,39,11,11,0)
635:(42,2,3,37,13,13,0)
636:(42,2,3,38,12,12,0)
637:(42,2,3,39,11,11,0)
638:(43,2,0,33,17,17,0)
639:(43,2,0,34,16,16,0)
640:(43,2,0,35,15,15,0)
641:(43,2,0,36,14,14,0)
642:(43,2,0,37,13,13,0)
643:(43,2,0,38,12,12,0)
644:(43,2,0,39,11,11,0)
645:(43,2,1,34,16,16,0)
646:(43,2,1,35,15,15,0)
647:(43,2,1,36,14,14,0)
648:(43,2,1,37,13,13,0)
649:(43,2,1,38,12,12,0)
650:(43,2,1,39,11,11,0)
651:(43,2,1,40,10,10,0)
652:(43,2,2,37,13,13,0)
653:(43,2,2,38,12,12,0)
654:(43,2,2,39,11,11,0)
655:(43,2,2,40,10,10,0)
656:(43,2,3,38,12,12,0)
657:(43,2,3,39,11,11,0)
658:(43,2,3,40,10,10,0)
659:(44,2,0,36,14,14,0)
660:(44,2,0,37,13,13,0)
661:(44,2,0,38,12,12,0)
662:(44,2,0,39,11,11,0)
663:(44,2,0,40,10,10,0)
664:(44,2,0,41,9,9,0)
665:(44,2,0,42,8,8,0)
666:(44,2,0,43,7,7,0)
667:(44,2,1,37,13,13,0)
668:(44,2,1,38,12,12,0)
669:(44,2,1,39,11,11,0)
670:(44,2,1,40,10,10,0)
671:(44,2,1,41,9,9,0)
672:(44,2,1,42,8,8,0)
673:(44,2,1,43,7,7,0)
674:(44,2,1,44,6,6,0)
675:(44,2,2,38,12,12,0)
676:(44,2,2,39,11,11,0)
677:(44,2,2,40,10,10,0)
678:(44,2,2,41,9,9,0)
679:(44,2,2,42,8,8,0)
680:(44,2,2,43,7,7,0)
681:(44,2,2,44,6,6,0)
682:(44,2,3,39,11,11,0)
683:(44,2,3,40,10,10,0)
684:(44,2,3,41,9,9,0)
685:(44,2,3,42,8,8,0)
686:(44,2,3,43,7,7,0)
687:(44,2,3,44,6,6,0)
688:(45,2,0,37,13,13,0)
689:(45,2,0,38,12,12,0)
690:(45,2,0,39,11,11,0)
691:(45,2,0,40,10,10,0)
692:(45,2,0,41,9,9,0)
693:(45,2,0,42,8,8,0)
694:(45,2,0,43,7,7,0)
695:(45,2,0,44,6,6,0)
696:(45,2,1,38,12,12,0)
697:(45,2,1,39,11,11,0)
698:(45,2,1,40,10,10,0)
699:(45,2,1,41,9,9,0)
700:(45,2,1,42,8,8,0)
701:(45,2,1,43,7,7,0)
702:(45,2,1,44,6,6,0)
703:(45,2,1,45,5,5,0)
704:(45,2,2,39,11,11,0)
705:(45,2,2,40,10,10,0)
706:(45,2,2,41,9,9,0)
707:(45,2,2,42,8,8,0)
708:(45,2,2,43,7,7,0)
709:(45,2,2,44,6,6,0)
710:(45,2,2,45,5,5,0)
711:(45,2,3,40,10,10,0)
712:(45,2,3,41,9,9,0)
713:(45,2,3,42,8,8,0)
714:(45,2,3,43,7,7,0)
715:(45,2,3,44,6,6,0)
716:(45,2,3,45,5,5,0)
717:(46,2,0,38,12,12,0)
718:(46,2,0,39,11,11,0)
719:(46,2,0,40,10,10,0)
720:(46,2,0,41,9,9,0)
721:(46,2,0,42,8,8,0)
722:(46,2,0,43,7,7,0)
723:(46,2,0,44,6,6,0)
724:(46,2,0,45,5,5,0)
725:(46,2,0,46,4,4,0)
726:(46,2,1,39,11,11,0)
727:(46,2,1,40,10,10,0)
728:(46,2,1,41,9,9,0)
729:(46,2,1,42,8,8,0)
730:(46,2,1,43,7,7,0)
731:(46,2,1,44,6,6,0)
732:(46,2,1,45,5,5,0)
733:(46,2,1,46,4,4,0)
734:(46,2,1,47,3,3,0)
735:(46,2,2,40,10,10,0)
736:(46,2,2,41,9,9,0)
737:(46,2,2,42,8,8,0)
738:(46,2,2,43,7,7,0)
739:(46,2,2,44,6,6,0)
740:(46,2,2,45,5,5,0)
741:(46,2,2,46,4,4,0)
742:(46,2,2,47,3,3,0)
743:(46,2,3,41,9,9,0)
744:(46,2,3,42,8,8,0)
745:(46,2,3,43,7,7,0)
746:(46,2,3,44,6,6,0)
747:(46,2,3,45,5,5,0)
748:(46,2,3,46,4,4,0)
749:(46,2,3,47,3,3,0)
750:(47,2,0,39,11,11,0)
751:(47,2,0,40,10,10,0)
752:(47,2,0,41,9,9,0)
753:(47,2,0,42,8,8,0)
754:(47,2,0,43,7,7,0)
755:(47,2,0,44,6,6,0)
756:(47,2,0,45,5,5,0)
757:(47,2,0,46,4,4,0)
758:(47,2,0,47,3,3,0)
759:(47,2,1,40,10,10,0)
760:(47,2,1,41,9,9,0)
761:(47,2,1,42,8,8,0)
762:(47,2,1,43,7,7,0)
763:(47,2,1,44,6,6,0)
764:(47,2,1,45,5,5,0)
765:(47,2,1,46,4,4,0)
766:(47,2,1,47,3,3,0)
767:(47,2,1,48,2,2,0)
768:(47,2,2,41,9,9,0)
769:(47,2,2,42,8,8,0)
770:(47,2,2,43,7,7,0)
771:(47,2,2,44,6,6,0)
772:(47,2,2,45,5,5,0)
773:(47,2,2,46,4,4,0)
774:(47,2,2,47,3,3,0)
775:(47,2,2,48,2,2,0)
776:(47,2,3,45,5,5,0)
777:(47,2,3,46,4,4,0)
778:(47,2,3,47,3,3,0)
779:(47,2,3,48,2,2,0)
780:(48,2,0,40,10,10,0)
781:(48,2,0,41,9,9,0)
782:(48,2,0,42,8,8,0)
783:(48,2,0,43,7,7,0)
784:(48,2,0,44,6,6,0)
785:(48,2,0,45,5,5,0)
786:(48,2,0,46,4,4,0)
787:(48,2,0,47,3,3,0)
788:(48,2,0,48,2,2,0)
789:(48,2,1,41,9,9,0)
790:(48,2,1,42,8,8,0)
791:(48,2,1,43,7,7,0)
792:(48,2,1,44,6,6,0)
793:(48,2,1,45,5,5,0)
794:(48,2,1,46,4,4,0)
795:(48,2,1,47,3,3,0)
796:(48,2,1,48,2,2,0)
797:(48,2,1,49,1,1,0)
798:(48,2,2,45,5,5,0)
799:(48,2,2,46,4,4,0)
800:(48,2,2,47,3,3,0)
801:(48,2,2,48,2,2,0)
802:(48,2,2,49,1,1,0)
803:(48,2,2,50,0,0,0)
804:(48,2,3,46,4,4,0)
805:(48,2,3,47,3,3,0)
806:(48,2,3,48,2,2,0)
807:(48,2,3,49,1,1,0)
808:(48,2,3,50,0,0,0)
809:(49,2,0,44,6,6,0)
810:(49,2,0,45,5,5,0)
811:(49,2,0,46,4,4,0)
812:(49,2,0,47,3,3,0)
813:(49,2,0,48,2,2,0)
814:(49,2,0,49,1,1,0)
815:(49,2,0,50,0,0,0)
816:(49,2,1,45,5,5,0)
817:(49,2,1,46,4,4,0)
818:(49,2,1,47,3,3,0)
819:(49,2,1,48,2,2,0)
820:(49,2,1,49,1,1,0)
821:(49,2,1,50,0,0,0)
822:(49,2,2,46,4,4,0)
823:(49,2,2,47,3,3,0)
824:(49,2,2,48,2,2,0)
825:(49,2,2,49,1,1,0)
826:(49,2,2,50,0,0,0)
827:(49,2,3,48,2,2,0)
828:(49,2,3,49,1,1,0)
829:(49,2,3,50,0,0,0)
830:(50,2,0,45,5,5,0)
831:(50,2,0,46,4,4,0)
832:(50,2,0,47,3,3,0)
833:(50,2,0,48,2,2,0)
834:(50,2,0,49,1,1,0)
835:(50,2,0,50,0,0,0)
836:(50,2,1,46,4,4,0)
837:(50,2,1,47,3,3,0)
838:(50,2,1,48,2,2,0)
839:(50,2,1,49,1,1,0)
840:(50,2,1,50,0,0,0)
841:(50,2,2,48,2,2,0)
842:(50,2,2,49,1,1,0)
843:(50,2,2,50,0,0,0)
844:(50,2,3,49,1,1,0)
845:(50,2,3,50,0,0,0)
846:(51,2,0,47,3,3,0)
847:(51,2,0,48,2,2,0)
848:(51,2,0,49,1,1,0)
849:(51,2,0,50,0,0,0)
850:(51,2,1,48,2,2,0)
851:(51,2,1,49,1,1,0)
852:(51,2,1,50,0,0,0)
853:(51,2,2,49,1,1,0)
854:(51,2,2,50,0,0,0)
