(r,l,rl,g,ga,gbg,gd)
0:(-1,-1,-1,-1,-1,-1,-1)
1:(17,2,0,0,50,50,0)
2:(17,2,1,0,50,50,0)
3:(17,2,1,1,49,49,0)
4:(17,2,2,0,50,50,0)
5:(17,2,2,1,49,49,0)
6:(17,2,3,1,49,49,0)
7:(18,2,0,0,50,50,0)
8:(18,2,0,1,49,49,0)
9:(18,2,1,0,50,50,0)
10:(18,2,1,1,49,49,0)
11:(18,2,1,2,48,48,0)
12:(18,2,2,0,50,50,0)
13:(18,2,2,1,49,49,0)
14:(18,2,2,2,48,48,0)
15:(18,2,3,1,49,49,0)
16:(18,2,3,2,48,48,0)
17:(19,2,0,0,50,50,0)
18:(19,2,0,1,49,49,0)
19:(19,2,0,2,48,48,0)
20:(19,2,1,0,50,50,0)
21:(19,2,1,1,49,49,0)
22:(19,2,1,2,48,48,0)
23:(19,2,1,3,47,47,0)
24:(19,2,2,0,50,50,0)
25:(19,2,2,1,49,49,0)
26:(19,2,2,2,48,48,0)
27:(19,2,2,3,47,47,0)
28:(19,2,3,1,49,49,0)
29:(19,2,3,2,48,48,0)
30:(19,2,3,3,47,47,0)
31:(20,2,0,0,50,50,0)
32:(20,2,0,1,49,49,0)
33:(20,2,0,2,48,48,0)
34:(20,2,0,3,47,47,0)
35:(20,2,1,0,50,50,0)
36:(20,2,1,1,49,49,0)
37:(20,2,1,2,48,48,0)
38:(20,2,1,3,47,47,0)
39:(20,2,1,4,46,46,0)
40:(20,2,2,1,49,49,0)
41:(20,2,2,2,48,48,0)
42:(20,2,2,3,47,47,0)
43:(20,2,2,4,46,46,0)
44:(20,2,3,2,48,48,0)
45:(20,2,3,3,47,47,0)
46:(20,2,3,4,46,46,0)
47:(21,2,0,0,50,50,0)
48:(21,2,0,1,49,49,0)
49:(21,2,0,2,48,48,0)
50:(21,2,0,3,47,47,0)
51:(21,2,0,4,46,46,0)
52:(21,2,1,1,49,49,0)
53:(21,2,1,2,48,48,0)
54:(21,2,1,3,47,47,0)
55:(21,2,1,4,46,46,0)
56:(21,2,1,5,45,45,0)
57:(21,2,2,2,48,48,0)
58:(21,2,2,3,47,47,0)
59:(21,2,2,4,46,46,0)
60:(21,2,2,5,45,45,0)
61:(21,2,3,3,47,47,0)
62:(21,2,3,4,46,46,0)
63:(21,2,3,5,45,45,0)
64:(22,2,0,1,49,49,0)
65:(22,2,0,2,48,48,0)
66:(22,2,0,3,47,47,0)
67:(22,2,0,4,46,46,0)
68:(22,2,0,5,45,45,0)
69:(22,2,1,2,48,48,0)
70:(22,2,1,3,47,47,0)
71:(22,2,1,4,46,46,0)
72:(22,2,1,5,45,45,0)
73:(22,2,1,6,44,44,0)
74:(22,2,2,3,47,47,0)
75:(22,2,2,4,46,46,0)
76:(22,2,2,5,45,45,0)
77:(22,2,2,6,44,44,0)
78:(22,2,3,4,46,46,0)
79:(22,2,3,5,45,45,0)
80:(22,2,3,6,44,44,0)
81:(23,2,0,2,48,48,0)
82:(23,2,0,3,47,47,0)
83:(23,2,0,4,46,46,0)
84:(23,2,0,5,45,45,0)
85:(23,2,0,6,44,44,0)
86:(23,2,0,7,43,43,0)
87:(23,2,1,3,47,47,0)
88:(23,2,1,4,46,46,0)
89:(23,2,1,5,45,45,0)
90:(23,2,1,6,44,44,0)
91:(23,2,1,7,43,43,0)
92:(23,2,1,8,42,42,0)
93:(23,2,2,4,46,46,0)
94:(23,2,2,5,45,45,0)
95:(23,2,2,6,44,44,0)
96:(23,2,2,7,43,43,0)
97:(23,2,2,8,42,42,0)
98:(23,2,3,5,45,45,0)
99:(23,2,3,6,44,44,0)
100:(23,2,3,7,43,43,0)
101:(23,2,3,8,42,42,0)
102:(24,2,0,3,47,47,0)
103:(24,2,0,4,46,46,0)
104:(24,2,0,5,45,45,0)
105:(24,2,0,6,44,44,0)
106:(24,2,0,7,43,43,0)
107:(24,2,0,8,42,42,0)
108:(24,2,1,4,46,46,0)
109:(24,2,1,5,45,45,0)
110:(24,2,1,6,44,44,0)
111:(24,2,1,7,43,43,0)
112:(24,2,1,8,42,42,0)
113:(24,2,1,9,41,41,0)
114:(24,2,2,5,45,45,0)
115:(24,2,2,6,44,44,0)
116:(24,2,2,7,43,43,0)
117:(24,2,2,8,42,42,0)
118:(24,2,2,9,41,41,0)
119:(24,2,3,6,44,44,0)
120:(24,2,3,7,43,43,0)
121:(24,2,3,8,42,42,0)
122:(24,2,3,9,41,41,0)
123:(25,2,0,4,46,46,0)
124:(25,2,0,5,45,45,0)
125:(25,2,0,6,44,44,0)
126:(25,2,0,7,43,43,0)
127:(25,2,0,8,42,42,0)
128:(25,2,0,9,41,41,0)
129:(25,2,1,5,45,45,0)
130:(25,2,1,6,44,44,0)
131:(25,2,1,7,43,43,0)
132:(25,2,1,8,42,42,0)
133:(25,2,1,9,41,41,0)
134:(25,2,1,10,40,40,0)
135:(25,2,2,6,44,44,0)
136:(25,2,2,7,43,43,0)
137:(25,2,2,8,42,42,0)
138:(25,2,2,9,41,41,0)
139:(25,2,2,10,40,40,0)
140:(25,2,3,7,43,43,0)
141:(25,2,3,8,42,42,0)
142:(25,2,3,9,41,41,0)
143:(25,2,3,10,40,40,0)
144:(26,2,0,5,45,45,0)
145:(26,2,0,6,44,44,0)
146:(26,2,0,7,43,43,0)
147:(26,2,0,8,42,42,0)
148:(26,2,0,9,41,41,0)
149:(26,2,0,10,40,40,0)
150:(26,2,0,11,39,39,0)
151:(26,2,1,6,44,44,0)
152:(26,2,1,7,43,43,0)
153:(26,2,1,8,42,42,0)
154:(26,2,1,9,41,41,0)
155:(26,2,1,10,40,40,0)
156:(26,2,1,11,39,39,0)
157:(26,2,1,12,38,38,0)
158:(26,2,2,7,43,43,0)
159:(26,2,2,8,42,42,0)
160:(26,2,2,9,41,41,0)
161:(26,2,2,10,40,40,0)
162:(26,2,2,11,39,39,0)
163:(26,2,2,12,38,38,0)
164:(26,2,3,9,41,41,0)
165:(26,2,3,10,40,40,0)
166:(26,2,3,11,39,39,0)
167:(26,2,3,12,38,38,0)
168:(27,2,0,6,44,44,0)
169:(27,2,0,7,43,43,0)
170:(27,2,0,8,42,42,0)
171:(27,2,0,9,41,41,0)
172:(27,2,0,10,40,40,0)
173:(27,2,0,11,39,39,0)
174:(27,2,0,12,38,38,0)
175:(27,2,1,7,43,43,0)
176:(27,2,1,8,42,42,0)
177:(27,2,1,9,41,41,0)
178:(27,2,1,10,40,40,0)
179:(27,2,1,11,39,39,0)
180:(27,2,1,12,38,38,0)
181:(27,2,1,13,37,37,0)
182:(27,2,2,9,41,41,0)
183:(27,2,2,10,40,40,0)
184:(27,2,2,11,39,39,0)
185:(27,2,2,12,38,38,0)
186:(27,2,2,13,37,37,0)
187:(27,2,3,10,40,40,0)
188:(27,2,3,11,39,39,0)
189:(27,2,3,12,38,38,0)
190:(27,2,3,13,37,37,0)
191:(28,2,0,8,42,42,0)
192:(28,2,0,9,41,41,0)
193:(28,2,0,10,40,40,0)
194:(28,2,0,11,39,39,0)
195:(28,2,0,12,38,38,0)
196:(28,2,0,13,37,37,0)
197:(28,2,1,9,41,41,0)
198:(28,2,1,10,40,40,0)
199:(28,2,1,11,39,39,0)
200:(28,2,1,12,38,38,0)
201:(28,2,1,13,37,37,0)
202:(28,2,1,14,36,36,0)
203:(28,2,2,10,40,40,0)
204:(28,2,2,11,39,39,0)
205:(28,2,2,12,38,38,0)
206:(28,2,2,13,37,37,0)
207:(28,2,2,14,36,36,0)
208:(28,2,3,11,39,39,0)
209:(28,2,3,12,38,38,0)
210:(28,2,3,13,37,37,0)
211:(28,2,3,14,36,36,0)
212:(29,2,0,9,41,41,0)
213:(29,2,0,10,40,40,0)
214:(29,2,0,11,39,39,0)
215:(29,2,0,12,38,38,0)
216:(29,2,0,13,37,37,0)
217:(29,2,0,14,36,36,0)
218:(29,2,1,10,40,40,0)
219:(29,2,1,11,39,39,0)
220:(29,2,1,12,38,38,0)
221:(29,2,1,13,37,37,0)
222:(29,2,1,14,36,36,0)
223:(29,2,1,15,35,35,0)
224:(29,2,2,11,39,39,0)
225:(29,2,2,12,38,38,0)
226:(29,2,2,13,37,37,0)
227:(29,2,2,14,36,36,0)
228:(29,2,2,15,35,35,0)
229:(29,2,3,13,37,37,0)
230:(29,2,3,14,36,36,0)
231:(29,2,3,15,35,35,0)
232:(30,2,0,10,40,40,0)
233:(30,2,0,11,39,39,0)
234:(30,2,0,12,38,38,0)
235:(30,2,0,13,37,37,0)
236:(30,2,0,14,36,36,0)
237:(30,2,0,15,35,35,0)
238:(30,2,1,11,39,39,0)
239:(30,2,1,12,38,38,0)
240:(30,2,1,13,37,37,0)
241:(30,2,1,14,36,36,0)
242:(30,2,1,15,35,35,0)
243:(30,2,1,16,34,34,0)
244:(30,2,2,13,37,37,0)
245:(30,2,2,14,36,36,0)
246:(30,2,2,15,35,35,0)
247:(30,2,2,16,34,34,0)
248:(30,2,3,14,36,36,0)
249:(30,2,3,15,35,35,0)
250:(30,2,3,16,34,34,0)
251:(31,2,0,12,38,38,0)
252:(31,2,0,13,37,37,0)
253:(31,2,0,14,36,36,0)
254:(31,2,0,15,35,35,0)
255:(31,2,0,16,34,34,0)
256:(31,2,1,13,37,37,0)
257:(31,2,1,14,36,36,0)
258:(31,2,1,15,35,35,0)
259:(31,2,1,16,34,34,0)
260:(31,2,1,17,33,33,0)
261:(31,2,2,14,36,36,0)
262:(31,2,2,15,35,35,0)
263:(31,2,2,16,34,34,0)
264:(31,2,2,17,33,33,0)
265:(31,2,3,15,35,35,0)
266:(31,2,3,16,34,34,0)
267:(31,2,3,17,33,33,0)
268:(32,2,0,13,37,37,0)
269:(32,2,0,14,36,36,0)
270:(32,2,0,15,35,35,0)
271:(32,2,0,16,34,34,0)
272:(32,2,0,17,33,33,0)
273:(32,2,0,18,32,32,0)
274:(32,2,1,14,36,36,0)
275:(32,2,1,15,35,35,0)
276:(32,2,1,16,34,34,0)
277:(32,2,1,17,33,33,0)
278:(32,2,1,18,32,32,0)
279:(32,2,1,19,31,31,0)
280:(32,2,2,15,35,35,0)
281:(32,2,2,16,34,34,0)
282:(32,2,2,17,33,33,0)
283:(32,2,2,18,32,32,0)
284:(32,2,2,19,31,31,0)
285:(32,2,3,16,34,34,0)
286:(32,2,3,17,33,33,0)
287:(32,2,3,18,32,32,0)
288:(32,2,3,19,31,31,0)
289:(33,2,0,14,36,36,0)
290:(33,2,0,15,35,35,0)
291:(33,2,0,16,34,34,0)
292:(33,2,0,17,33,33,0)
293:(33,2,0,18,32,32,0)
294:(33,2,0,19,31,31,0)
295:(33,2,0,20,30,30,0)
296:(33,2,1,15,35,35,0)
297:(33,2,1,16,34,34,0)
298:(33,2,1,17,33,33,0)
299:(33,2,1,18,32,32,0)
300:(33,2,1,19,31,31,0)
301:(33,2,1,20,30,30,0)
302:(33,2,1,21,29,29,0)
303:(33,2,2,16,34,34,0)
304:(33,2,2,17,33,33,0)
305:(33,2,2,18,32,32,0)
306:(33,2,2,19,31,31,0)
307:(33,2,2,20,30,30,0)
308:(33,2,2,21,29,29,0)
309:(33,2,3,17,33,33,0)
310:(33,2,3,18,32,32,0)
311:(33,2,3,19,31,31,0)
312:(33,2,3,20,30,30,0)
313:(33,2,3,21,29,29,0)
314:(34,2,0,15,35,35,0)
315:(34,2,0,16,34,34,0)
316:(34,2,0,17,33,33,0)
317:(34,2,0,18,32,32,0)
318:(34,2,0,19,31,31,0)
319:(34,2,0,20,30,30,0)
320:(34,2,0,21,29,29,0)
321:(34,2,0,22,28,28,0)
322:(34,2,0,23,27,27,0)
323:(34,2,1,16,34,34,0)
324:(34,2,1,17,33,33,0)
325:(34,2,1,18,32,32,0)
326:(34,2,1,19,31,31,0)
327:(34,2,1,20,30,30,0)
328:(34,2,1,21,29,29,0)
329:(34,2,1,22,28,28,0)
330:(34,2,1,23,27,27,0)
331:(34,2,1,24,26,26,0)
332:(34,2,2,17,33,33,0)
333:(34,2,2,18,32,32,0)
334:(34,2,2,19,31,31,0)
335:(34,2,2,20,30,30,0)
336:(34,2,2,21,29,29,0)
337:(34,2,2,22,28,28,0)
338:(34,2,2,23,27,27,0)
339:(34,2,2,24,26,26,0)
340:(34,2,3,18,32,32,0)
341:(34,2,3,19,31,31,0)
342:(34,2,3,20,30,30,0)
343:(34,2,3,21,29,29,0)
344:(34,2,3,22,28,28,0)
345:(34,2,3,23,27,27,0)
346:(34,2,3,24,26,26,0)
347:(35,2,0,16,34,34,0)
348:(35,2,0,17,33,33,0)
349:(35,2,0,18,32,32,0)
350:(35,2,0,19,31,31,0)
351:(35,2,0,20,30,30,0)
352:(35,2,0,21,29,29,0)
353:(35,2,0,22,28,28,0)
354:(35,2,0,23,27,27,0)
355:(35,2,0,24,26,26,0)
356:(35,2,0,25,25,25,0)
357:(35,2,0,26,24,24,0)
358:(35,2,1,17,33,33,0)
359:(35,2,1,18,32,32,0)
360:(35,2,1,19,31,31,0)
361:(35,2,1,20,30,30,0)
362:(35,2,1,21,29,29,0)
363:(35,2,1,22,28,28,0)
364:(35,2,1,23,27,27,0)
365:(35,2,1,24,26,26,0)
366:(35,2,1,25,25,25,0)
367:(35,2,1,26,24,24,0)
368:(35,2,1,27,23,23,0)
369:(35,2,2,18,32,32,0)
370:(35,2,2,19,31,31,0)
371:(35,2,2,20,30,30,0)
372:(35,2,2,21,29,29,0)
373:(35,2,2,22,28,28,0)
374:(35,2,2,23,27,27,0)
375:(35,2,2,24,26,26,0)
376:(35,2,2,25,25,25,0)
377:(35,2,2,26,24,24,0)
378:(35,2,2,27,23,23,0)
379:(35,2,3,20,30,30,0)
380:(35,2,3,21,29,29,0)
381:(35,2,3,22,28,28,0)
382:(35,2,3,23,27,27,0)
383:(35,2,3,24,26,26,0)
384:(35,2,3,25,25,25,0)
385:(35,2,3,26,24,24,0)
386:(35,2,3,27,23,23,0)
387:(36,2,0,17,33,33,0)
388:(36,2,0,18,32,32,0)
389:(36,2,0,19,31,31,0)
390:(36,2,0,20,30,30,0)
391:(36,2,0,21,29,29,0)
392:(36,2,0,22,28,28,0)
393:(36,2,0,23,27,27,0)
394:(36,2,0,24,26,26,0)
395:(36,2,0,25,25,25,0)
396:(36,2,0,26,24,24,0)
397:(36,2,0,27,23,23,0)
398:(36,2,0,28,22,22,0)
399:(36,2,0,29,21,21,0)
400:(36,2,0,30,20,20,0)
401:(36,2,1,18,32,32,0)
402:(36,2,1,19,31,31,0)
403:(36,2,1,20,30,30,0)
404:(36,2,1,21,29,29,0)
405:(36,2,1,22,28,28,0)
406:(36,2,1,23,27,27,0)
407:(36,2,1,24,26,26,0)
408:(36,2,1,25,25,25,0)
409:(36,2,1,26,24,24,0)
410:(36,2,1,27,23,23,0)
411:(36,2,1,28,22,22,0)
412:(36,2,1,29,21,21,0)
413:(36,2,1,30,20,20,0)
414:(36,2,1,31,19,19,0)
415:(36,2,2,20,30,30,0)
416:(36,2,2,21,29,29,0)
417:(36,2,2,22,28,28,0)
418:(36,2,2,23,27,27,0)
419:(36,2,2,24,26,26,0)
420:(36,2,2,25,25,25,0)
421:(36,2,2,26,24,24,0)
422:(36,2,2,27,23,23,0)
423:(36,2,2,28,22,22,0)
424:(36,2,2,29,21,21,0)
425:(36,2,2,30,20,20,0)
426:(36,2,2,31,19,19,0)
427:(36,2,3,22,28,28,0)
428:(36,2,3,23,27,27,0)
429:(36,2,3,24,26,26,0)
430:(36,2,3,25,25,25,0)
431:(36,2,3,26,24,24,0)
432:(36,2,3,27,23,23,0)
433:(36,2,3,28,22,22,0)
434:(36,2,3,29,21,21,0)
435:(36,2,3,30,20,20,0)
436:(36,2,3,31,19,19,0)
437:(37,2,0,19,31,31,0)
438:(37,2,0,20,30,30,0)
439:(37,2,0,21,29,29,0)
440:(37,2,0,22,28,28,0)
441:(37,2,0,23,27,27,0)
442:(37,2,0,24,26,26,0)
443:(37,2,0,25,25,25,0)
444:(37,2,0,26,24,24,0)
445:(37,2,0,27,23,23,0)
446:(37,2,0,28,22,22,0)
447:(37,2,0,29,21,21,0)
448:(37,2,0,30,20,20,0)
449:(37,2,0,31,19,19,0)
450:(37,2,0,32,18,18,0)
451:(37,2,1,20,30,30,0)
452:(37,2,1,21,29,29,0)
453:(37,2,1,22,28,28,0)
454:(37,2,1,23,27,27,0)
455:(37,2,1,24,26,26,0)
456:(37,2,1,25,25,25,0)
457:(37,2,1,26,24,24,0)
458:(37,2,1,27,23,23,0)
459:(37,2,1,28,22,22,0)
460:(37,2,1,29,21,21,0)
461:(37,2,1,30,20,20,0)
462:(37,2,1,31,19,19,0)
463:(37,2,1,32,18,18,0)
464:(37,2,1,33,17,17,0)
465:(37,2,2,22,28,28,0)
466:(37,2,2,23,27,27,0)
467:(37,2,2,24,26,26,0)
468:(37,2,2,25,25,25,0)
469:(37,2,2,26,24,24,0)
470:(37,2,2,27,23,23,0)
471:(37,2,2,28,22,22,0)
472:(37,2,2,29,21,21,0)
473:(37,2,2,30,20,20,0)
474:(37,2,2,31,19,19,0)
475:(37,2,2,32,18,18,0)
476:(37,2,2,33,17,17,0)
477:(37,2,3,25,25,25,0)
478:(37,2,3,26,24,24,0)
479:(37,2,3,27,23,23,0)
480:(37,2,3,28,22,22,0)
481:(37,2,3,29,21,21,0)
482:(37,2,3,30,20,20,0)
483:(37,2,3,31,19,19,0)
484:(37,2,3,32,18,18,0)
485:(37,2,3,33,17,17,0)
486:(38,2,0,21,29,29,0)
487:(38,2,0,22,28,28,0)
488:(38,2,0,23,27,27,0)
489:(38,2,0,24,26,26,0)
490:(38,2,0,25,25,25,0)
491:(38,2,0,26,24,24,0)
492:(38,2,0,27,23,23,0)
493:(38,2,0,28,22,22,0)
494:(38,2,0,29,21,21,0)
495:(38,2,0,30,20,20,0)
496:(38,2,0,31,19,19,0)
497:(38,2,0,32,18,18,0)
498:(38,2,0,33,17,17,0)
499:(38,2,1,22,28,28,0)
500:(38,2,1,23,27,27,0)
501:(38,2,1,24,26,26,0)
502:(38,2,1,25,25,25,0)
503:(38,2,1,26,24,24,0)
504:(38,2,1,27,23,23,0)
505:(38,2,1,28,22,22,0)
506:(38,2,1,29,21,21,0)
507:(38,2,1,30,20,20,0)
508:(38,2,1,31,19,19,0)
509:(38,2,1,32,18,18,0)
510:(38,2,1,33,17,17,0)
511:(38,2,1,34,16,16,0)
512:(38,2,2,25,25,25,0)
513:(38,2,2,26,24,24,0)
514:(38,2,2,27,23,23,0)
515:(38,2,2,28,22,22,0)
516:(38,2,2,29,21,21,0)
517:(38,2,2,30,20,20,0)
518:(38,2,2,31,19,19,0)
519:(38,2,2,32,18,18,0)
520:(38,2,2,33,17,17,0)
521:(38,2,2,34,16,16,0)
522:(38,2,3,28,22,22,0)
523:(38,2,3,29,21,21,0)
524:(38,2,3,30,20,20,0)
525:(38,2,3,31,19,19,0)
526:(38,2,3,32,18,18,0)
527:(38,2,3,33,17,17,0)
528:(38,2,3,34,16,16,0)
529:(39,2,0,24,26,26,0)
530:(39,2,0,25,25,25,0)
531:(39,2,0,26,24,24,0)
532:(39,2,0,27,23,23,0)
533:(39,2,0,28,22,22,0)
534:(39,2,0,29,21,21,0)
535:(39,2,0,30,20,20,0)
536:(39,2,0,31,19,19,0)
537:(39,2,0,32,18,18,0)
538:(39,2,0,33,17,17,0)
539:(39,2,0,34,16,16,0)
540:(39,2,1,25,25,25,0)
541:(39,2,1,26,24,24,0)
542:(39,2,1,27,23,23,0)
543:(39,2,1,28,22,22,0)
544:(39,2,1,29,21,21,0)
545:(39,2,1,30,20,20,0)
546:(39,2,1,31,19,19,0)
547:(39,2,1,32,18,18,0)
548:(39,2,1,33,17,17,0)
549:(39,2,1,34,16,16,0)
550:(39,2,1,35,15,15,0)
551:(39,2,2,28,22,22,0)
552:(39,2,2,29,21,21,0)
553:(39,2,2,30,20,20,0)
554:(39,2,2,31,19,19,0)
555:(39,2,2,32,18,18,0)
556:(39,2,2,33,17,17,0)
557:(39,2,2,34,16,16,0)
558:(39,2,2,35,15,15,0)
559:(39,2,3,32,18,18,0)
560:(39,2,3,33,17,17,0)
561:(39,2,3,34,16,16,0)
562:(39,2,3,35,15,15,0)
563:(40,2,0,27,23,23,0)
564:(40,2,0,28,22,22,0)
565:(40,2,0,29,21,21,0)
566:(40,2,0,30,20,20,0)
567:(40,2,0,31,19,19,0)
568:(40,2,0,32,18,18,0)
569:(40,2,0,33,17,17,0)
570:(40,2,0,34,16,16,0)
571:(40,2,0,35,15,15,0)
572:(40,2,0,36,14,14,0)
573:(40,2,0,37,13,13,0)
574:(40,2,0,38,12,12,0)
575:(40,2,1,28,22,22,0)
576:(40,2,1,29,21,21,0)
577:(40,2,1,30,20,20,0)
578:(40,2,1,31,19,19,0)
579:(40,2,1,32,18,18,0)
580:(40,2,1,33,17,17,0)
581:(40,2,1,34,16,16,0)
582:(40,2,1,35,15,15,0)
583:(40,2,1,36,14,14,0)
584:(40,2,1,37,13,13,0)
585:(40,2,1,38,12,12,0)
586:(40,2,1,39,11,11,0)
587:(40,2,2,32,18,18,0)
588:(40,2,2,33,17,17,0)
589:(40,2,2,34,16,16,0)
590:(40,2,2,35,15,15,0)
591:(40,2,2,36,14,14,0)
592:(40,2,2,37,13,13,0)
593:(40,2,2,38,12,12,0)
594:(40,2,2,39,11,11,0)
595:(40,2,3,34,16,16,0)
596:(40,2,3,35,15,15,0)
597:(40,2,3,36,14,14,0)
598:(40,2,3,37,13,13,0)
599:(40,2,3,38,12,12,0)
600:(40,2,3,39,11,11,0)
601:(41,2,0,31,19,19,0)
602:(41,2,0,32,18,18,0)
603:(41,2,0,33,17,17,0)
604:(41,2,0,34,16,16,0)
605:(41,2,0,35,15,15,0)
606:(41,2,0,36,14,14,0)
607:(41,2,0,37,13,13,0)
608:(41,2,0,38,12,12,0)
609:(41,2,0,39,11,11,0)
610:(41,2,1,32,18,18,0)
611:(41,2,1,33,17,17,0)
612:(41,2,1,34,16,16,0)
613:(41,2,1,35,15,15,0)
614:(41,2,1,36,14,14,0)
615:(41,2,1,37,13,13,0)
616:(41,2,1,38,12,12,0)
617:(41,2,1,39,11,11,0)
618:(41,2,1,40,10,10,0)
619:(41,2,2,34,16,16,0)
620:(41,2,2,35,15,15,0)
621:(41,2,2,36,14,14,0)
622:(41,2,2,37,13,13,0)
623:(41,2,2,38,12,12,0)
624:(41,2,2,39,11,11,0)
625:(41,2,2,40,10,10,0)
626:(41,2,3,35,15,15,0)
627:(41,2,3,36,14,14,0)
628:(41,2,3,37,13,13,0)
629:(41,2,3,38,12,12,0)
630:(41,2,3,39,11,11,0)
631:(41,2,3,40,10,10,0)
632:(42,2,0,33,17,17,0)
633:(42,2,0,34,16,16,0)
634:(42,2,0,35,15,15,0)
635:(42,2,0,36,14,14,0)
636:(42,2,0,37,13,13,0)
637:(42,2,0,38,12,12,0)
638:(42,2,0,39,11,11,0)
639:(42,2,0,40,10,10,0)
640:(42,2,0,41,9,9,0)
641:(42,2,0,42,8,8,0)
642:(42,2,1,34,16,16,0)
643:(42,2,1,35,15,15,0)
644:(42,2,1,36,14,14,0)
645:(42,2,1,37,13,13,0)
646:(42,2,1,38,12,12,0)
647:(42,2,1,39,11,11,0)
648:(42,2,1,40,10,10,0)
649:(42,2,1,41,9,9,0)
650:(42,2,1,42,8,8,0)
651:(42,2,1,43,7,7,0)
652:(42,2,2,35,15,15,0)
653:(42,2,2,36,14,14,0)
654:(42,2,2,37,13,13,0)
655:(42,2,2,38,12,12,0)
656:(42,2,2,39,11,11,0)
657:(42,2,2,40,10,10,0)
658:(42,2,2,41,9,9,0)
659:(42,2,2,42,8,8,0)
660:(42,2,2,43,7,7,0)
661:(42,2,3,36,14,14,0)
662:(42,2,3,37,13,13,0)
663:(42,2,3,38,12,12,0)
664:(42,2,3,39,11,11,0)
665:(42,2,3,40,10,10,0)
666:(42,2,3,41,9,9,0)
667:(42,2,3,42,8,8,0)
668:(42,2,3,43,7,7,0)
669:(43,2,0,34,16,16,0)
670:(43,2,0,35,15,15,0)
671:(43,2,0,36,14,14,0)
672:(43,2,0,37,13,13,0)
673:(43,2,0,38,12,12,0)
674:(43,2,0,39,11,11,0)
675:(43,2,0,40,10,10,0)
676:(43,2,0,41,9,9,0)
677:(43,2,0,42,8,8,0)
678:(43,2,0,43,7,7,0)
679:(43,2,1,35,15,15,0)
680:(43,2,1,36,14,14,0)
681:(43,2,1,37,13,13,0)
682:(43,2,1,38,12,12,0)
683:(43,2,1,39,11,11,0)
684:(43,2,1,40,10,10,0)
685:(43,2,1,41,9,9,0)
686:(43,2,1,42,8,8,0)
687:(43,2,1,43,7,7,0)
688:(43,2,1,44,6,6,0)
689:(43,2,2,36,14,14,0)
690:(43,2,2,37,13,13,0)
691:(43,2,2,38,12,12,0)
692:(43,2,2,39,11,11,0)
693:(43,2,2,40,10,10,0)
694:(43,2,2,41,9,9,0)
695:(43,2,2,42,8,8,0)
696:(43,2,2,43,7,7,0)
697:(43,2,2,44,6,6,0)
698:(43,2,3,40,10,10,0)
699:(43,2,3,41,9,9,0)
700:(43,2,3,42,8,8,0)
701:(43,2,3,43,7,7,0)
702:(43,2,3,44,6,6,0)
703:(44,2,0,35,15,15,0)
704:(44,2,0,36,14,14,0)
705:(44,2,0,37,13,13,0)
706:(44,2,0,38,12,12,0)
707:(44,2,0,39,11,11,0)
708:(44,2,0,40,10,10,0)
709:(44,2,0,41,9,9,0)
710:(44,2,0,42,8,8,0)
711:(44,2,0,43,7,7,0)
712:(44,2,0,44,6,6,0)
713:(44,2,1,36,14,14,0)
714:(44,2,1,37,13,13,0)
715:(44,2,1,38,12,12,0)
716:(44,2,1,39,11,11,0)
717:(44,2,1,40,10,10,0)
718:(44,2,1,41,9,9,0)
719:(44,2,1,42,8,8,0)
720:(44,2,1,43,7,7,0)
721:(44,2,1,44,6,6,0)
722:(44,2,1,45,5,5,0)
723:(44,2,2,40,10,10,0)
724:(44,2,2,41,9,9,0)
725:(44,2,2,42,8,8,0)
726:(44,2,2,43,7,7,0)
727:(44,2,2,44,6,6,0)
728:(44,2,2,45,5,5,0)
729:(44,2,3,41,9,9,0)
730:(44,2,3,42,8,8,0)
731:(44,2,3,43,7,7,0)
732:(44,2,3,44,6,6,0)
733:(44,2,3,45,5,5,0)
734:(45,2,0,39,11,11,0)
735:(45,2,0,40,10,10,0)
736:(45,2,0,41,9,9,0)
737:(45,2,0,42,8,8,0)
738:(45,2,0,43,7,7,0)
739:(45,2,0,44,6,6,0)
740:(45,2,0,45,5,5,0)
741:(45,2,1,40,10,10,0)
742:(45,2,1,41,9,9,0)
743:(45,2,1,42,8,8,0)
744:(45,2,1,43,7,7,0)
745:(45,2,1,44,6,6,0)
746:(45,2,1,45,5,5,0)
747:(45,2,1,46,4,4,0)
748:(45,2,2,41,9,9,0)
749:(45,2,2,42,8,8,0)
750:(45,2,2,43,7,7,0)
751:(45,2,2,44,6,6,0)
752:(45,2,2,45,5,5,0)
753:(45,2,2,46,4,4,0)
754:(45,2,3,44,6,6,0)
755:(45,2,3,45,5,5,0)
756:(45,2,3,46,4,4,0)
757:(46,2,0,40,10,10,0)
758:(46,2,0,41,9,9,0)
759:(46,2,0,42,8,8,0)
760:(46,2,0,43,7,7,0)
761:(46,2,0,44,6,6,0)
762:(46,2,0,45,5,5,0)
763:(46,2,0,46,4,4,0)
764:(46,2,1,41,9,9,0)
765:(46,2,1,42,8,8,0)
766:(46,2,1,43,7,7,0)
767:(46,2,1,44,6,6,0)
768:(46,2,1,45,5,5,0)
769:(46,2,1,46,4,4,0)
770:(46,2,1,47,3,3,0)
771:(46,2,2,44,6,6,0)
772:(46,2,2,45,5,5,0)
773:(46,2,2,46,4,4,0)
774:(46,2,2,47,3,3,0)
775:(46,2,3,45,5,5,0)
776:(46,2,3,46,4,4,0)
777:(46,2,3,47,3,3,0)
778:(47,2,0,43,7,7,0)
779:(47,2,0,44,6,6,0)
780:(47,2,0,45,5,5,0)
781:(47,2,0,46,4,4,0)
782:(47,2,0,47,3,3,0)
783:(47,2,0,48,2,2,0)
784:(47,2,1,44,6,6,0)
785:(47,2,1,45,5,5,0)
786:(47,2,1,46,4,4,0)
787:(47,2,1,47,3,3,0)
788:(47,2,1,48,2,2,0)
789:(47,2,1,49,1,1,0)
790:(47,2,2,45,5,5,0)
791:(47,2,2,46,4,4,0)
792:(47,2,2,47,3,3,0)
793:(47,2,2,48,2,2,0)
794:(47,2,2,49,1,1,0)
795:(47,2,2,50,0,0,0)
796:(47,2,3,46,4,4,0)
797:(47,2,3,47,3,3,0)
798:(47,2,3,48,2,2,0)
799:(47,2,3,49,1,1,0)
800:(47,2,3,50,0,0,0)
801:(48,2,0,44,6,6,0)
802:(48,2,0,45,5,5,0)
803:(48,2,0,46,4,4,0)
804:(48,2,0,47,3,3,0)
805:(48,2,0,48,2,2,0)
806:(48,2,0,49,1,1,0)
807:(48,2,1,45,5,5,0)
808:(48,2,1,46,4,4,0)
809:(48,2,1,47,3,3,0)
810:(48,2,1,48,2,2,0)
811:(48,2,1,49,1,1,0)
812:(48,2,1,50,0,0,0)
813:(48,2,2,46,4,4,0)
814:(48,2,2,47,3,3,0)
815:(48,2,2,48,2,2,0)
816:(48,2,2,49,1,1,0)
817:(48,2,2,50,0,0,0)
818:(48,2,3,47,3,3,0)
819:(48,2,3,48,2,2,0)
820:(48,2,3,49,1,1,0)
821:(48,2,3,50,0,0,0)
822:(49,2,0,45,5,5,0)
823:(49,2,0,46,4,4,0)
824:(49,2,0,47,3,3,0)
825:(49,2,0,48,2,2,0)
826:(49,2,0,49,1,1,0)
827:(49,2,0,50,0,0,0)
828:(49,2,1,46,4,4,0)
829:(49,2,1,47,3,3,0)
830:(49,2,1,48,2,2,0)
831:(49,2,1,49,1,1,0)
832:(49,2,1,50,0,0,0)
833:(49,2,2,47,3,3,0)
834:(49,2,2,48,2,2,0)
835:(49,2,2,49,1,1,0)
836:(49,2,2,50,0,0,0)
837:(49,2,3,48,2,2,0)
838:(49,2,3,49,1,1,0)
839:(49,2,3,50,0,0,0)
840:(50,2,0,46,4,4,0)
841:(50,2,0,47,3,3,0)
842:(50,2,0,48,2,2,0)
843:(50,2,0,49,1,1,0)
844:(50,2,0,50,0,0,0)
845:(50,2,1,47,3,3,0)
846:(50,2,1,48,2,2,0)
847:(50,2,1,49,1,1,0)
848:(50,2,1,50,0,0,0)
849:(50,2,2,48,2,2,0)
850:(50,2,2,49,1,1,0)
851:(50,2,2,50,0,0,0)
852:(51,2,0,47,3,3,0)
853:(51,2,0,48,2,2,0)
854:(51,2,0,49,1,1,0)
855:(51,2,0,50,0,0,0)
856:(51,2,1,48,2,2,0)
857:(51,2,1,49,1,1,0)
858:(51,2,1,50,0,0,0)
