(r,l,rl,g,ga,gbg,gd)
0:(-1,-1,-1,-1,-1,-1,-1)
1:(23,2,0,0,50,50,0)
2:(23,2,1,0,50,50,0)
3:(23,2,1,1,49,49,0)
4:(23,2,2,0,50,50,0)
5:(23,2,2,1,49,49,0)
6:(23,2,3,1,49,49,0)
7:(24,2,0,0,50,50,0)
8:(24,2,0,1,49,49,0)
9:(24,2,1,0,50,50,0)
10:(24,2,1,1,49,49,0)
11:(24,2,1,2,48,48,0)
12:(24,2,2,0,50,50,0)
13:(24,2,2,1,49,49,0)
14:(24,2,2,2,48,48,0)
15:(24,2,3,1,49,49,0)
16:(24,2,3,2,48,48,0)
17:(25,2,0,0,50,50,0)
18:(25,2,0,1,49,49,0)
19:(25,2,0,2,48,48,0)
20:(25,2,0,3,47,47,0)
21:(25,2,0,4,46,46,0)
22:(25,2,0,5,45,45,0)
23:(25,2,1,0,50,50,0)
24:(25,2,1,1,49,49,0)
25:(25,2,1,2,48,48,0)
26:(25,2,1,3,47,47,0)
27:(25,2,1,4,46,46,0)
28:(25,2,1,5,45,45,0)
29:(25,2,1,6,44,44,0)
30:(25,2,2,0,50,50,0)
31:(25,2,2,1,49,49,0)
32:(25,2,2,2,48,48,0)
33:(25,2,2,3,47,47,0)
34:(25,2,2,4,46,46,0)
35:(25,2,2,5,45,45,0)
36:(25,2,2,6,44,44,0)
37:(25,2,3,1,49,49,0)
38:(25,2,3,2,48,48,0)
39:(25,2,3,3,47,47,0)
40:(25,2,3,4,46,46,0)
41:(25,2,3,5,45,45,0)
42:(25,2,3,6,44,44,0)
43:(26,2,0,0,50,50,0)
44:(26,2,0,1,49,49,0)
45:(26,2,0,2,48,48,0)
46:(26,2,0,3,47,47,0)
47:(26,2,0,4,46,46,0)
48:(26,2,0,5,45,45,0)
49:(26,2,0,6,44,44,0)
50:(26,2,0,7,43,43,0)
51:(26,2,1,0,50,50,0)
52:(26,2,1,1,49,49,0)
53:(26,2,1,2,48,48,0)
54:(26,2,1,3,47,47,0)
55:(26,2,1,4,46,46,0)
56:(26,2,1,5,45,45,0)
57:(26,2,1,6,44,44,0)
58:(26,2,1,7,43,43,0)
59:(26,2,1,8,42,42,0)
60:(26,2,2,1,49,49,0)
61:(26,2,2,2,48,48,0)
62:(26,2,2,3,47,47,0)
63:(26,2,2,4,46,46,0)
64:(26,2,2,5,45,45,0)
65:(26,2,2,6,44,44,0)
66:(26,2,2,7,43,43,0)
67:(26,2,2,8,42,42,0)
68:(26,2,3,2,48,48,0)
69:(26,2,3,3,47,47,0)
70:(26,2,3,4,46,46,0)
71:(26,2,3,5,45,45,0)
72:(26,2,3,6,44,44,0)
73:(26,2,3,7,43,43,0)
74:(26,2,3,8,42,42,0)
75:(27,2,0,0,50,50,0)
76:(27,2,0,1,49,49,0)
77:(27,2,0,2,48,48,0)
78:(27,2,0,3,47,47,0)
79:(27,2,0,4,46,46,0)
80:(27,2,0,5,45,45,0)
81:(27,2,0,6,44,44,0)
82:(27,2,0,7,43,43,0)
83:(27,2,0,8,42,42,0)
84:(27,2,1,1,49,49,0)
85:(27,2,1,2,48,48,0)
86:(27,2,1,3,47,47,0)
87:(27,2,1,4,46,46,0)
88:(27,2,1,5,45,45,0)
89:(27,2,1,6,44,44,0)
90:(27,2,1,7,43,43,0)
91:(27,2,1,8,42,42,0)
92:(27,2,1,9,41,41,0)
93:(27,2,2,2,48,48,0)
94:(27,2,2,3,47,47,0)
95:(27,2,2,4,46,46,0)
96:(27,2,2,5,45,45,0)
97:(27,2,2,6,44,44,0)
98:(27,2,2,7,43,43,0)
99:(27,2,2,8,42,42,0)
100:(27,2,2,9,41,41,0)
101:(27,2,3,3,47,47,0)
102:(27,2,3,4,46,46,0)
103:(27,2,3,5,45,45,0)
104:(27,2,3,6,44,44,0)
105:(27,2,3,7,43,43,0)
106:(27,2,3,8,42,42,0)
107:(27,2,3,9,41,41,0)
108:(28,2,0,1,49,49,0)
109:(28,2,0,2,48,48,0)
110:(28,2,0,3,47,47,0)
111:(28,2,0,4,46,46,0)
112:(28,2,0,5,45,45,0)
113:(28,2,0,6,44,44,0)
114:(28,2,0,7,43,43,0)
115:(28,2,0,8,42,42,0)
116:(28,2,0,9,41,41,0)
117:(28,2,0,10,40,40,0)
118:(28,2,0,11,39,39,0)
119:(28,2,1,2,48,48,0)
120:(28,2,1,3,47,47,0)
121:(28,2,1,4,46,46,0)
122:(28,2,1,5,45,45,0)
123:(28,2,1,6,44,44,0)
124:(28,2,1,7,43,43,0)
125:(28,2,1,8,42,42,0)
126:(28,2,1,9,41,41,0)
127:(28,2,1,10,40,40,0)
128:(28,2,1,11,39,39,0)
129:(28,2,1,12,38,38,0)
130:(28,2,2,3,47,47,0)
131:(28,2,2,4,46,46,0)
132:(28,2,2,5,45,45,0)
133:(28,2,2,6,44,44,0)
134:(28,2,2,7,43,43,0)
135:(28,2,2,8,42,42,0)
136:(28,2,2,9,41,41,0)
137:(28,2,2,10,40,40,0)
138:(28,2,2,11,39,39,0)
139:(28,2,2,12,38,38,0)
140:(28,2,3,7,43,43,0)
141:(28,2,3,8,42,42,0)
142:(28,2,3,9,41,41,0)
143:(28,2,3,10,40,40,0)
144:(28,2,3,11,39,39,0)
145:(28,2,3,12,38,38,0)
146:(29,2,0,2,48,48,0)
147:(29,2,0,3,47,47,0)
148:(29,2,0,4,46,46,0)
149:(29,2,0,5,45,45,0)
150:(29,2,0,6,44,44,0)
151:(29,2,0,7,43,43,0)
152:(29,2,0,8,42,42,0)
153:(29,2,0,9,41,41,0)
154:(29,2,0,10,40,40,0)
155:(29,2,0,11,39,39,0)
156:(29,2,0,12,38,38,0)
157:(29,2,0,13,37,37,0)
158:(29,2,0,14,36,36,0)
159:(29,2,1,3,47,47,0)
160:(29,2,1,4,46,46,0)
161:(29,2,1,5,45,45,0)
162:(29,2,1,6,44,44,0)
163:(29,2,1,7,43,43,0)
164:(29,2,1,8,42,42,0)
165:(29,2,1,9,41,41,0)
166:(29,2,1,10,40,40,0)
167:(29,2,1,11,39,39,0)
168:(29,2,1,12,38,38,0)
169:(29,2,1,13,37,37,0)
170:(29,2,1,14,36,36,0)
171:(29,2,1,15,35,35,0)
172:(29,2,2,7,43,43,0)
173:(29,2,2,8,42,42,0)
174:(29,2,2,9,41,41,0)
175:(29,2,2,10,40,40,0)
176:(29,2,2,11,39,39,0)
177:(29,2,2,12,38,38,0)
178:(29,2,2,13,37,37,0)
179:(29,2,2,14,36,36,0)
180:(29,2,2,15,35,35,0)
181:(29,2,3,9,41,41,0)
182:(29,2,3,10,40,40,0)
183:(29,2,3,11,39,39,0)
184:(29,2,3,12,38,38,0)
185:(29,2,3,13,37,37,0)
186:(29,2,3,14,36,36,0)
187:(29,2,3,15,35,35,0)
188:(30,2,0,6,44,44,0)
189:(30,2,0,7,43,43,0)
190:(30,2,0,8,42,42,0)
191:(30,2,0,9,41,41,0)
192:(30,2,0,10,40,40,0)
193:(30,2,0,11,39,39,0)
194:(30,2,0,12,38,38,0)
195:(30,2,0,13,37,37,0)
196:(30,2,0,14,36,36,0)
197:(30,2,0,15,35,35,0)
198:(30,2,1,7,43,43,0)
199:(30,2,1,8,42,42,0)
200:(30,2,1,9,41,41,0)
201:(30,2,1,10,40,40,0)
202:(30,2,1,11,39,39,0)
203:(30,2,1,12,38,38,0)
204:(30,2,1,13,37,37,0)
205:(30,2,1,14,36,36,0)
206:(30,2,1,15,35,35,0)
207:(30,2,1,16,34,34,0)
208:(30,2,2,9,41,41,0)
209:(30,2,2,10,40,40,0)
210:(30,2,2,11,39,39,0)
211:(30,2,2,12,38,38,0)
212:(30,2,2,13,37,37,0)
213:(30,2,2,14,36,36,0)
214:(30,2,2,15,35,35,0)
215:(30,2,2,16,34,34,0)
216:(30,2,3,10,40,40,0)
217:(30,2,3,11,39,39,0)
218:(30,2,3,12,38,38,0)
219:(30,2,3,13,37,37,0)
220:(30,2,3,14,36,36,0)
221:(30,2,3,15,35,35,0)
222:(30,2,3,16,34,34,0)
223:(31,2,0,8,42,42,0)
224:(31,2,0,9,41,41,0)
225:(31,2,0,10,40,40,0)
226:(31,2,0,11,39,39,0)
227:(31,2,0,12,38,38,0)
228:(31,2,0,13,37,37,0)
229:(31,2,0,14,36,36,0)
230:(31,2,0,15,35,35,0)
231:(31,2,0,16,34,34,0)
232:(31,2,1,9,41,41,0)
233:(31,2,1,10,40,40,0)
234:(31,2,1,11,39,39,0)
235:(31,2,1,12,38,38,0)
236:(31,2,1,13,37,37,0)
237:(31,2,1,14,36,36,0)
238:(31,2,1,15,35,35,0)
239:(31,2,1,16,34,34,0)
240:(31,2,1,17,33,33,0)
241:(31,2,2,10,40,40,0)
242:(31,2,2,11,39,39,0)
243:(31,2,2,12,38,38,0)
244:(31,2,2,13,37,37,0)
245:(31,2,2,14,36,36,0)
246:(31,2,2,15,35,35,0)
247:(31,2,2,16,34,34,0)
248:(31,2,2,17,33,33,0)
249:(31,2,3,13,37,37,0)
250:(31,2,3,14,36,36,0)
251:(31,2,3,15,35,35,0)
252:(31,2,3,16,34,34,0)
253:(31,2,3,17,33,33,0)
254:(32,2,0,9,41,41,0)
255:(32,2,0,10,40,40,0)
256:(32,2,0,11,39,39,0)
257:(32,2,0,12,38,38,0)
258:(32,2,0,13,37,37,0)
259:(32,2,0,14,36,36,0)
260:(32,2,0,15,35,35,0)
261:(32,2,0,16,34,34,0)
262:(32,2,0,17,33,33,0)
263:(32,2,1,10,40,40,0)
264:(32,2,1,11,39,39,0)
265:(32,2,1,12,38,38,0)
266:(32,2,1,13,37,37,0)
267:(32,2,1,14,36,36,0)
268:(32,2,1,15,35,35,0)
269:(32,2,1,16,34,34,0)
270:(32,2,1,17,33,33,0)
271:(32,2,1,18,32,32,0)
272:(32,2,2,13,37,37,0)
273:(32,2,2,14,36,36,0)
274:(32,2,2,15,35,35,0)
275:(32,2,2,16,34,34,0)
276:(32,2,2,17,33,33,0)
277:(32,2,2,18,32,32,0)
278:(32,2,3,16,34,34,0)
279:(32,2,3,17,33,33,0)
280:(32,2,3,18,32,32,0)
281:(33,2,0,12,38,38,0)
282:(33,2,0,13,37,37,0)
283:(33,2,0,14,36,36,0)
284:(33,2,0,15,35,35,0)
285:(33,2,0,16,34,34,0)
286:(33,2,0,17,33,33,0)
287:(33,2,0,18,32,32,0)
288:(33,2,1,13,37,37,0)
289:(33,2,1,14,36,36,0)
290:(33,2,1,15,35,35,0)
291:(33,2,1,16,34,34,0)
292:(33,2,1,17,33,33,0)
293:(33,2,1,18,32,32,0)
294:(33,2,1,19,31,31,0)
295:(33,2,2,16,34,34,0)
296:(33,2,2,17,33,33,0)
297:(33,2,2,18,32,32,0)
298:(33,2,2,19,31,31,0)
299:(33,2,3,17,33,33,0)
300:(33,2,3,18,32,32,0)
301:(33,2,3,19,31,31,0)
302:(34,2,0,15,35,35,0)
303:(34,2,0,16,34,34,0)
304:(34,2,0,17,33,33,0)
305:(34,2,0,18,32,32,0)
306:(34,2,0,19,31,31,0)
307:(34,2,1,16,34,34,0)
308:(34,2,1,17,33,33,0)
309:(34,2,1,18,32,32,0)
310:(34,2,1,19,31,31,0)
311:(34,2,1,20,30,30,0)
312:(34,2,2,17,33,33,0)
313:(34,2,2,18,32,32,0)
314:(34,2,2,19,31,31,0)
315:(34,2,2,20,30,30,0)
316:(34,2,3,18,32,32,0)
317:(34,2,3,19,31,31,0)
318:(34,2,3,20,30,30,0)
319:(35,2,0,16,34,34,0)
320:(35,2,0,17,33,33,0)
321:(35,2,0,18,32,32,0)
322:(35,2,0,19,31,31,0)
323:(35,2,0,20,30,30,0)
324:(35,2,1,17,33,33,0)
325:(35,2,1,18,32,32,0)
326:(35,2,1,19,31,31,0)
327:(35,2,1,20,30,30,0)
328:(35,2,1,21,29,29,0)
329:(35,2,2,18,32,32,0)
330:(35,2,2,19,31,31,0)
331:(35,2,2,20,30,30,0)
332:(35,2,2,21,29,29,0)
333:(35,2,3,19,31,31,0)
334:(35,2,3,20,30,30,0)
335:(35,2,3,21,29,29,0)
336:(36,2,0,17,33,33,0)
337:(36,2,0,18,32,32,0)
338:(36,2,0,19,31,31,0)
339:(36,2,0,20,30,30,0)
340:(36,2,0,21,29,29,0)
341:(36,2,0,22,28,28,0)
342:(36,2,0,23,27,27,0)
343:(36,2,1,18,32,32,0)
344:(36,2,1,19,31,31,0)
345:(36,2,1,20,30,30,0)
346:(36,2,1,21,29,29,0)
347:(36,2,1,22,28,28,0)
348:(36,2,1,23,27,27,0)
349:(36,2,1,24,26,26,0)
350:(36,2,2,19,31,31,0)
351:(36,2,2,20,30,30,0)
352:(36,2,2,21,29,29,0)
353:(36,2,2,22,28,28,0)
354:(36,2,2,23,27,27,0)
355:(36,2,2,24,26,26,0)
356:(36,2,3,20,30,30,0)
357:(36,2,3,21,29,29,0)
358:(36,2,3,22,28,28,0)
359:(36,2,3,23,27,27,0)
360:(36,2,3,24,26,26,0)
361:(37,2,0,18,32,32,0)
362:(37,2,0,19,31,31,0)
363:(37,2,0,20,30,30,0)
364:(37,2,0,21,29,29,0)
365:(37,2,0,22,28,28,0)
366:(37,2,0,23,27,27,0)
367:(37,2,0,24,26,26,0)
368:(37,2,1,19,31,31,0)
369:(37,2,1,20,30,30,0)
370:(37,2,1,21,29,29,0)
371:(37,2,1,22,28,28,0)
372:(37,2,1,23,27,27,0)
373:(37,2,1,24,26,26,0)
374:(37,2,1,25,25,25,0)
375:(37,2,2,20,30,30,0)
376:(37,2,2,21,29,29,0)
377:(37,2,2,22,28,28,0)
378:(37,2,2,23,27,27,0)
379:(37,2,2,24,26,26,0)
380:(37,2,2,25,25,25,0)
381:(37,2,3,21,29,29,0)
382:(37,2,3,22,28,28,0)
383:(37,2,3,23,27,27,0)
384:(37,2,3,24,26,26,0)
385:(37,2,3,25,25,25,0)
386:(38,2,0,19,31,31,0)
387:(38,2,0,20,30,30,0)
388:(38,2,0,21,29,29,0)
389:(38,2,0,22,28,28,0)
390:(38,2,0,23,27,27,0)
391:(38,2,0,24,26,26,0)
392:(38,2,0,25,25,25,0)
393:(38,2,0,26,24,24,0)
394:(38,2,1,20,30,30,0)
395:(38,2,1,21,29,29,0)
396:(38,2,1,22,28,28,0)
397:(38,2,1,23,27,27,0)
398:(38,2,1,24,26,26,0)
399:(38,2,1,25,25,25,0)
400:(38,2,1,26,24,24,0)
401:(38,2,1,27,23,23,0)
402:(38,2,2,21,29,29,0)
403:(38,2,2,22,28,28,0)
404:(38,2,2,23,27,27,0)
405:(38,2,2,24,26,26,0)
406:(38,2,2,25,25,25,0)
407:(38,2,2,26,24,24,0)
408:(38,2,2,27,23,23,0)
409:(38,2,3,22,28,28,0)
410:(38,2,3,23,27,27,0)
411:(38,2,3,24,26,26,0)
412:(38,2,3,25,25,25,0)
413:(38,2,3,26,24,24,0)
414:(38,2,3,27,23,23,0)
415:(39,2,0,20,30,30,0)
416:(39,2,0,21,29,29,0)
417:(39,2,0,22,28,28,0)
418:(39,2,0,23,27,27,0)
419:(39,2,0,24,26,26,0)
420:(39,2,0,25,25,25,0)
421:(39,2,0,26,24,24,0)
422:(39,2,0,27,23,23,0)
423:(39,2,1,21,29,29,0)
424:(39,2,1,22,28,28,0)
425:(39,2,1,23,27,27,0)
426:(39,2,1,24,26,26,0)
427:(39,2,1,25,25,25,0)
428:(39,2,1,26,24,24,0)
429:(39,2,1,27,23,23,0)
430:(39,2,1,28,22,22,0)
431:(39,2,2,22,28,28,0)
432:(39,2,2,23,27,27,0)
433:(39,2,2,24,26,26,0)
434:(39,2,2,25,25,25,0)
435:(39,2,2,26,24,24,0)
436:(39,2,2,27,23,23,0)
437:(39,2,2,28,22,22,0)
438:(39,2,3,25,25,25,0)
439:(39,2,3,26,24,24,0)
440:(39,2,3,27,23,23,0)
441:(39,2,3,28,22,22,0)
442:(40,2,0,21,29,29,0)
443:(40,2,0,22,28,28,0)
444:(40,2,0,23,27,27,0)
445:(40,2,0,24,26,26,0)
446:(40,2,0,25,25,25,0)
447:(40,2,0,26,24,24,0)
448:(40,2,0,27,23,23,0)
449:(40,2,0,28,22,22,0)
450:(40,2,0,29,21,21,0)
451:(40,2,0,30,20,20,0)
452:(40,2,1,22,28,28,0)
453:(40,2,1,23,27,27,0)
454:(40,2,1,24,26,26,0)
455:(40,2,1,25,25,25,0)
456:(40,2,1,26,24,24,0)
457:(40,2,1,27,23,23,0)
458:(40,2,1,28,22,22,0)
459:(40,2,1,29,21,21,0)
460:(40,2,1,30,20,20,0)
461:(40,2,1,31,19,19,0)
462:(40,2,2,25,25,25,0)
463:(40,2,2,26,24,24,0)
464:(40,2,2,27,23,23,0)
465:(40,2,2,28,22,22,0)
466:(40,2,2,29,21,21,0)
467:(40,2,2,30,20,20,0)
468:(40,2,2,31,19,19,0)
469:(40,2,3,26,24,24,0)
470:(40,2,3,27,23,23,0)
471:(40,2,3,28,22,22,0)
472:(40,2,3,29,21,21,0)
473:(40,2,3,30,20,20,0)
474:(40,2,3,31,19,19,0)
475:(41,2,0,24,26,26,0)
476:(41,2,0,25,25,25,0)
477:(41,2,0,26,24,24,0)
478:(41,2,0,27,23,23,0)
479:(41,2,0,28,22,22,0)
480:(41,2,0,29,21,21,0)
481:(41,2,0,30,20,20,0)
482:(41,2,0,31,19,19,0)
483:(41,2,0,32,18,18,0)
484:(41,2,0,33,17,17,0)
485:(41,2,0,34,16,16,0)
486:(41,2,0,35,15,15,0)
487:(41,2,1,25,25,25,0)
488:(41,2,1,26,24,24,0)
489:(41,2,1,27,23,23,0)
490:(41,2,1,28,22,22,0)
491:(41,2,1,29,21,21,0)
492:(41,2,1,30,20,20,0)
493:(41,2,1,31,19,19,0)
494:(41,2,1,32,18,18,0)
495:(41,2,1,33,17,17,0)
496:(41,2,1,34,16,16,0)
497:(41,2,1,35,15,15,0)
498:(41,2,1,36,14,14,0)
499:(41,2,2,26,24,24,0)
500:(41,2,2,27,23,23,0)
501:(41,2,2,28,22,22,0)
502:(41,2,2,29,21,21,0)
503:(41,2,2,30,20,20,0)
504:(41,2,2,31,19,19,0)
505:(41,2,2,32,18,18,0)
506:(41,2,2,33,17,17,0)
507:(41,2,2,34,16,16,0)
508:(41,2,2,35,15,15,0)
509:(41,2,2,36,14,14,0)
510:(41,2,3,28,22,22,0)
511:(41,2,3,29,21,21,0)
512:(41,2,3,30,20,20,0)
513:(41,2,3,31,19,19,0)
514:(41,2,3,32,18,18,0)
515:(41,2,3,33,17,17,0)
516:(41,2,3,34,16,16,0)
517:(41,2,3,35,15,15,0)
518:(41,2,3,36,14,14,0)
519:(42,2,0,25,25,25,0)
520:(42,2,0,26,24,24,0)
521:(42,2,0,27,23,23,0)
522:(42,2,0,28,22,22,0)
523:(42,2,0,29,21,21,0)
524:(42,2,0,30,20,20,0)
525:(42,2,0,31,19,19,0)
526:(42,2,0,32,18,18,0)
527:(42,2,0,33,17,17,0)
528:(42,2,0,34,16,16,0)
529:(42,2,0,35,15,15,0)
530:(42,2,0,36,14,14,0)
531:(42,2,1,26,24,24,0)
532:(42,2,1,27,23,23,0)
533:(42,2,1,28,22,22,0)
534:(42,2,1,29,21,21,0)
535:(42,2,1,30,20,20,0)
536:(42,2,1,31,19,19,0)
537:(42,2,1,32,18,18,0)
538:(42,2,1,33,17,17,0)
539:(42,2,1,34,16,16,0)
540:(42,2,1,35,15,15,0)
541:(42,2,1,36,14,14,0)
542:(42,2,1,37,13,13,0)
543:(42,2,2,28,22,22,0)
544:(42,2,2,29,21,21,0)
545:(42,2,2,30,20,20,0)
546:(42,2,2,31,19,19,0)
547:(42,2,2,32,18,18,0)
548:(42,2,2,33,17,17,0)
549:(42,2,2,34,16,16,0)
550:(42,2,2,35,15,15,0)
551:(42,2,2,36,14,14,0)
552:(42,2,2,37,13,13,0)
553:(42,2,3,29,21,21,0)
554:(42,2,3,30,20,20,0)
555:(42,2,3,31,19,19,0)
556:(42,2,3,32,18,18,0)
557:(42,2,3,33,17,17,0)
558:(42,2,3,34,16,16,0)
559:(42,2,3,35,15,15,0)
560:(42,2,3,36,14,14,0)
561:(42,2,3,37,13,13,0)
562:(43,2,0,27,23,23,0)
563:(43,2,0,28,22,22,0)
564:(43,2,0,29,21,21,0)
565:(43,2,0,30,20,20,0)
566:(43,2,0,31,19,19,0)
567:(43,2,0,32,18,18,0)
568:(43,2,0,33,17,17,0)
569:(43,2,0,34,16,16,0)
570:(43,2,0,35,15,15,0)
571:(43,2,0,36,14,14,0)
572:(43,2,0,37,13,13,0)
573:(43,2,1,28,22,22,0)
574:(43,2,1,29,21,21,0)
575:(43,2,1,30,20,20,0)
576:(43,2,1,31,19,19,0)
577:(43,2,1,32,18,18,0)
578:(43,2,1,33,17,17,0)
579:(43,2,1,34,16,16,0)
580:(43,2,1,35,15,15,0)
581:(43,2,1,36,14,14,0)
582:(43,2,1,37,13,13,0)
583:(43,2,1,38,12,12,0)
584:(43,2,2,29,21,21,0)
585:(43,2,2,30,20,20,0)
586:(43,2,2,31,19,19,0)
587:(43,2,2,32,18,18,0)
588:(43,2,2,33,17,17,0)
589:(43,2,2,34,16,16,0)
590:(43,2,2,35,15,15,0)
591:(43,2,2,36,14,14,0)
592:(43,2,2,37,13,13,0)
593:(43,2,2,38,12,12,0)
594:(43,2,3,32,18,18,0)
595:(43,2,3,33,17,17,0)
596:(43,2,3,34,16,16,0)
597:(43,2,3,35,15,15,0)
598:(43,2,3,36,14,14,0)
599:(43,2,3,37,13,13,0)
600:(43,2,3,38,12,12,0)
601:(44,2,0,28,22,22,0)
602:(44,2,0,29,21,21,0)
603:(44,2,0,30,20,20,0)
604:(44,2,0,31,19,19,0)
605:(44,2,0,32,18,18,0)
606:(44,2,0,33,17,17,0)
607:(44,2,0,34,16,16,0)
608:(44,2,0,35,15,15,0)
609:(44,2,0,36,14,14,0)
610:(44,2,0,37,13,13,0)
611:(44,2,0,38,12,12,0)
612:(44,2,0,39,11,11,0)
613:(44,2,0,40,10,10,0)
614:(44,2,0,41,9,9,0)
615:(44,2,0,42,8,8,0)
616:(44,2,0,43,7,7,0)
617:(44,2,1,29,21,21,0)
618:(44,2,1,30,20,20,0)
619:(44,2,1,31,19,19,0)
620:(44,2,1,32,18,18,0)
621:(44,2,1,33,17,17,0)
622:(44,2,1,34,16,16,0)
623:(44,2,1,35,15,15,0)
624:(44,2,1,36,14,14,0)
625:(44,2,1,37,13,13,0)
626:(44,2,1,38,12,12,0)
627:(44,2,1,39,11,11,0)
628:(44,2,1,40,10,10,0)
629:(44,2,1,41,9,9,0)
630:(44,2,1,42,8,8,0)
631:(44,2,1,43,7,7,0)
632:(44,2,1,44,6,6,0)
633:(44,2,2,32,18,18,0)
634:(44,2,2,33,17,17,0)
635:(44,2,2,34,16,16,0)
636:(44,2,2,35,15,15,0)
637:(44,2,2,36,14,14,0)
638:(44,2,2,37,13,13,0)
639:(44,2,2,38,12,12,0)
640:(44,2,2,39,11,11,0)
641:(44,2,2,40,10,10,0)
642:(44,2,2,41,9,9,0)
643:(44,2,2,42,8,8,0)
644:(44,2,2,43,7,7,0)
645:(44,2,2,44,6,6,0)
646:(44,2,3,37,13,13,0)
647:(44,2,3,38,12,12,0)
648:(44,2,3,39,11,11,0)
649:(44,2,3,40,10,10,0)
650:(44,2,3,41,9,9,0)
651:(44,2,3,42,8,8,0)
652:(44,2,3,43,7,7,0)
653:(44,2,3,44,6,6,0)
654:(45,2,0,31,19,19,0)
655:(45,2,0,32,18,18,0)
656:(45,2,0,33,17,17,0)
657:(45,2,0,34,16,16,0)
658:(45,2,0,35,15,15,0)
659:(45,2,0,36,14,14,0)
660:(45,2,0,37,13,13,0)
661:(45,2,0,38,12,12,0)
662:(45,2,0,39,11,11,0)
663:(45,2,0,40,10,10,0)
664:(45,2,0,41,9,9,0)
665:(45,2,0,42,8,8,0)
666:(45,2,0,43,7,7,0)
667:(45,2,0,44,6,6,0)
668:(45,2,0,45,5,5,0)
669:(45,2,1,32,18,18,0)
670:(45,2,1,33,17,17,0)
671:(45,2,1,34,16,16,0)
672:(45,2,1,35,15,15,0)
673:(45,2,1,36,14,14,0)
674:(45,2,1,37,13,13,0)
675:(45,2,1,38,12,12,0)
676:(45,2,1,39,11,11,0)
677:(45,2,1,40,10,10,0)
678:(45,2,1,41,9,9,0)
679:(45,2,1,42,8,8,0)
680:(45,2,1,43,7,7,0)
681:(45,2,1,44,6,6,0)
682:(45,2,1,45,5,5,0)
683:(45,2,1,46,4,4,0)
684:(45,2,2,37,13,13,0)
685:(45,2,2,38,12,12,0)
686:(45,2,2,39,11,11,0)
687:(45,2,2,40,10,10,0)
688:(45,2,2,41,9,9,0)
689:(45,2,2,42,8,8,0)
690:(45,2,2,43,7,7,0)
691:(45,2,2,44,6,6,0)
692:(45,2,2,45,5,5,0)
693:(45,2,2,46,4,4,0)
694:(45,2,3,38,12,12,0)
695:(45,2,3,39,11,11,0)
696:(45,2,3,40,10,10,0)
697:(45,2,3,41,9,9,0)
698:(45,2,3,42,8,8,0)
699:(45,2,3,43,7,7,0)
700:(45,2,3,44,6,6,0)
701:(45,2,3,45,5,5,0)
702:(45,2,3,46,4,4,0)
703:(46,2,0,36,14,14,0)
704:(46,2,0,37,13,13,0)
705:(46,2,0,38,12,12,0)
706:(46,2,0,39,11,11,0)
707:(46,2,0,40,10,10,0)
708:(46,2,0,41,9,9,0)
709:(46,2,0,42,8,8,0)
710:(46,2,0,43,7,7,0)
711:(46,2,0,44,6,6,0)
712:(46,2,0,45,5,5,0)
713:(46,2,0,46,4,4,0)
714:(46,2,1,37,13,13,0)
715:(46,2,1,38,12,12,0)
716:(46,2,1,39,11,11,0)
717:(46,2,1,40,10,10,0)
718:(46,2,1,41,9,9,0)
719:(46,2,1,42,8,8,0)
720:(46,2,1,43,7,7,0)
721:(46,2,1,44,6,6,0)
722:(46,2,1,45,5,5,0)
723:(46,2,1,46,4,4,0)
724:(46,2,1,47,3,3,0)
725:(46,2,2,38,12,12,0)
726:(46,2,2,39,11,11,0)
727:(46,2,2,40,10,10,0)
728:(46,2,2,41,9,9,0)
729:(46,2,2,42,8,8,0)
730:(46,2,2,43,7,7,0)
731:(46,2,2,44,6,6,0)
732:(46,2,2,45,5,5,0)
733:(46,2,2,46,4,4,0)
734:(46,2,2,47,3,3,0)
735:(46,2,3,39,11,11,0)
736:(46,2,3,40,10,10,0)
737:(46,2,3,41,9,9,0)
738:(46,2,3,42,8,8,0)
739:(46,2,3,43,7,7,0)
740:(46,2,3,44,6,6,0)
741:(46,2,3,45,5,5,0)
742:(46,2,3,46,4,4,0)
743:(46,2,3,47,3,3,0)
744:(47,2,0,37,13,13,0)
745:(47,2,0,38,12,12,0)
746:(47,2,0,39,11,11,0)
747:(47,2,0,40,10,10,0)
748:(47,2,0,41,9,9,0)
749:(47,2,0,42,8,8,0)
750:(47,2,0,43,7,7,0)
751:(47,2,0,44,6,6,0)
752:(47,2,0,45,5,5,0)
753:(47,2,0,46,4,4,0)
754:(47,2,0,47,3,3,0)
755:(47,2,1,38,12,12,0)
756:(47,2,1,39,11,11,0)
757:(47,2,1,40,10,10,0)
758:(47,2,1,41,9,9,0)
759:(47,2,1,42,8,8,0)
760:(47,2,1,43,7,7,0)
761:(47,2,1,44,6,6,0)
762:(47,2,1,45,5,5,0)
763:(47,2,1,46,4,4,0)
764:(47,2,1,47,3,3,0)
765:(47,2,1,48,2,2,0)
766:(47,2,2,39,11,11,0)
767:(47,2,2,40,10,10,0)
768:(47,2,2,41,9,9,0)
769:(47,2,2,42,8,8,0)
770:(47,2,2,43,7,7,0)
771:(47,2,2,44,6,6,0)
772:(47,2,2,45,5,5,0)
773:(47,2,2,46,4,4,0)
774:(47,2,2,47,3,3,0)
775:(47,2,2,48,2,2,0)
776:(47,2,3,45,5,5,0)
777:(47,2,3,46,4,4,0)
778:(47,2,3,47,3,3,0)
779:(47,2,3,48,2,2,0)
780:(48,2,0,38,12,12,0)
781:(48,2,0,39,11,11,0)
782:(48,2,0,40,10,10,0)
783:(48,2,0,41,9,9,0)
784:(48,2,0,42,8,8,0)
785:(48,2,0,43,7,7,0)
786:(48,2,0,44,6,6,0)
787:(48,2,0,45,5,5,0)
788:(48,2,0,46,4,4,0)
789:(48,2,0,47,3,3,0)
790:(48,2,0,48,2,2,0)
791:(48,2,1,39,11,11,0)
792:(48,2,1,40,10,10,0)
793:(48,2,1,41,9,9,0)
794:(48,2,1,42,8,8,0)
795:(48,2,1,43,7,7,0)
796:(48,2,1,44,6,6,0)
797:(48,2,1,45,5,5,0)
798:(48,2,1,46,4,4,0)
799:(48,2,1,47,3,3,0)
800:(48,2,1,48,2,2,0)
801:(48,2,1,49,1,1,0)
802:(48,2,2,45,5,5,0)
803:(48,2,2,46,4,4,0)
804:(48,2,2,47,3,3,0)
805:(48,2,2,48,2,2,0)
806:(48,2,2,49,1,1,0)
807:(48,2,2,50,0,0,0)
808:(48,2,3,47,3,3,0)
809:(48,2,3,48,2,2,0)
810:(48,2,3,49,1,1,0)
811:(48,2,3,50,0,0,0)
812:(49,2,0,44,6,6,0)
813:(49,2,0,45,5,5,0)
814:(49,2,0,46,4,4,0)
815:(49,2,0,47,3,3,0)
816:(49,2,0,48,2,2,0)
817:(49,2,0,49,1,1,0)
818:(49,2,0,50,0,0,0)
819:(49,2,1,45,5,5,0)
820:(49,2,1,46,4,4,0)
821:(49,2,1,47,3,3,0)
822:(49,2,1,48,2,2,0)
823:(49,2,1,49,1,1,0)
824:(49,2,1,50,0,0,0)
825:(49,2,2,47,3,3,0)
826:(49,2,2,48,2,2,0)
827:(49,2,2,49,1,1,0)
828:(49,2,2,50,0,0,0)
829:(49,2,3,48,2,2,0)
830:(49,2,3,49,1,1,0)
831:(49,2,3,50,0,0,0)
832:(50,2,0,46,4,4,0)
833:(50,2,0,47,3,3,0)
834:(50,2,0,48,2,2,0)
835:(50,2,0,49,1,1,0)
836:(50,2,0,50,0,0,0)
837:(50,2,1,47,3,3,0)
838:(50,2,1,48,2,2,0)
839:(50,2,1,49,1,1,0)
840:(50,2,1,50,0,0,0)
841:(50,2,2,48,2,2,0)
842:(50,2,2,49,1,1,0)
843:(50,2,2,50,0,0,0)
844:(50,2,3,49,1,1,0)
845:(50,2,3,50,0,0,0)
846:(51,2,0,47,3,3,0)
847:(51,2,0,48,2,2,0)
848:(51,2,0,49,1,1,0)
849:(51,2,0,50,0,0,0)
850:(51,2,1,48,2,2,0)
851:(51,2,1,49,1,1,0)
852:(51,2,1,50,0,0,0)
853:(51,2,2,49,1,1,0)
854:(51,2,2,50,0,0,0)
