(r,l,rl,g,ga,gbg,gd)
0:(-1,-1,-1,-1,-1,-1,-1)
1:(15,2,0,0,50,50,0)
2:(15,2,0,1,49,49,0)
3:(15,2,1,0,50,50,0)
4:(15,2,1,1,49,49,0)
5:(15,2,1,2,48,48,0)
6:(15,2,2,0,50,50,0)
7:(15,2,2,1,49,49,0)
8:(15,2,2,2,48,48,0)
9:(15,2,3,1,49,49,0)
10:(15,2,3,2,48,48,0)
11:(16,2,0,0,50,50,0)
12:(16,2,0,1,49,49,0)
13:(16,2,0,2,48,48,0)
14:(16,2,1,0,50,50,0)
15:(16,2,1,1,49,49,0)
16:(16,2,1,2,48,48,0)
17:(16,2,1,3,47,47,0)
18:(16,2,2,0,50,50,0)
19:(16,2,2,1,49,49,0)
20:(16,2,2,2,48,48,0)
21:(16,2,2,3,47,47,0)
22:(16,2,3,1,49,49,0)
23:(16,2,3,2,48,48,0)
24:(16,2,3,3,47,47,0)
25:(17,2,0,0,50,50,0)
26:(17,2,0,1,49,49,0)
27:(17,2,0,2,48,48,0)
28:(17,2,0,3,47,47,0)
29:(17,2,1,0,50,50,0)
30:(17,2,1,1,49,49,0)
31:(17,2,1,2,48,48,0)
32:(17,2,1,3,47,47,0)
33:(17,2,1,4,46,46,0)
34:(17,2,2,0,50,50,0)
35:(17,2,2,1,49,49,0)
36:(17,2,2,2,48,48,0)
37:(17,2,2,3,47,47,0)
38:(17,2,2,4,46,46,0)
39:(17,2,3,1,49,49,0)
40:(17,2,3,2,48,48,0)
41:(17,2,3,3,47,47,0)
42:(17,2,3,4,46,46,0)
43:(18,2,0,0,50,50,0)
44:(18,2,0,1,49,49,0)
45:(18,2,0,2,48,48,0)
46:(18,2,0,3,47,47,0)
47:(18,2,0,4,46,46,0)
48:(18,2,0,5,45,45,0)
49:(18,2,1,0,50,50,0)
50:(18,2,1,1,49,49,0)
51:(18,2,1,2,48,48,0)
52:(18,2,1,3,47,47,0)
53:(18,2,1,4,46,46,0)
54:(18,2,1,5,45,45,0)
55:(18,2,1,6,44,44,0)
56:(18,2,2,0,50,50,0)
57:(18,2,2,1,49,49,0)
58:(18,2,2,2,48,48,0)
59:(18,2,2,3,47,47,0)
60:(18,2,2,4,46,46,0)
61:(18,2,2,5,45,45,0)
62:(18,2,2,6,44,44,0)
63:(18,2,3,1,49,49,0)
64:(18,2,3,2,48,48,0)
65:(18,2,3,3,47,47,0)
66:(18,2,3,4,46,46,0)
67:(18,2,3,5,45,45,0)
68:(18,2,3,6,44,44,0)
69:(19,2,0,0,50,50,0)
70:(19,2,0,1,49,49,0)
71:(19,2,0,2,48,48,0)
72:(19,2,0,3,47,47,0)
73:(19,2,0,4,46,46,0)
74:(19,2,0,5,45,45,0)
75:(19,2,0,6,44,44,0)
76:(19,2,1,0,50,50,0)
77:(19,2,1,1,49,49,0)
78:(19,2,1,2,48,48,0)
79:(19,2,1,3,47,47,0)
80:(19,2,1,4,46,46,0)
81:(19,2,1,5,45,45,0)
82:(19,2,1,6,44,44,0)
83:(19,2,1,7,43,43,0)
84:(19,2,2,0,50,50,0)
85:(19,2,2,1,49,49,0)
86:(19,2,2,2,48,48,0)
87:(19,2,2,3,47,47,0)
88:(19,2,2,4,46,46,0)
89:(19,2,2,5,45,45,0)
90:(19,2,2,6,44,44,0)
91:(19,2,2,7,43,43,0)
92:(19,2,3,1,49,49,0)
93:(19,2,3,2,48,48,0)
94:(19,2,3,3,47,47,0)
95:(19,2,3,4,46,46,0)
96:(19,2,3,5,45,45,0)
97:(19,2,3,6,44,44,0)
98:(19,2,3,7,43,43,0)
99:(20,2,0,0,50,50,0)
100:(20,2,0,1,49,49,0)
101:(20,2,0,2,48,48,0)
102:(20,2,0,3,47,47,0)
103:(20,2,0,4,46,46,0)
104:(20,2,0,5,45,45,0)
105:(20,2,0,6,44,44,0)
106:(20,2,0,7,43,43,0)
107:(20,2,1,0,50,50,0)
108:(20,2,1,1,49,49,0)
109:(20,2,1,2,48,48,0)
110:(20,2,1,3,47,47,0)
111:(20,2,1,4,46,46,0)
112:(20,2,1,5,45,45,0)
113:(20,2,1,6,44,44,0)
114:(20,2,1,7,43,43,0)
115:(20,2,1,8,42,42,0)
116:(20,2,2,0,50,50,0)
117:(20,2,2,1,49,49,0)
118:(20,2,2,2,48,48,0)
119:(20,2,2,3,47,47,0)
120:(20,2,2,4,46,46,0)
121:(20,2,2,5,45,45,0)
122:(20,2,2,6,44,44,0)
123:(20,2,2,7,43,43,0)
124:(20,2,2,8,42,42,0)
125:(20,2,3,1,49,49,0)
126:(20,2,3,2,48,48,0)
127:(20,2,3,3,47,47,0)
128:(20,2,3,4,46,46,0)
129:(20,2,3,5,45,45,0)
130:(20,2,3,6,44,44,0)
131:(20,2,3,7,43,43,0)
132:(20,2,3,8,42,42,0)
133:(21,2,0,0,50,50,0)
134:(21,2,0,1,49,49,0)
135:(21,2,0,2,48,48,0)
136:(21,2,0,3,47,47,0)
137:(21,2,0,4,46,46,0)
138:(21,2,0,5,45,45,0)
139:(21,2,0,6,44,44,0)
140:(21,2,0,7,43,43,0)
141:(21,2,0,8,42,42,0)
142:(21,2,0,9,41,41,0)
143:(21,2,0,10,40,40,0)
144:(21,2,0,11,39,39,0)
145:(21,2,1,0,50,50,0)
146:(21,2,1,1,49,49,0)
147:(21,2,1,2,48,48,0)
148:(21,2,1,3,47,47,0)
149:(21,2,1,4,46,46,0)
150:(21,2,1,5,45,45,0)
151:(21,2,1,6,44,44,0)
152:(21,2,1,7,43,43,0)
153:(21,2,1,8,42,42,0)
154:(21,2,1,9,41,41,0)
155:(21,2,1,10,40,40,0)
156:(21,2,1,11,39,39,0)
157:(21,2,1,12,38,38,0)
158:(21,2,2,1,49,49,0)
159:(21,2,2,2,48,48,0)
160:(21,2,2,3,47,47,0)
161:(21,2,2,4,46,46,0)
162:(21,2,2,5,45,45,0)
163:(21,2,2,6,44,44,0)
164:(21,2,2,7,43,43,0)
165:(21,2,2,8,42,42,0)
166:(21,2,2,9,41,41,0)
167:(21,2,2,10,40,40,0)
168:(21,2,2,11,39,39,0)
169:(21,2,2,12,38,38,0)
170:(21,2,3,2,48,48,0)
171:(21,2,3,3,47,47,0)
172:(21,2,3,4,46,46,0)
173:(21,2,3,5,45,45,0)
174:(21,2,3,6,44,44,0)
175:(21,2,3,7,43,43,0)
176:(21,2,3,8,42,42,0)
177:(21,2,3,9,41,41,0)
178:(21,2,3,10,40,40,0)
179:(21,2,3,11,39,39,0)
180:(21,2,3,12,38,38,0)
181:(22,2,0,0,50,50,0)
182:(22,2,0,1,49,49,0)
183:(22,2,0,2,48,48,0)
184:(22,2,0,3,47,47,0)
185:(22,2,0,4,46,46,0)
186:(22,2,0,5,45,45,0)
187:(22,2,0,6,44,44,0)
188:(22,2,0,7,43,43,0)
189:(22,2,0,8,42,42,0)
190:(22,2,0,9,41,41,0)
191:(22,2,0,10,40,40,0)
192:(22,2,0,11,39,39,0)
193:(22,2,0,12,38,38,0)
194:(22,2,1,1,49,49,0)
195:(22,2,1,2,48,48,0)
196:(22,2,1,3,47,47,0)
197:(22,2,1,4,46,46,0)
198:(22,2,1,5,45,45,0)
199:(22,2,1,6,44,44,0)
200:(22,2,1,7,43,43,0)
201:(22,2,1,8,42,42,0)
202:(22,2,1,9,41,41,0)
203:(22,2,1,10,40,40,0)
204:(22,2,1,11,39,39,0)
205:(22,2,1,12,38,38,0)
206:(22,2,1,13,37,37,0)
207:(22,2,2,2,48,48,0)
208:(22,2,2,3,47,47,0)
209:(22,2,2,4,46,46,0)
210:(22,2,2,5,45,45,0)
211:(22,2,2,6,44,44,0)
212:(22,2,2,7,43,43,0)
213:(22,2,2,8,42,42,0)
214:(22,2,2,9,41,41,0)
215:(22,2,2,10,40,40,0)
216:(22,2,2,11,39,39,0)
217:(22,2,2,12,38,38,0)
218:(22,2,2,13,37,37,0)
219:(22,2,3,3,47,47,0)
220:(22,2,3,4,46,46,0)
221:(22,2,3,5,45,45,0)
222:(22,2,3,6,44,44,0)
223:(22,2,3,7,43,43,0)
224:(22,2,3,8,42,42,0)
225:(22,2,3,9,41,41,0)
226:(22,2,3,10,40,40,0)
227:(22,2,3,11,39,39,0)
228:(22,2,3,12,38,38,0)
229:(22,2,3,13,37,37,0)
230:(23,2,0,0,50,50,0)
231:(23,2,0,1,49,49,0)
232:(23,2,0,2,48,48,0)
233:(23,2,0,3,47,47,0)
234:(23,2,0,4,46,46,0)
235:(23,2,0,5,45,45,0)
236:(23,2,0,6,44,44,0)
237:(23,2,0,7,43,43,0)
238:(23,2,0,8,42,42,0)
239:(23,2,0,9,41,41,0)
240:(23,2,0,10,40,40,0)
241:(23,2,0,11,39,39,0)
242:(23,2,0,12,38,38,0)
243:(23,2,0,13,37,37,0)
244:(23,2,1,0,50,50,0)
245:(23,2,1,1,49,49,0)
246:(23,2,1,2,48,48,0)
247:(23,2,1,3,47,47,0)
248:(23,2,1,4,46,46,0)
249:(23,2,1,5,45,45,0)
250:(23,2,1,6,44,44,0)
251:(23,2,1,7,43,43,0)
252:(23,2,1,8,42,42,0)
253:(23,2,1,9,41,41,0)
254:(23,2,1,10,40,40,0)
255:(23,2,1,11,39,39,0)
256:(23,2,1,12,38,38,0)
257:(23,2,1,13,37,37,0)
258:(23,2,1,14,36,36,0)
259:(23,2,2,0,50,50,0)
260:(23,2,2,1,49,49,0)
261:(23,2,2,2,48,48,0)
262:(23,2,2,3,47,47,0)
263:(23,2,2,4,46,46,0)
264:(23,2,2,5,45,45,0)
265:(23,2,2,6,44,44,0)
266:(23,2,2,7,43,43,0)
267:(23,2,2,8,42,42,0)
268:(23,2,2,9,41,41,0)
269:(23,2,2,10,40,40,0)
270:(23,2,2,11,39,39,0)
271:(23,2,2,12,38,38,0)
272:(23,2,2,13,37,37,0)
273:(23,2,2,14,36,36,0)
274:(23,2,3,1,49,49,0)
275:(23,2,3,2,48,48,0)
276:(23,2,3,3,47,47,0)
277:(23,2,3,5,45,45,0)
278:(23,2,3,6,44,44,0)
279:(23,2,3,7,43,43,0)
280:(23,2,3,8,42,42,0)
281:(23,2,3,9,41,41,0)
282:(23,2,3,10,40,40,0)
283:(23,2,3,11,39,39,0)
284:(23,2,3,12,38,38,0)
285:(23,2,3,13,37,37,0)
286:(23,2,3,14,36,36,0)
287:(24,2,0,0,50,50,0)
288:(24,2,0,1,49,49,0)
289:(24,2,0,2,48,48,0)
290:(24,2,0,3,47,47,0)
291:(24,2,0,4,46,46,0)
292:(24,2,0,5,45,45,0)
293:(24,2,0,6,44,44,0)
294:(24,2,0,7,43,43,0)
295:(24,2,0,8,42,42,0)
296:(24,2,0,9,41,41,0)
297:(24,2,0,10,40,40,0)
298:(24,2,0,11,39,39,0)
299:(24,2,0,12,38,38,0)
300:(24,2,0,13,37,37,0)
301:(24,2,0,14,36,36,0)
302:(24,2,0,15,35,35,0)
303:(24,2,1,0,50,50,0)
304:(24,2,1,1,49,49,0)
305:(24,2,1,2,48,48,0)
306:(24,2,1,3,47,47,0)
307:(24,2,1,4,46,46,0)
308:(24,2,1,5,45,45,0)
309:(24,2,1,6,44,44,0)
310:(24,2,1,7,43,43,0)
311:(24,2,1,8,42,42,0)
312:(24,2,1,9,41,41,0)
313:(24,2,1,10,40,40,0)
314:(24,2,1,11,39,39,0)
315:(24,2,1,12,38,38,0)
316:(24,2,1,13,37,37,0)
317:(24,2,1,14,36,36,0)
318:(24,2,1,15,35,35,0)
319:(24,2,1,16,34,34,0)
320:(24,2,2,0,50,50,0)
321:(24,2,2,1,49,49,0)
322:(24,2,2,2,48,48,0)
323:(24,2,2,3,47,47,0)
324:(24,2,2,4,46,46,0)
325:(24,2,2,5,45,45,0)
326:(24,2,2,6,44,44,0)
327:(24,2,2,7,43,43,0)
328:(24,2,2,8,42,42,0)
329:(24,2,2,9,41,41,0)
330:(24,2,2,10,40,40,0)
331:(24,2,2,11,39,39,0)
332:(24,2,2,12,38,38,0)
333:(24,2,2,13,37,37,0)
334:(24,2,2,14,36,36,0)
335:(24,2,2,15,35,35,0)
336:(24,2,2,16,34,34,0)
337:(24,2,3,1,49,49,0)
338:(24,2,3,2,48,48,0)
339:(24,2,3,3,47,47,0)
340:(24,2,3,4,46,46,0)
341:(24,2,3,6,44,44,0)
342:(24,2,3,7,43,43,0)
343:(24,2,3,8,42,42,0)
344:(24,2,3,9,41,41,0)
345:(24,2,3,10,40,40,0)
346:(24,2,3,13,37,37,0)
347:(24,2,3,14,36,36,0)
348:(24,2,3,15,35,35,0)
349:(24,2,3,16,34,34,0)
350:(25,2,0,0,50,50,0)
351:(25,2,0,1,49,49,0)
352:(25,2,0,2,48,48,0)
353:(25,2,0,3,47,47,0)
354:(25,2,0,4,46,46,0)
355:(25,2,0,5,45,45,0)
356:(25,2,0,6,44,44,0)
357:(25,2,0,7,43,43,0)
358:(25,2,0,8,42,42,0)
359:(25,2,0,9,41,41,0)
360:(25,2,0,10,40,40,0)
361:(25,2,0,11,39,39,0)
362:(25,2,0,12,38,38,0)
363:(25,2,0,13,37,37,0)
364:(25,2,0,14,36,36,0)
365:(25,2,0,15,35,35,0)
366:(25,2,0,16,34,34,0)
367:(25,2,1,0,50,50,0)
368:(25,2,1,1,49,49,0)
369:(25,2,1,2,48,48,0)
370:(25,2,1,3,47,47,0)
371:(25,2,1,4,46,46,0)
372:(25,2,1,5,45,45,0)
373:(25,2,1,6,44,44,0)
374:(25,2,1,7,43,43,0)
375:(25,2,1,8,42,42,0)
376:(25,2,1,9,41,41,0)
377:(25,2,1,10,40,40,0)
378:(25,2,1,11,39,39,0)
379:(25,2,1,12,38,38,0)
380:(25,2,1,13,37,37,0)
381:(25,2,1,14,36,36,0)
382:(25,2,1,15,35,35,0)
383:(25,2,1,16,34,34,0)
384:(25,2,1,17,33,33,0)
385:(25,2,2,0,50,50,0)
386:(25,2,2,1,49,49,0)
387:(25,2,2,2,48,48,0)
388:(25,2,2,3,47,47,0)
389:(25,2,2,4,46,46,0)
390:(25,2,2,5,45,45,0)
391:(25,2,2,6,44,44,0)
392:(25,2,2,7,43,43,0)
393:(25,2,2,8,42,42,0)
394:(25,2,2,9,41,41,0)
395:(25,2,2,10,40,40,0)
396:(25,2,2,11,39,39,0)
397:(25,2,2,13,37,37,0)
398:(25,2,2,14,36,36,0)
399:(25,2,2,15,35,35,0)
400:(25,2,2,16,34,34,0)
401:(25,2,2,17,33,33,0)
402:(25,2,3,1,49,49,0)
403:(25,2,3,2,48,48,0)
404:(25,2,3,3,47,47,0)
405:(25,2,3,4,46,46,0)
406:(25,2,3,5,45,45,0)
407:(25,2,3,6,44,44,0)
408:(25,2,3,7,43,43,0)
409:(25,2,3,8,42,42,0)
410:(25,2,3,9,41,41,0)
411:(25,2,3,10,40,40,0)
412:(25,2,3,11,39,39,0)
413:(25,2,3,14,36,36,0)
414:(25,2,3,15,35,35,0)
415:(25,2,3,16,34,34,0)
416:(25,2,3,17,33,33,0)
417:(26,2,0,0,50,50,0)
418:(26,2,0,1,49,49,0)
419:(26,2,0,2,48,48,0)
420:(26,2,0,3,47,47,0)
421:(26,2,0,4,46,46,0)
422:(26,2,0,5,45,45,0)
423:(26,2,0,6,44,44,0)
424:(26,2,0,7,43,43,0)
425:(26,2,0,8,42,42,0)
426:(26,2,0,9,41,41,0)
427:(26,2,0,10,40,40,0)
428:(26,2,0,11,39,39,0)
429:(26,2,0,12,38,38,0)
430:(26,2,0,13,37,37,0)
431:(26,2,0,14,36,36,0)
432:(26,2,0,15,35,35,0)
433:(26,2,0,16,34,34,0)
434:(26,2,0,17,33,33,0)
435:(26,2,1,0,50,50,0)
436:(26,2,1,1,49,49,0)
437:(26,2,1,2,48,48,0)
438:(26,2,1,3,47,47,0)
439:(26,2,1,4,46,46,0)
440:(26,2,1,5,45,45,0)
441:(26,2,1,6,44,44,0)
442:(26,2,1,7,43,43,0)
443:(26,2,1,8,42,42,0)
444:(26,2,1,9,41,41,0)
445:(26,2,1,10,40,40,0)
446:(26,2,1,11,39,39,0)
447:(26,2,1,12,38,38,0)
448:(26,2,1,13,37,37,0)
449:(26,2,1,14,36,36,0)
450:(26,2,1,15,35,35,0)
451:(26,2,1,16,34,34,0)
452:(26,2,1,17,33,33,0)
453:(26,2,1,18,32,32,0)
454:(26,2,2,0,50,50,0)
455:(26,2,2,1,49,49,0)
456:(26,2,2,2,48,48,0)
457:(26,2,2,3,47,47,0)
458:(26,2,2,4,46,46,0)
459:(26,2,2,5,45,45,0)
460:(26,2,2,6,44,44,0)
461:(26,2,2,7,43,43,0)
462:(26,2,2,8,42,42,0)
463:(26,2,2,9,41,41,0)
464:(26,2,2,10,40,40,0)
465:(26,2,2,11,39,39,0)
466:(26,2,2,12,38,38,0)
467:(26,2,2,13,37,37,0)
468:(26,2,2,14,36,36,0)
469:(26,2,2,15,35,35,0)
470:(26,2,2,16,34,34,0)
471:(26,2,2,17,33,33,0)
472:(26,2,2,18,32,32,0)
473:(26,2,3,1,49,49,0)
474:(26,2,3,2,48,48,0)
475:(26,2,3,3,47,47,0)
476:(26,2,3,4,46,46,0)
477:(26,2,3,5,45,45,0)
478:(26,2,3,6,44,44,0)
479:(26,2,3,7,43,43,0)
480:(26,2,3,8,42,42,0)
481:(26,2,3,9,41,41,0)
482:(26,2,3,10,40,40,0)
483:(26,2,3,11,39,39,0)
484:(26,2,3,12,38,38,0)
485:(26,2,3,13,37,37,0)
486:(26,2,3,15,35,35,0)
487:(26,2,3,16,34,34,0)
488:(26,2,3,17,33,33,0)
489:(26,2,3,18,32,32,0)
490:(27,2,0,0,50,50,0)
491:(27,2,0,1,49,49,0)
492:(27,2,0,2,48,48,0)
493:(27,2,0,3,47,47,0)
494:(27,2,0,4,46,46,0)
495:(27,2,0,5,45,45,0)
496:(27,2,0,6,44,44,0)
497:(27,2,0,7,43,43,0)
498:(27,2,0,8,42,42,0)
499:(27,2,0,9,41,41,0)
500:(27,2,0,10,40,40,0)
501:(27,2,0,11,39,39,0)
502:(27,2,0,12,38,38,0)
503:(27,2,0,13,37,37,0)
504:(27,2,0,14,36,36,0)
505:(27,2,0,15,35,35,0)
506:(27,2,0,16,34,34,0)
507:(27,2,0,17,33,33,0)
508:(27,2,0,18,32,32,0)
509:(27,2,1,0,50,50,0)
510:(27,2,1,1,49,49,0)
511:(27,2,1,2,48,48,0)
512:(27,2,1,3,47,47,0)
513:(27,2,1,4,46,46,0)
514:(27,2,1,5,45,45,0)
515:(27,2,1,6,44,44,0)
516:(27,2,1,7,43,43,0)
517:(27,2,1,8,42,42,0)
518:(27,2,1,9,41,41,0)
519:(27,2,1,10,40,40,0)
520:(27,2,1,11,39,39,0)
521:(27,2,1,12,38,38,0)
522:(27,2,1,13,37,37,0)
523:(27,2,1,14,36,36,0)
524:(27,2,1,15,35,35,0)
525:(27,2,1,16,34,34,0)
526:(27,2,1,17,33,33,0)
527:(27,2,1,18,32,32,0)
528:(27,2,1,19,31,31,0)
529:(27,2,2,0,50,50,0)
530:(27,2,2,1,49,49,0)
531:(27,2,2,2,48,48,0)
532:(27,2,2,3,47,47,0)
533:(27,2,2,4,46,46,0)
534:(27,2,2,5,45,45,0)
535:(27,2,2,6,44,44,0)
536:(27,2,2,7,43,43,0)
537:(27,2,2,8,42,42,0)
538:(27,2,2,9,41,41,0)
539:(27,2,2,10,40,40,0)
540:(27,2,2,11,39,39,0)
541:(27,2,2,12,38,38,0)
542:(27,2,2,13,37,37,0)
543:(27,2,2,14,36,36,0)
544:(27,2,2,15,35,35,0)
545:(27,2,2,16,34,34,0)
546:(27,2,2,17,33,33,0)
547:(27,2,2,18,32,32,0)
548:(27,2,2,19,31,31,0)
549:(27,2,3,1,49,49,0)
550:(27,2,3,2,48,48,0)
551:(27,2,3,3,47,47,0)
552:(27,2,3,4,46,46,0)
553:(27,2,3,5,45,45,0)
554:(27,2,3,6,44,44,0)
555:(27,2,3,7,43,43,0)
556:(27,2,3,8,42,42,0)
557:(27,2,3,9,41,41,0)
558:(27,2,3,10,40,40,0)
559:(27,2,3,11,39,39,0)
560:(27,2,3,12,38,38,0)
561:(27,2,3,13,37,37,0)
562:(27,2,3,14,36,36,0)
563:(27,2,3,15,35,35,0)
564:(27,2,3,17,33,33,0)
565:(27,2,3,18,32,32,0)
566:(27,2,3,19,31,31,0)
567:(28,2,0,0,50,50,0)
568:(28,2,0,1,49,49,0)
569:(28,2,0,2,48,48,0)
570:(28,2,0,3,47,47,0)
571:(28,2,0,4,46,46,0)
572:(28,2,0,5,45,45,0)
573:(28,2,0,6,44,44,0)
574:(28,2,0,7,43,43,0)
575:(28,2,0,8,42,42,0)
576:(28,2,0,9,41,41,0)
577:(28,2,0,10,40,40,0)
578:(28,2,0,11,39,39,0)
579:(28,2,0,12,38,38,0)
580:(28,2,0,13,37,37,0)
581:(28,2,0,14,36,36,0)
582:(28,2,0,15,35,35,0)
583:(28,2,0,16,34,34,0)
584:(28,2,0,17,33,33,0)
585:(28,2,0,18,32,32,0)
586:(28,2,0,19,31,31,0)
587:(28,2,1,0,50,50,0)
588:(28,2,1,1,49,49,0)
589:(28,2,1,2,48,48,0)
590:(28,2,1,3,47,47,0)
591:(28,2,1,4,46,46,0)
592:(28,2,1,5,45,45,0)
593:(28,2,1,6,44,44,0)
594:(28,2,1,7,43,43,0)
595:(28,2,1,8,42,42,0)
596:(28,2,1,9,41,41,0)
597:(28,2,1,10,40,40,0)
598:(28,2,1,11,39,39,0)
599:(28,2,1,12,38,38,0)
600:(28,2,1,13,37,37,0)
601:(28,2,1,14,36,36,0)
602:(28,2,1,15,35,35,0)
603:(28,2,1,16,34,34,0)
604:(28,2,1,17,33,33,0)
605:(28,2,1,18,32,32,0)
606:(28,2,1,19,31,31,0)
607:(28,2,1,20,30,30,0)
608:(28,2,2,0,50,50,0)
609:(28,2,2,1,49,49,0)
610:(28,2,2,2,48,48,0)
611:(28,2,2,3,47,47,0)
612:(28,2,2,4,46,46,0)
613:(28,2,2,5,45,45,0)
614:(28,2,2,6,44,44,0)
615:(28,2,2,7,43,43,0)
616:(28,2,2,8,42,42,0)
617:(28,2,2,9,41,41,0)
618:(28,2,2,10,40,40,0)
619:(28,2,2,11,39,39,0)
620:(28,2,2,12,38,38,0)
621:(28,2,2,13,37,37,0)
622:(28,2,2,14,36,36,0)
623:(28,2,2,15,35,35,0)
624:(28,2,2,16,34,34,0)
625:(28,2,2,17,33,33,0)
626:(28,2,2,18,32,32,0)
627:(28,2,2,19,31,31,0)
628:(28,2,2,20,30,30,0)
629:(28,2,3,1,49,49,0)
630:(28,2,3,2,48,48,0)
631:(28,2,3,3,47,47,0)
632:(28,2,3,4,46,46,0)
633:(28,2,3,5,45,45,0)
634:(28,2,3,6,44,44,0)
635:(28,2,3,7,43,43,0)
636:(28,2,3,8,42,42,0)
637:(28,2,3,9,41,41,0)
638:(28,2,3,10,40,40,0)
639:(28,2,3,11,39,39,0)
640:(28,2,3,12,38,38,0)
641:(28,2,3,13,37,37,0)
642:(28,2,3,14,36,36,0)
643:(28,2,3,15,35,35,0)
644:(28,2,3,16,34,34,0)
645:(28,2,3,18,32,32,0)
646:(28,2,3,19,31,31,0)
647:(28,2,3,20,30,30,0)
648:(29,2,0,0,50,50,0)
649:(29,2,0,1,49,49,0)
650:(29,2,0,2,48,48,0)
651:(29,2,0,3,47,47,0)
652:(29,2,0,4,46,46,0)
653:(29,2,0,5,45,45,0)
654:(29,2,0,6,44,44,0)
655:(29,2,0,7,43,43,0)
656:(29,2,0,8,42,42,0)
657:(29,2,0,9,41,41,0)
658:(29,2,0,10,40,40,0)
659:(29,2,0,11,39,39,0)
660:(29,2,0,12,38,38,0)
661:(29,2,0,13,37,37,0)
662:(29,2,0,14,36,36,0)
663:(29,2,0,15,35,35,0)
664:(29,2,0,16,34,34,0)
665:(29,2,0,17,33,33,0)
666:(29,2,0,18,32,32,0)
667:(29,2,0,19,31,31,0)
668:(29,2,0,20,30,30,0)
669:(29,2,1,0,50,50,0)
670:(29,2,1,1,49,49,0)
671:(29,2,1,2,48,48,0)
672:(29,2,1,3,47,47,0)
673:(29,2,1,4,46,46,0)
674:(29,2,1,5,45,45,0)
675:(29,2,1,6,44,44,0)
676:(29,2,1,7,43,43,0)
677:(29,2,1,8,42,42,0)
678:(29,2,1,9,41,41,0)
679:(29,2,1,10,40,40,0)
680:(29,2,1,11,39,39,0)
681:(29,2,1,12,38,38,0)
682:(29,2,1,13,37,37,0)
683:(29,2,1,14,36,36,0)
684:(29,2,1,15,35,35,0)
685:(29,2,1,16,34,34,0)
686:(29,2,1,17,33,33,0)
687:(29,2,1,18,32,32,0)
688:(29,2,1,19,31,31,0)
689:(29,2,1,20,30,30,0)
690:(29,2,1,21,29,29,0)
691:(29,2,2,0,50,50,0)
692:(29,2,2,1,49,49,0)
693:(29,2,2,2,48,48,0)
694:(29,2,2,3,47,47,0)
695:(29,2,2,4,46,46,0)
696:(29,2,2,5,45,45,0)
697:(29,2,2,6,44,44,0)
698:(29,2,2,7,43,43,0)
699:(29,2,2,8,42,42,0)
700:(29,2,2,9,41,41,0)
701:(29,2,2,10,40,40,0)
702:(29,2,2,11,39,39,0)
703:(29,2,2,12,38,38,0)
704:(29,2,2,13,37,37,0)
705:(29,2,2,14,36,36,0)
706:(29,2,2,15,35,35,0)
707:(29,2,2,16,34,34,0)
708:(29,2,2,17,33,33,0)
709:(29,2,2,18,32,32,0)
710:(29,2,2,19,31,31,0)
711:(29,2,2,20,30,30,0)
712:(29,2,2,21,29,29,0)
713:(29,2,3,1,49,49,0)
714:(29,2,3,2,48,48,0)
715:(29,2,3,3,47,47,0)
716:(29,2,3,4,46,46,0)
717:(29,2,3,5,45,45,0)
718:(29,2,3,6,44,44,0)
719:(29,2,3,7,43,43,0)
720:(29,2,3,8,42,42,0)
721:(29,2,3,9,41,41,0)
722:(29,2,3,10,40,40,0)
723:(29,2,3,11,39,39,0)
724:(29,2,3,12,38,38,0)
725:(29,2,3,13,37,37,0)
726:(29,2,3,14,36,36,0)
727:(29,2,3,15,35,35,0)
728:(29,2,3,16,34,34,0)
729:(29,2,3,17,33,33,0)
730:(29,2,3,18,32,32,0)
731:(29,2,3,19,31,31,0)
732:(29,2,3,20,30,30,0)
733:(29,2,3,21,29,29,0)
734:(30,2,0,0,50,50,0)
735:(30,2,0,1,49,49,0)
736:(30,2,0,2,48,48,0)
737:(30,2,0,3,47,47,0)
738:(30,2,0,4,46,46,0)
739:(30,2,0,5,45,45,0)
740:(30,2,0,6,44,44,0)
741:(30,2,0,7,43,43,0)
742:(30,2,0,8,42,42,0)
743:(30,2,0,9,41,41,0)
744:(30,2,0,10,40,40,0)
745:(30,2,0,11,39,39,0)
746:(30,2,0,12,38,38,0)
747:(30,2,0,13,37,37,0)
748:(30,2,0,14,36,36,0)
749:(30,2,0,15,35,35,0)
750:(30,2,0,16,34,34,0)
751:(30,2,0,17,33,33,0)
752:(30,2,0,18,32,32,0)
753:(30,2,0,19,31,31,0)
754:(30,2,0,20,30,30,0)
755:(30,2,0,21,29,29,0)
756:(30,2,0,22,28,28,0)
757:(30,2,1,0,50,50,0)
758:(30,2,1,1,49,49,0)
759:(30,2,1,2,48,48,0)
760:(30,2,1,3,47,47,0)
761:(30,2,1,4,46,46,0)
762:(30,2,1,5,45,45,0)
763:(30,2,1,6,44,44,0)
764:(30,2,1,7,43,43,0)
765:(30,2,1,8,42,42,0)
766:(30,2,1,9,41,41,0)
767:(30,2,1,10,40,40,0)
768:(30,2,1,11,39,39,0)
769:(30,2,1,12,38,38,0)
770:(30,2,1,13,37,37,0)
771:(30,2,1,14,36,36,0)
772:(30,2,1,15,35,35,0)
773:(30,2,1,16,34,34,0)
774:(30,2,1,17,33,33,0)
775:(30,2,1,18,32,32,0)
776:(30,2,1,19,31,31,0)
777:(30,2,1,20,30,30,0)
778:(30,2,1,21,29,29,0)
779:(30,2,1,22,28,28,0)
780:(30,2,1,23,27,27,0)
781:(30,2,2,0,50,50,0)
782:(30,2,2,1,49,49,0)
783:(30,2,2,2,48,48,0)
784:(30,2,2,3,47,47,0)
785:(30,2,2,4,46,46,0)
786:(30,2,2,5,45,45,0)
787:(30,2,2,6,44,44,0)
788:(30,2,2,7,43,43,0)
789:(30,2,2,8,42,42,0)
790:(30,2,2,9,41,41,0)
791:(30,2,2,10,40,40,0)
792:(30,2,2,11,39,39,0)
793:(30,2,2,12,38,38,0)
794:(30,2,2,13,37,37,0)
795:(30,2,2,14,36,36,0)
796:(30,2,2,15,35,35,0)
797:(30,2,2,16,34,34,0)
798:(30,2,2,17,33,33,0)
799:(30,2,2,18,32,32,0)
800:(30,2,2,19,31,31,0)
801:(30,2,2,20,30,30,0)
802:(30,2,2,21,29,29,0)
803:(30,2,2,22,28,28,0)
804:(30,2,2,23,27,27,0)
805:(30,2,3,1,49,49,0)
806:(30,2,3,2,48,48,0)
807:(30,2,3,3,47,47,0)
808:(30,2,3,4,46,46,0)
809:(30,2,3,5,45,45,0)
810:(30,2,3,6,44,44,0)
811:(30,2,3,7,43,43,0)
812:(30,2,3,8,42,42,0)
813:(30,2,3,9,41,41,0)
814:(30,2,3,10,40,40,0)
815:(30,2,3,11,39,39,0)
816:(30,2,3,12,38,38,0)
817:(30,2,3,13,37,37,0)
818:(30,2,3,14,36,36,0)
819:(30,2,3,15,35,35,0)
820:(30,2,3,16,34,34,0)
821:(30,2,3,17,33,33,0)
822:(30,2,3,18,32,32,0)
823:(30,2,3,19,31,31,0)
824:(30,2,3,20,30,30,0)
825:(30,2,3,21,29,29,0)
826:(30,2,3,22,28,28,0)
827:(30,2,3,23,27,27,0)
828:(31,2,0,0,50,50,0)
829:(31,2,0,1,49,49,0)
830:(31,2,0,2,48,48,0)
831:(31,2,0,3,47,47,0)
832:(31,2,0,4,46,46,0)
833:(31,2,0,5,45,45,0)
834:(31,2,0,6,44,44,0)
835:(31,2,0,7,43,43,0)
836:(31,2,0,8,42,42,0)
837:(31,2,0,9,41,41,0)
838:(31,2,0,10,40,40,0)
839:(31,2,0,11,39,39,0)
840:(31,2,0,12,38,38,0)
841:(31,2,0,13,37,37,0)
842:(31,2,0,14,36,36,0)
843:(31,2,0,15,35,35,0)
844:(31,2,0,16,34,34,0)
845:(31,2,0,17,33,33,0)
846:(31,2,0,18,32,32,0)
847:(31,2,0,19,31,31,0)
848:(31,2,0,20,30,30,0)
849:(31,2,0,21,29,29,0)
850:(31,2,0,22,28,28,0)
851:(31,2,0,23,27,27,0)
852:(31,2,1,0,50,50,0)
853:(31,2,1,1,49,49,0)
854:(31,2,1,2,48,48,0)
855:(31,2,1,3,47,47,0)
856:(31,2,1,4,46,46,0)
857:(31,2,1,5,45,45,0)
858:(31,2,1,6,44,44,0)
859:(31,2,1,7,43,43,0)
860:(31,2,1,8,42,42,0)
861:(31,2,1,9,41,41,0)
862:(31,2,1,10,40,40,0)
863:(31,2,1,11,39,39,0)
864:(31,2,1,12,38,38,0)
865:(31,2,1,13,37,37,0)
866:(31,2,1,14,36,36,0)
867:(31,2,1,15,35,35,0)
868:(31,2,1,16,34,34,0)
869:(31,2,1,17,33,33,0)
870:(31,2,1,18,32,32,0)
871:(31,2,1,19,31,31,0)
872:(31,2,1,20,30,30,0)
873:(31,2,1,21,29,29,0)
874:(31,2,1,22,28,28,0)
875:(31,2,1,23,27,27,0)
876:(31,2,1,24,26,26,0)
877:(31,2,2,1,49,49,0)
878:(31,2,2,2,48,48,0)
879:(31,2,2,3,47,47,0)
880:(31,2,2,4,46,46,0)
881:(31,2,2,5,45,45,0)
882:(31,2,2,6,44,44,0)
883:(31,2,2,7,43,43,0)
884:(31,2,2,8,42,42,0)
885:(31,2,2,9,41,41,0)
886:(31,2,2,10,40,40,0)
887:(31,2,2,11,39,39,0)
888:(31,2,2,12,38,38,0)
889:(31,2,2,13,37,37,0)
890:(31,2,2,14,36,36,0)
891:(31,2,2,15,35,35,0)
892:(31,2,2,16,34,34,0)
893:(31,2,2,17,33,33,0)
894:(31,2,2,18,32,32,0)
895:(31,2,2,19,31,31,0)
896:(31,2,2,20,30,30,0)
897:(31,2,2,21,29,29,0)
898:(31,2,2,22,28,28,0)
899:(31,2,2,23,27,27,0)
900:(31,2,2,24,26,26,0)
901:(31,2,3,4,46,46,0)
902:(31,2,3,5,45,45,0)
903:(31,2,3,6,44,44,0)
904:(31,2,3,7,43,43,0)
905:(31,2,3,8,42,42,0)
906:(31,2,3,9,41,41,0)
907:(31,2,3,10,40,40,0)
908:(31,2,3,11,39,39,0)
909:(31,2,3,12,38,38,0)
910:(31,2,3,13,37,37,0)
911:(31,2,3,14,36,36,0)
912:(31,2,3,15,35,35,0)
913:(31,2,3,16,34,34,0)
914:(31,2,3,17,33,33,0)
915:(31,2,3,18,32,32,0)
916:(31,2,3,19,31,31,0)
917:(31,2,3,20,30,30,0)
918:(31,2,3,21,29,29,0)
919:(31,2,3,22,28,28,0)
920:(31,2,3,23,27,27,0)
921:(31,2,3,24,26,26,0)
922:(32,2,0,0,50,50,0)
923:(32,2,0,1,49,49,0)
924:(32,2,0,2,48,48,0)
925:(32,2,0,3,47,47,0)
926:(32,2,0,4,46,46,0)
927:(32,2,0,5,45,45,0)
928:(32,2,0,6,44,44,0)
929:(32,2,0,7,43,43,0)
930:(32,2,0,8,42,42,0)
931:(32,2,0,9,41,41,0)
932:(32,2,0,10,40,40,0)
933:(32,2,0,11,39,39,0)
934:(32,2,0,12,38,38,0)
935:(32,2,0,13,37,37,0)
936:(32,2,0,14,36,36,0)
937:(32,2,0,15,35,35,0)
938:(32,2,0,16,34,34,0)
939:(32,2,0,17,33,33,0)
940:(32,2,0,18,32,32,0)
941:(32,2,0,19,31,31,0)
942:(32,2,0,20,30,30,0)
943:(32,2,0,21,29,29,0)
944:(32,2,0,22,28,28,0)
945:(32,2,0,23,27,27,0)
946:(32,2,0,24,26,26,0)
947:(32,2,1,1,49,49,0)
948:(32,2,1,2,48,48,0)
949:(32,2,1,3,47,47,0)
950:(32,2,1,4,46,46,0)
951:(32,2,1,5,45,45,0)
952:(32,2,1,6,44,44,0)
953:(32,2,1,7,43,43,0)
954:(32,2,1,8,42,42,0)
955:(32,2,1,9,41,41,0)
956:(32,2,1,10,40,40,0)
957:(32,2,1,11,39,39,0)
958:(32,2,1,12,38,38,0)
959:(32,2,1,13,37,37,0)
960:(32,2,1,14,36,36,0)
961:(32,2,1,15,35,35,0)
962:(32,2,1,16,34,34,0)
963:(32,2,1,17,33,33,0)
964:(32,2,1,18,32,32,0)
965:(32,2,1,19,31,31,0)
966:(32,2,1,20,30,30,0)
967:(32,2,1,21,29,29,0)
968:(32,2,1,22,28,28,0)
969:(32,2,1,23,27,27,0)
970:(32,2,1,24,26,26,0)
971:(32,2,1,25,25,25,0)
972:(32,2,2,4,46,46,0)
973:(32,2,2,5,45,45,0)
974:(32,2,2,6,44,44,0)
975:(32,2,2,7,43,43,0)
976:(32,2,2,8,42,42,0)
977:(32,2,2,9,41,41,0)
978:(32,2,2,10,40,40,0)
979:(32,2,2,11,39,39,0)
980:(32,2,2,12,38,38,0)
981:(32,2,2,13,37,37,0)
982:(32,2,2,14,36,36,0)
983:(32,2,2,15,35,35,0)
984:(32,2,2,16,34,34,0)
985:(32,2,2,17,33,33,0)
986:(32,2,2,18,32,32,0)
987:(32,2,2,19,31,31,0)
988:(32,2,2,20,30,30,0)
989:(32,2,2,21,29,29,0)
990:(32,2,2,22,28,28,0)
991:(32,2,2,23,27,27,0)
992:(32,2,2,24,26,26,0)
993:(32,2,2,25,25,25,0)
994:(32,2,3,5,45,45,0)
995:(32,2,3,6,44,44,0)
996:(32,2,3,7,43,43,0)
997:(32,2,3,9,41,41,0)
998:(32,2,3,10,40,40,0)
999:(32,2,3,11,39,39,0)
1000:(32,2,3,12,38,38,0)
1001:(32,2,3,13,37,37,0)
1002:(32,2,3,14,36,36,0)
1003:(32,2,3,15,35,35,0)
1004:(32,2,3,16,34,34,0)
1005:(32,2,3,17,33,33,0)
1006:(32,2,3,18,32,32,0)
1007:(32,2,3,19,31,31,0)
1008:(32,2,3,20,30,30,0)
1009:(32,2,3,21,29,29,0)
1010:(32,2,3,22,28,28,0)
1011:(32,2,3,23,27,27,0)
1012:(32,2,3,24,26,26,0)
1013:(32,2,3,25,25,25,0)
1014:(33,2,0,3,47,47,0)
1015:(33,2,0,4,46,46,0)
1016:(33,2,0,5,45,45,0)
1017:(33,2,0,6,44,44,0)
1018:(33,2,0,7,43,43,0)
1019:(33,2,0,8,42,42,0)
1020:(33,2,0,9,41,41,0)
1021:(33,2,0,10,40,40,0)
1022:(33,2,0,11,39,39,0)
1023:(33,2,0,12,38,38,0)
1024:(33,2,0,13,37,37,0)
1025:(33,2,0,14,36,36,0)
1026:(33,2,0,15,35,35,0)
1027:(33,2,0,16,34,34,0)
1028:(33,2,0,17,33,33,0)
1029:(33,2,0,18,32,32,0)
1030:(33,2,0,19,31,31,0)
1031:(33,2,0,20,30,30,0)
1032:(33,2,0,21,29,29,0)
1033:(33,2,0,22,28,28,0)
1034:(33,2,0,23,27,27,0)
1035:(33,2,0,24,26,26,0)
1036:(33,2,0,25,25,25,0)
1037:(33,2,1,4,46,46,0)
1038:(33,2,1,5,45,45,0)
1039:(33,2,1,6,44,44,0)
1040:(33,2,1,7,43,43,0)
1041:(33,2,1,8,42,42,0)
1042:(33,2,1,9,41,41,0)
1043:(33,2,1,10,40,40,0)
1044:(33,2,1,11,39,39,0)
1045:(33,2,1,12,38,38,0)
1046:(33,2,1,13,37,37,0)
1047:(33,2,1,14,36,36,0)
1048:(33,2,1,15,35,35,0)
1049:(33,2,1,16,34,34,0)
1050:(33,2,1,17,33,33,0)
1051:(33,2,1,18,32,32,0)
1052:(33,2,1,19,31,31,0)
1053:(33,2,1,20,30,30,0)
1054:(33,2,1,21,29,29,0)
1055:(33,2,1,22,28,28,0)
1056:(33,2,1,23,27,27,0)
1057:(33,2,1,24,26,26,0)
1058:(33,2,1,25,25,25,0)
1059:(33,2,1,26,24,24,0)
1060:(33,2,2,5,45,45,0)
1061:(33,2,2,6,44,44,0)
1062:(33,2,2,7,43,43,0)
1063:(33,2,2,8,42,42,0)
1064:(33,2,2,9,41,41,0)
1065:(33,2,2,10,40,40,0)
1066:(33,2,2,11,39,39,0)
1067:(33,2,2,12,38,38,0)
1068:(33,2,2,13,37,37,0)
1069:(33,2,2,14,36,36,0)
1070:(33,2,2,15,35,35,0)
1071:(33,2,2,16,34,34,0)
1072:(33,2,2,17,33,33,0)
1073:(33,2,2,18,32,32,0)
1074:(33,2,2,19,31,31,0)
1075:(33,2,2,20,30,30,0)
1076:(33,2,2,21,29,29,0)
1077:(33,2,2,22,28,28,0)
1078:(33,2,2,23,27,27,0)
1079:(33,2,2,24,26,26,0)
1080:(33,2,2,25,25,25,0)
1081:(33,2,2,26,24,24,0)
1082:(33,2,3,6,44,44,0)
1083:(33,2,3,7,43,43,0)
1084:(33,2,3,8,42,42,0)
1085:(33,2,3,9,41,41,0)
1086:(33,2,3,10,40,40,0)
1087:(33,2,3,11,39,39,0)
1088:(33,2,3,12,38,38,0)
1089:(33,2,3,13,37,37,0)
1090:(33,2,3,14,36,36,0)
1091:(33,2,3,15,35,35,0)
1092:(33,2,3,16,34,34,0)
1093:(33,2,3,17,33,33,0)
1094:(33,2,3,18,32,32,0)
1095:(33,2,3,19,31,31,0)
1096:(33,2,3,20,30,30,0)
1097:(33,2,3,21,29,29,0)
1098:(33,2,3,22,28,28,0)
1099:(33,2,3,23,27,27,0)
1100:(33,2,3,24,26,26,0)
1101:(33,2,3,25,25,25,0)
1102:(33,2,3,26,24,24,0)
1103:(34,2,0,4,46,46,0)
1104:(34,2,0,5,45,45,0)
1105:(34,2,0,6,44,44,0)
1106:(34,2,0,7,43,43,0)
1107:(34,2,0,8,42,42,0)
1108:(34,2,0,9,41,41,0)
1109:(34,2,0,10,40,40,0)
1110:(34,2,0,11,39,39,0)
1111:(34,2,0,12,38,38,0)
1112:(34,2,0,13,37,37,0)
1113:(34,2,0,14,36,36,0)
1114:(34,2,0,15,35,35,0)
1115:(34,2,0,16,34,34,0)
1116:(34,2,0,17,33,33,0)
1117:(34,2,0,18,32,32,0)
1118:(34,2,0,19,31,31,0)
1119:(34,2,0,20,30,30,0)
1120:(34,2,0,21,29,29,0)
1121:(34,2,0,22,28,28,0)
1122:(34,2,0,23,27,27,0)
1123:(34,2,0,24,26,26,0)
1124:(34,2,0,25,25,25,0)
1125:(34,2,0,26,24,24,0)
1126:(34,2,0,27,23,23,0)
1127:(34,2,0,28,22,22,0)
1128:(34,2,0,29,21,21,0)
1129:(34,2,1,5,45,45,0)
1130:(34,2,1,6,44,44,0)
1131:(34,2,1,7,43,43,0)
1132:(34,2,1,8,42,42,0)
1133:(34,2,1,9,41,41,0)
1134:(34,2,1,10,40,40,0)
1135:(34,2,1,11,39,39,0)
1136:(34,2,1,12,38,38,0)
1137:(34,2,1,13,37,37,0)
1138:(34,2,1,14,36,36,0)
1139:(34,2,1,15,35,35,0)
1140:(34,2,1,16,34,34,0)
1141:(34,2,1,17,33,33,0)
1142:(34,2,1,18,32,32,0)
1143:(34,2,1,19,31,31,0)
1144:(34,2,1,20,30,30,0)
1145:(34,2,1,21,29,29,0)
1146:(34,2,1,22,28,28,0)
1147:(34,2,1,23,27,27,0)
1148:(34,2,1,24,26,26,0)
1149:(34,2,1,25,25,25,0)
1150:(34,2,1,26,24,24,0)
1151:(34,2,1,27,23,23,0)
1152:(34,2,1,28,22,22,0)
1153:(34,2,1,29,21,21,0)
1154:(34,2,1,30,20,20,0)
1155:(34,2,2,6,44,44,0)
1156:(34,2,2,7,43,43,0)
1157:(34,2,2,8,42,42,0)
1158:(34,2,2,9,41,41,0)
1159:(34,2,2,10,40,40,0)
1160:(34,2,2,11,39,39,0)
1161:(34,2,2,12,38,38,0)
1162:(34,2,2,13,37,37,0)
1163:(34,2,2,14,36,36,0)
1164:(34,2,2,15,35,35,0)
1165:(34,2,2,16,34,34,0)
1166:(34,2,2,17,33,33,0)
1167:(34,2,2,18,32,32,0)
1168:(34,2,2,19,31,31,0)
1169:(34,2,2,20,30,30,0)
1170:(34,2,2,21,29,29,0)
1171:(34,2,2,22,28,28,0)
1172:(34,2,2,23,27,27,0)
1173:(34,2,2,24,26,26,0)
1174:(34,2,2,25,25,25,0)
1175:(34,2,2,26,24,24,0)
1176:(34,2,2,27,23,23,0)
1177:(34,2,2,28,22,22,0)
1178:(34,2,2,29,21,21,0)
1179:(34,2,2,30,20,20,0)
1180:(34,2,3,7,43,43,0)
1181:(34,2,3,8,42,42,0)
1182:(34,2,3,9,41,41,0)
1183:(34,2,3,10,40,40,0)
1184:(34,2,3,11,39,39,0)
1185:(34,2,3,12,38,38,0)
1186:(34,2,3,13,37,37,0)
1187:(34,2,3,14,36,36,0)
1188:(34,2,3,15,35,35,0)
1189:(34,2,3,16,34,34,0)
1190:(34,2,3,17,33,33,0)
1191:(34,2,3,18,32,32,0)
1192:(34,2,3,19,31,31,0)
1193:(34,2,3,20,30,30,0)
1194:(34,2,3,21,29,29,0)
1195:(34,2,3,22,28,28,0)
1196:(34,2,3,23,27,27,0)
1197:(34,2,3,24,26,26,0)
1198:(34,2,3,25,25,25,0)
1199:(34,2,3,26,24,24,0)
1200:(34,2,3,27,23,23,0)
1201:(34,2,3,28,22,22,0)
1202:(34,2,3,29,21,21,0)
1203:(34,2,3,30,20,20,0)
1204:(35,2,0,5,45,45,0)
1205:(35,2,0,6,44,44,0)
1206:(35,2,0,7,43,43,0)
1207:(35,2,0,8,42,42,0)
1208:(35,2,0,9,41,41,0)
1209:(35,2,0,10,40,40,0)
1210:(35,2,0,11,39,39,0)
1211:(35,2,0,12,38,38,0)
1212:(35,2,0,13,37,37,0)
1213:(35,2,0,14,36,36,0)
1214:(35,2,0,15,35,35,0)
1215:(35,2,0,16,34,34,0)
1216:(35,2,0,17,33,33,0)
1217:(35,2,0,18,32,32,0)
1218:(35,2,0,19,31,31,0)
1219:(35,2,0,20,30,30,0)
1220:(35,2,0,21,29,29,0)
1221:(35,2,0,22,28,28,0)
1222:(35,2,0,23,27,27,0)
1223:(35,2,0,24,26,26,0)
1224:(35,2,0,25,25,25,0)
1225:(35,2,0,26,24,24,0)
1226:(35,2,0,27,23,23,0)
1227:(35,2,0,28,22,22,0)
1228:(35,2,0,29,21,21,0)
1229:(35,2,0,30,20,20,0)
1230:(35,2,1,6,44,44,0)
1231:(35,2,1,7,43,43,0)
1232:(35,2,1,8,42,42,0)
1233:(35,2,1,9,41,41,0)
1234:(35,2,1,10,40,40,0)
1235:(35,2,1,11,39,39,0)
1236:(35,2,1,12,38,38,0)
1237:(35,2,1,13,37,37,0)
1238:(35,2,1,14,36,36,0)
1239:(35,2,1,15,35,35,0)
1240:(35,2,1,16,34,34,0)
1241:(35,2,1,17,33,33,0)
1242:(35,2,1,18,32,32,0)
1243:(35,2,1,19,31,31,0)
1244:(35,2,1,20,30,30,0)
1245:(35,2,1,21,29,29,0)
1246:(35,2,1,22,28,28,0)
1247:(35,2,1,23,27,27,0)
1248:(35,2,1,24,26,26,0)
1249:(35,2,1,25,25,25,0)
1250:(35,2,1,26,24,24,0)
1251:(35,2,1,27,23,23,0)
1252:(35,2,1,28,22,22,0)
1253:(35,2,1,29,21,21,0)
1254:(35,2,1,30,20,20,0)
1255:(35,2,1,31,19,19,0)
1256:(35,2,2,7,43,43,0)
1257:(35,2,2,8,42,42,0)
1258:(35,2,2,9,41,41,0)
1259:(35,2,2,10,40,40,0)
1260:(35,2,2,11,39,39,0)
1261:(35,2,2,12,38,38,0)
1262:(35,2,2,13,37,37,0)
1263:(35,2,2,14,36,36,0)
1264:(35,2,2,15,35,35,0)
1265:(35,2,2,16,34,34,0)
1266:(35,2,2,17,33,33,0)
1267:(35,2,2,18,32,32,0)
1268:(35,2,2,19,31,31,0)
1269:(35,2,2,20,30,30,0)
1270:(35,2,2,21,29,29,0)
1271:(35,2,2,22,28,28,0)
1272:(35,2,2,23,27,27,0)
1273:(35,2,2,24,26,26,0)
1274:(35,2,2,25,25,25,0)
1275:(35,2,2,26,24,24,0)
1276:(35,2,2,27,23,23,0)
1277:(35,2,2,28,22,22,0)
1278:(35,2,2,29,21,21,0)
1279:(35,2,2,30,20,20,0)
1280:(35,2,2,31,19,19,0)
1281:(35,2,3,8,42,42,0)
1282:(35,2,3,9,41,41,0)
1283:(35,2,3,10,40,40,0)
1284:(35,2,3,11,39,39,0)
1285:(35,2,3,12,38,38,0)
1286:(35,2,3,13,37,37,0)
1287:(35,2,3,14,36,36,0)
1288:(35,2,3,15,35,35,0)
1289:(35,2,3,16,34,34,0)
1290:(35,2,3,17,33,33,0)
1291:(35,2,3,18,32,32,0)
1292:(35,2,3,19,31,31,0)
1293:(35,2,3,20,30,30,0)
1294:(35,2,3,21,29,29,0)
1295:(35,2,3,22,28,28,0)
1296:(35,2,3,23,27,27,0)
1297:(35,2,3,24,26,26,0)
1298:(35,2,3,25,25,25,0)
1299:(35,2,3,26,24,24,0)
1300:(35,2,3,27,23,23,0)
1301:(35,2,3,28,22,22,0)
1302:(35,2,3,29,21,21,0)
1303:(35,2,3,30,20,20,0)
1304:(35,2,3,31,19,19,0)
1305:(36,2,0,6,44,44,0)
1306:(36,2,0,7,43,43,0)
1307:(36,2,0,8,42,42,0)
1308:(36,2,0,9,41,41,0)
1309:(36,2,0,10,40,40,0)
1310:(36,2,0,11,39,39,0)
1311:(36,2,0,12,38,38,0)
1312:(36,2,0,13,37,37,0)
1313:(36,2,0,14,36,36,0)
1314:(36,2,0,15,35,35,0)
1315:(36,2,0,16,34,34,0)
1316:(36,2,0,17,33,33,0)
1317:(36,2,0,18,32,32,0)
1318:(36,2,0,19,31,31,0)
1319:(36,2,0,20,30,30,0)
1320:(36,2,0,21,29,29,0)
1321:(36,2,0,22,28,28,0)
1322:(36,2,0,23,27,27,0)
1323:(36,2,0,24,26,26,0)
1324:(36,2,0,25,25,25,0)
1325:(36,2,0,26,24,24,0)
1326:(36,2,0,27,23,23,0)
1327:(36,2,0,28,22,22,0)
1328:(36,2,0,29,21,21,0)
1329:(36,2,0,30,20,20,0)
1330:(36,2,0,31,19,19,0)
1331:(36,2,0,32,18,18,0)
1332:(36,2,1,7,43,43,0)
1333:(36,2,1,8,42,42,0)
1334:(36,2,1,9,41,41,0)
1335:(36,2,1,10,40,40,0)
1336:(36,2,1,11,39,39,0)
1337:(36,2,1,12,38,38,0)
1338:(36,2,1,13,37,37,0)
1339:(36,2,1,14,36,36,0)
1340:(36,2,1,15,35,35,0)
1341:(36,2,1,16,34,34,0)
1342:(36,2,1,17,33,33,0)
1343:(36,2,1,18,32,32,0)
1344:(36,2,1,19,31,31,0)
1345:(36,2,1,20,30,30,0)
1346:(36,2,1,21,29,29,0)
1347:(36,2,1,22,28,28,0)
1348:(36,2,1,23,27,27,0)
1349:(36,2,1,24,26,26,0)
1350:(36,2,1,25,25,25,0)
1351:(36,2,1,26,24,24,0)
1352:(36,2,1,27,23,23,0)
1353:(36,2,1,28,22,22,0)
1354:(36,2,1,29,21,21,0)
1355:(36,2,1,30,20,20,0)
1356:(36,2,1,31,19,19,0)
1357:(36,2,1,32,18,18,0)
1358:(36,2,1,33,17,17,0)
1359:(36,2,2,8,42,42,0)
1360:(36,2,2,9,41,41,0)
1361:(36,2,2,10,40,40,0)
1362:(36,2,2,11,39,39,0)
1363:(36,2,2,12,38,38,0)
1364:(36,2,2,13,37,37,0)
1365:(36,2,2,14,36,36,0)
1366:(36,2,2,15,35,35,0)
1367:(36,2,2,16,34,34,0)
1368:(36,2,2,17,33,33,0)
1369:(36,2,2,18,32,32,0)
1370:(36,2,2,19,31,31,0)
1371:(36,2,2,20,30,30,0)
1372:(36,2,2,21,29,29,0)
1373:(36,2,2,22,28,28,0)
1374:(36,2,2,23,27,27,0)
1375:(36,2,2,24,26,26,0)
1376:(36,2,2,25,25,25,0)
1377:(36,2,2,26,24,24,0)
1378:(36,2,2,27,23,23,0)
1379:(36,2,2,28,22,22,0)
1380:(36,2,2,29,21,21,0)
1381:(36,2,2,30,20,20,0)
1382:(36,2,2,31,19,19,0)
1383:(36,2,2,32,18,18,0)
1384:(36,2,2,33,17,17,0)
1385:(36,2,3,10,40,40,0)
1386:(36,2,3,11,39,39,0)
1387:(36,2,3,12,38,38,0)
1388:(36,2,3,13,37,37,0)
1389:(36,2,3,14,36,36,0)
1390:(36,2,3,15,35,35,0)
1391:(36,2,3,16,34,34,0)
1392:(36,2,3,17,33,33,0)
1393:(36,2,3,18,32,32,0)
1394:(36,2,3,19,31,31,0)
1395:(36,2,3,20,30,30,0)
1396:(36,2,3,21,29,29,0)
1397:(36,2,3,22,28,28,0)
1398:(36,2,3,23,27,27,0)
1399:(36,2,3,24,26,26,0)
1400:(36,2,3,25,25,25,0)
1401:(36,2,3,26,24,24,0)
1402:(36,2,3,27,23,23,0)
1403:(36,2,3,28,22,22,0)
1404:(36,2,3,29,21,21,0)
1405:(36,2,3,30,20,20,0)
1406:(36,2,3,31,19,19,0)
1407:(36,2,3,32,18,18,0)
1408:(36,2,3,33,17,17,0)
1409:(37,2,0,7,43,43,0)
1410:(37,2,0,8,42,42,0)
1411:(37,2,0,9,41,41,0)
1412:(37,2,0,10,40,40,0)
1413:(37,2,0,11,39,39,0)
1414:(37,2,0,12,38,38,0)
1415:(37,2,0,13,37,37,0)
1416:(37,2,0,14,36,36,0)
1417:(37,2,0,15,35,35,0)
1418:(37,2,0,16,34,34,0)
1419:(37,2,0,17,33,33,0)
1420:(37,2,0,18,32,32,0)
1421:(37,2,0,19,31,31,0)
1422:(37,2,0,20,30,30,0)
1423:(37,2,0,21,29,29,0)
1424:(37,2,0,22,28,28,0)
1425:(37,2,0,23,27,27,0)
1426:(37,2,0,24,26,26,0)
1427:(37,2,0,25,25,25,0)
1428:(37,2,0,26,24,24,0)
1429:(37,2,0,27,23,23,0)
1430:(37,2,0,28,22,22,0)
1431:(37,2,0,29,21,21,0)
1432:(37,2,0,30,20,20,0)
1433:(37,2,0,31,19,19,0)
1434:(37,2,0,32,18,18,0)
1435:(37,2,0,33,17,17,0)
1436:(37,2,1,8,42,42,0)
1437:(37,2,1,9,41,41,0)
1438:(37,2,1,10,40,40,0)
1439:(37,2,1,11,39,39,0)
1440:(37,2,1,12,38,38,0)
1441:(37,2,1,13,37,37,0)
1442:(37,2,1,14,36,36,0)
1443:(37,2,1,15,35,35,0)
1444:(37,2,1,16,34,34,0)
1445:(37,2,1,17,33,33,0)
1446:(37,2,1,18,32,32,0)
1447:(37,2,1,19,31,31,0)
1448:(37,2,1,20,30,30,0)
1449:(37,2,1,21,29,29,0)
1450:(37,2,1,22,28,28,0)
1451:(37,2,1,23,27,27,0)
1452:(37,2,1,24,26,26,0)
1453:(37,2,1,25,25,25,0)
1454:(37,2,1,26,24,24,0)
1455:(37,2,1,27,23,23,0)
1456:(37,2,1,28,22,22,0)
1457:(37,2,1,29,21,21,0)
1458:(37,2,1,30,20,20,0)
1459:(37,2,1,31,19,19,0)
1460:(37,2,1,32,18,18,0)
1461:(37,2,1,33,17,17,0)
1462:(37,2,1,34,16,16,0)
1463:(37,2,2,10,40,40,0)
1464:(37,2,2,11,39,39,0)
1465:(37,2,2,12,38,38,0)
1466:(37,2,2,13,37,37,0)
1467:(37,2,2,14,36,36,0)
1468:(37,2,2,15,35,35,0)
1469:(37,2,2,16,34,34,0)
1470:(37,2,2,17,33,33,0)
1471:(37,2,2,18,32,32,0)
1472:(37,2,2,19,31,31,0)
1473:(37,2,2,20,30,30,0)
1474:(37,2,2,21,29,29,0)
1475:(37,2,2,22,28,28,0)
1476:(37,2,2,23,27,27,0)
1477:(37,2,2,24,26,26,0)
1478:(37,2,2,25,25,25,0)
1479:(37,2,2,26,24,24,0)
1480:(37,2,2,27,23,23,0)
1481:(37,2,2,28,22,22,0)
1482:(37,2,2,29,21,21,0)
1483:(37,2,2,30,20,20,0)
1484:(37,2,2,31,19,19,0)
1485:(37,2,2,32,18,18,0)
1486:(37,2,2,33,17,17,0)
1487:(37,2,2,34,16,16,0)
1488:(37,2,3,16,34,34,0)
1489:(37,2,3,17,33,33,0)
1490:(37,2,3,18,32,32,0)
1491:(37,2,3,19,31,31,0)
1492:(37,2,3,20,30,30,0)
1493:(37,2,3,21,29,29,0)
1494:(37,2,3,22,28,28,0)
1495:(37,2,3,23,27,27,0)
1496:(37,2,3,24,26,26,0)
1497:(37,2,3,25,25,25,0)
1498:(37,2,3,26,24,24,0)
1499:(37,2,3,27,23,23,0)
1500:(37,2,3,28,22,22,0)
1501:(37,2,3,29,21,21,0)
1502:(37,2,3,30,20,20,0)
1503:(37,2,3,31,19,19,0)
1504:(37,2,3,32,18,18,0)
1505:(37,2,3,33,17,17,0)
1506:(37,2,3,34,16,16,0)
1507:(38,2,0,9,41,41,0)
1508:(38,2,0,10,40,40,0)
1509:(38,2,0,11,39,39,0)
1510:(38,2,0,12,38,38,0)
1511:(38,2,0,13,37,37,0)
1512:(38,2,0,14,36,36,0)
1513:(38,2,0,15,35,35,0)
1514:(38,2,0,16,34,34,0)
1515:(38,2,0,17,33,33,0)
1516:(38,2,0,18,32,32,0)
1517:(38,2,0,19,31,31,0)
1518:(38,2,0,20,30,30,0)
1519:(38,2,0,21,29,29,0)
1520:(38,2,0,22,28,28,0)
1521:(38,2,0,23,27,27,0)
1522:(38,2,0,24,26,26,0)
1523:(38,2,0,25,25,25,0)
1524:(38,2,0,26,24,24,0)
1525:(38,2,0,27,23,23,0)
1526:(38,2,0,28,22,22,0)
1527:(38,2,0,29,21,21,0)
1528:(38,2,0,30,20,20,0)
1529:(38,2,0,31,19,19,0)
1530:(38,2,0,32,18,18,0)
1531:(38,2,0,33,17,17,0)
1532:(38,2,0,34,16,16,0)
1533:(38,2,0,35,15,15,0)
1534:(38,2,1,10,40,40,0)
1535:(38,2,1,11,39,39,0)
1536:(38,2,1,12,38,38,0)
1537:(38,2,1,13,37,37,0)
1538:(38,2,1,14,36,36,0)
1539:(38,2,1,15,35,35,0)
1540:(38,2,1,16,34,34,0)
1541:(38,2,1,17,33,33,0)
1542:(38,2,1,18,32,32,0)
1543:(38,2,1,19,31,31,0)
1544:(38,2,1,20,30,30,0)
1545:(38,2,1,21,29,29,0)
1546:(38,2,1,22,28,28,0)
1547:(38,2,1,23,27,27,0)
1548:(38,2,1,24,26,26,0)
1549:(38,2,1,25,25,25,0)
1550:(38,2,1,26,24,24,0)
1551:(38,2,1,27,23,23,0)
1552:(38,2,1,28,22,22,0)
1553:(38,2,1,29,21,21,0)
1554:(38,2,1,30,20,20,0)
1555:(38,2,1,31,19,19,0)
1556:(38,2,1,32,18,18,0)
1557:(38,2,1,33,17,17,0)
1558:(38,2,1,34,16,16,0)
1559:(38,2,1,35,15,15,0)
1560:(38,2,1,36,14,14,0)
1561:(38,2,2,16,34,34,0)
1562:(38,2,2,17,33,33,0)
1563:(38,2,2,18,32,32,0)
1564:(38,2,2,19,31,31,0)
1565:(38,2,2,20,30,30,0)
1566:(38,2,2,21,29,29,0)
1567:(38,2,2,22,28,28,0)
1568:(38,2,2,23,27,27,0)
1569:(38,2,2,24,26,26,0)
1570:(38,2,2,25,25,25,0)
1571:(38,2,2,26,24,24,0)
1572:(38,2,2,27,23,23,0)
1573:(38,2,2,28,22,22,0)
1574:(38,2,2,29,21,21,0)
1575:(38,2,2,30,20,20,0)
1576:(38,2,2,31,19,19,0)
1577:(38,2,2,32,18,18,0)
1578:(38,2,2,33,17,17,0)
1579:(38,2,2,34,16,16,0)
1580:(38,2,2,35,15,15,0)
1581:(38,2,2,36,14,14,0)
1582:(38,2,3,20,30,30,0)
1583:(38,2,3,21,29,29,0)
1584:(38,2,3,22,28,28,0)
1585:(38,2,3,23,27,27,0)
1586:(38,2,3,24,26,26,0)
1587:(38,2,3,25,25,25,0)
1588:(38,2,3,26,24,24,0)
1589:(38,2,3,27,23,23,0)
1590:(38,2,3,28,22,22,0)
1591:(38,2,3,29,21,21,0)
1592:(38,2,3,30,20,20,0)
1593:(38,2,3,31,19,19,0)
1594:(38,2,3,32,18,18,0)
1595:(38,2,3,33,17,17,0)
1596:(38,2,3,34,16,16,0)
1597:(38,2,3,35,15,15,0)
1598:(38,2,3,36,14,14,0)
1599:(39,2,0,15,35,35,0)
1600:(39,2,0,16,34,34,0)
1601:(39,2,0,17,33,33,0)
1602:(39,2,0,18,32,32,0)
1603:(39,2,0,19,31,31,0)
1604:(39,2,0,20,30,30,0)
1605:(39,2,0,21,29,29,0)
1606:(39,2,0,22,28,28,0)
1607:(39,2,0,23,27,27,0)
1608:(39,2,0,24,26,26,0)
1609:(39,2,0,25,25,25,0)
1610:(39,2,0,26,24,24,0)
1611:(39,2,0,27,23,23,0)
1612:(39,2,0,28,22,22,0)
1613:(39,2,0,29,21,21,0)
1614:(39,2,0,30,20,20,0)
1615:(39,2,0,31,19,19,0)
1616:(39,2,0,32,18,18,0)
1617:(39,2,0,33,17,17,0)
1618:(39,2,0,34,16,16,0)
1619:(39,2,0,35,15,15,0)
1620:(39,2,0,36,14,14,0)
1621:(39,2,1,16,34,34,0)
1622:(39,2,1,17,33,33,0)
1623:(39,2,1,18,32,32,0)
1624:(39,2,1,19,31,31,0)
1625:(39,2,1,20,30,30,0)
1626:(39,2,1,21,29,29,0)
1627:(39,2,1,22,28,28,0)
1628:(39,2,1,23,27,27,0)
1629:(39,2,1,24,26,26,0)
1630:(39,2,1,25,25,25,0)
1631:(39,2,1,26,24,24,0)
1632:(39,2,1,27,23,23,0)
1633:(39,2,1,28,22,22,0)
1634:(39,2,1,29,21,21,0)
1635:(39,2,1,30,20,20,0)
1636:(39,2,1,31,19,19,0)
1637:(39,2,1,32,18,18,0)
1638:(39,2,1,33,17,17,0)
1639:(39,2,1,34,16,16,0)
1640:(39,2,1,35,15,15,0)
1641:(39,2,1,36,14,14,0)
1642:(39,2,1,37,13,13,0)
1643:(39,2,2,20,30,30,0)
1644:(39,2,2,21,29,29,0)
1645:(39,2,2,22,28,28,0)
1646:(39,2,2,23,27,27,0)
1647:(39,2,2,24,26,26,0)
1648:(39,2,2,25,25,25,0)
1649:(39,2,2,26,24,24,0)
1650:(39,2,2,27,23,23,0)
1651:(39,2,2,28,22,22,0)
1652:(39,2,2,29,21,21,0)
1653:(39,2,2,30,20,20,0)
1654:(39,2,2,31,19,19,0)
1655:(39,2,2,32,18,18,0)
1656:(39,2,2,33,17,17,0)
1657:(39,2,2,34,16,16,0)
1658:(39,2,2,35,15,15,0)
1659:(39,2,2,36,14,14,0)
1660:(39,2,2,37,13,13,0)
1661:(39,2,3,22,28,28,0)
1662:(39,2,3,23,27,27,0)
1663:(39,2,3,24,26,26,0)
1664:(39,2,3,25,25,25,0)
1665:(39,2,3,26,24,24,0)
1666:(39,2,3,27,23,23,0)
1667:(39,2,3,28,22,22,0)
1668:(39,2,3,29,21,21,0)
1669:(39,2,3,30,20,20,0)
1670:(39,2,3,31,19,19,0)
1671:(39,2,3,32,18,18,0)
1672:(39,2,3,33,17,17,0)
1673:(39,2,3,34,16,16,0)
1674:(39,2,3,35,15,15,0)
1675:(39,2,3,36,14,14,0)
1676:(39,2,3,37,13,13,0)
1677:(40,2,0,19,31,31,0)
1678:(40,2,0,20,30,30,0)
1679:(40,2,0,21,29,29,0)
1680:(40,2,0,22,28,28,0)
1681:(40,2,0,23,27,27,0)
1682:(40,2,0,24,26,26,0)
1683:(40,2,0,25,25,25,0)
1684:(40,2,0,26,24,24,0)
1685:(40,2,0,27,23,23,0)
1686:(40,2,0,28,22,22,0)
1687:(40,2,0,29,21,21,0)
1688:(40,2,0,30,20,20,0)
1689:(40,2,0,31,19,19,0)
1690:(40,2,0,32,18,18,0)
1691:(40,2,0,33,17,17,0)
1692:(40,2,0,34,16,16,0)
1693:(40,2,0,35,15,15,0)
1694:(40,2,0,36,14,14,0)
1695:(40,2,0,37,13,13,0)
1696:(40,2,0,38,12,12,0)
1697:(40,2,1,20,30,30,0)
1698:(40,2,1,21,29,29,0)
1699:(40,2,1,22,28,28,0)
1700:(40,2,1,23,27,27,0)
1701:(40,2,1,24,26,26,0)
1702:(40,2,1,25,25,25,0)
1703:(40,2,1,26,24,24,0)
1704:(40,2,1,27,23,23,0)
1705:(40,2,1,28,22,22,0)
1706:(40,2,1,29,21,21,0)
1707:(40,2,1,30,20,20,0)
1708:(40,2,1,31,19,19,0)
1709:(40,2,1,32,18,18,0)
1710:(40,2,1,33,17,17,0)
1711:(40,2,1,34,16,16,0)
1712:(40,2,1,35,15,15,0)
1713:(40,2,1,36,14,14,0)
1714:(40,2,1,37,13,13,0)
1715:(40,2,1,38,12,12,0)
1716:(40,2,1,39,11,11,0)
1717:(40,2,2,22,28,28,0)
1718:(40,2,2,23,27,27,0)
1719:(40,2,2,24,26,26,0)
1720:(40,2,2,25,25,25,0)
1721:(40,2,2,26,24,24,0)
1722:(40,2,2,27,23,23,0)
1723:(40,2,2,28,22,22,0)
1724:(40,2,2,29,21,21,0)
1725:(40,2,2,30,20,20,0)
1726:(40,2,2,31,19,19,0)
1727:(40,2,2,32,18,18,0)
1728:(40,2,2,33,17,17,0)
1729:(40,2,2,34,16,16,0)
1730:(40,2,2,35,15,15,0)
1731:(40,2,2,36,14,14,0)
1732:(40,2,2,37,13,13,0)
1733:(40,2,2,38,12,12,0)
1734:(40,2,2,39,11,11,0)
1735:(40,2,3,24,26,26,0)
1736:(40,2,3,25,25,25,0)
1737:(40,2,3,26,24,24,0)
1738:(40,2,3,27,23,23,0)
1739:(40,2,3,28,22,22,0)
1740:(40,2,3,29,21,21,0)
1741:(40,2,3,30,20,20,0)
1742:(40,2,3,31,19,19,0)
1743:(40,2,3,32,18,18,0)
1744:(40,2,3,33,17,17,0)
1745:(40,2,3,34,16,16,0)
1746:(40,2,3,35,15,15,0)
1747:(40,2,3,36,14,14,0)
1748:(40,2,3,37,13,13,0)
1749:(40,2,3,38,12,12,0)
1750:(40,2,3,39,11,11,0)
1751:(41,2,0,21,29,29,0)
1752:(41,2,0,22,28,28,0)
1753:(41,2,0,23,27,27,0)
1754:(41,2,0,24,26,26,0)
1755:(41,2,0,25,25,25,0)
1756:(41,2,0,26,24,24,0)
1757:(41,2,0,27,23,23,0)
1758:(41,2,0,28,22,22,0)
1759:(41,2,0,29,21,21,0)
1760:(41,2,0,30,20,20,0)
1761:(41,2,0,31,19,19,0)
1762:(41,2,0,32,18,18,0)
1763:(41,2,0,33,17,17,0)
1764:(41,2,0,34,16,16,0)
1765:(41,2,0,35,15,15,0)
1766:(41,2,0,36,14,14,0)
1767:(41,2,0,37,13,13,0)
1768:(41,2,0,38,12,12,0)
1769:(41,2,0,39,11,11,0)
1770:(41,2,1,22,28,28,0)
1771:(41,2,1,23,27,27,0)
1772:(41,2,1,24,26,26,0)
1773:(41,2,1,25,25,25,0)
1774:(41,2,1,26,24,24,0)
1775:(41,2,1,27,23,23,0)
1776:(41,2,1,28,22,22,0)
1777:(41,2,1,29,21,21,0)
1778:(41,2,1,30,20,20,0)
1779:(41,2,1,31,19,19,0)
1780:(41,2,1,32,18,18,0)
1781:(41,2,1,33,17,17,0)
1782:(41,2,1,34,16,16,0)
1783:(41,2,1,35,15,15,0)
1784:(41,2,1,36,14,14,0)
1785:(41,2,1,37,13,13,0)
1786:(41,2,1,38,12,12,0)
1787:(41,2,1,39,11,11,0)
1788:(41,2,1,40,10,10,0)
1789:(41,2,2,24,26,26,0)
1790:(41,2,2,25,25,25,0)
1791:(41,2,2,26,24,24,0)
1792:(41,2,2,27,23,23,0)
1793:(41,2,2,28,22,22,0)
1794:(41,2,2,29,21,21,0)
1795:(41,2,2,30,20,20,0)
1796:(41,2,2,31,19,19,0)
1797:(41,2,2,32,18,18,0)
1798:(41,2,2,33,17,17,0)
1799:(41,2,2,34,16,16,0)
1800:(41,2,2,35,15,15,0)
1801:(41,2,2,36,14,14,0)
1802:(41,2,2,37,13,13,0)
1803:(41,2,2,38,12,12,0)
1804:(41,2,2,39,11,11,0)
1805:(41,2,2,40,10,10,0)
1806:(41,2,3,25,25,25,0)
1807:(41,2,3,26,24,24,0)
1808:(41,2,3,27,23,23,0)
1809:(41,2,3,28,22,22,0)
1810:(41,2,3,29,21,21,0)
1811:(41,2,3,30,20,20,0)
1812:(41,2,3,31,19,19,0)
1813:(41,2,3,32,18,18,0)
1814:(41,2,3,33,17,17,0)
1815:(41,2,3,34,16,16,0)
1816:(41,2,3,35,15,15,0)
1817:(41,2,3,36,14,14,0)
1818:(41,2,3,37,13,13,0)
1819:(41,2,3,38,12,12,0)
1820:(41,2,3,39,11,11,0)
1821:(41,2,3,40,10,10,0)
1822:(42,2,0,23,27,27,0)
1823:(42,2,0,24,26,26,0)
1824:(42,2,0,25,25,25,0)
1825:(42,2,0,26,24,24,0)
1826:(42,2,0,27,23,23,0)
1827:(42,2,0,28,22,22,0)
1828:(42,2,0,29,21,21,0)
1829:(42,2,0,30,20,20,0)
1830:(42,2,0,31,19,19,0)
1831:(42,2,0,32,18,18,0)
1832:(42,2,0,33,17,17,0)
1833:(42,2,0,34,16,16,0)
1834:(42,2,0,35,15,15,0)
1835:(42,2,0,36,14,14,0)
1836:(42,2,0,37,13,13,0)
1837:(42,2,0,38,12,12,0)
1838:(42,2,0,39,11,11,0)
1839:(42,2,0,40,10,10,0)
1840:(42,2,0,41,9,9,0)
1841:(42,2,0,42,8,8,0)
1842:(42,2,1,24,26,26,0)
1843:(42,2,1,25,25,25,0)
1844:(42,2,1,26,24,24,0)
1845:(42,2,1,27,23,23,0)
1846:(42,2,1,28,22,22,0)
1847:(42,2,1,29,21,21,0)
1848:(42,2,1,30,20,20,0)
1849:(42,2,1,31,19,19,0)
1850:(42,2,1,32,18,18,0)
1851:(42,2,1,33,17,17,0)
1852:(42,2,1,34,16,16,0)
1853:(42,2,1,35,15,15,0)
1854:(42,2,1,36,14,14,0)
1855:(42,2,1,37,13,13,0)
1856:(42,2,1,38,12,12,0)
1857:(42,2,1,39,11,11,0)
1858:(42,2,1,40,10,10,0)
1859:(42,2,1,41,9,9,0)
1860:(42,2,1,42,8,8,0)
1861:(42,2,1,43,7,7,0)
1862:(42,2,2,25,25,25,0)
1863:(42,2,2,26,24,24,0)
1864:(42,2,2,27,23,23,0)
1865:(42,2,2,28,22,22,0)
1866:(42,2,2,29,21,21,0)
1867:(42,2,2,30,20,20,0)
1868:(42,2,2,31,19,19,0)
1869:(42,2,2,32,18,18,0)
1870:(42,2,2,33,17,17,0)
1871:(42,2,2,34,16,16,0)
1872:(42,2,2,35,15,15,0)
1873:(42,2,2,36,14,14,0)
1874:(42,2,2,37,13,13,0)
1875:(42,2,2,38,12,12,0)
1876:(42,2,2,39,11,11,0)
1877:(42,2,2,40,10,10,0)
1878:(42,2,2,41,9,9,0)
1879:(42,2,2,42,8,8,0)
1880:(42,2,2,43,7,7,0)
1881:(42,2,3,26,24,24,0)
1882:(42,2,3,27,23,23,0)
1883:(42,2,3,28,22,22,0)
1884:(42,2,3,29,21,21,0)
1885:(42,2,3,30,20,20,0)
1886:(42,2,3,31,19,19,0)
1887:(42,2,3,32,18,18,0)
1888:(42,2,3,33,17,17,0)
1889:(42,2,3,34,16,16,0)
1890:(42,2,3,35,15,15,0)
1891:(42,2,3,36,14,14,0)
1892:(42,2,3,37,13,13,0)
1893:(42,2,3,38,12,12,0)
1894:(42,2,3,39,11,11,0)
1895:(42,2,3,40,10,10,0)
1896:(42,2,3,41,9,9,0)
1897:(42,2,3,42,8,8,0)
1898:(42,2,3,43,7,7,0)
1899:(43,2,0,24,26,26,0)
1900:(43,2,0,25,25,25,0)
1901:(43,2,0,26,24,24,0)
1902:(43,2,0,27,23,23,0)
1903:(43,2,0,28,22,22,0)
1904:(43,2,0,29,21,21,0)
1905:(43,2,0,30,20,20,0)
1906:(43,2,0,31,19,19,0)
1907:(43,2,0,32,18,18,0)
1908:(43,2,0,33,17,17,0)
1909:(43,2,0,34,16,16,0)
1910:(43,2,0,35,15,15,0)
1911:(43,2,0,36,14,14,0)
1912:(43,2,0,37,13,13,0)
1913:(43,2,0,38,12,12,0)
1914:(43,2,0,39,11,11,0)
1915:(43,2,0,40,10,10,0)
1916:(43,2,0,41,9,9,0)
1917:(43,2,0,42,8,8,0)
1918:(43,2,0,43,7,7,0)
1919:(43,2,1,25,25,25,0)
1920:(43,2,1,26,24,24,0)
1921:(43,2,1,27,23,23,0)
1922:(43,2,1,28,22,22,0)
1923:(43,2,1,29,21,21,0)
1924:(43,2,1,30,20,20,0)
1925:(43,2,1,31,19,19,0)
1926:(43,2,1,32,18,18,0)
1927:(43,2,1,33,17,17,0)
1928:(43,2,1,34,16,16,0)
1929:(43,2,1,35,15,15,0)
1930:(43,2,1,36,14,14,0)
1931:(43,2,1,37,13,13,0)
1932:(43,2,1,38,12,12,0)
1933:(43,2,1,39,11,11,0)
1934:(43,2,1,40,10,10,0)
1935:(43,2,1,41,9,9,0)
1936:(43,2,1,42,8,8,0)
1937:(43,2,1,43,7,7,0)
1938:(43,2,1,44,6,6,0)
1939:(43,2,2,26,24,24,0)
1940:(43,2,2,27,23,23,0)
1941:(43,2,2,28,22,22,0)
1942:(43,2,2,29,21,21,0)
1943:(43,2,2,30,20,20,0)
1944:(43,2,2,31,19,19,0)
1945:(43,2,2,32,18,18,0)
1946:(43,2,2,33,17,17,0)
1947:(43,2,2,34,16,16,0)
1948:(43,2,2,35,15,15,0)
1949:(43,2,2,36,14,14,0)
1950:(43,2,2,37,13,13,0)
1951:(43,2,2,38,12,12,0)
1952:(43,2,2,39,11,11,0)
1953:(43,2,2,40,10,10,0)
1954:(43,2,2,41,9,9,0)
1955:(43,2,2,42,8,8,0)
1956:(43,2,2,43,7,7,0)
1957:(43,2,2,44,6,6,0)
1958:(43,2,3,30,20,20,0)
1959:(43,2,3,31,19,19,0)
1960:(43,2,3,32,18,18,0)
1961:(43,2,3,33,17,17,0)
1962:(43,2,3,34,16,16,0)
1963:(43,2,3,35,15,15,0)
1964:(43,2,3,36,14,14,0)
1965:(43,2,3,37,13,13,0)
1966:(43,2,3,38,12,12,0)
1967:(43,2,3,39,11,11,0)
1968:(43,2,3,40,10,10,0)
1969:(43,2,3,41,9,9,0)
1970:(43,2,3,42,8,8,0)
1971:(43,2,3,43,7,7,0)
1972:(43,2,3,44,6,6,0)
1973:(44,2,0,25,25,25,0)
1974:(44,2,0,26,24,24,0)
1975:(44,2,0,27,23,23,0)
1976:(44,2,0,28,22,22,0)
1977:(44,2,0,29,21,21,0)
1978:(44,2,0,30,20,20,0)
1979:(44,2,0,31,19,19,0)
1980:(44,2,0,32,18,18,0)
1981:(44,2,0,33,17,17,0)
1982:(44,2,0,34,16,16,0)
1983:(44,2,0,35,15,15,0)
1984:(44,2,0,36,14,14,0)
1985:(44,2,0,37,13,13,0)
1986:(44,2,0,38,12,12,0)
1987:(44,2,0,39,11,11,0)
1988:(44,2,0,40,10,10,0)
1989:(44,2,0,41,9,9,0)
1990:(44,2,0,42,8,8,0)
1991:(44,2,0,43,7,7,0)
1992:(44,2,0,44,6,6,0)
1993:(44,2,0,45,5,5,0)
1994:(44,2,1,26,24,24,0)
1995:(44,2,1,27,23,23,0)
1996:(44,2,1,28,22,22,0)
1997:(44,2,1,29,21,21,0)
1998:(44,2,1,30,20,20,0)
1999:(44,2,1,31,19,19,0)
2000:(44,2,1,32,18,18,0)
2001:(44,2,1,33,17,17,0)
2002:(44,2,1,34,16,16,0)
2003:(44,2,1,35,15,15,0)
2004:(44,2,1,36,14,14,0)
2005:(44,2,1,37,13,13,0)
2006:(44,2,1,38,12,12,0)
2007:(44,2,1,39,11,11,0)
2008:(44,2,1,40,10,10,0)
2009:(44,2,1,41,9,9,0)
2010:(44,2,1,42,8,8,0)
2011:(44,2,1,43,7,7,0)
2012:(44,2,1,44,6,6,0)
2013:(44,2,1,45,5,5,0)
2014:(44,2,1,46,4,4,0)
2015:(44,2,2,30,20,20,0)
2016:(44,2,2,31,19,19,0)
2017:(44,2,2,32,18,18,0)
2018:(44,2,2,33,17,17,0)
2019:(44,2,2,34,16,16,0)
2020:(44,2,2,35,15,15,0)
2021:(44,2,2,36,14,14,0)
2022:(44,2,2,37,13,13,0)
2023:(44,2,2,38,12,12,0)
2024:(44,2,2,39,11,11,0)
2025:(44,2,2,40,10,10,0)
2026:(44,2,2,41,9,9,0)
2027:(44,2,2,42,8,8,0)
2028:(44,2,2,43,7,7,0)
2029:(44,2,2,44,6,6,0)
2030:(44,2,2,45,5,5,0)
2031:(44,2,2,46,4,4,0)
2032:(44,2,3,33,17,17,0)
2033:(44,2,3,34,16,16,0)
2034:(44,2,3,35,15,15,0)
2035:(44,2,3,36,14,14,0)
2036:(44,2,3,37,13,13,0)
2037:(44,2,3,38,12,12,0)
2038:(44,2,3,39,11,11,0)
2039:(44,2,3,40,10,10,0)
2040:(44,2,3,41,9,9,0)
2041:(44,2,3,42,8,8,0)
2042:(44,2,3,43,7,7,0)
2043:(44,2,3,44,6,6,0)
2044:(44,2,3,45,5,5,0)
2045:(44,2,3,46,4,4,0)
2046:(45,2,0,29,21,21,0)
2047:(45,2,0,30,20,20,0)
2048:(45,2,0,31,19,19,0)
2049:(45,2,0,32,18,18,0)
2050:(45,2,0,33,17,17,0)
2051:(45,2,0,34,16,16,0)
2052:(45,2,0,35,15,15,0)
2053:(45,2,0,36,14,14,0)
2054:(45,2,0,37,13,13,0)
2055:(45,2,0,38,12,12,0)
2056:(45,2,0,39,11,11,0)
2057:(45,2,0,40,10,10,0)
2058:(45,2,0,41,9,9,0)
2059:(45,2,0,42,8,8,0)
2060:(45,2,0,43,7,7,0)
2061:(45,2,0,44,6,6,0)
2062:(45,2,0,45,5,5,0)
2063:(45,2,0,46,4,4,0)
2064:(45,2,1,30,20,20,0)
2065:(45,2,1,31,19,19,0)
2066:(45,2,1,32,18,18,0)
2067:(45,2,1,33,17,17,0)
2068:(45,2,1,34,16,16,0)
2069:(45,2,1,35,15,15,0)
2070:(45,2,1,36,14,14,0)
2071:(45,2,1,37,13,13,0)
2072:(45,2,1,38,12,12,0)
2073:(45,2,1,39,11,11,0)
2074:(45,2,1,40,10,10,0)
2075:(45,2,1,41,9,9,0)
2076:(45,2,1,42,8,8,0)
2077:(45,2,1,43,7,7,0)
2078:(45,2,1,44,6,6,0)
2079:(45,2,1,45,5,5,0)
2080:(45,2,1,46,4,4,0)
2081:(45,2,1,47,3,3,0)
2082:(45,2,2,33,17,17,0)
2083:(45,2,2,34,16,16,0)
2084:(45,2,2,35,15,15,0)
2085:(45,2,2,36,14,14,0)
2086:(45,2,2,37,13,13,0)
2087:(45,2,2,38,12,12,0)
2088:(45,2,2,39,11,11,0)
2089:(45,2,2,40,10,10,0)
2090:(45,2,2,41,9,9,0)
2091:(45,2,2,42,8,8,0)
2092:(45,2,2,43,7,7,0)
2093:(45,2,2,44,6,6,0)
2094:(45,2,2,45,5,5,0)
2095:(45,2,2,46,4,4,0)
2096:(45,2,2,47,3,3,0)
2097:(45,2,2,48,2,2,0)
2098:(45,2,3,36,14,14,0)
2099:(45,2,3,37,13,13,0)
2100:(45,2,3,38,12,12,0)
2101:(45,2,3,39,11,11,0)
2102:(45,2,3,40,10,10,0)
2103:(45,2,3,41,9,9,0)
2104:(45,2,3,42,8,8,0)
2105:(45,2,3,43,7,7,0)
2106:(45,2,3,44,6,6,0)
2107:(45,2,3,45,5,5,0)
2108:(45,2,3,46,4,4,0)
2109:(45,2,3,47,3,3,0)
2110:(45,2,3,48,2,2,0)
2111:(46,2,0,32,18,18,0)
2112:(46,2,0,33,17,17,0)
2113:(46,2,0,34,16,16,0)
2114:(46,2,0,35,15,15,0)
2115:(46,2,0,36,14,14,0)
2116:(46,2,0,37,13,13,0)
2117:(46,2,0,38,12,12,0)
2118:(46,2,0,39,11,11,0)
2119:(46,2,0,40,10,10,0)
2120:(46,2,0,41,9,9,0)
2121:(46,2,0,42,8,8,0)
2122:(46,2,0,43,7,7,0)
2123:(46,2,0,44,6,6,0)
2124:(46,2,0,45,5,5,0)
2125:(46,2,0,46,4,4,0)
2126:(46,2,0,47,3,3,0)
2127:(46,2,1,33,17,17,0)
2128:(46,2,1,34,16,16,0)
2129:(46,2,1,35,15,15,0)
2130:(46,2,1,36,14,14,0)
2131:(46,2,1,37,13,13,0)
2132:(46,2,1,38,12,12,0)
2133:(46,2,1,39,11,11,0)
2134:(46,2,1,40,10,10,0)
2135:(46,2,1,41,9,9,0)
2136:(46,2,1,42,8,8,0)
2137:(46,2,1,43,7,7,0)
2138:(46,2,1,44,6,6,0)
2139:(46,2,1,45,5,5,0)
2140:(46,2,1,46,4,4,0)
2141:(46,2,1,47,3,3,0)
2142:(46,2,1,48,2,2,0)
2143:(46,2,2,36,14,14,0)
2144:(46,2,2,37,13,13,0)
2145:(46,2,2,38,12,12,0)
2146:(46,2,2,39,11,11,0)
2147:(46,2,2,40,10,10,0)
2148:(46,2,2,41,9,9,0)
2149:(46,2,2,42,8,8,0)
2150:(46,2,2,43,7,7,0)
2151:(46,2,2,44,6,6,0)
2152:(46,2,2,45,5,5,0)
2153:(46,2,2,46,4,4,0)
2154:(46,2,2,47,3,3,0)
2155:(46,2,2,48,2,2,0)
2156:(46,2,2,49,1,1,0)
2157:(46,2,3,39,11,11,0)
2158:(46,2,3,40,10,10,0)
2159:(46,2,3,41,9,9,0)
2160:(46,2,3,42,8,8,0)
2161:(46,2,3,43,7,7,0)
2162:(46,2,3,44,6,6,0)
2163:(46,2,3,45,5,5,0)
2164:(46,2,3,46,4,4,0)
2165:(46,2,3,47,3,3,0)
2166:(46,2,3,48,2,2,0)
2167:(46,2,3,49,1,1,0)
2168:(47,2,0,35,15,15,0)
2169:(47,2,0,36,14,14,0)
2170:(47,2,0,37,13,13,0)
2171:(47,2,0,38,12,12,0)
2172:(47,2,0,39,11,11,0)
2173:(47,2,0,40,10,10,0)
2174:(47,2,0,41,9,9,0)
2175:(47,2,0,42,8,8,0)
2176:(47,2,0,43,7,7,0)
2177:(47,2,0,44,6,6,0)
2178:(47,2,0,45,5,5,0)
2179:(47,2,0,46,4,4,0)
2180:(47,2,0,47,3,3,0)
2181:(47,2,0,48,2,2,0)
2182:(47,2,1,36,14,14,0)
2183:(47,2,1,37,13,13,0)
2184:(47,2,1,38,12,12,0)
2185:(47,2,1,39,11,11,0)
2186:(47,2,1,40,10,10,0)
2187:(47,2,1,41,9,9,0)
2188:(47,2,1,42,8,8,0)
2189:(47,2,1,43,7,7,0)
2190:(47,2,1,44,6,6,0)
2191:(47,2,1,45,5,5,0)
2192:(47,2,1,46,4,4,0)
2193:(47,2,1,47,3,3,0)
2194:(47,2,1,48,2,2,0)
2195:(47,2,1,49,1,1,0)
2196:(47,2,2,39,11,11,0)
2197:(47,2,2,40,10,10,0)
2198:(47,2,2,41,9,9,0)
2199:(47,2,2,42,8,8,0)
2200:(47,2,2,43,7,7,0)
2201:(47,2,2,44,6,6,0)
2202:(47,2,2,45,5,5,0)
2203:(47,2,2,46,4,4,0)
2204:(47,2,2,47,3,3,0)
2205:(47,2,2,48,2,2,0)
2206:(47,2,2,49,1,1,0)
2207:(47,2,2,50,0,0,0)
2208:(47,2,3,41,9,9,0)
2209:(47,2,3,42,8,8,0)
2210:(47,2,3,43,7,7,0)
2211:(47,2,3,44,6,6,0)
2212:(47,2,3,45,5,5,0)
2213:(47,2,3,46,4,4,0)
2214:(47,2,3,47,3,3,0)
2215:(47,2,3,48,2,2,0)
2216:(47,2,3,49,1,1,0)
2217:(47,2,3,50,0,0,0)
2218:(48,2,0,38,12,12,0)
2219:(48,2,0,39,11,11,0)
2220:(48,2,0,40,10,10,0)
2221:(48,2,0,41,9,9,0)
2222:(48,2,0,42,8,8,0)
2223:(48,2,0,43,7,7,0)
2224:(48,2,0,44,6,6,0)
2225:(48,2,0,45,5,5,0)
2226:(48,2,0,46,4,4,0)
2227:(48,2,0,47,3,3,0)
2228:(48,2,0,48,2,2,0)
2229:(48,2,0,49,1,1,0)
2230:(48,2,1,39,11,11,0)
2231:(48,2,1,40,10,10,0)
2232:(48,2,1,41,9,9,0)
2233:(48,2,1,42,8,8,0)
2234:(48,2,1,43,7,7,0)
2235:(48,2,1,44,6,6,0)
2236:(48,2,1,45,5,5,0)
2237:(48,2,1,46,4,4,0)
2238:(48,2,1,47,3,3,0)
2239:(48,2,1,48,2,2,0)
2240:(48,2,1,49,1,1,0)
2241:(48,2,1,50,0,0,0)
2242:(48,2,2,41,9,9,0)
2243:(48,2,2,42,8,8,0)
2244:(48,2,2,43,7,7,0)
2245:(48,2,2,44,6,6,0)
2246:(48,2,2,45,5,5,0)
2247:(48,2,2,46,4,4,0)
2248:(48,2,2,47,3,3,0)
2249:(48,2,2,48,2,2,0)
2250:(48,2,2,49,1,1,0)
2251:(48,2,2,50,0,0,0)
2252:(48,2,3,43,7,7,0)
2253:(48,2,3,44,6,6,0)
2254:(48,2,3,45,5,5,0)
2255:(48,2,3,46,4,4,0)
2256:(48,2,3,47,3,3,0)
2257:(48,2,3,48,2,2,0)
2258:(48,2,3,49,1,1,0)
2259:(48,2,3,50,0,0,0)
2260:(49,2,0,40,10,10,0)
2261:(49,2,0,41,9,9,0)
2262:(49,2,0,42,8,8,0)
2263:(49,2,0,43,7,7,0)
2264:(49,2,0,44,6,6,0)
2265:(49,2,0,45,5,5,0)
2266:(49,2,0,46,4,4,0)
2267:(49,2,0,47,3,3,0)
2268:(49,2,0,48,2,2,0)
2269:(49,2,0,49,1,1,0)
2270:(49,2,0,50,0,0,0)
2271:(49,2,1,41,9,9,0)
2272:(49,2,1,42,8,8,0)
2273:(49,2,1,43,7,7,0)
2274:(49,2,1,44,6,6,0)
2275:(49,2,1,45,5,5,0)
2276:(49,2,1,46,4,4,0)
2277:(49,2,1,47,3,3,0)
2278:(49,2,1,48,2,2,0)
2279:(49,2,1,49,1,1,0)
2280:(49,2,1,50,0,0,0)
2281:(49,2,2,43,7,7,0)
2282:(49,2,2,44,6,6,0)
2283:(49,2,2,45,5,5,0)
2284:(49,2,2,46,4,4,0)
2285:(49,2,2,47,3,3,0)
2286:(49,2,2,48,2,2,0)
2287:(49,2,2,49,1,1,0)
2288:(49,2,2,50,0,0,0)
2289:(49,2,3,44,6,6,0)
2290:(49,2,3,45,5,5,0)
2291:(49,2,3,46,4,4,0)
2292:(49,2,3,47,3,3,0)
2293:(49,2,3,48,2,2,0)
2294:(49,2,3,49,1,1,0)
2295:(49,2,3,50,0,0,0)
2296:(50,2,0,42,8,8,0)
2297:(50,2,0,43,7,7,0)
2298:(50,2,0,44,6,6,0)
2299:(50,2,0,45,5,5,0)
2300:(50,2,0,46,4,4,0)
2301:(50,2,0,47,3,3,0)
2302:(50,2,0,48,2,2,0)
2303:(50,2,0,49,1,1,0)
2304:(50,2,0,50,0,0,0)
2305:(50,2,1,43,7,7,0)
2306:(50,2,1,44,6,6,0)
2307:(50,2,1,45,5,5,0)
2308:(50,2,1,46,4,4,0)
2309:(50,2,1,47,3,3,0)
2310:(50,2,1,48,2,2,0)
2311:(50,2,1,49,1,1,0)
2312:(50,2,1,50,0,0,0)
2313:(50,2,2,44,6,6,0)
2314:(50,2,2,45,5,5,0)
2315:(50,2,2,46,4,4,0)
2316:(50,2,2,47,3,3,0)
2317:(50,2,2,48,2,2,0)
2318:(50,2,2,49,1,1,0)
2319:(50,2,2,50,0,0,0)
2320:(50,2,3,48,2,2,0)
2321:(50,2,3,49,1,1,0)
2322:(50,2,3,50,0,0,0)
2323:(51,2,0,43,7,7,0)
2324:(51,2,0,44,6,6,0)
2325:(51,2,0,45,5,5,0)
2326:(51,2,0,46,4,4,0)
2327:(51,2,0,47,3,3,0)
2328:(51,2,0,48,2,2,0)
2329:(51,2,0,49,1,1,0)
2330:(51,2,0,50,0,0,0)
2331:(51,2,1,44,6,6,0)
2332:(51,2,1,45,5,5,0)
2333:(51,2,1,46,4,4,0)
2334:(51,2,1,47,3,3,0)
2335:(51,2,1,48,2,2,0)
2336:(51,2,1,49,1,1,0)
2337:(51,2,1,50,0,0,0)
2338:(51,2,2,48,2,2,0)
2339:(51,2,2,49,1,1,0)
2340:(51,2,2,50,0,0,0)
