(r,l,rl,g,ga,gbg,gd)
0:(-1,-1,-1,-1,-1,-1,-1)
1:(23,2,0,0,50,50,0)
2:(23,2,0,1,49,49,0)
3:(23,2,0,2,48,48,0)
4:(23,2,1,0,50,50,0)
5:(23,2,1,1,49,49,0)
6:(23,2,1,2,48,48,0)
7:(23,2,1,3,47,47,0)
8:(23,2,2,0,50,50,0)
9:(23,2,2,1,49,49,0)
10:(23,2,2,2,48,48,0)
11:(23,2,2,3,47,47,0)
12:(23,2,3,1,49,49,0)
13:(23,2,3,2,48,48,0)
14:(23,2,3,3,47,47,0)
15:(24,2,0,0,50,50,0)
16:(24,2,0,1,49,49,0)
17:(24,2,0,2,48,48,0)
18:(24,2,0,3,47,47,0)
19:(24,2,1,0,50,50,0)
20:(24,2,1,1,49,49,0)
21:(24,2,1,2,48,48,0)
22:(24,2,1,3,47,47,0)
23:(24,2,1,4,46,46,0)
24:(24,2,2,0,50,50,0)
25:(24,2,2,1,49,49,0)
26:(24,2,2,2,48,48,0)
27:(24,2,2,3,47,47,0)
28:(24,2,2,4,46,46,0)
29:(24,2,3,1,49,49,0)
30:(24,2,3,2,48,48,0)
31:(24,2,3,3,47,47,0)
32:(24,2,3,4,46,46,0)
33:(25,2,0,0,50,50,0)
34:(25,2,0,1,49,49,0)
35:(25,2,0,2,48,48,0)
36:(25,2,0,3,47,47,0)
37:(25,2,0,4,46,46,0)
38:(25,2,0,5,45,45,0)
39:(25,2,0,6,44,44,0)
40:(25,2,0,7,43,43,0)
41:(25,2,0,8,42,42,0)
42:(25,2,0,9,41,41,0)
43:(25,2,0,10,40,40,0)
44:(25,2,1,0,50,50,0)
45:(25,2,1,1,49,49,0)
46:(25,2,1,2,48,48,0)
47:(25,2,1,3,47,47,0)
48:(25,2,1,4,46,46,0)
49:(25,2,1,5,45,45,0)
50:(25,2,1,6,44,44,0)
51:(25,2,1,7,43,43,0)
52:(25,2,1,8,42,42,0)
53:(25,2,1,9,41,41,0)
54:(25,2,1,10,40,40,0)
55:(25,2,1,11,39,39,0)
56:(25,2,2,0,50,50,0)
57:(25,2,2,1,49,49,0)
58:(25,2,2,2,48,48,0)
59:(25,2,2,3,47,47,0)
60:(25,2,2,4,46,46,0)
61:(25,2,2,5,45,45,0)
62:(25,2,2,6,44,44,0)
63:(25,2,2,7,43,43,0)
64:(25,2,2,8,42,42,0)
65:(25,2,2,9,41,41,0)
66:(25,2,2,10,40,40,0)
67:(25,2,2,11,39,39,0)
68:(25,2,3,1,49,49,0)
69:(25,2,3,2,48,48,0)
70:(25,2,3,3,47,47,0)
71:(25,2,3,4,46,46,0)
72:(25,2,3,5,45,45,0)
73:(25,2,3,6,44,44,0)
74:(25,2,3,7,43,43,0)
75:(25,2,3,8,42,42,0)
76:(25,2,3,9,41,41,0)
77:(25,2,3,10,40,40,0)
78:(25,2,3,11,39,39,0)
79:(26,2,0,0,50,50,0)
80:(26,2,0,1,49,49,0)
81:(26,2,0,2,48,48,0)
82:(26,2,0,3,47,47,0)
83:(26,2,0,4,46,46,0)
84:(26,2,0,5,45,45,0)
85:(26,2,0,6,44,44,0)
86:(26,2,0,7,43,43,0)
87:(26,2,0,8,42,42,0)
88:(26,2,0,9,41,41,0)
89:(26,2,0,10,40,40,0)
90:(26,2,0,11,39,39,0)
91:(26,2,1,0,50,50,0)
92:(26,2,1,1,49,49,0)
93:(26,2,1,2,48,48,0)
94:(26,2,1,3,47,47,0)
95:(26,2,1,4,46,46,0)
96:(26,2,1,5,45,45,0)
97:(26,2,1,6,44,44,0)
98:(26,2,1,7,43,43,0)
99:(26,2,1,8,42,42,0)
100:(26,2,1,9,41,41,0)
101:(26,2,1,10,40,40,0)
102:(26,2,1,11,39,39,0)
103:(26,2,1,12,38,38,0)
104:(26,2,2,1,49,49,0)
105:(26,2,2,2,48,48,0)
106:(26,2,2,3,47,47,0)
107:(26,2,2,4,46,46,0)
108:(26,2,2,5,45,45,0)
109:(26,2,2,6,44,44,0)
110:(26,2,2,7,43,43,0)
111:(26,2,2,8,42,42,0)
112:(26,2,2,9,41,41,0)
113:(26,2,2,10,40,40,0)
114:(26,2,2,11,39,39,0)
115:(26,2,2,12,38,38,0)
116:(26,2,3,4,46,46,0)
117:(26,2,3,5,45,45,0)
118:(26,2,3,6,44,44,0)
119:(26,2,3,7,43,43,0)
120:(26,2,3,8,42,42,0)
121:(26,2,3,9,41,41,0)
122:(26,2,3,10,40,40,0)
123:(26,2,3,11,39,39,0)
124:(26,2,3,12,38,38,0)
125:(27,2,0,0,50,50,0)
126:(27,2,0,1,49,49,0)
127:(27,2,0,2,48,48,0)
128:(27,2,0,3,47,47,0)
129:(27,2,0,4,46,46,0)
130:(27,2,0,5,45,45,0)
131:(27,2,0,6,44,44,0)
132:(27,2,0,7,43,43,0)
133:(27,2,0,8,42,42,0)
134:(27,2,0,9,41,41,0)
135:(27,2,0,10,40,40,0)
136:(27,2,0,11,39,39,0)
137:(27,2,0,12,38,38,0)
138:(27,2,1,1,49,49,0)
139:(27,2,1,2,48,48,0)
140:(27,2,1,3,47,47,0)
141:(27,2,1,4,46,46,0)
142:(27,2,1,5,45,45,0)
143:(27,2,1,6,44,44,0)
144:(27,2,1,7,43,43,0)
145:(27,2,1,8,42,42,0)
146:(27,2,1,9,41,41,0)
147:(27,2,1,10,40,40,0)
148:(27,2,1,11,39,39,0)
149:(27,2,1,12,38,38,0)
150:(27,2,1,13,37,37,0)
151:(27,2,2,4,46,46,0)
152:(27,2,2,5,45,45,0)
153:(27,2,2,6,44,44,0)
154:(27,2,2,7,43,43,0)
155:(27,2,2,8,42,42,0)
156:(27,2,2,9,41,41,0)
157:(27,2,2,10,40,40,0)
158:(27,2,2,11,39,39,0)
159:(27,2,2,12,38,38,0)
160:(27,2,2,13,37,37,0)
161:(27,2,3,5,45,45,0)
162:(27,2,3,6,44,44,0)
163:(27,2,3,7,43,43,0)
164:(27,2,3,8,42,42,0)
165:(27,2,3,9,41,41,0)
166:(27,2,3,10,40,40,0)
167:(27,2,3,11,39,39,0)
168:(27,2,3,12,38,38,0)
169:(27,2,3,13,37,37,0)
170:(28,2,0,3,47,47,0)
171:(28,2,0,4,46,46,0)
172:(28,2,0,5,45,45,0)
173:(28,2,0,6,44,44,0)
174:(28,2,0,7,43,43,0)
175:(28,2,0,8,42,42,0)
176:(28,2,0,9,41,41,0)
177:(28,2,0,10,40,40,0)
178:(28,2,0,11,39,39,0)
179:(28,2,0,12,38,38,0)
180:(28,2,0,13,37,37,0)
181:(28,2,0,14,36,36,0)
182:(28,2,1,4,46,46,0)
183:(28,2,1,5,45,45,0)
184:(28,2,1,6,44,44,0)
185:(28,2,1,7,43,43,0)
186:(28,2,1,8,42,42,0)
187:(28,2,1,9,41,41,0)
188:(28,2,1,10,40,40,0)
189:(28,2,1,11,39,39,0)
190:(28,2,1,12,38,38,0)
191:(28,2,1,13,37,37,0)
192:(28,2,1,14,36,36,0)
193:(28,2,1,15,35,35,0)
194:(28,2,2,5,45,45,0)
195:(28,2,2,6,44,44,0)
196:(28,2,2,7,43,43,0)
197:(28,2,2,8,42,42,0)
198:(28,2,2,9,41,41,0)
199:(28,2,2,10,40,40,0)
200:(28,2,2,11,39,39,0)
201:(28,2,2,12,38,38,0)
202:(28,2,2,13,37,37,0)
203:(28,2,2,14,36,36,0)
204:(28,2,2,15,35,35,0)
205:(28,2,3,12,38,38,0)
206:(28,2,3,13,37,37,0)
207:(28,2,3,14,36,36,0)
208:(28,2,3,15,35,35,0)
209:(29,2,0,4,46,46,0)
210:(29,2,0,5,45,45,0)
211:(29,2,0,6,44,44,0)
212:(29,2,0,7,43,43,0)
213:(29,2,0,8,42,42,0)
214:(29,2,0,9,41,41,0)
215:(29,2,0,10,40,40,0)
216:(29,2,0,11,39,39,0)
217:(29,2,0,12,38,38,0)
218:(29,2,0,13,37,37,0)
219:(29,2,0,14,36,36,0)
220:(29,2,0,15,35,35,0)
221:(29,2,0,16,34,34,0)
222:(29,2,0,17,33,33,0)
223:(29,2,1,5,45,45,0)
224:(29,2,1,6,44,44,0)
225:(29,2,1,7,43,43,0)
226:(29,2,1,8,42,42,0)
227:(29,2,1,9,41,41,0)
228:(29,2,1,10,40,40,0)
229:(29,2,1,11,39,39,0)
230:(29,2,1,12,38,38,0)
231:(29,2,1,13,37,37,0)
232:(29,2,1,14,36,36,0)
233:(29,2,1,15,35,35,0)
234:(29,2,1,16,34,34,0)
235:(29,2,1,17,33,33,0)
236:(29,2,1,18,32,32,0)
237:(29,2,2,12,38,38,0)
238:(29,2,2,13,37,37,0)
239:(29,2,2,14,36,36,0)
240:(29,2,2,15,35,35,0)
241:(29,2,2,16,34,34,0)
242:(29,2,2,17,33,33,0)
243:(29,2,2,18,32,32,0)
244:(29,2,3,13,37,37,0)
245:(29,2,3,14,36,36,0)
246:(29,2,3,15,35,35,0)
247:(29,2,3,16,34,34,0)
248:(29,2,3,17,33,33,0)
249:(29,2,3,18,32,32,0)
250:(30,2,0,11,39,39,0)
251:(30,2,0,12,38,38,0)
252:(30,2,0,13,37,37,0)
253:(30,2,0,14,36,36,0)
254:(30,2,0,15,35,35,0)
255:(30,2,0,16,34,34,0)
256:(30,2,0,17,33,33,0)
257:(30,2,0,18,32,32,0)
258:(30,2,0,19,31,31,0)
259:(30,2,0,20,30,30,0)
260:(30,2,1,12,38,38,0)
261:(30,2,1,13,37,37,0)
262:(30,2,1,14,36,36,0)
263:(30,2,1,15,35,35,0)
264:(30,2,1,16,34,34,0)
265:(30,2,1,17,33,33,0)
266:(30,2,1,18,32,32,0)
267:(30,2,1,19,31,31,0)
268:(30,2,1,20,30,30,0)
269:(30,2,1,21,29,29,0)
270:(30,2,2,13,37,37,0)
271:(30,2,2,14,36,36,0)
272:(30,2,2,15,35,35,0)
273:(30,2,2,16,34,34,0)
274:(30,2,2,17,33,33,0)
275:(30,2,2,18,32,32,0)
276:(30,2,2,19,31,31,0)
277:(30,2,2,20,30,30,0)
278:(30,2,2,21,29,29,0)
279:(30,2,3,14,36,36,0)
280:(30,2,3,15,35,35,0)
281:(30,2,3,16,34,34,0)
282:(30,2,3,17,33,33,0)
283:(30,2,3,18,32,32,0)
284:(30,2,3,19,31,31,0)
285:(30,2,3,20,30,30,0)
286:(30,2,3,21,29,29,0)
287:(31,2,0,12,38,38,0)
288:(31,2,0,13,37,37,0)
289:(31,2,0,14,36,36,0)
290:(31,2,0,15,35,35,0)
291:(31,2,0,16,34,34,0)
292:(31,2,0,17,33,33,0)
293:(31,2,0,18,32,32,0)
294:(31,2,0,19,31,31,0)
295:(31,2,0,20,30,30,0)
296:(31,2,0,21,29,29,0)
297:(31,2,0,22,28,28,0)
298:(31,2,1,13,37,37,0)
299:(31,2,1,14,36,36,0)
300:(31,2,1,15,35,35,0)
301:(31,2,1,16,34,34,0)
302:(31,2,1,17,33,33,0)
303:(31,2,1,18,32,32,0)
304:(31,2,1,19,31,31,0)
305:(31,2,1,20,30,30,0)
306:(31,2,1,21,29,29,0)
307:(31,2,1,22,28,28,0)
308:(31,2,1,23,27,27,0)
309:(31,2,2,14,36,36,0)
310:(31,2,2,15,35,35,0)
311:(31,2,2,16,34,34,0)
312:(31,2,2,17,33,33,0)
313:(31,2,2,18,32,32,0)
314:(31,2,2,19,31,31,0)
315:(31,2,2,20,30,30,0)
316:(31,2,2,21,29,29,0)
317:(31,2,2,22,28,28,0)
318:(31,2,2,23,27,27,0)
319:(31,2,3,16,34,34,0)
320:(31,2,3,17,33,33,0)
321:(31,2,3,18,32,32,0)
322:(31,2,3,19,31,31,0)
323:(31,2,3,20,30,30,0)
324:(31,2,3,21,29,29,0)
325:(31,2,3,22,28,28,0)
326:(31,2,3,23,27,27,0)
327:(32,2,0,13,37,37,0)
328:(32,2,0,14,36,36,0)
329:(32,2,0,15,35,35,0)
330:(32,2,0,16,34,34,0)
331:(32,2,0,17,33,33,0)
332:(32,2,0,18,32,32,0)
333:(32,2,0,19,31,31,0)
334:(32,2,0,20,30,30,0)
335:(32,2,0,21,29,29,0)
336:(32,2,0,22,28,28,0)
337:(32,2,0,23,27,27,0)
338:(32,2,1,14,36,36,0)
339:(32,2,1,15,35,35,0)
340:(32,2,1,16,34,34,0)
341:(32,2,1,17,33,33,0)
342:(32,2,1,18,32,32,0)
343:(32,2,1,19,31,31,0)
344:(32,2,1,20,30,30,0)
345:(32,2,1,21,29,29,0)
346:(32,2,1,22,28,28,0)
347:(32,2,1,23,27,27,0)
348:(32,2,1,24,26,26,0)
349:(32,2,2,16,34,34,0)
350:(32,2,2,17,33,33,0)
351:(32,2,2,18,32,32,0)
352:(32,2,2,19,31,31,0)
353:(32,2,2,20,30,30,0)
354:(32,2,2,21,29,29,0)
355:(32,2,2,22,28,28,0)
356:(32,2,2,23,27,27,0)
357:(32,2,2,24,26,26,0)
358:(32,2,3,19,31,31,0)
359:(32,2,3,20,30,30,0)
360:(32,2,3,21,29,29,0)
361:(32,2,3,22,28,28,0)
362:(32,2,3,23,27,27,0)
363:(32,2,3,24,26,26,0)
364:(33,2,0,15,35,35,0)
365:(33,2,0,16,34,34,0)
366:(33,2,0,17,33,33,0)
367:(33,2,0,18,32,32,0)
368:(33,2,0,19,31,31,0)
369:(33,2,0,20,30,30,0)
370:(33,2,0,21,29,29,0)
371:(33,2,0,22,28,28,0)
372:(33,2,0,23,27,27,0)
373:(33,2,0,24,26,26,0)
374:(33,2,1,16,34,34,0)
375:(33,2,1,17,33,33,0)
376:(33,2,1,18,32,32,0)
377:(33,2,1,19,31,31,0)
378:(33,2,1,20,30,30,0)
379:(33,2,1,21,29,29,0)
380:(33,2,1,22,28,28,0)
381:(33,2,1,23,27,27,0)
382:(33,2,1,24,26,26,0)
383:(33,2,1,25,25,25,0)
384:(33,2,2,19,31,31,0)
385:(33,2,2,20,30,30,0)
386:(33,2,2,21,29,29,0)
387:(33,2,2,22,28,28,0)
388:(33,2,2,23,27,27,0)
389:(33,2,2,24,26,26,0)
390:(33,2,2,25,25,25,0)
391:(33,2,3,22,28,28,0)
392:(33,2,3,23,27,27,0)
393:(33,2,3,24,26,26,0)
394:(33,2,3,25,25,25,0)
395:(34,2,0,18,32,32,0)
396:(34,2,0,19,31,31,0)
397:(34,2,0,20,30,30,0)
398:(34,2,0,21,29,29,0)
399:(34,2,0,22,28,28,0)
400:(34,2,0,23,27,27,0)
401:(34,2,0,24,26,26,0)
402:(34,2,0,25,25,25,0)
403:(34,2,0,26,24,24,0)
404:(34,2,0,27,23,23,0)
405:(34,2,1,19,31,31,0)
406:(34,2,1,20,30,30,0)
407:(34,2,1,21,29,29,0)
408:(34,2,1,22,28,28,0)
409:(34,2,1,23,27,27,0)
410:(34,2,1,24,26,26,0)
411:(34,2,1,25,25,25,0)
412:(34,2,1,26,24,24,0)
413:(34,2,1,27,23,23,0)
414:(34,2,1,28,22,22,0)
415:(34,2,2,22,28,28,0)
416:(34,2,2,23,27,27,0)
417:(34,2,2,24,26,26,0)
418:(34,2,2,25,25,25,0)
419:(34,2,2,26,24,24,0)
420:(34,2,2,27,23,23,0)
421:(34,2,2,28,22,22,0)
422:(34,2,3,24,26,26,0)
423:(34,2,3,25,25,25,0)
424:(34,2,3,26,24,24,0)
425:(34,2,3,27,23,23,0)
426:(34,2,3,28,22,22,0)
427:(35,2,0,21,29,29,0)
428:(35,2,0,22,28,28,0)
429:(35,2,0,23,27,27,0)
430:(35,2,0,24,26,26,0)
431:(35,2,0,25,25,25,0)
432:(35,2,0,26,24,24,0)
433:(35,2,0,27,23,23,0)
434:(35,2,0,28,22,22,0)
435:(35,2,1,22,28,28,0)
436:(35,2,1,23,27,27,0)
437:(35,2,1,24,26,26,0)
438:(35,2,1,25,25,25,0)
439:(35,2,1,26,24,24,0)
440:(35,2,1,27,23,23,0)
441:(35,2,1,28,22,22,0)
442:(35,2,1,29,21,21,0)
443:(35,2,2,24,26,26,0)
444:(35,2,2,25,25,25,0)
445:(35,2,2,26,24,24,0)
446:(35,2,2,27,23,23,0)
447:(35,2,2,28,22,22,0)
448:(35,2,2,29,21,21,0)
449:(35,2,3,25,25,25,0)
450:(35,2,3,26,24,24,0)
451:(35,2,3,27,23,23,0)
452:(35,2,3,28,22,22,0)
453:(35,2,3,29,21,21,0)
454:(36,2,0,23,27,27,0)
455:(36,2,0,24,26,26,0)
456:(36,2,0,25,25,25,0)
457:(36,2,0,26,24,24,0)
458:(36,2,0,27,23,23,0)
459:(36,2,0,28,22,22,0)
460:(36,2,0,29,21,21,0)
461:(36,2,1,24,26,26,0)
462:(36,2,1,25,25,25,0)
463:(36,2,1,26,24,24,0)
464:(36,2,1,27,23,23,0)
465:(36,2,1,28,22,22,0)
466:(36,2,1,29,21,21,0)
467:(36,2,1,30,20,20,0)
468:(36,2,2,25,25,25,0)
469:(36,2,2,26,24,24,0)
470:(36,2,2,27,23,23,0)
471:(36,2,2,28,22,22,0)
472:(36,2,2,29,21,21,0)
473:(36,2,2,30,20,20,0)
474:(36,2,3,26,24,24,0)
475:(36,2,3,27,23,23,0)
476:(36,2,3,28,22,22,0)
477:(36,2,3,29,21,21,0)
478:(36,2,3,30,20,20,0)
479:(37,2,0,24,26,26,0)
480:(37,2,0,25,25,25,0)
481:(37,2,0,26,24,24,0)
482:(37,2,0,27,23,23,0)
483:(37,2,0,28,22,22,0)
484:(37,2,0,29,21,21,0)
485:(37,2,0,30,20,20,0)
486:(37,2,1,25,25,25,0)
487:(37,2,1,26,24,24,0)
488:(37,2,1,27,23,23,0)
489:(37,2,1,28,22,22,0)
490:(37,2,1,29,21,21,0)
491:(37,2,1,30,20,20,0)
492:(37,2,1,31,19,19,0)
493:(37,2,2,26,24,24,0)
494:(37,2,2,27,23,23,0)
495:(37,2,2,28,22,22,0)
496:(37,2,2,29,21,21,0)
497:(37,2,2,30,20,20,0)
498:(37,2,2,31,19,19,0)
499:(37,2,3,29,21,21,0)
500:(37,2,3,30,20,20,0)
501:(37,2,3,31,19,19,0)
502:(38,2,0,25,25,25,0)
503:(38,2,0,26,24,24,0)
504:(38,2,0,27,23,23,0)
505:(38,2,0,28,22,22,0)
506:(38,2,0,29,21,21,0)
507:(38,2,0,30,20,20,0)
508:(38,2,0,31,19,19,0)
509:(38,2,1,26,24,24,0)
510:(38,2,1,27,23,23,0)
511:(38,2,1,28,22,22,0)
512:(38,2,1,29,21,21,0)
513:(38,2,1,30,20,20,0)
514:(38,2,1,31,19,19,0)
515:(38,2,1,32,18,18,0)
516:(38,2,2,29,21,21,0)
517:(38,2,2,30,20,20,0)
518:(38,2,2,31,19,19,0)
519:(38,2,2,32,18,18,0)
520:(38,2,3,30,20,20,0)
521:(38,2,3,31,19,19,0)
522:(38,2,3,32,18,18,0)
523:(39,2,0,28,22,22,0)
524:(39,2,0,29,21,21,0)
525:(39,2,0,30,20,20,0)
526:(39,2,0,31,19,19,0)
527:(39,2,0,32,18,18,0)
528:(39,2,1,29,21,21,0)
529:(39,2,1,30,20,20,0)
530:(39,2,1,31,19,19,0)
531:(39,2,1,32,18,18,0)
532:(39,2,1,33,17,17,0)
533:(39,2,2,30,20,20,0)
534:(39,2,2,31,19,19,0)
535:(39,2,2,32,18,18,0)
536:(39,2,2,33,17,17,0)
537:(39,2,3,31,19,19,0)
538:(39,2,3,32,18,18,0)
539:(39,2,3,33,17,17,0)
540:(40,2,0,29,21,21,0)
541:(40,2,0,30,20,20,0)
542:(40,2,0,31,19,19,0)
543:(40,2,0,32,18,18,0)
544:(40,2,0,33,17,17,0)
545:(40,2,0,34,16,16,0)
546:(40,2,0,35,15,15,0)
547:(40,2,1,30,20,20,0)
548:(40,2,1,31,19,19,0)
549:(40,2,1,32,18,18,0)
550:(40,2,1,33,17,17,0)
551:(40,2,1,34,16,16,0)
552:(40,2,1,35,15,15,0)
553:(40,2,1,36,14,14,0)
554:(40,2,2,31,19,19,0)
555:(40,2,2,32,18,18,0)
556:(40,2,2,33,17,17,0)
557:(40,2,2,34,16,16,0)
558:(40,2,2,35,15,15,0)
559:(40,2,2,36,14,14,0)
560:(40,2,3,32,18,18,0)
561:(40,2,3,33,17,17,0)
562:(40,2,3,34,16,16,0)
563:(40,2,3,35,15,15,0)
564:(40,2,3,36,14,14,0)
565:(41,2,0,30,20,20,0)
566:(41,2,0,31,19,19,0)
567:(41,2,0,32,18,18,0)
568:(41,2,0,33,17,17,0)
569:(41,2,0,34,16,16,0)
570:(41,2,0,35,15,15,0)
571:(41,2,0,36,14,14,0)
572:(41,2,1,31,19,19,0)
573:(41,2,1,32,18,18,0)
574:(41,2,1,33,17,17,0)
575:(41,2,1,34,16,16,0)
576:(41,2,1,35,15,15,0)
577:(41,2,1,36,14,14,0)
578:(41,2,1,37,13,13,0)
579:(41,2,2,32,18,18,0)
580:(41,2,2,33,17,17,0)
581:(41,2,2,34,16,16,0)
582:(41,2,2,35,15,15,0)
583:(41,2,2,36,14,14,0)
584:(41,2,2,37,13,13,0)
585:(41,2,3,33,17,17,0)
586:(41,2,3,34,16,16,0)
587:(41,2,3,35,15,15,0)
588:(41,2,3,36,14,14,0)
589:(41,2,3,37,13,13,0)
590:(42,2,0,31,19,19,0)
591:(42,2,0,32,18,18,0)
592:(42,2,0,33,17,17,0)
593:(42,2,0,34,16,16,0)
594:(42,2,0,35,15,15,0)
595:(42,2,0,36,14,14,0)
596:(42,2,0,37,13,13,0)
597:(42,2,1,32,18,18,0)
598:(42,2,1,33,17,17,0)
599:(42,2,1,34,16,16,0)
600:(42,2,1,35,15,15,0)
601:(42,2,1,36,14,14,0)
602:(42,2,1,37,13,13,0)
603:(42,2,1,38,12,12,0)
604:(42,2,2,33,17,17,0)
605:(42,2,2,34,16,16,0)
606:(42,2,2,35,15,15,0)
607:(42,2,2,36,14,14,0)
608:(42,2,2,37,13,13,0)
609:(42,2,2,38,12,12,0)
610:(42,2,3,34,16,16,0)
611:(42,2,3,35,15,15,0)
612:(42,2,3,36,14,14,0)
613:(42,2,3,37,13,13,0)
614:(42,2,3,38,12,12,0)
615:(43,2,0,32,18,18,0)
616:(43,2,0,33,17,17,0)
617:(43,2,0,34,16,16,0)
618:(43,2,0,35,15,15,0)
619:(43,2,0,36,14,14,0)
620:(43,2,0,37,13,13,0)
621:(43,2,0,38,12,12,0)
622:(43,2,1,33,17,17,0)
623:(43,2,1,34,16,16,0)
624:(43,2,1,35,15,15,0)
625:(43,2,1,36,14,14,0)
626:(43,2,1,37,13,13,0)
627:(43,2,1,38,12,12,0)
628:(43,2,1,39,11,11,0)
629:(43,2,2,34,16,16,0)
630:(43,2,2,35,15,15,0)
631:(43,2,2,36,14,14,0)
632:(43,2,2,37,13,13,0)
633:(43,2,2,38,12,12,0)
634:(43,2,2,39,11,11,0)
635:(43,2,3,37,13,13,0)
636:(43,2,3,38,12,12,0)
637:(43,2,3,39,11,11,0)
638:(44,2,0,33,17,17,0)
639:(44,2,0,34,16,16,0)
640:(44,2,0,35,15,15,0)
641:(44,2,0,36,14,14,0)
642:(44,2,0,37,13,13,0)
643:(44,2,0,38,12,12,0)
644:(44,2,0,39,11,11,0)
645:(44,2,1,34,16,16,0)
646:(44,2,1,35,15,15,0)
647:(44,2,1,36,14,14,0)
648:(44,2,1,37,13,13,0)
649:(44,2,1,38,12,12,0)
650:(44,2,1,39,11,11,0)
651:(44,2,1,40,10,10,0)
652:(44,2,2,37,13,13,0)
653:(44,2,2,38,12,12,0)
654:(44,2,2,39,11,11,0)
655:(44,2,2,40,10,10,0)
656:(44,2,3,38,12,12,0)
657:(44,2,3,39,11,11,0)
658:(44,2,3,40,10,10,0)
659:(45,2,0,36,14,14,0)
660:(45,2,0,37,13,13,0)
661:(45,2,0,38,12,12,0)
662:(45,2,0,39,11,11,0)
663:(45,2,0,40,10,10,0)
664:(45,2,0,41,9,9,0)
665:(45,2,1,37,13,13,0)
666:(45,2,1,38,12,12,0)
667:(45,2,1,39,11,11,0)
668:(45,2,1,40,10,10,0)
669:(45,2,1,41,9,9,0)
670:(45,2,1,42,8,8,0)
671:(45,2,2,38,12,12,0)
672:(45,2,2,39,11,11,0)
673:(45,2,2,40,10,10,0)
674:(45,2,2,41,9,9,0)
675:(45,2,2,42,8,8,0)
676:(45,2,3,39,11,11,0)
677:(45,2,3,40,10,10,0)
678:(45,2,3,41,9,9,0)
679:(45,2,3,42,8,8,0)
680:(46,2,0,37,13,13,0)
681:(46,2,0,38,12,12,0)
682:(46,2,0,39,11,11,0)
683:(46,2,0,40,10,10,0)
684:(46,2,0,41,9,9,0)
685:(46,2,0,42,8,8,0)
686:(46,2,0,43,7,7,0)
687:(46,2,0,44,6,6,0)
688:(46,2,1,38,12,12,0)
689:(46,2,1,39,11,11,0)
690:(46,2,1,40,10,10,0)
691:(46,2,1,41,9,9,0)
692:(46,2,1,42,8,8,0)
693:(46,2,1,43,7,7,0)
694:(46,2,1,44,6,6,0)
695:(46,2,1,45,5,5,0)
696:(46,2,2,39,11,11,0)
697:(46,2,2,40,10,10,0)
698:(46,2,2,41,9,9,0)
699:(46,2,2,42,8,8,0)
700:(46,2,2,43,7,7,0)
701:(46,2,2,44,6,6,0)
702:(46,2,2,45,5,5,0)
703:(46,2,3,40,10,10,0)
704:(46,2,3,41,9,9,0)
705:(46,2,3,42,8,8,0)
706:(46,2,3,43,7,7,0)
707:(46,2,3,44,6,6,0)
708:(46,2,3,45,5,5,0)
709:(47,2,0,38,12,12,0)
710:(47,2,0,39,11,11,0)
711:(47,2,0,40,10,10,0)
712:(47,2,0,41,9,9,0)
713:(47,2,0,42,8,8,0)
714:(47,2,0,43,7,7,0)
715:(47,2,0,44,6,6,0)
716:(47,2,0,45,5,5,0)
717:(47,2,0,46,4,4,0)
718:(47,2,1,39,11,11,0)
719:(47,2,1,40,10,10,0)
720:(47,2,1,41,9,9,0)
721:(47,2,1,42,8,8,0)
722:(47,2,1,43,7,7,0)
723:(47,2,1,44,6,6,0)
724:(47,2,1,45,5,5,0)
725:(47,2,1,46,4,4,0)
726:(47,2,1,47,3,3,0)
727:(47,2,2,40,10,10,0)
728:(47,2,2,41,9,9,0)
729:(47,2,2,42,8,8,0)
730:(47,2,2,43,7,7,0)
731:(47,2,2,44,6,6,0)
732:(47,2,2,45,5,5,0)
733:(47,2,2,46,4,4,0)
734:(47,2,2,47,3,3,0)
735:(47,2,3,41,9,9,0)
736:(47,2,3,42,8,8,0)
737:(47,2,3,43,7,7,0)
738:(47,2,3,44,6,6,0)
739:(47,2,3,45,5,5,0)
740:(47,2,3,46,4,4,0)
741:(47,2,3,47,3,3,0)
742:(48,2,0,39,11,11,0)
743:(48,2,0,40,10,10,0)
744:(48,2,0,41,9,9,0)
745:(48,2,0,42,8,8,0)
746:(48,2,0,43,7,7,0)
747:(48,2,0,44,6,6,0)
748:(48,2,0,45,5,5,0)
749:(48,2,0,46,4,4,0)
750:(48,2,0,47,3,3,0)
751:(48,2,0,48,2,2,0)
752:(48,2,1,40,10,10,0)
753:(48,2,1,41,9,9,0)
754:(48,2,1,42,8,8,0)
755:(48,2,1,43,7,7,0)
756:(48,2,1,44,6,6,0)
757:(48,2,1,45,5,5,0)
758:(48,2,1,46,4,4,0)
759:(48,2,1,47,3,3,0)
760:(48,2,1,48,2,2,0)
761:(48,2,1,49,1,1,0)
762:(48,2,2,41,9,9,0)
763:(48,2,2,42,8,8,0)
764:(48,2,2,43,7,7,0)
765:(48,2,2,44,6,6,0)
766:(48,2,2,45,5,5,0)
767:(48,2,2,46,4,4,0)
768:(48,2,2,47,3,3,0)
769:(48,2,2,48,2,2,0)
770:(48,2,2,49,1,1,0)
771:(48,2,2,50,0,0,0)
772:(48,2,3,43,7,7,0)
773:(48,2,3,44,6,6,0)
774:(48,2,3,45,5,5,0)
775:(48,2,3,46,4,4,0)
776:(48,2,3,47,3,3,0)
777:(48,2,3,48,2,2,0)
778:(48,2,3,49,1,1,0)
779:(48,2,3,50,0,0,0)
780:(49,2,0,40,10,10,0)
781:(49,2,0,41,9,9,0)
782:(49,2,0,42,8,8,0)
783:(49,2,0,43,7,7,0)
784:(49,2,0,44,6,6,0)
785:(49,2,0,45,5,5,0)
786:(49,2,0,46,4,4,0)
787:(49,2,0,47,3,3,0)
788:(49,2,0,48,2,2,0)
789:(49,2,0,49,1,1,0)
790:(49,2,0,50,0,0,0)
791:(49,2,1,41,9,9,0)
792:(49,2,1,42,8,8,0)
793:(49,2,1,43,7,7,0)
794:(49,2,1,44,6,6,0)
795:(49,2,1,45,5,5,0)
796:(49,2,1,46,4,4,0)
797:(49,2,1,47,3,3,0)
798:(49,2,1,48,2,2,0)
799:(49,2,1,49,1,1,0)
800:(49,2,1,50,0,0,0)
801:(49,2,2,43,7,7,0)
802:(49,2,2,44,6,6,0)
803:(49,2,2,45,5,5,0)
804:(49,2,2,46,4,4,0)
805:(49,2,2,47,3,3,0)
806:(49,2,2,48,2,2,0)
807:(49,2,2,49,1,1,0)
808:(49,2,2,50,0,0,0)
809:(49,2,3,46,4,4,0)
810:(49,2,3,47,3,3,0)
811:(49,2,3,48,2,2,0)
812:(49,2,3,49,1,1,0)
813:(49,2,3,50,0,0,0)
814:(50,2,0,42,8,8,0)
815:(50,2,0,43,7,7,0)
816:(50,2,0,44,6,6,0)
817:(50,2,0,45,5,5,0)
818:(50,2,0,46,4,4,0)
819:(50,2,0,47,3,3,0)
820:(50,2,0,48,2,2,0)
821:(50,2,0,49,1,1,0)
822:(50,2,0,50,0,0,0)
823:(50,2,1,43,7,7,0)
824:(50,2,1,44,6,6,0)
825:(50,2,1,45,5,5,0)
826:(50,2,1,46,4,4,0)
827:(50,2,1,47,3,3,0)
828:(50,2,1,48,2,2,0)
829:(50,2,1,49,1,1,0)
830:(50,2,1,50,0,0,0)
831:(50,2,2,46,4,4,0)
832:(50,2,2,47,3,3,0)
833:(50,2,2,48,2,2,0)
834:(50,2,2,49,1,1,0)
835:(50,2,2,50,0,0,0)
836:(50,2,3,48,2,2,0)
837:(50,2,3,49,1,1,0)
838:(50,2,3,50,0,0,0)
839:(51,2,0,45,5,5,0)
840:(51,2,0,46,4,4,0)
841:(51,2,0,47,3,3,0)
842:(51,2,0,48,2,2,0)
843:(51,2,0,49,1,1,0)
844:(51,2,0,50,0,0,0)
845:(51,2,1,46,4,4,0)
846:(51,2,1,47,3,3,0)
847:(51,2,1,48,2,2,0)
848:(51,2,1,49,1,1,0)
849:(51,2,1,50,0,0,0)
850:(51,2,2,48,2,2,0)
851:(51,2,2,49,1,1,0)
852:(51,2,2,50,0,0,0)
