(r,l,rl,g,ga,gbg,gd)
0:(-1,-1,-1,-1,-1,-1,-1)
1:(28,2,0,0,50,50,0)
2:(28,2,0,1,49,49,0)
3:(28,2,0,2,48,48,0)
4:(28,2,1,0,50,50,0)
5:(28,2,1,1,49,49,0)
6:(28,2,1,2,48,48,0)
7:(28,2,1,3,47,47,0)
8:(28,2,2,0,50,50,0)
9:(28,2,2,1,49,49,0)
10:(28,2,2,2,48,48,0)
11:(28,2,2,3,47,47,0)
12:(28,2,3,1,49,49,0)
13:(28,2,3,2,48,48,0)
14:(28,2,3,3,47,47,0)
15:(29,2,0,0,50,50,0)
16:(29,2,0,1,49,49,0)
17:(29,2,0,2,48,48,0)
18:(29,2,0,3,47,47,0)
19:(29,2,1,0,50,50,0)
20:(29,2,1,1,49,49,0)
21:(29,2,1,2,48,48,0)
22:(29,2,1,3,47,47,0)
23:(29,2,1,4,46,46,0)
24:(29,2,2,0,50,50,0)
25:(29,2,2,1,49,49,0)
26:(29,2,2,2,48,48,0)
27:(29,2,2,3,47,47,0)
28:(29,2,2,4,46,46,0)
29:(29,2,3,1,49,49,0)
30:(29,2,3,2,48,48,0)
31:(29,2,3,3,47,47,0)
32:(29,2,3,4,46,46,0)
33:(30,2,0,0,50,50,0)
34:(30,2,0,1,49,49,0)
35:(30,2,0,2,48,48,0)
36:(30,2,0,3,47,47,0)
37:(30,2,0,4,46,46,0)
38:(30,2,1,0,50,50,0)
39:(30,2,1,1,49,49,0)
40:(30,2,1,2,48,48,0)
41:(30,2,1,3,47,47,0)
42:(30,2,1,4,46,46,0)
43:(30,2,1,5,45,45,0)
44:(30,2,2,0,50,50,0)
45:(30,2,2,1,49,49,0)
46:(30,2,2,2,48,48,0)
47:(30,2,2,3,47,47,0)
48:(30,2,2,4,46,46,0)
49:(30,2,2,5,45,45,0)
50:(30,2,3,1,49,49,0)
51:(30,2,3,2,48,48,0)
52:(30,2,3,3,47,47,0)
53:(30,2,3,4,46,46,0)
54:(30,2,3,5,45,45,0)
55:(31,2,0,0,50,50,0)
56:(31,2,0,1,49,49,0)
57:(31,2,0,2,48,48,0)
58:(31,2,0,3,47,47,0)
59:(31,2,0,4,46,46,0)
60:(31,2,0,5,45,45,0)
61:(31,2,1,0,50,50,0)
62:(31,2,1,1,49,49,0)
63:(31,2,1,2,48,48,0)
64:(31,2,1,3,47,47,0)
65:(31,2,1,4,46,46,0)
66:(31,2,1,5,45,45,0)
67:(31,2,1,6,44,44,0)
68:(31,2,2,1,49,49,0)
69:(31,2,2,2,48,48,0)
70:(31,2,2,3,47,47,0)
71:(31,2,2,4,46,46,0)
72:(31,2,2,5,45,45,0)
73:(31,2,2,6,44,44,0)
74:(31,2,3,4,46,46,0)
75:(31,2,3,5,45,45,0)
76:(31,2,3,6,44,44,0)
77:(32,2,0,0,50,50,0)
78:(32,2,0,1,49,49,0)
79:(32,2,0,2,48,48,0)
80:(32,2,0,3,47,47,0)
81:(32,2,0,4,46,46,0)
82:(32,2,0,5,45,45,0)
83:(32,2,0,6,44,44,0)
84:(32,2,1,1,49,49,0)
85:(32,2,1,2,48,48,0)
86:(32,2,1,3,47,47,0)
87:(32,2,1,4,46,46,0)
88:(32,2,1,5,45,45,0)
89:(32,2,1,6,44,44,0)
90:(32,2,1,7,43,43,0)
91:(32,2,2,4,46,46,0)
92:(32,2,2,5,45,45,0)
93:(32,2,2,6,44,44,0)
94:(32,2,2,7,43,43,0)
95:(32,2,3,5,45,45,0)
96:(32,2,3,6,44,44,0)
97:(32,2,3,7,43,43,0)
98:(33,2,0,3,47,47,0)
99:(33,2,0,4,46,46,0)
100:(33,2,0,5,45,45,0)
101:(33,2,0,6,44,44,0)
102:(33,2,0,7,43,43,0)
103:(33,2,0,8,42,42,0)
104:(33,2,1,4,46,46,0)
105:(33,2,1,5,45,45,0)
106:(33,2,1,6,44,44,0)
107:(33,2,1,7,43,43,0)
108:(33,2,1,8,42,42,0)
109:(33,2,1,9,41,41,0)
110:(33,2,2,5,45,45,0)
111:(33,2,2,6,44,44,0)
112:(33,2,2,7,43,43,0)
113:(33,2,2,8,42,42,0)
114:(33,2,2,9,41,41,0)
115:(33,2,3,6,44,44,0)
116:(33,2,3,7,43,43,0)
117:(33,2,3,8,42,42,0)
118:(33,2,3,9,41,41,0)
119:(34,2,0,4,46,46,0)
120:(34,2,0,5,45,45,0)
121:(34,2,0,6,44,44,0)
122:(34,2,0,7,43,43,0)
123:(34,2,0,8,42,42,0)
124:(34,2,0,9,41,41,0)
125:(34,2,0,10,40,40,0)
126:(34,2,0,11,39,39,0)
127:(34,2,0,12,38,38,0)
128:(34,2,0,13,37,37,0)
129:(34,2,0,14,36,36,0)
130:(34,2,1,5,45,45,0)
131:(34,2,1,6,44,44,0)
132:(34,2,1,7,43,43,0)
133:(34,2,1,8,42,42,0)
134:(34,2,1,9,41,41,0)
135:(34,2,1,10,40,40,0)
136:(34,2,1,11,39,39,0)
137:(34,2,1,12,38,38,0)
138:(34,2,1,13,37,37,0)
139:(34,2,1,14,36,36,0)
140:(34,2,1,15,35,35,0)
141:(34,2,2,6,44,44,0)
142:(34,2,2,7,43,43,0)
143:(34,2,2,8,42,42,0)
144:(34,2,2,9,41,41,0)
145:(34,2,2,10,40,40,0)
146:(34,2,2,11,39,39,0)
147:(34,2,2,12,38,38,0)
148:(34,2,2,13,37,37,0)
149:(34,2,2,14,36,36,0)
150:(34,2,2,15,35,35,0)
151:(34,2,3,7,43,43,0)
152:(34,2,3,8,42,42,0)
153:(34,2,3,9,41,41,0)
154:(34,2,3,10,40,40,0)
155:(34,2,3,11,39,39,0)
156:(34,2,3,12,38,38,0)
157:(34,2,3,13,37,37,0)
158:(34,2,3,14,36,36,0)
159:(34,2,3,15,35,35,0)
160:(35,2,0,5,45,45,0)
161:(35,2,0,6,44,44,0)
162:(35,2,0,7,43,43,0)
163:(35,2,0,8,42,42,0)
164:(35,2,0,9,41,41,0)
165:(35,2,0,10,40,40,0)
166:(35,2,0,11,39,39,0)
167:(35,2,0,12,38,38,0)
168:(35,2,0,13,37,37,0)
169:(35,2,0,14,36,36,0)
170:(35,2,0,15,35,35,0)
171:(35,2,0,16,34,34,0)
172:(35,2,0,17,33,33,0)
173:(35,2,0,18,32,32,0)
174:(35,2,0,19,31,31,0)
175:(35,2,1,6,44,44,0)
176:(35,2,1,7,43,43,0)
177:(35,2,1,8,42,42,0)
178:(35,2,1,9,41,41,0)
179:(35,2,1,10,40,40,0)
180:(35,2,1,11,39,39,0)
181:(35,2,1,12,38,38,0)
182:(35,2,1,13,37,37,0)
183:(35,2,1,14,36,36,0)
184:(35,2,1,15,35,35,0)
185:(35,2,1,16,34,34,0)
186:(35,2,1,17,33,33,0)
187:(35,2,1,18,32,32,0)
188:(35,2,1,19,31,31,0)
189:(35,2,1,20,30,30,0)
190:(35,2,2,7,43,43,0)
191:(35,2,2,8,42,42,0)
192:(35,2,2,9,41,41,0)
193:(35,2,2,10,40,40,0)
194:(35,2,2,11,39,39,0)
195:(35,2,2,12,38,38,0)
196:(35,2,2,13,37,37,0)
197:(35,2,2,14,36,36,0)
198:(35,2,2,15,35,35,0)
199:(35,2,2,16,34,34,0)
200:(35,2,2,17,33,33,0)
201:(35,2,2,18,32,32,0)
202:(35,2,2,19,31,31,0)
203:(35,2,2,20,30,30,0)
204:(35,2,3,8,42,42,0)
205:(35,2,3,9,41,41,0)
206:(35,2,3,10,40,40,0)
207:(35,2,3,11,39,39,0)
208:(35,2,3,12,38,38,0)
209:(35,2,3,13,37,37,0)
210:(35,2,3,14,36,36,0)
211:(35,2,3,15,35,35,0)
212:(35,2,3,16,34,34,0)
213:(35,2,3,17,33,33,0)
214:(35,2,3,18,32,32,0)
215:(35,2,3,19,31,31,0)
216:(35,2,3,20,30,30,0)
217:(36,2,0,6,44,44,0)
218:(36,2,0,7,43,43,0)
219:(36,2,0,8,42,42,0)
220:(36,2,0,9,41,41,0)
221:(36,2,0,10,40,40,0)
222:(36,2,0,11,39,39,0)
223:(36,2,0,12,38,38,0)
224:(36,2,0,13,37,37,0)
225:(36,2,0,14,36,36,0)
226:(36,2,0,15,35,35,0)
227:(36,2,0,16,34,34,0)
228:(36,2,0,17,33,33,0)
229:(36,2,0,18,32,32,0)
230:(36,2,0,19,31,31,0)
231:(36,2,0,20,30,30,0)
232:(36,2,0,21,29,29,0)
233:(36,2,1,7,43,43,0)
234:(36,2,1,8,42,42,0)
235:(36,2,1,9,41,41,0)
236:(36,2,1,10,40,40,0)
237:(36,2,1,11,39,39,0)
238:(36,2,1,12,38,38,0)
239:(36,2,1,13,37,37,0)
240:(36,2,1,14,36,36,0)
241:(36,2,1,15,35,35,0)
242:(36,2,1,16,34,34,0)
243:(36,2,1,17,33,33,0)
244:(36,2,1,18,32,32,0)
245:(36,2,1,19,31,31,0)
246:(36,2,1,20,30,30,0)
247:(36,2,1,21,29,29,0)
248:(36,2,1,22,28,28,0)
249:(36,2,2,8,42,42,0)
250:(36,2,2,9,41,41,0)
251:(36,2,2,10,40,40,0)
252:(36,2,2,11,39,39,0)
253:(36,2,2,12,38,38,0)
254:(36,2,2,13,37,37,0)
255:(36,2,2,14,36,36,0)
256:(36,2,2,15,35,35,0)
257:(36,2,2,16,34,34,0)
258:(36,2,2,17,33,33,0)
259:(36,2,2,18,32,32,0)
260:(36,2,2,19,31,31,0)
261:(36,2,2,20,30,30,0)
262:(36,2,2,21,29,29,0)
263:(36,2,2,22,28,28,0)
264:(36,2,3,10,40,40,0)
265:(36,2,3,11,39,39,0)
266:(36,2,3,12,38,38,0)
267:(36,2,3,13,37,37,0)
268:(36,2,3,14,36,36,0)
269:(36,2,3,15,35,35,0)
270:(36,2,3,16,34,34,0)
271:(36,2,3,17,33,33,0)
272:(36,2,3,18,32,32,0)
273:(36,2,3,19,31,31,0)
274:(36,2,3,20,30,30,0)
275:(36,2,3,21,29,29,0)
276:(36,2,3,22,28,28,0)
277:(37,2,0,7,43,43,0)
278:(37,2,0,8,42,42,0)
279:(37,2,0,9,41,41,0)
280:(37,2,0,10,40,40,0)
281:(37,2,0,11,39,39,0)
282:(37,2,0,12,38,38,0)
283:(37,2,0,13,37,37,0)
284:(37,2,0,14,36,36,0)
285:(37,2,0,15,35,35,0)
286:(37,2,0,16,34,34,0)
287:(37,2,0,17,33,33,0)
288:(37,2,0,18,32,32,0)
289:(37,2,0,19,31,31,0)
290:(37,2,0,20,30,30,0)
291:(37,2,0,21,29,29,0)
292:(37,2,0,22,28,28,0)
293:(37,2,0,23,27,27,0)
294:(37,2,1,8,42,42,0)
295:(37,2,1,9,41,41,0)
296:(37,2,1,10,40,40,0)
297:(37,2,1,11,39,39,0)
298:(37,2,1,12,38,38,0)
299:(37,2,1,13,37,37,0)
300:(37,2,1,14,36,36,0)
301:(37,2,1,15,35,35,0)
302:(37,2,1,16,34,34,0)
303:(37,2,1,17,33,33,0)
304:(37,2,1,18,32,32,0)
305:(37,2,1,19,31,31,0)
306:(37,2,1,20,30,30,0)
307:(37,2,1,21,29,29,0)
308:(37,2,1,22,28,28,0)
309:(37,2,1,23,27,27,0)
310:(37,2,1,24,26,26,0)
311:(37,2,2,10,40,40,0)
312:(37,2,2,11,39,39,0)
313:(37,2,2,12,38,38,0)
314:(37,2,2,13,37,37,0)
315:(37,2,2,14,36,36,0)
316:(37,2,2,15,35,35,0)
317:(37,2,2,16,34,34,0)
318:(37,2,2,17,33,33,0)
319:(37,2,2,18,32,32,0)
320:(37,2,2,19,31,31,0)
321:(37,2,2,20,30,30,0)
322:(37,2,2,21,29,29,0)
323:(37,2,2,22,28,28,0)
324:(37,2,2,23,27,27,0)
325:(37,2,2,24,26,26,0)
326:(37,2,3,16,34,34,0)
327:(37,2,3,17,33,33,0)
328:(37,2,3,18,32,32,0)
329:(37,2,3,19,31,31,0)
330:(37,2,3,20,30,30,0)
331:(37,2,3,21,29,29,0)
332:(37,2,3,22,28,28,0)
333:(37,2,3,23,27,27,0)
334:(37,2,3,24,26,26,0)
335:(38,2,0,9,41,41,0)
336:(38,2,0,10,40,40,0)
337:(38,2,0,11,39,39,0)
338:(38,2,0,12,38,38,0)
339:(38,2,0,13,37,37,0)
340:(38,2,0,14,36,36,0)
341:(38,2,0,15,35,35,0)
342:(38,2,0,16,34,34,0)
343:(38,2,0,17,33,33,0)
344:(38,2,0,18,32,32,0)
345:(38,2,0,19,31,31,0)
346:(38,2,0,20,30,30,0)
347:(38,2,0,21,29,29,0)
348:(38,2,0,22,28,28,0)
349:(38,2,0,23,27,27,0)
350:(38,2,0,24,26,26,0)
351:(38,2,0,25,25,25,0)
352:(38,2,0,26,24,24,0)
353:(38,2,1,10,40,40,0)
354:(38,2,1,11,39,39,0)
355:(38,2,1,12,38,38,0)
356:(38,2,1,13,37,37,0)
357:(38,2,1,14,36,36,0)
358:(38,2,1,15,35,35,0)
359:(38,2,1,16,34,34,0)
360:(38,2,1,17,33,33,0)
361:(38,2,1,18,32,32,0)
362:(38,2,1,19,31,31,0)
363:(38,2,1,20,30,30,0)
364:(38,2,1,21,29,29,0)
365:(38,2,1,22,28,28,0)
366:(38,2,1,23,27,27,0)
367:(38,2,1,24,26,26,0)
368:(38,2,1,25,25,25,0)
369:(38,2,1,26,24,24,0)
370:(38,2,1,27,23,23,0)
371:(38,2,2,16,34,34,0)
372:(38,2,2,17,33,33,0)
373:(38,2,2,18,32,32,0)
374:(38,2,2,19,31,31,0)
375:(38,2,2,20,30,30,0)
376:(38,2,2,21,29,29,0)
377:(38,2,2,22,28,28,0)
378:(38,2,2,23,27,27,0)
379:(38,2,2,24,26,26,0)
380:(38,2,2,25,25,25,0)
381:(38,2,2,26,24,24,0)
382:(38,2,2,27,23,23,0)
383:(38,2,3,21,29,29,0)
384:(38,2,3,22,28,28,0)
385:(38,2,3,23,27,27,0)
386:(38,2,3,24,26,26,0)
387:(38,2,3,25,25,25,0)
388:(38,2,3,26,24,24,0)
389:(38,2,3,27,23,23,0)
390:(39,2,0,15,35,35,0)
391:(39,2,0,16,34,34,0)
392:(39,2,0,17,33,33,0)
393:(39,2,0,18,32,32,0)
394:(39,2,0,19,31,31,0)
395:(39,2,0,20,30,30,0)
396:(39,2,0,21,29,29,0)
397:(39,2,0,22,28,28,0)
398:(39,2,0,23,27,27,0)
399:(39,2,0,24,26,26,0)
400:(39,2,0,25,25,25,0)
401:(39,2,0,26,24,24,0)
402:(39,2,0,27,23,23,0)
403:(39,2,1,16,34,34,0)
404:(39,2,1,17,33,33,0)
405:(39,2,1,18,32,32,0)
406:(39,2,1,19,31,31,0)
407:(39,2,1,20,30,30,0)
408:(39,2,1,21,29,29,0)
409:(39,2,1,22,28,28,0)
410:(39,2,1,23,27,27,0)
411:(39,2,1,24,26,26,0)
412:(39,2,1,25,25,25,0)
413:(39,2,1,26,24,24,0)
414:(39,2,1,27,23,23,0)
415:(39,2,1,28,22,22,0)
416:(39,2,2,21,29,29,0)
417:(39,2,2,22,28,28,0)
418:(39,2,2,23,27,27,0)
419:(39,2,2,24,26,26,0)
420:(39,2,2,25,25,25,0)
421:(39,2,2,26,24,24,0)
422:(39,2,2,27,23,23,0)
423:(39,2,2,28,22,22,0)
424:(39,2,3,23,27,27,0)
425:(39,2,3,24,26,26,0)
426:(39,2,3,25,25,25,0)
427:(39,2,3,26,24,24,0)
428:(39,2,3,27,23,23,0)
429:(39,2,3,28,22,22,0)
430:(40,2,0,20,30,30,0)
431:(40,2,0,21,29,29,0)
432:(40,2,0,22,28,28,0)
433:(40,2,0,23,27,27,0)
434:(40,2,0,24,26,26,0)
435:(40,2,0,25,25,25,0)
436:(40,2,0,26,24,24,0)
437:(40,2,0,27,23,23,0)
438:(40,2,0,28,22,22,0)
439:(40,2,0,29,21,21,0)
440:(40,2,0,30,20,20,0)
441:(40,2,0,31,19,19,0)
442:(40,2,0,32,18,18,0)
443:(40,2,0,33,17,17,0)
444:(40,2,1,21,29,29,0)
445:(40,2,1,22,28,28,0)
446:(40,2,1,23,27,27,0)
447:(40,2,1,24,26,26,0)
448:(40,2,1,25,25,25,0)
449:(40,2,1,26,24,24,0)
450:(40,2,1,27,23,23,0)
451:(40,2,1,28,22,22,0)
452:(40,2,1,29,21,21,0)
453:(40,2,1,30,20,20,0)
454:(40,2,1,31,19,19,0)
455:(40,2,1,32,18,18,0)
456:(40,2,1,33,17,17,0)
457:(40,2,1,34,16,16,0)
458:(40,2,2,23,27,27,0)
459:(40,2,2,24,26,26,0)
460:(40,2,2,25,25,25,0)
461:(40,2,2,26,24,24,0)
462:(40,2,2,27,23,23,0)
463:(40,2,2,28,22,22,0)
464:(40,2,2,29,21,21,0)
465:(40,2,2,30,20,20,0)
466:(40,2,2,31,19,19,0)
467:(40,2,2,32,18,18,0)
468:(40,2,2,33,17,17,0)
469:(40,2,2,34,16,16,0)
470:(40,2,3,25,25,25,0)
471:(40,2,3,26,24,24,0)
472:(40,2,3,27,23,23,0)
473:(40,2,3,28,22,22,0)
474:(40,2,3,29,21,21,0)
475:(40,2,3,30,20,20,0)
476:(40,2,3,31,19,19,0)
477:(40,2,3,32,18,18,0)
478:(40,2,3,33,17,17,0)
479:(40,2,3,34,16,16,0)
480:(41,2,0,22,28,28,0)
481:(41,2,0,23,27,27,0)
482:(41,2,0,24,26,26,0)
483:(41,2,0,25,25,25,0)
484:(41,2,0,26,24,24,0)
485:(41,2,0,27,23,23,0)
486:(41,2,0,28,22,22,0)
487:(41,2,0,29,21,21,0)
488:(41,2,0,30,20,20,0)
489:(41,2,0,31,19,19,0)
490:(41,2,0,32,18,18,0)
491:(41,2,0,33,17,17,0)
492:(41,2,0,34,16,16,0)
493:(41,2,1,23,27,27,0)
494:(41,2,1,24,26,26,0)
495:(41,2,1,25,25,25,0)
496:(41,2,1,26,24,24,0)
497:(41,2,1,27,23,23,0)
498:(41,2,1,28,22,22,0)
499:(41,2,1,29,21,21,0)
500:(41,2,1,30,20,20,0)
501:(41,2,1,31,19,19,0)
502:(41,2,1,32,18,18,0)
503:(41,2,1,33,17,17,0)
504:(41,2,1,34,16,16,0)
505:(41,2,1,35,15,15,0)
506:(41,2,2,25,25,25,0)
507:(41,2,2,26,24,24,0)
508:(41,2,2,27,23,23,0)
509:(41,2,2,28,22,22,0)
510:(41,2,2,29,21,21,0)
511:(41,2,2,30,20,20,0)
512:(41,2,2,31,19,19,0)
513:(41,2,2,32,18,18,0)
514:(41,2,2,33,17,17,0)
515:(41,2,2,34,16,16,0)
516:(41,2,2,35,15,15,0)
517:(41,2,3,28,22,22,0)
518:(41,2,3,29,21,21,0)
519:(41,2,3,30,20,20,0)
520:(41,2,3,31,19,19,0)
521:(41,2,3,32,18,18,0)
522:(41,2,3,33,17,17,0)
523:(41,2,3,34,16,16,0)
524:(41,2,3,35,15,15,0)
525:(42,2,0,24,26,26,0)
526:(42,2,0,25,25,25,0)
527:(42,2,0,26,24,24,0)
528:(42,2,0,27,23,23,0)
529:(42,2,0,28,22,22,0)
530:(42,2,0,29,21,21,0)
531:(42,2,0,30,20,20,0)
532:(42,2,0,31,19,19,0)
533:(42,2,0,32,18,18,0)
534:(42,2,0,33,17,17,0)
535:(42,2,0,34,16,16,0)
536:(42,2,0,35,15,15,0)
537:(42,2,0,36,14,14,0)
538:(42,2,0,37,13,13,0)
539:(42,2,0,38,12,12,0)
540:(42,2,1,25,25,25,0)
541:(42,2,1,26,24,24,0)
542:(42,2,1,27,23,23,0)
543:(42,2,1,28,22,22,0)
544:(42,2,1,29,21,21,0)
545:(42,2,1,30,20,20,0)
546:(42,2,1,31,19,19,0)
547:(42,2,1,32,18,18,0)
548:(42,2,1,33,17,17,0)
549:(42,2,1,34,16,16,0)
550:(42,2,1,35,15,15,0)
551:(42,2,1,36,14,14,0)
552:(42,2,1,37,13,13,0)
553:(42,2,1,38,12,12,0)
554:(42,2,1,39,11,11,0)
555:(42,2,2,28,22,22,0)
556:(42,2,2,29,21,21,0)
557:(42,2,2,30,20,20,0)
558:(42,2,2,31,19,19,0)
559:(42,2,2,32,18,18,0)
560:(42,2,2,33,17,17,0)
561:(42,2,2,34,16,16,0)
562:(42,2,2,35,15,15,0)
563:(42,2,2,36,14,14,0)
564:(42,2,2,37,13,13,0)
565:(42,2,2,38,12,12,0)
566:(42,2,2,39,11,11,0)
567:(42,2,3,29,21,21,0)
568:(42,2,3,30,20,20,0)
569:(42,2,3,31,19,19,0)
570:(42,2,3,32,18,18,0)
571:(42,2,3,33,17,17,0)
572:(42,2,3,34,16,16,0)
573:(42,2,3,35,15,15,0)
574:(42,2,3,36,14,14,0)
575:(42,2,3,37,13,13,0)
576:(42,2,3,38,12,12,0)
577:(42,2,3,39,11,11,0)
578:(43,2,0,27,23,23,0)
579:(43,2,0,28,22,22,0)
580:(43,2,0,29,21,21,0)
581:(43,2,0,30,20,20,0)
582:(43,2,0,31,19,19,0)
583:(43,2,0,32,18,18,0)
584:(43,2,0,33,17,17,0)
585:(43,2,0,34,16,16,0)
586:(43,2,0,35,15,15,0)
587:(43,2,0,36,14,14,0)
588:(43,2,0,37,13,13,0)
589:(43,2,0,38,12,12,0)
590:(43,2,0,39,11,11,0)
591:(43,2,1,28,22,22,0)
592:(43,2,1,29,21,21,0)
593:(43,2,1,30,20,20,0)
594:(43,2,1,31,19,19,0)
595:(43,2,1,32,18,18,0)
596:(43,2,1,33,17,17,0)
597:(43,2,1,34,16,16,0)
598:(43,2,1,35,15,15,0)
599:(43,2,1,36,14,14,0)
600:(43,2,1,37,13,13,0)
601:(43,2,1,38,12,12,0)
602:(43,2,1,39,11,11,0)
603:(43,2,1,40,10,10,0)
604:(43,2,2,29,21,21,0)
605:(43,2,2,30,20,20,0)
606:(43,2,2,31,19,19,0)
607:(43,2,2,32,18,18,0)
608:(43,2,2,33,17,17,0)
609:(43,2,2,34,16,16,0)
610:(43,2,2,35,15,15,0)
611:(43,2,2,36,14,14,0)
612:(43,2,2,37,13,13,0)
613:(43,2,2,38,12,12,0)
614:(43,2,2,39,11,11,0)
615:(43,2,2,40,10,10,0)
616:(43,2,3,35,15,15,0)
617:(43,2,3,36,14,14,0)
618:(43,2,3,37,13,13,0)
619:(43,2,3,38,12,12,0)
620:(43,2,3,39,11,11,0)
621:(43,2,3,40,10,10,0)
622:(44,2,0,28,22,22,0)
623:(44,2,0,29,21,21,0)
624:(44,2,0,30,20,20,0)
625:(44,2,0,31,19,19,0)
626:(44,2,0,32,18,18,0)
627:(44,2,0,33,17,17,0)
628:(44,2,0,34,16,16,0)
629:(44,2,0,35,15,15,0)
630:(44,2,0,36,14,14,0)
631:(44,2,0,37,13,13,0)
632:(44,2,0,38,12,12,0)
633:(44,2,0,39,11,11,0)
634:(44,2,0,40,10,10,0)
635:(44,2,0,41,9,9,0)
636:(44,2,1,29,21,21,0)
637:(44,2,1,30,20,20,0)
638:(44,2,1,31,19,19,0)
639:(44,2,1,32,18,18,0)
640:(44,2,1,33,17,17,0)
641:(44,2,1,34,16,16,0)
642:(44,2,1,35,15,15,0)
643:(44,2,1,36,14,14,0)
644:(44,2,1,37,13,13,0)
645:(44,2,1,38,12,12,0)
646:(44,2,1,39,11,11,0)
647:(44,2,1,40,10,10,0)
648:(44,2,1,41,9,9,0)
649:(44,2,1,42,8,8,0)
650:(44,2,2,35,15,15,0)
651:(44,2,2,36,14,14,0)
652:(44,2,2,37,13,13,0)
653:(44,2,2,38,12,12,0)
654:(44,2,2,39,11,11,0)
655:(44,2,2,40,10,10,0)
656:(44,2,2,41,9,9,0)
657:(44,2,2,42,8,8,0)
658:(44,2,3,36,14,14,0)
659:(44,2,3,37,13,13,0)
660:(44,2,3,38,12,12,0)
661:(44,2,3,39,11,11,0)
662:(44,2,3,40,10,10,0)
663:(44,2,3,41,9,9,0)
664:(44,2,3,42,8,8,0)
665:(45,2,0,34,16,16,0)
666:(45,2,0,35,15,15,0)
667:(45,2,0,36,14,14,0)
668:(45,2,0,37,13,13,0)
669:(45,2,0,38,12,12,0)
670:(45,2,0,39,11,11,0)
671:(45,2,0,40,10,10,0)
672:(45,2,0,41,9,9,0)
673:(45,2,0,42,8,8,0)
674:(45,2,0,43,7,7,0)
675:(45,2,0,44,6,6,0)
676:(45,2,0,45,5,5,0)
677:(45,2,1,35,15,15,0)
678:(45,2,1,36,14,14,0)
679:(45,2,1,37,13,13,0)
680:(45,2,1,38,12,12,0)
681:(45,2,1,39,11,11,0)
682:(45,2,1,40,10,10,0)
683:(45,2,1,41,9,9,0)
684:(45,2,1,42,8,8,0)
685:(45,2,1,43,7,7,0)
686:(45,2,1,44,6,6,0)
687:(45,2,1,45,5,5,0)
688:(45,2,1,46,4,4,0)
689:(45,2,2,36,14,14,0)
690:(45,2,2,37,13,13,0)
691:(45,2,2,38,12,12,0)
692:(45,2,2,39,11,11,0)
693:(45,2,2,40,10,10,0)
694:(45,2,2,41,9,9,0)
695:(45,2,2,42,8,8,0)
696:(45,2,2,43,7,7,0)
697:(45,2,2,44,6,6,0)
698:(45,2,2,45,5,5,0)
699:(45,2,2,46,4,4,0)
700:(45,2,3,40,10,10,0)
701:(45,2,3,41,9,9,0)
702:(45,2,3,42,8,8,0)
703:(45,2,3,43,7,7,0)
704:(45,2,3,44,6,6,0)
705:(45,2,3,45,5,5,0)
706:(45,2,3,46,4,4,0)
707:(46,2,0,35,15,15,0)
708:(46,2,0,36,14,14,0)
709:(46,2,0,37,13,13,0)
710:(46,2,0,38,12,12,0)
711:(46,2,0,39,11,11,0)
712:(46,2,0,40,10,10,0)
713:(46,2,0,41,9,9,0)
714:(46,2,0,42,8,8,0)
715:(46,2,0,43,7,7,0)
716:(46,2,0,44,6,6,0)
717:(46,2,0,45,5,5,0)
718:(46,2,0,46,4,4,0)
719:(46,2,1,36,14,14,0)
720:(46,2,1,37,13,13,0)
721:(46,2,1,38,12,12,0)
722:(46,2,1,39,11,11,0)
723:(46,2,1,40,10,10,0)
724:(46,2,1,41,9,9,0)
725:(46,2,1,42,8,8,0)
726:(46,2,1,43,7,7,0)
727:(46,2,1,44,6,6,0)
728:(46,2,1,45,5,5,0)
729:(46,2,1,46,4,4,0)
730:(46,2,1,47,3,3,0)
731:(46,2,2,40,10,10,0)
732:(46,2,2,41,9,9,0)
733:(46,2,2,42,8,8,0)
734:(46,2,2,43,7,7,0)
735:(46,2,2,44,6,6,0)
736:(46,2,2,45,5,5,0)
737:(46,2,2,46,4,4,0)
738:(46,2,2,47,3,3,0)
739:(46,2,2,48,2,2,0)
740:(46,2,3,41,9,9,0)
741:(46,2,3,42,8,8,0)
742:(46,2,3,43,7,7,0)
743:(46,2,3,44,6,6,0)
744:(46,2,3,45,5,5,0)
745:(46,2,3,46,4,4,0)
746:(46,2,3,47,3,3,0)
747:(46,2,3,48,2,2,0)
748:(47,2,0,39,11,11,0)
749:(47,2,0,40,10,10,0)
750:(47,2,0,41,9,9,0)
751:(47,2,0,42,8,8,0)
752:(47,2,0,43,7,7,0)
753:(47,2,0,44,6,6,0)
754:(47,2,0,45,5,5,0)
755:(47,2,0,46,4,4,0)
756:(47,2,0,47,3,3,0)
757:(47,2,1,40,10,10,0)
758:(47,2,1,41,9,9,0)
759:(47,2,1,42,8,8,0)
760:(47,2,1,43,7,7,0)
761:(47,2,1,44,6,6,0)
762:(47,2,1,45,5,5,0)
763:(47,2,1,46,4,4,0)
764:(47,2,1,47,3,3,0)
765:(47,2,1,48,2,2,0)
766:(47,2,2,41,9,9,0)
767:(47,2,2,42,8,8,0)
768:(47,2,2,43,7,7,0)
769:(47,2,2,44,6,6,0)
770:(47,2,2,45,5,5,0)
771:(47,2,2,46,4,4,0)
772:(47,2,2,47,3,3,0)
773:(47,2,2,48,2,2,0)
774:(47,2,2,49,1,1,0)
775:(47,2,3,43,7,7,0)
776:(47,2,3,44,6,6,0)
777:(47,2,3,45,5,5,0)
778:(47,2,3,46,4,4,0)
779:(47,2,3,47,3,3,0)
780:(47,2,3,48,2,2,0)
781:(47,2,3,49,1,1,0)
782:(48,2,0,40,10,10,0)
783:(48,2,0,41,9,9,0)
784:(48,2,0,42,8,8,0)
785:(48,2,0,43,7,7,0)
786:(48,2,0,44,6,6,0)
787:(48,2,0,45,5,5,0)
788:(48,2,0,46,4,4,0)
789:(48,2,0,47,3,3,0)
790:(48,2,0,48,2,2,0)
791:(48,2,1,41,9,9,0)
792:(48,2,1,42,8,8,0)
793:(48,2,1,43,7,7,0)
794:(48,2,1,44,6,6,0)
795:(48,2,1,45,5,5,0)
796:(48,2,1,46,4,4,0)
797:(48,2,1,47,3,3,0)
798:(48,2,1,48,2,2,0)
799:(48,2,1,49,1,1,0)
800:(48,2,2,43,7,7,0)
801:(48,2,2,44,6,6,0)
802:(48,2,2,45,5,5,0)
803:(48,2,2,46,4,4,0)
804:(48,2,2,47,3,3,0)
805:(48,2,2,48,2,2,0)
806:(48,2,2,49,1,1,0)
807:(48,2,2,50,0,0,0)
808:(48,2,3,47,3,3,0)
809:(48,2,3,48,2,2,0)
810:(48,2,3,49,1,1,0)
811:(48,2,3,50,0,0,0)
812:(49,2,0,42,8,8,0)
813:(49,2,0,43,7,7,0)
814:(49,2,0,44,6,6,0)
815:(49,2,0,45,5,5,0)
816:(49,2,0,46,4,4,0)
817:(49,2,0,47,3,3,0)
818:(49,2,0,48,2,2,0)
819:(49,2,0,49,1,1,0)
820:(49,2,0,50,0,0,0)
821:(49,2,1,43,7,7,0)
822:(49,2,1,44,6,6,0)
823:(49,2,1,45,5,5,0)
824:(49,2,1,46,4,4,0)
825:(49,2,1,47,3,3,0)
826:(49,2,1,48,2,2,0)
827:(49,2,1,49,1,1,0)
828:(49,2,1,50,0,0,0)
829:(49,2,2,47,3,3,0)
830:(49,2,2,48,2,2,0)
831:(49,2,2,49,1,1,0)
832:(49,2,2,50,0,0,0)
833:(49,2,3,49,1,1,0)
834:(49,2,3,50,0,0,0)
835:(50,2,0,46,4,4,0)
836:(50,2,0,47,3,3,0)
837:(50,2,0,48,2,2,0)
838:(50,2,0,49,1,1,0)
839:(50,2,0,50,0,0,0)
840:(50,2,1,47,3,3,0)
841:(50,2,1,48,2,2,0)
842:(50,2,1,49,1,1,0)
843:(50,2,1,50,0,0,0)
844:(50,2,2,49,1,1,0)
845:(50,2,2,50,0,0,0)
846:(50,2,3,50,0,0,0)
847:(51,2,0,48,2,2,0)
848:(51,2,0,49,1,1,0)
849:(51,2,0,50,0,0,0)
850:(51,2,1,49,1,1,0)
851:(51,2,1,50,0,0,0)
852:(51,2,2,50,0,0,0)
