(r,l,rl,g,ga,gbg,gd)
0:(-1,-1,-1,-1,-1,-1,-1)
1:(18,2,0,0,50,50,0)
2:(18,2,1,0,50,50,0)
3:(18,2,1,1,49,49,0)
4:(18,2,2,0,50,50,0)
5:(18,2,2,1,49,49,0)
6:(18,2,3,1,49,49,0)
7:(19,2,0,0,50,50,0)
8:(19,2,0,1,49,49,0)
9:(19,2,1,0,50,50,0)
10:(19,2,1,1,49,49,0)
11:(19,2,1,2,48,48,0)
12:(19,2,2,0,50,50,0)
13:(19,2,2,1,49,49,0)
14:(19,2,2,2,48,48,0)
15:(19,2,3,1,49,49,0)
16:(19,2,3,2,48,48,0)
17:(20,2,0,0,50,50,0)
18:(20,2,0,1,49,49,0)
19:(20,2,0,2,48,48,0)
20:(20,2,0,3,47,47,0)
21:(20,2,0,4,46,46,0)
22:(20,2,1,0,50,50,0)
23:(20,2,1,1,49,49,0)
24:(20,2,1,2,48,48,0)
25:(20,2,1,3,47,47,0)
26:(20,2,1,4,46,46,0)
27:(20,2,1,5,45,45,0)
28:(20,2,2,0,50,50,0)
29:(20,2,2,1,49,49,0)
30:(20,2,2,2,48,48,0)
31:(20,2,2,3,47,47,0)
32:(20,2,2,4,46,46,0)
33:(20,2,2,5,45,45,0)
34:(20,2,3,1,49,49,0)
35:(20,2,3,2,48,48,0)
36:(20,2,3,3,47,47,0)
37:(20,2,3,4,46,46,0)
38:(20,2,3,5,45,45,0)
39:(21,2,0,0,50,50,0)
40:(21,2,0,1,49,49,0)
41:(21,2,0,2,48,48,0)
42:(21,2,0,3,47,47,0)
43:(21,2,0,4,46,46,0)
44:(21,2,0,5,45,45,0)
45:(21,2,1,0,50,50,0)
46:(21,2,1,1,49,49,0)
47:(21,2,1,2,48,48,0)
48:(21,2,1,3,47,47,0)
49:(21,2,1,4,46,46,0)
50:(21,2,1,5,45,45,0)
51:(21,2,1,6,44,44,0)
52:(21,2,2,1,49,49,0)
53:(21,2,2,2,48,48,0)
54:(21,2,2,3,47,47,0)
55:(21,2,2,4,46,46,0)
56:(21,2,2,5,45,45,0)
57:(21,2,2,6,44,44,0)
58:(21,2,3,2,48,48,0)
59:(21,2,3,3,47,47,0)
60:(21,2,3,4,46,46,0)
61:(21,2,3,5,45,45,0)
62:(21,2,3,6,44,44,0)
63:(22,2,0,0,50,50,0)
64:(22,2,0,1,49,49,0)
65:(22,2,0,2,48,48,0)
66:(22,2,0,3,47,47,0)
67:(22,2,0,4,46,46,0)
68:(22,2,0,5,45,45,0)
69:(22,2,0,6,44,44,0)
70:(22,2,0,7,43,43,0)
71:(22,2,1,1,49,49,0)
72:(22,2,1,2,48,48,0)
73:(22,2,1,3,47,47,0)
74:(22,2,1,4,46,46,0)
75:(22,2,1,5,45,45,0)
76:(22,2,1,6,44,44,0)
77:(22,2,1,7,43,43,0)
78:(22,2,1,8,42,42,0)
79:(22,2,2,2,48,48,0)
80:(22,2,2,3,47,47,0)
81:(22,2,2,4,46,46,0)
82:(22,2,2,5,45,45,0)
83:(22,2,2,6,44,44,0)
84:(22,2,2,7,43,43,0)
85:(22,2,2,8,42,42,0)
86:(22,2,3,3,47,47,0)
87:(22,2,3,4,46,46,0)
88:(22,2,3,5,45,45,0)
89:(22,2,3,6,44,44,0)
90:(22,2,3,7,43,43,0)
91:(22,2,3,8,42,42,0)
92:(23,2,0,1,49,49,0)
93:(23,2,0,2,48,48,0)
94:(23,2,0,3,47,47,0)
95:(23,2,0,4,46,46,0)
96:(23,2,0,5,45,45,0)
97:(23,2,0,6,44,44,0)
98:(23,2,0,7,43,43,0)
99:(23,2,0,8,42,42,0)
100:(23,2,1,2,48,48,0)
101:(23,2,1,3,47,47,0)
102:(23,2,1,4,46,46,0)
103:(23,2,1,5,45,45,0)
104:(23,2,1,6,44,44,0)
105:(23,2,1,7,43,43,0)
106:(23,2,1,8,42,42,0)
107:(23,2,1,9,41,41,0)
108:(23,2,2,3,47,47,0)
109:(23,2,2,4,46,46,0)
110:(23,2,2,5,45,45,0)
111:(23,2,2,6,44,44,0)
112:(23,2,2,7,43,43,0)
113:(23,2,2,8,42,42,0)
114:(23,2,2,9,41,41,0)
115:(23,2,3,6,44,44,0)
116:(23,2,3,7,43,43,0)
117:(23,2,3,8,42,42,0)
118:(23,2,3,9,41,41,0)
119:(24,2,0,2,48,48,0)
120:(24,2,0,3,47,47,0)
121:(24,2,0,4,46,46,0)
122:(24,2,0,5,45,45,0)
123:(24,2,0,6,44,44,0)
124:(24,2,0,7,43,43,0)
125:(24,2,0,8,42,42,0)
126:(24,2,0,9,41,41,0)
127:(24,2,1,3,47,47,0)
128:(24,2,1,4,46,46,0)
129:(24,2,1,5,45,45,0)
130:(24,2,1,6,44,44,0)
131:(24,2,1,7,43,43,0)
132:(24,2,1,8,42,42,0)
133:(24,2,1,9,41,41,0)
134:(24,2,1,10,40,40,0)
135:(24,2,2,6,44,44,0)
136:(24,2,2,7,43,43,0)
137:(24,2,2,8,42,42,0)
138:(24,2,2,9,41,41,0)
139:(24,2,2,10,40,40,0)
140:(24,2,3,7,43,43,0)
141:(24,2,3,8,42,42,0)
142:(24,2,3,9,41,41,0)
143:(24,2,3,10,40,40,0)
144:(25,2,0,5,45,45,0)
145:(25,2,0,6,44,44,0)
146:(25,2,0,7,43,43,0)
147:(25,2,0,8,42,42,0)
148:(25,2,0,9,41,41,0)
149:(25,2,0,10,40,40,0)
150:(25,2,1,6,44,44,0)
151:(25,2,1,7,43,43,0)
152:(25,2,1,8,42,42,0)
153:(25,2,1,9,41,41,0)
154:(25,2,1,10,40,40,0)
155:(25,2,1,11,39,39,0)
156:(25,2,2,7,43,43,0)
157:(25,2,2,8,42,42,0)
158:(25,2,2,9,41,41,0)
159:(25,2,2,10,40,40,0)
160:(25,2,2,11,39,39,0)
161:(25,2,3,9,41,41,0)
162:(25,2,3,10,40,40,0)
163:(25,2,3,11,39,39,0)
164:(26,2,0,6,44,44,0)
165:(26,2,0,7,43,43,0)
166:(26,2,0,8,42,42,0)
167:(26,2,0,9,41,41,0)
168:(26,2,0,10,40,40,0)
169:(26,2,0,11,39,39,0)
170:(26,2,0,12,38,38,0)
171:(26,2,1,7,43,43,0)
172:(26,2,1,8,42,42,0)
173:(26,2,1,9,41,41,0)
174:(26,2,1,10,40,40,0)
175:(26,2,1,11,39,39,0)
176:(26,2,1,12,38,38,0)
177:(26,2,1,13,37,37,0)
178:(26,2,2,9,41,41,0)
179:(26,2,2,10,40,40,0)
180:(26,2,2,11,39,39,0)
181:(26,2,2,12,38,38,0)
182:(26,2,2,13,37,37,0)
183:(26,2,3,10,40,40,0)
184:(26,2,3,11,39,39,0)
185:(26,2,3,12,38,38,0)
186:(26,2,3,13,37,37,0)
187:(27,2,0,8,42,42,0)
188:(27,2,0,9,41,41,0)
189:(27,2,0,10,40,40,0)
190:(27,2,0,11,39,39,0)
191:(27,2,0,12,38,38,0)
192:(27,2,0,13,37,37,0)
193:(27,2,0,14,36,36,0)
194:(27,2,1,9,41,41,0)
195:(27,2,1,10,40,40,0)
196:(27,2,1,11,39,39,0)
197:(27,2,1,12,38,38,0)
198:(27,2,1,13,37,37,0)
199:(27,2,1,14,36,36,0)
200:(27,2,1,15,35,35,0)
201:(27,2,2,10,40,40,0)
202:(27,2,2,11,39,39,0)
203:(27,2,2,12,38,38,0)
204:(27,2,2,13,37,37,0)
205:(27,2,2,14,36,36,0)
206:(27,2,2,15,35,35,0)
207:(27,2,3,11,39,39,0)
208:(27,2,3,12,38,38,0)
209:(27,2,3,13,37,37,0)
210:(27,2,3,14,36,36,0)
211:(27,2,3,15,35,35,0)
212:(28,2,0,9,41,41,0)
213:(28,2,0,10,40,40,0)
214:(28,2,0,11,39,39,0)
215:(28,2,0,12,38,38,0)
216:(28,2,0,13,37,37,0)
217:(28,2,0,14,36,36,0)
218:(28,2,0,15,35,35,0)
219:(28,2,1,10,40,40,0)
220:(28,2,1,11,39,39,0)
221:(28,2,1,12,38,38,0)
222:(28,2,1,13,37,37,0)
223:(28,2,1,14,36,36,0)
224:(28,2,1,15,35,35,0)
225:(28,2,1,16,34,34,0)
226:(28,2,2,11,39,39,0)
227:(28,2,2,12,38,38,0)
228:(28,2,2,13,37,37,0)
229:(28,2,2,14,36,36,0)
230:(28,2,2,15,35,35,0)
231:(28,2,2,16,34,34,0)
232:(28,2,3,12,38,38,0)
233:(28,2,3,13,37,37,0)
234:(28,2,3,14,36,36,0)
235:(28,2,3,15,35,35,0)
236:(28,2,3,16,34,34,0)
237:(29,2,0,10,40,40,0)
238:(29,2,0,11,39,39,0)
239:(29,2,0,12,38,38,0)
240:(29,2,0,13,37,37,0)
241:(29,2,0,14,36,36,0)
242:(29,2,0,15,35,35,0)
243:(29,2,0,16,34,34,0)
244:(29,2,1,11,39,39,0)
245:(29,2,1,12,38,38,0)
246:(29,2,1,13,37,37,0)
247:(29,2,1,14,36,36,0)
248:(29,2,1,15,35,35,0)
249:(29,2,1,16,34,34,0)
250:(29,2,1,17,33,33,0)
251:(29,2,2,12,38,38,0)
252:(29,2,2,13,37,37,0)
253:(29,2,2,14,36,36,0)
254:(29,2,2,15,35,35,0)
255:(29,2,2,16,34,34,0)
256:(29,2,2,17,33,33,0)
257:(29,2,3,14,36,36,0)
258:(29,2,3,15,35,35,0)
259:(29,2,3,16,34,34,0)
260:(29,2,3,17,33,33,0)
261:(30,2,0,11,39,39,0)
262:(30,2,0,12,38,38,0)
263:(30,2,0,13,37,37,0)
264:(30,2,0,14,36,36,0)
265:(30,2,0,15,35,35,0)
266:(30,2,0,16,34,34,0)
267:(30,2,0,17,33,33,0)
268:(30,2,1,12,38,38,0)
269:(30,2,1,13,37,37,0)
270:(30,2,1,14,36,36,0)
271:(30,2,1,15,35,35,0)
272:(30,2,1,16,34,34,0)
273:(30,2,1,17,33,33,0)
274:(30,2,1,18,32,32,0)
275:(30,2,2,14,36,36,0)
276:(30,2,2,15,35,35,0)
277:(30,2,2,16,34,34,0)
278:(30,2,2,17,33,33,0)
279:(30,2,2,18,32,32,0)
280:(30,2,3,16,34,34,0)
281:(30,2,3,17,33,33,0)
282:(30,2,3,18,32,32,0)
283:(31,2,0,13,37,37,0)
284:(31,2,0,14,36,36,0)
285:(31,2,0,15,35,35,0)
286:(31,2,0,16,34,34,0)
287:(31,2,0,17,33,33,0)
288:(31,2,0,18,32,32,0)
289:(31,2,1,14,36,36,0)
290:(31,2,1,15,35,35,0)
291:(31,2,1,16,34,34,0)
292:(31,2,1,17,33,33,0)
293:(31,2,1,18,32,32,0)
294:(31,2,1,19,31,31,0)
295:(31,2,2,16,34,34,0)
296:(31,2,2,17,33,33,0)
297:(31,2,2,18,32,32,0)
298:(31,2,2,19,31,31,0)
299:(31,2,3,17,33,33,0)
300:(31,2,3,18,32,32,0)
301:(31,2,3,19,31,31,0)
302:(32,2,0,15,35,35,0)
303:(32,2,0,16,34,34,0)
304:(32,2,0,17,33,33,0)
305:(32,2,0,18,32,32,0)
306:(32,2,0,19,31,31,0)
307:(32,2,1,16,34,34,0)
308:(32,2,1,17,33,33,0)
309:(32,2,1,18,32,32,0)
310:(32,2,1,19,31,31,0)
311:(32,2,1,20,30,30,0)
312:(32,2,2,17,33,33,0)
313:(32,2,2,18,32,32,0)
314:(32,2,2,19,31,31,0)
315:(32,2,2,20,30,30,0)
316:(32,2,3,18,32,32,0)
317:(32,2,3,19,31,31,0)
318:(32,2,3,20,30,30,0)
319:(33,2,0,16,34,34,0)
320:(33,2,0,17,33,33,0)
321:(33,2,0,18,32,32,0)
322:(33,2,0,19,31,31,0)
323:(33,2,0,20,30,30,0)
324:(33,2,1,17,33,33,0)
325:(33,2,1,18,32,32,0)
326:(33,2,1,19,31,31,0)
327:(33,2,1,20,30,30,0)
328:(33,2,1,21,29,29,0)
329:(33,2,2,18,32,32,0)
330:(33,2,2,19,31,31,0)
331:(33,2,2,20,30,30,0)
332:(33,2,2,21,29,29,0)
333:(33,2,3,19,31,31,0)
334:(33,2,3,20,30,30,0)
335:(33,2,3,21,29,29,0)
336:(34,2,0,17,33,33,0)
337:(34,2,0,18,32,32,0)
338:(34,2,0,19,31,31,0)
339:(34,2,0,20,30,30,0)
340:(34,2,0,21,29,29,0)
341:(34,2,1,18,32,32,0)
342:(34,2,1,19,31,31,0)
343:(34,2,1,20,30,30,0)
344:(34,2,1,21,29,29,0)
345:(34,2,1,22,28,28,0)
346:(34,2,2,19,31,31,0)
347:(34,2,2,20,30,30,0)
348:(34,2,2,21,29,29,0)
349:(34,2,2,22,28,28,0)
350:(34,2,3,20,30,30,0)
351:(34,2,3,21,29,29,0)
352:(34,2,3,22,28,28,0)
353:(35,2,0,18,32,32,0)
354:(35,2,0,19,31,31,0)
355:(35,2,0,20,30,30,0)
356:(35,2,0,21,29,29,0)
357:(35,2,0,22,28,28,0)
358:(35,2,1,19,31,31,0)
359:(35,2,1,20,30,30,0)
360:(35,2,1,21,29,29,0)
361:(35,2,1,22,28,28,0)
362:(35,2,1,23,27,27,0)
363:(35,2,2,20,30,30,0)
364:(35,2,2,21,29,29,0)
365:(35,2,2,22,28,28,0)
366:(35,2,2,23,27,27,0)
367:(35,2,3,21,29,29,0)
368:(35,2,3,22,28,28,0)
369:(35,2,3,23,27,27,0)
370:(36,2,0,19,31,31,0)
371:(36,2,0,20,30,30,0)
372:(36,2,0,21,29,29,0)
373:(36,2,0,22,28,28,0)
374:(36,2,0,23,27,27,0)
375:(36,2,0,24,26,26,0)
376:(36,2,1,20,30,30,0)
377:(36,2,1,21,29,29,0)
378:(36,2,1,22,28,28,0)
379:(36,2,1,23,27,27,0)
380:(36,2,1,24,26,26,0)
381:(36,2,1,25,25,25,0)
382:(36,2,2,21,29,29,0)
383:(36,2,2,22,28,28,0)
384:(36,2,2,23,27,27,0)
385:(36,2,2,24,26,26,0)
386:(36,2,2,25,25,25,0)
387:(36,2,3,22,28,28,0)
388:(36,2,3,23,27,27,0)
389:(36,2,3,24,26,26,0)
390:(36,2,3,25,25,25,0)
391:(37,2,0,20,30,30,0)
392:(37,2,0,21,29,29,0)
393:(37,2,0,22,28,28,0)
394:(37,2,0,23,27,27,0)
395:(37,2,0,24,26,26,0)
396:(37,2,0,25,25,25,0)
397:(37,2,0,26,24,24,0)
398:(37,2,0,27,23,23,0)
399:(37,2,0,28,22,22,0)
400:(37,2,1,21,29,29,0)
401:(37,2,1,22,28,28,0)
402:(37,2,1,23,27,27,0)
403:(37,2,1,24,26,26,0)
404:(37,2,1,25,25,25,0)
405:(37,2,1,26,24,24,0)
406:(37,2,1,27,23,23,0)
407:(37,2,1,28,22,22,0)
408:(37,2,1,29,21,21,0)
409:(37,2,2,22,28,28,0)
410:(37,2,2,23,27,27,0)
411:(37,2,2,24,26,26,0)
412:(37,2,2,25,25,25,0)
413:(37,2,2,26,24,24,0)
414:(37,2,2,27,23,23,0)
415:(37,2,2,28,22,22,0)
416:(37,2,2,29,21,21,0)
417:(37,2,3,23,27,27,0)
418:(37,2,3,24,26,26,0)
419:(37,2,3,25,25,25,0)
420:(37,2,3,26,24,24,0)
421:(37,2,3,27,23,23,0)
422:(37,2,3,28,22,22,0)
423:(37,2,3,29,21,21,0)
424:(38,2,0,21,29,29,0)
425:(38,2,0,22,28,28,0)
426:(38,2,0,23,27,27,0)
427:(38,2,0,24,26,26,0)
428:(38,2,0,25,25,25,0)
429:(38,2,0,26,24,24,0)
430:(38,2,0,27,23,23,0)
431:(38,2,0,28,22,22,0)
432:(38,2,0,29,21,21,0)
433:(38,2,0,30,20,20,0)
434:(38,2,1,22,28,28,0)
435:(38,2,1,23,27,27,0)
436:(38,2,1,24,26,26,0)
437:(38,2,1,25,25,25,0)
438:(38,2,1,26,24,24,0)
439:(38,2,1,27,23,23,0)
440:(38,2,1,28,22,22,0)
441:(38,2,1,29,21,21,0)
442:(38,2,1,30,20,20,0)
443:(38,2,1,31,19,19,0)
444:(38,2,2,23,27,27,0)
445:(38,2,2,24,26,26,0)
446:(38,2,2,25,25,25,0)
447:(38,2,2,26,24,24,0)
448:(38,2,2,27,23,23,0)
449:(38,2,2,28,22,22,0)
450:(38,2,2,29,21,21,0)
451:(38,2,2,30,20,20,0)
452:(38,2,2,31,19,19,0)
453:(38,2,3,24,26,26,0)
454:(38,2,3,25,25,25,0)
455:(38,2,3,26,24,24,0)
456:(38,2,3,27,23,23,0)
457:(38,2,3,28,22,22,0)
458:(38,2,3,29,21,21,0)
459:(38,2,3,30,20,20,0)
460:(38,2,3,31,19,19,0)
461:(39,2,0,22,28,28,0)
462:(39,2,0,23,27,27,0)
463:(39,2,0,24,26,26,0)
464:(39,2,0,25,25,25,0)
465:(39,2,0,26,24,24,0)
466:(39,2,0,27,23,23,0)
467:(39,2,0,28,22,22,0)
468:(39,2,0,29,21,21,0)
469:(39,2,0,30,20,20,0)
470:(39,2,0,31,19,19,0)
471:(39,2,0,32,18,18,0)
472:(39,2,0,33,17,17,0)
473:(39,2,0,34,16,16,0)
474:(39,2,0,35,15,15,0)
475:(39,2,1,23,27,27,0)
476:(39,2,1,24,26,26,0)
477:(39,2,1,25,25,25,0)
478:(39,2,1,26,24,24,0)
479:(39,2,1,27,23,23,0)
480:(39,2,1,28,22,22,0)
481:(39,2,1,29,21,21,0)
482:(39,2,1,30,20,20,0)
483:(39,2,1,31,19,19,0)
484:(39,2,1,32,18,18,0)
485:(39,2,1,33,17,17,0)
486:(39,2,1,34,16,16,0)
487:(39,2,1,35,15,15,0)
488:(39,2,1,36,14,14,0)
489:(39,2,2,24,26,26,0)
490:(39,2,2,25,25,25,0)
491:(39,2,2,26,24,24,0)
492:(39,2,2,27,23,23,0)
493:(39,2,2,28,22,22,0)
494:(39,2,2,29,21,21,0)
495:(39,2,2,30,20,20,0)
496:(39,2,2,31,19,19,0)
497:(39,2,2,32,18,18,0)
498:(39,2,2,33,17,17,0)
499:(39,2,2,34,16,16,0)
500:(39,2,2,35,15,15,0)
501:(39,2,2,36,14,14,0)
502:(39,2,3,26,24,24,0)
503:(39,2,3,27,23,23,0)
504:(39,2,3,28,22,22,0)
505:(39,2,3,29,21,21,0)
506:(39,2,3,30,20,20,0)
507:(39,2,3,31,19,19,0)
508:(39,2,3,32,18,18,0)
509:(39,2,3,33,17,17,0)
510:(39,2,3,34,16,16,0)
511:(39,2,3,35,15,15,0)
512:(39,2,3,36,14,14,0)
513:(40,2,0,23,27,27,0)
514:(40,2,0,24,26,26,0)
515:(40,2,0,25,25,25,0)
516:(40,2,0,26,24,24,0)
517:(40,2,0,27,23,23,0)
518:(40,2,0,28,22,22,0)
519:(40,2,0,29,21,21,0)
520:(40,2,0,30,20,20,0)
521:(40,2,0,31,19,19,0)
522:(40,2,0,32,18,18,0)
523:(40,2,0,33,17,17,0)
524:(40,2,0,34,16,16,0)
525:(40,2,0,35,15,15,0)
526:(40,2,0,36,14,14,0)
527:(40,2,0,37,13,13,0)
528:(40,2,1,24,26,26,0)
529:(40,2,1,25,25,25,0)
530:(40,2,1,26,24,24,0)
531:(40,2,1,27,23,23,0)
532:(40,2,1,28,22,22,0)
533:(40,2,1,29,21,21,0)
534:(40,2,1,30,20,20,0)
535:(40,2,1,31,19,19,0)
536:(40,2,1,32,18,18,0)
537:(40,2,1,33,17,17,0)
538:(40,2,1,34,16,16,0)
539:(40,2,1,35,15,15,0)
540:(40,2,1,36,14,14,0)
541:(40,2,1,37,13,13,0)
542:(40,2,1,38,12,12,0)
543:(40,2,2,26,24,24,0)
544:(40,2,2,27,23,23,0)
545:(40,2,2,28,22,22,0)
546:(40,2,2,29,21,21,0)
547:(40,2,2,30,20,20,0)
548:(40,2,2,31,19,19,0)
549:(40,2,2,32,18,18,0)
550:(40,2,2,33,17,17,0)
551:(40,2,2,34,16,16,0)
552:(40,2,2,35,15,15,0)
553:(40,2,2,36,14,14,0)
554:(40,2,2,37,13,13,0)
555:(40,2,2,38,12,12,0)
556:(40,2,3,30,20,20,0)
557:(40,2,3,31,19,19,0)
558:(40,2,3,32,18,18,0)
559:(40,2,3,33,17,17,0)
560:(40,2,3,34,16,16,0)
561:(40,2,3,35,15,15,0)
562:(40,2,3,36,14,14,0)
563:(40,2,3,37,13,13,0)
564:(40,2,3,38,12,12,0)
565:(41,2,0,25,25,25,0)
566:(41,2,0,26,24,24,0)
567:(41,2,0,27,23,23,0)
568:(41,2,0,28,22,22,0)
569:(41,2,0,29,21,21,0)
570:(41,2,0,30,20,20,0)
571:(41,2,0,31,19,19,0)
572:(41,2,0,32,18,18,0)
573:(41,2,0,33,17,17,0)
574:(41,2,0,34,16,16,0)
575:(41,2,0,35,15,15,0)
576:(41,2,0,36,14,14,0)
577:(41,2,0,37,13,13,0)
578:(41,2,0,38,12,12,0)
579:(41,2,1,26,24,24,0)
580:(41,2,1,27,23,23,0)
581:(41,2,1,28,22,22,0)
582:(41,2,1,29,21,21,0)
583:(41,2,1,30,20,20,0)
584:(41,2,1,31,19,19,0)
585:(41,2,1,32,18,18,0)
586:(41,2,1,33,17,17,0)
587:(41,2,1,34,16,16,0)
588:(41,2,1,35,15,15,0)
589:(41,2,1,36,14,14,0)
590:(41,2,1,37,13,13,0)
591:(41,2,1,38,12,12,0)
592:(41,2,1,39,11,11,0)
593:(41,2,2,30,20,20,0)
594:(41,2,2,31,19,19,0)
595:(41,2,2,32,18,18,0)
596:(41,2,2,33,17,17,0)
597:(41,2,2,34,16,16,0)
598:(41,2,2,35,15,15,0)
599:(41,2,2,36,14,14,0)
600:(41,2,2,37,13,13,0)
601:(41,2,2,38,12,12,0)
602:(41,2,2,39,11,11,0)
603:(41,2,3,32,18,18,0)
604:(41,2,3,33,17,17,0)
605:(41,2,3,34,16,16,0)
606:(41,2,3,35,15,15,0)
607:(41,2,3,36,14,14,0)
608:(41,2,3,37,13,13,0)
609:(41,2,3,38,12,12,0)
610:(41,2,3,39,11,11,0)
611:(42,2,0,29,21,21,0)
612:(42,2,0,30,20,20,0)
613:(42,2,0,31,19,19,0)
614:(42,2,0,32,18,18,0)
615:(42,2,0,33,17,17,0)
616:(42,2,0,34,16,16,0)
617:(42,2,0,35,15,15,0)
618:(42,2,0,36,14,14,0)
619:(42,2,0,37,13,13,0)
620:(42,2,0,38,12,12,0)
621:(42,2,0,39,11,11,0)
622:(42,2,1,30,20,20,0)
623:(42,2,1,31,19,19,0)
624:(42,2,1,32,18,18,0)
625:(42,2,1,33,17,17,0)
626:(42,2,1,34,16,16,0)
627:(42,2,1,35,15,15,0)
628:(42,2,1,36,14,14,0)
629:(42,2,1,37,13,13,0)
630:(42,2,1,38,12,12,0)
631:(42,2,1,39,11,11,0)
632:(42,2,1,40,10,10,0)
633:(42,2,2,32,18,18,0)
634:(42,2,2,33,17,17,0)
635:(42,2,2,34,16,16,0)
636:(42,2,2,35,15,15,0)
637:(42,2,2,36,14,14,0)
638:(42,2,2,37,13,13,0)
639:(42,2,2,38,12,12,0)
640:(42,2,2,39,11,11,0)
641:(42,2,2,40,10,10,0)
642:(42,2,3,37,13,13,0)
643:(42,2,3,38,12,12,0)
644:(42,2,3,39,11,11,0)
645:(42,2,3,40,10,10,0)
646:(43,2,0,31,19,19,0)
647:(43,2,0,32,18,18,0)
648:(43,2,0,33,17,17,0)
649:(43,2,0,34,16,16,0)
650:(43,2,0,35,15,15,0)
651:(43,2,0,36,14,14,0)
652:(43,2,0,37,13,13,0)
653:(43,2,0,38,12,12,0)
654:(43,2,0,39,11,11,0)
655:(43,2,0,40,10,10,0)
656:(43,2,1,32,18,18,0)
657:(43,2,1,33,17,17,0)
658:(43,2,1,34,16,16,0)
659:(43,2,1,35,15,15,0)
660:(43,2,1,36,14,14,0)
661:(43,2,1,37,13,13,0)
662:(43,2,1,38,12,12,0)
663:(43,2,1,39,11,11,0)
664:(43,2,1,40,10,10,0)
665:(43,2,1,41,9,9,0)
666:(43,2,2,37,13,13,0)
667:(43,2,2,38,12,12,0)
668:(43,2,2,39,11,11,0)
669:(43,2,2,40,10,10,0)
670:(43,2,2,41,9,9,0)
671:(43,2,3,39,11,11,0)
672:(43,2,3,40,10,10,0)
673:(43,2,3,41,9,9,0)
674:(44,2,0,36,14,14,0)
675:(44,2,0,37,13,13,0)
676:(44,2,0,38,12,12,0)
677:(44,2,0,39,11,11,0)
678:(44,2,0,40,10,10,0)
679:(44,2,0,41,9,9,0)
680:(44,2,0,42,8,8,0)
681:(44,2,0,43,7,7,0)
682:(44,2,0,44,6,6,0)
683:(44,2,0,45,5,5,0)
684:(44,2,1,37,13,13,0)
685:(44,2,1,38,12,12,0)
686:(44,2,1,39,11,11,0)
687:(44,2,1,40,10,10,0)
688:(44,2,1,41,9,9,0)
689:(44,2,1,42,8,8,0)
690:(44,2,1,43,7,7,0)
691:(44,2,1,44,6,6,0)
692:(44,2,1,45,5,5,0)
693:(44,2,1,46,4,4,0)
694:(44,2,2,39,11,11,0)
695:(44,2,2,40,10,10,0)
696:(44,2,2,41,9,9,0)
697:(44,2,2,42,8,8,0)
698:(44,2,2,43,7,7,0)
699:(44,2,2,44,6,6,0)
700:(44,2,2,45,5,5,0)
701:(44,2,2,46,4,4,0)
702:(44,2,3,40,10,10,0)
703:(44,2,3,41,9,9,0)
704:(44,2,3,42,8,8,0)
705:(44,2,3,43,7,7,0)
706:(44,2,3,44,6,6,0)
707:(44,2,3,45,5,5,0)
708:(44,2,3,46,4,4,0)
709:(45,2,0,38,12,12,0)
710:(45,2,0,39,11,11,0)
711:(45,2,0,40,10,10,0)
712:(45,2,0,41,9,9,0)
713:(45,2,0,42,8,8,0)
714:(45,2,0,43,7,7,0)
715:(45,2,0,44,6,6,0)
716:(45,2,0,45,5,5,0)
717:(45,2,0,46,4,4,0)
718:(45,2,1,39,11,11,0)
719:(45,2,1,40,10,10,0)
720:(45,2,1,41,9,9,0)
721:(45,2,1,42,8,8,0)
722:(45,2,1,43,7,7,0)
723:(45,2,1,44,6,6,0)
724:(45,2,1,45,5,5,0)
725:(45,2,1,46,4,4,0)
726:(45,2,1,47,3,3,0)
727:(45,2,2,40,10,10,0)
728:(45,2,2,41,9,9,0)
729:(45,2,2,42,8,8,0)
730:(45,2,2,43,7,7,0)
731:(45,2,2,44,6,6,0)
732:(45,2,2,45,5,5,0)
733:(45,2,2,46,4,4,0)
734:(45,2,2,47,3,3,0)
735:(45,2,2,48,2,2,0)
736:(45,2,3,41,9,9,0)
737:(45,2,3,42,8,8,0)
738:(45,2,3,43,7,7,0)
739:(45,2,3,44,6,6,0)
740:(45,2,3,45,5,5,0)
741:(45,2,3,46,4,4,0)
742:(45,2,3,47,3,3,0)
743:(45,2,3,48,2,2,0)
744:(46,2,0,39,11,11,0)
745:(46,2,0,40,10,10,0)
746:(46,2,0,41,9,9,0)
747:(46,2,0,42,8,8,0)
748:(46,2,0,43,7,7,0)
749:(46,2,0,44,6,6,0)
750:(46,2,0,45,5,5,0)
751:(46,2,0,46,4,4,0)
752:(46,2,0,47,3,3,0)
753:(46,2,1,40,10,10,0)
754:(46,2,1,41,9,9,0)
755:(46,2,1,42,8,8,0)
756:(46,2,1,43,7,7,0)
757:(46,2,1,44,6,6,0)
758:(46,2,1,45,5,5,0)
759:(46,2,1,46,4,4,0)
760:(46,2,1,47,3,3,0)
761:(46,2,1,48,2,2,0)
762:(46,2,2,41,9,9,0)
763:(46,2,2,42,8,8,0)
764:(46,2,2,43,7,7,0)
765:(46,2,2,44,6,6,0)
766:(46,2,2,45,5,5,0)
767:(46,2,2,46,4,4,0)
768:(46,2,2,47,3,3,0)
769:(46,2,2,48,2,2,0)
770:(46,2,2,49,1,1,0)
771:(46,2,3,42,8,8,0)
772:(46,2,3,43,7,7,0)
773:(46,2,3,44,6,6,0)
774:(46,2,3,45,5,5,0)
775:(46,2,3,46,4,4,0)
776:(46,2,3,47,3,3,0)
777:(46,2,3,48,2,2,0)
778:(46,2,3,49,1,1,0)
779:(47,2,0,40,10,10,0)
780:(47,2,0,41,9,9,0)
781:(47,2,0,42,8,8,0)
782:(47,2,0,43,7,7,0)
783:(47,2,0,44,6,6,0)
784:(47,2,0,45,5,5,0)
785:(47,2,0,46,4,4,0)
786:(47,2,0,47,3,3,0)
787:(47,2,0,48,2,2,0)
788:(47,2,1,41,9,9,0)
789:(47,2,1,42,8,8,0)
790:(47,2,1,43,7,7,0)
791:(47,2,1,44,6,6,0)
792:(47,2,1,45,5,5,0)
793:(47,2,1,46,4,4,0)
794:(47,2,1,47,3,3,0)
795:(47,2,1,48,2,2,0)
796:(47,2,1,49,1,1,0)
797:(47,2,2,42,8,8,0)
798:(47,2,2,43,7,7,0)
799:(47,2,2,44,6,6,0)
800:(47,2,2,45,5,5,0)
801:(47,2,2,46,4,4,0)
802:(47,2,2,47,3,3,0)
803:(47,2,2,48,2,2,0)
804:(47,2,2,49,1,1,0)
805:(47,2,2,50,0,0,0)
806:(47,2,3,47,3,3,0)
807:(47,2,3,48,2,2,0)
808:(47,2,3,49,1,1,0)
809:(47,2,3,50,0,0,0)
810:(48,2,0,41,9,9,0)
811:(48,2,0,42,8,8,0)
812:(48,2,0,43,7,7,0)
813:(48,2,0,44,6,6,0)
814:(48,2,0,45,5,5,0)
815:(48,2,0,46,4,4,0)
816:(48,2,0,47,3,3,0)
817:(48,2,0,48,2,2,0)
818:(48,2,0,49,1,1,0)
819:(48,2,1,42,8,8,0)
820:(48,2,1,43,7,7,0)
821:(48,2,1,44,6,6,0)
822:(48,2,1,45,5,5,0)
823:(48,2,1,46,4,4,0)
824:(48,2,1,47,3,3,0)
825:(48,2,1,48,2,2,0)
826:(48,2,1,49,1,1,0)
827:(48,2,1,50,0,0,0)
828:(48,2,2,47,3,3,0)
829:(48,2,2,48,2,2,0)
830:(48,2,2,49,1,1,0)
831:(48,2,2,50,0,0,0)
832:(48,2,3,49,1,1,0)
833:(48,2,3,50,0,0,0)
834:(49,2,0,46,4,4,0)
835:(49,2,0,47,3,3,0)
836:(49,2,0,48,2,2,0)
837:(49,2,0,49,1,1,0)
838:(49,2,0,50,0,0,0)
839:(49,2,1,47,3,3,0)
840:(49,2,1,48,2,2,0)
841:(49,2,1,49,1,1,0)
842:(49,2,1,50,0,0,0)
843:(49,2,2,49,1,1,0)
844:(49,2,2,50,0,0,0)
845:(49,2,3,50,0,0,0)
846:(50,2,0,48,2,2,0)
847:(50,2,0,49,1,1,0)
848:(50,2,0,50,0,0,0)
849:(50,2,1,49,1,1,0)
850:(50,2,1,50,0,0,0)
851:(50,2,2,50,0,0,0)
852:(51,2,0,49,1,1,0)
853:(51,2,0,50,0,0,0)
854:(51,2,1,50,0,0,0)
