(r,l,rl,g,ga,gbg,gd)
0:(-1,-1,-1,-1,-1,-1,-1)
1:(24,2,0,0,50,50,0)
2:(24,2,1,0,50,50,0)
3:(24,2,1,1,49,49,0)
4:(24,2,2,0,50,50,0)
5:(24,2,2,1,49,49,0)
6:(24,2,3,1,49,49,0)
7:(25,2,0,0,50,50,0)
8:(25,2,0,1,49,49,0)
9:(25,2,0,2,48,48,0)
10:(25,2,1,0,50,50,0)
11:(25,2,1,1,49,49,0)
12:(25,2,1,2,48,48,0)
13:(25,2,1,3,47,47,0)
14:(25,2,2,0,50,50,0)
15:(25,2,2,1,49,49,0)
16:(25,2,2,2,48,48,0)
17:(25,2,2,3,47,47,0)
18:(25,2,3,1,49,49,0)
19:(25,2,3,2,48,48,0)
20:(25,2,3,3,47,47,0)
21:(26,2,0,0,50,50,0)
22:(26,2,0,1,49,49,0)
23:(26,2,0,2,48,48,0)
24:(26,2,0,3,47,47,0)
25:(26,2,0,4,46,46,0)
26:(26,2,1,0,50,50,0)
27:(26,2,1,1,49,49,0)
28:(26,2,1,2,48,48,0)
29:(26,2,1,3,47,47,0)
30:(26,2,1,4,46,46,0)
31:(26,2,1,5,45,45,0)
32:(26,2,2,0,50,50,0)
33:(26,2,2,1,49,49,0)
34:(26,2,2,2,48,48,0)
35:(26,2,2,3,47,47,0)
36:(26,2,2,4,46,46,0)
37:(26,2,2,5,45,45,0)
38:(26,2,3,1,49,49,0)
39:(26,2,3,2,48,48,0)
40:(26,2,3,3,47,47,0)
41:(26,2,3,4,46,46,0)
42:(26,2,3,5,45,45,0)
43:(27,2,0,0,50,50,0)
44:(27,2,0,1,49,49,0)
45:(27,2,0,2,48,48,0)
46:(27,2,0,3,47,47,0)
47:(27,2,0,4,46,46,0)
48:(27,2,0,5,45,45,0)
49:(27,2,1,0,50,50,0)
50:(27,2,1,1,49,49,0)
51:(27,2,1,2,48,48,0)
52:(27,2,1,3,47,47,0)
53:(27,2,1,4,46,46,0)
54:(27,2,1,5,45,45,0)
55:(27,2,1,6,44,44,0)
56:(27,2,2,1,49,49,0)
57:(27,2,2,2,48,48,0)
58:(27,2,2,3,47,47,0)
59:(27,2,2,4,46,46,0)
60:(27,2,2,5,45,45,0)
61:(27,2,2,6,44,44,0)
62:(27,2,3,2,48,48,0)
63:(27,2,3,3,47,47,0)
64:(27,2,3,4,46,46,0)
65:(27,2,3,5,45,45,0)
66:(27,2,3,6,44,44,0)
67:(28,2,0,0,50,50,0)
68:(28,2,0,1,49,49,0)
69:(28,2,0,2,48,48,0)
70:(28,2,0,3,47,47,0)
71:(28,2,0,4,46,46,0)
72:(28,2,0,5,45,45,0)
73:(28,2,0,6,44,44,0)
74:(28,2,1,1,49,49,0)
75:(28,2,1,2,48,48,0)
76:(28,2,1,3,47,47,0)
77:(28,2,1,4,46,46,0)
78:(28,2,1,5,45,45,0)
79:(28,2,1,6,44,44,0)
80:(28,2,1,7,43,43,0)
81:(28,2,2,2,48,48,0)
82:(28,2,2,3,47,47,0)
83:(28,2,2,4,46,46,0)
84:(28,2,2,5,45,45,0)
85:(28,2,2,6,44,44,0)
86:(28,2,2,7,43,43,0)
87:(28,2,3,4,46,46,0)
88:(28,2,3,5,45,45,0)
89:(28,2,3,6,44,44,0)
90:(28,2,3,7,43,43,0)
91:(29,2,0,1,49,49,0)
92:(29,2,0,2,48,48,0)
93:(29,2,0,3,47,47,0)
94:(29,2,0,4,46,46,0)
95:(29,2,0,5,45,45,0)
96:(29,2,0,6,44,44,0)
97:(29,2,0,7,43,43,0)
98:(29,2,1,2,48,48,0)
99:(29,2,1,3,47,47,0)
100:(29,2,1,4,46,46,0)
101:(29,2,1,5,45,45,0)
102:(29,2,1,6,44,44,0)
103:(29,2,1,7,43,43,0)
104:(29,2,1,8,42,42,0)
105:(29,2,2,4,46,46,0)
106:(29,2,2,5,45,45,0)
107:(29,2,2,6,44,44,0)
108:(29,2,2,7,43,43,0)
109:(29,2,2,8,42,42,0)
110:(29,2,3,6,44,44,0)
111:(29,2,3,7,43,43,0)
112:(29,2,3,8,42,42,0)
113:(30,2,0,3,47,47,0)
114:(30,2,0,4,46,46,0)
115:(30,2,0,5,45,45,0)
116:(30,2,0,6,44,44,0)
117:(30,2,0,7,43,43,0)
118:(30,2,0,8,42,42,0)
119:(30,2,1,4,46,46,0)
120:(30,2,1,5,45,45,0)
121:(30,2,1,6,44,44,0)
122:(30,2,1,7,43,43,0)
123:(30,2,1,8,42,42,0)
124:(30,2,1,9,41,41,0)
125:(30,2,2,6,44,44,0)
126:(30,2,2,7,43,43,0)
127:(30,2,2,8,42,42,0)
128:(30,2,2,9,41,41,0)
129:(30,2,3,7,43,43,0)
130:(30,2,3,8,42,42,0)
131:(30,2,3,9,41,41,0)
132:(31,2,0,5,45,45,0)
133:(31,2,0,6,44,44,0)
134:(31,2,0,7,43,43,0)
135:(31,2,0,8,42,42,0)
136:(31,2,0,9,41,41,0)
137:(31,2,0,10,40,40,0)
138:(31,2,0,11,39,39,0)
139:(31,2,0,12,38,38,0)
140:(31,2,1,6,44,44,0)
141:(31,2,1,7,43,43,0)
142:(31,2,1,8,42,42,0)
143:(31,2,1,9,41,41,0)
144:(31,2,1,10,40,40,0)
145:(31,2,1,11,39,39,0)
146:(31,2,1,12,38,38,0)
147:(31,2,1,13,37,37,0)
148:(31,2,2,7,43,43,0)
149:(31,2,2,8,42,42,0)
150:(31,2,2,9,41,41,0)
151:(31,2,2,10,40,40,0)
152:(31,2,2,11,39,39,0)
153:(31,2,2,12,38,38,0)
154:(31,2,2,13,37,37,0)
155:(31,2,3,8,42,42,0)
156:(31,2,3,9,41,41,0)
157:(31,2,3,10,40,40,0)
158:(31,2,3,11,39,39,0)
159:(31,2,3,12,38,38,0)
160:(31,2,3,13,37,37,0)
161:(32,2,0,6,44,44,0)
162:(32,2,0,7,43,43,0)
163:(32,2,0,8,42,42,0)
164:(32,2,0,9,41,41,0)
165:(32,2,0,10,40,40,0)
166:(32,2,0,11,39,39,0)
167:(32,2,0,12,38,38,0)
168:(32,2,0,13,37,37,0)
169:(32,2,0,14,36,36,0)
170:(32,2,1,7,43,43,0)
171:(32,2,1,8,42,42,0)
172:(32,2,1,9,41,41,0)
173:(32,2,1,10,40,40,0)
174:(32,2,1,11,39,39,0)
175:(32,2,1,12,38,38,0)
176:(32,2,1,13,37,37,0)
177:(32,2,1,14,36,36,0)
178:(32,2,1,15,35,35,0)
179:(32,2,2,8,42,42,0)
180:(32,2,2,9,41,41,0)
181:(32,2,2,10,40,40,0)
182:(32,2,2,11,39,39,0)
183:(32,2,2,12,38,38,0)
184:(32,2,2,13,37,37,0)
185:(32,2,2,14,36,36,0)
186:(32,2,2,15,35,35,0)
187:(32,2,3,9,41,41,0)
188:(32,2,3,10,40,40,0)
189:(32,2,3,11,39,39,0)
190:(32,2,3,12,38,38,0)
191:(32,2,3,13,37,37,0)
192:(32,2,3,14,36,36,0)
193:(32,2,3,15,35,35,0)
194:(33,2,0,7,43,43,0)
195:(33,2,0,8,42,42,0)
196:(33,2,0,9,41,41,0)
197:(33,2,0,10,40,40,0)
198:(33,2,0,11,39,39,0)
199:(33,2,0,12,38,38,0)
200:(33,2,0,13,37,37,0)
201:(33,2,0,14,36,36,0)
202:(33,2,0,15,35,35,0)
203:(33,2,0,16,34,34,0)
204:(33,2,1,8,42,42,0)
205:(33,2,1,9,41,41,0)
206:(33,2,1,10,40,40,0)
207:(33,2,1,11,39,39,0)
208:(33,2,1,12,38,38,0)
209:(33,2,1,13,37,37,0)
210:(33,2,1,14,36,36,0)
211:(33,2,1,15,35,35,0)
212:(33,2,1,16,34,34,0)
213:(33,2,1,17,33,33,0)
214:(33,2,2,9,41,41,0)
215:(33,2,2,10,40,40,0)
216:(33,2,2,11,39,39,0)
217:(33,2,2,12,38,38,0)
218:(33,2,2,13,37,37,0)
219:(33,2,2,14,36,36,0)
220:(33,2,2,15,35,35,0)
221:(33,2,2,16,34,34,0)
222:(33,2,2,17,33,33,0)
223:(33,2,3,10,40,40,0)
224:(33,2,3,11,39,39,0)
225:(33,2,3,12,38,38,0)
226:(33,2,3,13,37,37,0)
227:(33,2,3,14,36,36,0)
228:(33,2,3,15,35,35,0)
229:(33,2,3,16,34,34,0)
230:(33,2,3,17,33,33,0)
231:(34,2,0,8,42,42,0)
232:(34,2,0,9,41,41,0)
233:(34,2,0,10,40,40,0)
234:(34,2,0,11,39,39,0)
235:(34,2,0,12,38,38,0)
236:(34,2,0,13,37,37,0)
237:(34,2,0,14,36,36,0)
238:(34,2,0,15,35,35,0)
239:(34,2,0,16,34,34,0)
240:(34,2,0,17,33,33,0)
241:(34,2,1,9,41,41,0)
242:(34,2,1,10,40,40,0)
243:(34,2,1,11,39,39,0)
244:(34,2,1,12,38,38,0)
245:(34,2,1,13,37,37,0)
246:(34,2,1,14,36,36,0)
247:(34,2,1,15,35,35,0)
248:(34,2,1,16,34,34,0)
249:(34,2,1,17,33,33,0)
250:(34,2,1,18,32,32,0)
251:(34,2,2,10,40,40,0)
252:(34,2,2,11,39,39,0)
253:(34,2,2,12,38,38,0)
254:(34,2,2,13,37,37,0)
255:(34,2,2,14,36,36,0)
256:(34,2,2,15,35,35,0)
257:(34,2,2,16,34,34,0)
258:(34,2,2,17,33,33,0)
259:(34,2,2,18,32,32,0)
260:(34,2,3,14,36,36,0)
261:(34,2,3,15,35,35,0)
262:(34,2,3,16,34,34,0)
263:(34,2,3,17,33,33,0)
264:(34,2,3,18,32,32,0)
265:(35,2,0,9,41,41,0)
266:(35,2,0,10,40,40,0)
267:(35,2,0,11,39,39,0)
268:(35,2,0,12,38,38,0)
269:(35,2,0,13,37,37,0)
270:(35,2,0,14,36,36,0)
271:(35,2,0,15,35,35,0)
272:(35,2,0,16,34,34,0)
273:(35,2,0,17,33,33,0)
274:(35,2,0,18,32,32,0)
275:(35,2,1,10,40,40,0)
276:(35,2,1,11,39,39,0)
277:(35,2,1,12,38,38,0)
278:(35,2,1,13,37,37,0)
279:(35,2,1,14,36,36,0)
280:(35,2,1,15,35,35,0)
281:(35,2,1,16,34,34,0)
282:(35,2,1,17,33,33,0)
283:(35,2,1,18,32,32,0)
284:(35,2,1,19,31,31,0)
285:(35,2,2,14,36,36,0)
286:(35,2,2,15,35,35,0)
287:(35,2,2,16,34,34,0)
288:(35,2,2,17,33,33,0)
289:(35,2,2,18,32,32,0)
290:(35,2,2,19,31,31,0)
291:(35,2,3,16,34,34,0)
292:(35,2,3,17,33,33,0)
293:(35,2,3,18,32,32,0)
294:(35,2,3,19,31,31,0)
295:(36,2,0,13,37,37,0)
296:(36,2,0,14,36,36,0)
297:(36,2,0,15,35,35,0)
298:(36,2,0,16,34,34,0)
299:(36,2,0,17,33,33,0)
300:(36,2,0,18,32,32,0)
301:(36,2,0,19,31,31,0)
302:(36,2,0,20,30,30,0)
303:(36,2,1,14,36,36,0)
304:(36,2,1,15,35,35,0)
305:(36,2,1,16,34,34,0)
306:(36,2,1,17,33,33,0)
307:(36,2,1,18,32,32,0)
308:(36,2,1,19,31,31,0)
309:(36,2,1,20,30,30,0)
310:(36,2,1,21,29,29,0)
311:(36,2,2,16,34,34,0)
312:(36,2,2,17,33,33,0)
313:(36,2,2,18,32,32,0)
314:(36,2,2,19,31,31,0)
315:(36,2,2,20,30,30,0)
316:(36,2,2,21,29,29,0)
317:(36,2,3,18,32,32,0)
318:(36,2,3,19,31,31,0)
319:(36,2,3,20,30,30,0)
320:(36,2,3,21,29,29,0)
321:(37,2,0,15,35,35,0)
322:(37,2,0,16,34,34,0)
323:(37,2,0,17,33,33,0)
324:(37,2,0,18,32,32,0)
325:(37,2,0,19,31,31,0)
326:(37,2,0,20,30,30,0)
327:(37,2,0,21,29,29,0)
328:(37,2,0,22,28,28,0)
329:(37,2,1,16,34,34,0)
330:(37,2,1,17,33,33,0)
331:(37,2,1,18,32,32,0)
332:(37,2,1,19,31,31,0)
333:(37,2,1,20,30,30,0)
334:(37,2,1,21,29,29,0)
335:(37,2,1,22,28,28,0)
336:(37,2,1,23,27,27,0)
337:(37,2,2,18,32,32,0)
338:(37,2,2,19,31,31,0)
339:(37,2,2,20,30,30,0)
340:(37,2,2,21,29,29,0)
341:(37,2,2,22,28,28,0)
342:(37,2,2,23,27,27,0)
343:(37,2,3,19,31,31,0)
344:(37,2,3,20,30,30,0)
345:(37,2,3,21,29,29,0)
346:(37,2,3,22,28,28,0)
347:(37,2,3,23,27,27,0)
348:(38,2,0,17,33,33,0)
349:(38,2,0,18,32,32,0)
350:(38,2,0,19,31,31,0)
351:(38,2,0,20,30,30,0)
352:(38,2,0,21,29,29,0)
353:(38,2,0,22,28,28,0)
354:(38,2,0,23,27,27,0)
355:(38,2,1,18,32,32,0)
356:(38,2,1,19,31,31,0)
357:(38,2,1,20,30,30,0)
358:(38,2,1,21,29,29,0)
359:(38,2,1,22,28,28,0)
360:(38,2,1,23,27,27,0)
361:(38,2,1,24,26,26,0)
362:(38,2,2,19,31,31,0)
363:(38,2,2,20,30,30,0)
364:(38,2,2,21,29,29,0)
365:(38,2,2,22,28,28,0)
366:(38,2,2,23,27,27,0)
367:(38,2,2,24,26,26,0)
368:(38,2,3,20,30,30,0)
369:(38,2,3,21,29,29,0)
370:(38,2,3,22,28,28,0)
371:(38,2,3,23,27,27,0)
372:(38,2,3,24,26,26,0)
373:(39,2,0,18,32,32,0)
374:(39,2,0,19,31,31,0)
375:(39,2,0,20,30,30,0)
376:(39,2,0,21,29,29,0)
377:(39,2,0,22,28,28,0)
378:(39,2,0,23,27,27,0)
379:(39,2,0,24,26,26,0)
380:(39,2,1,19,31,31,0)
381:(39,2,1,20,30,30,0)
382:(39,2,1,21,29,29,0)
383:(39,2,1,22,28,28,0)
384:(39,2,1,23,27,27,0)
385:(39,2,1,24,26,26,0)
386:(39,2,1,25,25,25,0)
387:(39,2,2,20,30,30,0)
388:(39,2,2,21,29,29,0)
389:(39,2,2,22,28,28,0)
390:(39,2,2,23,27,27,0)
391:(39,2,2,24,26,26,0)
392:(39,2,2,25,25,25,0)
393:(39,2,3,22,28,28,0)
394:(39,2,3,23,27,27,0)
395:(39,2,3,24,26,26,0)
396:(39,2,3,25,25,25,0)
397:(40,2,0,19,31,31,0)
398:(40,2,0,20,30,30,0)
399:(40,2,0,21,29,29,0)
400:(40,2,0,22,28,28,0)
401:(40,2,0,23,27,27,0)
402:(40,2,0,24,26,26,0)
403:(40,2,0,25,25,25,0)
404:(40,2,0,26,24,24,0)
405:(40,2,0,27,23,23,0)
406:(40,2,0,28,22,22,0)
407:(40,2,1,20,30,30,0)
408:(40,2,1,21,29,29,0)
409:(40,2,1,22,28,28,0)
410:(40,2,1,23,27,27,0)
411:(40,2,1,24,26,26,0)
412:(40,2,1,25,25,25,0)
413:(40,2,1,26,24,24,0)
414:(40,2,1,27,23,23,0)
415:(40,2,1,28,22,22,0)
416:(40,2,1,29,21,21,0)
417:(40,2,2,22,28,28,0)
418:(40,2,2,23,27,27,0)
419:(40,2,2,24,26,26,0)
420:(40,2,2,25,25,25,0)
421:(40,2,2,26,24,24,0)
422:(40,2,2,27,23,23,0)
423:(40,2,2,28,22,22,0)
424:(40,2,2,29,21,21,0)
425:(40,2,3,24,26,26,0)
426:(40,2,3,25,25,25,0)
427:(40,2,3,26,24,24,0)
428:(40,2,3,27,23,23,0)
429:(40,2,3,28,22,22,0)
430:(40,2,3,29,21,21,0)
431:(41,2,0,21,29,29,0)
432:(41,2,0,22,28,28,0)
433:(41,2,0,23,27,27,0)
434:(41,2,0,24,26,26,0)
435:(41,2,0,25,25,25,0)
436:(41,2,0,26,24,24,0)
437:(41,2,0,27,23,23,0)
438:(41,2,0,28,22,22,0)
439:(41,2,0,29,21,21,0)
440:(41,2,0,30,20,20,0)
441:(41,2,0,31,19,19,0)
442:(41,2,1,22,28,28,0)
443:(41,2,1,23,27,27,0)
444:(41,2,1,24,26,26,0)
445:(41,2,1,25,25,25,0)
446:(41,2,1,26,24,24,0)
447:(41,2,1,27,23,23,0)
448:(41,2,1,28,22,22,0)
449:(41,2,1,29,21,21,0)
450:(41,2,1,30,20,20,0)
451:(41,2,1,31,19,19,0)
452:(41,2,1,32,18,18,0)
453:(41,2,2,24,26,26,0)
454:(41,2,2,25,25,25,0)
455:(41,2,2,26,24,24,0)
456:(41,2,2,27,23,23,0)
457:(41,2,2,28,22,22,0)
458:(41,2,2,29,21,21,0)
459:(41,2,2,30,20,20,0)
460:(41,2,2,31,19,19,0)
461:(41,2,2,32,18,18,0)
462:(41,2,3,25,25,25,0)
463:(41,2,3,26,24,24,0)
464:(41,2,3,27,23,23,0)
465:(41,2,3,28,22,22,0)
466:(41,2,3,29,21,21,0)
467:(41,2,3,30,20,20,0)
468:(41,2,3,31,19,19,0)
469:(41,2,3,32,18,18,0)
470:(42,2,0,23,27,27,0)
471:(42,2,0,24,26,26,0)
472:(42,2,0,25,25,25,0)
473:(42,2,0,26,24,24,0)
474:(42,2,0,27,23,23,0)
475:(42,2,0,28,22,22,0)
476:(42,2,0,29,21,21,0)
477:(42,2,0,30,20,20,0)
478:(42,2,0,31,19,19,0)
479:(42,2,0,32,18,18,0)
480:(42,2,0,33,17,17,0)
481:(42,2,0,34,16,16,0)
482:(42,2,0,35,15,15,0)
483:(42,2,1,24,26,26,0)
484:(42,2,1,25,25,25,0)
485:(42,2,1,26,24,24,0)
486:(42,2,1,27,23,23,0)
487:(42,2,1,28,22,22,0)
488:(42,2,1,29,21,21,0)
489:(42,2,1,30,20,20,0)
490:(42,2,1,31,19,19,0)
491:(42,2,1,32,18,18,0)
492:(42,2,1,33,17,17,0)
493:(42,2,1,34,16,16,0)
494:(42,2,1,35,15,15,0)
495:(42,2,1,36,14,14,0)
496:(42,2,2,25,25,25,0)
497:(42,2,2,26,24,24,0)
498:(42,2,2,27,23,23,0)
499:(42,2,2,28,22,22,0)
500:(42,2,2,29,21,21,0)
501:(42,2,2,30,20,20,0)
502:(42,2,2,31,19,19,0)
503:(42,2,2,32,18,18,0)
504:(42,2,2,33,17,17,0)
505:(42,2,2,34,16,16,0)
506:(42,2,2,35,15,15,0)
507:(42,2,2,36,14,14,0)
508:(42,2,3,26,24,24,0)
509:(42,2,3,27,23,23,0)
510:(42,2,3,28,22,22,0)
511:(42,2,3,29,21,21,0)
512:(42,2,3,30,20,20,0)
513:(42,2,3,31,19,19,0)
514:(42,2,3,32,18,18,0)
515:(42,2,3,33,17,17,0)
516:(42,2,3,34,16,16,0)
517:(42,2,3,35,15,15,0)
518:(42,2,3,36,14,14,0)
519:(43,2,0,24,26,26,0)
520:(43,2,0,25,25,25,0)
521:(43,2,0,26,24,24,0)
522:(43,2,0,27,23,23,0)
523:(43,2,0,28,22,22,0)
524:(43,2,0,29,21,21,0)
525:(43,2,0,30,20,20,0)
526:(43,2,0,31,19,19,0)
527:(43,2,0,32,18,18,0)
528:(43,2,0,33,17,17,0)
529:(43,2,0,34,16,16,0)
530:(43,2,0,35,15,15,0)
531:(43,2,0,36,14,14,0)
532:(43,2,0,37,13,13,0)
533:(43,2,0,38,12,12,0)
534:(43,2,1,25,25,25,0)
535:(43,2,1,26,24,24,0)
536:(43,2,1,27,23,23,0)
537:(43,2,1,28,22,22,0)
538:(43,2,1,29,21,21,0)
539:(43,2,1,30,20,20,0)
540:(43,2,1,31,19,19,0)
541:(43,2,1,32,18,18,0)
542:(43,2,1,33,17,17,0)
543:(43,2,1,34,16,16,0)
544:(43,2,1,35,15,15,0)
545:(43,2,1,36,14,14,0)
546:(43,2,1,37,13,13,0)
547:(43,2,1,38,12,12,0)
548:(43,2,1,39,11,11,0)
549:(43,2,2,26,24,24,0)
550:(43,2,2,27,23,23,0)
551:(43,2,2,28,22,22,0)
552:(43,2,2,29,21,21,0)
553:(43,2,2,30,20,20,0)
554:(43,2,2,31,19,19,0)
555:(43,2,2,32,18,18,0)
556:(43,2,2,33,17,17,0)
557:(43,2,2,34,16,16,0)
558:(43,2,2,35,15,15,0)
559:(43,2,2,36,14,14,0)
560:(43,2,2,37,13,13,0)
561:(43,2,2,38,12,12,0)
562:(43,2,2,39,11,11,0)
563:(43,2,3,30,20,20,0)
564:(43,2,3,31,19,19,0)
565:(43,2,3,32,18,18,0)
566:(43,2,3,33,17,17,0)
567:(43,2,3,34,16,16,0)
568:(43,2,3,35,15,15,0)
569:(43,2,3,36,14,14,0)
570:(43,2,3,37,13,13,0)
571:(43,2,3,38,12,12,0)
572:(43,2,3,39,11,11,0)
573:(44,2,0,25,25,25,0)
574:(44,2,0,26,24,24,0)
575:(44,2,0,27,23,23,0)
576:(44,2,0,28,22,22,0)
577:(44,2,0,29,21,21,0)
578:(44,2,0,30,20,20,0)
579:(44,2,0,31,19,19,0)
580:(44,2,0,32,18,18,0)
581:(44,2,0,33,17,17,0)
582:(44,2,0,34,16,16,0)
583:(44,2,0,35,15,15,0)
584:(44,2,0,36,14,14,0)
585:(44,2,0,37,13,13,0)
586:(44,2,0,38,12,12,0)
587:(44,2,0,39,11,11,0)
588:(44,2,1,26,24,24,0)
589:(44,2,1,27,23,23,0)
590:(44,2,1,28,22,22,0)
591:(44,2,1,29,21,21,0)
592:(44,2,1,30,20,20,0)
593:(44,2,1,31,19,19,0)
594:(44,2,1,32,18,18,0)
595:(44,2,1,33,17,17,0)
596:(44,2,1,34,16,16,0)
597:(44,2,1,35,15,15,0)
598:(44,2,1,36,14,14,0)
599:(44,2,1,37,13,13,0)
600:(44,2,1,38,12,12,0)
601:(44,2,1,39,11,11,0)
602:(44,2,1,40,10,10,0)
603:(44,2,2,30,20,20,0)
604:(44,2,2,31,19,19,0)
605:(44,2,2,32,18,18,0)
606:(44,2,2,33,17,17,0)
607:(44,2,2,34,16,16,0)
608:(44,2,2,35,15,15,0)
609:(44,2,2,36,14,14,0)
610:(44,2,2,37,13,13,0)
611:(44,2,2,38,12,12,0)
612:(44,2,2,39,11,11,0)
613:(44,2,2,40,10,10,0)
614:(44,2,3,33,17,17,0)
615:(44,2,3,34,16,16,0)
616:(44,2,3,35,15,15,0)
617:(44,2,3,36,14,14,0)
618:(44,2,3,37,13,13,0)
619:(44,2,3,38,12,12,0)
620:(44,2,3,39,11,11,0)
621:(44,2,3,40,10,10,0)
622:(45,2,0,29,21,21,0)
623:(45,2,0,30,20,20,0)
624:(45,2,0,31,19,19,0)
625:(45,2,0,32,18,18,0)
626:(45,2,0,33,17,17,0)
627:(45,2,0,34,16,16,0)
628:(45,2,0,35,15,15,0)
629:(45,2,0,36,14,14,0)
630:(45,2,0,37,13,13,0)
631:(45,2,0,38,12,12,0)
632:(45,2,0,39,11,11,0)
633:(45,2,0,40,10,10,0)
634:(45,2,0,41,9,9,0)
635:(45,2,1,30,20,20,0)
636:(45,2,1,31,19,19,0)
637:(45,2,1,32,18,18,0)
638:(45,2,1,33,17,17,0)
639:(45,2,1,34,16,16,0)
640:(45,2,1,35,15,15,0)
641:(45,2,1,36,14,14,0)
642:(45,2,1,37,13,13,0)
643:(45,2,1,38,12,12,0)
644:(45,2,1,39,11,11,0)
645:(45,2,1,40,10,10,0)
646:(45,2,1,41,9,9,0)
647:(45,2,1,42,8,8,0)
648:(45,2,2,33,17,17,0)
649:(45,2,2,34,16,16,0)
650:(45,2,2,35,15,15,0)
651:(45,2,2,36,14,14,0)
652:(45,2,2,37,13,13,0)
653:(45,2,2,38,12,12,0)
654:(45,2,2,39,11,11,0)
655:(45,2,2,40,10,10,0)
656:(45,2,2,41,9,9,0)
657:(45,2,2,42,8,8,0)
658:(45,2,3,37,13,13,0)
659:(45,2,3,38,12,12,0)
660:(45,2,3,39,11,11,0)
661:(45,2,3,40,10,10,0)
662:(45,2,3,41,9,9,0)
663:(45,2,3,42,8,8,0)
664:(46,2,0,32,18,18,0)
665:(46,2,0,33,17,17,0)
666:(46,2,0,34,16,16,0)
667:(46,2,0,35,15,15,0)
668:(46,2,0,36,14,14,0)
669:(46,2,0,37,13,13,0)
670:(46,2,0,38,12,12,0)
671:(46,2,0,39,11,11,0)
672:(46,2,0,40,10,10,0)
673:(46,2,0,41,9,9,0)
674:(46,2,0,42,8,8,0)
675:(46,2,1,33,17,17,0)
676:(46,2,1,34,16,16,0)
677:(46,2,1,35,15,15,0)
678:(46,2,1,36,14,14,0)
679:(46,2,1,37,13,13,0)
680:(46,2,1,38,12,12,0)
681:(46,2,1,39,11,11,0)
682:(46,2,1,40,10,10,0)
683:(46,2,1,41,9,9,0)
684:(46,2,1,42,8,8,0)
685:(46,2,1,43,7,7,0)
686:(46,2,2,37,13,13,0)
687:(46,2,2,38,12,12,0)
688:(46,2,2,39,11,11,0)
689:(46,2,2,40,10,10,0)
690:(46,2,2,41,9,9,0)
691:(46,2,2,42,8,8,0)
692:(46,2,2,43,7,7,0)
693:(46,2,3,40,10,10,0)
694:(46,2,3,41,9,9,0)
695:(46,2,3,42,8,8,0)
696:(46,2,3,43,7,7,0)
697:(47,2,0,36,14,14,0)
698:(47,2,0,37,13,13,0)
699:(47,2,0,38,12,12,0)
700:(47,2,0,39,11,11,0)
701:(47,2,0,40,10,10,0)
702:(47,2,0,41,9,9,0)
703:(47,2,0,42,8,8,0)
704:(47,2,0,43,7,7,0)
705:(47,2,0,44,6,6,0)
706:(47,2,0,45,5,5,0)
707:(47,2,0,46,4,4,0)
708:(47,2,0,47,3,3,0)
709:(47,2,1,37,13,13,0)
710:(47,2,1,38,12,12,0)
711:(47,2,1,39,11,11,0)
712:(47,2,1,40,10,10,0)
713:(47,2,1,41,9,9,0)
714:(47,2,1,42,8,8,0)
715:(47,2,1,43,7,7,0)
716:(47,2,1,44,6,6,0)
717:(47,2,1,45,5,5,0)
718:(47,2,1,46,4,4,0)
719:(47,2,1,47,3,3,0)
720:(47,2,1,48,2,2,0)
721:(47,2,2,40,10,10,0)
722:(47,2,2,41,9,9,0)
723:(47,2,2,42,8,8,0)
724:(47,2,2,43,7,7,0)
725:(47,2,2,44,6,6,0)
726:(47,2,2,45,5,5,0)
727:(47,2,2,46,4,4,0)
728:(47,2,2,47,3,3,0)
729:(47,2,2,48,2,2,0)
730:(47,2,3,41,9,9,0)
731:(47,2,3,42,8,8,0)
732:(47,2,3,43,7,7,0)
733:(47,2,3,44,6,6,0)
734:(47,2,3,45,5,5,0)
735:(47,2,3,46,4,4,0)
736:(47,2,3,47,3,3,0)
737:(47,2,3,48,2,2,0)
738:(48,2,0,39,11,11,0)
739:(48,2,0,40,10,10,0)
740:(48,2,0,41,9,9,0)
741:(48,2,0,42,8,8,0)
742:(48,2,0,43,7,7,0)
743:(48,2,0,44,6,6,0)
744:(48,2,0,45,5,5,0)
745:(48,2,0,46,4,4,0)
746:(48,2,0,47,3,3,0)
747:(48,2,0,48,2,2,0)
748:(48,2,1,40,10,10,0)
749:(48,2,1,41,9,9,0)
750:(48,2,1,42,8,8,0)
751:(48,2,1,43,7,7,0)
752:(48,2,1,44,6,6,0)
753:(48,2,1,45,5,5,0)
754:(48,2,1,46,4,4,0)
755:(48,2,1,47,3,3,0)
756:(48,2,1,48,2,2,0)
757:(48,2,1,49,1,1,0)
758:(48,2,2,41,9,9,0)
759:(48,2,2,42,8,8,0)
760:(48,2,2,43,7,7,0)
761:(48,2,2,44,6,6,0)
762:(48,2,2,45,5,5,0)
763:(48,2,2,46,4,4,0)
764:(48,2,2,47,3,3,0)
765:(48,2,2,48,2,2,0)
766:(48,2,2,49,1,1,0)
767:(48,2,2,50,0,0,0)
768:(48,2,3,43,7,7,0)
769:(48,2,3,44,6,6,0)
770:(48,2,3,45,5,5,0)
771:(48,2,3,46,4,4,0)
772:(48,2,3,47,3,3,0)
773:(48,2,3,48,2,2,0)
774:(48,2,3,49,1,1,0)
775:(48,2,3,50,0,0,0)
776:(49,2,0,40,10,10,0)
777:(49,2,0,41,9,9,0)
778:(49,2,0,42,8,8,0)
779:(49,2,0,43,7,7,0)
780:(49,2,0,44,6,6,0)
781:(49,2,0,45,5,5,0)
782:(49,2,0,46,4,4,0)
783:(49,2,0,47,3,3,0)
784:(49,2,0,48,2,2,0)
785:(49,2,0,49,1,1,0)
786:(49,2,0,50,0,0,0)
787:(49,2,1,41,9,9,0)
788:(49,2,1,42,8,8,0)
789:(49,2,1,43,7,7,0)
790:(49,2,1,44,6,6,0)
791:(49,2,1,45,5,5,0)
792:(49,2,1,46,4,4,0)
793:(49,2,1,47,3,3,0)
794:(49,2,1,48,2,2,0)
795:(49,2,1,49,1,1,0)
796:(49,2,1,50,0,0,0)
797:(49,2,2,43,7,7,0)
798:(49,2,2,44,6,6,0)
799:(49,2,2,45,5,5,0)
800:(49,2,2,46,4,4,0)
801:(49,2,2,47,3,3,0)
802:(49,2,2,48,2,2,0)
803:(49,2,2,49,1,1,0)
804:(49,2,2,50,0,0,0)
805:(49,2,3,44,6,6,0)
806:(49,2,3,45,5,5,0)
807:(49,2,3,46,4,4,0)
808:(49,2,3,47,3,3,0)
809:(49,2,3,48,2,2,0)
810:(49,2,3,49,1,1,0)
811:(49,2,3,50,0,0,0)
812:(50,2,0,42,8,8,0)
813:(50,2,0,43,7,7,0)
814:(50,2,0,44,6,6,0)
815:(50,2,0,45,5,5,0)
816:(50,2,0,46,4,4,0)
817:(50,2,0,47,3,3,0)
818:(50,2,0,48,2,2,0)
819:(50,2,0,49,1,1,0)
820:(50,2,0,50,0,0,0)
821:(50,2,1,43,7,7,0)
822:(50,2,1,44,6,6,0)
823:(50,2,1,45,5,5,0)
824:(50,2,1,46,4,4,0)
825:(50,2,1,47,3,3,0)
826:(50,2,1,48,2,2,0)
827:(50,2,1,49,1,1,0)
828:(50,2,1,50,0,0,0)
829:(50,2,2,44,6,6,0)
830:(50,2,2,45,5,5,0)
831:(50,2,2,46,4,4,0)
832:(50,2,2,47,3,3,0)
833:(50,2,2,48,2,2,0)
834:(50,2,2,49,1,1,0)
835:(50,2,2,50,0,0,0)
836:(50,2,3,49,1,1,0)
837:(50,2,3,50,0,0,0)
838:(51,2,0,43,7,7,0)
839:(51,2,0,44,6,6,0)
840:(51,2,0,45,5,5,0)
841:(51,2,0,46,4,4,0)
842:(51,2,0,47,3,3,0)
843:(51,2,0,48,2,2,0)
844:(51,2,0,49,1,1,0)
845:(51,2,0,50,0,0,0)
846:(51,2,1,44,6,6,0)
847:(51,2,1,45,5,5,0)
848:(51,2,1,46,4,4,0)
849:(51,2,1,47,3,3,0)
850:(51,2,1,48,2,2,0)
851:(51,2,1,49,1,1,0)
852:(51,2,1,50,0,0,0)
853:(51,2,2,49,1,1,0)
854:(51,2,2,50,0,0,0)
