(r,l,rl,g,ga,gbg,gd)
0:(-1,-1,-1,-1,-1,-1,-1)
1:(25,2,0,0,50,50,0)
2:(25,2,0,1,49,49,0)
3:(25,2,1,0,50,50,0)
4:(25,2,1,1,49,49,0)
5:(25,2,1,2,48,48,0)
6:(25,2,2,0,50,50,0)
7:(25,2,2,1,49,49,0)
8:(25,2,2,2,48,48,0)
9:(25,2,3,1,49,49,0)
10:(25,2,3,2,48,48,0)
11:(26,2,0,0,50,50,0)
12:(26,2,0,1,49,49,0)
13:(26,2,0,2,48,48,0)
14:(26,2,1,0,50,50,0)
15:(26,2,1,1,49,49,0)
16:(26,2,1,2,48,48,0)
17:(26,2,1,3,47,47,0)
18:(26,2,2,0,50,50,0)
19:(26,2,2,1,49,49,0)
20:(26,2,2,2,48,48,0)
21:(26,2,2,3,47,47,0)
22:(26,2,3,1,49,49,0)
23:(26,2,3,2,48,48,0)
24:(26,2,3,3,47,47,0)
25:(27,2,0,0,50,50,0)
26:(27,2,0,1,49,49,0)
27:(27,2,0,2,48,48,0)
28:(27,2,0,3,47,47,0)
29:(27,2,0,4,46,46,0)
30:(27,2,0,5,45,45,0)
31:(27,2,0,6,44,44,0)
32:(27,2,1,0,50,50,0)
33:(27,2,1,1,49,49,0)
34:(27,2,1,2,48,48,0)
35:(27,2,1,3,47,47,0)
36:(27,2,1,4,46,46,0)
37:(27,2,1,5,45,45,0)
38:(27,2,1,6,44,44,0)
39:(27,2,1,7,43,43,0)
40:(27,2,2,0,50,50,0)
41:(27,2,2,1,49,49,0)
42:(27,2,2,2,48,48,0)
43:(27,2,2,3,47,47,0)
44:(27,2,2,4,46,46,0)
45:(27,2,2,5,45,45,0)
46:(27,2,2,6,44,44,0)
47:(27,2,2,7,43,43,0)
48:(27,2,3,1,49,49,0)
49:(27,2,3,2,48,48,0)
50:(27,2,3,3,47,47,0)
51:(27,2,3,4,46,46,0)
52:(27,2,3,5,45,45,0)
53:(27,2,3,6,44,44,0)
54:(27,2,3,7,43,43,0)
55:(28,2,0,0,50,50,0)
56:(28,2,0,1,49,49,0)
57:(28,2,0,2,48,48,0)
58:(28,2,0,3,47,47,0)
59:(28,2,0,4,46,46,0)
60:(28,2,0,5,45,45,0)
61:(28,2,0,6,44,44,0)
62:(28,2,0,7,43,43,0)
63:(28,2,1,0,50,50,0)
64:(28,2,1,1,49,49,0)
65:(28,2,1,2,48,48,0)
66:(28,2,1,3,47,47,0)
67:(28,2,1,4,46,46,0)
68:(28,2,1,5,45,45,0)
69:(28,2,1,6,44,44,0)
70:(28,2,1,7,43,43,0)
71:(28,2,1,8,42,42,0)
72:(28,2,2,1,49,49,0)
73:(28,2,2,2,48,48,0)
74:(28,2,2,3,47,47,0)
75:(28,2,2,4,46,46,0)
76:(28,2,2,5,45,45,0)
77:(28,2,2,6,44,44,0)
78:(28,2,2,7,43,43,0)
79:(28,2,2,8,42,42,0)
80:(28,2,3,3,47,47,0)
81:(28,2,3,4,46,46,0)
82:(28,2,3,5,45,45,0)
83:(28,2,3,6,44,44,0)
84:(28,2,3,7,43,43,0)
85:(28,2,3,8,42,42,0)
86:(29,2,0,0,50,50,0)
87:(29,2,0,1,49,49,0)
88:(29,2,0,2,48,48,0)
89:(29,2,0,3,47,47,0)
90:(29,2,0,4,46,46,0)
91:(29,2,0,5,45,45,0)
92:(29,2,0,6,44,44,0)
93:(29,2,0,7,43,43,0)
94:(29,2,0,8,42,42,0)
95:(29,2,0,9,41,41,0)
96:(29,2,0,10,40,40,0)
97:(29,2,1,1,49,49,0)
98:(29,2,1,2,48,48,0)
99:(29,2,1,3,47,47,0)
100:(29,2,1,4,46,46,0)
101:(29,2,1,5,45,45,0)
102:(29,2,1,6,44,44,0)
103:(29,2,1,7,43,43,0)
104:(29,2,1,8,42,42,0)
105:(29,2,1,9,41,41,0)
106:(29,2,1,10,40,40,0)
107:(29,2,1,11,39,39,0)
108:(29,2,2,3,47,47,0)
109:(29,2,2,4,46,46,0)
110:(29,2,2,5,45,45,0)
111:(29,2,2,6,44,44,0)
112:(29,2,2,7,43,43,0)
113:(29,2,2,8,42,42,0)
114:(29,2,2,9,41,41,0)
115:(29,2,2,10,40,40,0)
116:(29,2,2,11,39,39,0)
117:(29,2,3,4,46,46,0)
118:(29,2,3,5,45,45,0)
119:(29,2,3,6,44,44,0)
120:(29,2,3,7,43,43,0)
121:(29,2,3,8,42,42,0)
122:(29,2,3,9,41,41,0)
123:(29,2,3,10,40,40,0)
124:(29,2,3,11,39,39,0)
125:(30,2,0,2,48,48,0)
126:(30,2,0,3,47,47,0)
127:(30,2,0,4,46,46,0)
128:(30,2,0,5,45,45,0)
129:(30,2,0,6,44,44,0)
130:(30,2,0,7,43,43,0)
131:(30,2,0,8,42,42,0)
132:(30,2,0,9,41,41,0)
133:(30,2,0,10,40,40,0)
134:(30,2,0,11,39,39,0)
135:(30,2,0,12,38,38,0)
136:(30,2,0,13,37,37,0)
137:(30,2,0,14,36,36,0)
138:(30,2,0,15,35,35,0)
139:(30,2,0,16,34,34,0)
140:(30,2,1,3,47,47,0)
141:(30,2,1,4,46,46,0)
142:(30,2,1,5,45,45,0)
143:(30,2,1,6,44,44,0)
144:(30,2,1,7,43,43,0)
145:(30,2,1,8,42,42,0)
146:(30,2,1,9,41,41,0)
147:(30,2,1,10,40,40,0)
148:(30,2,1,11,39,39,0)
149:(30,2,1,12,38,38,0)
150:(30,2,1,13,37,37,0)
151:(30,2,1,14,36,36,0)
152:(30,2,1,15,35,35,0)
153:(30,2,1,16,34,34,0)
154:(30,2,1,17,33,33,0)
155:(30,2,2,4,46,46,0)
156:(30,2,2,5,45,45,0)
157:(30,2,2,6,44,44,0)
158:(30,2,2,7,43,43,0)
159:(30,2,2,8,42,42,0)
160:(30,2,2,9,41,41,0)
161:(30,2,2,10,40,40,0)
162:(30,2,2,11,39,39,0)
163:(30,2,2,12,38,38,0)
164:(30,2,2,13,37,37,0)
165:(30,2,2,14,36,36,0)
166:(30,2,2,15,35,35,0)
167:(30,2,2,16,34,34,0)
168:(30,2,2,17,33,33,0)
169:(30,2,3,8,42,42,0)
170:(30,2,3,9,41,41,0)
171:(30,2,3,10,40,40,0)
172:(30,2,3,11,39,39,0)
173:(30,2,3,12,38,38,0)
174:(30,2,3,13,37,37,0)
175:(30,2,3,14,36,36,0)
176:(30,2,3,15,35,35,0)
177:(30,2,3,16,34,34,0)
178:(30,2,3,17,33,33,0)
179:(31,2,0,3,47,47,0)
180:(31,2,0,4,46,46,0)
181:(31,2,0,5,45,45,0)
182:(31,2,0,6,44,44,0)
183:(31,2,0,7,43,43,0)
184:(31,2,0,8,42,42,0)
185:(31,2,0,9,41,41,0)
186:(31,2,0,10,40,40,0)
187:(31,2,0,11,39,39,0)
188:(31,2,0,12,38,38,0)
189:(31,2,0,13,37,37,0)
190:(31,2,0,14,36,36,0)
191:(31,2,0,15,35,35,0)
192:(31,2,0,16,34,34,0)
193:(31,2,0,17,33,33,0)
194:(31,2,1,4,46,46,0)
195:(31,2,1,5,45,45,0)
196:(31,2,1,6,44,44,0)
197:(31,2,1,7,43,43,0)
198:(31,2,1,8,42,42,0)
199:(31,2,1,9,41,41,0)
200:(31,2,1,10,40,40,0)
201:(31,2,1,11,39,39,0)
202:(31,2,1,12,38,38,0)
203:(31,2,1,13,37,37,0)
204:(31,2,1,14,36,36,0)
205:(31,2,1,15,35,35,0)
206:(31,2,1,16,34,34,0)
207:(31,2,1,17,33,33,0)
208:(31,2,1,18,32,32,0)
209:(31,2,2,8,42,42,0)
210:(31,2,2,9,41,41,0)
211:(31,2,2,10,40,40,0)
212:(31,2,2,11,39,39,0)
213:(31,2,2,12,38,38,0)
214:(31,2,2,13,37,37,0)
215:(31,2,2,14,36,36,0)
216:(31,2,2,15,35,35,0)
217:(31,2,2,16,34,34,0)
218:(31,2,2,17,33,33,0)
219:(31,2,2,18,32,32,0)
220:(31,2,3,9,41,41,0)
221:(31,2,3,10,40,40,0)
222:(31,2,3,11,39,39,0)
223:(31,2,3,12,38,38,0)
224:(31,2,3,13,37,37,0)
225:(31,2,3,14,36,36,0)
226:(31,2,3,15,35,35,0)
227:(31,2,3,16,34,34,0)
228:(31,2,3,17,33,33,0)
229:(31,2,3,18,32,32,0)
230:(32,2,0,7,43,43,0)
231:(32,2,0,8,42,42,0)
232:(32,2,0,9,41,41,0)
233:(32,2,0,10,40,40,0)
234:(32,2,0,11,39,39,0)
235:(32,2,0,12,38,38,0)
236:(32,2,0,13,37,37,0)
237:(32,2,0,14,36,36,0)
238:(32,2,0,15,35,35,0)
239:(32,2,0,16,34,34,0)
240:(32,2,0,17,33,33,0)
241:(32,2,0,18,32,32,0)
242:(32,2,1,8,42,42,0)
243:(32,2,1,9,41,41,0)
244:(32,2,1,10,40,40,0)
245:(32,2,1,11,39,39,0)
246:(32,2,1,12,38,38,0)
247:(32,2,1,13,37,37,0)
248:(32,2,1,14,36,36,0)
249:(32,2,1,15,35,35,0)
250:(32,2,1,16,34,34,0)
251:(32,2,1,17,33,33,0)
252:(32,2,1,18,32,32,0)
253:(32,2,1,19,31,31,0)
254:(32,2,2,9,41,41,0)
255:(32,2,2,10,40,40,0)
256:(32,2,2,11,39,39,0)
257:(32,2,2,12,38,38,0)
258:(32,2,2,13,37,37,0)
259:(32,2,2,14,36,36,0)
260:(32,2,2,15,35,35,0)
261:(32,2,2,16,34,34,0)
262:(32,2,2,17,33,33,0)
263:(32,2,2,18,32,32,0)
264:(32,2,2,19,31,31,0)
265:(32,2,3,12,38,38,0)
266:(32,2,3,13,37,37,0)
267:(32,2,3,14,36,36,0)
268:(32,2,3,15,35,35,0)
269:(32,2,3,16,34,34,0)
270:(32,2,3,17,33,33,0)
271:(32,2,3,18,32,32,0)
272:(32,2,3,19,31,31,0)
273:(33,2,0,8,42,42,0)
274:(33,2,0,9,41,41,0)
275:(33,2,0,10,40,40,0)
276:(33,2,0,11,39,39,0)
277:(33,2,0,12,38,38,0)
278:(33,2,0,13,37,37,0)
279:(33,2,0,14,36,36,0)
280:(33,2,0,15,35,35,0)
281:(33,2,0,16,34,34,0)
282:(33,2,0,17,33,33,0)
283:(33,2,0,18,32,32,0)
284:(33,2,0,19,31,31,0)
285:(33,2,0,20,30,30,0)
286:(33,2,0,21,29,29,0)
287:(33,2,0,22,28,28,0)
288:(33,2,0,23,27,27,0)
289:(33,2,0,24,26,26,0)
290:(33,2,0,25,25,25,0)
291:(33,2,1,9,41,41,0)
292:(33,2,1,10,40,40,0)
293:(33,2,1,11,39,39,0)
294:(33,2,1,12,38,38,0)
295:(33,2,1,13,37,37,0)
296:(33,2,1,14,36,36,0)
297:(33,2,1,15,35,35,0)
298:(33,2,1,16,34,34,0)
299:(33,2,1,17,33,33,0)
300:(33,2,1,18,32,32,0)
301:(33,2,1,19,31,31,0)
302:(33,2,1,20,30,30,0)
303:(33,2,1,21,29,29,0)
304:(33,2,1,22,28,28,0)
305:(33,2,1,23,27,27,0)
306:(33,2,1,24,26,26,0)
307:(33,2,1,25,25,25,0)
308:(33,2,1,26,24,24,0)
309:(33,2,2,12,38,38,0)
310:(33,2,2,13,37,37,0)
311:(33,2,2,14,36,36,0)
312:(33,2,2,15,35,35,0)
313:(33,2,2,16,34,34,0)
314:(33,2,2,17,33,33,0)
315:(33,2,2,18,32,32,0)
316:(33,2,2,19,31,31,0)
317:(33,2,2,20,30,30,0)
318:(33,2,2,21,29,29,0)
319:(33,2,2,22,28,28,0)
320:(33,2,2,23,27,27,0)
321:(33,2,2,24,26,26,0)
322:(33,2,2,25,25,25,0)
323:(33,2,2,26,24,24,0)
324:(33,2,3,18,32,32,0)
325:(33,2,3,19,31,31,0)
326:(33,2,3,20,30,30,0)
327:(33,2,3,21,29,29,0)
328:(33,2,3,22,28,28,0)
329:(33,2,3,23,27,27,0)
330:(33,2,3,24,26,26,0)
331:(33,2,3,25,25,25,0)
332:(33,2,3,26,24,24,0)
333:(34,2,0,11,39,39,0)
334:(34,2,0,12,38,38,0)
335:(34,2,0,13,37,37,0)
336:(34,2,0,14,36,36,0)
337:(34,2,0,15,35,35,0)
338:(34,2,0,16,34,34,0)
339:(34,2,0,17,33,33,0)
340:(34,2,0,18,32,32,0)
341:(34,2,0,19,31,31,0)
342:(34,2,0,20,30,30,0)
343:(34,2,0,21,29,29,0)
344:(34,2,0,22,28,28,0)
345:(34,2,0,23,27,27,0)
346:(34,2,0,24,26,26,0)
347:(34,2,0,25,25,25,0)
348:(34,2,0,26,24,24,0)
349:(34,2,0,27,23,23,0)
350:(34,2,0,28,22,22,0)
351:(34,2,0,29,21,21,0)
352:(34,2,1,12,38,38,0)
353:(34,2,1,13,37,37,0)
354:(34,2,1,14,36,36,0)
355:(34,2,1,15,35,35,0)
356:(34,2,1,16,34,34,0)
357:(34,2,1,17,33,33,0)
358:(34,2,1,18,32,32,0)
359:(34,2,1,19,31,31,0)
360:(34,2,1,20,30,30,0)
361:(34,2,1,21,29,29,0)
362:(34,2,1,22,28,28,0)
363:(34,2,1,23,27,27,0)
364:(34,2,1,24,26,26,0)
365:(34,2,1,25,25,25,0)
366:(34,2,1,26,24,24,0)
367:(34,2,1,27,23,23,0)
368:(34,2,1,28,22,22,0)
369:(34,2,1,29,21,21,0)
370:(34,2,1,30,20,20,0)
371:(34,2,2,18,32,32,0)
372:(34,2,2,19,31,31,0)
373:(34,2,2,20,30,30,0)
374:(34,2,2,21,29,29,0)
375:(34,2,2,22,28,28,0)
376:(34,2,2,23,27,27,0)
377:(34,2,2,24,26,26,0)
378:(34,2,2,25,25,25,0)
379:(34,2,2,26,24,24,0)
380:(34,2,2,27,23,23,0)
381:(34,2,2,28,22,22,0)
382:(34,2,2,29,21,21,0)
383:(34,2,2,30,20,20,0)
384:(34,2,3,19,31,31,0)
385:(34,2,3,20,30,30,0)
386:(34,2,3,21,29,29,0)
387:(34,2,3,22,28,28,0)
388:(34,2,3,23,27,27,0)
389:(34,2,3,24,26,26,0)
390:(34,2,3,25,25,25,0)
391:(34,2,3,26,24,24,0)
392:(34,2,3,27,23,23,0)
393:(34,2,3,28,22,22,0)
394:(34,2,3,29,21,21,0)
395:(34,2,3,30,20,20,0)
396:(35,2,0,17,33,33,0)
397:(35,2,0,18,32,32,0)
398:(35,2,0,19,31,31,0)
399:(35,2,0,20,30,30,0)
400:(35,2,0,21,29,29,0)
401:(35,2,0,22,28,28,0)
402:(35,2,0,23,27,27,0)
403:(35,2,0,24,26,26,0)
404:(35,2,0,25,25,25,0)
405:(35,2,0,26,24,24,0)
406:(35,2,0,27,23,23,0)
407:(35,2,0,28,22,22,0)
408:(35,2,0,29,21,21,0)
409:(35,2,0,30,20,20,0)
410:(35,2,1,18,32,32,0)
411:(35,2,1,19,31,31,0)
412:(35,2,1,20,30,30,0)
413:(35,2,1,21,29,29,0)
414:(35,2,1,22,28,28,0)
415:(35,2,1,23,27,27,0)
416:(35,2,1,24,26,26,0)
417:(35,2,1,25,25,25,0)
418:(35,2,1,26,24,24,0)
419:(35,2,1,27,23,23,0)
420:(35,2,1,28,22,22,0)
421:(35,2,1,29,21,21,0)
422:(35,2,1,30,20,20,0)
423:(35,2,1,31,19,19,0)
424:(35,2,2,19,31,31,0)
425:(35,2,2,20,30,30,0)
426:(35,2,2,21,29,29,0)
427:(35,2,2,22,28,28,0)
428:(35,2,2,23,27,27,0)
429:(35,2,2,24,26,26,0)
430:(35,2,2,25,25,25,0)
431:(35,2,2,26,24,24,0)
432:(35,2,2,27,23,23,0)
433:(35,2,2,28,22,22,0)
434:(35,2,2,29,21,21,0)
435:(35,2,2,30,20,20,0)
436:(35,2,2,31,19,19,0)
437:(35,2,3,20,30,30,0)
438:(35,2,3,21,29,29,0)
439:(35,2,3,22,28,28,0)
440:(35,2,3,23,27,27,0)
441:(35,2,3,24,26,26,0)
442:(35,2,3,25,25,25,0)
443:(35,2,3,26,24,24,0)
444:(35,2,3,27,23,23,0)
445:(35,2,3,28,22,22,0)
446:(35,2,3,29,21,21,0)
447:(35,2,3,30,20,20,0)
448:(35,2,3,31,19,19,0)
449:(36,2,0,18,32,32,0)
450:(36,2,0,19,31,31,0)
451:(36,2,0,20,30,30,0)
452:(36,2,0,21,29,29,0)
453:(36,2,0,22,28,28,0)
454:(36,2,0,23,27,27,0)
455:(36,2,0,24,26,26,0)
456:(36,2,0,25,25,25,0)
457:(36,2,0,26,24,24,0)
458:(36,2,0,27,23,23,0)
459:(36,2,0,28,22,22,0)
460:(36,2,0,29,21,21,0)
461:(36,2,0,30,20,20,0)
462:(36,2,0,31,19,19,0)
463:(36,2,0,32,18,18,0)
464:(36,2,1,19,31,31,0)
465:(36,2,1,20,30,30,0)
466:(36,2,1,21,29,29,0)
467:(36,2,1,22,28,28,0)
468:(36,2,1,23,27,27,0)
469:(36,2,1,24,26,26,0)
470:(36,2,1,25,25,25,0)
471:(36,2,1,26,24,24,0)
472:(36,2,1,27,23,23,0)
473:(36,2,1,28,22,22,0)
474:(36,2,1,29,21,21,0)
475:(36,2,1,30,20,20,0)
476:(36,2,1,31,19,19,0)
477:(36,2,1,32,18,18,0)
478:(36,2,1,33,17,17,0)
479:(36,2,2,20,30,30,0)
480:(36,2,2,21,29,29,0)
481:(36,2,2,22,28,28,0)
482:(36,2,2,23,27,27,0)
483:(36,2,2,24,26,26,0)
484:(36,2,2,25,25,25,0)
485:(36,2,2,26,24,24,0)
486:(36,2,2,27,23,23,0)
487:(36,2,2,28,22,22,0)
488:(36,2,2,29,21,21,0)
489:(36,2,2,30,20,20,0)
490:(36,2,2,31,19,19,0)
491:(36,2,2,32,18,18,0)
492:(36,2,2,33,17,17,0)
493:(36,2,3,27,23,23,0)
494:(36,2,3,28,22,22,0)
495:(36,2,3,29,21,21,0)
496:(36,2,3,30,20,20,0)
497:(36,2,3,31,19,19,0)
498:(36,2,3,32,18,18,0)
499:(36,2,3,33,17,17,0)
500:(37,2,0,19,31,31,0)
501:(37,2,0,20,30,30,0)
502:(37,2,0,21,29,29,0)
503:(37,2,0,22,28,28,0)
504:(37,2,0,23,27,27,0)
505:(37,2,0,24,26,26,0)
506:(37,2,0,25,25,25,0)
507:(37,2,0,26,24,24,0)
508:(37,2,0,27,23,23,0)
509:(37,2,0,28,22,22,0)
510:(37,2,0,29,21,21,0)
511:(37,2,0,30,20,20,0)
512:(37,2,0,31,19,19,0)
513:(37,2,0,32,18,18,0)
514:(37,2,0,33,17,17,0)
515:(37,2,1,20,30,30,0)
516:(37,2,1,21,29,29,0)
517:(37,2,1,22,28,28,0)
518:(37,2,1,23,27,27,0)
519:(37,2,1,24,26,26,0)
520:(37,2,1,25,25,25,0)
521:(37,2,1,26,24,24,0)
522:(37,2,1,27,23,23,0)
523:(37,2,1,28,22,22,0)
524:(37,2,1,29,21,21,0)
525:(37,2,1,30,20,20,0)
526:(37,2,1,31,19,19,0)
527:(37,2,1,32,18,18,0)
528:(37,2,1,33,17,17,0)
529:(37,2,1,34,16,16,0)
530:(37,2,2,27,23,23,0)
531:(37,2,2,28,22,22,0)
532:(37,2,2,29,21,21,0)
533:(37,2,2,30,20,20,0)
534:(37,2,2,31,19,19,0)
535:(37,2,2,32,18,18,0)
536:(37,2,2,33,17,17,0)
537:(37,2,2,34,16,16,0)
538:(37,2,3,31,19,19,0)
539:(37,2,3,32,18,18,0)
540:(37,2,3,33,17,17,0)
541:(37,2,3,34,16,16,0)
542:(38,2,0,26,24,24,0)
543:(38,2,0,27,23,23,0)
544:(38,2,0,28,22,22,0)
545:(38,2,0,29,21,21,0)
546:(38,2,0,30,20,20,0)
547:(38,2,0,31,19,19,0)
548:(38,2,0,32,18,18,0)
549:(38,2,0,33,17,17,0)
550:(38,2,0,34,16,16,0)
551:(38,2,0,35,15,15,0)
552:(38,2,1,27,23,23,0)
553:(38,2,1,28,22,22,0)
554:(38,2,1,29,21,21,0)
555:(38,2,1,30,20,20,0)
556:(38,2,1,31,19,19,0)
557:(38,2,1,32,18,18,0)
558:(38,2,1,33,17,17,0)
559:(38,2,1,34,16,16,0)
560:(38,2,1,35,15,15,0)
561:(38,2,1,36,14,14,0)
562:(38,2,2,31,19,19,0)
563:(38,2,2,32,18,18,0)
564:(38,2,2,33,17,17,0)
565:(38,2,2,34,16,16,0)
566:(38,2,2,35,15,15,0)
567:(38,2,2,36,14,14,0)
568:(38,2,3,32,18,18,0)
569:(38,2,3,33,17,17,0)
570:(38,2,3,34,16,16,0)
571:(38,2,3,35,15,15,0)
572:(38,2,3,36,14,14,0)
573:(39,2,0,30,20,20,0)
574:(39,2,0,31,19,19,0)
575:(39,2,0,32,18,18,0)
576:(39,2,0,33,17,17,0)
577:(39,2,0,34,16,16,0)
578:(39,2,0,35,15,15,0)
579:(39,2,0,36,14,14,0)
580:(39,2,1,31,19,19,0)
581:(39,2,1,32,18,18,0)
582:(39,2,1,33,17,17,0)
583:(39,2,1,34,16,16,0)
584:(39,2,1,35,15,15,0)
585:(39,2,1,36,14,14,0)
586:(39,2,1,37,13,13,0)
587:(39,2,2,32,18,18,0)
588:(39,2,2,33,17,17,0)
589:(39,2,2,34,16,16,0)
590:(39,2,2,35,15,15,0)
591:(39,2,2,36,14,14,0)
592:(39,2,2,37,13,13,0)
593:(39,2,3,34,16,16,0)
594:(39,2,3,35,15,15,0)
595:(39,2,3,36,14,14,0)
596:(39,2,3,37,13,13,0)
597:(40,2,0,31,19,19,0)
598:(40,2,0,32,18,18,0)
599:(40,2,0,33,17,17,0)
600:(40,2,0,34,16,16,0)
601:(40,2,0,35,15,15,0)
602:(40,2,0,36,14,14,0)
603:(40,2,0,37,13,13,0)
604:(40,2,1,32,18,18,0)
605:(40,2,1,33,17,17,0)
606:(40,2,1,34,16,16,0)
607:(40,2,1,35,15,15,0)
608:(40,2,1,36,14,14,0)
609:(40,2,1,37,13,13,0)
610:(40,2,1,38,12,12,0)
611:(40,2,2,34,16,16,0)
612:(40,2,2,35,15,15,0)
613:(40,2,2,36,14,14,0)
614:(40,2,2,37,13,13,0)
615:(40,2,2,38,12,12,0)
616:(40,2,3,35,15,15,0)
617:(40,2,3,36,14,14,0)
618:(40,2,3,37,13,13,0)
619:(40,2,3,38,12,12,0)
620:(41,2,0,33,17,17,0)
621:(41,2,0,34,16,16,0)
622:(41,2,0,35,15,15,0)
623:(41,2,0,36,14,14,0)
624:(41,2,0,37,13,13,0)
625:(41,2,0,38,12,12,0)
626:(41,2,0,39,11,11,0)
627:(41,2,1,34,16,16,0)
628:(41,2,1,35,15,15,0)
629:(41,2,1,36,14,14,0)
630:(41,2,1,37,13,13,0)
631:(41,2,1,38,12,12,0)
632:(41,2,1,39,11,11,0)
633:(41,2,1,40,10,10,0)
634:(41,2,2,35,15,15,0)
635:(41,2,2,36,14,14,0)
636:(41,2,2,37,13,13,0)
637:(41,2,2,38,12,12,0)
638:(41,2,2,39,11,11,0)
639:(41,2,2,40,10,10,0)
640:(41,2,3,37,13,13,0)
641:(41,2,3,38,12,12,0)
642:(41,2,3,39,11,11,0)
643:(41,2,3,40,10,10,0)
644:(42,2,0,34,16,16,0)
645:(42,2,0,35,15,15,0)
646:(42,2,0,36,14,14,0)
647:(42,2,0,37,13,13,0)
648:(42,2,0,38,12,12,0)
649:(42,2,0,39,11,11,0)
650:(42,2,0,40,10,10,0)
651:(42,2,1,35,15,15,0)
652:(42,2,1,36,14,14,0)
653:(42,2,1,37,13,13,0)
654:(42,2,1,38,12,12,0)
655:(42,2,1,39,11,11,0)
656:(42,2,1,40,10,10,0)
657:(42,2,1,41,9,9,0)
658:(42,2,2,37,13,13,0)
659:(42,2,2,38,12,12,0)
660:(42,2,2,39,11,11,0)
661:(42,2,2,40,10,10,0)
662:(42,2,2,41,9,9,0)
663:(42,2,3,38,12,12,0)
664:(42,2,3,39,11,11,0)
665:(42,2,3,40,10,10,0)
666:(42,2,3,41,9,9,0)
667:(43,2,0,36,14,14,0)
668:(43,2,0,37,13,13,0)
669:(43,2,0,38,12,12,0)
670:(43,2,0,39,11,11,0)
671:(43,2,0,40,10,10,0)
672:(43,2,0,41,9,9,0)
673:(43,2,1,37,13,13,0)
674:(43,2,1,38,12,12,0)
675:(43,2,1,39,11,11,0)
676:(43,2,1,40,10,10,0)
677:(43,2,1,41,9,9,0)
678:(43,2,1,42,8,8,0)
679:(43,2,2,38,12,12,0)
680:(43,2,2,39,11,11,0)
681:(43,2,2,40,10,10,0)
682:(43,2,2,41,9,9,0)
683:(43,2,2,42,8,8,0)
684:(43,2,3,39,11,11,0)
685:(43,2,3,40,10,10,0)
686:(43,2,3,41,9,9,0)
687:(43,2,3,42,8,8,0)
688:(44,2,0,37,13,13,0)
689:(44,2,0,38,12,12,0)
690:(44,2,0,39,11,11,0)
691:(44,2,0,40,10,10,0)
692:(44,2,0,41,9,9,0)
693:(44,2,0,42,8,8,0)
694:(44,2,0,43,7,7,0)
695:(44,2,0,44,6,6,0)
696:(44,2,0,45,5,5,0)
697:(44,2,1,38,12,12,0)
698:(44,2,1,39,11,11,0)
699:(44,2,1,40,10,10,0)
700:(44,2,1,41,9,9,0)
701:(44,2,1,42,8,8,0)
702:(44,2,1,43,7,7,0)
703:(44,2,1,44,6,6,0)
704:(44,2,1,45,5,5,0)
705:(44,2,1,46,4,4,0)
706:(44,2,2,39,11,11,0)
707:(44,2,2,40,10,10,0)
708:(44,2,2,41,9,9,0)
709:(44,2,2,42,8,8,0)
710:(44,2,2,43,7,7,0)
711:(44,2,2,44,6,6,0)
712:(44,2,2,45,5,5,0)
713:(44,2,2,46,4,4,0)
714:(44,2,3,41,9,9,0)
715:(44,2,3,42,8,8,0)
716:(44,2,3,43,7,7,0)
717:(44,2,3,44,6,6,0)
718:(44,2,3,45,5,5,0)
719:(44,2,3,46,4,4,0)
720:(45,2,0,38,12,12,0)
721:(45,2,0,39,11,11,0)
722:(45,2,0,40,10,10,0)
723:(45,2,0,41,9,9,0)
724:(45,2,0,42,8,8,0)
725:(45,2,0,43,7,7,0)
726:(45,2,0,44,6,6,0)
727:(45,2,0,45,5,5,0)
728:(45,2,0,46,4,4,0)
729:(45,2,1,39,11,11,0)
730:(45,2,1,40,10,10,0)
731:(45,2,1,41,9,9,0)
732:(45,2,1,42,8,8,0)
733:(45,2,1,43,7,7,0)
734:(45,2,1,44,6,6,0)
735:(45,2,1,45,5,5,0)
736:(45,2,1,46,4,4,0)
737:(45,2,1,47,3,3,0)
738:(45,2,2,41,9,9,0)
739:(45,2,2,42,8,8,0)
740:(45,2,2,43,7,7,0)
741:(45,2,2,44,6,6,0)
742:(45,2,2,45,5,5,0)
743:(45,2,2,46,4,4,0)
744:(45,2,2,47,3,3,0)
745:(45,2,3,42,8,8,0)
746:(45,2,3,43,7,7,0)
747:(45,2,3,44,6,6,0)
748:(45,2,3,45,5,5,0)
749:(45,2,3,46,4,4,0)
750:(45,2,3,47,3,3,0)
751:(46,2,0,40,10,10,0)
752:(46,2,0,41,9,9,0)
753:(46,2,0,42,8,8,0)
754:(46,2,0,43,7,7,0)
755:(46,2,0,44,6,6,0)
756:(46,2,0,45,5,5,0)
757:(46,2,0,46,4,4,0)
758:(46,2,0,47,3,3,0)
759:(46,2,1,41,9,9,0)
760:(46,2,1,42,8,8,0)
761:(46,2,1,43,7,7,0)
762:(46,2,1,44,6,6,0)
763:(46,2,1,45,5,5,0)
764:(46,2,1,46,4,4,0)
765:(46,2,1,47,3,3,0)
766:(46,2,1,48,2,2,0)
767:(46,2,2,42,8,8,0)
768:(46,2,2,43,7,7,0)
769:(46,2,2,44,6,6,0)
770:(46,2,2,45,5,5,0)
771:(46,2,2,46,4,4,0)
772:(46,2,2,47,3,3,0)
773:(46,2,2,48,2,2,0)
774:(46,2,2,49,1,1,0)
775:(46,2,3,43,7,7,0)
776:(46,2,3,44,6,6,0)
777:(46,2,3,45,5,5,0)
778:(46,2,3,46,4,4,0)
779:(46,2,3,47,3,3,0)
780:(46,2,3,48,2,2,0)
781:(46,2,3,49,1,1,0)
782:(47,2,0,41,9,9,0)
783:(47,2,0,42,8,8,0)
784:(47,2,0,43,7,7,0)
785:(47,2,0,44,6,6,0)
786:(47,2,0,45,5,5,0)
787:(47,2,0,46,4,4,0)
788:(47,2,0,47,3,3,0)
789:(47,2,0,48,2,2,0)
790:(47,2,1,42,8,8,0)
791:(47,2,1,43,7,7,0)
792:(47,2,1,44,6,6,0)
793:(47,2,1,45,5,5,0)
794:(47,2,1,46,4,4,0)
795:(47,2,1,47,3,3,0)
796:(47,2,1,48,2,2,0)
797:(47,2,1,49,1,1,0)
798:(47,2,2,43,7,7,0)
799:(47,2,2,44,6,6,0)
800:(47,2,2,45,5,5,0)
801:(47,2,2,46,4,4,0)
802:(47,2,2,47,3,3,0)
803:(47,2,2,48,2,2,0)
804:(47,2,2,49,1,1,0)
805:(47,2,2,50,0,0,0)
806:(47,2,3,47,3,3,0)
807:(47,2,3,48,2,2,0)
808:(47,2,3,49,1,1,0)
809:(47,2,3,50,0,0,0)
810:(48,2,0,42,8,8,0)
811:(48,2,0,43,7,7,0)
812:(48,2,0,44,6,6,0)
813:(48,2,0,45,5,5,0)
814:(48,2,0,46,4,4,0)
815:(48,2,0,47,3,3,0)
816:(48,2,0,48,2,2,0)
817:(48,2,0,49,1,1,0)
818:(48,2,1,43,7,7,0)
819:(48,2,1,44,6,6,0)
820:(48,2,1,45,5,5,0)
821:(48,2,1,46,4,4,0)
822:(48,2,1,47,3,3,0)
823:(48,2,1,48,2,2,0)
824:(48,2,1,49,1,1,0)
825:(48,2,1,50,0,0,0)
826:(48,2,2,47,3,3,0)
827:(48,2,2,48,2,2,0)
828:(48,2,2,49,1,1,0)
829:(48,2,2,50,0,0,0)
830:(48,2,3,48,2,2,0)
831:(48,2,3,49,1,1,0)
832:(48,2,3,50,0,0,0)
833:(49,2,0,46,4,4,0)
834:(49,2,0,47,3,3,0)
835:(49,2,0,48,2,2,0)
836:(49,2,0,49,1,1,0)
837:(49,2,0,50,0,0,0)
838:(49,2,1,47,3,3,0)
839:(49,2,1,48,2,2,0)
840:(49,2,1,49,1,1,0)
841:(49,2,1,50,0,0,0)
842:(49,2,2,48,2,2,0)
843:(49,2,2,49,1,1,0)
844:(49,2,2,50,0,0,0)
845:(49,2,3,50,0,0,0)
846:(50,2,0,47,3,3,0)
847:(50,2,0,48,2,2,0)
848:(50,2,0,49,1,1,0)
849:(50,2,0,50,0,0,0)
850:(50,2,1,48,2,2,0)
851:(50,2,1,49,1,1,0)
852:(50,2,1,50,0,0,0)
853:(50,2,2,50,0,0,0)
854:(51,2,0,49,1,1,0)
855:(51,2,0,50,0,0,0)
856:(51,2,1,50,0,0,0)
