(r,l,rl,g,ga,gbg,gd)
0:(-1,-1,-1,-1,-1,-1,-1)
1:(25,2,0,0,50,50,0)
2:(25,2,0,1,49,49,0)
3:(25,2,1,0,50,50,0)
4:(25,2,1,1,49,49,0)
5:(25,2,1,2,48,48,0)
6:(25,2,2,0,50,50,0)
7:(25,2,2,1,49,49,0)
8:(25,2,2,2,48,48,0)
9:(25,2,3,1,49,49,0)
10:(25,2,3,2,48,48,0)
11:(26,2,0,0,50,50,0)
12:(26,2,0,1,49,49,0)
13:(26,2,0,2,48,48,0)
14:(26,2,0,3,47,47,0)
15:(26,2,0,4,46,46,0)
16:(26,2,0,5,45,45,0)
17:(26,2,1,0,50,50,0)
18:(26,2,1,1,49,49,0)
19:(26,2,1,2,48,48,0)
20:(26,2,1,3,47,47,0)
21:(26,2,1,4,46,46,0)
22:(26,2,1,5,45,45,0)
23:(26,2,1,6,44,44,0)
24:(26,2,2,0,50,50,0)
25:(26,2,2,1,49,49,0)
26:(26,2,2,2,48,48,0)
27:(26,2,2,3,47,47,0)
28:(26,2,2,4,46,46,0)
29:(26,2,2,5,45,45,0)
30:(26,2,2,6,44,44,0)
31:(26,2,3,1,49,49,0)
32:(26,2,3,2,48,48,0)
33:(26,2,3,3,47,47,0)
34:(26,2,3,4,46,46,0)
35:(26,2,3,5,45,45,0)
36:(26,2,3,6,44,44,0)
37:(27,2,0,0,50,50,0)
38:(27,2,0,1,49,49,0)
39:(27,2,0,2,48,48,0)
40:(27,2,0,3,47,47,0)
41:(27,2,0,4,46,46,0)
42:(27,2,0,5,45,45,0)
43:(27,2,0,6,44,44,0)
44:(27,2,1,0,50,50,0)
45:(27,2,1,1,49,49,0)
46:(27,2,1,2,48,48,0)
47:(27,2,1,3,47,47,0)
48:(27,2,1,4,46,46,0)
49:(27,2,1,5,45,45,0)
50:(27,2,1,6,44,44,0)
51:(27,2,1,7,43,43,0)
52:(27,2,2,0,50,50,0)
53:(27,2,2,1,49,49,0)
54:(27,2,2,2,48,48,0)
55:(27,2,2,3,47,47,0)
56:(27,2,2,4,46,46,0)
57:(27,2,2,5,45,45,0)
58:(27,2,2,6,44,44,0)
59:(27,2,2,7,43,43,0)
60:(27,2,3,1,49,49,0)
61:(27,2,3,2,48,48,0)
62:(27,2,3,3,47,47,0)
63:(27,2,3,4,46,46,0)
64:(27,2,3,5,45,45,0)
65:(27,2,3,6,44,44,0)
66:(27,2,3,7,43,43,0)
67:(28,2,0,0,50,50,0)
68:(28,2,0,1,49,49,0)
69:(28,2,0,2,48,48,0)
70:(28,2,0,3,47,47,0)
71:(28,2,0,4,46,46,0)
72:(28,2,0,5,45,45,0)
73:(28,2,0,6,44,44,0)
74:(28,2,0,7,43,43,0)
75:(28,2,1,0,50,50,0)
76:(28,2,1,1,49,49,0)
77:(28,2,1,2,48,48,0)
78:(28,2,1,3,47,47,0)
79:(28,2,1,4,46,46,0)
80:(28,2,1,5,45,45,0)
81:(28,2,1,6,44,44,0)
82:(28,2,1,7,43,43,0)
83:(28,2,1,8,42,42,0)
84:(28,2,2,1,49,49,0)
85:(28,2,2,2,48,48,0)
86:(28,2,2,3,47,47,0)
87:(28,2,2,4,46,46,0)
88:(28,2,2,5,45,45,0)
89:(28,2,2,6,44,44,0)
90:(28,2,2,7,43,43,0)
91:(28,2,2,8,42,42,0)
92:(28,2,3,3,47,47,0)
93:(28,2,3,4,46,46,0)
94:(28,2,3,5,45,45,0)
95:(28,2,3,6,44,44,0)
96:(28,2,3,7,43,43,0)
97:(28,2,3,8,42,42,0)
98:(29,2,0,0,50,50,0)
99:(29,2,0,1,49,49,0)
100:(29,2,0,2,48,48,0)
101:(29,2,0,3,47,47,0)
102:(29,2,0,4,46,46,0)
103:(29,2,0,5,45,45,0)
104:(29,2,0,6,44,44,0)
105:(29,2,0,7,43,43,0)
106:(29,2,0,8,42,42,0)
107:(29,2,1,1,49,49,0)
108:(29,2,1,2,48,48,0)
109:(29,2,1,3,47,47,0)
110:(29,2,1,4,46,46,0)
111:(29,2,1,5,45,45,0)
112:(29,2,1,6,44,44,0)
113:(29,2,1,7,43,43,0)
114:(29,2,1,8,42,42,0)
115:(29,2,1,9,41,41,0)
116:(29,2,2,3,47,47,0)
117:(29,2,2,4,46,46,0)
118:(29,2,2,5,45,45,0)
119:(29,2,2,6,44,44,0)
120:(29,2,2,7,43,43,0)
121:(29,2,2,8,42,42,0)
122:(29,2,2,9,41,41,0)
123:(29,2,3,7,43,43,0)
124:(29,2,3,8,42,42,0)
125:(29,2,3,9,41,41,0)
126:(30,2,0,2,48,48,0)
127:(30,2,0,3,47,47,0)
128:(30,2,0,4,46,46,0)
129:(30,2,0,5,45,45,0)
130:(30,2,0,6,44,44,0)
131:(30,2,0,7,43,43,0)
132:(30,2,0,8,42,42,0)
133:(30,2,0,9,41,41,0)
134:(30,2,0,10,40,40,0)
135:(30,2,0,11,39,39,0)
136:(30,2,0,12,38,38,0)
137:(30,2,1,3,47,47,0)
138:(30,2,1,4,46,46,0)
139:(30,2,1,5,45,45,0)
140:(30,2,1,6,44,44,0)
141:(30,2,1,7,43,43,0)
142:(30,2,1,8,42,42,0)
143:(30,2,1,9,41,41,0)
144:(30,2,1,10,40,40,0)
145:(30,2,1,11,39,39,0)
146:(30,2,1,12,38,38,0)
147:(30,2,1,13,37,37,0)
148:(30,2,2,7,43,43,0)
149:(30,2,2,8,42,42,0)
150:(30,2,2,9,41,41,0)
151:(30,2,2,10,40,40,0)
152:(30,2,2,11,39,39,0)
153:(30,2,2,12,38,38,0)
154:(30,2,2,13,37,37,0)
155:(30,2,3,8,42,42,0)
156:(30,2,3,9,41,41,0)
157:(30,2,3,10,40,40,0)
158:(30,2,3,11,39,39,0)
159:(30,2,3,12,38,38,0)
160:(30,2,3,13,37,37,0)
161:(31,2,0,6,44,44,0)
162:(31,2,0,7,43,43,0)
163:(31,2,0,8,42,42,0)
164:(31,2,0,9,41,41,0)
165:(31,2,0,10,40,40,0)
166:(31,2,0,11,39,39,0)
167:(31,2,0,12,38,38,0)
168:(31,2,0,13,37,37,0)
169:(31,2,1,7,43,43,0)
170:(31,2,1,8,42,42,0)
171:(31,2,1,9,41,41,0)
172:(31,2,1,10,40,40,0)
173:(31,2,1,11,39,39,0)
174:(31,2,1,12,38,38,0)
175:(31,2,1,13,37,37,0)
176:(31,2,1,14,36,36,0)
177:(31,2,2,8,42,42,0)
178:(31,2,2,9,41,41,0)
179:(31,2,2,10,40,40,0)
180:(31,2,2,11,39,39,0)
181:(31,2,2,12,38,38,0)
182:(31,2,2,13,37,37,0)
183:(31,2,2,14,36,36,0)
184:(31,2,3,9,41,41,0)
185:(31,2,3,10,40,40,0)
186:(31,2,3,11,39,39,0)
187:(31,2,3,12,38,38,0)
188:(31,2,3,13,37,37,0)
189:(31,2,3,14,36,36,0)
190:(32,2,0,7,43,43,0)
191:(32,2,0,8,42,42,0)
192:(32,2,0,9,41,41,0)
193:(32,2,0,10,40,40,0)
194:(32,2,0,11,39,39,0)
195:(32,2,0,12,38,38,0)
196:(32,2,0,13,37,37,0)
197:(32,2,0,14,36,36,0)
198:(32,2,1,8,42,42,0)
199:(32,2,1,9,41,41,0)
200:(32,2,1,10,40,40,0)
201:(32,2,1,11,39,39,0)
202:(32,2,1,12,38,38,0)
203:(32,2,1,13,37,37,0)
204:(32,2,1,14,36,36,0)
205:(32,2,1,15,35,35,0)
206:(32,2,2,9,41,41,0)
207:(32,2,2,10,40,40,0)
208:(32,2,2,11,39,39,0)
209:(32,2,2,12,38,38,0)
210:(32,2,2,13,37,37,0)
211:(32,2,2,14,36,36,0)
212:(32,2,2,15,35,35,0)
213:(32,2,3,10,40,40,0)
214:(32,2,3,11,39,39,0)
215:(32,2,3,12,38,38,0)
216:(32,2,3,13,37,37,0)
217:(32,2,3,14,36,36,0)
218:(32,2,3,15,35,35,0)
219:(33,2,0,8,42,42,0)
220:(33,2,0,9,41,41,0)
221:(33,2,0,10,40,40,0)
222:(33,2,0,11,39,39,0)
223:(33,2,0,12,38,38,0)
224:(33,2,0,13,37,37,0)
225:(33,2,0,14,36,36,0)
226:(33,2,0,15,35,35,0)
227:(33,2,0,16,34,34,0)
228:(33,2,1,9,41,41,0)
229:(33,2,1,10,40,40,0)
230:(33,2,1,11,39,39,0)
231:(33,2,1,12,38,38,0)
232:(33,2,1,13,37,37,0)
233:(33,2,1,14,36,36,0)
234:(33,2,1,15,35,35,0)
235:(33,2,1,16,34,34,0)
236:(33,2,1,17,33,33,0)
237:(33,2,2,10,40,40,0)
238:(33,2,2,11,39,39,0)
239:(33,2,2,12,38,38,0)
240:(33,2,2,13,37,37,0)
241:(33,2,2,14,36,36,0)
242:(33,2,2,15,35,35,0)
243:(33,2,2,16,34,34,0)
244:(33,2,2,17,33,33,0)
245:(33,2,3,14,36,36,0)
246:(33,2,3,15,35,35,0)
247:(33,2,3,16,34,34,0)
248:(33,2,3,17,33,33,0)
249:(34,2,0,9,41,41,0)
250:(34,2,0,10,40,40,0)
251:(34,2,0,11,39,39,0)
252:(34,2,0,12,38,38,0)
253:(34,2,0,13,37,37,0)
254:(34,2,0,14,36,36,0)
255:(34,2,0,15,35,35,0)
256:(34,2,0,16,34,34,0)
257:(34,2,0,17,33,33,0)
258:(34,2,0,18,32,32,0)
259:(34,2,0,19,31,31,0)
260:(34,2,0,20,30,30,0)
261:(34,2,1,10,40,40,0)
262:(34,2,1,11,39,39,0)
263:(34,2,1,12,38,38,0)
264:(34,2,1,13,37,37,0)
265:(34,2,1,14,36,36,0)
266:(34,2,1,15,35,35,0)
267:(34,2,1,16,34,34,0)
268:(34,2,1,17,33,33,0)
269:(34,2,1,18,32,32,0)
270:(34,2,1,19,31,31,0)
271:(34,2,1,20,30,30,0)
272:(34,2,1,21,29,29,0)
273:(34,2,2,14,36,36,0)
274:(34,2,2,15,35,35,0)
275:(34,2,2,16,34,34,0)
276:(34,2,2,17,33,33,0)
277:(34,2,2,18,32,32,0)
278:(34,2,2,19,31,31,0)
279:(34,2,2,20,30,30,0)
280:(34,2,2,21,29,29,0)
281:(34,2,3,15,35,35,0)
282:(34,2,3,16,34,34,0)
283:(34,2,3,17,33,33,0)
284:(34,2,3,18,32,32,0)
285:(34,2,3,19,31,31,0)
286:(34,2,3,20,30,30,0)
287:(34,2,3,21,29,29,0)
288:(35,2,0,13,37,37,0)
289:(35,2,0,14,36,36,0)
290:(35,2,0,15,35,35,0)
291:(35,2,0,16,34,34,0)
292:(35,2,0,17,33,33,0)
293:(35,2,0,18,32,32,0)
294:(35,2,0,19,31,31,0)
295:(35,2,0,20,30,30,0)
296:(35,2,0,21,29,29,0)
297:(35,2,1,14,36,36,0)
298:(35,2,1,15,35,35,0)
299:(35,2,1,16,34,34,0)
300:(35,2,1,17,33,33,0)
301:(35,2,1,18,32,32,0)
302:(35,2,1,19,31,31,0)
303:(35,2,1,20,30,30,0)
304:(35,2,1,21,29,29,0)
305:(35,2,1,22,28,28,0)
306:(35,2,2,15,35,35,0)
307:(35,2,2,16,34,34,0)
308:(35,2,2,17,33,33,0)
309:(35,2,2,18,32,32,0)
310:(35,2,2,19,31,31,0)
311:(35,2,2,20,30,30,0)
312:(35,2,2,21,29,29,0)
313:(35,2,2,22,28,28,0)
314:(35,2,3,16,34,34,0)
315:(35,2,3,17,33,33,0)
316:(35,2,3,18,32,32,0)
317:(35,2,3,19,31,31,0)
318:(35,2,3,20,30,30,0)
319:(35,2,3,21,29,29,0)
320:(35,2,3,22,28,28,0)
321:(36,2,0,14,36,36,0)
322:(36,2,0,15,35,35,0)
323:(36,2,0,16,34,34,0)
324:(36,2,0,17,33,33,0)
325:(36,2,0,18,32,32,0)
326:(36,2,0,19,31,31,0)
327:(36,2,0,20,30,30,0)
328:(36,2,0,21,29,29,0)
329:(36,2,0,22,28,28,0)
330:(36,2,0,23,27,27,0)
331:(36,2,1,15,35,35,0)
332:(36,2,1,16,34,34,0)
333:(36,2,1,17,33,33,0)
334:(36,2,1,18,32,32,0)
335:(36,2,1,19,31,31,0)
336:(36,2,1,20,30,30,0)
337:(36,2,1,21,29,29,0)
338:(36,2,1,22,28,28,0)
339:(36,2,1,23,27,27,0)
340:(36,2,1,24,26,26,0)
341:(36,2,2,16,34,34,0)
342:(36,2,2,17,33,33,0)
343:(36,2,2,18,32,32,0)
344:(36,2,2,19,31,31,0)
345:(36,2,2,20,30,30,0)
346:(36,2,2,21,29,29,0)
347:(36,2,2,22,28,28,0)
348:(36,2,2,23,27,27,0)
349:(36,2,2,24,26,26,0)
350:(36,2,3,18,32,32,0)
351:(36,2,3,19,31,31,0)
352:(36,2,3,20,30,30,0)
353:(36,2,3,21,29,29,0)
354:(36,2,3,22,28,28,0)
355:(36,2,3,23,27,27,0)
356:(36,2,3,24,26,26,0)
357:(37,2,0,15,35,35,0)
358:(37,2,0,16,34,34,0)
359:(37,2,0,17,33,33,0)
360:(37,2,0,18,32,32,0)
361:(37,2,0,19,31,31,0)
362:(37,2,0,20,30,30,0)
363:(37,2,0,21,29,29,0)
364:(37,2,0,22,28,28,0)
365:(37,2,0,23,27,27,0)
366:(37,2,0,24,26,26,0)
367:(37,2,1,16,34,34,0)
368:(37,2,1,17,33,33,0)
369:(37,2,1,18,32,32,0)
370:(37,2,1,19,31,31,0)
371:(37,2,1,20,30,30,0)
372:(37,2,1,21,29,29,0)
373:(37,2,1,22,28,28,0)
374:(37,2,1,23,27,27,0)
375:(37,2,1,24,26,26,0)
376:(37,2,1,25,25,25,0)
377:(37,2,2,18,32,32,0)
378:(37,2,2,19,31,31,0)
379:(37,2,2,20,30,30,0)
380:(37,2,2,21,29,29,0)
381:(37,2,2,22,28,28,0)
382:(37,2,2,23,27,27,0)
383:(37,2,2,24,26,26,0)
384:(37,2,2,25,25,25,0)
385:(37,2,3,22,28,28,0)
386:(37,2,3,23,27,27,0)
387:(37,2,3,24,26,26,0)
388:(37,2,3,25,25,25,0)
389:(38,2,0,17,33,33,0)
390:(38,2,0,18,32,32,0)
391:(38,2,0,19,31,31,0)
392:(38,2,0,20,30,30,0)
393:(38,2,0,21,29,29,0)
394:(38,2,0,22,28,28,0)
395:(38,2,0,23,27,27,0)
396:(38,2,0,24,26,26,0)
397:(38,2,0,25,25,25,0)
398:(38,2,0,26,24,24,0)
399:(38,2,0,27,23,23,0)
400:(38,2,0,28,22,22,0)
401:(38,2,1,18,32,32,0)
402:(38,2,1,19,31,31,0)
403:(38,2,1,20,30,30,0)
404:(38,2,1,21,29,29,0)
405:(38,2,1,22,28,28,0)
406:(38,2,1,23,27,27,0)
407:(38,2,1,24,26,26,0)
408:(38,2,1,25,25,25,0)
409:(38,2,1,26,24,24,0)
410:(38,2,1,27,23,23,0)
411:(38,2,1,28,22,22,0)
412:(38,2,1,29,21,21,0)
413:(38,2,2,22,28,28,0)
414:(38,2,2,23,27,27,0)
415:(38,2,2,24,26,26,0)
416:(38,2,2,25,25,25,0)
417:(38,2,2,26,24,24,0)
418:(38,2,2,27,23,23,0)
419:(38,2,2,28,22,22,0)
420:(38,2,2,29,21,21,0)
421:(38,2,3,23,27,27,0)
422:(38,2,3,24,26,26,0)
423:(38,2,3,25,25,25,0)
424:(38,2,3,26,24,24,0)
425:(38,2,3,27,23,23,0)
426:(38,2,3,28,22,22,0)
427:(38,2,3,29,21,21,0)
428:(39,2,0,21,29,29,0)
429:(39,2,0,22,28,28,0)
430:(39,2,0,23,27,27,0)
431:(39,2,0,24,26,26,0)
432:(39,2,0,25,25,25,0)
433:(39,2,0,26,24,24,0)
434:(39,2,0,27,23,23,0)
435:(39,2,0,28,22,22,0)
436:(39,2,0,29,21,21,0)
437:(39,2,0,30,20,20,0)
438:(39,2,0,31,19,19,0)
439:(39,2,0,32,18,18,0)
440:(39,2,1,22,28,28,0)
441:(39,2,1,23,27,27,0)
442:(39,2,1,24,26,26,0)
443:(39,2,1,25,25,25,0)
444:(39,2,1,26,24,24,0)
445:(39,2,1,27,23,23,0)
446:(39,2,1,28,22,22,0)
447:(39,2,1,29,21,21,0)
448:(39,2,1,30,20,20,0)
449:(39,2,1,31,19,19,0)
450:(39,2,1,32,18,18,0)
451:(39,2,1,33,17,17,0)
452:(39,2,2,23,27,27,0)
453:(39,2,2,24,26,26,0)
454:(39,2,2,25,25,25,0)
455:(39,2,2,26,24,24,0)
456:(39,2,2,27,23,23,0)
457:(39,2,2,28,22,22,0)
458:(39,2,2,29,21,21,0)
459:(39,2,2,30,20,20,0)
460:(39,2,2,31,19,19,0)
461:(39,2,2,32,18,18,0)
462:(39,2,2,33,17,17,0)
463:(39,2,3,25,25,25,0)
464:(39,2,3,26,24,24,0)
465:(39,2,3,27,23,23,0)
466:(39,2,3,28,22,22,0)
467:(39,2,3,29,21,21,0)
468:(39,2,3,30,20,20,0)
469:(39,2,3,31,19,19,0)
470:(39,2,3,32,18,18,0)
471:(39,2,3,33,17,17,0)
472:(40,2,0,22,28,28,0)
473:(40,2,0,23,27,27,0)
474:(40,2,0,24,26,26,0)
475:(40,2,0,25,25,25,0)
476:(40,2,0,26,24,24,0)
477:(40,2,0,27,23,23,0)
478:(40,2,0,28,22,22,0)
479:(40,2,0,29,21,21,0)
480:(40,2,0,30,20,20,0)
481:(40,2,0,31,19,19,0)
482:(40,2,0,32,18,18,0)
483:(40,2,0,33,17,17,0)
484:(40,2,1,23,27,27,0)
485:(40,2,1,24,26,26,0)
486:(40,2,1,25,25,25,0)
487:(40,2,1,26,24,24,0)
488:(40,2,1,27,23,23,0)
489:(40,2,1,28,22,22,0)
490:(40,2,1,29,21,21,0)
491:(40,2,1,30,20,20,0)
492:(40,2,1,31,19,19,0)
493:(40,2,1,32,18,18,0)
494:(40,2,1,33,17,17,0)
495:(40,2,1,34,16,16,0)
496:(40,2,2,25,25,25,0)
497:(40,2,2,26,24,24,0)
498:(40,2,2,27,23,23,0)
499:(40,2,2,28,22,22,0)
500:(40,2,2,29,21,21,0)
501:(40,2,2,30,20,20,0)
502:(40,2,2,31,19,19,0)
503:(40,2,2,32,18,18,0)
504:(40,2,2,33,17,17,0)
505:(40,2,2,34,16,16,0)
506:(40,2,3,26,24,24,0)
507:(40,2,3,27,23,23,0)
508:(40,2,3,28,22,22,0)
509:(40,2,3,29,21,21,0)
510:(40,2,3,30,20,20,0)
511:(40,2,3,31,19,19,0)
512:(40,2,3,32,18,18,0)
513:(40,2,3,33,17,17,0)
514:(40,2,3,34,16,16,0)
515:(41,2,0,24,26,26,0)
516:(41,2,0,25,25,25,0)
517:(41,2,0,26,24,24,0)
518:(41,2,0,27,23,23,0)
519:(41,2,0,28,22,22,0)
520:(41,2,0,29,21,21,0)
521:(41,2,0,30,20,20,0)
522:(41,2,0,31,19,19,0)
523:(41,2,0,32,18,18,0)
524:(41,2,0,33,17,17,0)
525:(41,2,0,34,16,16,0)
526:(41,2,0,35,15,15,0)
527:(41,2,0,36,14,14,0)
528:(41,2,1,25,25,25,0)
529:(41,2,1,26,24,24,0)
530:(41,2,1,27,23,23,0)
531:(41,2,1,28,22,22,0)
532:(41,2,1,29,21,21,0)
533:(41,2,1,30,20,20,0)
534:(41,2,1,31,19,19,0)
535:(41,2,1,32,18,18,0)
536:(41,2,1,33,17,17,0)
537:(41,2,1,34,16,16,0)
538:(41,2,1,35,15,15,0)
539:(41,2,1,36,14,14,0)
540:(41,2,1,37,13,13,0)
541:(41,2,2,26,24,24,0)
542:(41,2,2,27,23,23,0)
543:(41,2,2,28,22,22,0)
544:(41,2,2,29,21,21,0)
545:(41,2,2,30,20,20,0)
546:(41,2,2,31,19,19,0)
547:(41,2,2,32,18,18,0)
548:(41,2,2,33,17,17,0)
549:(41,2,2,34,16,16,0)
550:(41,2,2,35,15,15,0)
551:(41,2,2,36,14,14,0)
552:(41,2,2,37,13,13,0)
553:(41,2,3,30,20,20,0)
554:(41,2,3,31,19,19,0)
555:(41,2,3,32,18,18,0)
556:(41,2,3,33,17,17,0)
557:(41,2,3,34,16,16,0)
558:(41,2,3,35,15,15,0)
559:(41,2,3,36,14,14,0)
560:(41,2,3,37,13,13,0)
561:(42,2,0,25,25,25,0)
562:(42,2,0,26,24,24,0)
563:(42,2,0,27,23,23,0)
564:(42,2,0,28,22,22,0)
565:(42,2,0,29,21,21,0)
566:(42,2,0,30,20,20,0)
567:(42,2,0,31,19,19,0)
568:(42,2,0,32,18,18,0)
569:(42,2,0,33,17,17,0)
570:(42,2,0,34,16,16,0)
571:(42,2,0,35,15,15,0)
572:(42,2,0,36,14,14,0)
573:(42,2,0,37,13,13,0)
574:(42,2,1,26,24,24,0)
575:(42,2,1,27,23,23,0)
576:(42,2,1,28,22,22,0)
577:(42,2,1,29,21,21,0)
578:(42,2,1,30,20,20,0)
579:(42,2,1,31,19,19,0)
580:(42,2,1,32,18,18,0)
581:(42,2,1,33,17,17,0)
582:(42,2,1,34,16,16,0)
583:(42,2,1,35,15,15,0)
584:(42,2,1,36,14,14,0)
585:(42,2,1,37,13,13,0)
586:(42,2,1,38,12,12,0)
587:(42,2,2,30,20,20,0)
588:(42,2,2,31,19,19,0)
589:(42,2,2,32,18,18,0)
590:(42,2,2,33,17,17,0)
591:(42,2,2,34,16,16,0)
592:(42,2,2,35,15,15,0)
593:(42,2,2,36,14,14,0)
594:(42,2,2,37,13,13,0)
595:(42,2,2,38,12,12,0)
596:(42,2,3,34,16,16,0)
597:(42,2,3,35,15,15,0)
598:(42,2,3,36,14,14,0)
599:(42,2,3,37,13,13,0)
600:(42,2,3,38,12,12,0)
601:(43,2,0,29,21,21,0)
602:(43,2,0,30,20,20,0)
603:(43,2,0,31,19,19,0)
604:(43,2,0,32,18,18,0)
605:(43,2,0,33,17,17,0)
606:(43,2,0,34,16,16,0)
607:(43,2,0,35,15,15,0)
608:(43,2,0,36,14,14,0)
609:(43,2,0,37,13,13,0)
610:(43,2,0,38,12,12,0)
611:(43,2,0,39,11,11,0)
612:(43,2,0,40,10,10,0)
613:(43,2,0,41,9,9,0)
614:(43,2,0,42,8,8,0)
615:(43,2,1,30,20,20,0)
616:(43,2,1,31,19,19,0)
617:(43,2,1,32,18,18,0)
618:(43,2,1,33,17,17,0)
619:(43,2,1,34,16,16,0)
620:(43,2,1,35,15,15,0)
621:(43,2,1,36,14,14,0)
622:(43,2,1,37,13,13,0)
623:(43,2,1,38,12,12,0)
624:(43,2,1,39,11,11,0)
625:(43,2,1,40,10,10,0)
626:(43,2,1,41,9,9,0)
627:(43,2,1,42,8,8,0)
628:(43,2,1,43,7,7,0)
629:(43,2,2,34,16,16,0)
630:(43,2,2,35,15,15,0)
631:(43,2,2,36,14,14,0)
632:(43,2,2,37,13,13,0)
633:(43,2,2,38,12,12,0)
634:(43,2,2,39,11,11,0)
635:(43,2,2,40,10,10,0)
636:(43,2,2,41,9,9,0)
637:(43,2,2,42,8,8,0)
638:(43,2,2,43,7,7,0)
639:(43,2,3,35,15,15,0)
640:(43,2,3,36,14,14,0)
641:(43,2,3,37,13,13,0)
642:(43,2,3,38,12,12,0)
643:(43,2,3,39,11,11,0)
644:(43,2,3,40,10,10,0)
645:(43,2,3,41,9,9,0)
646:(43,2,3,42,8,8,0)
647:(43,2,3,43,7,7,0)
648:(44,2,0,33,17,17,0)
649:(44,2,0,34,16,16,0)
650:(44,2,0,35,15,15,0)
651:(44,2,0,36,14,14,0)
652:(44,2,0,37,13,13,0)
653:(44,2,0,38,12,12,0)
654:(44,2,0,39,11,11,0)
655:(44,2,0,40,10,10,0)
656:(44,2,0,41,9,9,0)
657:(44,2,0,42,8,8,0)
658:(44,2,0,43,7,7,0)
659:(44,2,0,44,6,6,0)
660:(44,2,1,34,16,16,0)
661:(44,2,1,35,15,15,0)
662:(44,2,1,36,14,14,0)
663:(44,2,1,37,13,13,0)
664:(44,2,1,38,12,12,0)
665:(44,2,1,39,11,11,0)
666:(44,2,1,40,10,10,0)
667:(44,2,1,41,9,9,0)
668:(44,2,1,42,8,8,0)
669:(44,2,1,43,7,7,0)
670:(44,2,1,44,6,6,0)
671:(44,2,1,45,5,5,0)
672:(44,2,2,35,15,15,0)
673:(44,2,2,36,14,14,0)
674:(44,2,2,37,13,13,0)
675:(44,2,2,38,12,12,0)
676:(44,2,2,39,11,11,0)
677:(44,2,2,40,10,10,0)
678:(44,2,2,41,9,9,0)
679:(44,2,2,42,8,8,0)
680:(44,2,2,43,7,7,0)
681:(44,2,2,44,6,6,0)
682:(44,2,2,45,5,5,0)
683:(44,2,3,38,12,12,0)
684:(44,2,3,39,11,11,0)
685:(44,2,3,40,10,10,0)
686:(44,2,3,41,9,9,0)
687:(44,2,3,42,8,8,0)
688:(44,2,3,43,7,7,0)
689:(44,2,3,44,6,6,0)
690:(44,2,3,45,5,5,0)
691:(45,2,0,34,16,16,0)
692:(45,2,0,35,15,15,0)
693:(45,2,0,36,14,14,0)
694:(45,2,0,37,13,13,0)
695:(45,2,0,38,12,12,0)
696:(45,2,0,39,11,11,0)
697:(45,2,0,40,10,10,0)
698:(45,2,0,41,9,9,0)
699:(45,2,0,42,8,8,0)
700:(45,2,0,43,7,7,0)
701:(45,2,0,44,6,6,0)
702:(45,2,0,45,5,5,0)
703:(45,2,0,46,4,4,0)
704:(45,2,1,35,15,15,0)
705:(45,2,1,36,14,14,0)
706:(45,2,1,37,13,13,0)
707:(45,2,1,38,12,12,0)
708:(45,2,1,39,11,11,0)
709:(45,2,1,40,10,10,0)
710:(45,2,1,41,9,9,0)
711:(45,2,1,42,8,8,0)
712:(45,2,1,43,7,7,0)
713:(45,2,1,44,6,6,0)
714:(45,2,1,45,5,5,0)
715:(45,2,1,46,4,4,0)
716:(45,2,1,47,3,3,0)
717:(45,2,2,38,12,12,0)
718:(45,2,2,39,11,11,0)
719:(45,2,2,40,10,10,0)
720:(45,2,2,41,9,9,0)
721:(45,2,2,42,8,8,0)
722:(45,2,2,43,7,7,0)
723:(45,2,2,44,6,6,0)
724:(45,2,2,45,5,5,0)
725:(45,2,2,46,4,4,0)
726:(45,2,2,47,3,3,0)
727:(45,2,3,39,11,11,0)
728:(45,2,3,40,10,10,0)
729:(45,2,3,41,9,9,0)
730:(45,2,3,42,8,8,0)
731:(45,2,3,43,7,7,0)
732:(45,2,3,44,6,6,0)
733:(45,2,3,45,5,5,0)
734:(45,2,3,46,4,4,0)
735:(45,2,3,47,3,3,0)
736:(46,2,0,37,13,13,0)
737:(46,2,0,38,12,12,0)
738:(46,2,0,39,11,11,0)
739:(46,2,0,40,10,10,0)
740:(46,2,0,41,9,9,0)
741:(46,2,0,42,8,8,0)
742:(46,2,0,43,7,7,0)
743:(46,2,0,44,6,6,0)
744:(46,2,0,45,5,5,0)
745:(46,2,0,46,4,4,0)
746:(46,2,0,47,3,3,0)
747:(46,2,1,38,12,12,0)
748:(46,2,1,39,11,11,0)
749:(46,2,1,40,10,10,0)
750:(46,2,1,41,9,9,0)
751:(46,2,1,42,8,8,0)
752:(46,2,1,43,7,7,0)
753:(46,2,1,44,6,6,0)
754:(46,2,1,45,5,5,0)
755:(46,2,1,46,4,4,0)
756:(46,2,1,47,3,3,0)
757:(46,2,1,48,2,2,0)
758:(46,2,2,39,11,11,0)
759:(46,2,2,40,10,10,0)
760:(46,2,2,41,9,9,0)
761:(46,2,2,42,8,8,0)
762:(46,2,2,43,7,7,0)
763:(46,2,2,44,6,6,0)
764:(46,2,2,45,5,5,0)
765:(46,2,2,46,4,4,0)
766:(46,2,2,47,3,3,0)
767:(46,2,2,48,2,2,0)
768:(46,2,3,44,6,6,0)
769:(46,2,3,45,5,5,0)
770:(46,2,3,46,4,4,0)
771:(46,2,3,47,3,3,0)
772:(46,2,3,48,2,2,0)
773:(47,2,0,38,12,12,0)
774:(47,2,0,39,11,11,0)
775:(47,2,0,40,10,10,0)
776:(47,2,0,41,9,9,0)
777:(47,2,0,42,8,8,0)
778:(47,2,0,43,7,7,0)
779:(47,2,0,44,6,6,0)
780:(47,2,0,45,5,5,0)
781:(47,2,0,46,4,4,0)
782:(47,2,0,47,3,3,0)
783:(47,2,0,48,2,2,0)
784:(47,2,1,39,11,11,0)
785:(47,2,1,40,10,10,0)
786:(47,2,1,41,9,9,0)
787:(47,2,1,42,8,8,0)
788:(47,2,1,43,7,7,0)
789:(47,2,1,44,6,6,0)
790:(47,2,1,45,5,5,0)
791:(47,2,1,46,4,4,0)
792:(47,2,1,47,3,3,0)
793:(47,2,1,48,2,2,0)
794:(47,2,1,49,1,1,0)
795:(47,2,2,44,6,6,0)
796:(47,2,2,45,5,5,0)
797:(47,2,2,46,4,4,0)
798:(47,2,2,47,3,3,0)
799:(47,2,2,48,2,2,0)
800:(47,2,2,49,1,1,0)
801:(47,2,2,50,0,0,0)
802:(47,2,3,46,4,4,0)
803:(47,2,3,47,3,3,0)
804:(47,2,3,48,2,2,0)
805:(47,2,3,49,1,1,0)
806:(47,2,3,50,0,0,0)
807:(48,2,0,43,7,7,0)
808:(48,2,0,44,6,6,0)
809:(48,2,0,45,5,5,0)
810:(48,2,0,46,4,4,0)
811:(48,2,0,47,3,3,0)
812:(48,2,0,48,2,2,0)
813:(48,2,0,49,1,1,0)
814:(48,2,1,44,6,6,0)
815:(48,2,1,45,5,5,0)
816:(48,2,1,46,4,4,0)
817:(48,2,1,47,3,3,0)
818:(48,2,1,48,2,2,0)
819:(48,2,1,49,1,1,0)
820:(48,2,1,50,0,0,0)
821:(48,2,2,46,4,4,0)
822:(48,2,2,47,3,3,0)
823:(48,2,2,48,2,2,0)
824:(48,2,2,49,1,1,0)
825:(48,2,2,50,0,0,0)
826:(48,2,3,48,2,2,0)
827:(48,2,3,49,1,1,0)
828:(48,2,3,50,0,0,0)
829:(49,2,0,45,5,5,0)
830:(49,2,0,46,4,4,0)
831:(49,2,0,47,3,3,0)
832:(49,2,0,48,2,2,0)
833:(49,2,0,49,1,1,0)
834:(49,2,0,50,0,0,0)
835:(49,2,1,46,4,4,0)
836:(49,2,1,47,3,3,0)
837:(49,2,1,48,2,2,0)
838:(49,2,1,49,1,1,0)
839:(49,2,1,50,0,0,0)
840:(49,2,2,48,2,2,0)
841:(49,2,2,49,1,1,0)
842:(49,2,2,50,0,0,0)
843:(49,2,3,49,1,1,0)
844:(49,2,3,50,0,0,0)
845:(50,2,0,47,3,3,0)
846:(50,2,0,48,2,2,0)
847:(50,2,0,49,1,1,0)
848:(50,2,0,50,0,0,0)
849:(50,2,1,48,2,2,0)
850:(50,2,1,49,1,1,0)
851:(50,2,1,50,0,0,0)
852:(50,2,2,49,1,1,0)
853:(50,2,2,50,0,0,0)
854:(51,2,0,48,2,2,0)
855:(51,2,0,49,1,1,0)
856:(51,2,0,50,0,0,0)
857:(51,2,1,49,1,1,0)
858:(51,2,1,50,0,0,0)
