(r,l,rl,g,ga,gbg,gd)
0:(-1,-1,-1,-1,-1,-1,-1)
1:(27,2,0,0,50,50,0)
2:(27,2,0,1,49,49,0)
3:(27,2,0,2,48,48,0)
4:(27,2,1,0,50,50,0)
5:(27,2,1,1,49,49,0)
6:(27,2,1,2,48,48,0)
7:(27,2,1,3,47,47,0)
8:(27,2,2,0,50,50,0)
9:(27,2,2,1,49,49,0)
10:(27,2,2,2,48,48,0)
11:(27,2,2,3,47,47,0)
12:(27,2,3,1,49,49,0)
13:(27,2,3,2,48,48,0)
14:(27,2,3,3,47,47,0)
15:(28,2,0,0,50,50,0)
16:(28,2,0,1,49,49,0)
17:(28,2,0,2,48,48,0)
18:(28,2,0,3,47,47,0)
19:(28,2,1,0,50,50,0)
20:(28,2,1,1,49,49,0)
21:(28,2,1,2,48,48,0)
22:(28,2,1,3,47,47,0)
23:(28,2,1,4,46,46,0)
24:(28,2,2,0,50,50,0)
25:(28,2,2,1,49,49,0)
26:(28,2,2,2,48,48,0)
27:(28,2,2,3,47,47,0)
28:(28,2,2,4,46,46,0)
29:(28,2,3,1,49,49,0)
30:(28,2,3,2,48,48,0)
31:(28,2,3,3,47,47,0)
32:(28,2,3,4,46,46,0)
33:(29,2,0,0,50,50,0)
34:(29,2,0,1,49,49,0)
35:(29,2,0,2,48,48,0)
36:(29,2,0,3,47,47,0)
37:(29,2,0,4,46,46,0)
38:(29,2,0,5,45,45,0)
39:(29,2,0,6,44,44,0)
40:(29,2,0,7,43,43,0)
41:(29,2,1,0,50,50,0)
42:(29,2,1,1,49,49,0)
43:(29,2,1,2,48,48,0)
44:(29,2,1,3,47,47,0)
45:(29,2,1,4,46,46,0)
46:(29,2,1,5,45,45,0)
47:(29,2,1,6,44,44,0)
48:(29,2,1,7,43,43,0)
49:(29,2,1,8,42,42,0)
50:(29,2,2,0,50,50,0)
51:(29,2,2,1,49,49,0)
52:(29,2,2,2,48,48,0)
53:(29,2,2,3,47,47,0)
54:(29,2,2,4,46,46,0)
55:(29,2,2,5,45,45,0)
56:(29,2,2,6,44,44,0)
57:(29,2,2,7,43,43,0)
58:(29,2,2,8,42,42,0)
59:(29,2,3,1,49,49,0)
60:(29,2,3,2,48,48,0)
61:(29,2,3,3,47,47,0)
62:(29,2,3,4,46,46,0)
63:(29,2,3,5,45,45,0)
64:(29,2,3,6,44,44,0)
65:(29,2,3,7,43,43,0)
66:(29,2,3,8,42,42,0)
67:(30,2,0,0,50,50,0)
68:(30,2,0,1,49,49,0)
69:(30,2,0,2,48,48,0)
70:(30,2,0,3,47,47,0)
71:(30,2,0,4,46,46,0)
72:(30,2,0,5,45,45,0)
73:(30,2,0,6,44,44,0)
74:(30,2,0,7,43,43,0)
75:(30,2,0,8,42,42,0)
76:(30,2,1,0,50,50,0)
77:(30,2,1,1,49,49,0)
78:(30,2,1,2,48,48,0)
79:(30,2,1,3,47,47,0)
80:(30,2,1,4,46,46,0)
81:(30,2,1,5,45,45,0)
82:(30,2,1,6,44,44,0)
83:(30,2,1,7,43,43,0)
84:(30,2,1,8,42,42,0)
85:(30,2,1,9,41,41,0)
86:(30,2,2,1,49,49,0)
87:(30,2,2,2,48,48,0)
88:(30,2,2,3,47,47,0)
89:(30,2,2,4,46,46,0)
90:(30,2,2,5,45,45,0)
91:(30,2,2,6,44,44,0)
92:(30,2,2,7,43,43,0)
93:(30,2,2,8,42,42,0)
94:(30,2,2,9,41,41,0)
95:(30,2,3,4,46,46,0)
96:(30,2,3,5,45,45,0)
97:(30,2,3,6,44,44,0)
98:(30,2,3,7,43,43,0)
99:(30,2,3,8,42,42,0)
100:(30,2,3,9,41,41,0)
101:(31,2,0,0,50,50,0)
102:(31,2,0,1,49,49,0)
103:(31,2,0,2,48,48,0)
104:(31,2,0,3,47,47,0)
105:(31,2,0,4,46,46,0)
106:(31,2,0,5,45,45,0)
107:(31,2,0,6,44,44,0)
108:(31,2,0,7,43,43,0)
109:(31,2,0,8,42,42,0)
110:(31,2,0,9,41,41,0)
111:(31,2,0,10,40,40,0)
112:(31,2,0,11,39,39,0)
113:(31,2,0,12,38,38,0)
114:(31,2,1,1,49,49,0)
115:(31,2,1,2,48,48,0)
116:(31,2,1,3,47,47,0)
117:(31,2,1,4,46,46,0)
118:(31,2,1,5,45,45,0)
119:(31,2,1,6,44,44,0)
120:(31,2,1,7,43,43,0)
121:(31,2,1,8,42,42,0)
122:(31,2,1,9,41,41,0)
123:(31,2,1,10,40,40,0)
124:(31,2,1,11,39,39,0)
125:(31,2,1,12,38,38,0)
126:(31,2,1,13,37,37,0)
127:(31,2,2,4,46,46,0)
128:(31,2,2,5,45,45,0)
129:(31,2,2,6,44,44,0)
130:(31,2,2,7,43,43,0)
131:(31,2,2,8,42,42,0)
132:(31,2,2,9,41,41,0)
133:(31,2,2,10,40,40,0)
134:(31,2,2,11,39,39,0)
135:(31,2,2,12,38,38,0)
136:(31,2,2,13,37,37,0)
137:(31,2,3,5,45,45,0)
138:(31,2,3,6,44,44,0)
139:(31,2,3,7,43,43,0)
140:(31,2,3,8,42,42,0)
141:(31,2,3,9,41,41,0)
142:(31,2,3,10,40,40,0)
143:(31,2,3,11,39,39,0)
144:(31,2,3,12,38,38,0)
145:(31,2,3,13,37,37,0)
146:(32,2,0,3,47,47,0)
147:(32,2,0,4,46,46,0)
148:(32,2,0,5,45,45,0)
149:(32,2,0,6,44,44,0)
150:(32,2,0,7,43,43,0)
151:(32,2,0,8,42,42,0)
152:(32,2,0,9,41,41,0)
153:(32,2,0,10,40,40,0)
154:(32,2,0,11,39,39,0)
155:(32,2,0,12,38,38,0)
156:(32,2,0,13,37,37,0)
157:(32,2,0,14,36,36,0)
158:(32,2,0,15,35,35,0)
159:(32,2,0,16,34,34,0)
160:(32,2,1,4,46,46,0)
161:(32,2,1,5,45,45,0)
162:(32,2,1,6,44,44,0)
163:(32,2,1,7,43,43,0)
164:(32,2,1,8,42,42,0)
165:(32,2,1,9,41,41,0)
166:(32,2,1,10,40,40,0)
167:(32,2,1,11,39,39,0)
168:(32,2,1,12,38,38,0)
169:(32,2,1,13,37,37,0)
170:(32,2,1,14,36,36,0)
171:(32,2,1,15,35,35,0)
172:(32,2,1,16,34,34,0)
173:(32,2,1,17,33,33,0)
174:(32,2,2,5,45,45,0)
175:(32,2,2,6,44,44,0)
176:(32,2,2,7,43,43,0)
177:(32,2,2,8,42,42,0)
178:(32,2,2,9,41,41,0)
179:(32,2,2,10,40,40,0)
180:(32,2,2,11,39,39,0)
181:(32,2,2,12,38,38,0)
182:(32,2,2,13,37,37,0)
183:(32,2,2,14,36,36,0)
184:(32,2,2,15,35,35,0)
185:(32,2,2,16,34,34,0)
186:(32,2,2,17,33,33,0)
187:(32,2,3,9,41,41,0)
188:(32,2,3,10,40,40,0)
189:(32,2,3,11,39,39,0)
190:(32,2,3,12,38,38,0)
191:(32,2,3,13,37,37,0)
192:(32,2,3,14,36,36,0)
193:(32,2,3,15,35,35,0)
194:(32,2,3,16,34,34,0)
195:(32,2,3,17,33,33,0)
196:(33,2,0,4,46,46,0)
197:(33,2,0,5,45,45,0)
198:(33,2,0,6,44,44,0)
199:(33,2,0,7,43,43,0)
200:(33,2,0,8,42,42,0)
201:(33,2,0,9,41,41,0)
202:(33,2,0,10,40,40,0)
203:(33,2,0,11,39,39,0)
204:(33,2,0,12,38,38,0)
205:(33,2,0,13,37,37,0)
206:(33,2,0,14,36,36,0)
207:(33,2,0,15,35,35,0)
208:(33,2,0,16,34,34,0)
209:(33,2,0,17,33,33,0)
210:(33,2,1,5,45,45,0)
211:(33,2,1,6,44,44,0)
212:(33,2,1,7,43,43,0)
213:(33,2,1,8,42,42,0)
214:(33,2,1,9,41,41,0)
215:(33,2,1,10,40,40,0)
216:(33,2,1,11,39,39,0)
217:(33,2,1,12,38,38,0)
218:(33,2,1,13,37,37,0)
219:(33,2,1,14,36,36,0)
220:(33,2,1,15,35,35,0)
221:(33,2,1,16,34,34,0)
222:(33,2,1,17,33,33,0)
223:(33,2,1,18,32,32,0)
224:(33,2,2,9,41,41,0)
225:(33,2,2,10,40,40,0)
226:(33,2,2,11,39,39,0)
227:(33,2,2,12,38,38,0)
228:(33,2,2,13,37,37,0)
229:(33,2,2,14,36,36,0)
230:(33,2,2,15,35,35,0)
231:(33,2,2,16,34,34,0)
232:(33,2,2,17,33,33,0)
233:(33,2,2,18,32,32,0)
234:(33,2,3,10,40,40,0)
235:(33,2,3,11,39,39,0)
236:(33,2,3,12,38,38,0)
237:(33,2,3,13,37,37,0)
238:(33,2,3,14,36,36,0)
239:(33,2,3,15,35,35,0)
240:(33,2,3,16,34,34,0)
241:(33,2,3,17,33,33,0)
242:(33,2,3,18,32,32,0)
243:(34,2,0,8,42,42,0)
244:(34,2,0,9,41,41,0)
245:(34,2,0,10,40,40,0)
246:(34,2,0,11,39,39,0)
247:(34,2,0,12,38,38,0)
248:(34,2,0,13,37,37,0)
249:(34,2,0,14,36,36,0)
250:(34,2,0,15,35,35,0)
251:(34,2,0,16,34,34,0)
252:(34,2,0,17,33,33,0)
253:(34,2,0,18,32,32,0)
254:(34,2,1,9,41,41,0)
255:(34,2,1,10,40,40,0)
256:(34,2,1,11,39,39,0)
257:(34,2,1,12,38,38,0)
258:(34,2,1,13,37,37,0)
259:(34,2,1,14,36,36,0)
260:(34,2,1,15,35,35,0)
261:(34,2,1,16,34,34,0)
262:(34,2,1,17,33,33,0)
263:(34,2,1,18,32,32,0)
264:(34,2,1,19,31,31,0)
265:(34,2,2,10,40,40,0)
266:(34,2,2,11,39,39,0)
267:(34,2,2,12,38,38,0)
268:(34,2,2,13,37,37,0)
269:(34,2,2,14,36,36,0)
270:(34,2,2,15,35,35,0)
271:(34,2,2,16,34,34,0)
272:(34,2,2,17,33,33,0)
273:(34,2,2,18,32,32,0)
274:(34,2,2,19,31,31,0)
275:(34,2,3,14,36,36,0)
276:(34,2,3,15,35,35,0)
277:(34,2,3,16,34,34,0)
278:(34,2,3,17,33,33,0)
279:(34,2,3,18,32,32,0)
280:(34,2,3,19,31,31,0)
281:(35,2,0,9,41,41,0)
282:(35,2,0,10,40,40,0)
283:(35,2,0,11,39,39,0)
284:(35,2,0,12,38,38,0)
285:(35,2,0,13,37,37,0)
286:(35,2,0,14,36,36,0)
287:(35,2,0,15,35,35,0)
288:(35,2,0,16,34,34,0)
289:(35,2,0,17,33,33,0)
290:(35,2,0,18,32,32,0)
291:(35,2,0,19,31,31,0)
292:(35,2,0,20,30,30,0)
293:(35,2,0,21,29,29,0)
294:(35,2,1,10,40,40,0)
295:(35,2,1,11,39,39,0)
296:(35,2,1,12,38,38,0)
297:(35,2,1,13,37,37,0)
298:(35,2,1,14,36,36,0)
299:(35,2,1,15,35,35,0)
300:(35,2,1,16,34,34,0)
301:(35,2,1,17,33,33,0)
302:(35,2,1,18,32,32,0)
303:(35,2,1,19,31,31,0)
304:(35,2,1,20,30,30,0)
305:(35,2,1,21,29,29,0)
306:(35,2,1,22,28,28,0)
307:(35,2,2,14,36,36,0)
308:(35,2,2,15,35,35,0)
309:(35,2,2,16,34,34,0)
310:(35,2,2,17,33,33,0)
311:(35,2,2,18,32,32,0)
312:(35,2,2,19,31,31,0)
313:(35,2,2,20,30,30,0)
314:(35,2,2,21,29,29,0)
315:(35,2,2,22,28,28,0)
316:(35,2,3,18,32,32,0)
317:(35,2,3,19,31,31,0)
318:(35,2,3,20,30,30,0)
319:(35,2,3,21,29,29,0)
320:(35,2,3,22,28,28,0)
321:(36,2,0,13,37,37,0)
322:(36,2,0,14,36,36,0)
323:(36,2,0,15,35,35,0)
324:(36,2,0,16,34,34,0)
325:(36,2,0,17,33,33,0)
326:(36,2,0,18,32,32,0)
327:(36,2,0,19,31,31,0)
328:(36,2,0,20,30,30,0)
329:(36,2,0,21,29,29,0)
330:(36,2,0,22,28,28,0)
331:(36,2,0,23,27,27,0)
332:(36,2,1,14,36,36,0)
333:(36,2,1,15,35,35,0)
334:(36,2,1,16,34,34,0)
335:(36,2,1,17,33,33,0)
336:(36,2,1,18,32,32,0)
337:(36,2,1,19,31,31,0)
338:(36,2,1,20,30,30,0)
339:(36,2,1,21,29,29,0)
340:(36,2,1,22,28,28,0)
341:(36,2,1,23,27,27,0)
342:(36,2,1,24,26,26,0)
343:(36,2,2,18,32,32,0)
344:(36,2,2,19,31,31,0)
345:(36,2,2,20,30,30,0)
346:(36,2,2,21,29,29,0)
347:(36,2,2,22,28,28,0)
348:(36,2,2,23,27,27,0)
349:(36,2,2,24,26,26,0)
350:(36,2,3,19,31,31,0)
351:(36,2,3,20,30,30,0)
352:(36,2,3,21,29,29,0)
353:(36,2,3,22,28,28,0)
354:(36,2,3,23,27,27,0)
355:(36,2,3,24,26,26,0)
356:(37,2,0,17,33,33,0)
357:(37,2,0,18,32,32,0)
358:(37,2,0,19,31,31,0)
359:(37,2,0,20,30,30,0)
360:(37,2,0,21,29,29,0)
361:(37,2,0,22,28,28,0)
362:(37,2,0,23,27,27,0)
363:(37,2,0,24,26,26,0)
364:(37,2,0,25,25,25,0)
365:(37,2,1,18,32,32,0)
366:(37,2,1,19,31,31,0)
367:(37,2,1,20,30,30,0)
368:(37,2,1,21,29,29,0)
369:(37,2,1,22,28,28,0)
370:(37,2,1,23,27,27,0)
371:(37,2,1,24,26,26,0)
372:(37,2,1,25,25,25,0)
373:(37,2,1,26,24,24,0)
374:(37,2,2,19,31,31,0)
375:(37,2,2,20,30,30,0)
376:(37,2,2,21,29,29,0)
377:(37,2,2,22,28,28,0)
378:(37,2,2,23,27,27,0)
379:(37,2,2,24,26,26,0)
380:(37,2,2,25,25,25,0)
381:(37,2,2,26,24,24,0)
382:(37,2,3,20,30,30,0)
383:(37,2,3,21,29,29,0)
384:(37,2,3,22,28,28,0)
385:(37,2,3,23,27,27,0)
386:(37,2,3,24,26,26,0)
387:(37,2,3,25,25,25,0)
388:(37,2,3,26,24,24,0)
389:(38,2,0,18,32,32,0)
390:(38,2,0,19,31,31,0)
391:(38,2,0,20,30,30,0)
392:(38,2,0,21,29,29,0)
393:(38,2,0,22,28,28,0)
394:(38,2,0,23,27,27,0)
395:(38,2,0,24,26,26,0)
396:(38,2,0,25,25,25,0)
397:(38,2,0,26,24,24,0)
398:(38,2,1,19,31,31,0)
399:(38,2,1,20,30,30,0)
400:(38,2,1,21,29,29,0)
401:(38,2,1,22,28,28,0)
402:(38,2,1,23,27,27,0)
403:(38,2,1,24,26,26,0)
404:(38,2,1,25,25,25,0)
405:(38,2,1,26,24,24,0)
406:(38,2,1,27,23,23,0)
407:(38,2,2,20,30,30,0)
408:(38,2,2,21,29,29,0)
409:(38,2,2,22,28,28,0)
410:(38,2,2,23,27,27,0)
411:(38,2,2,24,26,26,0)
412:(38,2,2,25,25,25,0)
413:(38,2,2,26,24,24,0)
414:(38,2,2,27,23,23,0)
415:(38,2,3,23,27,27,0)
416:(38,2,3,24,26,26,0)
417:(38,2,3,25,25,25,0)
418:(38,2,3,26,24,24,0)
419:(38,2,3,27,23,23,0)
420:(39,2,0,19,31,31,0)
421:(39,2,0,20,30,30,0)
422:(39,2,0,21,29,29,0)
423:(39,2,0,22,28,28,0)
424:(39,2,0,23,27,27,0)
425:(39,2,0,24,26,26,0)
426:(39,2,0,25,25,25,0)
427:(39,2,0,26,24,24,0)
428:(39,2,0,27,23,23,0)
429:(39,2,1,20,30,30,0)
430:(39,2,1,21,29,29,0)
431:(39,2,1,22,28,28,0)
432:(39,2,1,23,27,27,0)
433:(39,2,1,24,26,26,0)
434:(39,2,1,25,25,25,0)
435:(39,2,1,26,24,24,0)
436:(39,2,1,27,23,23,0)
437:(39,2,1,28,22,22,0)
438:(39,2,2,23,27,27,0)
439:(39,2,2,24,26,26,0)
440:(39,2,2,25,25,25,0)
441:(39,2,2,26,24,24,0)
442:(39,2,2,27,23,23,0)
443:(39,2,2,28,22,22,0)
444:(39,2,3,25,25,25,0)
445:(39,2,3,26,24,24,0)
446:(39,2,3,27,23,23,0)
447:(39,2,3,28,22,22,0)
448:(40,2,0,22,28,28,0)
449:(40,2,0,23,27,27,0)
450:(40,2,0,24,26,26,0)
451:(40,2,0,25,25,25,0)
452:(40,2,0,26,24,24,0)
453:(40,2,0,27,23,23,0)
454:(40,2,0,28,22,22,0)
455:(40,2,0,29,21,21,0)
456:(40,2,0,30,20,20,0)
457:(40,2,1,23,27,27,0)
458:(40,2,1,24,26,26,0)
459:(40,2,1,25,25,25,0)
460:(40,2,1,26,24,24,0)
461:(40,2,1,27,23,23,0)
462:(40,2,1,28,22,22,0)
463:(40,2,1,29,21,21,0)
464:(40,2,1,30,20,20,0)
465:(40,2,1,31,19,19,0)
466:(40,2,2,25,25,25,0)
467:(40,2,2,26,24,24,0)
468:(40,2,2,27,23,23,0)
469:(40,2,2,28,22,22,0)
470:(40,2,2,29,21,21,0)
471:(40,2,2,30,20,20,0)
472:(40,2,2,31,19,19,0)
473:(40,2,3,27,23,23,0)
474:(40,2,3,28,22,22,0)
475:(40,2,3,29,21,21,0)
476:(40,2,3,30,20,20,0)
477:(40,2,3,31,19,19,0)
478:(41,2,0,24,26,26,0)
479:(41,2,0,25,25,25,0)
480:(41,2,0,26,24,24,0)
481:(41,2,0,27,23,23,0)
482:(41,2,0,28,22,22,0)
483:(41,2,0,29,21,21,0)
484:(41,2,0,30,20,20,0)
485:(41,2,0,31,19,19,0)
486:(41,2,0,32,18,18,0)
487:(41,2,0,33,17,17,0)
488:(41,2,1,25,25,25,0)
489:(41,2,1,26,24,24,0)
490:(41,2,1,27,23,23,0)
491:(41,2,1,28,22,22,0)
492:(41,2,1,29,21,21,0)
493:(41,2,1,30,20,20,0)
494:(41,2,1,31,19,19,0)
495:(41,2,1,32,18,18,0)
496:(41,2,1,33,17,17,0)
497:(41,2,1,34,16,16,0)
498:(41,2,2,27,23,23,0)
499:(41,2,2,28,22,22,0)
500:(41,2,2,29,21,21,0)
501:(41,2,2,30,20,20,0)
502:(41,2,2,31,19,19,0)
503:(41,2,2,32,18,18,0)
504:(41,2,2,33,17,17,0)
505:(41,2,2,34,16,16,0)
506:(41,2,3,28,22,22,0)
507:(41,2,3,29,21,21,0)
508:(41,2,3,30,20,20,0)
509:(41,2,3,31,19,19,0)
510:(41,2,3,32,18,18,0)
511:(41,2,3,33,17,17,0)
512:(41,2,3,34,16,16,0)
513:(42,2,0,26,24,24,0)
514:(42,2,0,27,23,23,0)
515:(42,2,0,28,22,22,0)
516:(42,2,0,29,21,21,0)
517:(42,2,0,30,20,20,0)
518:(42,2,0,31,19,19,0)
519:(42,2,0,32,18,18,0)
520:(42,2,0,33,17,17,0)
521:(42,2,0,34,16,16,0)
522:(42,2,1,27,23,23,0)
523:(42,2,1,28,22,22,0)
524:(42,2,1,29,21,21,0)
525:(42,2,1,30,20,20,0)
526:(42,2,1,31,19,19,0)
527:(42,2,1,32,18,18,0)
528:(42,2,1,33,17,17,0)
529:(42,2,1,34,16,16,0)
530:(42,2,1,35,15,15,0)
531:(42,2,2,28,22,22,0)
532:(42,2,2,29,21,21,0)
533:(42,2,2,30,20,20,0)
534:(42,2,2,31,19,19,0)
535:(42,2,2,32,18,18,0)
536:(42,2,2,33,17,17,0)
537:(42,2,2,34,16,16,0)
538:(42,2,2,35,15,15,0)
539:(42,2,3,29,21,21,0)
540:(42,2,3,30,20,20,0)
541:(42,2,3,31,19,19,0)
542:(42,2,3,32,18,18,0)
543:(42,2,3,33,17,17,0)
544:(42,2,3,34,16,16,0)
545:(42,2,3,35,15,15,0)
546:(43,2,0,27,23,23,0)
547:(43,2,0,28,22,22,0)
548:(43,2,0,29,21,21,0)
549:(43,2,0,30,20,20,0)
550:(43,2,0,31,19,19,0)
551:(43,2,0,32,18,18,0)
552:(43,2,0,33,17,17,0)
553:(43,2,0,34,16,16,0)
554:(43,2,0,35,15,15,0)
555:(43,2,0,36,14,14,0)
556:(43,2,0,37,13,13,0)
557:(43,2,1,28,22,22,0)
558:(43,2,1,29,21,21,0)
559:(43,2,1,30,20,20,0)
560:(43,2,1,31,19,19,0)
561:(43,2,1,32,18,18,0)
562:(43,2,1,33,17,17,0)
563:(43,2,1,34,16,16,0)
564:(43,2,1,35,15,15,0)
565:(43,2,1,36,14,14,0)
566:(43,2,1,37,13,13,0)
567:(43,2,1,38,12,12,0)
568:(43,2,2,29,21,21,0)
569:(43,2,2,30,20,20,0)
570:(43,2,2,31,19,19,0)
571:(43,2,2,32,18,18,0)
572:(43,2,2,33,17,17,0)
573:(43,2,2,34,16,16,0)
574:(43,2,2,35,15,15,0)
575:(43,2,2,36,14,14,0)
576:(43,2,2,37,13,13,0)
577:(43,2,2,38,12,12,0)
578:(43,2,3,32,18,18,0)
579:(43,2,3,33,17,17,0)
580:(43,2,3,34,16,16,0)
581:(43,2,3,35,15,15,0)
582:(43,2,3,36,14,14,0)
583:(43,2,3,37,13,13,0)
584:(43,2,3,38,12,12,0)
585:(44,2,0,28,22,22,0)
586:(44,2,0,29,21,21,0)
587:(44,2,0,30,20,20,0)
588:(44,2,0,31,19,19,0)
589:(44,2,0,32,18,18,0)
590:(44,2,0,33,17,17,0)
591:(44,2,0,34,16,16,0)
592:(44,2,0,35,15,15,0)
593:(44,2,0,36,14,14,0)
594:(44,2,0,37,13,13,0)
595:(44,2,0,38,12,12,0)
596:(44,2,0,39,11,11,0)
597:(44,2,0,40,10,10,0)
598:(44,2,1,29,21,21,0)
599:(44,2,1,30,20,20,0)
600:(44,2,1,31,19,19,0)
601:(44,2,1,32,18,18,0)
602:(44,2,1,33,17,17,0)
603:(44,2,1,34,16,16,0)
604:(44,2,1,35,15,15,0)
605:(44,2,1,36,14,14,0)
606:(44,2,1,37,13,13,0)
607:(44,2,1,38,12,12,0)
608:(44,2,1,39,11,11,0)
609:(44,2,1,40,10,10,0)
610:(44,2,1,41,9,9,0)
611:(44,2,2,32,18,18,0)
612:(44,2,2,33,17,17,0)
613:(44,2,2,34,16,16,0)
614:(44,2,2,35,15,15,0)
615:(44,2,2,36,14,14,0)
616:(44,2,2,37,13,13,0)
617:(44,2,2,38,12,12,0)
618:(44,2,2,39,11,11,0)
619:(44,2,2,40,10,10,0)
620:(44,2,2,41,9,9,0)
621:(44,2,3,35,15,15,0)
622:(44,2,3,36,14,14,0)
623:(44,2,3,37,13,13,0)
624:(44,2,3,38,12,12,0)
625:(44,2,3,39,11,11,0)
626:(44,2,3,40,10,10,0)
627:(44,2,3,41,9,9,0)
628:(45,2,0,31,19,19,0)
629:(45,2,0,32,18,18,0)
630:(45,2,0,33,17,17,0)
631:(45,2,0,34,16,16,0)
632:(45,2,0,35,15,15,0)
633:(45,2,0,36,14,14,0)
634:(45,2,0,37,13,13,0)
635:(45,2,0,38,12,12,0)
636:(45,2,0,39,11,11,0)
637:(45,2,0,40,10,10,0)
638:(45,2,0,41,9,9,0)
639:(45,2,0,42,8,8,0)
640:(45,2,0,43,7,7,0)
641:(45,2,1,32,18,18,0)
642:(45,2,1,33,17,17,0)
643:(45,2,1,34,16,16,0)
644:(45,2,1,35,15,15,0)
645:(45,2,1,36,14,14,0)
646:(45,2,1,37,13,13,0)
647:(45,2,1,38,12,12,0)
648:(45,2,1,39,11,11,0)
649:(45,2,1,40,10,10,0)
650:(45,2,1,41,9,9,0)
651:(45,2,1,42,8,8,0)
652:(45,2,1,43,7,7,0)
653:(45,2,1,44,6,6,0)
654:(45,2,2,35,15,15,0)
655:(45,2,2,36,14,14,0)
656:(45,2,2,37,13,13,0)
657:(45,2,2,38,12,12,0)
658:(45,2,2,39,11,11,0)
659:(45,2,2,40,10,10,0)
660:(45,2,2,41,9,9,0)
661:(45,2,2,42,8,8,0)
662:(45,2,2,43,7,7,0)
663:(45,2,2,44,6,6,0)
664:(45,2,3,36,14,14,0)
665:(45,2,3,37,13,13,0)
666:(45,2,3,38,12,12,0)
667:(45,2,3,39,11,11,0)
668:(45,2,3,40,10,10,0)
669:(45,2,3,41,9,9,0)
670:(45,2,3,42,8,8,0)
671:(45,2,3,43,7,7,0)
672:(45,2,3,44,6,6,0)
673:(46,2,0,34,16,16,0)
674:(46,2,0,35,15,15,0)
675:(46,2,0,36,14,14,0)
676:(46,2,0,37,13,13,0)
677:(46,2,0,38,12,12,0)
678:(46,2,0,39,11,11,0)
679:(46,2,0,40,10,10,0)
680:(46,2,0,41,9,9,0)
681:(46,2,0,42,8,8,0)
682:(46,2,0,43,7,7,0)
683:(46,2,0,44,6,6,0)
684:(46,2,1,35,15,15,0)
685:(46,2,1,36,14,14,0)
686:(46,2,1,37,13,13,0)
687:(46,2,1,38,12,12,0)
688:(46,2,1,39,11,11,0)
689:(46,2,1,40,10,10,0)
690:(46,2,1,41,9,9,0)
691:(46,2,1,42,8,8,0)
692:(46,2,1,43,7,7,0)
693:(46,2,1,44,6,6,0)
694:(46,2,1,45,5,5,0)
695:(46,2,2,36,14,14,0)
696:(46,2,2,37,13,13,0)
697:(46,2,2,38,12,12,0)
698:(46,2,2,39,11,11,0)
699:(46,2,2,40,10,10,0)
700:(46,2,2,41,9,9,0)
701:(46,2,2,42,8,8,0)
702:(46,2,2,43,7,7,0)
703:(46,2,2,44,6,6,0)
704:(46,2,2,45,5,5,0)
705:(46,2,3,39,11,11,0)
706:(46,2,3,40,10,10,0)
707:(46,2,3,41,9,9,0)
708:(46,2,3,42,8,8,0)
709:(46,2,3,43,7,7,0)
710:(46,2,3,44,6,6,0)
711:(46,2,3,45,5,5,0)
712:(47,2,0,35,15,15,0)
713:(47,2,0,36,14,14,0)
714:(47,2,0,37,13,13,0)
715:(47,2,0,38,12,12,0)
716:(47,2,0,39,11,11,0)
717:(47,2,0,40,10,10,0)
718:(47,2,0,41,9,9,0)
719:(47,2,0,42,8,8,0)
720:(47,2,0,43,7,7,0)
721:(47,2,0,44,6,6,0)
722:(47,2,0,45,5,5,0)
723:(47,2,0,46,4,4,0)
724:(47,2,1,36,14,14,0)
725:(47,2,1,37,13,13,0)
726:(47,2,1,38,12,12,0)
727:(47,2,1,39,11,11,0)
728:(47,2,1,40,10,10,0)
729:(47,2,1,41,9,9,0)
730:(47,2,1,42,8,8,0)
731:(47,2,1,43,7,7,0)
732:(47,2,1,44,6,6,0)
733:(47,2,1,45,5,5,0)
734:(47,2,1,46,4,4,0)
735:(47,2,1,47,3,3,0)
736:(47,2,2,39,11,11,0)
737:(47,2,2,40,10,10,0)
738:(47,2,2,41,9,9,0)
739:(47,2,2,42,8,8,0)
740:(47,2,2,43,7,7,0)
741:(47,2,2,44,6,6,0)
742:(47,2,2,45,5,5,0)
743:(47,2,2,46,4,4,0)
744:(47,2,2,47,3,3,0)
745:(47,2,3,42,8,8,0)
746:(47,2,3,43,7,7,0)
747:(47,2,3,44,6,6,0)
748:(47,2,3,45,5,5,0)
749:(47,2,3,46,4,4,0)
750:(47,2,3,47,3,3,0)
751:(48,2,0,38,12,12,0)
752:(48,2,0,39,11,11,0)
753:(48,2,0,40,10,10,0)
754:(48,2,0,41,9,9,0)
755:(48,2,0,42,8,8,0)
756:(48,2,0,43,7,7,0)
757:(48,2,0,44,6,6,0)
758:(48,2,0,45,5,5,0)
759:(48,2,0,46,4,4,0)
760:(48,2,0,47,3,3,0)
761:(48,2,0,48,2,2,0)
762:(48,2,1,39,11,11,0)
763:(48,2,1,40,10,10,0)
764:(48,2,1,41,9,9,0)
765:(48,2,1,42,8,8,0)
766:(48,2,1,43,7,7,0)
767:(48,2,1,44,6,6,0)
768:(48,2,1,45,5,5,0)
769:(48,2,1,46,4,4,0)
770:(48,2,1,47,3,3,0)
771:(48,2,1,48,2,2,0)
772:(48,2,1,49,1,1,0)
773:(48,2,2,42,8,8,0)
774:(48,2,2,43,7,7,0)
775:(48,2,2,44,6,6,0)
776:(48,2,2,45,5,5,0)
777:(48,2,2,46,4,4,0)
778:(48,2,2,47,3,3,0)
779:(48,2,2,48,2,2,0)
780:(48,2,2,49,1,1,0)
781:(48,2,2,50,0,0,0)
782:(48,2,3,45,5,5,0)
783:(48,2,3,46,4,4,0)
784:(48,2,3,47,3,3,0)
785:(48,2,3,48,2,2,0)
786:(48,2,3,49,1,1,0)
787:(48,2,3,50,0,0,0)
788:(49,2,0,41,9,9,0)
789:(49,2,0,42,8,8,0)
790:(49,2,0,43,7,7,0)
791:(49,2,0,44,6,6,0)
792:(49,2,0,45,5,5,0)
793:(49,2,0,46,4,4,0)
794:(49,2,0,47,3,3,0)
795:(49,2,0,48,2,2,0)
796:(49,2,0,49,1,1,0)
797:(49,2,0,50,0,0,0)
798:(49,2,1,42,8,8,0)
799:(49,2,1,43,7,7,0)
800:(49,2,1,44,6,6,0)
801:(49,2,1,45,5,5,0)
802:(49,2,1,46,4,4,0)
803:(49,2,1,47,3,3,0)
804:(49,2,1,48,2,2,0)
805:(49,2,1,49,1,1,0)
806:(49,2,1,50,0,0,0)
807:(49,2,2,45,5,5,0)
808:(49,2,2,46,4,4,0)
809:(49,2,2,47,3,3,0)
810:(49,2,2,48,2,2,0)
811:(49,2,2,49,1,1,0)
812:(49,2,2,50,0,0,0)
813:(49,2,3,46,4,4,0)
814:(49,2,3,47,3,3,0)
815:(49,2,3,48,2,2,0)
816:(49,2,3,49,1,1,0)
817:(49,2,3,50,0,0,0)
818:(50,2,0,44,6,6,0)
819:(50,2,0,45,5,5,0)
820:(50,2,0,46,4,4,0)
821:(50,2,0,47,3,3,0)
822:(50,2,0,48,2,2,0)
823:(50,2,0,49,1,1,0)
824:(50,2,0,50,0,0,0)
825:(50,2,1,45,5,5,0)
826:(50,2,1,46,4,4,0)
827:(50,2,1,47,3,3,0)
828:(50,2,1,48,2,2,0)
829:(50,2,1,49,1,1,0)
830:(50,2,1,50,0,0,0)
831:(50,2,2,46,4,4,0)
832:(50,2,2,47,3,3,0)
833:(50,2,2,48,2,2,0)
834:(50,2,2,49,1,1,0)
835:(50,2,2,50,0,0,0)
836:(50,2,3,48,2,2,0)
837:(50,2,3,49,1,1,0)
838:(50,2,3,50,0,0,0)
839:(51,2,0,45,5,5,0)
840:(51,2,0,46,4,4,0)
841:(51,2,0,47,3,3,0)
842:(51,2,0,48,2,2,0)
843:(51,2,0,49,1,1,0)
844:(51,2,0,50,0,0,0)
845:(51,2,1,46,4,4,0)
846:(51,2,1,47,3,3,0)
847:(51,2,1,48,2,2,0)
848:(51,2,1,49,1,1,0)
849:(51,2,1,50,0,0,0)
850:(51,2,2,48,2,2,0)
851:(51,2,2,49,1,1,0)
852:(51,2,2,50,0,0,0)
