(r,l,rl,g,ga,gbg,gd)
0:(-1,-1,-1,-1,-1,-1,-1)
1:(17,2,0,0,50,50,0)
2:(17,2,0,1,49,49,0)
3:(17,2,1,1,49,49,0)
4:(17,2,1,2,48,48,0)
5:(18,2,0,2,48,48,0)
6:(18,2,1,3,47,47,0)
7:(19,2,0,0,50,50,0)
8:(19,2,0,3,47,47,0)
9:(19,2,1,1,49,49,0)
10:(19,2,1,4,46,46,0)
11:(20,2,0,0,50,50,0)
12:(20,2,0,1,49,49,0)
13:(20,2,0,4,46,46,0)
14:(20,2,0,5,45,45,0)
15:(20,2,1,1,49,49,0)
16:(20,2,1,2,48,48,0)
17:(20,2,1,5,45,45,0)
18:(20,2,1,6,44,44,0)
19:(21,2,0,1,49,49,0)
20:(21,2,0,2,48,48,0)
21:(21,2,0,6,44,44,0)
22:(21,2,1,2,48,48,0)
23:(21,2,1,3,47,47,0)
24:(21,2,1,7,43,43,0)
25:(22,2,0,2,48,48,0)
26:(22,2,0,3,47,47,0)
27:(22,2,0,4,46,46,0)
28:(22,2,0,7,43,43,0)
29:(22,2,1,3,47,47,0)
30:(22,2,1,4,46,46,0)
31:(22,2,1,5,45,45,0)
32:(22,2,1,8,42,42,0)
33:(23,2,0,4,46,46,0)
34:(23,2,0,5,45,45,0)
35:(23,2,0,8,42,42,0)
36:(23,2,0,9,41,41,0)
37:(23,2,0,10,40,40,0)
38:(23,2,0,11,39,39,0)
39:(23,2,1,5,45,45,0)
40:(23,2,1,6,44,44,0)
41:(23,2,1,9,41,41,0)
42:(23,2,1,10,40,40,0)
43:(23,2,1,11,39,39,0)
44:(23,2,1,12,38,38,0)
45:(24,2,0,5,45,45,0)
46:(24,2,0,6,44,44,0)
47:(24,2,0,7,43,43,0)
48:(24,2,0,12,38,38,0)
49:(24,2,1,6,44,44,0)
50:(24,2,1,7,43,43,0)
51:(24,2,1,8,42,42,0)
52:(24,2,1,13,37,37,0)
53:(25,2,0,0,50,50,0)
54:(25,2,0,1,49,49,0)
55:(25,2,0,2,48,48,0)
56:(25,2,0,6,44,44,0)
57:(25,2,0,7,43,43,0)
58:(25,2,0,8,42,42,0)
59:(25,2,0,13,37,37,0)
60:(25,2,1,1,49,49,0)
61:(25,2,1,2,48,48,0)
62:(25,2,1,3,47,47,0)
63:(25,2,1,7,43,43,0)
64:(25,2,1,8,42,42,0)
65:(25,2,1,9,41,41,0)
66:(25,2,1,14,36,36,0)
67:(26,2,0,0,50,50,0)
68:(26,2,0,1,49,49,0)
69:(26,2,0,3,47,47,0)
70:(26,2,0,8,42,42,0)
71:(26,2,0,9,41,41,0)
72:(26,2,0,14,36,36,0)
73:(26,2,0,15,35,35,0)
74:(26,2,1,1,49,49,0)
75:(26,2,1,2,48,48,0)
76:(26,2,1,4,46,46,0)
77:(26,2,1,9,41,41,0)
78:(26,2,1,10,40,40,0)
79:(26,2,1,15,35,35,0)
80:(26,2,1,16,34,34,0)
81:(27,2,0,0,50,50,0)
82:(27,2,0,1,49,49,0)
83:(27,2,0,2,48,48,0)
84:(27,2,0,3,47,47,0)
85:(27,2,0,4,46,46,0)
86:(27,2,0,5,45,45,0)
87:(27,2,0,6,44,44,0)
88:(27,2,0,7,43,43,0)
89:(27,2,0,8,42,42,0)
90:(27,2,0,9,41,41,0)
91:(27,2,0,10,40,40,0)
92:(27,2,0,16,34,34,0)
93:(27,2,1,1,49,49,0)
94:(27,2,1,2,48,48,0)
95:(27,2,1,3,47,47,0)
96:(27,2,1,4,46,46,0)
97:(27,2,1,5,45,45,0)
98:(27,2,1,6,44,44,0)
99:(27,2,1,7,43,43,0)
100:(27,2,1,8,42,42,0)
101:(27,2,1,9,41,41,0)
102:(27,2,1,10,40,40,0)
103:(27,2,1,11,39,39,0)
104:(27,2,1,17,33,33,0)
105:(28,2,0,2,48,48,0)
106:(28,2,0,3,47,47,0)
107:(28,2,0,4,46,46,0)
108:(28,2,0,5,45,45,0)
109:(28,2,0,6,44,44,0)
110:(28,2,0,7,43,43,0)
111:(28,2,0,10,40,40,0)
112:(28,2,0,11,39,39,0)
113:(28,2,0,12,38,38,0)
114:(28,2,0,17,33,33,0)
115:(28,2,1,3,47,47,0)
116:(28,2,1,4,46,46,0)
117:(28,2,1,5,45,45,0)
118:(28,2,1,6,44,44,0)
119:(28,2,1,7,43,43,0)
120:(28,2,1,8,42,42,0)
121:(28,2,1,11,39,39,0)
122:(28,2,1,12,38,38,0)
123:(28,2,1,13,37,37,0)
124:(28,2,1,18,32,32,0)
125:(29,2,0,0,50,50,0)
126:(29,2,0,1,49,49,0)
127:(29,2,0,2,48,48,0)
128:(29,2,0,3,47,47,0)
129:(29,2,0,4,46,46,0)
130:(29,2,0,5,45,45,0)
131:(29,2,0,6,44,44,0)
132:(29,2,0,8,42,42,0)
133:(29,2,0,12,38,38,0)
134:(29,2,0,13,37,37,0)
135:(29,2,0,14,36,36,0)
136:(29,2,0,18,32,32,0)
137:(29,2,1,1,49,49,0)
138:(29,2,1,2,48,48,0)
139:(29,2,1,3,47,47,0)
140:(29,2,1,4,46,46,0)
141:(29,2,1,5,45,45,0)
142:(29,2,1,6,44,44,0)
143:(29,2,1,7,43,43,0)
144:(29,2,1,9,41,41,0)
145:(29,2,1,13,37,37,0)
146:(29,2,1,14,36,36,0)
147:(29,2,1,15,35,35,0)
148:(29,2,1,19,31,31,0)
149:(30,2,0,0,50,50,0)
150:(30,2,0,1,49,49,0)
151:(30,2,0,2,48,48,0)
152:(30,2,0,3,47,47,0)
153:(30,2,0,6,44,44,0)
154:(30,2,0,7,43,43,0)
155:(30,2,0,9,41,41,0)
156:(30,2,0,10,40,40,0)
157:(30,2,0,11,39,39,0)
158:(30,2,0,13,37,37,0)
159:(30,2,0,14,36,36,0)
160:(30,2,0,15,35,35,0)
161:(30,2,0,19,31,31,0)
162:(30,2,1,1,49,49,0)
163:(30,2,1,2,48,48,0)
164:(30,2,1,3,47,47,0)
165:(30,2,1,4,46,46,0)
166:(30,2,1,7,43,43,0)
167:(30,2,1,8,42,42,0)
168:(30,2,1,10,40,40,0)
169:(30,2,1,11,39,39,0)
170:(30,2,1,12,38,38,0)
171:(30,2,1,14,36,36,0)
172:(30,2,1,15,35,35,0)
173:(30,2,1,16,34,34,0)
174:(30,2,1,20,30,30,0)
175:(31,2,0,3,47,47,0)
176:(31,2,0,4,46,46,0)
177:(31,2,0,5,45,45,0)
178:(31,2,0,6,44,44,0)
179:(31,2,0,7,43,43,0)
180:(31,2,0,8,42,42,0)
181:(31,2,0,9,41,41,0)
182:(31,2,0,10,40,40,0)
183:(31,2,0,12,38,38,0)
184:(31,2,0,13,37,37,0)
185:(31,2,0,14,36,36,0)
186:(31,2,0,15,35,35,0)
187:(31,2,0,16,34,34,0)
188:(31,2,0,17,33,33,0)
189:(31,2,0,20,30,30,0)
190:(31,2,1,4,46,46,0)
191:(31,2,1,5,45,45,0)
192:(31,2,1,6,44,44,0)
193:(31,2,1,7,43,43,0)
194:(31,2,1,8,42,42,0)
195:(31,2,1,9,41,41,0)
196:(31,2,1,10,40,40,0)
197:(31,2,1,11,39,39,0)
198:(31,2,1,13,37,37,0)
199:(31,2,1,14,36,36,0)
200:(31,2,1,15,35,35,0)
201:(31,2,1,16,34,34,0)
202:(31,2,1,17,33,33,0)
203:(31,2,1,18,32,32,0)
204:(31,2,1,21,29,29,0)
205:(32,2,0,4,46,46,0)
206:(32,2,0,8,42,42,0)
207:(32,2,0,9,41,41,0)
208:(32,2,0,10,40,40,0)
209:(32,2,0,11,39,39,0)
210:(32,2,0,12,38,38,0)
211:(32,2,0,13,37,37,0)
212:(32,2,0,14,36,36,0)
213:(32,2,0,15,35,35,0)
214:(32,2,0,16,34,34,0)
215:(32,2,0,17,33,33,0)
216:(32,2,0,18,32,32,0)
217:(32,2,0,19,31,31,0)
218:(32,2,0,20,30,30,0)
219:(32,2,0,21,29,29,0)
220:(32,2,0,22,28,28,0)
221:(32,2,1,5,45,45,0)
222:(32,2,1,9,41,41,0)
223:(32,2,1,10,40,40,0)
224:(32,2,1,11,39,39,0)
225:(32,2,1,12,38,38,0)
226:(32,2,1,13,37,37,0)
227:(32,2,1,14,36,36,0)
228:(32,2,1,15,35,35,0)
229:(32,2,1,16,34,34,0)
230:(32,2,1,17,33,33,0)
231:(32,2,1,18,32,32,0)
232:(32,2,1,19,31,31,0)
233:(32,2,1,20,30,30,0)
234:(32,2,1,21,29,29,0)
235:(32,2,1,22,28,28,0)
236:(32,2,1,23,27,27,0)
237:(33,2,0,5,45,45,0)
238:(33,2,0,9,41,41,0)
239:(33,2,0,10,40,40,0)
240:(33,2,0,11,39,39,0)
241:(33,2,0,12,38,38,0)
242:(33,2,0,13,37,37,0)
243:(33,2,0,16,34,34,0)
244:(33,2,0,17,33,33,0)
245:(33,2,0,18,32,32,0)
246:(33,2,0,21,29,29,0)
247:(33,2,0,22,28,28,0)
248:(33,2,0,23,27,27,0)
249:(33,2,1,6,44,44,0)
250:(33,2,1,10,40,40,0)
251:(33,2,1,11,39,39,0)
252:(33,2,1,12,38,38,0)
253:(33,2,1,13,37,37,0)
254:(33,2,1,14,36,36,0)
255:(33,2,1,17,33,33,0)
256:(33,2,1,18,32,32,0)
257:(33,2,1,19,31,31,0)
258:(33,2,1,22,28,28,0)
259:(33,2,1,23,27,27,0)
260:(33,2,1,24,26,26,0)
261:(34,2,0,6,44,44,0)
262:(34,2,0,13,37,37,0)
263:(34,2,0,14,36,36,0)
264:(34,2,0,15,35,35,0)
265:(34,2,0,16,34,34,0)
266:(34,2,0,17,33,33,0)
267:(34,2,0,18,32,32,0)
268:(34,2,0,19,31,31,0)
269:(34,2,0,23,27,27,0)
270:(34,2,0,24,26,26,0)
271:(34,2,1,7,43,43,0)
272:(34,2,1,14,36,36,0)
273:(34,2,1,15,35,35,0)
274:(34,2,1,16,34,34,0)
275:(34,2,1,17,33,33,0)
276:(34,2,1,18,32,32,0)
277:(34,2,1,19,31,31,0)
278:(34,2,1,20,30,30,0)
279:(34,2,1,24,26,26,0)
280:(34,2,1,25,25,25,0)
281:(35,2,0,7,43,43,0)
282:(35,2,0,8,42,42,0)
283:(35,2,0,15,35,35,0)
284:(35,2,0,16,34,34,0)
285:(35,2,0,17,33,33,0)
286:(35,2,0,18,32,32,0)
287:(35,2,0,19,31,31,0)
288:(35,2,0,20,30,30,0)
289:(35,2,0,21,29,29,0)
290:(35,2,0,22,28,28,0)
291:(35,2,0,23,27,27,0)
292:(35,2,0,24,26,26,0)
293:(35,2,0,25,25,25,0)
294:(35,2,1,8,42,42,0)
295:(35,2,1,9,41,41,0)
296:(35,2,1,16,34,34,0)
297:(35,2,1,17,33,33,0)
298:(35,2,1,18,32,32,0)
299:(35,2,1,19,31,31,0)
300:(35,2,1,20,30,30,0)
301:(35,2,1,21,29,29,0)
302:(35,2,1,22,28,28,0)
303:(35,2,1,23,27,27,0)
304:(35,2,1,24,26,26,0)
305:(35,2,1,25,25,25,0)
306:(35,2,1,26,24,24,0)
307:(36,2,0,9,41,41,0)
308:(36,2,0,10,40,40,0)
309:(36,2,0,11,39,39,0)
310:(36,2,0,12,38,38,0)
311:(36,2,0,13,37,37,0)
312:(36,2,0,14,36,36,0)
313:(36,2,0,17,33,33,0)
314:(36,2,0,18,32,32,0)
315:(36,2,0,19,31,31,0)
316:(36,2,0,20,30,30,0)
317:(36,2,0,21,29,29,0)
318:(36,2,0,22,28,28,0)
319:(36,2,0,23,27,27,0)
320:(36,2,0,25,25,25,0)
321:(36,2,0,26,24,24,0)
322:(36,2,0,27,23,23,0)
323:(36,2,0,28,22,22,0)
324:(36,2,0,29,21,21,0)
325:(36,2,1,10,40,40,0)
326:(36,2,1,11,39,39,0)
327:(36,2,1,12,38,38,0)
328:(36,2,1,13,37,37,0)
329:(36,2,1,14,36,36,0)
330:(36,2,1,15,35,35,0)
331:(36,2,1,18,32,32,0)
332:(36,2,1,19,31,31,0)
333:(36,2,1,20,30,30,0)
334:(36,2,1,21,29,29,0)
335:(36,2,1,22,28,28,0)
336:(36,2,1,23,27,27,0)
337:(36,2,1,24,26,26,0)
338:(36,2,1,26,24,24,0)
339:(36,2,1,27,23,23,0)
340:(36,2,1,28,22,22,0)
341:(36,2,1,29,21,21,0)
342:(36,2,1,30,20,20,0)
343:(37,2,0,15,35,35,0)
344:(37,2,0,16,34,34,0)
345:(37,2,0,17,33,33,0)
346:(37,2,0,18,32,32,0)
347:(37,2,0,19,31,31,0)
348:(37,2,0,20,30,30,0)
349:(37,2,0,21,29,29,0)
350:(37,2,0,22,28,28,0)
351:(37,2,0,24,26,26,0)
352:(37,2,0,25,25,25,0)
353:(37,2,0,26,24,24,0)
354:(37,2,0,27,23,23,0)
355:(37,2,0,28,22,22,0)
356:(37,2,0,29,21,21,0)
357:(37,2,0,30,20,20,0)
358:(37,2,1,16,34,34,0)
359:(37,2,1,17,33,33,0)
360:(37,2,1,18,32,32,0)
361:(37,2,1,19,31,31,0)
362:(37,2,1,20,30,30,0)
363:(37,2,1,21,29,29,0)
364:(37,2,1,22,28,28,0)
365:(37,2,1,23,27,27,0)
366:(37,2,1,25,25,25,0)
367:(37,2,1,26,24,24,0)
368:(37,2,1,27,23,23,0)
369:(37,2,1,28,22,22,0)
370:(37,2,1,29,21,21,0)
371:(37,2,1,30,20,20,0)
372:(37,2,1,31,19,19,0)
373:(38,2,0,19,31,31,0)
374:(38,2,0,20,30,30,0)
375:(38,2,0,21,29,29,0)
376:(38,2,0,22,28,28,0)
377:(38,2,0,23,27,27,0)
378:(38,2,0,24,26,26,0)
379:(38,2,0,27,23,23,0)
380:(38,2,0,28,22,22,0)
381:(38,2,0,29,21,21,0)
382:(38,2,0,30,20,20,0)
383:(38,2,0,31,19,19,0)
384:(38,2,0,32,18,18,0)
385:(38,2,1,20,30,30,0)
386:(38,2,1,21,29,29,0)
387:(38,2,1,22,28,28,0)
388:(38,2,1,23,27,27,0)
389:(38,2,1,24,26,26,0)
390:(38,2,1,25,25,25,0)
391:(38,2,1,28,22,22,0)
392:(38,2,1,29,21,21,0)
393:(38,2,1,30,20,20,0)
394:(38,2,1,31,19,19,0)
395:(38,2,1,32,18,18,0)
396:(38,2,1,33,17,17,0)
397:(39,2,0,21,29,29,0)
398:(39,2,0,22,28,28,0)
399:(39,2,0,23,27,27,0)
400:(39,2,0,24,26,26,0)
401:(39,2,0,25,25,25,0)
402:(39,2,0,26,24,24,0)
403:(39,2,0,27,23,23,0)
404:(39,2,0,28,22,22,0)
405:(39,2,0,30,20,20,0)
406:(39,2,0,31,19,19,0)
407:(39,2,0,32,18,18,0)
408:(39,2,0,33,17,17,0)
409:(39,2,1,22,28,28,0)
410:(39,2,1,23,27,27,0)
411:(39,2,1,24,26,26,0)
412:(39,2,1,25,25,25,0)
413:(39,2,1,26,24,24,0)
414:(39,2,1,27,23,23,0)
415:(39,2,1,28,22,22,0)
416:(39,2,1,29,21,21,0)
417:(39,2,1,31,19,19,0)
418:(39,2,1,32,18,18,0)
419:(39,2,1,33,17,17,0)
420:(39,2,1,34,16,16,0)
421:(40,2,0,23,27,27,0)
422:(40,2,0,24,26,26,0)
423:(40,2,0,25,25,25,0)
424:(40,2,0,26,24,24,0)
425:(40,2,0,27,23,23,0)
426:(40,2,0,28,22,22,0)
427:(40,2,0,29,21,21,0)
428:(40,2,0,30,20,20,0)
429:(40,2,0,31,19,19,0)
430:(40,2,0,32,18,18,0)
431:(40,2,0,33,17,17,0)
432:(40,2,0,34,16,16,0)
433:(40,2,0,35,15,15,0)
434:(40,2,1,24,26,26,0)
435:(40,2,1,25,25,25,0)
436:(40,2,1,26,24,24,0)
437:(40,2,1,27,23,23,0)
438:(40,2,1,28,22,22,0)
439:(40,2,1,29,21,21,0)
440:(40,2,1,30,20,20,0)
441:(40,2,1,31,19,19,0)
442:(40,2,1,32,18,18,0)
443:(40,2,1,33,17,17,0)
444:(40,2,1,34,16,16,0)
445:(40,2,1,35,15,15,0)
446:(40,2,1,36,14,14,0)
447:(41,2,0,24,26,26,0)
448:(41,2,0,27,23,23,0)
449:(41,2,0,29,21,21,0)
450:(41,2,0,30,20,20,0)
451:(41,2,0,31,19,19,0)
452:(41,2,0,32,18,18,0)
453:(41,2,0,33,17,17,0)
454:(41,2,0,34,16,16,0)
455:(41,2,0,35,15,15,0)
456:(41,2,0,36,14,14,0)
457:(41,2,1,25,25,25,0)
458:(41,2,1,28,22,22,0)
459:(41,2,1,30,20,20,0)
460:(41,2,1,31,19,19,0)
461:(41,2,1,32,18,18,0)
462:(41,2,1,33,17,17,0)
463:(41,2,1,34,16,16,0)
464:(41,2,1,35,15,15,0)
465:(41,2,1,36,14,14,0)
466:(41,2,1,37,13,13,0)
467:(42,2,0,25,25,25,0)
468:(42,2,0,26,24,24,0)
469:(42,2,0,27,23,23,0)
470:(42,2,0,28,22,22,0)
471:(42,2,0,29,21,21,0)
472:(42,2,0,30,20,20,0)
473:(42,2,0,31,19,19,0)
474:(42,2,0,32,18,18,0)
475:(42,2,0,33,17,17,0)
476:(42,2,0,34,16,16,0)
477:(42,2,0,35,15,15,0)
478:(42,2,0,36,14,14,0)
479:(42,2,0,37,13,13,0)
480:(42,2,0,38,12,12,0)
481:(42,2,1,26,24,24,0)
482:(42,2,1,27,23,23,0)
483:(42,2,1,28,22,22,0)
484:(42,2,1,29,21,21,0)
485:(42,2,1,30,20,20,0)
486:(42,2,1,31,19,19,0)
487:(42,2,1,32,18,18,0)
488:(42,2,1,33,17,17,0)
489:(42,2,1,34,16,16,0)
490:(42,2,1,35,15,15,0)
491:(42,2,1,36,14,14,0)
492:(42,2,1,37,13,13,0)
493:(42,2,1,38,12,12,0)
494:(42,2,1,39,11,11,0)
495:(43,2,0,29,21,21,0)
496:(43,2,0,30,20,20,0)
497:(43,2,0,31,19,19,0)
498:(43,2,0,32,18,18,0)
499:(43,2,0,33,17,17,0)
500:(43,2,0,34,16,16,0)
501:(43,2,0,35,15,15,0)
502:(43,2,0,36,14,14,0)
503:(43,2,0,37,13,13,0)
504:(43,2,0,38,12,12,0)
505:(43,2,0,39,11,11,0)
506:(43,2,1,30,20,20,0)
507:(43,2,1,31,19,19,0)
508:(43,2,1,32,18,18,0)
509:(43,2,1,33,17,17,0)
510:(43,2,1,34,16,16,0)
511:(43,2,1,35,15,15,0)
512:(43,2,1,36,14,14,0)
513:(43,2,1,37,13,13,0)
514:(43,2,1,38,12,12,0)
515:(43,2,1,39,11,11,0)
516:(43,2,1,40,10,10,0)
517:(44,2,0,32,18,18,0)
518:(44,2,0,33,17,17,0)
519:(44,2,0,34,16,16,0)
520:(44,2,0,35,15,15,0)
521:(44,2,0,36,14,14,0)
522:(44,2,0,37,13,13,0)
523:(44,2,0,38,12,12,0)
524:(44,2,0,39,11,11,0)
525:(44,2,0,40,10,10,0)
526:(44,2,0,41,9,9,0)
527:(44,2,0,42,8,8,0)
528:(44,2,1,33,17,17,0)
529:(44,2,1,34,16,16,0)
530:(44,2,1,35,15,15,0)
531:(44,2,1,36,14,14,0)
532:(44,2,1,37,13,13,0)
533:(44,2,1,38,12,12,0)
534:(44,2,1,39,11,11,0)
535:(44,2,1,40,10,10,0)
536:(44,2,1,41,9,9,0)
537:(44,2,1,42,8,8,0)
538:(44,2,1,43,7,7,0)
539:(45,2,0,35,15,15,0)
540:(45,2,0,36,14,14,0)
541:(45,2,0,37,13,13,0)
542:(45,2,0,38,12,12,0)
543:(45,2,0,39,11,11,0)
544:(45,2,0,40,10,10,0)
545:(45,2,0,41,9,9,0)
546:(45,2,0,42,8,8,0)
547:(45,2,0,43,7,7,0)
548:(45,2,1,36,14,14,0)
549:(45,2,1,37,13,13,0)
550:(45,2,1,38,12,12,0)
551:(45,2,1,39,11,11,0)
552:(45,2,1,40,10,10,0)
553:(45,2,1,41,9,9,0)
554:(45,2,1,42,8,8,0)
555:(45,2,1,43,7,7,0)
556:(45,2,1,44,6,6,0)
557:(46,2,0,38,12,12,0)
558:(46,2,0,39,11,11,0)
559:(46,2,0,40,10,10,0)
560:(46,2,0,41,9,9,0)
561:(46,2,0,42,8,8,0)
562:(46,2,0,43,7,7,0)
563:(46,2,0,44,6,6,0)
564:(46,2,0,45,5,5,0)
565:(46,2,1,39,11,11,0)
566:(46,2,1,40,10,10,0)
567:(46,2,1,41,9,9,0)
568:(46,2,1,42,8,8,0)
569:(46,2,1,43,7,7,0)
570:(46,2,1,44,6,6,0)
571:(46,2,1,45,5,5,0)
572:(46,2,1,46,4,4,0)
573:(47,2,0,40,10,10,0)
574:(47,2,0,41,9,9,0)
575:(47,2,0,42,8,8,0)
576:(47,2,0,43,7,7,0)
577:(47,2,0,44,6,6,0)
578:(47,2,0,45,5,5,0)
579:(47,2,0,46,4,4,0)
580:(47,2,0,47,3,3,0)
581:(47,2,1,41,9,9,0)
582:(47,2,1,42,8,8,0)
583:(47,2,1,43,7,7,0)
584:(47,2,1,44,6,6,0)
585:(47,2,1,45,5,5,0)
586:(47,2,1,46,4,4,0)
587:(47,2,1,47,3,3,0)
588:(47,2,1,48,2,2,0)
589:(48,2,0,42,8,8,0)
590:(48,2,0,43,7,7,0)
591:(48,2,0,44,6,6,0)
592:(48,2,0,45,5,5,0)
593:(48,2,0,46,4,4,0)
594:(48,2,0,47,3,3,0)
595:(48,2,0,48,2,2,0)
596:(48,2,1,43,7,7,0)
597:(48,2,1,44,6,6,0)
598:(48,2,1,45,5,5,0)
599:(48,2,1,46,4,4,0)
600:(48,2,1,47,3,3,0)
601:(48,2,1,48,2,2,0)
602:(48,2,1,49,1,1,0)
603:(49,2,0,43,7,7,0)
604:(49,2,0,44,6,6,0)
605:(49,2,0,45,5,5,0)
606:(49,2,0,46,4,4,0)
607:(49,2,0,47,3,3,0)
608:(49,2,0,48,2,2,0)
609:(49,2,0,49,1,1,0)
610:(49,2,1,44,6,6,0)
611:(49,2,1,45,5,5,0)
612:(49,2,1,46,4,4,0)
613:(49,2,1,47,3,3,0)
614:(49,2,1,48,2,2,0)
615:(49,2,1,49,1,1,0)
616:(49,2,1,50,0,0,0)
617:(50,2,0,47,3,3,0)
618:(50,2,0,48,2,2,0)
619:(50,2,0,49,1,1,0)
620:(50,2,0,50,0,0,0)
621:(50,2,1,48,2,2,0)
622:(50,2,1,49,1,1,0)
623:(50,2,1,50,0,0,0)
