(codY,flache,SigD_hag,hag,CodY_flache,CodY_hag,CodY,SigD,Hag)
0:(1,1,1,1,1,1,10,10,10)
1:(1,1,1,1,1,1,11,10,10)
2:(1,1,1,1,1,1,12,10,10)
3:(1,1,1,1,1,1,13,10,10)
4:(1,1,1,1,1,1,14,10,10)
5:(1,1,1,1,1,1,15,10,10)
6:(1,1,1,1,1,1,16,10,10)
7:(1,1,1,1,1,1,17,10,10)
8:(1,1,1,1,1,1,18,10,10)
9:(1,1,1,1,1,1,19,10,10)
10:(1,1,1,1,1,1,20,10,10)
11:(1,1,1,1,1,1,20,11,10)
12:(1,1,1,1,1,1,20,9,10)
13:(1,1,0,2,1,1,20,11,11)
14:(1,1,1,1,1,1,20,10,9)
15:(1,1,2,0,1,1,20,9,10)
16:(1,1,0,2,1,1,20,11,10)
17:(1,1,1,1,1,1,19,11,10)
18:(1,1,1,1,1,1,19,9,10)
19:(1,1,0,2,1,1,19,11,11)
20:(1,1,1,1,1,1,19,10,9)
21:(1,1,2,0,1,1,19,9,10)
22:(1,1,0,2,1,1,19,11,10)
23:(1,0,1,1,2,1,18,10,10)
24:(1,1,1,0,1,2,18,10,10)
25:(1,1,1,1,1,1,18,11,10)
26:(1,1,1,1,1,1,18,9,10)
27:(1,1,0,2,1,1,18,11,11)
28:(1,1,1,1,1,1,18,10,9)
29:(1,1,2,0,1,1,18,9,10)
30:(1,1,0,2,1,1,18,11,10)
31:(1,0,1,1,2,1,17,10,10)
32:(1,1,1,0,1,2,17,10,10)
33:(1,1,1,1,1,1,17,11,10)
34:(1,1,1,1,1,1,17,9,10)
35:(1,1,0,2,1,1,17,11,11)
36:(1,1,1,1,1,1,17,10,9)
37:(1,1,2,0,1,1,17,9,10)
38:(1,1,0,2,1,1,17,11,10)
39:(1,0,1,1,2,1,16,10,10)
40:(1,1,1,0,1,2,16,10,10)
41:(1,1,1,1,1,1,16,11,10)
42:(1,1,1,1,1,1,16,9,10)
43:(1,1,0,2,1,1,16,11,11)
44:(1,1,1,1,1,1,16,10,9)
45:(1,1,2,0,1,1,16,9,10)
46:(1,1,0,2,1,1,16,11,10)
47:(1,0,1,1,2,1,15,10,10)
48:(1,1,1,0,1,2,15,10,10)
49:(1,1,1,1,1,1,15,11,10)
50:(1,1,1,1,1,1,15,9,10)
51:(1,1,0,2,1,1,15,11,11)
52:(1,1,1,1,1,1,15,10,9)
53:(1,1,2,0,1,1,15,9,10)
54:(1,1,0,2,1,1,15,11,10)
55:(1,0,1,1,2,1,14,10,10)
56:(1,1,1,0,1,2,14,10,10)
57:(1,1,1,1,1,1,14,11,10)
58:(1,1,1,1,1,1,14,9,10)
59:(1,1,0,2,1,1,14,11,11)
60:(1,1,1,1,1,1,14,10,9)
61:(1,1,2,0,1,1,14,9,10)
62:(1,1,0,2,1,1,14,11,10)
63:(1,0,1,1,2,1,13,10,10)
64:(1,1,1,0,1,2,13,10,10)
65:(1,1,1,1,1,1,13,11,10)
66:(1,1,1,1,1,1,13,9,10)
67:(1,1,0,2,1,1,13,11,11)
68:(1,1,1,1,1,1,13,10,9)
69:(1,1,2,0,1,1,13,9,10)
70:(1,1,0,2,1,1,13,11,10)
71:(1,0,1,1,2,1,12,10,10)
72:(1,1,1,0,1,2,12,10,10)
73:(1,1,1,1,1,1,12,11,10)
74:(1,1,1,1,1,1,12,9,10)
75:(1,1,0,2,1,1,12,11,11)
76:(1,1,1,1,1,1,12,10,9)
77:(1,1,2,0,1,1,12,9,10)
78:(1,1,0,2,1,1,12,11,10)
79:(1,0,1,1,2,1,11,10,10)
80:(1,1,1,0,1,2,11,10,10)
81:(1,1,1,1,1,1,11,11,10)
82:(1,1,1,1,1,1,11,9,10)
83:(1,1,0,2,1,1,11,11,11)
84:(1,1,1,1,1,1,11,10,9)
85:(1,1,2,0,1,1,11,9,10)
86:(1,1,0,2,1,1,11,11,10)
87:(1,0,1,1,2,1,10,10,10)
88:(1,1,1,0,1,2,10,10,10)
89:(1,1,1,1,1,1,9,10,10)
90:(1,1,1,1,1,1,10,11,10)
91:(1,1,1,1,1,1,10,9,10)
92:(1,1,0,2,1,1,10,11,11)
93:(1,1,1,1,1,1,10,10,9)
94:(1,1,2,0,1,1,10,9,10)
95:(1,1,0,2,1,1,10,11,10)
96:(1,0,1,1,2,1,9,10,10)
97:(1,1,1,0,1,2,9,10,10)
98:(1,2,1,1,0,1,18,10,10)
99:(1,1,1,2,1,0,18,10,10)
100:(1,2,1,1,0,1,17,10,10)
101:(1,1,1,2,1,0,17,10,10)
102:(1,2,1,1,0,1,16,10,10)
103:(1,1,1,2,1,0,16,10,10)
104:(1,2,1,1,0,1,15,10,10)
105:(1,1,1,2,1,0,15,10,10)
106:(1,2,1,1,0,1,14,10,10)
107:(1,1,1,2,1,0,14,10,10)
108:(1,2,1,1,0,1,13,10,10)
109:(1,1,1,2,1,0,13,10,10)
110:(1,2,1,1,0,1,12,10,10)
111:(1,1,1,2,1,0,12,10,10)
112:(1,2,1,1,0,1,11,10,10)
113:(1,1,1,2,1,0,11,10,10)
114:(1,1,1,1,1,1,8,10,10)
115:(1,1,1,1,1,1,9,11,10)
116:(1,1,1,1,1,1,9,9,10)
117:(1,1,0,2,1,1,9,11,11)
118:(1,1,1,1,1,1,9,10,9)
119:(1,1,2,0,1,1,9,9,10)
120:(1,1,0,2,1,1,9,11,10)
121:(1,0,1,1,2,1,8,10,10)
122:(1,2,1,1,0,1,10,10,10)
123:(1,1,1,0,1,2,8,10,10)
124:(1,1,1,2,1,0,10,10,10)
125:(1,1,1,1,1,1,17,12,10)
126:(1,1,0,2,1,1,17,12,11)
127:(1,1,1,1,1,1,17,11,9)
128:(1,1,2,0,1,1,17,10,10)
129:(1,1,0,2,1,1,17,12,10)
130:(1,0,1,1,2,1,16,11,10)
131:(1,1,1,0,1,2,16,11,10)
132:(1,1,1,1,1,1,16,12,10)
133:(1,1,0,2,1,1,16,12,11)
134:(1,1,1,1,1,1,16,11,9)
135:(1,1,2,0,1,1,16,10,10)
136:(1,1,0,2,1,1,16,12,10)
137:(1,0,1,1,2,1,15,11,10)
138:(1,1,1,0,1,2,15,11,10)
139:(1,1,1,1,1,1,15,12,10)
140:(1,1,0,2,1,1,15,12,11)
141:(1,1,1,1,1,1,15,11,9)
142:(1,1,2,0,1,1,15,10,10)
143:(1,1,0,2,1,1,15,12,10)
144:(1,0,1,1,2,1,14,11,10)
145:(1,1,1,0,1,2,14,11,10)
146:(1,1,1,1,1,1,14,12,10)
147:(1,1,0,2,1,1,14,12,11)
148:(1,1,1,1,1,1,14,11,9)
149:(1,1,2,0,1,1,14,10,10)
150:(1,1,0,2,1,1,14,12,10)
151:(1,0,1,1,2,1,13,11,10)
152:(1,1,1,0,1,2,13,11,10)
153:(1,1,1,1,1,1,13,12,10)
154:(1,1,0,2,1,1,13,12,11)
155:(1,1,1,1,1,1,13,11,9)
156:(1,1,2,0,1,1,13,10,10)
157:(1,1,0,2,1,1,13,12,10)
158:(1,0,1,1,2,1,12,11,10)
159:(1,1,1,0,1,2,12,11,10)
160:(1,1,1,1,1,1,12,12,10)
161:(1,1,0,2,1,1,12,12,11)
162:(1,1,1,1,1,1,12,11,9)
163:(1,1,2,0,1,1,12,10,10)
164:(1,1,0,2,1,1,12,12,10)
165:(1,0,1,1,2,1,11,11,10)
166:(1,1,1,0,1,2,11,11,10)
167:(1,1,1,1,1,1,11,12,10)
168:(1,1,0,2,1,1,11,12,11)
169:(1,1,1,1,1,1,11,11,9)
170:(1,1,2,0,1,1,11,10,10)
171:(1,1,0,2,1,1,11,12,10)
172:(1,0,1,1,2,1,10,11,10)
173:(1,1,1,0,1,2,10,11,10)
174:(1,1,1,1,1,1,10,12,10)
175:(1,1,0,2,1,1,10,12,11)
176:(1,1,1,1,1,1,10,11,9)
177:(1,1,2,0,1,1,10,10,10)
178:(1,1,0,2,1,1,10,12,10)
179:(1,0,1,1,2,1,9,11,10)
180:(1,1,1,0,1,2,9,11,10)
181:(1,2,1,1,0,1,15,11,10)
182:(1,1,1,2,1,0,15,11,10)
183:(1,2,1,1,0,1,14,11,10)
184:(1,1,1,2,1,0,14,11,10)
185:(1,2,1,1,0,1,13,11,10)
186:(1,1,1,2,1,0,13,11,10)
187:(1,2,1,1,0,1,12,11,10)
188:(1,1,1,2,1,0,12,11,10)
189:(1,2,1,1,0,1,11,11,10)
190:(1,1,1,2,1,0,11,11,10)
191:(1,1,1,1,1,1,8,11,10)
192:(1,1,1,1,1,1,9,12,10)
193:(1,1,0,2,1,1,9,12,11)
194:(1,1,1,1,1,1,9,11,9)
195:(1,1,2,0,1,1,9,10,10)
196:(1,1,0,2,1,1,9,12,10)
197:(1,0,1,1,2,1,8,11,10)
198:(1,2,1,1,0,1,10,11,10)
199:(1,1,1,0,1,2,8,11,10)
200:(1,1,1,2,1,0,10,11,10)
201:(1,1,1,1,1,1,7,11,10)
202:(1,1,1,1,1,1,8,12,10)
203:(1,1,0,2,1,1,8,12,11)
204:(1,1,1,1,1,1,8,11,9)
205:(1,1,2,0,1,1,8,10,10)
206:(1,1,0,2,1,1,8,12,10)
207:(1,0,1,1,2,1,7,11,10)
208:(1,2,1,1,0,1,9,11,10)
209:(1,1,1,0,1,2,7,11,10)
210:(1,1,1,2,1,0,9,11,10)
211:(1,1,1,1,1,1,18,12,10)
212:(1,1,1,1,1,1,19,12,10)
213:(1,1,1,1,1,1,13,13,10)
214:(1,1,0,2,1,1,13,13,11)
215:(1,1,1,1,1,1,13,12,9)
216:(1,1,2,0,1,1,13,11,10)
217:(1,1,0,2,1,1,13,13,10)
218:(1,0,1,1,2,1,12,12,10)
219:(1,1,1,0,1,2,12,12,10)
220:(1,1,1,1,1,1,12,13,10)
221:(1,1,0,2,1,1,12,13,11)
222:(1,1,1,1,1,1,12,12,9)
223:(1,1,2,0,1,1,12,11,10)
224:(1,1,0,2,1,1,12,13,10)
225:(1,0,1,1,2,1,11,12,10)
226:(1,1,1,0,1,2,11,12,10)
227:(1,1,1,1,1,1,11,13,10)
228:(1,1,0,2,1,1,11,13,11)
229:(1,1,1,1,1,1,11,12,9)
230:(1,1,2,0,1,1,11,11,10)
231:(1,1,0,2,1,1,11,13,10)
232:(1,0,1,1,2,1,10,12,10)
233:(1,1,1,0,1,2,10,12,10)
234:(1,1,1,1,1,1,10,13,10)
235:(1,1,0,2,1,1,10,13,11)
236:(1,1,1,1,1,1,10,12,9)
237:(1,1,2,0,1,1,10,11,10)
238:(1,1,0,2,1,1,10,13,10)
239:(1,0,1,1,2,1,9,12,10)
240:(1,1,1,0,1,2,9,12,10)
241:(1,1,0,2,1,1,18,12,11)
242:(1,1,0,2,1,1,19,12,11)
243:(1,1,1,1,1,1,13,11,11)
244:(1,0,0,2,2,1,12,12,11)
245:(1,1,0,1,1,2,12,12,11)
246:(1,1,1,1,1,1,12,11,11)
247:(1,0,0,2,2,1,11,12,11)
248:(1,1,0,1,1,2,11,12,11)
249:(1,1,1,1,1,1,11,11,11)
250:(1,0,0,2,2,1,10,12,11)
251:(1,1,0,1,1,2,10,12,11)
252:(1,1,1,1,1,1,10,11,11)
253:(1,0,0,2,2,1,9,12,11)
254:(1,1,0,1,1,2,9,12,11)
255:(1,1,1,1,1,1,9,11,11)
256:(1,1,1,1,1,1,18,11,9)
257:(1,1,1,1,1,1,19,11,9)
258:(1,1,1,1,1,1,13,11,8)
259:(1,1,2,0,1,1,13,10,9)
260:(1,1,0,2,1,1,13,12,9)
261:(1,0,1,1,2,1,12,11,9)
262:(1,1,1,0,1,2,12,11,9)
263:(1,1,1,1,1,1,12,11,8)
264:(1,1,2,0,1,1,12,10,9)
265:(1,1,0,2,1,1,12,12,9)
266:(1,0,1,1,2,1,11,11,9)
267:(1,1,1,0,1,2,11,11,9)
268:(1,1,1,1,1,1,11,11,8)
269:(1,1,2,0,1,1,11,10,9)
270:(1,1,0,2,1,1,11,12,9)
271:(1,0,1,1,2,1,10,11,9)
272:(1,1,1,0,1,2,10,11,9)
273:(1,1,1,1,1,1,10,11,8)
274:(1,1,2,0,1,1,10,10,9)
275:(1,1,0,2,1,1,10,12,9)
276:(1,0,1,1,2,1,9,11,9)
277:(1,1,1,0,1,2,9,11,9)
278:(1,1,1,1,1,1,9,11,8)
279:(1,1,2,0,1,1,9,10,9)
280:(1,1,0,2,1,1,9,12,9)
281:(1,1,1,0,1,2,8,11,9)
282:(1,1,2,0,1,1,18,10,10)
283:(1,1,2,0,1,1,19,10,10)
284:(1,0,2,0,2,1,12,10,10)
285:(1,0,2,0,2,1,11,10,10)
286:(1,0,2,0,2,1,10,10,10)
287:(1,0,2,0,2,1,9,10,10)
288:(1,1,0,2,1,1,18,12,10)
289:(1,1,0,2,1,1,19,12,10)
290:(1,0,0,2,2,1,12,12,10)
291:(1,1,0,1,1,2,12,12,10)
292:(1,0,0,2,2,1,11,12,10)
293:(1,1,0,1,1,2,11,12,10)
294:(1,0,0,2,2,1,10,12,10)
295:(1,1,0,1,1,2,10,12,10)
296:(1,0,0,2,2,1,9,12,10)
297:(1,1,0,1,1,2,9,12,10)
298:(1,1,0,1,1,2,8,12,10)
299:(1,0,1,1,2,1,17,11,10)
300:(1,0,1,1,2,1,18,11,10)
301:(1,0,1,0,2,2,11,11,10)
302:(1,0,1,2,2,0,13,11,10)
303:(1,0,1,0,2,2,10,11,10)
304:(1,0,1,2,2,0,12,11,10)
305:(1,0,1,0,2,2,9,11,10)
306:(1,0,1,2,2,0,11,11,10)
307:(1,0,1,0,2,2,8,11,10)
308:(1,0,1,2,2,0,10,11,10)
309:(1,2,1,1,0,1,16,11,10)
310:(1,2,1,1,0,1,17,11,10)
311:(1,2,1,1,0,1,18,11,10)
312:(1,2,1,1,0,1,19,11,10)
313:(1,2,1,1,0,1,20,11,10)
314:(1,2,1,0,0,2,14,11,10)
315:(1,2,1,0,0,2,13,11,10)
316:(1,2,1,0,0,2,12,11,10)
317:(1,2,1,0,0,2,11,11,10)
318:(1,2,1,0,0,2,10,11,10)
319:(1,1,1,0,1,2,17,11,10)
320:(1,1,1,0,1,2,18,11,10)
321:(1,1,1,2,1,0,16,11,10)
322:(1,1,1,2,1,0,17,11,10)
323:(1,1,1,2,1,0,18,11,10)
324:(1,1,1,2,1,0,19,11,10)
325:(1,1,1,2,1,0,20,11,10)
326:(1,0,1,2,2,0,14,11,10)
327:(1,1,1,1,1,1,20,12,10)
328:(1,1,1,1,1,1,16,13,10)
329:(1,1,0,2,1,1,16,13,11)
330:(1,1,1,1,1,1,16,12,9)
331:(1,1,2,0,1,1,16,11,10)
332:(1,1,0,2,1,1,16,13,10)
333:(1,0,1,1,2,1,15,12,10)
334:(1,1,1,0,1,2,15,12,10)
335:(1,1,1,1,1,1,15,13,10)
336:(1,1,0,2,1,1,15,13,11)
337:(1,1,1,1,1,1,15,12,9)
338:(1,1,2,0,1,1,15,11,10)
339:(1,1,0,2,1,1,15,13,10)
340:(1,0,1,1,2,1,14,12,10)
341:(1,1,1,0,1,2,14,12,10)
342:(1,1,1,1,1,1,14,13,10)
343:(1,1,0,2,1,1,14,13,11)
344:(1,1,1,1,1,1,14,12,9)
345:(1,1,2,0,1,1,14,11,10)
346:(1,1,0,2,1,1,14,13,10)
347:(1,0,1,1,2,1,13,12,10)
348:(1,1,1,0,1,2,13,12,10)
349:(1,1,1,1,1,1,17,13,10)
350:(1,1,1,1,1,1,18,13,10)
351:(1,1,1,1,1,1,19,13,10)
352:(1,1,1,1,1,1,20,13,10)
353:(1,1,0,2,1,1,17,13,11)
354:(1,1,0,2,1,1,18,13,11)
355:(1,1,0,2,1,1,19,13,11)
356:(1,1,0,2,1,1,20,13,11)
357:(1,1,1,1,1,1,15,12,11)
358:(1,1,1,1,1,1,14,12,11)
359:(1,1,1,1,1,1,13,12,11)
360:(1,1,1,1,1,1,12,12,11)
361:(1,1,1,1,1,1,11,12,11)
362:(1,1,1,1,1,1,10,12,11)
363:(1,1,1,1,1,1,17,12,9)
364:(1,1,1,1,1,1,18,12,9)
365:(1,1,1,1,1,1,19,12,9)
366:(1,1,1,1,1,1,20,12,9)
367:(1,1,1,1,1,1,15,12,8)
368:(1,1,2,0,1,1,15,11,9)
369:(1,1,1,0,1,2,14,12,9)
370:(1,1,1,1,1,1,14,12,8)
371:(1,1,2,0,1,1,14,11,9)
372:(1,1,1,0,1,2,13,12,9)
373:(1,1,1,1,1,1,13,12,8)
374:(1,1,2,0,1,1,13,11,9)
375:(1,1,1,0,1,2,12,12,9)
376:(1,1,1,1,1,1,12,12,8)
377:(1,1,2,0,1,1,12,11,9)
378:(1,1,1,0,1,2,11,12,9)
379:(1,1,1,1,1,1,11,12,8)
380:(1,1,2,0,1,1,11,11,9)
381:(1,1,1,0,1,2,10,12,9)
382:(1,1,1,1,1,1,10,12,8)
383:(1,1,2,0,1,1,10,11,9)
384:(1,1,1,0,1,2,9,12,9)
385:(1,1,2,0,1,1,17,11,10)
386:(1,1,2,0,1,1,18,11,10)
387:(1,1,2,0,1,1,19,11,10)
388:(1,1,2,0,1,1,20,11,10)
389:(1,1,0,2,1,1,17,13,10)
390:(1,1,0,2,1,1,18,13,10)
391:(1,1,0,2,1,1,19,13,10)
392:(1,1,0,2,1,1,20,13,10)
393:(1,0,1,1,2,1,16,12,10)
394:(1,0,1,1,2,1,17,12,10)
395:(1,0,1,1,2,1,18,12,10)
396:(1,1,1,0,1,2,16,12,10)
397:(1,1,1,0,1,2,17,12,10)
398:(1,1,1,0,1,2,18,12,10)
399:(1,1,0,2,1,1,20,12,11)
400:(1,1,1,1,1,1,16,11,11)
401:(1,0,0,2,2,1,15,12,11)
402:(1,1,0,1,1,2,15,12,11)
403:(1,1,1,1,1,1,15,11,11)
404:(1,0,0,2,2,1,14,12,11)
405:(1,1,0,1,1,2,14,12,11)
406:(1,1,1,1,1,1,14,11,11)
407:(1,0,0,2,2,1,13,12,11)
408:(1,1,0,1,1,2,13,12,11)
409:(1,1,0,2,1,1,15,10,11)
410:(1,1,1,1,1,1,15,10,11)
411:(1,0,0,2,2,1,14,11,11)
412:(1,1,0,1,1,2,14,11,11)
413:(1,1,0,2,1,1,14,10,11)
414:(1,1,1,1,1,1,14,10,11)
415:(1,0,0,2,2,1,13,11,11)
416:(1,1,0,1,1,2,13,11,11)
417:(1,1,0,2,1,1,13,10,11)
418:(1,1,1,1,1,1,13,10,11)
419:(1,0,0,2,2,1,12,11,11)
420:(1,1,0,1,1,2,12,11,11)
421:(1,1,0,2,1,1,12,10,11)
422:(1,1,1,1,1,1,12,10,11)
423:(1,0,0,2,2,1,11,11,11)
424:(1,1,0,1,1,2,11,11,11)
425:(1,1,0,2,1,1,11,10,11)
426:(1,1,1,1,1,1,11,10,11)
427:(1,0,0,2,2,1,10,11,11)
428:(1,1,0,1,1,2,10,11,11)
429:(1,1,0,2,1,1,10,10,11)
430:(1,1,1,1,1,1,10,10,11)
431:(1,0,0,2,2,1,9,11,11)
432:(1,1,0,1,1,2,9,11,11)
433:(1,1,0,2,1,1,20,12,10)
434:(1,1,0,2,1,1,15,12,9)
435:(1,0,0,2,2,1,14,12,10)
436:(1,1,0,1,1,2,14,12,10)
437:(1,1,0,2,1,1,14,12,9)
438:(1,0,0,2,2,1,13,12,10)
439:(1,1,0,1,1,2,13,12,10)
440:(1,1,1,1,1,1,17,11,11)
441:(1,1,1,1,1,1,18,11,11)
442:(1,1,1,1,1,1,19,11,11)
443:(1,1,1,1,1,1,20,11,11)
444:(1,1,0,2,1,1,15,12,12)
445:(1,1,2,0,1,1,15,10,11)
446:(1,0,1,1,2,1,14,11,11)
447:(1,1,1,0,1,2,14,11,11)
448:(1,1,0,2,1,1,14,12,12)
449:(1,1,2,0,1,1,14,10,11)
450:(1,0,1,1,2,1,13,11,11)
451:(1,1,1,0,1,2,13,11,11)
452:(1,1,0,2,1,1,13,12,12)
453:(1,1,2,0,1,1,13,10,11)
454:(1,0,1,1,2,1,12,11,11)
455:(1,1,1,0,1,2,12,11,11)
456:(1,1,0,2,1,1,12,12,12)
457:(1,1,2,0,1,1,12,10,11)
458:(1,0,1,1,2,1,11,11,11)
459:(1,1,1,0,1,2,11,11,11)
460:(1,1,0,2,1,1,11,12,12)
461:(1,1,2,0,1,1,11,10,11)
462:(1,0,1,1,2,1,10,11,11)
463:(1,1,1,0,1,2,10,11,11)
464:(1,1,0,2,1,1,10,12,12)
465:(1,1,2,0,1,1,10,10,11)
466:(1,0,1,1,2,1,9,11,11)
467:(1,1,1,0,1,2,9,11,11)
468:(1,0,0,2,2,1,16,12,11)
469:(1,0,0,2,2,1,17,12,11)
470:(1,0,0,2,2,1,18,12,11)
471:(1,1,0,1,1,2,16,12,11)
472:(1,1,0,1,1,2,17,12,11)
473:(1,1,0,1,1,2,18,12,11)
474:(1,1,1,1,1,1,20,11,9)
475:(1,1,1,1,1,1,16,11,8)
476:(1,1,2,0,1,1,16,10,9)
477:(1,1,0,2,1,1,16,12,9)
478:(1,0,1,1,2,1,15,11,9)
479:(1,1,1,0,1,2,15,11,9)
480:(1,1,1,1,1,1,15,11,8)
481:(1,1,2,0,1,1,15,10,9)
482:(1,0,1,1,2,1,14,11,9)
483:(1,1,1,0,1,2,14,11,9)
484:(1,1,1,1,1,1,14,11,8)
485:(1,1,2,0,1,1,14,10,9)
486:(1,0,1,1,2,1,13,11,9)
487:(1,1,1,0,1,2,13,11,9)
488:(1,1,1,1,1,1,15,9,9)
489:(1,1,1,1,1,1,15,10,8)
490:(1,1,2,0,1,1,15,9,9)
491:(1,1,0,2,1,1,15,11,9)
492:(1,0,1,1,2,1,14,10,9)
493:(1,1,1,0,1,2,14,10,9)
494:(1,1,1,1,1,1,14,9,9)
495:(1,1,1,1,1,1,14,10,8)
496:(1,1,2,0,1,1,14,9,9)
497:(1,1,0,2,1,1,14,11,9)
498:(1,0,1,1,2,1,13,10,9)
499:(1,1,1,0,1,2,13,10,9)
500:(1,1,1,1,1,1,13,9,9)
501:(1,1,1,1,1,1,13,10,8)
502:(1,1,2,0,1,1,13,9,9)
503:(1,1,0,2,1,1,13,11,9)
504:(1,0,1,1,2,1,12,10,9)
505:(1,1,1,0,1,2,12,10,9)
506:(1,1,1,1,1,1,12,9,9)
507:(1,1,1,1,1,1,12,10,8)
508:(1,1,2,0,1,1,12,9,9)
509:(1,1,0,2,1,1,12,11,9)
510:(1,0,1,1,2,1,11,10,9)
511:(1,1,1,0,1,2,11,10,9)
512:(1,1,1,1,1,1,11,9,9)
513:(1,1,1,1,1,1,11,10,8)
514:(1,1,2,0,1,1,11,9,9)
515:(1,1,0,2,1,1,11,11,9)
516:(1,0,1,1,2,1,10,10,9)
517:(1,1,1,0,1,2,10,10,9)
518:(1,1,1,1,1,1,10,9,9)
519:(1,1,1,1,1,1,10,10,8)
520:(1,1,2,0,1,1,10,9,9)
521:(1,1,0,2,1,1,10,11,9)
522:(1,0,1,1,2,1,9,10,9)
523:(1,1,1,0,1,2,9,10,9)
524:(1,1,1,1,1,1,17,11,8)
525:(1,1,1,1,1,1,18,11,8)
526:(1,1,1,1,1,1,19,11,8)
527:(1,1,1,1,1,1,20,11,8)
528:(1,1,1,1,1,1,15,11,7)
529:(1,1,2,0,1,1,15,10,8)
530:(1,1,0,2,1,1,15,12,8)
531:(1,0,1,1,2,1,14,11,8)
532:(1,1,1,0,1,2,14,11,8)
533:(1,1,1,1,1,1,14,11,7)
534:(1,1,2,0,1,1,14,10,8)
535:(1,1,0,2,1,1,14,12,8)
536:(1,0,1,1,2,1,13,11,8)
537:(1,1,1,0,1,2,13,11,8)
538:(1,1,1,1,1,1,13,11,7)
539:(1,1,2,0,1,1,13,10,8)
540:(1,1,0,2,1,1,13,12,8)
541:(1,0,1,1,2,1,12,11,8)
542:(1,1,1,0,1,2,12,11,8)
543:(1,1,1,1,1,1,12,11,7)
544:(1,1,2,0,1,1,12,10,8)
545:(1,1,0,2,1,1,12,12,8)
546:(1,0,1,1,2,1,11,11,8)
547:(1,1,1,0,1,2,11,11,8)
548:(1,1,1,1,1,1,11,11,7)
549:(1,1,2,0,1,1,11,10,8)
550:(1,1,0,2,1,1,11,12,8)
551:(1,0,1,1,2,1,10,11,8)
552:(1,1,1,0,1,2,10,11,8)
553:(1,1,1,1,1,1,10,11,7)
554:(1,1,2,0,1,1,10,10,8)
555:(1,1,0,2,1,1,10,12,8)
556:(1,0,1,1,2,1,9,11,8)
557:(1,1,1,0,1,2,9,11,8)
558:(1,1,2,0,1,1,17,10,9)
559:(1,1,2,0,1,1,18,10,9)
560:(1,1,2,0,1,1,19,10,9)
561:(1,1,2,0,1,1,20,10,9)
562:(1,0,2,0,2,1,14,10,9)
563:(1,0,2,0,2,1,13,10,9)
564:(1,0,2,0,2,1,12,10,9)
565:(1,0,2,0,2,1,11,10,9)
566:(1,0,2,0,2,1,10,10,9)
567:(1,0,2,0,2,1,9,10,9)
568:(1,1,0,2,1,1,17,12,9)
569:(1,1,0,2,1,1,18,12,9)
570:(1,1,0,2,1,1,19,12,9)
571:(1,1,0,2,1,1,20,12,9)
572:(1,1,0,1,1,2,14,12,9)
573:(1,1,0,1,1,2,13,12,9)
574:(1,1,0,1,1,2,12,12,9)
575:(1,1,0,1,1,2,11,12,9)
576:(1,1,0,1,1,2,10,12,9)
577:(1,1,0,1,1,2,9,12,9)
578:(1,0,1,1,2,1,16,11,9)
579:(1,0,1,1,2,1,17,11,9)
580:(1,0,1,1,2,1,18,11,9)
581:(1,0,1,0,2,2,12,11,9)
582:(1,0,1,0,2,2,11,11,9)
583:(1,0,1,0,2,2,10,11,9)
584:(1,0,1,0,2,2,9,11,9)
585:(1,0,1,0,2,2,8,11,9)
586:(1,1,1,0,1,2,16,11,9)
587:(1,1,1,0,1,2,17,11,9)
588:(1,1,1,0,1,2,18,11,9)
589:(1,2,1,0,0,2,14,11,9)
590:(1,2,1,0,0,2,13,11,9)
591:(1,2,1,0,0,2,12,11,9)
592:(1,2,1,0,0,2,11,11,9)
593:(1,2,1,0,0,2,10,11,9)
594:(1,1,2,0,1,1,20,10,10)
595:(1,0,2,0,2,1,15,10,10)
596:(1,0,2,0,2,1,14,10,10)
597:(1,0,2,0,2,1,13,10,10)
598:(1,1,2,0,1,1,15,8,10)
599:(1,0,2,0,2,1,14,9,10)
600:(1,1,2,0,1,1,14,8,10)
601:(1,0,2,0,2,1,13,9,10)
602:(1,1,2,0,1,1,13,8,10)
603:(1,0,2,0,2,1,12,9,10)
604:(1,1,2,0,1,1,12,8,10)
605:(1,0,2,0,2,1,11,9,10)
606:(1,1,2,0,1,1,11,8,10)
607:(1,0,2,0,2,1,10,9,10)
608:(1,1,2,0,1,1,10,8,10)
609:(1,0,2,0,2,1,9,9,10)
610:(1,0,2,0,2,1,16,10,10)
611:(1,0,2,0,2,1,17,10,10)
612:(1,0,2,0,2,1,18,10,10)
613:(1,0,1,1,2,1,19,11,10)
614:(1,0,1,0,2,2,13,11,10)
615:(1,0,1,2,2,0,15,11,10)
616:(1,0,1,0,2,2,12,11,10)
617:(1,0,1,1,2,1,20,11,10)
618:(1,0,0,2,2,1,15,12,10)
619:(1,0,1,0,2,2,14,11,10)
620:(1,0,1,1,2,1,13,9,10)
621:(1,0,0,2,2,1,13,11,10)
622:(1,0,1,0,2,2,12,10,10)
623:(1,0,1,2,2,0,14,10,10)
624:(1,0,1,1,2,1,12,9,10)
625:(1,0,0,2,2,1,12,11,10)
626:(1,0,1,0,2,2,11,10,10)
627:(1,0,1,2,2,0,13,10,10)
628:(1,0,1,1,2,1,11,9,10)
629:(1,0,0,2,2,1,11,11,10)
630:(1,0,1,0,2,2,10,10,10)
631:(1,0,1,2,2,0,12,10,10)
632:(1,0,1,1,2,1,10,9,10)
633:(1,0,0,2,2,1,10,11,10)
634:(1,0,1,0,2,2,9,10,10)
635:(1,0,1,2,2,0,11,10,10)
636:(1,0,1,1,2,1,9,9,10)
637:(1,0,0,2,2,1,9,11,10)
638:(1,0,1,0,2,2,8,10,10)
639:(1,0,1,2,2,0,10,10,10)
640:(1,0,0,2,2,1,16,12,10)
641:(1,0,0,2,2,1,17,12,10)
642:(1,0,0,2,2,1,18,12,10)
643:(1,0,1,0,2,2,15,11,10)
644:(1,0,1,0,2,2,16,11,10)
645:(1,0,1,0,2,2,17,11,10)
646:(1,0,1,2,2,0,16,11,10)
647:(1,0,1,2,2,0,17,11,10)
648:(1,0,1,2,2,0,18,11,10)
649:(1,0,1,2,2,0,19,11,10)
650:(1,0,1,2,2,0,20,11,10)
651:(1,0,1,2,2,0,15,10,10)
652:(1,1,1,0,1,2,19,11,10)
653:(1,2,1,0,0,2,15,11,10)
654:(1,1,1,0,1,2,20,11,10)
655:(1,1,0,1,1,2,15,12,10)
656:(1,1,1,0,1,2,13,9,10)
657:(1,1,0,1,1,2,13,11,10)
658:(1,2,1,0,0,2,14,10,10)
659:(1,1,1,0,1,2,12,9,10)
660:(1,1,0,1,1,2,12,11,10)
661:(1,2,1,0,0,2,13,10,10)
662:(1,1,1,0,1,2,11,9,10)
663:(1,1,0,1,1,2,11,11,10)
664:(1,2,1,0,0,2,12,10,10)
665:(1,1,1,0,1,2,10,9,10)
666:(1,1,0,1,1,2,10,11,10)
667:(1,2,1,0,0,2,11,10,10)
668:(1,1,1,0,1,2,9,9,10)
669:(1,1,0,1,1,2,9,11,10)
670:(1,2,1,0,0,2,10,10,10)
671:(1,1,0,1,1,2,16,12,10)
672:(1,1,0,1,1,2,17,12,10)
673:(1,1,0,1,1,2,18,12,10)
674:(1,2,1,0,0,2,16,11,10)
675:(1,2,1,0,0,2,17,11,10)
676:(1,2,1,0,0,2,18,11,10)
677:(1,2,1,0,0,2,19,11,10)
678:(1,2,1,0,0,2,20,11,10)
679:(1,2,1,0,0,2,15,10,10)
680:(1,2,1,0,0,2,15,11,9)
681:(1,1,1,1,1,1,17,8,10)
682:(1,1,0,2,1,1,17,10,11)
683:(1,1,1,1,1,1,17,9,9)
684:(1,1,2,0,1,1,17,8,10)
685:(1,1,0,2,1,1,17,10,10)
686:(1,0,1,1,2,1,16,9,10)
687:(1,1,1,0,1,2,16,9,10)
688:(1,1,1,1,1,1,16,8,10)
689:(1,1,0,2,1,1,16,10,11)
690:(1,1,1,1,1,1,16,9,9)
691:(1,1,2,0,1,1,16,8,10)
692:(1,1,0,2,1,1,16,10,10)
693:(1,0,1,1,2,1,15,9,10)
694:(1,1,1,0,1,2,15,9,10)
695:(1,1,1,1,1,1,15,8,10)
696:(1,1,0,2,1,1,15,10,10)
697:(1,0,1,1,2,1,14,9,10)
698:(1,1,1,0,1,2,14,9,10)
699:(1,1,1,1,1,1,14,8,10)
700:(1,1,0,2,1,1,14,10,10)
701:(1,1,1,1,1,1,13,8,10)
702:(1,1,0,2,1,1,13,10,10)
703:(1,1,1,1,1,1,12,8,10)
704:(1,1,0,2,1,1,12,10,10)
705:(1,1,1,1,1,1,11,8,10)
706:(1,1,0,2,1,1,11,10,10)
707:(1,1,1,1,1,1,10,8,10)
708:(1,1,0,2,1,1,10,10,10)
709:(1,2,1,1,0,1,15,9,10)
710:(1,1,1,2,1,0,15,9,10)
711:(1,2,1,1,0,1,14,9,10)
712:(1,1,1,2,1,0,14,9,10)
713:(1,2,1,1,0,1,13,9,10)
714:(1,1,1,2,1,0,13,9,10)
715:(1,2,1,1,0,1,12,9,10)
716:(1,1,1,2,1,0,12,9,10)
717:(1,2,1,1,0,1,11,9,10)
718:(1,1,1,2,1,0,11,9,10)
719:(1,1,1,1,1,1,8,9,10)
720:(1,1,1,1,1,1,9,8,10)
721:(1,1,0,2,1,1,9,10,11)
722:(1,1,1,1,1,1,9,9,9)
723:(1,1,2,0,1,1,9,8,10)
724:(1,1,0,2,1,1,9,10,10)
725:(1,0,1,1,2,1,8,9,10)
726:(1,2,1,1,0,1,10,9,10)
727:(1,1,1,0,1,2,8,9,10)
728:(1,1,1,2,1,0,10,9,10)
729:(1,1,1,1,1,1,7,9,10)
730:(1,1,1,1,1,1,8,8,10)
731:(1,1,0,2,1,1,8,10,11)
732:(1,1,1,1,1,1,8,9,9)
733:(1,1,2,0,1,1,8,8,10)
734:(1,1,0,2,1,1,8,10,10)
735:(1,0,1,1,2,1,7,9,10)
736:(1,2,1,1,0,1,9,9,10)
737:(1,1,1,0,1,2,7,9,10)
738:(1,1,1,2,1,0,9,9,10)
739:(1,1,1,1,1,1,18,8,10)
740:(1,1,1,1,1,1,19,8,10)
741:(1,1,1,1,1,1,13,7,10)
742:(1,1,0,2,1,1,13,9,11)
743:(1,1,1,1,1,1,13,8,9)
744:(1,1,2,0,1,1,13,7,10)
745:(1,1,0,2,1,1,13,9,10)
746:(1,0,1,1,2,1,12,8,10)
747:(1,1,1,0,1,2,12,8,10)
748:(1,1,1,1,1,1,12,7,10)
749:(1,1,0,2,1,1,12,9,11)
750:(1,1,1,1,1,1,12,8,9)
751:(1,1,2,0,1,1,12,7,10)
752:(1,1,0,2,1,1,12,9,10)
753:(1,0,1,1,2,1,11,8,10)
754:(1,1,1,0,1,2,11,8,10)
755:(1,1,1,1,1,1,11,7,10)
756:(1,1,0,2,1,1,11,9,11)
757:(1,1,1,1,1,1,11,8,9)
758:(1,1,2,0,1,1,11,7,10)
759:(1,1,0,2,1,1,11,9,10)
760:(1,0,1,1,2,1,10,8,10)
761:(1,1,1,0,1,2,10,8,10)
762:(1,1,1,1,1,1,10,7,10)
763:(1,1,0,2,1,1,10,9,11)
764:(1,1,1,1,1,1,10,8,9)
765:(1,1,2,0,1,1,10,7,10)
766:(1,1,0,2,1,1,10,9,10)
767:(1,0,1,1,2,1,9,8,10)
768:(1,1,1,0,1,2,9,8,10)
769:(1,1,0,2,1,1,18,10,11)
770:(1,1,0,2,1,1,19,10,11)
771:(1,1,1,1,1,1,13,9,11)
772:(1,0,0,2,2,1,12,10,11)
773:(1,1,0,1,1,2,12,10,11)
774:(1,1,1,1,1,1,12,9,11)
775:(1,0,0,2,2,1,11,10,11)
776:(1,1,0,1,1,2,11,10,11)
777:(1,1,1,1,1,1,11,9,11)
778:(1,0,0,2,2,1,10,10,11)
779:(1,1,0,1,1,2,10,10,11)
780:(1,1,1,1,1,1,10,9,11)
781:(1,0,0,2,2,1,9,10,11)
782:(1,1,0,1,1,2,9,10,11)
783:(1,1,1,1,1,1,9,9,11)
784:(1,1,1,1,1,1,18,9,9)
785:(1,1,1,1,1,1,19,9,9)
786:(1,1,1,1,1,1,13,9,8)
787:(1,1,2,0,1,1,13,8,9)
788:(1,1,0,2,1,1,13,10,9)
789:(1,0,1,1,2,1,12,9,9)
790:(1,1,1,0,1,2,12,9,9)
791:(1,1,1,1,1,1,12,9,8)
792:(1,1,2,0,1,1,12,8,9)
793:(1,1,0,2,1,1,12,10,9)
794:(1,0,1,1,2,1,11,9,9)
795:(1,1,1,0,1,2,11,9,9)
796:(1,1,1,1,1,1,11,9,8)
797:(1,1,2,0,1,1,11,8,9)
798:(1,1,0,2,1,1,11,10,9)
799:(1,0,1,1,2,1,10,9,9)
800:(1,1,1,0,1,2,10,9,9)
801:(1,1,1,1,1,1,10,9,8)
802:(1,1,2,0,1,1,10,8,9)
803:(1,1,0,2,1,1,10,10,9)
804:(1,0,1,1,2,1,9,9,9)
805:(1,1,1,0,1,2,9,9,9)
806:(1,1,1,1,1,1,9,9,8)
807:(1,1,2,0,1,1,9,8,9)
808:(1,1,0,2,1,1,9,10,9)
809:(1,1,1,0,1,2,8,9,9)
810:(1,1,2,0,1,1,18,8,10)
811:(1,1,2,0,1,1,19,8,10)
812:(1,0,2,0,2,1,12,8,10)
813:(1,0,2,0,2,1,11,8,10)
814:(1,0,2,0,2,1,10,8,10)
815:(1,0,2,0,2,1,9,8,10)
816:(1,1,0,2,1,1,18,10,10)
817:(1,1,0,2,1,1,19,10,10)
818:(1,0,0,2,2,1,12,10,10)
819:(1,1,0,1,1,2,12,10,10)
820:(1,0,0,2,2,1,11,10,10)
821:(1,1,0,1,1,2,11,10,10)
822:(1,0,0,2,2,1,10,10,10)
823:(1,1,0,1,1,2,10,10,10)
824:(1,0,0,2,2,1,9,10,10)
825:(1,1,0,1,1,2,9,10,10)
826:(1,1,0,1,1,2,8,10,10)
827:(1,0,1,1,2,1,17,9,10)
828:(1,0,1,1,2,1,18,9,10)
829:(1,0,1,0,2,2,11,9,10)
830:(1,0,1,2,2,0,13,9,10)
831:(1,0,1,0,2,2,10,9,10)
832:(1,0,1,2,2,0,12,9,10)
833:(1,0,1,0,2,2,9,9,10)
834:(1,0,1,2,2,0,11,9,10)
835:(1,0,1,0,2,2,8,9,10)
836:(1,0,1,2,2,0,10,9,10)
837:(1,2,1,1,0,1,16,9,10)
838:(1,2,1,1,0,1,17,9,10)
839:(1,2,1,1,0,1,18,9,10)
840:(1,2,1,1,0,1,19,9,10)
841:(1,2,1,1,0,1,20,9,10)
842:(1,2,1,0,0,2,14,9,10)
843:(1,2,1,0,0,2,13,9,10)
844:(1,2,1,0,0,2,12,9,10)
845:(1,2,1,0,0,2,11,9,10)
846:(1,2,1,0,0,2,10,9,10)
847:(1,1,1,0,1,2,17,9,10)
848:(1,1,1,0,1,2,18,9,10)
849:(1,1,1,2,1,0,16,9,10)
850:(1,1,1,2,1,0,17,9,10)
851:(1,1,1,2,1,0,18,9,10)
852:(1,1,1,2,1,0,19,9,10)
853:(1,1,1,2,1,0,20,9,10)
854:(1,0,1,2,2,0,14,9,10)
855:(1,1,1,1,1,1,20,8,10)
856:(1,1,1,1,1,1,16,7,10)
857:(1,1,0,2,1,1,16,9,11)
858:(1,1,1,1,1,1,16,8,9)
859:(1,1,2,0,1,1,16,7,10)
860:(1,1,0,2,1,1,16,9,10)
861:(1,0,1,1,2,1,15,8,10)
862:(1,1,1,0,1,2,15,8,10)
863:(1,1,1,1,1,1,15,7,10)
864:(1,1,0,2,1,1,15,9,11)
865:(1,1,1,1,1,1,15,8,9)
866:(1,1,2,0,1,1,15,7,10)
867:(1,1,0,2,1,1,15,9,10)
868:(1,0,1,1,2,1,14,8,10)
869:(1,1,1,0,1,2,14,8,10)
870:(1,1,1,1,1,1,14,7,10)
871:(1,1,0,2,1,1,14,9,11)
872:(1,1,1,1,1,1,14,8,9)
873:(1,1,2,0,1,1,14,7,10)
874:(1,1,0,2,1,1,14,9,10)
875:(1,0,1,1,2,1,13,8,10)
876:(1,1,1,0,1,2,13,8,10)
877:(1,1,1,1,1,1,17,7,10)
878:(1,1,1,1,1,1,18,7,10)
879:(1,1,1,1,1,1,19,7,10)
880:(1,1,1,1,1,1,20,7,10)
881:(1,1,0,2,1,1,17,9,11)
882:(1,1,0,2,1,1,18,9,11)
883:(1,1,0,2,1,1,19,9,11)
884:(1,1,0,2,1,1,20,9,11)
885:(1,1,1,1,1,1,15,8,11)
886:(1,1,1,1,1,1,14,8,11)
887:(1,1,1,1,1,1,13,8,11)
888:(1,1,1,1,1,1,12,8,11)
889:(1,1,1,1,1,1,11,8,11)
890:(1,1,1,1,1,1,10,8,11)
891:(1,1,1,1,1,1,17,8,9)
892:(1,1,1,1,1,1,18,8,9)
893:(1,1,1,1,1,1,19,8,9)
894:(1,1,1,1,1,1,20,8,9)
895:(1,1,1,1,1,1,15,8,8)
896:(1,1,2,0,1,1,15,7,9)
897:(1,1,1,0,1,2,14,8,9)
898:(1,1,1,1,1,1,14,8,8)
899:(1,1,2,0,1,1,14,7,9)
900:(1,1,1,0,1,2,13,8,9)
901:(1,1,1,1,1,1,13,8,8)
902:(1,1,2,0,1,1,13,7,9)
903:(1,1,1,0,1,2,12,8,9)
904:(1,1,1,1,1,1,12,8,8)
905:(1,1,2,0,1,1,12,7,9)
906:(1,1,1,0,1,2,11,8,9)
907:(1,1,1,1,1,1,11,8,8)
908:(1,1,2,0,1,1,11,7,9)
909:(1,1,1,0,1,2,10,8,9)
910:(1,1,1,1,1,1,10,8,8)
911:(1,1,2,0,1,1,10,7,9)
912:(1,1,1,0,1,2,9,8,9)
913:(1,1,2,0,1,1,17,7,10)
914:(1,1,2,0,1,1,18,7,10)
915:(1,1,2,0,1,1,19,7,10)
916:(1,1,2,0,1,1,20,7,10)
917:(1,1,0,2,1,1,17,9,10)
918:(1,1,0,2,1,1,18,9,10)
919:(1,1,0,2,1,1,19,9,10)
920:(1,1,0,2,1,1,20,9,10)
921:(1,0,1,1,2,1,16,8,10)
922:(1,0,1,1,2,1,17,8,10)
923:(1,0,1,1,2,1,18,8,10)
924:(1,1,1,0,1,2,16,8,10)
925:(1,1,1,0,1,2,17,8,10)
926:(1,1,1,0,1,2,18,8,10)
927:(1,1,0,2,1,1,20,10,11)
928:(1,1,1,1,1,1,16,9,11)
929:(1,0,0,2,2,1,15,10,11)
930:(1,1,0,1,1,2,15,10,11)
931:(1,1,1,1,1,1,15,9,11)
932:(1,0,0,2,2,1,14,10,11)
933:(1,1,0,1,1,2,14,10,11)
934:(1,1,1,1,1,1,14,9,11)
935:(1,0,0,2,2,1,13,10,11)
936:(1,1,0,1,1,2,13,10,11)
937:(1,1,0,2,1,1,20,10,10)
938:(1,1,0,2,1,1,15,10,9)
939:(1,0,0,2,2,1,14,10,10)
940:(1,1,0,1,1,2,14,10,10)
941:(1,1,0,2,1,1,14,10,9)
942:(1,0,0,2,2,1,13,10,10)
943:(1,1,0,1,1,2,13,10,10)
944:(1,1,1,1,1,1,17,9,11)
945:(1,1,1,1,1,1,18,9,11)
946:(1,1,1,1,1,1,19,9,11)
947:(1,1,1,1,1,1,20,9,11)
948:(1,1,0,2,1,1,15,10,12)
949:(1,1,2,0,1,1,15,8,11)
950:(1,0,1,1,2,1,14,9,11)
951:(1,1,1,0,1,2,14,9,11)
952:(1,1,0,2,1,1,14,10,12)
953:(1,1,2,0,1,1,14,8,11)
954:(1,0,1,1,2,1,13,9,11)
955:(1,1,1,0,1,2,13,9,11)
956:(1,1,0,2,1,1,13,10,12)
957:(1,1,2,0,1,1,13,8,11)
958:(1,0,1,1,2,1,12,9,11)
959:(1,1,1,0,1,2,12,9,11)
960:(1,1,0,2,1,1,12,10,12)
961:(1,1,2,0,1,1,12,8,11)
962:(1,0,1,1,2,1,11,9,11)
963:(1,1,1,0,1,2,11,9,11)
964:(1,1,0,2,1,1,11,10,12)
965:(1,1,2,0,1,1,11,8,11)
966:(1,0,1,1,2,1,10,9,11)
967:(1,1,1,0,1,2,10,9,11)
968:(1,1,0,2,1,1,10,10,12)
969:(1,1,2,0,1,1,10,8,11)
970:(1,0,1,1,2,1,9,9,11)
971:(1,1,1,0,1,2,9,9,11)
972:(1,0,0,2,2,1,16,10,11)
973:(1,0,0,2,2,1,17,10,11)
974:(1,0,0,2,2,1,18,10,11)
975:(1,1,0,1,1,2,16,10,11)
976:(1,1,0,1,1,2,17,10,11)
977:(1,1,0,1,1,2,18,10,11)
978:(1,1,1,1,1,1,20,9,9)
979:(1,1,1,1,1,1,16,9,8)
980:(1,1,2,0,1,1,16,8,9)
981:(1,1,0,2,1,1,16,10,9)
982:(1,0,1,1,2,1,15,9,9)
983:(1,1,1,0,1,2,15,9,9)
984:(1,1,1,1,1,1,15,9,8)
985:(1,1,2,0,1,1,15,8,9)
986:(1,0,1,1,2,1,14,9,9)
987:(1,1,1,0,1,2,14,9,9)
988:(1,1,1,1,1,1,14,9,8)
989:(1,1,2,0,1,1,14,8,9)
990:(1,0,1,1,2,1,13,9,9)
991:(1,1,1,0,1,2,13,9,9)
992:(1,1,1,1,1,1,17,9,8)
993:(1,1,1,1,1,1,18,9,8)
994:(1,1,1,1,1,1,19,9,8)
995:(1,1,1,1,1,1,20,9,8)
996:(1,1,1,1,1,1,15,9,7)
997:(1,1,2,0,1,1,15,8,8)
998:(1,1,0,2,1,1,15,10,8)
999:(1,0,1,1,2,1,14,9,8)
1000:(1,1,1,0,1,2,14,9,8)
1001:(1,1,1,1,1,1,14,9,7)
1002:(1,1,2,0,1,1,14,8,8)
1003:(1,1,0,2,1,1,14,10,8)
1004:(1,0,1,1,2,1,13,9,8)
1005:(1,1,1,0,1,2,13,9,8)
1006:(1,1,1,1,1,1,13,9,7)
1007:(1,1,2,0,1,1,13,8,8)
1008:(1,1,0,2,1,1,13,10,8)
1009:(1,0,1,1,2,1,12,9,8)
1010:(1,1,1,0,1,2,12,9,8)
1011:(1,1,1,1,1,1,12,9,7)
1012:(1,1,2,0,1,1,12,8,8)
1013:(1,1,0,2,1,1,12,10,8)
1014:(1,0,1,1,2,1,11,9,8)
1015:(1,1,1,0,1,2,11,9,8)
1016:(1,1,1,1,1,1,11,9,7)
1017:(1,1,2,0,1,1,11,8,8)
1018:(1,1,0,2,1,1,11,10,8)
1019:(1,0,1,1,2,1,10,9,8)
1020:(1,1,1,0,1,2,10,9,8)
1021:(1,1,1,1,1,1,10,9,7)
1022:(1,1,2,0,1,1,10,8,8)
1023:(1,1,0,2,1,1,10,10,8)
1024:(1,0,1,1,2,1,9,9,8)
1025:(1,1,1,0,1,2,9,9,8)
1026:(1,1,2,0,1,1,17,8,9)
1027:(1,1,2,0,1,1,18,8,9)
1028:(1,1,2,0,1,1,19,8,9)
1029:(1,1,2,0,1,1,20,8,9)
1030:(1,0,2,0,2,1,14,8,9)
1031:(1,0,2,0,2,1,13,8,9)
1032:(1,0,2,0,2,1,12,8,9)
1033:(1,0,2,0,2,1,11,8,9)
1034:(1,0,2,0,2,1,10,8,9)
1035:(1,0,2,0,2,1,9,8,9)
1036:(1,1,0,2,1,1,17,10,9)
1037:(1,1,0,2,1,1,18,10,9)
1038:(1,1,0,2,1,1,19,10,9)
1039:(1,1,0,2,1,1,20,10,9)
1040:(1,1,0,1,1,2,14,10,9)
1041:(1,1,0,1,1,2,13,10,9)
1042:(1,1,0,1,1,2,12,10,9)
1043:(1,1,0,1,1,2,11,10,9)
1044:(1,1,0,1,1,2,10,10,9)
1045:(1,1,0,1,1,2,9,10,9)
1046:(1,0,1,1,2,1,16,9,9)
1047:(1,0,1,1,2,1,17,9,9)
1048:(1,0,1,1,2,1,18,9,9)
1049:(1,0,1,0,2,2,12,9,9)
1050:(1,0,1,0,2,2,11,9,9)
1051:(1,0,1,0,2,2,10,9,9)
1052:(1,0,1,0,2,2,9,9,9)
1053:(1,0,1,0,2,2,8,9,9)
1054:(1,1,1,0,1,2,16,9,9)
1055:(1,1,1,0,1,2,17,9,9)
1056:(1,1,1,0,1,2,18,9,9)
1057:(1,2,1,0,0,2,14,9,9)
1058:(1,2,1,0,0,2,13,9,9)
1059:(1,2,1,0,0,2,12,9,9)
1060:(1,2,1,0,0,2,11,9,9)
1061:(1,2,1,0,0,2,10,9,9)
1062:(1,1,2,0,1,1,20,8,10)
1063:(1,0,2,0,2,1,15,8,10)
1064:(1,0,2,0,2,1,14,8,10)
1065:(1,0,2,0,2,1,13,8,10)
1066:(1,0,2,0,2,1,16,8,10)
1067:(1,0,2,0,2,1,17,8,10)
1068:(1,0,2,0,2,1,18,8,10)
1069:(1,0,1,1,2,1,19,9,10)
1070:(1,0,1,0,2,2,13,9,10)
1071:(1,0,1,2,2,0,15,9,10)
1072:(1,0,1,0,2,2,12,9,10)
1073:(1,0,1,1,2,1,20,9,10)
1074:(1,0,0,2,2,1,15,10,10)
1075:(1,0,1,0,2,2,14,9,10)
1076:(1,0,0,2,2,1,16,10,10)
1077:(1,0,0,2,2,1,17,10,10)
1078:(1,0,0,2,2,1,18,10,10)
1079:(1,0,1,0,2,2,15,9,10)
1080:(1,0,1,0,2,2,16,9,10)
1081:(1,0,1,0,2,2,17,9,10)
1082:(1,0,1,2,2,0,16,9,10)
1083:(1,0,1,2,2,0,17,9,10)
1084:(1,0,1,2,2,0,18,9,10)
1085:(1,0,1,2,2,0,19,9,10)
1086:(1,0,1,2,2,0,20,9,10)
1087:(1,1,1,0,1,2,19,9,10)
1088:(1,2,1,0,0,2,15,9,10)
1089:(1,1,1,0,1,2,20,9,10)
1090:(1,1,0,1,1,2,15,10,10)
1091:(1,1,0,1,1,2,16,10,10)
1092:(1,1,0,1,1,2,17,10,10)
1093:(1,1,0,1,1,2,18,10,10)
1094:(1,2,1,0,0,2,16,9,10)
1095:(1,2,1,0,0,2,17,9,10)
1096:(1,2,1,0,0,2,18,9,10)
1097:(1,2,1,0,0,2,19,9,10)
1098:(1,2,1,0,0,2,20,9,10)
1099:(1,2,1,0,0,2,15,9,9)
1100:(1,1,0,2,1,1,17,11,9)
1101:(1,0,0,2,2,1,16,11,10)
1102:(1,1,0,1,1,2,16,11,10)
1103:(1,1,0,2,1,1,16,11,9)
1104:(1,0,0,2,2,1,15,11,10)
1105:(1,1,0,1,1,2,15,11,10)
1106:(1,0,0,2,2,1,14,11,10)
1107:(1,1,0,1,1,2,14,11,10)
1108:(1,2,0,2,0,1,15,11,10)
1109:(1,1,0,3,1,0,15,11,10)
1110:(1,2,0,2,0,1,14,11,10)
1111:(1,1,0,3,1,0,14,11,10)
1112:(1,2,0,2,0,1,13,11,10)
1113:(1,1,0,3,1,0,13,11,10)
1114:(1,2,0,2,0,1,12,11,10)
1115:(1,1,0,3,1,0,12,11,10)
1116:(1,2,0,2,0,1,11,11,10)
1117:(1,1,0,3,1,0,11,11,10)
1118:(1,1,0,2,1,1,8,11,10)
1119:(1,1,0,2,1,1,9,11,9)
1120:(1,0,0,2,2,1,8,11,10)
1121:(1,2,0,2,0,1,10,11,10)
1122:(1,1,0,1,1,2,8,11,10)
1123:(1,1,0,3,1,0,10,11,10)
1124:(1,1,0,2,1,1,7,11,10)
1125:(1,1,0,2,1,1,8,11,9)
1126:(1,0,0,2,2,1,7,11,10)
1127:(1,2,0,2,0,1,9,11,10)
1128:(1,1,0,1,1,2,7,11,10)
1129:(1,1,0,3,1,0,9,11,10)
1130:(1,1,0,2,1,1,18,11,9)
1131:(1,1,0,2,1,1,19,11,9)
1132:(1,1,0,2,1,1,13,11,8)
1133:(1,0,0,2,2,1,12,11,9)
1134:(1,2,0,2,0,1,14,11,9)
1135:(1,1,0,1,1,2,12,11,9)
1136:(1,1,0,3,1,0,14,11,9)
1137:(1,1,0,2,1,1,12,11,8)
1138:(1,0,0,2,2,1,11,11,9)
1139:(1,2,0,2,0,1,13,11,9)
1140:(1,1,0,1,1,2,11,11,9)
1141:(1,1,0,3,1,0,13,11,9)
1142:(1,1,0,2,1,1,11,11,8)
1143:(1,0,0,2,2,1,10,11,9)
1144:(1,2,0,2,0,1,12,11,9)
1145:(1,1,0,1,1,2,10,11,9)
1146:(1,1,0,3,1,0,12,11,9)
1147:(1,1,0,2,1,1,10,11,8)
1148:(1,0,0,2,2,1,9,11,9)
1149:(1,2,0,2,0,1,11,11,9)
1150:(1,1,0,1,1,2,9,11,9)
1151:(1,1,0,3,1,0,11,11,9)
1152:(1,1,0,2,1,1,9,11,8)
1153:(1,0,0,2,2,1,8,11,9)
1154:(1,2,0,2,0,1,10,11,9)
1155:(1,1,0,1,1,2,8,11,9)
1156:(1,1,0,3,1,0,10,11,9)
1157:(1,0,0,2,2,1,17,11,10)
1158:(1,0,0,2,2,1,18,11,10)
1159:(1,0,0,1,2,2,11,11,10)
1160:(1,0,0,3,2,0,13,11,10)
1161:(1,0,0,1,2,2,10,11,10)
1162:(1,0,0,3,2,0,12,11,10)
1163:(1,0,0,1,2,2,9,11,10)
1164:(1,0,0,3,2,0,11,11,10)
1165:(1,0,0,1,2,2,8,11,10)
1166:(1,0,0,3,2,0,10,11,10)
1167:(1,0,0,1,2,2,7,11,10)
1168:(1,2,0,2,0,1,16,11,10)
1169:(1,2,0,2,0,1,17,11,10)
1170:(1,2,0,2,0,1,18,11,10)
1171:(1,2,0,2,0,1,19,11,10)
1172:(1,2,0,2,0,1,20,11,10)
1173:(1,2,0,2,0,1,15,11,9)
1174:(1,2,0,1,0,2,14,11,10)
1175:(1,2,0,1,0,2,13,11,10)
1176:(1,2,0,1,0,2,12,11,10)
1177:(1,2,0,1,0,2,11,11,10)
1178:(1,2,0,1,0,2,10,11,10)
1179:(1,2,0,1,0,2,9,11,10)
1180:(1,1,0,1,1,2,17,11,10)
1181:(1,1,0,1,1,2,18,11,10)
1182:(1,1,0,0,1,3,11,11,10)
1183:(1,1,0,0,1,3,10,11,10)
1184:(1,1,0,0,1,3,9,11,10)
1185:(1,1,0,0,1,3,8,11,10)
1186:(1,1,0,3,1,0,16,11,10)
1187:(1,1,0,3,1,0,17,11,10)
1188:(1,1,0,3,1,0,18,11,10)
1189:(1,1,0,3,1,0,19,11,10)
1190:(1,1,0,3,1,0,20,11,10)
1191:(1,1,0,3,1,0,15,11,9)
1192:(1,0,0,3,2,0,14,11,10)
1193:(1,1,0,2,1,1,20,11,9)
1194:(1,1,0,2,1,1,16,11,8)
1195:(1,0,0,2,2,1,15,11,9)
1196:(1,1,0,1,1,2,15,11,9)
1197:(1,1,0,2,1,1,15,11,8)
1198:(1,0,0,2,2,1,14,11,9)
1199:(1,1,0,1,1,2,14,11,9)
1200:(1,1,0,2,1,1,14,11,8)
1201:(1,0,0,2,2,1,13,11,9)
1202:(1,1,0,1,1,2,13,11,9)
1203:(1,1,0,2,1,1,17,11,8)
1204:(1,1,0,2,1,1,18,11,8)
1205:(1,1,0,2,1,1,19,11,8)
1206:(1,1,0,2,1,1,20,11,8)
1207:(1,1,0,2,1,1,15,11,7)
1208:(1,0,0,2,2,1,14,11,8)
1209:(1,1,0,1,1,2,14,11,8)
1210:(1,1,0,2,1,1,14,11,7)
1211:(1,0,0,2,2,1,13,11,8)
1212:(1,1,0,1,1,2,13,11,8)
1213:(1,1,0,2,1,1,13,11,7)
1214:(1,0,0,2,2,1,12,11,8)
1215:(1,1,0,1,1,2,12,11,8)
1216:(1,1,0,2,1,1,12,11,7)
1217:(1,0,0,2,2,1,11,11,8)
1218:(1,1,0,1,1,2,11,11,8)
1219:(1,1,0,2,1,1,11,11,7)
1220:(1,0,0,2,2,1,10,11,8)
1221:(1,1,0,1,1,2,10,11,8)
1222:(1,1,0,2,1,1,10,11,7)
1223:(1,0,0,2,2,1,9,11,8)
1224:(1,1,0,1,1,2,9,11,8)
1225:(1,0,0,2,2,1,16,11,9)
1226:(1,0,0,2,2,1,17,11,9)
1227:(1,0,0,2,2,1,18,11,9)
1228:(1,0,0,1,2,2,12,11,9)
1229:(1,0,0,1,2,2,11,11,9)
1230:(1,0,0,1,2,2,10,11,9)
1231:(1,0,0,1,2,2,9,11,9)
1232:(1,0,0,1,2,2,8,11,9)
1233:(1,1,0,1,1,2,16,11,9)
1234:(1,1,0,1,1,2,17,11,9)
1235:(1,1,0,1,1,2,18,11,9)
1236:(1,2,0,1,0,2,14,11,9)
1237:(1,2,0,1,0,2,13,11,9)
1238:(1,2,0,1,0,2,12,11,9)
1239:(1,2,0,1,0,2,11,11,9)
1240:(1,2,0,1,0,2,10,11,9)
1241:(1,0,0,2,2,1,19,11,10)
1242:(1,0,0,1,2,2,13,11,10)
1243:(1,0,0,3,2,0,15,11,10)
1244:(1,0,0,1,2,2,12,11,10)
1245:(1,0,0,2,2,1,20,11,10)
1246:(1,0,0,1,2,2,14,11,10)
1247:(1,0,0,1,2,2,15,11,10)
1248:(1,0,0,1,2,2,16,11,10)
1249:(1,0,0,1,2,2,17,11,10)
1250:(1,0,0,3,2,0,16,11,10)
1251:(1,0,0,3,2,0,17,11,10)
1252:(1,0,0,3,2,0,18,11,10)
1253:(1,0,0,3,2,0,19,11,10)
1254:(1,0,0,3,2,0,20,11,10)
1255:(1,1,0,1,1,2,19,11,10)
1256:(1,2,0,1,0,2,15,11,10)
1257:(1,1,0,0,1,3,13,11,10)
1258:(1,1,0,0,1,3,12,11,10)
1259:(1,1,0,1,1,2,20,11,10)
1260:(1,1,0,0,1,3,14,11,10)
1261:(1,2,0,1,0,2,16,11,10)
1262:(1,2,0,1,0,2,17,11,10)
1263:(1,2,0,1,0,2,18,11,10)
1264:(1,2,0,1,0,2,19,11,10)
1265:(1,2,0,1,0,2,20,11,10)
1266:(1,2,0,1,0,2,15,11,9)
1267:(1,1,0,0,1,3,15,11,10)
1268:(1,1,0,0,1,3,16,11,10)
1269:(1,1,0,0,1,3,17,11,10)
1270:(1,2,1,1,0,1,19,10,10)
1271:(1,2,1,1,0,1,20,10,10)
1272:(1,1,1,2,1,0,19,10,10)
1273:(1,1,1,2,1,0,20,10,10)
1274:(1,1,1,1,1,1,7,10,10)
1275:(1,1,0,2,1,1,8,11,11)
1276:(1,1,1,1,1,1,8,10,9)
1277:(1,1,2,0,1,1,8,9,10)
1278:(1,0,1,1,2,1,7,10,10)
1279:(1,2,1,1,0,1,9,10,10)
1280:(1,1,1,0,1,2,7,10,10)
1281:(1,1,1,2,1,0,9,10,10)
1282:(1,1,1,1,1,1,6,10,10)
1283:(1,1,0,2,1,1,7,11,11)
1284:(1,1,1,1,1,1,7,10,9)
1285:(1,1,2,0,1,1,7,9,10)
1286:(1,0,1,1,2,1,6,10,10)
1287:(1,2,1,1,0,1,8,10,10)
1288:(1,1,1,0,1,2,6,10,10)
1289:(1,1,1,2,1,0,8,10,10)
1290:(1,1,1,1,1,1,5,10,10)
1291:(1,1,1,1,1,1,6,11,10)
1292:(1,1,1,1,1,1,6,9,10)
1293:(1,1,0,2,1,1,6,11,11)
1294:(1,1,1,1,1,1,6,10,9)
1295:(1,1,2,0,1,1,6,9,10)
1296:(1,1,0,2,1,1,6,11,10)
1297:(1,0,1,1,2,1,5,10,10)
1298:(1,2,1,1,0,1,7,10,10)
1299:(1,1,1,0,1,2,5,10,10)
1300:(1,1,1,2,1,0,7,10,10)
1301:(1,1,1,1,1,1,7,12,10)
1302:(1,1,0,2,1,1,7,12,11)
1303:(1,1,1,1,1,1,7,11,9)
1304:(1,1,2,0,1,1,7,10,10)
1305:(1,1,0,2,1,1,7,12,10)
1306:(1,0,1,1,2,1,6,11,10)
1307:(1,2,1,1,0,1,8,11,10)
1308:(1,1,1,0,1,2,6,11,10)
1309:(1,1,1,2,1,0,8,11,10)
1310:(1,1,1,1,1,1,7,8,10)
1311:(1,1,0,2,1,1,7,10,11)
1312:(1,1,1,1,1,1,7,9,9)
1313:(1,1,2,0,1,1,7,8,10)
1314:(1,1,0,2,1,1,7,10,10)
1315:(1,0,1,1,2,1,6,9,10)
1316:(1,2,1,1,0,1,8,9,10)
1317:(1,1,1,0,1,2,6,9,10)
1318:(1,1,1,2,1,0,8,9,10)
1319:(1,2,0,2,0,1,11,11,11)
1320:(1,1,0,3,1,0,11,11,11)
1321:(1,1,1,1,1,1,9,10,11)
1322:(1,0,0,2,2,1,8,11,11)
1323:(1,2,0,2,0,1,10,11,11)
1324:(1,1,0,1,1,2,8,11,11)
1325:(1,1,0,3,1,0,10,11,11)
1326:(1,1,1,1,1,1,8,10,11)
1327:(1,0,0,2,2,1,7,11,11)
1328:(1,2,0,2,0,1,9,11,11)
1329:(1,1,0,1,1,2,7,11,11)
1330:(1,1,0,3,1,0,9,11,11)
1331:(1,1,1,1,1,1,7,10,11)
1332:(1,0,0,2,2,1,6,11,11)
1333:(1,2,0,2,0,1,8,11,11)
1334:(1,1,0,1,1,2,6,11,11)
1335:(1,1,0,3,1,0,8,11,11)
1336:(1,2,1,1,0,1,11,10,9)
1337:(1,1,1,2,1,0,11,10,9)
1338:(1,1,1,1,1,1,9,10,8)
1339:(1,1,2,0,1,1,9,9,9)
1340:(1,0,1,1,2,1,8,10,9)
1341:(1,2,1,1,0,1,10,10,9)
1342:(1,1,1,0,1,2,8,10,9)
1343:(1,1,1,2,1,0,10,10,9)
1344:(1,1,1,1,1,1,8,10,8)
1345:(1,1,2,0,1,1,8,9,9)
1346:(1,0,1,1,2,1,7,10,9)
1347:(1,2,1,1,0,1,9,10,9)
1348:(1,1,1,0,1,2,7,10,9)
1349:(1,1,1,2,1,0,9,10,9)
1350:(1,1,1,1,1,1,7,10,8)
1351:(1,1,2,0,1,1,7,9,9)
1352:(1,1,0,2,1,1,7,11,9)
1353:(1,0,1,1,2,1,6,10,9)
1354:(1,2,1,1,0,1,8,10,9)
1355:(1,1,1,0,1,2,6,10,9)
1356:(1,1,1,2,1,0,8,10,9)
1357:(1,2,2,0,0,1,11,9,10)
1358:(1,1,2,1,1,0,11,9,10)
1359:(1,0,2,0,2,1,8,9,10)
1360:(1,2,2,0,0,1,10,9,10)
1361:(1,1,2,1,1,0,10,9,10)
1362:(1,0,2,0,2,1,7,9,10)
1363:(1,2,2,0,0,1,9,9,10)
1364:(1,1,2,1,1,0,9,9,10)
1365:(1,0,2,0,2,1,6,9,10)
1366:(1,2,2,0,0,1,8,9,10)
1367:(1,1,2,1,1,0,8,9,10)
1368:(1,0,0,2,2,1,6,11,10)
1369:(1,2,0,2,0,1,8,11,10)
1370:(1,1,0,1,1,2,6,11,10)
1371:(1,1,0,3,1,0,8,11,10)
1372:(1,0,1,0,2,2,7,10,10)
1373:(1,0,1,2,2,0,9,10,10)
1374:(1,0,1,0,2,2,6,10,10)
1375:(1,0,1,2,2,0,8,10,10)
1376:(1,0,1,0,2,2,5,10,10)
1377:(1,0,1,2,2,0,7,10,10)
1378:(1,2,1,2,0,0,12,10,10)
1379:(1,2,1,0,0,2,9,10,10)
1380:(1,2,1,2,0,0,11,10,10)
1381:(1,2,1,0,0,2,8,10,10)
1382:(1,2,1,2,0,0,10,10,10)
1383:(1,2,1,0,0,2,7,10,10)
1384:(1,2,1,2,0,0,9,10,10)
1385:(1,1,1,1,1,1,8,11,11)
1386:(1,1,1,1,1,1,8,11,8)
1387:(1,1,2,0,1,1,8,10,9)
1388:(1,1,1,0,1,2,7,11,9)
1389:(1,1,1,1,1,1,8,9,11)
1390:(1,1,1,1,1,1,8,9,8)
1391:(1,1,2,0,1,1,8,8,9)
1392:(1,1,1,0,1,2,7,9,9)
1393:(1,2,0,2,0,1,13,11,11)
1394:(1,1,0,3,1,0,13,11,11)
1395:(1,2,0,2,0,1,12,11,11)
1396:(1,1,0,3,1,0,12,11,11)
1397:(1,1,1,1,1,1,16,10,11)
1398:(1,1,1,1,1,1,17,10,11)
1399:(1,1,0,2,1,1,11,11,12)
1400:(1,1,2,0,1,1,11,9,11)
1401:(1,0,1,1,2,1,10,10,11)
1402:(1,2,1,1,0,1,12,10,11)
1403:(1,1,1,0,1,2,10,10,11)
1404:(1,1,1,2,1,0,12,10,11)
1405:(1,1,0,2,1,1,10,11,12)
1406:(1,1,2,0,1,1,10,9,11)
1407:(1,0,1,1,2,1,9,10,11)
1408:(1,2,1,1,0,1,11,10,11)
1409:(1,1,1,0,1,2,9,10,11)
1410:(1,1,1,2,1,0,11,10,11)
1411:(1,1,0,2,1,1,9,11,12)
1412:(1,1,2,0,1,1,9,9,11)
1413:(1,0,1,1,2,1,8,10,11)
1414:(1,2,1,1,0,1,10,10,11)
1415:(1,1,1,0,1,2,8,10,11)
1416:(1,1,1,2,1,0,10,10,11)
1417:(1,1,0,2,1,1,8,11,12)
1418:(1,1,2,0,1,1,8,9,11)
1419:(1,0,1,1,2,1,7,10,11)
1420:(1,2,1,1,0,1,9,10,11)
1421:(1,1,1,0,1,2,7,10,11)
1422:(1,1,1,2,1,0,9,10,11)
1423:(1,0,0,2,2,1,15,11,11)
1424:(1,0,0,2,2,1,16,11,11)
1425:(1,2,0,2,0,1,14,11,11)
1426:(1,2,0,2,0,1,15,11,11)
1427:(1,2,0,2,0,1,16,11,11)
1428:(1,2,0,2,0,1,17,11,11)
1429:(1,2,0,2,0,1,18,11,11)
1430:(1,1,0,1,1,2,15,11,11)
1431:(1,1,0,1,1,2,16,11,11)
1432:(1,1,0,3,1,0,14,11,11)
1433:(1,1,0,3,1,0,15,11,11)
1434:(1,1,0,3,1,0,16,11,11)
1435:(1,1,0,3,1,0,17,11,11)
1436:(1,1,0,3,1,0,18,11,11)
1437:(1,2,1,1,0,1,13,10,9)
1438:(1,1,1,2,1,0,13,10,9)
1439:(1,2,1,1,0,1,12,10,9)
1440:(1,1,1,2,1,0,12,10,9)
1441:(1,1,1,1,1,1,16,10,8)
1442:(1,1,1,1,1,1,17,10,8)
1443:(1,1,1,1,1,1,11,10,7)
1444:(1,1,2,0,1,1,11,9,8)
1445:(1,0,1,1,2,1,10,10,8)
1446:(1,2,1,1,0,1,12,10,8)
1447:(1,1,1,0,1,2,10,10,8)
1448:(1,1,1,2,1,0,12,10,8)
1449:(1,1,1,1,1,1,10,10,7)
1450:(1,1,2,0,1,1,10,9,8)
1451:(1,0,1,1,2,1,9,10,8)
1452:(1,2,1,1,0,1,11,10,8)
1453:(1,1,1,0,1,2,9,10,8)
1454:(1,1,1,2,1,0,11,10,8)
1455:(1,1,1,1,1,1,9,10,7)
1456:(1,1,2,0,1,1,9,9,8)
1457:(1,0,1,1,2,1,8,10,8)
1458:(1,2,1,1,0,1,10,10,8)
1459:(1,1,1,0,1,2,8,10,8)
1460:(1,1,1,2,1,0,10,10,8)
1461:(1,1,1,1,1,1,8,10,7)
1462:(1,1,2,0,1,1,8,9,8)
1463:(1,1,0,2,1,1,8,11,8)
1464:(1,0,1,1,2,1,7,10,8)
1465:(1,2,1,1,0,1,9,10,8)
1466:(1,1,1,0,1,2,7,10,8)
1467:(1,1,1,2,1,0,9,10,8)
1468:(1,1,2,0,1,1,16,9,9)
1469:(1,1,2,0,1,1,17,9,9)
1470:(1,0,2,0,2,1,10,9,9)
1471:(1,2,2,0,0,1,12,9,9)
1472:(1,1,2,1,1,0,12,9,9)
1473:(1,0,2,0,2,1,9,9,9)
1474:(1,2,2,0,0,1,11,9,9)
1475:(1,1,2,1,1,0,11,9,9)
1476:(1,0,2,0,2,1,8,9,9)
1477:(1,2,2,0,0,1,10,9,9)
1478:(1,1,2,1,1,0,10,9,9)
1479:(1,0,2,0,2,1,7,9,9)
1480:(1,2,2,0,0,1,9,9,9)
1481:(1,1,2,1,1,0,9,9,9)
1482:(1,1,0,1,1,2,7,11,9)
1483:(1,0,1,1,2,1,15,10,9)
1484:(1,0,1,1,2,1,16,10,9)
1485:(1,0,1,0,2,2,9,10,9)
1486:(1,0,1,0,2,2,8,10,9)
1487:(1,0,1,0,2,2,7,10,9)
1488:(1,0,1,0,2,2,6,10,9)
1489:(1,2,1,1,0,1,14,10,9)
1490:(1,2,1,1,0,1,15,10,9)
1491:(1,2,1,1,0,1,16,10,9)
1492:(1,2,1,1,0,1,17,10,9)
1493:(1,2,1,1,0,1,18,10,9)
1494:(1,2,1,0,0,2,11,10,9)
1495:(1,2,1,0,0,2,10,10,9)
1496:(1,2,1,0,0,2,9,10,9)
1497:(1,2,1,0,0,2,8,10,9)
1498:(1,1,1,0,1,2,15,10,9)
1499:(1,1,1,0,1,2,16,10,9)
1500:(1,1,1,2,1,0,14,10,9)
1501:(1,1,1,2,1,0,15,10,9)
1502:(1,1,1,2,1,0,16,10,9)
1503:(1,1,1,2,1,0,17,10,9)
1504:(1,1,1,2,1,0,18,10,9)
1505:(1,2,2,0,0,1,13,9,10)
1506:(1,1,2,1,1,0,13,9,10)
1507:(1,2,2,0,0,1,12,9,10)
1508:(1,1,2,1,1,0,12,9,10)
1509:(1,0,2,0,2,1,15,9,10)
1510:(1,2,2,0,0,1,14,9,10)
1511:(1,2,2,0,0,1,15,9,10)
1512:(1,2,2,0,0,1,16,9,10)
1513:(1,2,2,0,0,1,17,9,10)
1514:(1,1,2,1,1,0,14,9,10)
1515:(1,1,2,1,1,0,15,9,10)
1516:(1,1,2,1,1,0,16,9,10)
1517:(1,1,2,1,1,0,17,9,10)
1518:(1,0,1,0,2,2,13,10,10)
1519:(1,0,1,0,2,2,14,10,10)
1520:(1,0,1,2,2,0,16,10,10)
1521:(1,2,1,2,0,0,14,10,10)
1522:(1,2,1,2,0,0,13,10,10)
1523:(1,2,1,0,0,2,16,10,10)
1524:(1,2,1,2,0,0,15,10,10)
1525:(1,2,1,2,0,0,16,10,10)
1526:(1,2,1,2,0,0,17,10,10)
1527:(1,2,1,2,0,0,18,10,10)
1528:(1,1,1,1,1,1,18,10,11)
1529:(1,1,1,1,1,1,19,10,11)
1530:(1,1,0,2,1,1,15,11,12)
1531:(1,1,2,0,1,1,15,9,11)
1532:(1,0,1,1,2,1,14,10,11)
1533:(1,2,1,1,0,1,16,10,11)
1534:(1,1,1,0,1,2,14,10,11)
1535:(1,1,1,2,1,0,16,10,11)
1536:(1,1,0,2,1,1,14,11,12)
1537:(1,1,2,0,1,1,14,9,11)
1538:(1,0,1,1,2,1,13,10,11)
1539:(1,2,1,1,0,1,15,10,11)
1540:(1,1,1,0,1,2,13,10,11)
1541:(1,1,1,2,1,0,15,10,11)
1542:(1,1,0,2,1,1,13,11,12)
1543:(1,1,2,0,1,1,13,9,11)
1544:(1,0,1,1,2,1,12,10,11)
1545:(1,2,1,1,0,1,14,10,11)
1546:(1,1,1,0,1,2,12,10,11)
1547:(1,1,1,2,1,0,14,10,11)
1548:(1,1,0,2,1,1,12,11,12)
1549:(1,1,2,0,1,1,12,9,11)
1550:(1,0,1,1,2,1,11,10,11)
1551:(1,2,1,1,0,1,13,10,11)
1552:(1,1,1,0,1,2,11,10,11)
1553:(1,1,1,2,1,0,13,10,11)
1554:(1,1,1,1,1,1,20,10,11)
1555:(1,1,0,2,1,1,16,11,12)
1556:(1,1,2,0,1,1,16,9,11)
1557:(1,0,1,1,2,1,15,10,11)
1558:(1,1,1,0,1,2,15,10,11)
1559:(1,1,0,2,1,1,17,11,12)
1560:(1,1,0,2,1,1,18,11,12)
1561:(1,1,0,2,1,1,19,11,12)
1562:(1,1,0,2,1,1,20,11,12)
1563:(1,1,1,1,1,1,15,10,12)
1564:(1,0,0,2,2,1,14,11,12)
1565:(1,1,0,1,1,2,14,11,12)
1566:(1,1,1,1,1,1,14,10,12)
1567:(1,0,0,2,2,1,13,11,12)
1568:(1,1,0,1,1,2,13,11,12)
1569:(1,1,1,1,1,1,13,10,12)
1570:(1,0,0,2,2,1,12,11,12)
1571:(1,1,0,1,1,2,12,11,12)
1572:(1,1,1,1,1,1,12,10,12)
1573:(1,0,0,2,2,1,11,11,12)
1574:(1,1,0,1,1,2,11,11,12)
1575:(1,1,1,1,1,1,11,10,12)
1576:(1,0,0,2,2,1,10,11,12)
1577:(1,1,0,1,1,2,10,11,12)
1578:(1,1,1,1,1,1,10,10,12)
1579:(1,0,0,2,2,1,9,11,12)
1580:(1,1,0,1,1,2,9,11,12)
1581:(1,1,2,0,1,1,17,9,11)
1582:(1,1,2,0,1,1,18,9,11)
1583:(1,1,2,0,1,1,19,9,11)
1584:(1,1,2,0,1,1,20,9,11)
1585:(1,0,2,0,2,1,14,9,11)
1586:(1,0,2,0,2,1,13,9,11)
1587:(1,0,2,0,2,1,12,9,11)
1588:(1,0,2,0,2,1,11,9,11)
1589:(1,0,2,0,2,1,10,9,11)
1590:(1,0,2,0,2,1,9,9,11)
1591:(1,0,1,1,2,1,16,10,11)
1592:(1,0,1,1,2,1,17,10,11)
1593:(1,0,1,1,2,1,18,10,11)
1594:(1,0,1,0,2,2,12,10,11)
1595:(1,0,1,2,2,0,14,10,11)
1596:(1,0,1,0,2,2,11,10,11)
1597:(1,0,1,2,2,0,13,10,11)
1598:(1,0,1,0,2,2,10,10,11)
1599:(1,0,1,2,2,0,12,10,11)
1600:(1,0,1,0,2,2,9,10,11)
1601:(1,0,1,2,2,0,11,10,11)
1602:(1,0,1,0,2,2,8,10,11)
1603:(1,0,1,2,2,0,10,10,11)
1604:(1,1,1,0,1,2,16,10,11)
1605:(1,1,1,0,1,2,17,10,11)
1606:(1,1,1,0,1,2,18,10,11)
1607:(1,2,1,0,0,2,14,10,11)
1608:(1,2,1,0,0,2,13,10,11)
1609:(1,2,1,0,0,2,12,10,11)
1610:(1,2,1,0,0,2,11,10,11)
1611:(1,2,1,0,0,2,10,10,11)
1612:(1,2,1,1,0,1,13,11,11)
1613:(1,1,1,2,1,0,13,11,11)
1614:(1,2,1,1,0,1,12,11,11)
1615:(1,1,1,2,1,0,12,11,11)
1616:(1,2,1,1,0,1,11,11,11)
1617:(1,1,1,2,1,0,11,11,11)
1618:(1,1,1,1,1,1,9,12,11)
1619:(1,1,0,2,1,1,9,12,12)
1620:(1,1,2,0,1,1,9,10,11)
1621:(1,0,1,1,2,1,8,11,11)
1622:(1,2,1,1,0,1,10,11,11)
1623:(1,1,1,0,1,2,8,11,11)
1624:(1,1,1,2,1,0,10,11,11)
1625:(1,2,1,1,0,1,13,9,11)
1626:(1,1,1,2,1,0,13,9,11)
1627:(1,2,1,1,0,1,12,9,11)
1628:(1,1,1,2,1,0,12,9,11)
1629:(1,2,1,1,0,1,11,9,11)
1630:(1,1,1,2,1,0,11,9,11)
1631:(1,1,1,1,1,1,9,8,11)
1632:(1,1,0,2,1,1,9,10,12)
1633:(1,1,2,0,1,1,9,8,11)
1634:(1,0,1,1,2,1,8,9,11)
1635:(1,2,1,1,0,1,10,9,11)
1636:(1,1,1,0,1,2,8,9,11)
1637:(1,1,1,2,1,0,10,9,11)
1638:(1,2,0,2,0,1,13,11,12)
1639:(1,1,0,3,1,0,13,11,12)
1640:(1,2,0,2,0,1,12,11,12)
1641:(1,1,0,3,1,0,12,11,12)
1642:(1,2,0,2,0,1,11,11,12)
1643:(1,1,0,3,1,0,11,11,12)
1644:(1,1,1,1,1,1,9,10,12)
1645:(1,0,0,2,2,1,8,11,12)
1646:(1,2,0,2,0,1,10,11,12)
1647:(1,1,0,1,1,2,8,11,12)
1648:(1,1,0,3,1,0,10,11,12)
1649:(1,2,2,0,0,1,13,9,11)
1650:(1,1,2,1,1,0,13,9,11)
1651:(1,2,2,0,0,1,12,9,11)
1652:(1,1,2,1,1,0,12,9,11)
1653:(1,2,2,0,0,1,11,9,11)
1654:(1,1,2,1,1,0,11,9,11)
1655:(1,0,2,0,2,1,8,9,11)
1656:(1,2,2,0,0,1,10,9,11)
1657:(1,1,2,1,1,0,10,9,11)
1658:(1,0,1,0,2,2,7,10,11)
1659:(1,0,1,2,2,0,9,10,11)
1660:(1,2,1,1,0,1,17,10,11)
1661:(1,2,1,1,0,1,18,10,11)
1662:(1,2,1,1,0,1,19,10,11)
1663:(1,2,1,0,0,2,9,10,11)
1664:(1,1,1,2,1,0,17,10,11)
1665:(1,1,1,2,1,0,18,10,11)
1666:(1,1,1,2,1,0,19,10,11)
1667:(1,2,1,1,0,1,15,11,11)
1668:(1,1,1,2,1,0,15,11,11)
1669:(1,2,1,1,0,1,14,11,11)
1670:(1,1,1,2,1,0,14,11,11)
1671:(1,1,1,1,1,1,16,12,11)
1672:(1,1,1,1,1,1,17,12,11)
1673:(1,1,1,1,1,1,18,12,11)
1674:(1,1,0,2,1,1,16,12,12)
1675:(1,1,0,2,1,1,17,12,12)
1676:(1,1,0,2,1,1,18,12,12)
1677:(1,1,2,0,1,1,16,10,11)
1678:(1,1,2,0,1,1,17,10,11)
1679:(1,1,2,0,1,1,18,10,11)
1680:(1,0,1,1,2,1,15,11,11)
1681:(1,0,1,1,2,1,16,11,11)
1682:(1,0,1,1,2,1,17,11,11)
1683:(1,2,1,1,0,1,16,11,11)
1684:(1,2,1,1,0,1,17,11,11)
1685:(1,2,1,1,0,1,18,11,11)
1686:(1,2,1,1,0,1,19,11,11)
1687:(1,2,1,1,0,1,20,11,11)
1688:(1,1,1,0,1,2,15,11,11)
1689:(1,1,1,0,1,2,16,11,11)
1690:(1,1,1,0,1,2,17,11,11)
1691:(1,1,1,2,1,0,16,11,11)
1692:(1,1,1,2,1,0,17,11,11)
1693:(1,1,1,2,1,0,18,11,11)
1694:(1,1,1,2,1,0,19,11,11)
1695:(1,1,1,2,1,0,20,11,11)
1696:(1,2,1,1,0,1,15,9,11)
1697:(1,1,1,2,1,0,15,9,11)
1698:(1,2,1,1,0,1,14,9,11)
1699:(1,1,1,2,1,0,14,9,11)
1700:(1,1,1,1,1,1,16,8,11)
1701:(1,1,1,1,1,1,17,8,11)
1702:(1,1,1,1,1,1,18,8,11)
1703:(1,1,0,2,1,1,16,10,12)
1704:(1,1,0,2,1,1,17,10,12)
1705:(1,1,0,2,1,1,18,10,12)
1706:(1,1,2,0,1,1,16,8,11)
1707:(1,1,2,0,1,1,17,8,11)
1708:(1,1,2,0,1,1,18,8,11)
1709:(1,0,1,1,2,1,15,9,11)
1710:(1,0,1,1,2,1,16,9,11)
1711:(1,0,1,1,2,1,17,9,11)
1712:(1,2,1,1,0,1,16,9,11)
1713:(1,2,1,1,0,1,17,9,11)
1714:(1,2,1,1,0,1,18,9,11)
1715:(1,2,1,1,0,1,19,9,11)
1716:(1,2,1,1,0,1,20,9,11)
1717:(1,1,1,0,1,2,15,9,11)
1718:(1,1,1,0,1,2,16,9,11)
1719:(1,1,1,0,1,2,17,9,11)
1720:(1,1,1,2,1,0,16,9,11)
1721:(1,1,1,2,1,0,17,9,11)
1722:(1,1,1,2,1,0,18,9,11)
1723:(1,1,1,2,1,0,19,9,11)
1724:(1,1,1,2,1,0,20,9,11)
1725:(1,2,0,2,0,1,15,11,12)
1726:(1,1,0,3,1,0,15,11,12)
1727:(1,2,0,2,0,1,14,11,12)
1728:(1,1,0,3,1,0,14,11,12)
1729:(1,1,1,1,1,1,16,10,12)
1730:(1,1,1,1,1,1,17,10,12)
1731:(1,1,1,1,1,1,18,10,12)
1732:(1,0,0,2,2,1,15,11,12)
1733:(1,0,0,2,2,1,16,11,12)
1734:(1,0,0,2,2,1,17,11,12)
1735:(1,2,0,2,0,1,16,11,12)
1736:(1,2,0,2,0,1,17,11,12)
1737:(1,2,0,2,0,1,18,11,12)
1738:(1,2,0,2,0,1,19,11,12)
1739:(1,2,0,2,0,1,20,11,12)
1740:(1,1,0,1,1,2,15,11,12)
1741:(1,1,0,1,1,2,16,11,12)
1742:(1,1,0,1,1,2,17,11,12)
1743:(1,1,0,3,1,0,16,11,12)
1744:(1,1,0,3,1,0,17,11,12)
1745:(1,1,0,3,1,0,18,11,12)
1746:(1,1,0,3,1,0,19,11,12)
1747:(1,1,0,3,1,0,20,11,12)
1748:(1,2,2,0,0,1,15,9,11)
1749:(1,1,2,1,1,0,15,9,11)
1750:(1,2,2,0,0,1,14,9,11)
1751:(1,1,2,1,1,0,14,9,11)
1752:(1,0,2,0,2,1,15,9,11)
1753:(1,0,2,0,2,1,16,9,11)
1754:(1,0,2,0,2,1,17,9,11)
1755:(1,2,2,0,0,1,16,9,11)
1756:(1,2,2,0,0,1,17,9,11)
1757:(1,2,2,0,0,1,18,9,11)
1758:(1,2,2,0,0,1,19,9,11)
1759:(1,2,2,0,0,1,20,9,11)
1760:(1,1,2,1,1,0,16,9,11)
1761:(1,1,2,1,1,0,17,9,11)
1762:(1,1,2,1,1,0,18,9,11)
1763:(1,1,2,1,1,0,19,9,11)
1764:(1,1,2,1,1,0,20,9,11)
1765:(1,0,0,2,2,1,17,11,11)
1766:(1,0,1,0,2,2,13,10,11)
1767:(1,0,1,0,2,2,14,10,11)
1768:(1,0,1,0,2,2,15,10,11)
1769:(1,0,1,0,2,2,16,10,11)
1770:(1,0,1,2,2,0,15,10,11)
1771:(1,0,1,2,2,0,16,10,11)
1772:(1,0,1,2,2,0,17,10,11)
1773:(1,0,1,2,2,0,18,10,11)
1774:(1,2,1,1,0,1,20,10,11)
1775:(1,2,1,0,0,2,15,10,11)
1776:(1,2,0,2,0,1,19,11,11)
1777:(1,2,0,2,0,1,20,11,11)
1778:(1,2,1,0,0,2,16,10,11)
1779:(1,2,1,0,0,2,17,10,11)
1780:(1,2,1,0,0,2,18,10,11)
1781:(1,1,0,1,1,2,17,11,11)
1782:(1,1,1,2,1,0,20,10,11)
1783:(1,1,0,3,1,0,19,11,11)
1784:(1,1,0,3,1,0,20,11,11)
1785:(1,1,1,1,1,1,18,10,8)
1786:(1,1,1,1,1,1,19,10,8)
1787:(1,1,1,1,1,1,15,10,7)
1788:(1,1,2,0,1,1,15,9,8)
1789:(1,0,1,1,2,1,14,10,8)
1790:(1,2,1,1,0,1,16,10,8)
1791:(1,1,1,0,1,2,14,10,8)
1792:(1,1,1,2,1,0,16,10,8)
1793:(1,1,1,1,1,1,14,10,7)
1794:(1,1,2,0,1,1,14,9,8)
1795:(1,0,1,1,2,1,13,10,8)
1796:(1,2,1,1,0,1,15,10,8)
1797:(1,1,1,0,1,2,13,10,8)
1798:(1,1,1,2,1,0,15,10,8)
1799:(1,1,1,1,1,1,13,10,7)
1800:(1,1,2,0,1,1,13,9,8)
1801:(1,0,1,1,2,1,12,10,8)
1802:(1,2,1,1,0,1,14,10,8)
1803:(1,1,1,0,1,2,12,10,8)
1804:(1,1,1,2,1,0,14,10,8)
1805:(1,1,1,1,1,1,12,10,7)
1806:(1,1,2,0,1,1,12,9,8)
1807:(1,0,1,1,2,1,11,10,8)
1808:(1,2,1,1,0,1,13,10,8)
1809:(1,1,1,0,1,2,11,10,8)
1810:(1,1,1,2,1,0,13,10,8)
1811:(1,1,1,1,1,1,20,10,8)
1812:(1,1,1,1,1,1,16,10,7)
1813:(1,1,2,0,1,1,16,9,8)
1814:(1,0,1,1,2,1,15,10,8)
1815:(1,1,1,0,1,2,15,10,8)
1816:(1,1,1,1,1,1,17,10,7)
1817:(1,1,1,1,1,1,18,10,7)
1818:(1,1,1,1,1,1,19,10,7)
1819:(1,1,1,1,1,1,20,10,7)
1820:(1,1,1,1,1,1,15,10,6)
1821:(1,1,2,0,1,1,15,9,7)
1822:(1,0,1,1,2,1,14,10,7)
1823:(1,1,1,0,1,2,14,10,7)
1824:(1,1,1,1,1,1,14,10,6)
1825:(1,1,2,0,1,1,14,9,7)
1826:(1,0,1,1,2,1,13,10,7)
1827:(1,1,1,0,1,2,13,10,7)
1828:(1,1,1,1,1,1,13,10,6)
1829:(1,1,2,0,1,1,13,9,7)
1830:(1,0,1,1,2,1,12,10,7)
1831:(1,1,1,0,1,2,12,10,7)
1832:(1,1,1,1,1,1,12,10,6)
1833:(1,1,2,0,1,1,12,9,7)
1834:(1,0,1,1,2,1,11,10,7)
1835:(1,1,1,0,1,2,11,10,7)
1836:(1,1,1,1,1,1,11,10,6)
1837:(1,1,2,0,1,1,11,9,7)
1838:(1,0,1,1,2,1,10,10,7)
1839:(1,1,1,0,1,2,10,10,7)
1840:(1,1,1,1,1,1,10,10,6)
1841:(1,1,2,0,1,1,10,9,7)
1842:(1,0,1,1,2,1,9,10,7)
1843:(1,1,1,0,1,2,9,10,7)
1844:(1,1,2,0,1,1,17,9,8)
1845:(1,1,2,0,1,1,18,9,8)
1846:(1,1,2,0,1,1,19,9,8)
1847:(1,1,2,0,1,1,20,9,8)
1848:(1,0,2,0,2,1,14,9,8)
1849:(1,0,2,0,2,1,13,9,8)
1850:(1,0,2,0,2,1,12,9,8)
1851:(1,0,2,0,2,1,11,9,8)
1852:(1,0,2,0,2,1,10,9,8)
1853:(1,0,2,0,2,1,9,9,8)
1854:(1,0,1,1,2,1,16,10,8)
1855:(1,0,1,1,2,1,17,10,8)
1856:(1,0,1,1,2,1,18,10,8)
1857:(1,0,1,0,2,2,12,10,8)
1858:(1,0,1,2,2,0,14,10,8)
1859:(1,0,1,0,2,2,11,10,8)
1860:(1,0,1,2,2,0,13,10,8)
1861:(1,0,1,0,2,2,10,10,8)
1862:(1,0,1,2,2,0,12,10,8)
1863:(1,0,1,0,2,2,9,10,8)
1864:(1,0,1,2,2,0,11,10,8)
1865:(1,0,1,0,2,2,8,10,8)
1866:(1,0,1,2,2,0,10,10,8)
1867:(1,1,1,0,1,2,16,10,8)
1868:(1,1,1,0,1,2,17,10,8)
1869:(1,1,1,0,1,2,18,10,8)
1870:(1,2,1,0,0,2,14,10,8)
1871:(1,2,1,0,0,2,13,10,8)
1872:(1,2,1,0,0,2,12,10,8)
1873:(1,2,1,0,0,2,11,10,8)
1874:(1,2,1,0,0,2,10,10,8)
1875:(1,2,1,1,0,1,13,11,8)
1876:(1,1,1,2,1,0,13,11,8)
1877:(1,2,1,1,0,1,12,11,8)
1878:(1,1,1,2,1,0,12,11,8)
1879:(1,2,1,1,0,1,11,11,8)
1880:(1,1,1,2,1,0,11,11,8)
1881:(1,1,1,1,1,1,9,12,8)
1882:(1,1,1,1,1,1,9,11,7)
1883:(1,1,2,0,1,1,9,10,8)
1884:(1,1,0,2,1,1,9,12,8)
1885:(1,0,1,1,2,1,8,11,8)
1886:(1,2,1,1,0,1,10,11,8)
1887:(1,1,1,0,1,2,8,11,8)
1888:(1,1,1,2,1,0,10,11,8)
1889:(1,2,1,1,0,1,13,9,8)
1890:(1,1,1,2,1,0,13,9,8)
1891:(1,2,1,1,0,1,12,9,8)
1892:(1,1,1,2,1,0,12,9,8)
1893:(1,2,1,1,0,1,11,9,8)
1894:(1,1,1,2,1,0,11,9,8)
1895:(1,1,1,1,1,1,9,8,8)
1896:(1,1,1,1,1,1,9,9,7)
1897:(1,1,2,0,1,1,9,8,8)
1898:(1,1,0,2,1,1,9,10,8)
1899:(1,0,1,1,2,1,8,9,8)
1900:(1,2,1,1,0,1,10,9,8)
1901:(1,1,1,0,1,2,8,9,8)
1902:(1,1,1,2,1,0,10,9,8)
1903:(1,2,1,1,0,1,13,10,7)
1904:(1,1,1,2,1,0,13,10,7)
1905:(1,2,1,1,0,1,12,10,7)
1906:(1,1,1,2,1,0,12,10,7)
1907:(1,2,1,1,0,1,11,10,7)
1908:(1,1,1,2,1,0,11,10,7)
1909:(1,1,1,1,1,1,9,10,6)
1910:(1,1,2,0,1,1,9,9,7)
1911:(1,1,0,2,1,1,9,11,7)
1912:(1,0,1,1,2,1,8,10,7)
1913:(1,2,1,1,0,1,10,10,7)
1914:(1,1,1,0,1,2,8,10,7)
1915:(1,1,1,2,1,0,10,10,7)
1916:(1,2,2,0,0,1,13,9,8)
1917:(1,1,2,1,1,0,13,9,8)
1918:(1,2,2,0,0,1,12,9,8)
1919:(1,1,2,1,1,0,12,9,8)
1920:(1,2,2,0,0,1,11,9,8)
1921:(1,1,2,1,1,0,11,9,8)
1922:(1,0,2,0,2,1,8,9,8)
1923:(1,2,2,0,0,1,10,9,8)
1924:(1,1,2,1,1,0,10,9,8)
1925:(1,2,0,2,0,1,13,11,8)
1926:(1,1,0,3,1,0,13,11,8)
1927:(1,2,0,2,0,1,12,11,8)
1928:(1,1,0,3,1,0,12,11,8)
1929:(1,2,0,2,0,1,11,11,8)
1930:(1,1,0,3,1,0,11,11,8)
1931:(1,0,0,2,2,1,8,11,8)
1932:(1,2,0,2,0,1,10,11,8)
1933:(1,1,0,1,1,2,8,11,8)
1934:(1,1,0,3,1,0,10,11,8)
1935:(1,0,1,0,2,2,7,10,8)
1936:(1,0,1,2,2,0,9,10,8)
1937:(1,2,1,1,0,1,17,10,8)
1938:(1,2,1,1,0,1,18,10,8)
1939:(1,2,1,1,0,1,19,10,8)
1940:(1,2,1,0,0,2,9,10,8)
1941:(1,1,1,2,1,0,17,10,8)
1942:(1,1,1,2,1,0,18,10,8)
1943:(1,1,1,2,1,0,19,10,8)
1944:(1,2,1,1,0,1,15,11,8)
1945:(1,1,1,2,1,0,15,11,8)
1946:(1,2,1,1,0,1,14,11,8)
1947:(1,1,1,2,1,0,14,11,8)
1948:(1,1,1,1,1,1,16,12,8)
1949:(1,1,1,1,1,1,17,12,8)
1950:(1,1,1,1,1,1,18,12,8)
1951:(1,1,0,1,1,2,8,12,9)
1952:(1,1,1,1,1,1,16,11,7)
1953:(1,1,1,1,1,1,17,11,7)
1954:(1,1,1,1,1,1,18,11,7)
1955:(1,1,2,0,1,1,16,10,8)
1956:(1,1,2,0,1,1,17,10,8)
1957:(1,1,2,0,1,1,18,10,8)
1958:(1,1,0,2,1,1,16,12,8)
1959:(1,1,0,2,1,1,17,12,8)
1960:(1,1,0,2,1,1,18,12,8)
1961:(1,0,1,1,2,1,15,11,8)
1962:(1,0,1,1,2,1,16,11,8)
1963:(1,0,1,1,2,1,17,11,8)
1964:(1,2,1,1,0,1,16,11,8)
1965:(1,2,1,1,0,1,17,11,8)
1966:(1,2,1,1,0,1,18,11,8)
1967:(1,2,1,1,0,1,19,11,8)
1968:(1,2,1,1,0,1,20,11,8)
1969:(1,1,1,0,1,2,15,11,8)
1970:(1,1,1,0,1,2,16,11,8)
1971:(1,1,1,0,1,2,17,11,8)
1972:(1,1,1,2,1,0,16,11,8)
1973:(1,1,1,2,1,0,17,11,8)
1974:(1,1,1,2,1,0,18,11,8)
1975:(1,1,1,2,1,0,19,11,8)
1976:(1,1,1,2,1,0,20,11,8)
1977:(1,2,1,1,0,1,15,9,8)
1978:(1,1,1,2,1,0,15,9,8)
1979:(1,2,1,1,0,1,14,9,8)
1980:(1,1,1,2,1,0,14,9,8)
1981:(1,1,1,1,1,1,16,8,8)
1982:(1,1,1,1,1,1,17,8,8)
1983:(1,1,1,1,1,1,18,8,8)
1984:(1,1,0,1,1,2,8,10,9)
1985:(1,1,1,1,1,1,16,9,7)
1986:(1,1,1,1,1,1,17,9,7)
1987:(1,1,1,1,1,1,18,9,7)
1988:(1,1,2,0,1,1,16,8,8)
1989:(1,1,2,0,1,1,17,8,8)
1990:(1,1,2,0,1,1,18,8,8)
1991:(1,1,0,2,1,1,16,10,8)
1992:(1,1,0,2,1,1,17,10,8)
1993:(1,1,0,2,1,1,18,10,8)
1994:(1,0,1,1,2,1,15,9,8)
1995:(1,0,1,1,2,1,16,9,8)
1996:(1,0,1,1,2,1,17,9,8)
1997:(1,2,1,1,0,1,16,9,8)
1998:(1,2,1,1,0,1,17,9,8)
1999:(1,2,1,1,0,1,18,9,8)
2000:(1,2,1,1,0,1,19,9,8)
2001:(1,2,1,1,0,1,20,9,8)
2002:(1,1,1,0,1,2,15,9,8)
2003:(1,1,1,0,1,2,16,9,8)
2004:(1,1,1,0,1,2,17,9,8)
2005:(1,1,1,2,1,0,16,9,8)
2006:(1,1,1,2,1,0,17,9,8)
2007:(1,1,1,2,1,0,18,9,8)
2008:(1,1,1,2,1,0,19,9,8)
2009:(1,1,1,2,1,0,20,9,8)
2010:(1,2,1,1,0,1,15,10,7)
2011:(1,1,1,2,1,0,15,10,7)
2012:(1,2,1,1,0,1,14,10,7)
2013:(1,1,1,2,1,0,14,10,7)
2014:(1,2,0,2,0,1,14,11,8)
2015:(1,1,0,3,1,0,14,11,8)
2016:(1,1,1,1,1,1,16,10,6)
2017:(1,1,1,1,1,1,17,10,6)
2018:(1,1,1,1,1,1,18,10,6)
2019:(1,1,2,0,1,1,16,9,7)
2020:(1,1,2,0,1,1,17,9,7)
2021:(1,1,2,0,1,1,18,9,7)
2022:(1,1,0,2,1,1,16,11,7)
2023:(1,1,0,2,1,1,17,11,7)
2024:(1,1,0,2,1,1,18,11,7)
2025:(1,0,1,1,2,1,15,10,7)
2026:(1,0,1,1,2,1,16,10,7)
2027:(1,0,1,1,2,1,17,10,7)
2028:(1,2,1,1,0,1,16,10,7)
2029:(1,2,1,1,0,1,17,10,7)
2030:(1,2,1,1,0,1,18,10,7)
2031:(1,2,1,1,0,1,19,10,7)
2032:(1,2,1,1,0,1,20,10,7)
2033:(1,2,0,2,0,1,15,11,8)
2034:(1,1,1,0,1,2,15,10,7)
2035:(1,1,1,0,1,2,16,10,7)
2036:(1,1,1,0,1,2,17,10,7)
2037:(1,1,1,2,1,0,16,10,7)
2038:(1,1,1,2,1,0,17,10,7)
2039:(1,1,1,2,1,0,18,10,7)
2040:(1,1,1,2,1,0,19,10,7)
2041:(1,1,1,2,1,0,20,10,7)
2042:(1,1,0,3,1,0,15,11,8)
2043:(1,2,2,0,0,1,15,9,8)
2044:(1,1,2,1,1,0,15,9,8)
2045:(1,2,2,0,0,1,14,9,8)
2046:(1,1,2,1,1,0,14,9,8)
2047:(1,0,2,0,2,1,15,9,8)
2048:(1,0,2,0,2,1,16,9,8)
2049:(1,0,2,0,2,1,17,9,8)
2050:(1,2,2,0,0,1,16,9,8)
2051:(1,2,2,0,0,1,17,9,8)
2052:(1,2,2,0,0,1,18,9,8)
2053:(1,2,2,0,0,1,19,9,8)
2054:(1,2,2,0,0,1,20,9,8)
2055:(1,1,2,1,1,0,16,9,8)
2056:(1,1,2,1,1,0,17,9,8)
2057:(1,1,2,1,1,0,18,9,8)
2058:(1,1,2,1,1,0,19,9,8)
2059:(1,1,2,1,1,0,20,9,8)
2060:(1,0,0,1,2,2,7,11,9)
2061:(1,0,0,2,2,1,15,11,8)
2062:(1,0,0,2,2,1,16,11,8)
2063:(1,0,0,2,2,1,17,11,8)
2064:(1,0,1,0,2,2,13,10,8)
2065:(1,0,1,0,2,2,14,10,8)
2066:(1,0,1,0,2,2,15,10,8)
2067:(1,0,1,0,2,2,16,10,8)
2068:(1,0,1,2,2,0,15,10,8)
2069:(1,0,1,2,2,0,16,10,8)
2070:(1,0,1,2,2,0,17,10,8)
2071:(1,0,1,2,2,0,18,10,8)
2072:(1,2,1,1,0,1,20,10,8)
2073:(1,2,0,2,0,1,16,11,9)
2074:(1,2,0,2,0,1,16,11,8)
2075:(1,2,1,0,0,2,15,10,8)
2076:(1,2,0,2,0,1,17,11,9)
2077:(1,2,0,2,0,1,18,11,9)
2078:(1,2,0,2,0,1,19,11,9)
2079:(1,2,0,2,0,1,20,11,9)
2080:(1,2,0,1,0,2,9,11,9)
2081:(1,2,0,2,0,1,17,11,8)
2082:(1,2,0,2,0,1,18,11,8)
2083:(1,2,0,2,0,1,19,11,8)
2084:(1,2,0,2,0,1,20,11,8)
2085:(1,2,1,0,0,2,16,10,8)
2086:(1,2,1,0,0,2,17,10,8)
2087:(1,2,1,0,0,2,18,10,8)
2088:(1,1,0,1,1,2,15,11,8)
2089:(1,1,0,1,1,2,16,11,8)
2090:(1,1,0,1,1,2,17,11,8)
2091:(1,1,1,2,1,0,20,10,8)
2092:(1,1,0,3,1,0,16,11,9)
2093:(1,1,0,3,1,0,16,11,8)
2094:(1,1,0,3,1,0,17,11,9)
2095:(1,1,0,3,1,0,18,11,9)
2096:(1,1,0,3,1,0,19,11,9)
2097:(1,1,0,3,1,0,20,11,9)
2098:(1,1,0,3,1,0,17,11,8)
2099:(1,1,0,3,1,0,18,11,8)
2100:(1,1,0,3,1,0,19,11,8)
2101:(1,1,0,3,1,0,20,11,8)
2102:(1,1,2,0,1,1,18,9,9)
2103:(1,1,2,0,1,1,19,9,9)
2104:(1,0,2,0,2,1,14,9,9)
2105:(1,2,2,0,0,1,16,9,9)
2106:(1,1,2,1,1,0,16,9,9)
2107:(1,0,2,0,2,1,13,9,9)
2108:(1,2,2,0,0,1,15,9,9)
2109:(1,1,2,1,1,0,15,9,9)
2110:(1,0,2,0,2,1,12,9,9)
2111:(1,2,2,0,0,1,14,9,9)
2112:(1,1,2,1,1,0,14,9,9)
2113:(1,0,2,0,2,1,11,9,9)
2114:(1,2,2,0,0,1,13,9,9)
2115:(1,1,2,1,1,0,13,9,9)
2116:(1,1,2,0,1,1,20,9,9)
2117:(1,0,2,0,2,1,15,9,9)
2118:(1,0,2,0,2,1,16,9,9)
2119:(1,0,2,0,2,1,17,9,9)
2120:(1,0,2,0,2,1,18,9,9)
2121:(1,0,2,1,2,0,14,9,9)
2122:(1,0,2,1,2,0,13,9,9)
2123:(1,0,2,1,2,0,12,9,9)
2124:(1,0,2,1,2,0,11,9,9)
2125:(1,0,2,1,2,0,10,9,9)
2126:(1,2,2,0,0,1,13,10,9)
2127:(1,1,2,1,1,0,13,10,9)
2128:(1,2,2,0,0,1,12,10,9)
2129:(1,1,2,1,1,0,12,10,9)
2130:(1,2,2,0,0,1,11,10,9)
2131:(1,1,2,1,1,0,11,10,9)
2132:(1,1,2,0,1,1,9,11,9)
2133:(1,0,2,0,2,1,8,10,9)
2134:(1,2,2,0,0,1,10,10,9)
2135:(1,1,2,1,1,0,10,10,9)
2136:(1,2,2,0,0,1,13,8,9)
2137:(1,1,2,1,1,0,13,8,9)
2138:(1,2,2,0,0,1,12,8,9)
2139:(1,1,2,1,1,0,12,8,9)
2140:(1,2,2,0,0,1,11,8,9)
2141:(1,1,2,1,1,0,11,8,9)
2142:(1,1,2,0,1,1,9,7,9)
2143:(1,0,2,0,2,1,8,8,9)
2144:(1,2,2,0,0,1,10,8,9)
2145:(1,1,2,1,1,0,10,8,9)
2146:(1,0,2,1,2,0,9,9,9)
2147:(1,2,2,0,0,1,17,9,9)
2148:(1,2,2,0,0,1,18,9,9)
2149:(1,2,2,0,0,1,19,9,9)
2150:(1,1,2,1,1,0,17,9,9)
2151:(1,1,2,1,1,0,18,9,9)
2152:(1,1,2,1,1,0,19,9,9)
2153:(1,1,3,0,1,0,13,8,9)
2154:(1,1,3,0,1,0,12,8,9)
2155:(1,1,3,0,1,0,11,8,9)
2156:(1,1,3,0,1,0,10,8,9)
2157:(1,2,2,0,0,1,15,10,9)
2158:(1,1,2,1,1,0,15,10,9)
2159:(1,2,2,0,0,1,14,10,9)
2160:(1,1,2,1,1,0,14,10,9)
2161:(1,1,2,0,1,1,16,11,9)
2162:(1,1,2,0,1,1,17,11,9)
2163:(1,1,2,0,1,1,18,11,9)
2164:(1,0,2,0,2,1,15,10,9)
2165:(1,0,2,0,2,1,16,10,9)
2166:(1,0,2,0,2,1,17,10,9)
2167:(1,2,2,0,0,1,16,10,9)
2168:(1,2,2,0,0,1,17,10,9)
2169:(1,2,2,0,0,1,18,10,9)
2170:(1,2,2,0,0,1,19,10,9)
2171:(1,2,2,0,0,1,20,10,9)
2172:(1,1,2,1,1,0,16,10,9)
2173:(1,1,2,1,1,0,17,10,9)
2174:(1,1,2,1,1,0,18,10,9)
2175:(1,1,2,1,1,0,19,10,9)
2176:(1,1,2,1,1,0,20,10,9)
2177:(1,2,2,0,0,1,15,8,9)
2178:(1,1,2,1,1,0,15,8,9)
2179:(1,2,2,0,0,1,14,8,9)
2180:(1,1,2,1,1,0,14,8,9)
2181:(1,1,2,0,1,1,16,7,9)
2182:(1,1,2,0,1,1,17,7,9)
2183:(1,1,2,0,1,1,18,7,9)
2184:(1,0,2,0,2,1,15,8,9)
2185:(1,0,2,0,2,1,16,8,9)
2186:(1,0,2,0,2,1,17,8,9)
2187:(1,2,2,0,0,1,16,8,9)
2188:(1,2,2,0,0,1,17,8,9)
2189:(1,2,2,0,0,1,18,8,9)
2190:(1,2,2,0,0,1,19,8,9)
2191:(1,2,2,0,0,1,20,8,9)
2192:(1,1,2,1,1,0,16,8,9)
2193:(1,1,2,1,1,0,17,8,9)
2194:(1,1,2,1,1,0,18,8,9)
2195:(1,1,2,1,1,0,19,8,9)
2196:(1,1,2,1,1,0,20,8,9)
2197:(1,0,1,1,2,1,17,10,9)
2198:(1,0,1,0,2,2,11,10,9)
2199:(1,0,1,0,2,2,10,10,9)
2200:(1,0,2,1,2,0,15,9,9)
2201:(1,0,2,1,2,0,16,9,9)
2202:(1,0,2,1,2,0,17,9,9)
2203:(1,0,2,1,2,0,18,9,9)
2204:(1,2,2,0,0,1,20,9,9)
2205:(1,2,1,1,0,1,19,10,9)
2206:(1,2,1,1,0,1,20,10,9)
2207:(1,2,1,0,0,2,14,10,9)
2208:(1,2,1,0,0,2,13,10,9)
2209:(1,2,1,0,0,2,12,10,9)
2210:(1,1,2,1,1,0,20,9,9)
2211:(1,1,3,0,1,0,16,8,9)
2212:(1,1,3,0,1,0,15,8,9)
2213:(1,1,3,0,1,0,14,8,9)
2214:(1,1,3,0,1,0,17,8,9)
2215:(1,1,3,0,1,0,18,8,9)
2216:(1,1,3,0,1,0,19,8,9)
2217:(1,1,3,0,1,0,20,8,9)
2218:(1,1,1,2,1,0,19,10,9)
2219:(1,1,1,2,1,0,20,10,9)
2220:(1,1,1,0,1,2,17,10,9)
2221:(1,1,1,0,1,2,18,10,9)
2222:(1,0,1,0,2,2,13,10,9)
2223:(1,2,1,0,0,2,15,10,9)
2224:(1,0,1,0,2,2,12,10,9)
2225:(1,1,1,0,1,2,19,10,9)
2226:(1,1,1,0,1,2,20,10,9)
2227:(1,0,1,0,2,2,14,10,9)
2228:(1,0,1,0,2,2,15,10,9)
2229:(1,0,1,0,2,2,16,10,9)
2230:(1,0,1,0,2,2,17,10,9)
2231:(1,2,1,0,0,2,16,10,9)
2232:(1,2,1,0,0,2,17,10,9)
2233:(1,2,1,0,0,2,18,10,9)
2234:(1,2,1,0,0,2,19,10,9)
2235:(1,2,1,0,0,2,20,10,9)
2236:(1,1,1,0,1,2,8,12,9)
2237:(1,0,1,0,2,2,7,11,9)
2238:(1,2,1,0,0,2,9,11,9)
2239:(1,1,1,0,1,2,8,8,9)
2240:(1,0,1,0,2,2,7,9,9)
2241:(1,2,1,0,0,2,9,9,9)
2242:(1,1,1,0,1,2,15,12,9)
2243:(1,1,1,0,1,2,16,12,9)
2244:(1,1,1,0,1,2,17,12,9)
2245:(1,1,0,1,1,2,15,12,9)
2246:(1,1,0,1,1,2,16,12,9)
2247:(1,1,0,1,1,2,17,12,9)
2248:(1,0,1,0,2,2,13,11,9)
2249:(1,0,1,0,2,2,14,11,9)
2250:(1,0,1,0,2,2,15,11,9)
2251:(1,0,1,0,2,2,16,11,9)
2252:(1,2,1,0,0,2,16,11,9)
2253:(1,2,1,0,0,2,17,11,9)
2254:(1,2,1,0,0,2,18,11,9)
2255:(1,1,1,0,1,2,15,8,9)
2256:(1,1,1,0,1,2,16,8,9)
2257:(1,1,1,0,1,2,17,8,9)
2258:(1,1,0,1,1,2,15,10,9)
2259:(1,1,0,1,1,2,16,10,9)
2260:(1,1,0,1,1,2,17,10,9)
2261:(1,0,1,0,2,2,13,9,9)
2262:(1,0,1,0,2,2,14,9,9)
2263:(1,0,1,0,2,2,15,9,9)
2264:(1,0,1,0,2,2,16,9,9)
2265:(1,2,1,0,0,2,16,9,9)
2266:(1,2,1,0,0,2,17,9,9)
2267:(1,2,1,0,0,2,18,9,9)
2268:(1,0,0,1,2,2,13,11,9)
2269:(1,0,0,1,2,2,14,11,9)
2270:(1,0,0,1,2,2,15,11,9)
2271:(1,0,0,1,2,2,16,11,9)
2272:(1,2,0,1,0,2,16,11,9)
2273:(1,2,0,1,0,2,17,11,9)
2274:(1,2,0,1,0,2,18,11,9)
2275:(-1,-1,-1,-1,-1,-1,-1,-1,-1)