(R_,L,RL,G_,G_a,G_bg,G_d)
0:(50,2,0,50,0,0,0)
1:(50,2,1,50,0,0,0)
2:(50,2,2,50,0,0,0)
3:(50,2,3,50,0,0,0)
4:(50,2,4,50,0,0,0)
5:(50,2,5,50,0,0,0)
6:(50,2,6,50,0,0,0)
7:(50,2,7,50,0,0,0)
8:(50,2,8,50,0,0,0)
9:(50,2,9,50,0,0,0)
10:(50,2,10,50,0,0,0)
11:(50,2,11,50,0,0,0)
12:(50,2,12,50,0,0,0)
13:(50,2,13,50,0,0,0)
14:(50,2,14,50,0,0,0)
15:(50,2,15,50,0,0,0)
16:(50,2,16,50,0,0,0)
17:(50,2,17,50,0,0,0)
18:(50,2,18,50,0,0,0)
19:(50,2,19,50,0,0,0)
20:(50,2,20,50,0,0,0)
21:(50,2,21,50,0,0,0)
22:(50,2,22,50,0,0,0)
23:(50,2,23,50,0,0,0)
24:(50,2,24,50,0,0,0)
25:(50,2,23,49,1,1,0)
26:(50,2,22,48,2,2,0)
27:(50,2,23,48,2,2,0)
28:(50,2,22,47,3,3,0)
29:(50,2,23,47,3,3,0)
30:(50,2,24,47,3,3,0)
31:(50,2,23,46,4,4,0)
32:(50,2,22,45,5,5,0)
33:(50,2,23,45,5,5,0)
34:(50,2,22,44,6,6,0)
35:(50,2,21,43,7,7,0)
36:(50,2,20,42,8,8,0)
37:(50,2,19,41,9,9,0)
38:(50,2,20,41,9,9,0)
39:(50,2,21,41,9,9,0)
40:(50,2,20,40,10,10,0)
41:(50,2,21,40,10,10,0)
42:(50,2,20,39,11,11,0)
43:(50,2,19,38,12,12,0)
44:(50,2,18,37,13,13,0)
45:(50,2,17,36,14,14,0)
46:(50,2,18,36,14,14,0)
47:(50,2,19,36,14,14,0)
48:(50,2,18,35,15,15,0)
49:(50,2,17,34,16,16,0)
50:(50,2,16,33,17,17,0)
51:(50,2,15,32,18,18,0)
52:(50,2,14,31,19,19,0)
53:(50,2,15,31,19,19,0)
54:(50,2,14,30,20,20,0)
55:(50,2,15,30,20,20,0)
56:(50,2,14,29,21,21,0)
57:(50,2,13,28,22,22,0)
58:(50,2,12,27,23,23,0)
59:(50,2,13,27,23,23,0)
60:(50,2,12,26,24,24,0)
61:(50,2,13,26,24,24,0)
62:(50,2,12,25,25,25,0)
63:(50,2,13,25,25,25,0)
64:(50,2,12,24,26,26,0)
65:(50,2,11,23,27,27,0)
66:(50,2,12,23,27,27,0)
67:(50,2,13,23,27,27,0)
68:(50,2,12,22,28,28,0)
69:(50,2,13,22,28,28,0)
70:(50,2,12,21,29,29,0)
71:(50,2,11,20,30,30,0)
72:(50,2,12,20,30,30,0)
73:(50,2,11,19,31,31,0)
74:(50,2,12,19,31,31,0)
75:(50,2,11,18,32,32,0)
76:(50,2,10,17,33,33,0)
77:(50,2,9,16,34,34,0)
78:(50,2,8,15,35,35,0)
79:(50,2,7,14,36,36,0)
80:(50,2,8,14,36,36,0)
81:(50,2,7,13,37,37,0)
82:(50,2,6,12,38,38,0)
83:(50,2,5,11,39,39,0)
84:(50,2,6,11,39,39,0)
85:(50,2,5,10,40,40,0)
86:(49,2,6,10,40,40,0)
87:(48,2,7,10,40,40,0)
88:(48,2,6,9,41,41,0)
89:(48,2,5,8,42,42,0)
90:(48,2,6,8,42,42,0)
91:(48,2,5,7,43,43,0)
92:(48,2,4,6,44,44,0)
93:(48,2,3,5,45,45,0)
94:(47,2,4,5,45,45,0)
95:(47,2,3,4,46,46,0)
96:(47,2,2,3,47,47,0)
97:(47,2,1,2,48,48,0)
98:(47,2,0,1,49,49,0)
99:(46,2,1,1,49,49,0)
100:(46,2,0,0,50,50,0)
101:(47,2,0,0,50,50,0)
102:(46,2,0,0,50,50,0)
103:(45,2,1,0,50,50,0)
104:(45,2,2,0,50,50,0)
105:(47,2,1,1,49,49,0)
106:(45,2,2,1,49,49,0)
107:(45,2,3,1,49,49,0)
108:(48,2,0,1,49,49,0)
109:(47,2,0,1,49,49,0)
110:(46,2,2,1,49,49,0)
111:(48,2,1,2,48,48,0)
112:(47,2,1,2,48,48,0)
113:(46,2,2,2,48,48,0)
114:(46,2,3,2,48,48,0)
115:(48,2,2,3,47,47,0)
116:(47,2,2,3,47,47,0)
117:(46,2,3,3,47,47,0)
118:(46,2,4,3,47,47,0)
119:(48,2,3,4,46,46,0)
120:(47,2,3,4,46,46,0)
121:(46,2,4,4,46,46,0)
122:(46,2,5,4,46,46,0)
123:(48,2,4,5,45,45,0)
124:(46,2,5,5,45,45,0)
125:(46,2,6,5,45,45,0)
126:(49,2,3,5,45,45,0)
127:(48,2,3,5,45,45,0)
128:(47,2,5,5,45,45,0)
129:(49,2,4,6,44,44,0)
130:(48,2,4,6,44,44,0)
131:(47,2,5,6,44,44,0)
132:(47,2,6,6,44,44,0)
133:(49,2,5,7,43,43,0)
134:(48,2,5,7,43,43,0)
135:(47,2,6,7,43,43,0)
136:(47,2,7,7,43,43,0)
137:(49,2,6,8,42,42,0)
138:(48,2,6,8,42,42,0)
139:(47,2,7,8,42,42,0)
140:(47,2,8,8,42,42,0)
141:(49,2,5,8,42,42,0)
142:(48,2,5,8,42,42,0)
143:(47,2,6,8,42,42,0)
144:(47,2,7,8,42,42,0)
145:(49,2,6,9,41,41,0)
146:(48,2,6,9,41,41,0)
147:(47,2,7,9,41,41,0)
148:(47,2,8,9,41,41,0)
149:(49,2,7,10,40,40,0)
150:(47,2,8,10,40,40,0)
151:(47,2,9,10,40,40,0)
152:(50,2,6,10,40,40,0)
153:(48,2,8,10,40,40,0)
154:(51,2,5,10,40,40,0)
155:(50,2,5,10,40,40,0)
156:(49,2,7,10,40,40,0)
157:(51,2,6,11,39,39,0)
158:(50,2,6,11,39,39,0)
159:(49,2,7,11,39,39,0)
160:(49,2,8,11,39,39,0)
161:(51,2,5,11,39,39,0)
162:(50,2,5,11,39,39,0)
163:(49,2,6,11,39,39,0)
164:(49,2,7,11,39,39,0)
165:(51,2,6,12,38,38,0)
166:(50,2,6,12,38,38,0)
167:(49,2,7,12,38,38,0)
168:(49,2,8,12,38,38,0)
169:(51,2,7,13,37,37,0)
170:(50,2,7,13,37,37,0)
171:(49,2,8,13,37,37,0)
172:(49,2,9,13,37,37,0)
173:(51,2,8,14,36,36,0)
174:(50,2,8,14,36,36,0)
175:(49,2,9,14,36,36,0)
176:(49,2,10,14,36,36,0)
177:(51,2,7,14,36,36,0)
178:(50,2,7,14,36,36,0)
179:(49,2,8,14,36,36,0)
180:(49,2,9,14,36,36,0)
181:(51,2,8,15,35,35,0)
182:(50,2,8,15,35,35,0)
183:(49,2,9,15,35,35,0)
184:(49,2,10,15,35,35,0)
185:(51,2,9,16,34,34,0)
186:(50,2,9,16,34,34,0)
187:(49,2,10,16,34,34,0)
188:(49,2,11,16,34,34,0)
189:(51,2,10,17,33,33,0)
190:(50,2,10,17,33,33,0)
191:(49,2,11,17,33,33,0)
192:(49,2,12,17,33,33,0)
193:(51,2,11,18,32,32,0)
194:(50,2,11,18,32,32,0)
195:(49,2,12,18,32,32,0)
196:(49,2,13,18,32,32,0)
197:(51,2,12,19,31,31,0)
198:(50,2,12,19,31,31,0)
199:(49,2,13,19,31,31,0)
200:(49,2,14,19,31,31,0)
201:(51,2,11,19,31,31,0)
202:(50,2,11,19,31,31,0)
203:(49,2,12,19,31,31,0)
204:(49,2,13,19,31,31,0)
205:(51,2,12,20,30,30,0)
206:(50,2,12,20,30,30,0)
207:(49,2,13,20,30,30,0)
208:(49,2,14,20,30,30,0)
209:(51,2,11,20,30,30,0)
210:(50,2,11,20,30,30,0)
211:(49,2,12,20,30,30,0)
212:(49,2,13,20,30,30,0)
213:(51,2,12,21,29,29,0)
214:(50,2,12,21,29,29,0)
215:(49,2,13,21,29,29,0)
216:(49,2,14,21,29,29,0)
217:(51,2,13,22,28,28,0)
218:(50,2,13,22,28,28,0)
219:(49,2,14,22,28,28,0)
220:(49,2,15,22,28,28,0)
221:(51,2,12,22,28,28,0)
222:(50,2,12,22,28,28,0)
223:(49,2,13,22,28,28,0)
224:(49,2,14,22,28,28,0)
225:(51,2,13,23,27,27,0)
226:(50,2,13,23,27,27,0)
227:(49,2,14,23,27,27,0)
228:(49,2,15,23,27,27,0)
229:(51,2,12,23,27,27,0)
230:(50,2,12,23,27,27,0)
231:(49,2,13,23,27,27,0)
232:(49,2,14,23,27,27,0)
233:(51,2,11,23,27,27,0)
234:(50,2,11,23,27,27,0)
235:(49,2,12,23,27,27,0)
236:(49,2,13,23,27,27,0)
237:(51,2,12,24,26,26,0)
238:(50,2,12,24,26,26,0)
239:(49,2,13,24,26,26,0)
240:(49,2,14,24,26,26,0)
241:(51,2,13,25,25,25,0)
242:(50,2,13,25,25,25,0)
243:(49,2,14,25,25,25,0)
244:(49,2,15,25,25,25,0)
245:(51,2,12,25,25,25,0)
246:(50,2,12,25,25,25,0)
247:(49,2,13,25,25,25,0)
248:(49,2,14,25,25,25,0)
249:(51,2,13,26,24,24,0)
250:(50,2,13,26,24,24,0)
251:(49,2,14,26,24,24,0)
252:(49,2,15,26,24,24,0)
253:(51,2,12,26,24,24,0)
254:(50,2,12,26,24,24,0)
255:(49,2,13,26,24,24,0)
256:(49,2,14,26,24,24,0)
257:(51,2,13,27,23,23,0)
258:(50,2,13,27,23,23,0)
259:(49,2,14,27,23,23,0)
260:(49,2,15,27,23,23,0)
261:(51,2,12,27,23,23,0)
262:(50,2,12,27,23,23,0)
263:(49,2,13,27,23,23,0)
264:(49,2,14,27,23,23,0)
265:(51,2,13,28,22,22,0)
266:(50,2,13,28,22,22,0)
267:(49,2,14,28,22,22,0)
268:(49,2,15,28,22,22,0)
269:(51,2,14,29,21,21,0)
270:(50,2,14,29,21,21,0)
271:(49,2,15,29,21,21,0)
272:(49,2,16,29,21,21,0)
273:(51,2,15,30,20,20,0)
274:(50,2,15,30,20,20,0)
275:(49,2,16,30,20,20,0)
276:(49,2,17,30,20,20,0)
277:(51,2,14,30,20,20,0)
278:(50,2,14,30,20,20,0)
279:(49,2,15,30,20,20,0)
280:(49,2,16,30,20,20,0)
281:(51,2,15,31,19,19,0)
282:(50,2,15,31,19,19,0)
283:(49,2,16,31,19,19,0)
284:(49,2,17,31,19,19,0)
285:(51,2,14,31,19,19,0)
286:(50,2,14,31,19,19,0)
287:(49,2,15,31,19,19,0)
288:(49,2,16,31,19,19,0)
289:(51,2,15,32,18,18,0)
290:(50,2,15,32,18,18,0)
291:(49,2,16,32,18,18,0)
292:(49,2,17,32,18,18,0)
293:(51,2,16,33,17,17,0)
294:(50,2,16,33,17,17,0)
295:(49,2,17,33,17,17,0)
296:(49,2,18,33,17,17,0)
297:(51,2,17,34,16,16,0)
298:(50,2,17,34,16,16,0)
299:(49,2,18,34,16,16,0)
300:(49,2,19,34,16,16,0)
301:(51,2,18,35,15,15,0)
302:(50,2,18,35,15,15,0)
303:(49,2,19,35,15,15,0)
304:(49,2,20,35,15,15,0)
305:(51,2,19,36,14,14,0)
306:(50,2,19,36,14,14,0)
307:(49,2,20,36,14,14,0)
308:(49,2,21,36,14,14,0)
309:(51,2,18,36,14,14,0)
310:(50,2,18,36,14,14,0)
311:(49,2,19,36,14,14,0)
312:(49,2,20,36,14,14,0)
313:(51,2,17,36,14,14,0)
314:(50,2,17,36,14,14,0)
315:(49,2,18,36,14,14,0)
316:(49,2,19,36,14,14,0)
317:(51,2,18,37,13,13,0)
318:(50,2,18,37,13,13,0)
319:(49,2,19,37,13,13,0)
320:(49,2,20,37,13,13,0)
321:(51,2,19,38,12,12,0)
322:(50,2,19,38,12,12,0)
323:(49,2,20,38,12,12,0)
324:(49,2,21,38,12,12,0)
325:(51,2,20,39,11,11,0)
326:(50,2,20,39,11,11,0)
327:(49,2,21,39,11,11,0)
328:(49,2,22,39,11,11,0)
329:(51,2,21,40,10,10,0)
330:(50,2,21,40,10,10,0)
331:(49,2,22,40,10,10,0)
332:(49,2,23,40,10,10,0)
333:(51,2,20,40,10,10,0)
334:(50,2,20,40,10,10,0)
335:(49,2,21,40,10,10,0)
336:(49,2,22,40,10,10,0)
337:(51,2,21,41,9,9,0)
338:(50,2,21,41,9,9,0)
339:(49,2,22,41,9,9,0)
340:(49,2,23,41,9,9,0)
341:(51,2,20,41,9,9,0)
342:(50,2,20,41,9,9,0)
343:(49,2,21,41,9,9,0)
344:(49,2,22,41,9,9,0)
345:(51,2,19,41,9,9,0)
346:(50,2,19,41,9,9,0)
347:(49,2,20,41,9,9,0)
348:(49,2,21,41,9,9,0)
349:(51,2,20,42,8,8,0)
350:(50,2,20,42,8,8,0)
351:(49,2,21,42,8,8,0)
352:(49,2,22,42,8,8,0)
353:(51,2,21,43,7,7,0)
354:(50,2,21,43,7,7,0)
355:(49,2,22,43,7,7,0)
356:(49,2,23,43,7,7,0)
357:(51,2,22,44,6,6,0)
358:(50,2,22,44,6,6,0)
359:(49,2,23,44,6,6,0)
360:(49,2,24,44,6,6,0)
361:(51,2,23,45,5,5,0)
362:(50,2,23,45,5,5,0)
363:(49,2,24,45,5,5,0)
364:(49,2,25,45,5,5,0)
365:(51,2,22,45,5,5,0)
366:(50,2,22,45,5,5,0)
367:(49,2,23,45,5,5,0)
368:(49,2,24,45,5,5,0)
369:(51,2,23,46,4,4,0)
370:(50,2,23,46,4,4,0)
371:(49,2,24,46,4,4,0)
372:(49,2,25,46,4,4,0)
373:(51,2,24,47,3,3,0)
374:(50,2,24,47,3,3,0)
375:(49,2,25,47,3,3,0)
376:(49,2,26,47,3,3,0)
377:(51,2,23,47,3,3,0)
378:(50,2,23,47,3,3,0)
379:(49,2,24,47,3,3,0)
380:(49,2,25,47,3,3,0)
381:(51,2,22,47,3,3,0)
382:(50,2,22,47,3,3,0)
383:(49,2,23,47,3,3,0)
384:(49,2,24,47,3,3,0)
385:(51,2,23,48,2,2,0)
386:(50,2,23,48,2,2,0)
387:(49,2,24,48,2,2,0)
388:(49,2,25,48,2,2,0)
389:(51,2,22,48,2,2,0)
390:(50,2,22,48,2,2,0)
391:(49,2,23,48,2,2,0)
392:(49,2,24,48,2,2,0)
393:(51,2,23,49,1,1,0)
394:(50,2,23,49,1,1,0)
395:(49,2,24,49,1,1,0)
396:(49,2,25,49,1,1,0)
397:(51,2,24,50,0,0,0)
398:(50,2,24,50,0,0,0)
399:(49,2,25,50,0,0,0)
400:(49,2,26,50,0,0,0)
401:(51,2,23,50,0,0,0)
402:(50,2,23,50,0,0,0)
403:(49,2,24,50,0,0,0)
404:(49,2,25,50,0,0,0)
405:(51,2,22,50,0,0,0)
406:(50,2,22,50,0,0,0)
407:(49,2,23,50,0,0,0)
408:(49,2,24,50,0,0,0)
409:(51,2,21,50,0,0,0)
410:(50,2,21,50,0,0,0)
411:(49,2,22,50,0,0,0)
412:(49,2,23,50,0,0,0)
413:(51,2,20,50,0,0,0)
414:(50,2,20,50,0,0,0)
415:(49,2,21,50,0,0,0)
416:(49,2,22,50,0,0,0)
417:(51,2,19,50,0,0,0)
418:(50,2,19,50,0,0,0)
419:(49,2,20,50,0,0,0)
420:(49,2,21,50,0,0,0)
421:(51,2,18,50,0,0,0)
422:(50,2,18,50,0,0,0)
423:(49,2,19,50,0,0,0)
424:(49,2,20,50,0,0,0)
425:(51,2,17,50,0,0,0)
426:(50,2,17,50,0,0,0)
427:(49,2,18,50,0,0,0)
428:(49,2,19,50,0,0,0)
429:(51,2,16,50,0,0,0)
430:(50,2,16,50,0,0,0)
431:(49,2,17,50,0,0,0)
432:(49,2,18,50,0,0,0)
433:(51,2,15,50,0,0,0)
434:(50,2,15,50,0,0,0)
435:(49,2,16,50,0,0,0)
436:(49,2,17,50,0,0,0)
437:(51,2,14,50,0,0,0)
438:(50,2,14,50,0,0,0)
439:(49,2,15,50,0,0,0)
440:(49,2,16,50,0,0,0)
441:(51,2,13,50,0,0,0)
442:(50,2,13,50,0,0,0)
443:(49,2,14,50,0,0,0)
444:(49,2,15,50,0,0,0)
445:(51,2,12,50,0,0,0)
446:(50,2,12,50,0,0,0)
447:(49,2,13,50,0,0,0)
448:(49,2,14,50,0,0,0)
449:(51,2,11,50,0,0,0)
450:(50,2,11,50,0,0,0)
451:(49,2,12,50,0,0,0)
452:(49,2,13,50,0,0,0)
453:(51,2,10,50,0,0,0)
454:(50,2,10,50,0,0,0)
455:(49,2,11,50,0,0,0)
456:(49,2,12,50,0,0,0)
457:(51,2,9,50,0,0,0)
458:(50,2,9,50,0,0,0)
459:(49,2,10,50,0,0,0)
460:(49,2,11,50,0,0,0)
461:(51,2,8,50,0,0,0)
462:(50,2,8,50,0,0,0)
463:(49,2,9,50,0,0,0)
464:(49,2,10,50,0,0,0)
465:(51,2,7,50,0,0,0)
466:(50,2,7,50,0,0,0)
467:(49,2,8,50,0,0,0)
468:(49,2,9,50,0,0,0)
469:(51,2,6,50,0,0,0)
470:(50,2,6,50,0,0,0)
471:(49,2,7,50,0,0,0)
472:(49,2,8,50,0,0,0)
473:(51,2,5,50,0,0,0)
474:(50,2,5,50,0,0,0)
475:(49,2,6,50,0,0,0)
476:(49,2,7,50,0,0,0)
477:(51,2,4,50,0,0,0)
478:(50,2,4,50,0,0,0)
479:(49,2,5,50,0,0,0)
480:(49,2,6,50,0,0,0)
481:(51,2,3,50,0,0,0)
482:(50,2,3,50,0,0,0)
483:(49,2,4,50,0,0,0)
484:(49,2,5,50,0,0,0)
485:(51,2,2,50,0,0,0)
486:(50,2,2,50,0,0,0)
487:(49,2,3,50,0,0,0)
488:(49,2,4,50,0,0,0)
489:(51,2,1,50,0,0,0)
490:(49,2,2,50,0,0,0)
491:(49,2,3,50,0,0,0)
492:(51,2,0,50,0,0,0)
493:(49,2,1,50,0,0,0)
494:(49,2,2,50,0,0,0)
495:(51,2,0,50,0,0,0)
496:(51,2,1,50,0,0,0)
497:(51,2,2,50,0,0,0)
498:(51,2,3,50,0,0,0)
499:(51,2,4,50,0,0,0)
500:(51,2,5,50,0,0,0)
501:(51,2,6,50,0,0,0)
502:(51,2,7,50,0,0,0)
503:(51,2,8,50,0,0,0)
504:(51,2,9,50,0,0,0)
505:(51,2,10,50,0,0,0)
506:(51,2,11,50,0,0,0)
507:(51,2,12,50,0,0,0)
508:(51,2,13,50,0,0,0)
509:(51,2,14,50,0,0,0)
510:(51,2,15,50,0,0,0)
511:(51,2,16,50,0,0,0)
512:(51,2,17,50,0,0,0)
513:(51,2,18,50,0,0,0)
514:(51,2,19,50,0,0,0)
515:(51,2,20,50,0,0,0)
516:(51,2,21,50,0,0,0)
517:(51,2,22,50,0,0,0)
518:(51,2,23,50,0,0,0)
519:(51,2,24,50,0,0,0)
520:(51,2,23,49,1,1,0)
521:(51,2,22,48,2,2,0)
522:(51,2,23,48,2,2,0)
523:(51,2,22,47,3,3,0)
524:(51,2,23,47,3,3,0)
525:(51,2,24,47,3,3,0)
526:(51,2,23,46,4,4,0)
527:(51,2,22,45,5,5,0)
528:(51,2,23,45,5,5,0)
529:(51,2,22,44,6,6,0)
530:(51,2,21,43,7,7,0)
531:(51,2,20,42,8,8,0)
532:(51,2,19,41,9,9,0)
533:(51,2,20,41,9,9,0)
534:(51,2,21,41,9,9,0)
535:(51,2,20,40,10,10,0)
536:(51,2,21,40,10,10,0)
537:(51,2,20,39,11,11,0)
538:(51,2,19,38,12,12,0)
539:(51,2,18,37,13,13,0)
540:(51,2,17,36,14,14,0)
541:(51,2,18,36,14,14,0)
542:(51,2,19,36,14,14,0)
543:(51,2,18,35,15,15,0)
544:(51,2,17,34,16,16,0)
545:(51,2,16,33,17,17,0)
546:(51,2,15,32,18,18,0)
547:(51,2,14,31,19,19,0)
548:(51,2,15,31,19,19,0)
549:(51,2,14,30,20,20,0)
550:(51,2,15,30,20,20,0)
551:(51,2,14,29,21,21,0)
552:(51,2,13,28,22,22,0)
553:(51,2,12,27,23,23,0)
554:(51,2,13,27,23,23,0)
555:(51,2,12,26,24,24,0)
556:(51,2,13,26,24,24,0)
557:(51,2,12,25,25,25,0)
558:(51,2,13,25,25,25,0)
559:(51,2,12,24,26,26,0)
560:(51,2,11,23,27,27,0)
561:(51,2,12,23,27,27,0)
562:(51,2,13,23,27,27,0)
563:(51,2,12,22,28,28,0)
564:(51,2,13,22,28,28,0)
565:(51,2,12,21,29,29,0)
566:(51,2,11,20,30,30,0)
567:(51,2,12,20,30,30,0)
568:(51,2,11,19,31,31,0)
569:(51,2,12,19,31,31,0)
570:(51,2,11,18,32,32,0)
571:(51,2,10,17,33,33,0)
572:(51,2,9,16,34,34,0)
573:(51,2,8,15,35,35,0)
574:(51,2,7,14,36,36,0)
575:(51,2,8,14,36,36,0)
576:(51,2,7,13,37,37,0)
577:(51,2,6,12,38,38,0)
578:(51,2,5,11,39,39,0)
579:(51,2,6,11,39,39,0)
580:(50,2,6,10,40,40,0)
581:(49,2,7,10,40,40,0)
582:(49,2,6,9,41,41,0)
583:(49,2,5,8,42,42,0)
584:(49,2,6,8,42,42,0)
585:(49,2,5,7,43,43,0)
586:(49,2,4,6,44,44,0)
587:(49,2,3,5,45,45,0)
588:(48,2,4,5,45,45,0)
589:(48,2,3,4,46,46,0)
590:(48,2,2,3,47,47,0)
591:(48,2,1,2,48,48,0)
592:(48,2,0,1,49,49,0)
593:(47,2,1,1,49,49,0)
594:(47,2,0,0,50,50,0)
595:(48,2,1,1,49,49,0)
596:(47,2,1,1,49,49,0)
597:(46,2,2,1,49,49,0)
598:(46,2,3,1,49,49,0)
599:(49,2,0,1,49,49,0)
600:(48,2,0,1,49,49,0)
601:(47,2,1,1,49,49,0)
602:(47,2,2,1,49,49,0)
603:(49,2,1,2,48,48,0)
604:(48,2,1,2,48,48,0)
605:(47,2,2,2,48,48,0)
606:(47,2,3,2,48,48,0)
607:(49,2,2,3,47,47,0)
608:(48,2,2,3,47,47,0)
609:(47,2,3,3,47,47,0)
610:(47,2,4,3,47,47,0)
611:(49,2,3,4,46,46,0)
612:(48,2,3,4,46,46,0)
613:(47,2,4,4,46,46,0)
614:(47,2,5,4,46,46,0)
615:(49,2,4,5,45,45,0)
616:(48,2,4,5,45,45,0)
617:(47,2,5,5,45,45,0)
618:(47,2,6,5,45,45,0)
619:(50,2,3,5,45,45,0)
620:(49,2,3,5,45,45,0)
621:(48,2,4,5,45,45,0)
622:(48,2,5,5,45,45,0)
623:(50,2,4,6,44,44,0)
624:(49,2,4,6,44,44,0)
625:(48,2,5,6,44,44,0)
626:(48,2,6,6,44,44,0)
627:(50,2,5,7,43,43,0)
628:(49,2,5,7,43,43,0)
629:(48,2,6,7,43,43,0)
630:(48,2,7,7,43,43,0)
631:(50,2,6,8,42,42,0)
632:(49,2,6,8,42,42,0)
633:(48,2,7,8,42,42,0)
634:(48,2,8,8,42,42,0)
635:(50,2,5,8,42,42,0)
636:(49,2,5,8,42,42,0)
637:(48,2,6,8,42,42,0)
638:(48,2,7,8,42,42,0)
639:(50,2,6,9,41,41,0)
640:(49,2,6,9,41,41,0)
641:(48,2,7,9,41,41,0)
642:(48,2,8,9,41,41,0)
643:(50,2,7,10,40,40,0)
644:(49,2,7,10,40,40,0)
645:(48,2,8,10,40,40,0)
646:(48,2,9,10,40,40,0)
647:(51,2,6,10,40,40,0)
648:(50,2,6,10,40,40,0)
649:(49,2,7,10,40,40,0)
650:(49,2,8,10,40,40,0)
651:(52,2,5,10,40,40,0)
652:(50,2,6,10,40,40,0)
653:(50,2,7,10,40,40,0)
654:(52,2,6,11,39,39,0)
655:(51,2,6,11,39,39,0)
656:(50,2,7,11,39,39,0)
657:(50,2,8,11,39,39,0)
658:(52,2,5,11,39,39,0)
659:(51,2,5,11,39,39,0)
660:(50,2,6,11,39,39,0)
661:(50,2,7,11,39,39,0)
662:(52,2,6,12,38,38,0)
663:(51,2,6,12,38,38,0)
664:(50,2,7,12,38,38,0)
665:(50,2,8,12,38,38,0)
666:(52,2,7,13,37,37,0)
667:(51,2,7,13,37,37,0)
668:(50,2,8,13,37,37,0)
669:(50,2,9,13,37,37,0)
670:(52,2,8,14,36,36,0)
671:(51,2,8,14,36,36,0)
672:(50,2,9,14,36,36,0)
673:(50,2,10,14,36,36,0)
674:(52,2,7,14,36,36,0)
675:(51,2,7,14,36,36,0)
676:(50,2,8,14,36,36,0)
677:(50,2,9,14,36,36,0)
678:(52,2,8,15,35,35,0)
679:(51,2,8,15,35,35,0)
680:(50,2,9,15,35,35,0)
681:(50,2,10,15,35,35,0)
682:(52,2,9,16,34,34,0)
683:(51,2,9,16,34,34,0)
684:(50,2,10,16,34,34,0)
685:(50,2,11,16,34,34,0)
686:(52,2,10,17,33,33,0)
687:(51,2,10,17,33,33,0)
688:(50,2,11,17,33,33,0)
689:(50,2,12,17,33,33,0)
690:(52,2,11,18,32,32,0)
691:(51,2,11,18,32,32,0)
692:(50,2,12,18,32,32,0)
693:(50,2,13,18,32,32,0)
694:(52,2,12,19,31,31,0)
695:(51,2,12,19,31,31,0)
696:(50,2,13,19,31,31,0)
697:(50,2,14,19,31,31,0)
698:(52,2,11,19,31,31,0)
699:(51,2,11,19,31,31,0)
700:(50,2,12,19,31,31,0)
701:(50,2,13,19,31,31,0)
702:(52,2,12,20,30,30,0)
703:(51,2,12,20,30,30,0)
704:(50,2,13,20,30,30,0)
705:(50,2,14,20,30,30,0)
706:(52,2,11,20,30,30,0)
707:(51,2,11,20,30,30,0)
708:(50,2,12,20,30,30,0)
709:(50,2,13,20,30,30,0)
710:(52,2,12,21,29,29,0)
711:(51,2,12,21,29,29,0)
712:(50,2,13,21,29,29,0)
713:(50,2,14,21,29,29,0)
714:(52,2,13,22,28,28,0)
715:(51,2,13,22,28,28,0)
716:(50,2,14,22,28,28,0)
717:(50,2,15,22,28,28,0)
718:(52,2,12,22,28,28,0)
719:(51,2,12,22,28,28,0)
720:(50,2,13,22,28,28,0)
721:(50,2,14,22,28,28,0)
722:(52,2,13,23,27,27,0)
723:(51,2,13,23,27,27,0)
724:(50,2,14,23,27,27,0)
725:(50,2,15,23,27,27,0)
726:(52,2,12,23,27,27,0)
727:(51,2,12,23,27,27,0)
728:(50,2,13,23,27,27,0)
729:(50,2,14,23,27,27,0)
730:(52,2,11,23,27,27,0)
731:(51,2,11,23,27,27,0)
732:(50,2,12,23,27,27,0)
733:(50,2,13,23,27,27,0)
734:(52,2,12,24,26,26,0)
735:(51,2,12,24,26,26,0)
736:(50,2,13,24,26,26,0)
737:(50,2,14,24,26,26,0)
738:(52,2,13,25,25,25,0)
739:(51,2,13,25,25,25,0)
740:(50,2,14,25,25,25,0)
741:(50,2,15,25,25,25,0)
742:(52,2,12,25,25,25,0)
743:(51,2,12,25,25,25,0)
744:(50,2,13,25,25,25,0)
745:(50,2,14,25,25,25,0)
746:(52,2,13,26,24,24,0)
747:(51,2,13,26,24,24,0)
748:(50,2,14,26,24,24,0)
749:(50,2,15,26,24,24,0)
750:(52,2,12,26,24,24,0)
751:(51,2,12,26,24,24,0)
752:(50,2,13,26,24,24,0)
753:(50,2,14,26,24,24,0)
754:(52,2,13,27,23,23,0)
755:(51,2,13,27,23,23,0)
756:(50,2,14,27,23,23,0)
757:(50,2,15,27,23,23,0)
758:(52,2,12,27,23,23,0)
759:(51,2,12,27,23,23,0)
760:(50,2,13,27,23,23,0)
761:(50,2,14,27,23,23,0)
762:(52,2,13,28,22,22,0)
763:(51,2,13,28,22,22,0)
764:(50,2,14,28,22,22,0)
765:(50,2,15,28,22,22,0)
766:(52,2,14,29,21,21,0)
767:(51,2,14,29,21,21,0)
768:(50,2,15,29,21,21,0)
769:(50,2,16,29,21,21,0)
770:(52,2,15,30,20,20,0)
771:(51,2,15,30,20,20,0)
772:(50,2,16,30,20,20,0)
773:(50,2,17,30,20,20,0)
774:(52,2,14,30,20,20,0)
775:(51,2,14,30,20,20,0)
776:(50,2,15,30,20,20,0)
777:(50,2,16,30,20,20,0)
778:(52,2,15,31,19,19,0)
779:(51,2,15,31,19,19,0)
780:(50,2,16,31,19,19,0)
781:(50,2,17,31,19,19,0)
782:(52,2,14,31,19,19,0)
783:(51,2,14,31,19,19,0)
784:(50,2,15,31,19,19,0)
785:(50,2,16,31,19,19,0)
786:(52,2,15,32,18,18,0)
787:(51,2,15,32,18,18,0)
788:(50,2,16,32,18,18,0)
789:(50,2,17,32,18,18,0)
790:(52,2,16,33,17,17,0)
791:(51,2,16,33,17,17,0)
792:(50,2,17,33,17,17,0)
793:(50,2,18,33,17,17,0)
794:(52,2,17,34,16,16,0)
795:(51,2,17,34,16,16,0)
796:(50,2,18,34,16,16,0)
797:(50,2,19,34,16,16,0)
798:(52,2,18,35,15,15,0)
799:(51,2,18,35,15,15,0)
800:(50,2,19,35,15,15,0)
801:(50,2,20,35,15,15,0)
802:(52,2,19,36,14,14,0)
803:(51,2,19,36,14,14,0)
804:(50,2,20,36,14,14,0)
805:(50,2,21,36,14,14,0)
806:(52,2,18,36,14,14,0)
807:(51,2,18,36,14,14,0)
808:(50,2,19,36,14,14,0)
809:(50,2,20,36,14,14,0)
810:(52,2,17,36,14,14,0)
811:(51,2,17,36,14,14,0)
812:(50,2,18,36,14,14,0)
813:(50,2,19,36,14,14,0)
814:(52,2,18,37,13,13,0)
815:(51,2,18,37,13,13,0)
816:(50,2,19,37,13,13,0)
817:(50,2,20,37,13,13,0)
818:(52,2,19,38,12,12,0)
819:(51,2,19,38,12,12,0)
820:(50,2,20,38,12,12,0)
821:(50,2,21,38,12,12,0)
822:(52,2,20,39,11,11,0)
823:(51,2,20,39,11,11,0)
824:(50,2,21,39,11,11,0)
825:(50,2,22,39,11,11,0)
826:(52,2,21,40,10,10,0)
827:(51,2,21,40,10,10,0)
828:(50,2,22,40,10,10,0)
829:(50,2,23,40,10,10,0)
830:(52,2,20,40,10,10,0)
831:(51,2,20,40,10,10,0)
832:(50,2,21,40,10,10,0)
833:(50,2,22,40,10,10,0)
834:(52,2,21,41,9,9,0)
835:(51,2,21,41,9,9,0)
836:(50,2,22,41,9,9,0)
837:(50,2,23,41,9,9,0)
838:(52,2,20,41,9,9,0)
839:(51,2,20,41,9,9,0)
840:(50,2,21,41,9,9,0)
841:(50,2,22,41,9,9,0)
842:(52,2,19,41,9,9,0)
843:(51,2,19,41,9,9,0)
844:(50,2,20,41,9,9,0)
845:(50,2,21,41,9,9,0)
846:(52,2,20,42,8,8,0)
847:(51,2,20,42,8,8,0)
848:(50,2,21,42,8,8,0)
849:(50,2,22,42,8,8,0)
850:(52,2,21,43,7,7,0)
851:(51,2,21,43,7,7,0)
852:(50,2,22,43,7,7,0)
853:(50,2,23,43,7,7,0)
854:(52,2,22,44,6,6,0)
855:(51,2,22,44,6,6,0)
856:(50,2,23,44,6,6,0)
857:(50,2,24,44,6,6,0)
858:(52,2,23,45,5,5,0)
859:(51,2,23,45,5,5,0)
860:(50,2,24,45,5,5,0)
861:(50,2,25,45,5,5,0)
862:(52,2,22,45,5,5,0)
863:(51,2,22,45,5,5,0)
864:(50,2,23,45,5,5,0)
865:(50,2,24,45,5,5,0)
866:(52,2,23,46,4,4,0)
867:(51,2,23,46,4,4,0)
868:(50,2,24,46,4,4,0)
869:(50,2,25,46,4,4,0)
870:(52,2,24,47,3,3,0)
871:(51,2,24,47,3,3,0)
872:(50,2,25,47,3,3,0)
873:(50,2,26,47,3,3,0)
874:(52,2,23,47,3,3,0)
875:(51,2,23,47,3,3,0)
876:(50,2,24,47,3,3,0)
877:(50,2,25,47,3,3,0)
878:(52,2,22,47,3,3,0)
879:(51,2,22,47,3,3,0)
880:(50,2,23,47,3,3,0)
881:(50,2,24,47,3,3,0)
882:(52,2,23,48,2,2,0)
883:(51,2,23,48,2,2,0)
884:(50,2,24,48,2,2,0)
885:(50,2,25,48,2,2,0)
886:(52,2,22,48,2,2,0)
887:(51,2,22,48,2,2,0)
888:(50,2,23,48,2,2,0)
889:(50,2,24,48,2,2,0)
890:(52,2,23,49,1,1,0)
891:(51,2,23,49,1,1,0)
892:(50,2,24,49,1,1,0)
893:(50,2,25,49,1,1,0)
894:(52,2,24,50,0,0,0)
895:(51,2,24,50,0,0,0)
896:(50,2,25,50,0,0,0)
897:(50,2,26,50,0,0,0)
898:(52,2,23,50,0,0,0)
899:(51,2,23,50,0,0,0)
900:(50,2,24,50,0,0,0)
901:(50,2,25,50,0,0,0)
902:(52,2,22,50,0,0,0)
903:(51,2,22,50,0,0,0)
904:(50,2,23,50,0,0,0)
905:(50,2,24,50,0,0,0)
906:(52,2,21,50,0,0,0)
907:(51,2,21,50,0,0,0)
908:(50,2,22,50,0,0,0)
909:(50,2,23,50,0,0,0)
910:(52,2,20,50,0,0,0)
911:(51,2,20,50,0,0,0)
912:(50,2,21,50,0,0,0)
913:(50,2,22,50,0,0,0)
914:(52,2,19,50,0,0,0)
915:(51,2,19,50,0,0,0)
916:(50,2,20,50,0,0,0)
917:(50,2,21,50,0,0,0)
918:(52,2,18,50,0,0,0)
919:(51,2,18,50,0,0,0)
920:(50,2,19,50,0,0,0)
921:(50,2,20,50,0,0,0)
922:(52,2,17,50,0,0,0)
923:(51,2,17,50,0,0,0)
924:(50,2,18,50,0,0,0)
925:(50,2,19,50,0,0,0)
926:(52,2,16,50,0,0,0)
927:(51,2,16,50,0,0,0)
928:(50,2,17,50,0,0,0)
929:(50,2,18,50,0,0,0)
930:(52,2,15,50,0,0,0)
931:(51,2,15,50,0,0,0)
932:(50,2,16,50,0,0,0)
933:(50,2,17,50,0,0,0)
934:(52,2,14,50,0,0,0)
935:(51,2,14,50,0,0,0)
936:(50,2,15,50,0,0,0)
937:(50,2,16,50,0,0,0)
938:(52,2,13,50,0,0,0)
939:(51,2,13,50,0,0,0)
940:(50,2,14,50,0,0,0)
941:(50,2,15,50,0,0,0)
942:(52,2,12,50,0,0,0)
943:(51,2,12,50,0,0,0)
944:(50,2,13,50,0,0,0)
945:(50,2,14,50,0,0,0)
946:(52,2,11,50,0,0,0)
947:(51,2,11,50,0,0,0)
948:(50,2,12,50,0,0,0)
949:(50,2,13,50,0,0,0)
950:(52,2,10,50,0,0,0)
951:(51,2,10,50,0,0,0)
952:(50,2,11,50,0,0,0)
953:(50,2,12,50,0,0,0)
954:(52,2,9,50,0,0,0)
955:(51,2,9,50,0,0,0)
956:(50,2,10,50,0,0,0)
957:(50,2,11,50,0,0,0)
958:(52,2,8,50,0,0,0)
959:(51,2,8,50,0,0,0)
960:(50,2,9,50,0,0,0)
961:(50,2,10,50,0,0,0)
962:(52,2,7,50,0,0,0)
963:(51,2,7,50,0,0,0)
964:(50,2,8,50,0,0,0)
965:(50,2,9,50,0,0,0)
966:(52,2,6,50,0,0,0)
967:(51,2,6,50,0,0,0)
968:(50,2,7,50,0,0,0)
969:(50,2,8,50,0,0,0)
970:(52,2,5,50,0,0,0)
971:(51,2,5,50,0,0,0)
972:(50,2,6,50,0,0,0)
973:(50,2,7,50,0,0,0)
974:(52,2,4,50,0,0,0)
975:(51,2,4,50,0,0,0)
976:(50,2,5,50,0,0,0)
977:(50,2,6,50,0,0,0)
978:(52,2,3,50,0,0,0)
979:(51,2,3,50,0,0,0)
980:(50,2,4,50,0,0,0)
981:(50,2,5,50,0,0,0)
982:(52,2,2,50,0,0,0)
983:(51,2,2,50,0,0,0)
984:(50,2,3,50,0,0,0)
985:(50,2,4,50,0,0,0)
986:(52,2,1,50,0,0,0)
987:(51,2,1,50,0,0,0)
988:(50,2,2,50,0,0,0)
989:(50,2,3,50,0,0,0)
990:(52,2,0,50,0,0,0)
991:(51,2,0,50,0,0,0)
992:(50,2,2,50,0,0,0)
993:(51,2,0,50,0,0,0)
994:(49,2,1,50,0,0,0)
995:(49,2,2,50,0,0,0)
996:(49,2,0,50,0,0,0)
997:(49,2,1,50,0,0,0)
998:(49,2,2,50,0,0,0)
999:(49,2,3,50,0,0,0)
1000:(49,2,4,50,0,0,0)
1001:(49,2,5,50,0,0,0)
1002:(49,2,6,50,0,0,0)
1003:(49,2,7,50,0,0,0)
1004:(49,2,8,50,0,0,0)
1005:(49,2,9,50,0,0,0)
1006:(49,2,10,50,0,0,0)
1007:(49,2,11,50,0,0,0)
1008:(49,2,12,50,0,0,0)
1009:(49,2,13,50,0,0,0)
1010:(49,2,14,50,0,0,0)
1011:(49,2,15,50,0,0,0)
1012:(49,2,16,50,0,0,0)
1013:(49,2,17,50,0,0,0)
1014:(49,2,18,50,0,0,0)
1015:(49,2,19,50,0,0,0)
1016:(49,2,20,50,0,0,0)
1017:(49,2,21,50,0,0,0)
1018:(49,2,22,50,0,0,0)
1019:(49,2,23,50,0,0,0)
1020:(49,2,24,50,0,0,0)
1021:(49,2,23,49,1,1,0)
1022:(49,2,22,48,2,2,0)
1023:(49,2,23,48,2,2,0)
1024:(49,2,22,47,3,3,0)
1025:(49,2,23,47,3,3,0)
1026:(49,2,24,47,3,3,0)
1027:(49,2,23,46,4,4,0)
1028:(49,2,22,45,5,5,0)
1029:(49,2,23,45,5,5,0)
1030:(49,2,22,44,6,6,0)
1031:(49,2,21,43,7,7,0)
1032:(49,2,20,42,8,8,0)
1033:(49,2,19,41,9,9,0)
1034:(49,2,20,41,9,9,0)
1035:(49,2,21,41,9,9,0)
1036:(49,2,20,40,10,10,0)
1037:(49,2,21,40,10,10,0)
1038:(49,2,20,39,11,11,0)
1039:(49,2,19,38,12,12,0)
1040:(49,2,18,37,13,13,0)
1041:(49,2,17,36,14,14,0)
1042:(49,2,18,36,14,14,0)
1043:(49,2,19,36,14,14,0)
1044:(49,2,18,35,15,15,0)
1045:(49,2,17,34,16,16,0)
1046:(49,2,16,33,17,17,0)
1047:(49,2,15,32,18,18,0)
1048:(49,2,14,31,19,19,0)
1049:(49,2,15,31,19,19,0)
1050:(49,2,14,30,20,20,0)
1051:(49,2,15,30,20,20,0)
1052:(49,2,14,29,21,21,0)
1053:(49,2,13,28,22,22,0)
1054:(49,2,12,27,23,23,0)
1055:(49,2,13,27,23,23,0)
1056:(49,2,12,26,24,24,0)
1057:(49,2,13,26,24,24,0)
1058:(49,2,12,25,25,25,0)
1059:(49,2,13,25,25,25,0)
1060:(49,2,12,24,26,26,0)
1061:(49,2,11,23,27,27,0)
1062:(49,2,12,23,27,27,0)
1063:(49,2,13,23,27,27,0)
1064:(49,2,12,22,28,28,0)
1065:(49,2,13,22,28,28,0)
1066:(49,2,12,21,29,29,0)
1067:(49,2,11,20,30,30,0)
1068:(49,2,12,20,30,30,0)
1069:(49,2,11,19,31,31,0)
1070:(49,2,12,19,31,31,0)
1071:(49,2,11,18,32,32,0)
1072:(49,2,10,17,33,33,0)
1073:(49,2,9,16,34,34,0)
1074:(49,2,8,15,35,35,0)
1075:(49,2,7,14,36,36,0)
1076:(49,2,8,14,36,36,0)
1077:(49,2,7,13,37,37,0)
1078:(49,2,6,12,38,38,0)
1079:(49,2,5,11,39,39,0)
1080:(49,2,6,11,39,39,0)
1081:(49,2,5,10,40,40,0)
1082:(48,2,6,10,40,40,0)
1083:(47,2,7,10,40,40,0)
1084:(47,2,6,9,41,41,0)
1085:(47,2,5,8,42,42,0)
1086:(47,2,6,8,42,42,0)
1087:(47,2,5,7,43,43,0)
1088:(47,2,4,6,44,44,0)
1089:(47,2,3,5,45,45,0)
1090:(46,2,4,5,45,45,0)
1091:(46,2,3,4,46,46,0)
1092:(46,2,2,3,47,47,0)
1093:(46,2,1,2,48,48,0)
1094:(46,2,0,1,49,49,0)
1095:(45,2,1,1,49,49,0)
1096:(45,2,0,0,50,50,0)
1097:(45,2,1,1,49,49,0)
1098:(44,2,2,1,49,49,0)
1099:(44,2,3,1,49,49,0)
1100:(47,2,0,1,49,49,0)
1101:(46,2,0,1,49,49,0)
1102:(45,2,1,1,49,49,0)
1103:(45,2,2,1,49,49,0)
1104:(47,2,1,2,48,48,0)
1105:(46,2,1,2,48,48,0)
1106:(45,2,2,2,48,48,0)
1107:(45,2,3,2,48,48,0)
1108:(47,2,2,3,47,47,0)
1109:(46,2,2,3,47,47,0)
1110:(45,2,3,3,47,47,0)
1111:(45,2,4,3,47,47,0)
1112:(47,2,3,4,46,46,0)
1113:(46,2,3,4,46,46,0)
1114:(45,2,4,4,46,46,0)
1115:(45,2,5,4,46,46,0)
1116:(46,2,4,5,45,45,0)
1117:(45,2,5,5,45,45,0)
1118:(45,2,6,5,45,45,0)
1119:(48,2,3,5,45,45,0)
1120:(47,2,3,5,45,45,0)
1121:(46,2,4,5,45,45,0)
1122:(46,2,5,5,45,45,0)
1123:(48,2,4,6,44,44,0)
1124:(47,2,4,6,44,44,0)
1125:(46,2,5,6,44,44,0)
1126:(46,2,6,6,44,44,0)
1127:(48,2,5,7,43,43,0)
1128:(47,2,5,7,43,43,0)
1129:(46,2,6,7,43,43,0)
1130:(46,2,7,7,43,43,0)
1131:(48,2,6,8,42,42,0)
1132:(47,2,6,8,42,42,0)
1133:(46,2,7,8,42,42,0)
1134:(46,2,8,8,42,42,0)
1135:(48,2,5,8,42,42,0)
1136:(47,2,5,8,42,42,0)
1137:(46,2,6,8,42,42,0)
1138:(46,2,7,8,42,42,0)
1139:(48,2,6,9,41,41,0)
1140:(47,2,6,9,41,41,0)
1141:(46,2,7,9,41,41,0)
1142:(46,2,8,9,41,41,0)
1143:(47,2,7,10,40,40,0)
1144:(46,2,8,10,40,40,0)
1145:(46,2,9,10,40,40,0)
1146:(48,2,6,10,40,40,0)
1147:(47,2,7,10,40,40,0)
1148:(47,2,8,10,40,40,0)
1149:(50,2,5,10,40,40,0)
1150:(49,2,5,10,40,40,0)
1151:(48,2,6,10,40,40,0)
1152:(50,2,6,11,39,39,0)
1153:(49,2,6,11,39,39,0)
1154:(48,2,7,11,39,39,0)
1155:(48,2,8,11,39,39,0)
1156:(50,2,5,11,39,39,0)
1157:(49,2,5,11,39,39,0)
1158:(48,2,6,11,39,39,0)
1159:(48,2,7,11,39,39,0)
1160:(50,2,6,12,38,38,0)
1161:(49,2,6,12,38,38,0)
1162:(48,2,7,12,38,38,0)
1163:(48,2,8,12,38,38,0)
1164:(50,2,7,13,37,37,0)
1165:(49,2,7,13,37,37,0)
1166:(48,2,8,13,37,37,0)
1167:(48,2,9,13,37,37,0)
1168:(50,2,8,14,36,36,0)
1169:(49,2,8,14,36,36,0)
1170:(48,2,9,14,36,36,0)
1171:(48,2,10,14,36,36,0)
1172:(50,2,7,14,36,36,0)
1173:(49,2,7,14,36,36,0)
1174:(48,2,8,14,36,36,0)
1175:(48,2,9,14,36,36,0)
1176:(50,2,8,15,35,35,0)
1177:(49,2,8,15,35,35,0)
1178:(48,2,9,15,35,35,0)
1179:(48,2,10,15,35,35,0)
1180:(50,2,9,16,34,34,0)
1181:(49,2,9,16,34,34,0)
1182:(48,2,10,16,34,34,0)
1183:(48,2,11,16,34,34,0)
1184:(50,2,10,17,33,33,0)
1185:(49,2,10,17,33,33,0)
1186:(48,2,11,17,33,33,0)
1187:(48,2,12,17,33,33,0)
1188:(50,2,11,18,32,32,0)
1189:(49,2,11,18,32,32,0)
1190:(48,2,12,18,32,32,0)
1191:(48,2,13,18,32,32,0)
1192:(50,2,12,19,31,31,0)
1193:(49,2,12,19,31,31,0)
1194:(48,2,13,19,31,31,0)
1195:(48,2,14,19,31,31,0)
1196:(50,2,11,19,31,31,0)
1197:(49,2,11,19,31,31,0)
1198:(48,2,12,19,31,31,0)
1199:(48,2,13,19,31,31,0)
1200:(50,2,12,20,30,30,0)
1201:(49,2,12,20,30,30,0)
1202:(48,2,13,20,30,30,0)
1203:(48,2,14,20,30,30,0)
1204:(50,2,11,20,30,30,0)
1205:(49,2,11,20,30,30,0)
1206:(48,2,12,20,30,30,0)
1207:(48,2,13,20,30,30,0)
1208:(50,2,12,21,29,29,0)
1209:(49,2,12,21,29,29,0)
1210:(48,2,13,21,29,29,0)
1211:(48,2,14,21,29,29,0)
1212:(50,2,13,22,28,28,0)
1213:(49,2,13,22,28,28,0)
1214:(48,2,14,22,28,28,0)
1215:(48,2,15,22,28,28,0)
1216:(50,2,12,22,28,28,0)
1217:(49,2,12,22,28,28,0)
1218:(48,2,13,22,28,28,0)
1219:(48,2,14,22,28,28,0)
1220:(50,2,13,23,27,27,0)
1221:(49,2,13,23,27,27,0)
1222:(48,2,14,23,27,27,0)
1223:(48,2,15,23,27,27,0)
1224:(50,2,12,23,27,27,0)
1225:(49,2,12,23,27,27,0)
1226:(48,2,13,23,27,27,0)
1227:(48,2,14,23,27,27,0)
1228:(50,2,11,23,27,27,0)
1229:(49,2,11,23,27,27,0)
1230:(48,2,12,23,27,27,0)
1231:(48,2,13,23,27,27,0)
1232:(50,2,12,24,26,26,0)
1233:(49,2,12,24,26,26,0)
1234:(48,2,13,24,26,26,0)
1235:(48,2,14,24,26,26,0)
1236:(50,2,13,25,25,25,0)
1237:(49,2,13,25,25,25,0)
1238:(48,2,14,25,25,25,0)
1239:(48,2,15,25,25,25,0)
1240:(50,2,12,25,25,25,0)
1241:(49,2,12,25,25,25,0)
1242:(48,2,13,25,25,25,0)
1243:(48,2,14,25,25,25,0)
1244:(50,2,13,26,24,24,0)
1245:(49,2,13,26,24,24,0)
1246:(48,2,14,26,24,24,0)
1247:(48,2,15,26,24,24,0)
1248:(50,2,12,26,24,24,0)
1249:(49,2,12,26,24,24,0)
1250:(48,2,13,26,24,24,0)
1251:(48,2,14,26,24,24,0)
1252:(50,2,13,27,23,23,0)
1253:(49,2,13,27,23,23,0)
1254:(48,2,14,27,23,23,0)
1255:(48,2,15,27,23,23,0)
1256:(50,2,12,27,23,23,0)
1257:(49,2,12,27,23,23,0)
1258:(48,2,13,27,23,23,0)
1259:(48,2,14,27,23,23,0)
1260:(50,2,13,28,22,22,0)
1261:(49,2,13,28,22,22,0)
1262:(48,2,14,28,22,22,0)
1263:(48,2,15,28,22,22,0)
1264:(50,2,14,29,21,21,0)
1265:(49,2,14,29,21,21,0)
1266:(48,2,15,29,21,21,0)
1267:(48,2,16,29,21,21,0)
1268:(50,2,15,30,20,20,0)
1269:(49,2,15,30,20,20,0)
1270:(48,2,16,30,20,20,0)
1271:(48,2,17,30,20,20,0)
1272:(50,2,14,30,20,20,0)
1273:(49,2,14,30,20,20,0)
1274:(48,2,15,30,20,20,0)
1275:(48,2,16,30,20,20,0)
1276:(50,2,15,31,19,19,0)
1277:(49,2,15,31,19,19,0)
1278:(48,2,16,31,19,19,0)
1279:(48,2,17,31,19,19,0)
1280:(50,2,14,31,19,19,0)
1281:(49,2,14,31,19,19,0)
1282:(48,2,15,31,19,19,0)
1283:(48,2,16,31,19,19,0)
1284:(50,2,15,32,18,18,0)
1285:(49,2,15,32,18,18,0)
1286:(48,2,16,32,18,18,0)
1287:(48,2,17,32,18,18,0)
1288:(50,2,16,33,17,17,0)
1289:(49,2,16,33,17,17,0)
1290:(48,2,17,33,17,17,0)
1291:(48,2,18,33,17,17,0)
1292:(50,2,17,34,16,16,0)
1293:(49,2,17,34,16,16,0)
1294:(48,2,18,34,16,16,0)
1295:(48,2,19,34,16,16,0)
1296:(50,2,18,35,15,15,0)
1297:(49,2,18,35,15,15,0)
1298:(48,2,19,35,15,15,0)
1299:(48,2,20,35,15,15,0)
1300:(50,2,19,36,14,14,0)
1301:(49,2,19,36,14,14,0)
1302:(48,2,20,36,14,14,0)
1303:(48,2,21,36,14,14,0)
1304:(50,2,18,36,14,14,0)
1305:(49,2,18,36,14,14,0)
1306:(48,2,19,36,14,14,0)
1307:(48,2,20,36,14,14,0)
1308:(50,2,17,36,14,14,0)
1309:(49,2,17,36,14,14,0)
1310:(48,2,18,36,14,14,0)
1311:(48,2,19,36,14,14,0)
1312:(50,2,18,37,13,13,0)
1313:(49,2,18,37,13,13,0)
1314:(48,2,19,37,13,13,0)
1315:(48,2,20,37,13,13,0)
1316:(50,2,19,38,12,12,0)
1317:(49,2,19,38,12,12,0)
1318:(48,2,20,38,12,12,0)
1319:(48,2,21,38,12,12,0)
1320:(50,2,20,39,11,11,0)
1321:(49,2,20,39,11,11,0)
1322:(48,2,21,39,11,11,0)
1323:(48,2,22,39,11,11,0)
1324:(50,2,21,40,10,10,0)
1325:(49,2,21,40,10,10,0)
1326:(48,2,22,40,10,10,0)
1327:(48,2,23,40,10,10,0)
1328:(50,2,20,40,10,10,0)
1329:(49,2,20,40,10,10,0)
1330:(48,2,21,40,10,10,0)
1331:(48,2,22,40,10,10,0)
1332:(50,2,21,41,9,9,0)
1333:(49,2,21,41,9,9,0)
1334:(48,2,22,41,9,9,0)
1335:(48,2,23,41,9,9,0)
1336:(50,2,20,41,9,9,0)
1337:(49,2,20,41,9,9,0)
1338:(48,2,21,41,9,9,0)
1339:(48,2,22,41,9,9,0)
1340:(50,2,19,41,9,9,0)
1341:(49,2,19,41,9,9,0)
1342:(48,2,20,41,9,9,0)
1343:(48,2,21,41,9,9,0)
1344:(50,2,20,42,8,8,0)
1345:(49,2,20,42,8,8,0)
1346:(48,2,21,42,8,8,0)
1347:(48,2,22,42,8,8,0)
1348:(50,2,21,43,7,7,0)
1349:(49,2,21,43,7,7,0)
1350:(48,2,22,43,7,7,0)
1351:(48,2,23,43,7,7,0)
1352:(50,2,22,44,6,6,0)
1353:(49,2,22,44,6,6,0)
1354:(48,2,23,44,6,6,0)
1355:(48,2,24,44,6,6,0)
1356:(50,2,23,45,5,5,0)
1357:(49,2,23,45,5,5,0)
1358:(48,2,24,45,5,5,0)
1359:(48,2,25,45,5,5,0)
1360:(50,2,22,45,5,5,0)
1361:(49,2,22,45,5,5,0)
1362:(48,2,23,45,5,5,0)
1363:(48,2,24,45,5,5,0)
1364:(50,2,23,46,4,4,0)
1365:(49,2,23,46,4,4,0)
1366:(48,2,24,46,4,4,0)
1367:(48,2,25,46,4,4,0)
1368:(50,2,24,47,3,3,0)
1369:(49,2,24,47,3,3,0)
1370:(48,2,25,47,3,3,0)
1371:(48,2,26,47,3,3,0)
1372:(50,2,23,47,3,3,0)
1373:(49,2,23,47,3,3,0)
1374:(48,2,24,47,3,3,0)
1375:(48,2,25,47,3,3,0)
1376:(50,2,22,47,3,3,0)
1377:(49,2,22,47,3,3,0)
1378:(48,2,23,47,3,3,0)
1379:(48,2,24,47,3,3,0)
1380:(50,2,23,48,2,2,0)
1381:(49,2,23,48,2,2,0)
1382:(48,2,24,48,2,2,0)
1383:(48,2,25,48,2,2,0)
1384:(50,2,22,48,2,2,0)
1385:(49,2,22,48,2,2,0)
1386:(48,2,23,48,2,2,0)
1387:(48,2,24,48,2,2,0)
1388:(50,2,23,49,1,1,0)
1389:(49,2,23,49,1,1,0)
1390:(48,2,24,49,1,1,0)
1391:(48,2,25,49,1,1,0)
1392:(50,2,24,50,0,0,0)
1393:(49,2,24,50,0,0,0)
1394:(48,2,25,50,0,0,0)
1395:(48,2,26,50,0,0,0)
1396:(50,2,23,50,0,0,0)
1397:(49,2,23,50,0,0,0)
1398:(48,2,24,50,0,0,0)
1399:(48,2,25,50,0,0,0)
1400:(50,2,22,50,0,0,0)
1401:(49,2,22,50,0,0,0)
1402:(48,2,23,50,0,0,0)
1403:(48,2,24,50,0,0,0)
1404:(50,2,21,50,0,0,0)
1405:(49,2,21,50,0,0,0)
1406:(48,2,22,50,0,0,0)
1407:(48,2,23,50,0,0,0)
1408:(50,2,20,50,0,0,0)
1409:(49,2,20,50,0,0,0)
1410:(48,2,21,50,0,0,0)
1411:(48,2,22,50,0,0,0)
1412:(50,2,19,50,0,0,0)
1413:(49,2,19,50,0,0,0)
1414:(48,2,20,50,0,0,0)
1415:(48,2,21,50,0,0,0)
1416:(50,2,18,50,0,0,0)
1417:(49,2,18,50,0,0,0)
1418:(48,2,19,50,0,0,0)
1419:(48,2,20,50,0,0,0)
1420:(50,2,17,50,0,0,0)
1421:(49,2,17,50,0,0,0)
1422:(48,2,18,50,0,0,0)
1423:(48,2,19,50,0,0,0)
1424:(50,2,16,50,0,0,0)
1425:(49,2,16,50,0,0,0)
1426:(48,2,17,50,0,0,0)
1427:(48,2,18,50,0,0,0)
1428:(50,2,15,50,0,0,0)
1429:(49,2,15,50,0,0,0)
1430:(48,2,16,50,0,0,0)
1431:(48,2,17,50,0,0,0)
1432:(50,2,14,50,0,0,0)
1433:(49,2,14,50,0,0,0)
1434:(48,2,15,50,0,0,0)
1435:(48,2,16,50,0,0,0)
1436:(50,2,13,50,0,0,0)
1437:(49,2,13,50,0,0,0)
1438:(48,2,14,50,0,0,0)
1439:(48,2,15,50,0,0,0)
1440:(50,2,12,50,0,0,0)
1441:(49,2,12,50,0,0,0)
1442:(48,2,13,50,0,0,0)
1443:(48,2,14,50,0,0,0)
1444:(50,2,11,50,0,0,0)
1445:(49,2,11,50,0,0,0)
1446:(48,2,12,50,0,0,0)
1447:(48,2,13,50,0,0,0)
1448:(50,2,10,50,0,0,0)
1449:(49,2,10,50,0,0,0)
1450:(48,2,11,50,0,0,0)
1451:(48,2,12,50,0,0,0)
1452:(50,2,9,50,0,0,0)
1453:(49,2,9,50,0,0,0)
1454:(48,2,10,50,0,0,0)
1455:(48,2,11,50,0,0,0)
1456:(50,2,8,50,0,0,0)
1457:(49,2,8,50,0,0,0)
1458:(48,2,9,50,0,0,0)
1459:(48,2,10,50,0,0,0)
1460:(50,2,7,50,0,0,0)
1461:(49,2,7,50,0,0,0)
1462:(48,2,8,50,0,0,0)
1463:(48,2,9,50,0,0,0)
1464:(50,2,6,50,0,0,0)
1465:(49,2,6,50,0,0,0)
1466:(48,2,7,50,0,0,0)
1467:(48,2,8,50,0,0,0)
1468:(50,2,5,50,0,0,0)
1469:(49,2,5,50,0,0,0)
1470:(48,2,6,50,0,0,0)
1471:(48,2,7,50,0,0,0)
1472:(50,2,4,50,0,0,0)
1473:(49,2,4,50,0,0,0)
1474:(48,2,5,50,0,0,0)
1475:(48,2,6,50,0,0,0)
1476:(50,2,3,50,0,0,0)
1477:(49,2,3,50,0,0,0)
1478:(48,2,4,50,0,0,0)
1479:(48,2,5,50,0,0,0)
1480:(50,2,2,50,0,0,0)
1481:(49,2,2,50,0,0,0)
1482:(48,2,3,50,0,0,0)
1483:(48,2,4,50,0,0,0)
1484:(49,2,1,50,0,0,0)
1485:(48,2,2,50,0,0,0)
1486:(48,2,3,50,0,0,0)
1487:(49,2,0,50,0,0,0)
1488:(48,2,1,50,0,0,0)
1489:(48,2,2,50,0,0,0)
1490:(51,2,0,50,0,0,0)
1491:(49,2,1,50,0,0,0)
1492:(49,2,2,50,0,0,0)
1493:(49,2,1,50,0,0,0)
1494:(49,2,2,50,0,0,0)
1495:(49,2,3,50,0,0,0)
1496:(49,2,4,50,0,0,0)
1497:(49,2,5,50,0,0,0)
1498:(49,2,6,50,0,0,0)
1499:(49,2,7,50,0,0,0)
1500:(49,2,8,50,0,0,0)
1501:(49,2,9,50,0,0,0)
1502:(49,2,10,50,0,0,0)
1503:(49,2,11,50,0,0,0)
1504:(49,2,12,50,0,0,0)
1505:(49,2,13,50,0,0,0)
1506:(49,2,14,50,0,0,0)
1507:(49,2,15,50,0,0,0)
1508:(49,2,16,50,0,0,0)
1509:(49,2,17,50,0,0,0)
1510:(49,2,18,50,0,0,0)
1511:(49,2,19,50,0,0,0)
1512:(49,2,20,50,0,0,0)
1513:(49,2,21,50,0,0,0)
1514:(49,2,22,50,0,0,0)
1515:(49,2,23,50,0,0,0)
1516:(49,2,24,50,0,0,0)
1517:(49,2,25,50,0,0,0)
1518:(49,2,24,49,1,1,0)
1519:(49,2,23,48,2,2,0)
1520:(49,2,24,48,2,2,0)
1521:(49,2,23,47,3,3,0)
1522:(49,2,24,47,3,3,0)
1523:(49,2,25,47,3,3,0)
1524:(49,2,24,46,4,4,0)
1525:(49,2,23,45,5,5,0)
1526:(49,2,24,45,5,5,0)
1527:(49,2,23,44,6,6,0)
1528:(49,2,22,43,7,7,0)
1529:(49,2,21,42,8,8,0)
1530:(49,2,20,41,9,9,0)
1531:(49,2,21,41,9,9,0)
1532:(49,2,22,41,9,9,0)
1533:(49,2,21,40,10,10,0)
1534:(49,2,22,40,10,10,0)
1535:(49,2,21,39,11,11,0)
1536:(49,2,20,38,12,12,0)
1537:(49,2,19,37,13,13,0)
1538:(49,2,18,36,14,14,0)
1539:(49,2,19,36,14,14,0)
1540:(49,2,20,36,14,14,0)
1541:(49,2,19,35,15,15,0)
1542:(49,2,18,34,16,16,0)
1543:(49,2,17,33,17,17,0)
1544:(49,2,16,32,18,18,0)
1545:(49,2,15,31,19,19,0)
1546:(49,2,16,31,19,19,0)
1547:(49,2,15,30,20,20,0)
1548:(49,2,16,30,20,20,0)
1549:(49,2,15,29,21,21,0)
1550:(49,2,14,28,22,22,0)
1551:(49,2,13,27,23,23,0)
1552:(49,2,14,27,23,23,0)
1553:(49,2,13,26,24,24,0)
1554:(49,2,14,26,24,24,0)
1555:(49,2,13,25,25,25,0)
1556:(49,2,14,25,25,25,0)
1557:(49,2,13,24,26,26,0)
1558:(49,2,12,23,27,27,0)
1559:(49,2,13,23,27,27,0)
1560:(49,2,14,23,27,27,0)
1561:(49,2,13,22,28,28,0)
1562:(49,2,14,22,28,28,0)
1563:(49,2,13,21,29,29,0)
1564:(49,2,12,20,30,30,0)
1565:(49,2,13,20,30,30,0)
1566:(49,2,12,19,31,31,0)
1567:(49,2,13,19,31,31,0)
1568:(49,2,12,18,32,32,0)
1569:(49,2,11,17,33,33,0)
1570:(49,2,10,16,34,34,0)
1571:(49,2,9,15,35,35,0)
1572:(49,2,8,14,36,36,0)
1573:(49,2,9,14,36,36,0)
1574:(49,2,8,13,37,37,0)
1575:(49,2,7,12,38,38,0)
1576:(49,2,6,11,39,39,0)
1577:(49,2,7,11,39,39,0)
1578:(47,2,8,10,40,40,0)
1579:(47,2,7,9,41,41,0)
1580:(47,2,6,8,42,42,0)
1581:(47,2,7,8,42,42,0)
1582:(47,2,6,7,43,43,0)
1583:(47,2,5,6,44,44,0)
1584:(46,2,5,5,45,45,0)
1585:(46,2,4,4,46,46,0)
1586:(46,2,3,3,47,47,0)
1587:(46,2,2,2,48,48,0)
1588:(45,2,2,1,49,49,0)
1589:(46,2,2,1,49,49,0)
1590:(45,2,2,1,49,49,0)
1591:(44,2,3,1,49,49,0)
1592:(45,2,2,1,49,49,0)
1593:(45,2,3,1,49,49,0)
1594:(47,2,1,1,49,49,0)
1595:(45,2,2,1,49,49,0)
1596:(46,2,2,1,49,49,0)
1597:(47,2,2,2,48,48,0)
1598:(46,2,2,2,48,48,0)
1599:(45,2,3,2,48,48,0)
1600:(46,2,2,2,48,48,0)
1601:(46,2,3,2,48,48,0)
1602:(47,2,3,3,47,47,0)
1603:(46,2,3,3,47,47,0)
1604:(45,2,4,3,47,47,0)
1605:(46,2,3,3,47,47,0)
1606:(46,2,4,3,47,47,0)
1607:(47,2,4,4,46,46,0)
1608:(46,2,4,4,46,46,0)
1609:(45,2,5,4,46,46,0)
1610:(46,2,4,4,46,46,0)
1611:(46,2,5,4,46,46,0)
1612:(47,2,5,5,45,45,0)
1613:(46,2,5,5,45,45,0)
1614:(45,2,6,5,45,45,0)
1615:(46,2,5,5,45,45,0)
1616:(46,2,6,5,45,45,0)
1617:(48,2,4,5,45,45,0)
1618:(46,2,5,5,45,45,0)
1619:(47,2,5,5,45,45,0)
1620:(48,2,5,6,44,44,0)
1621:(47,2,5,6,44,44,0)
1622:(46,2,6,6,44,44,0)
1623:(47,2,5,6,44,44,0)
1624:(47,2,6,6,44,44,0)
1625:(48,2,6,7,43,43,0)
1626:(47,2,6,7,43,43,0)
1627:(46,2,7,7,43,43,0)
1628:(47,2,6,7,43,43,0)
1629:(47,2,7,7,43,43,0)
1630:(48,2,7,8,42,42,0)
1631:(47,2,7,8,42,42,0)
1632:(46,2,8,8,42,42,0)
1633:(47,2,7,8,42,42,0)
1634:(47,2,8,8,42,42,0)
1635:(48,2,6,8,42,42,0)
1636:(47,2,6,8,42,42,0)
1637:(46,2,7,8,42,42,0)
1638:(47,2,6,8,42,42,0)
1639:(47,2,7,8,42,42,0)
1640:(48,2,7,9,41,41,0)
1641:(47,2,7,9,41,41,0)
1642:(46,2,8,9,41,41,0)
1643:(47,2,7,9,41,41,0)
1644:(47,2,8,9,41,41,0)
1645:(48,2,8,10,40,40,0)
1646:(47,2,8,10,40,40,0)
1647:(46,2,9,10,40,40,0)
1648:(47,2,8,10,40,40,0)
1649:(47,2,9,10,40,40,0)
1650:(49,2,7,10,40,40,0)
1651:(47,2,8,10,40,40,0)
1652:(48,2,8,10,40,40,0)
1653:(50,2,6,10,40,40,0)
1654:(49,2,7,10,40,40,0)
1655:(50,2,7,11,39,39,0)
1656:(49,2,7,11,39,39,0)
1657:(48,2,8,11,39,39,0)
1658:(49,2,7,11,39,39,0)
1659:(49,2,8,11,39,39,0)
1660:(50,2,6,11,39,39,0)
1661:(49,2,6,11,39,39,0)
1662:(48,2,7,11,39,39,0)
1663:(49,2,6,11,39,39,0)
1664:(49,2,7,11,39,39,0)
1665:(50,2,7,12,38,38,0)
1666:(49,2,7,12,38,38,0)
1667:(48,2,8,12,38,38,0)
1668:(49,2,7,12,38,38,0)
1669:(49,2,8,12,38,38,0)
1670:(50,2,8,13,37,37,0)
1671:(49,2,8,13,37,37,0)
1672:(48,2,9,13,37,37,0)
1673:(49,2,8,13,37,37,0)
1674:(49,2,9,13,37,37,0)
1675:(50,2,9,14,36,36,0)
1676:(49,2,9,14,36,36,0)
1677:(48,2,10,14,36,36,0)
1678:(49,2,9,14,36,36,0)
1679:(49,2,10,14,36,36,0)
1680:(50,2,8,14,36,36,0)
1681:(49,2,8,14,36,36,0)
1682:(48,2,9,14,36,36,0)
1683:(49,2,8,14,36,36,0)
1684:(49,2,9,14,36,36,0)
1685:(50,2,9,15,35,35,0)
1686:(49,2,9,15,35,35,0)
1687:(48,2,10,15,35,35,0)
1688:(49,2,9,15,35,35,0)
1689:(49,2,10,15,35,35,0)
1690:(50,2,10,16,34,34,0)
1691:(49,2,10,16,34,34,0)
1692:(48,2,11,16,34,34,0)
1693:(49,2,10,16,34,34,0)
1694:(49,2,11,16,34,34,0)
1695:(50,2,11,17,33,33,0)
1696:(49,2,11,17,33,33,0)
1697:(48,2,12,17,33,33,0)
1698:(49,2,11,17,33,33,0)
1699:(49,2,12,17,33,33,0)
1700:(50,2,12,18,32,32,0)
1701:(49,2,12,18,32,32,0)
1702:(48,2,13,18,32,32,0)
1703:(49,2,12,18,32,32,0)
1704:(49,2,13,18,32,32,0)
1705:(50,2,13,19,31,31,0)
1706:(49,2,13,19,31,31,0)
1707:(48,2,14,19,31,31,0)
1708:(49,2,13,19,31,31,0)
1709:(49,2,14,19,31,31,0)
1710:(50,2,12,19,31,31,0)
1711:(49,2,12,19,31,31,0)
1712:(48,2,13,19,31,31,0)
1713:(49,2,12,19,31,31,0)
1714:(49,2,13,19,31,31,0)
1715:(50,2,13,20,30,30,0)
1716:(49,2,13,20,30,30,0)
1717:(48,2,14,20,30,30,0)
1718:(49,2,13,20,30,30,0)
1719:(49,2,14,20,30,30,0)
1720:(50,2,12,20,30,30,0)
1721:(49,2,12,20,30,30,0)
1722:(48,2,13,20,30,30,0)
1723:(49,2,12,20,30,30,0)
1724:(49,2,13,20,30,30,0)
1725:(50,2,13,21,29,29,0)
1726:(49,2,13,21,29,29,0)
1727:(48,2,14,21,29,29,0)
1728:(49,2,13,21,29,29,0)
1729:(49,2,14,21,29,29,0)
1730:(50,2,14,22,28,28,0)
1731:(49,2,14,22,28,28,0)
1732:(48,2,15,22,28,28,0)
1733:(49,2,14,22,28,28,0)
1734:(49,2,15,22,28,28,0)
1735:(50,2,13,22,28,28,0)
1736:(49,2,13,22,28,28,0)
1737:(48,2,14,22,28,28,0)
1738:(49,2,13,22,28,28,0)
1739:(49,2,14,22,28,28,0)
1740:(50,2,14,23,27,27,0)
1741:(49,2,14,23,27,27,0)
1742:(48,2,15,23,27,27,0)
1743:(49,2,14,23,27,27,0)
1744:(49,2,15,23,27,27,0)
1745:(50,2,13,23,27,27,0)
1746:(49,2,13,23,27,27,0)
1747:(48,2,14,23,27,27,0)
1748:(49,2,13,23,27,27,0)
1749:(49,2,14,23,27,27,0)
1750:(50,2,12,23,27,27,0)
1751:(49,2,12,23,27,27,0)
1752:(48,2,13,23,27,27,0)
1753:(49,2,12,23,27,27,0)
1754:(49,2,13,23,27,27,0)
1755:(50,2,13,24,26,26,0)
1756:(49,2,13,24,26,26,0)
1757:(48,2,14,24,26,26,0)
1758:(49,2,13,24,26,26,0)
1759:(49,2,14,24,26,26,0)
1760:(50,2,14,25,25,25,0)
1761:(49,2,14,25,25,25,0)
1762:(48,2,15,25,25,25,0)
1763:(49,2,14,25,25,25,0)
1764:(49,2,15,25,25,25,0)
1765:(50,2,13,25,25,25,0)
1766:(49,2,13,25,25,25,0)
1767:(48,2,14,25,25,25,0)
1768:(49,2,13,25,25,25,0)
1769:(49,2,14,25,25,25,0)
1770:(50,2,14,26,24,24,0)
1771:(49,2,14,26,24,24,0)
1772:(48,2,15,26,24,24,0)
1773:(49,2,14,26,24,24,0)
1774:(49,2,15,26,24,24,0)
1775:(50,2,13,26,24,24,0)
1776:(49,2,13,26,24,24,0)
1777:(48,2,14,26,24,24,0)
1778:(49,2,13,26,24,24,0)
1779:(49,2,14,26,24,24,0)
1780:(50,2,14,27,23,23,0)
1781:(49,2,14,27,23,23,0)
1782:(48,2,15,27,23,23,0)
1783:(49,2,14,27,23,23,0)
1784:(49,2,15,27,23,23,0)
1785:(50,2,13,27,23,23,0)
1786:(49,2,13,27,23,23,0)
1787:(48,2,14,27,23,23,0)
1788:(49,2,13,27,23,23,0)
1789:(49,2,14,27,23,23,0)
1790:(50,2,14,28,22,22,0)
1791:(49,2,14,28,22,22,0)
1792:(48,2,15,28,22,22,0)
1793:(49,2,14,28,22,22,0)
1794:(49,2,15,28,22,22,0)
1795:(50,2,15,29,21,21,0)
1796:(49,2,15,29,21,21,0)
1797:(48,2,16,29,21,21,0)
1798:(49,2,15,29,21,21,0)
1799:(49,2,16,29,21,21,0)
1800:(50,2,16,30,20,20,0)
1801:(49,2,16,30,20,20,0)
1802:(48,2,17,30,20,20,0)
1803:(49,2,16,30,20,20,0)
1804:(49,2,17,30,20,20,0)
1805:(50,2,15,30,20,20,0)
1806:(49,2,15,30,20,20,0)
1807:(48,2,16,30,20,20,0)
1808:(49,2,15,30,20,20,0)
1809:(49,2,16,30,20,20,0)
1810:(50,2,16,31,19,19,0)
1811:(49,2,16,31,19,19,0)
1812:(48,2,17,31,19,19,0)
1813:(49,2,16,31,19,19,0)
1814:(49,2,17,31,19,19,0)
1815:(50,2,15,31,19,19,0)
1816:(49,2,15,31,19,19,0)
1817:(48,2,16,31,19,19,0)
1818:(49,2,15,31,19,19,0)
1819:(49,2,16,31,19,19,0)
1820:(50,2,16,32,18,18,0)
1821:(49,2,16,32,18,18,0)
1822:(48,2,17,32,18,18,0)
1823:(49,2,16,32,18,18,0)
1824:(49,2,17,32,18,18,0)
1825:(50,2,17,33,17,17,0)
1826:(49,2,17,33,17,17,0)
1827:(48,2,18,33,17,17,0)
1828:(49,2,17,33,17,17,0)
1829:(49,2,18,33,17,17,0)
1830:(50,2,18,34,16,16,0)
1831:(49,2,18,34,16,16,0)
1832:(48,2,19,34,16,16,0)
1833:(49,2,18,34,16,16,0)
1834:(49,2,19,34,16,16,0)
1835:(50,2,19,35,15,15,0)
1836:(49,2,19,35,15,15,0)
1837:(48,2,20,35,15,15,0)
1838:(49,2,19,35,15,15,0)
1839:(49,2,20,35,15,15,0)
1840:(50,2,20,36,14,14,0)
1841:(49,2,20,36,14,14,0)
1842:(48,2,21,36,14,14,0)
1843:(49,2,20,36,14,14,0)
1844:(49,2,21,36,14,14,0)
1845:(50,2,19,36,14,14,0)
1846:(49,2,19,36,14,14,0)
1847:(48,2,20,36,14,14,0)
1848:(49,2,19,36,14,14,0)
1849:(49,2,20,36,14,14,0)
1850:(50,2,18,36,14,14,0)
1851:(49,2,18,36,14,14,0)
1852:(48,2,19,36,14,14,0)
1853:(49,2,18,36,14,14,0)
1854:(49,2,19,36,14,14,0)
1855:(50,2,19,37,13,13,0)
1856:(49,2,19,37,13,13,0)
1857:(48,2,20,37,13,13,0)
1858:(49,2,19,37,13,13,0)
1859:(49,2,20,37,13,13,0)
1860:(50,2,20,38,12,12,0)
1861:(49,2,20,38,12,12,0)
1862:(48,2,21,38,12,12,0)
1863:(49,2,20,38,12,12,0)
1864:(49,2,21,38,12,12,0)
1865:(50,2,21,39,11,11,0)
1866:(49,2,21,39,11,11,0)
1867:(48,2,22,39,11,11,0)
1868:(49,2,21,39,11,11,0)
1869:(49,2,22,39,11,11,0)
1870:(50,2,22,40,10,10,0)
1871:(49,2,22,40,10,10,0)
1872:(48,2,23,40,10,10,0)
1873:(49,2,22,40,10,10,0)
1874:(49,2,23,40,10,10,0)
1875:(50,2,21,40,10,10,0)
1876:(49,2,21,40,10,10,0)
1877:(48,2,22,40,10,10,0)
1878:(49,2,21,40,10,10,0)
1879:(49,2,22,40,10,10,0)
1880:(50,2,22,41,9,9,0)
1881:(49,2,22,41,9,9,0)
1882:(48,2,23,41,9,9,0)
1883:(49,2,22,41,9,9,0)
1884:(49,2,23,41,9,9,0)
1885:(50,2,21,41,9,9,0)
1886:(49,2,21,41,9,9,0)
1887:(48,2,22,41,9,9,0)
1888:(49,2,21,41,9,9,0)
1889:(49,2,22,41,9,9,0)
1890:(50,2,20,41,9,9,0)
1891:(49,2,20,41,9,9,0)
1892:(48,2,21,41,9,9,0)
1893:(49,2,20,41,9,9,0)
1894:(49,2,21,41,9,9,0)
1895:(50,2,21,42,8,8,0)
1896:(49,2,21,42,8,8,0)
1897:(48,2,22,42,8,8,0)
1898:(49,2,21,42,8,8,0)
1899:(49,2,22,42,8,8,0)
1900:(50,2,22,43,7,7,0)
1901:(49,2,22,43,7,7,0)
1902:(48,2,23,43,7,7,0)
1903:(49,2,22,43,7,7,0)
1904:(49,2,23,43,7,7,0)
1905:(50,2,23,44,6,6,0)
1906:(49,2,23,44,6,6,0)
1907:(48,2,24,44,6,6,0)
1908:(49,2,23,44,6,6,0)
1909:(49,2,24,44,6,6,0)
1910:(50,2,24,45,5,5,0)
1911:(49,2,24,45,5,5,0)
1912:(48,2,25,45,5,5,0)
1913:(49,2,24,45,5,5,0)
1914:(49,2,25,45,5,5,0)
1915:(50,2,23,45,5,5,0)
1916:(49,2,23,45,5,5,0)
1917:(48,2,24,45,5,5,0)
1918:(49,2,23,45,5,5,0)
1919:(49,2,24,45,5,5,0)
1920:(50,2,24,46,4,4,0)
1921:(49,2,24,46,4,4,0)
1922:(48,2,25,46,4,4,0)
1923:(49,2,24,46,4,4,0)
1924:(49,2,25,46,4,4,0)
1925:(50,2,25,47,3,3,0)
1926:(49,2,25,47,3,3,0)
1927:(48,2,26,47,3,3,0)
1928:(49,2,25,47,3,3,0)
1929:(49,2,26,47,3,3,0)
1930:(50,2,24,47,3,3,0)
1931:(49,2,24,47,3,3,0)
1932:(48,2,25,47,3,3,0)
1933:(49,2,24,47,3,3,0)
1934:(49,2,25,47,3,3,0)
1935:(50,2,23,47,3,3,0)
1936:(49,2,23,47,3,3,0)
1937:(48,2,24,47,3,3,0)
1938:(49,2,23,47,3,3,0)
1939:(49,2,24,47,3,3,0)
1940:(50,2,24,48,2,2,0)
1941:(49,2,24,48,2,2,0)
1942:(48,2,25,48,2,2,0)
1943:(49,2,24,48,2,2,0)
1944:(49,2,25,48,2,2,0)
1945:(50,2,23,48,2,2,0)
1946:(49,2,23,48,2,2,0)
1947:(48,2,24,48,2,2,0)
1948:(49,2,23,48,2,2,0)
1949:(49,2,24,48,2,2,0)
1950:(50,2,24,49,1,1,0)
1951:(49,2,24,49,1,1,0)
1952:(48,2,25,49,1,1,0)
1953:(49,2,24,49,1,1,0)
1954:(49,2,25,49,1,1,0)
1955:(50,2,25,50,0,0,0)
1956:(49,2,25,50,0,0,0)
1957:(48,2,26,50,0,0,0)
1958:(49,2,25,50,0,0,0)
1959:(49,2,26,50,0,0,0)
1960:(50,2,24,50,0,0,0)
1961:(49,2,24,50,0,0,0)
1962:(48,2,25,50,0,0,0)
1963:(49,2,24,50,0,0,0)
1964:(49,2,25,50,0,0,0)
1965:(50,2,23,50,0,0,0)
1966:(49,2,23,50,0,0,0)
1967:(48,2,24,50,0,0,0)
1968:(49,2,23,50,0,0,0)
1969:(49,2,24,50,0,0,0)
1970:(50,2,22,50,0,0,0)
1971:(49,2,22,50,0,0,0)
1972:(48,2,23,50,0,0,0)
1973:(49,2,22,50,0,0,0)
1974:(49,2,23,50,0,0,0)
1975:(50,2,21,50,0,0,0)
1976:(49,2,21,50,0,0,0)
1977:(48,2,22,50,0,0,0)
1978:(49,2,21,50,0,0,0)
1979:(49,2,22,50,0,0,0)
1980:(50,2,20,50,0,0,0)
1981:(49,2,20,50,0,0,0)
1982:(48,2,21,50,0,0,0)
1983:(49,2,20,50,0,0,0)
1984:(49,2,21,50,0,0,0)
1985:(50,2,19,50,0,0,0)
1986:(49,2,19,50,0,0,0)
1987:(48,2,20,50,0,0,0)
1988:(49,2,19,50,0,0,0)
1989:(49,2,20,50,0,0,0)
1990:(50,2,18,50,0,0,0)
1991:(49,2,18,50,0,0,0)
1992:(48,2,19,50,0,0,0)
1993:(49,2,18,50,0,0,0)
1994:(49,2,19,50,0,0,0)
1995:(50,2,17,50,0,0,0)
1996:(49,2,17,50,0,0,0)
1997:(48,2,18,50,0,0,0)
1998:(49,2,17,50,0,0,0)
1999:(49,2,18,50,0,0,0)
2000:(50,2,16,50,0,0,0)
2001:(49,2,16,50,0,0,0)
2002:(48,2,17,50,0,0,0)
2003:(49,2,16,50,0,0,0)
2004:(49,2,17,50,0,0,0)
2005:(50,2,15,50,0,0,0)
2006:(49,2,15,50,0,0,0)
2007:(48,2,16,50,0,0,0)
2008:(49,2,15,50,0,0,0)
2009:(49,2,16,50,0,0,0)
2010:(50,2,14,50,0,0,0)
2011:(49,2,14,50,0,0,0)
2012:(48,2,15,50,0,0,0)
2013:(49,2,14,50,0,0,0)
2014:(49,2,15,50,0,0,0)
2015:(50,2,13,50,0,0,0)
2016:(49,2,13,50,0,0,0)
2017:(48,2,14,50,0,0,0)
2018:(49,2,13,50,0,0,0)
2019:(49,2,14,50,0,0,0)
2020:(50,2,12,50,0,0,0)
2021:(49,2,12,50,0,0,0)
2022:(48,2,13,50,0,0,0)
2023:(49,2,12,50,0,0,0)
2024:(49,2,13,50,0,0,0)
2025:(50,2,11,50,0,0,0)
2026:(49,2,11,50,0,0,0)
2027:(48,2,12,50,0,0,0)
2028:(49,2,11,50,0,0,0)
2029:(49,2,12,50,0,0,0)
2030:(50,2,10,50,0,0,0)
2031:(49,2,10,50,0,0,0)
2032:(48,2,11,50,0,0,0)
2033:(49,2,10,50,0,0,0)
2034:(49,2,11,50,0,0,0)
2035:(50,2,9,50,0,0,0)
2036:(49,2,9,50,0,0,0)
2037:(48,2,10,50,0,0,0)
2038:(49,2,9,50,0,0,0)
2039:(49,2,10,50,0,0,0)
2040:(50,2,8,50,0,0,0)
2041:(49,2,8,50,0,0,0)
2042:(48,2,9,50,0,0,0)
2043:(49,2,8,50,0,0,0)
2044:(49,2,9,50,0,0,0)
2045:(50,2,7,50,0,0,0)
2046:(49,2,7,50,0,0,0)
2047:(48,2,8,50,0,0,0)
2048:(49,2,7,50,0,0,0)
2049:(49,2,8,50,0,0,0)
2050:(50,2,6,50,0,0,0)
2051:(49,2,6,50,0,0,0)
2052:(48,2,7,50,0,0,0)
2053:(49,2,6,50,0,0,0)
2054:(49,2,7,50,0,0,0)
2055:(50,2,5,50,0,0,0)
2056:(49,2,5,50,0,0,0)
2057:(48,2,6,50,0,0,0)
2058:(49,2,5,50,0,0,0)
2059:(49,2,6,50,0,0,0)
2060:(50,2,4,50,0,0,0)
2061:(49,2,4,50,0,0,0)
2062:(48,2,5,50,0,0,0)
2063:(49,2,4,50,0,0,0)
2064:(49,2,5,50,0,0,0)
2065:(50,2,3,50,0,0,0)
2066:(49,2,3,50,0,0,0)
2067:(48,2,4,50,0,0,0)
2068:(49,2,3,50,0,0,0)
2069:(49,2,4,50,0,0,0)
2070:(50,2,2,50,0,0,0)
2071:(49,2,2,50,0,0,0)
2072:(48,2,3,50,0,0,0)
2073:(49,2,2,50,0,0,0)
2074:(49,2,3,50,0,0,0)
2075:(49,2,1,50,0,0,0)
2076:(48,2,2,50,0,0,0)
2077:(49,2,1,50,0,0,0)
2078:(49,2,2,50,0,0,0)
2079:(51,2,0,50,0,0,0)
2080:(49,2,1,50,0,0,0)
2081:(-1,-1,-1,-1,-1,-1,-1)