(codY,flache,SigD_hag,hag,CodY_flache,CodY_hag,CodY,SigD,Hag)
0:(1,1,1,1,1,1,10,10,10)
1:(1,1,1,1,1,1,11,10,10)
2:(1,1,1,1,1,1,12,10,10)
3:(1,1,1,1,1,1,13,10,10)
4:(1,1,1,1,1,1,14,10,10)
5:(1,1,1,1,1,1,15,10,10)
6:(1,1,1,1,1,1,16,10,10)
7:(1,1,1,1,1,1,17,10,10)
8:(1,1,1,1,1,1,18,10,10)
9:(1,1,1,1,1,1,19,10,10)
10:(1,1,1,1,1,1,20,10,10)
11:(1,1,1,1,1,1,20,11,10)
12:(1,1,1,1,1,1,20,9,10)
13:(1,1,0,2,1,1,20,11,11)
14:(1,1,1,1,1,1,20,10,9)
15:(1,1,2,0,1,1,20,9,10)
16:(1,1,0,2,1,1,20,11,10)
17:(1,0,1,1,2,1,19,10,10)
18:(1,1,1,0,1,2,19,10,10)
19:(1,1,1,1,1,1,19,11,10)
20:(1,1,1,1,1,1,19,9,10)
21:(1,1,0,2,1,1,19,11,11)
22:(1,1,1,1,1,1,19,10,9)
23:(1,1,2,0,1,1,19,9,10)
24:(1,1,0,2,1,1,19,11,10)
25:(1,0,1,1,2,1,18,10,10)
26:(1,1,1,0,1,2,18,10,10)
27:(1,1,1,1,1,1,18,11,10)
28:(1,1,1,1,1,1,18,9,10)
29:(1,1,0,2,1,1,18,11,11)
30:(1,1,1,1,1,1,18,10,9)
31:(1,1,2,0,1,1,18,9,10)
32:(1,1,0,2,1,1,18,11,10)
33:(1,0,1,1,2,1,17,10,10)
34:(1,1,1,0,1,2,17,10,10)
35:(1,1,1,1,1,1,17,11,10)
36:(1,1,1,1,1,1,17,9,10)
37:(1,1,0,2,1,1,17,11,11)
38:(1,1,1,1,1,1,17,10,9)
39:(1,1,2,0,1,1,17,9,10)
40:(1,1,0,2,1,1,17,11,10)
41:(1,0,1,1,2,1,16,10,10)
42:(1,1,1,0,1,2,16,10,10)
43:(1,1,1,1,1,1,16,11,10)
44:(1,1,1,1,1,1,16,9,10)
45:(1,1,0,2,1,1,16,11,11)
46:(1,1,1,1,1,1,16,10,9)
47:(1,1,2,0,1,1,16,9,10)
48:(1,1,0,2,1,1,16,11,10)
49:(1,0,1,1,2,1,15,10,10)
50:(1,1,1,0,1,2,15,10,10)
51:(1,1,1,1,1,1,15,11,10)
52:(1,1,1,1,1,1,15,9,10)
53:(1,1,0,2,1,1,15,11,11)
54:(1,1,1,1,1,1,15,10,9)
55:(1,1,2,0,1,1,15,9,10)
56:(1,1,0,2,1,1,15,11,10)
57:(1,0,1,1,2,1,14,10,10)
58:(1,1,1,0,1,2,14,10,10)
59:(1,1,1,1,1,1,14,11,10)
60:(1,1,1,1,1,1,14,9,10)
61:(1,1,0,2,1,1,14,11,11)
62:(1,1,1,1,1,1,14,10,9)
63:(1,1,2,0,1,1,14,9,10)
64:(1,1,0,2,1,1,14,11,10)
65:(1,0,1,1,2,1,13,10,10)
66:(1,1,1,0,1,2,13,10,10)
67:(1,1,1,1,1,1,13,11,10)
68:(1,1,1,1,1,1,13,9,10)
69:(1,1,0,2,1,1,13,11,11)
70:(1,1,1,1,1,1,13,10,9)
71:(1,1,2,0,1,1,13,9,10)
72:(1,1,0,2,1,1,13,11,10)
73:(1,0,1,1,2,1,12,10,10)
74:(1,1,1,0,1,2,12,10,10)
75:(1,1,1,1,1,1,12,11,10)
76:(1,1,1,1,1,1,12,9,10)
77:(1,1,0,2,1,1,12,11,11)
78:(1,1,1,1,1,1,12,10,9)
79:(1,1,2,0,1,1,12,9,10)
80:(1,1,0,2,1,1,12,11,10)
81:(1,0,1,1,2,1,11,10,10)
82:(1,1,1,0,1,2,11,10,10)
83:(1,1,1,1,1,1,11,11,10)
84:(1,1,1,1,1,1,11,9,10)
85:(1,1,0,2,1,1,11,11,11)
86:(1,1,1,1,1,1,11,10,9)
87:(1,1,2,0,1,1,11,9,10)
88:(1,1,0,2,1,1,11,11,10)
89:(1,0,1,1,2,1,10,10,10)
90:(1,1,1,0,1,2,10,10,10)
91:(1,1,1,1,1,1,9,10,10)
92:(1,1,1,1,1,1,10,11,10)
93:(1,1,1,1,1,1,10,9,10)
94:(1,1,0,2,1,1,10,11,11)
95:(1,1,1,1,1,1,10,10,9)
96:(1,1,2,0,1,1,10,9,10)
97:(1,1,0,2,1,1,10,11,10)
98:(1,0,1,1,2,1,9,10,10)
99:(1,1,1,0,1,2,9,10,10)
100:(1,2,1,1,0,1,18,10,10)
101:(1,1,1,2,1,0,18,10,10)
102:(1,2,1,1,0,1,17,10,10)
103:(1,1,1,2,1,0,17,10,10)
104:(1,2,1,1,0,1,16,10,10)
105:(1,1,1,2,1,0,16,10,10)
106:(1,2,1,1,0,1,15,10,10)
107:(1,1,1,2,1,0,15,10,10)
108:(1,2,1,1,0,1,14,10,10)
109:(1,1,1,2,1,0,14,10,10)
110:(1,2,1,1,0,1,13,10,10)
111:(1,1,1,2,1,0,13,10,10)
112:(1,2,1,1,0,1,12,10,10)
113:(1,1,1,2,1,0,12,10,10)
114:(1,2,1,1,0,1,11,10,10)
115:(1,1,1,2,1,0,11,10,10)
116:(1,1,1,1,1,1,8,10,10)
117:(1,1,1,1,1,1,9,11,10)
118:(1,1,1,1,1,1,9,9,10)
119:(1,1,0,2,1,1,9,11,11)
120:(1,1,1,1,1,1,9,10,9)
121:(1,1,2,0,1,1,9,9,10)
122:(1,1,0,2,1,1,9,11,10)
123:(1,0,1,1,2,1,8,10,10)
124:(1,2,1,1,0,1,10,10,10)
125:(1,1,1,0,1,2,8,10,10)
126:(1,1,1,2,1,0,10,10,10)
127:(1,1,1,1,1,1,16,12,10)
128:(1,1,0,2,1,1,16,12,11)
129:(1,1,1,1,1,1,16,11,9)
130:(1,1,2,0,1,1,16,10,10)
131:(1,1,0,2,1,1,16,12,10)
132:(1,0,1,1,2,1,15,11,10)
133:(1,1,1,0,1,2,15,11,10)
134:(1,1,1,1,1,1,15,12,10)
135:(1,1,0,2,1,1,15,12,11)
136:(1,1,1,1,1,1,15,11,9)
137:(1,1,2,0,1,1,15,10,10)
138:(1,1,0,2,1,1,15,12,10)
139:(1,0,1,1,2,1,14,11,10)
140:(1,1,1,0,1,2,14,11,10)
141:(1,1,1,1,1,1,14,12,10)
142:(1,1,0,2,1,1,14,12,11)
143:(1,1,1,1,1,1,14,11,9)
144:(1,1,2,0,1,1,14,10,10)
145:(1,1,0,2,1,1,14,12,10)
146:(1,0,1,1,2,1,13,11,10)
147:(1,1,1,0,1,2,13,11,10)
148:(1,1,1,1,1,1,13,12,10)
149:(1,1,0,2,1,1,13,12,11)
150:(1,1,1,1,1,1,13,11,9)
151:(1,1,2,0,1,1,13,10,10)
152:(1,1,0,2,1,1,13,12,10)
153:(1,0,1,1,2,1,12,11,10)
154:(1,1,1,0,1,2,12,11,10)
155:(1,1,1,1,1,1,12,12,10)
156:(1,1,0,2,1,1,12,12,11)
157:(1,1,1,1,1,1,12,11,9)
158:(1,1,2,0,1,1,12,10,10)
159:(1,1,0,2,1,1,12,12,10)
160:(1,0,1,1,2,1,11,11,10)
161:(1,1,1,0,1,2,11,11,10)
162:(1,1,1,1,1,1,11,12,10)
163:(1,1,0,2,1,1,11,12,11)
164:(1,1,1,1,1,1,11,11,9)
165:(1,1,2,0,1,1,11,10,10)
166:(1,1,0,2,1,1,11,12,10)
167:(1,0,1,1,2,1,10,11,10)
168:(1,1,1,0,1,2,10,11,10)
169:(1,1,1,1,1,1,10,12,10)
170:(1,1,0,2,1,1,10,12,11)
171:(1,1,1,1,1,1,10,11,9)
172:(1,1,2,0,1,1,10,10,10)
173:(1,1,0,2,1,1,10,12,10)
174:(1,0,1,1,2,1,9,11,10)
175:(1,1,1,0,1,2,9,11,10)
176:(1,1,1,1,1,1,16,8,10)
177:(1,1,0,2,1,1,16,10,11)
178:(1,1,1,1,1,1,16,9,9)
179:(1,1,2,0,1,1,16,8,10)
180:(1,1,0,2,1,1,16,10,10)
181:(1,0,1,1,2,1,15,9,10)
182:(1,1,1,0,1,2,15,9,10)
183:(1,1,1,1,1,1,15,8,10)
184:(1,1,0,2,1,1,15,10,11)
185:(1,1,1,1,1,1,15,9,9)
186:(1,1,2,0,1,1,15,8,10)
187:(1,1,0,2,1,1,15,10,10)
188:(1,0,1,1,2,1,14,9,10)
189:(1,1,1,0,1,2,14,9,10)
190:(1,1,1,1,1,1,14,8,10)
191:(1,1,0,2,1,1,14,10,11)
192:(1,1,1,1,1,1,14,9,9)
193:(1,1,2,0,1,1,14,8,10)
194:(1,1,0,2,1,1,14,10,10)
195:(1,0,1,1,2,1,13,9,10)
196:(1,1,1,0,1,2,13,9,10)
197:(1,1,1,1,1,1,13,8,10)
198:(1,1,0,2,1,1,13,10,11)
199:(1,1,1,1,1,1,13,9,9)
200:(1,1,2,0,1,1,13,8,10)
201:(1,1,0,2,1,1,13,10,10)
202:(1,0,1,1,2,1,12,9,10)
203:(1,1,1,0,1,2,12,9,10)
204:(1,1,1,1,1,1,12,8,10)
205:(1,1,0,2,1,1,12,10,11)
206:(1,1,1,1,1,1,12,9,9)
207:(1,1,2,0,1,1,12,8,10)
208:(1,1,0,2,1,1,12,10,10)
209:(1,0,1,1,2,1,11,9,10)
210:(1,1,1,0,1,2,11,9,10)
211:(1,1,1,1,1,1,11,8,10)
212:(1,1,0,2,1,1,11,10,11)
213:(1,1,1,1,1,1,11,9,9)
214:(1,1,2,0,1,1,11,8,10)
215:(1,1,0,2,1,1,11,10,10)
216:(1,0,1,1,2,1,10,9,10)
217:(1,1,1,0,1,2,10,9,10)
218:(1,1,1,1,1,1,10,8,10)
219:(1,1,0,2,1,1,10,10,11)
220:(1,1,1,1,1,1,10,9,9)
221:(1,1,2,0,1,1,10,8,10)
222:(1,1,0,2,1,1,10,10,10)
223:(1,0,1,1,2,1,9,9,10)
224:(1,1,1,0,1,2,9,9,10)
225:(1,1,1,1,1,1,16,10,11)
226:(1,0,0,2,2,1,15,11,11)
227:(1,1,0,1,1,2,15,11,11)
228:(1,1,1,1,1,1,15,10,11)
229:(1,0,0,2,2,1,14,11,11)
230:(1,1,0,1,1,2,14,11,11)
231:(1,1,1,1,1,1,14,10,11)
232:(1,0,0,2,2,1,13,11,11)
233:(1,1,0,1,1,2,13,11,11)
234:(1,1,1,1,1,1,13,10,11)
235:(1,0,0,2,2,1,12,11,11)
236:(1,1,0,1,1,2,12,11,11)
237:(1,1,1,1,1,1,12,10,11)
238:(1,0,0,2,2,1,11,11,11)
239:(1,1,0,1,1,2,11,11,11)
240:(1,1,1,1,1,1,11,10,11)
241:(1,0,0,2,2,1,10,11,11)
242:(1,1,0,1,1,2,10,11,11)
243:(1,1,1,1,1,1,10,10,11)
244:(1,0,0,2,2,1,9,11,11)
245:(1,1,0,1,1,2,9,11,11)
246:(1,1,1,1,1,1,16,10,8)
247:(1,1,2,0,1,1,16,9,9)
248:(1,1,0,2,1,1,16,11,9)
249:(1,0,1,1,2,1,15,10,9)
250:(1,1,1,0,1,2,15,10,9)
251:(1,1,1,1,1,1,15,10,8)
252:(1,1,2,0,1,1,15,9,9)
253:(1,1,0,2,1,1,15,11,9)
254:(1,0,1,1,2,1,14,10,9)
255:(1,1,1,0,1,2,14,10,9)
256:(1,1,1,1,1,1,14,10,8)
257:(1,1,2,0,1,1,14,9,9)
258:(1,1,0,2,1,1,14,11,9)
259:(1,0,1,1,2,1,13,10,9)
260:(1,1,1,0,1,2,13,10,9)
261:(1,1,1,1,1,1,13,10,8)
262:(1,1,2,0,1,1,13,9,9)
263:(1,1,0,2,1,1,13,11,9)
264:(1,0,1,1,2,1,12,10,9)
265:(1,1,1,0,1,2,12,10,9)
266:(1,1,1,1,1,1,12,10,8)
267:(1,1,2,0,1,1,12,9,9)
268:(1,1,0,2,1,1,12,11,9)
269:(1,0,1,1,2,1,11,10,9)
270:(1,1,1,0,1,2,11,10,9)
271:(1,1,1,1,1,1,11,10,8)
272:(1,1,2,0,1,1,11,9,9)
273:(1,1,0,2,1,1,11,11,9)
274:(1,0,1,1,2,1,10,10,9)
275:(1,1,1,0,1,2,10,10,9)
276:(1,1,1,1,1,1,10,10,8)
277:(1,1,2,0,1,1,10,9,9)
278:(1,1,0,2,1,1,10,11,9)
279:(1,0,1,1,2,1,9,10,9)
280:(1,1,1,0,1,2,9,10,9)
281:(1,0,2,0,2,1,15,9,10)
282:(1,0,2,0,2,1,14,9,10)
283:(1,0,2,0,2,1,13,9,10)
284:(1,0,2,0,2,1,12,9,10)
285:(1,0,2,0,2,1,11,9,10)
286:(1,0,2,0,2,1,10,9,10)
287:(1,0,2,0,2,1,9,9,10)
288:(1,0,0,2,2,1,15,11,10)
289:(1,1,0,1,1,2,15,11,10)
290:(1,0,0,2,2,1,14,11,10)
291:(1,1,0,1,1,2,14,11,10)
292:(1,0,0,2,2,1,13,11,10)
293:(1,1,0,1,1,2,13,11,10)
294:(1,0,0,2,2,1,12,11,10)
295:(1,1,0,1,1,2,12,11,10)
296:(1,0,0,2,2,1,11,11,10)
297:(1,1,0,1,1,2,11,11,10)
298:(1,0,0,2,2,1,10,11,10)
299:(1,1,0,1,1,2,10,11,10)
300:(1,0,0,2,2,1,9,11,10)
301:(1,1,0,1,1,2,9,11,10)
302:(1,0,1,0,2,2,14,10,10)
303:(1,0,1,2,2,0,16,10,10)
304:(1,0,1,0,2,2,13,10,10)
305:(1,0,1,2,2,0,15,10,10)
306:(1,0,1,0,2,2,12,10,10)
307:(1,0,1,2,2,0,14,10,10)
308:(1,0,1,0,2,2,11,10,10)
309:(1,0,1,2,2,0,13,10,10)
310:(1,0,1,0,2,2,10,10,10)
311:(1,0,1,2,2,0,12,10,10)
312:(1,0,1,0,2,2,9,10,10)
313:(1,0,1,2,2,0,11,10,10)
314:(1,0,1,0,2,2,8,10,10)
315:(1,0,1,2,2,0,10,10,10)
316:(1,2,1,1,0,1,19,10,10)
317:(1,2,1,1,0,1,20,10,10)
318:(1,2,1,0,0,2,17,10,10)
319:(1,2,1,0,0,2,16,10,10)
320:(1,2,1,0,0,2,15,10,10)
321:(1,2,1,0,0,2,14,10,10)
322:(1,2,1,0,0,2,13,10,10)
323:(1,2,1,0,0,2,12,10,10)
324:(1,2,1,0,0,2,11,10,10)
325:(1,2,1,0,0,2,10,10,10)
326:(1,1,1,2,1,0,19,10,10)
327:(1,1,1,2,1,0,20,10,10)
328:(1,0,1,2,2,0,17,10,10)
329:(1,1,1,1,1,1,19,12,10)
330:(1,1,0,2,1,1,19,12,11)
331:(1,1,1,1,1,1,19,11,9)
332:(1,1,2,0,1,1,19,10,10)
333:(1,1,0,2,1,1,19,12,10)
334:(1,0,1,1,2,1,18,11,10)
335:(1,1,1,0,1,2,18,11,10)
336:(1,1,1,1,1,1,18,12,10)
337:(1,1,0,2,1,1,18,12,11)
338:(1,1,1,1,1,1,18,11,9)
339:(1,1,2,0,1,1,18,10,10)
340:(1,1,0,2,1,1,18,12,10)
341:(1,0,1,1,2,1,17,11,10)
342:(1,1,1,0,1,2,17,11,10)
343:(1,1,1,1,1,1,17,12,10)
344:(1,1,0,2,1,1,17,12,11)
345:(1,1,1,1,1,1,17,11,9)
346:(1,1,2,0,1,1,17,10,10)
347:(1,1,0,2,1,1,17,12,10)
348:(1,0,1,1,2,1,16,11,10)
349:(1,1,1,0,1,2,16,11,10)
350:(1,1,1,1,1,1,20,12,10)
351:(1,1,0,2,1,1,20,12,11)
352:(1,1,1,1,1,1,20,11,9)
353:(1,1,2,0,1,1,20,10,10)
354:(1,1,0,2,1,1,20,12,10)
355:(1,1,1,1,1,1,19,8,10)
356:(1,1,0,2,1,1,19,10,11)
357:(1,1,1,1,1,1,19,9,9)
358:(1,1,2,0,1,1,19,8,10)
359:(1,1,0,2,1,1,19,10,10)
360:(1,0,1,1,2,1,18,9,10)
361:(1,1,1,0,1,2,18,9,10)
362:(1,1,1,1,1,1,18,8,10)
363:(1,1,0,2,1,1,18,10,11)
364:(1,1,1,1,1,1,18,9,9)
365:(1,1,2,0,1,1,18,8,10)
366:(1,1,0,2,1,1,18,10,10)
367:(1,0,1,1,2,1,17,9,10)
368:(1,1,1,0,1,2,17,9,10)
369:(1,1,1,1,1,1,17,8,10)
370:(1,1,0,2,1,1,17,10,11)
371:(1,1,1,1,1,1,17,9,9)
372:(1,1,2,0,1,1,17,8,10)
373:(1,1,0,2,1,1,17,10,10)
374:(1,0,1,1,2,1,16,9,10)
375:(1,1,1,0,1,2,16,9,10)
376:(1,1,1,1,1,1,20,8,10)
377:(1,1,0,2,1,1,20,10,11)
378:(1,1,1,1,1,1,20,9,9)
379:(1,1,2,0,1,1,20,8,10)
380:(1,1,0,2,1,1,20,10,10)
381:(1,1,1,1,1,1,19,10,11)
382:(1,0,0,2,2,1,18,11,11)
383:(1,1,0,1,1,2,18,11,11)
384:(1,1,1,1,1,1,18,10,11)
385:(1,0,0,2,2,1,17,11,11)
386:(1,1,0,1,1,2,17,11,11)
387:(1,1,1,1,1,1,17,10,11)
388:(1,0,0,2,2,1,16,11,11)
389:(1,1,0,1,1,2,16,11,11)
390:(1,1,0,2,1,1,18,11,9)
391:(1,0,0,2,2,1,17,11,10)
392:(1,1,0,1,1,2,17,11,10)
393:(1,1,0,2,1,1,17,11,9)
394:(1,0,0,2,2,1,16,11,10)
395:(1,1,0,1,1,2,16,11,10)
396:(1,1,1,1,1,1,20,10,11)
397:(1,1,1,1,1,1,19,10,8)
398:(1,1,2,0,1,1,19,9,9)
399:(1,1,0,2,1,1,19,11,9)
400:(1,0,1,1,2,1,18,10,9)
401:(1,1,1,0,1,2,18,10,9)
402:(1,1,1,1,1,1,18,10,8)
403:(1,1,2,0,1,1,18,9,9)
404:(1,0,1,1,2,1,17,10,9)
405:(1,1,1,0,1,2,17,10,9)
406:(1,1,1,1,1,1,17,10,8)
407:(1,1,2,0,1,1,17,9,9)
408:(1,0,1,1,2,1,16,10,9)
409:(1,1,1,0,1,2,16,10,9)
410:(1,1,1,1,1,1,20,10,8)
411:(1,1,2,0,1,1,20,9,9)
412:(1,1,0,2,1,1,20,11,9)
413:(1,0,2,0,2,1,18,9,10)
414:(1,0,2,0,2,1,17,9,10)
415:(1,0,2,0,2,1,16,9,10)
416:(1,0,1,0,2,2,16,10,10)
417:(1,0,1,2,2,0,18,10,10)
418:(1,0,1,0,2,2,15,10,10)
419:(1,0,1,1,2,1,20,10,10)
420:(1,0,0,2,2,1,18,11,10)
421:(1,0,1,0,2,2,17,10,10)
422:(1,0,1,2,2,0,19,10,10)
423:(1,0,1,2,2,0,20,10,10)
424:(1,2,1,0,0,2,18,10,10)
425:(1,1,1,0,1,2,20,10,10)
426:(1,1,0,1,1,2,18,11,10)
427:(1,2,1,0,0,2,19,10,10)
428:(1,2,1,0,0,2,20,10,10)
429:(-1,-1,-1,-1,-1,-1,-1,-1,-1)