(R,L,RL,G,Ga,Gbg,Gd)
0:(50,2,0,50,0,0,0)
1:(50,2,1,50,0,0,0)
2:(49,2,2,50,0,0,0)
3:(49,2,1,49,1,1,0)
4:(49,2,0,48,2,2,0)
5:(49,2,1,48,2,2,0)
6:(49,2,0,47,3,3,0)
7:(48,2,1,47,3,3,0)
8:(48,2,2,47,3,3,0)
9:(48,2,1,46,4,4,0)
10:(48,2,0,45,5,5,0)
11:(47,2,1,45,5,5,0)
12:(46,2,2,45,5,5,0)
13:(46,2,1,44,6,6,0)
14:(46,2,0,43,7,7,0)
15:(46,2,1,43,7,7,0)
16:(45,2,2,43,7,7,0)
17:(45,2,1,42,8,8,0)
18:(45,2,0,41,9,9,0)
19:(45,2,1,41,9,9,0)
20:(45,2,0,40,10,10,0)
21:(45,2,1,40,10,10,0)
22:(44,2,2,40,10,10,0)
23:(44,2,3,40,10,10,0)
24:(44,2,2,39,11,11,0)
25:(44,2,1,38,12,12,0)
26:(44,2,2,38,12,12,0)
27:(44,2,1,37,13,13,0)
28:(44,2,2,37,13,13,0)
29:(44,2,1,36,14,14,0)
30:(44,2,0,35,15,15,0)
31:(44,2,1,35,15,15,0)
32:(44,2,0,34,16,16,0)
33:(44,2,1,34,16,16,0)
34:(44,2,2,34,16,16,0)
35:(44,2,1,33,17,17,0)
36:(44,2,0,32,18,18,0)
37:(43,2,1,32,18,18,0)
38:(43,2,2,32,18,18,0)
39:(43,2,1,31,19,19,0)
40:(43,2,0,30,20,20,0)
41:(43,2,1,30,20,20,0)
42:(43,2,2,30,20,20,0)
43:(43,2,1,29,21,21,0)
44:(42,2,2,29,21,21,0)
45:(42,2,1,28,22,22,0)
46:(41,2,2,28,22,22,0)
47:(40,2,3,28,22,22,0)
48:(40,2,2,27,23,23,0)
49:(40,2,1,26,24,24,0)
50:(40,2,0,25,25,25,0)
51:(39,2,1,25,25,25,0)
52:(39,2,0,24,26,26,0)
53:(38,2,1,24,26,26,0)
54:(38,2,2,24,26,26,0)
55:(38,2,3,24,26,26,0)
56:(38,2,2,23,27,27,0)
57:(38,2,3,23,27,27,0)
58:(38,2,2,22,28,28,0)
59:(38,2,1,21,29,29,0)
60:(38,2,0,20,30,30,0)
61:(37,2,1,20,30,30,0)
62:(37,2,2,20,30,30,0)
63:(37,2,1,19,31,31,0)
64:(37,2,2,19,31,31,0)
65:(37,2,1,18,32,32,0)
66:(36,2,2,18,32,32,0)
67:(36,2,1,17,33,33,0)
68:(36,2,0,16,34,34,0)
69:(35,2,1,16,34,34,0)
70:(35,2,0,15,35,35,0)
71:(34,2,1,15,35,35,0)
72:(33,2,2,15,35,35,0)
73:(33,2,1,14,36,36,0)
74:(33,2,0,13,37,37,0)
75:(33,2,1,13,37,37,0)
76:(33,2,0,12,38,38,0)
77:(32,2,1,12,38,38,0)
78:(32,2,0,11,39,39,0)
79:(32,2,1,11,39,39,0)
80:(32,2,0,10,40,40,0)
81:(31,2,1,10,40,40,0)
82:(31,2,0,9,41,41,0)
83:(31,2,1,9,41,41,0)
84:(31,2,0,8,42,42,0)
85:(31,2,1,8,42,42,0)
86:(30,2,2,8,42,42,0)
87:(30,2,1,7,43,43,0)
88:(30,2,0,6,44,44,0)
89:(29,2,1,6,44,44,0)
90:(29,2,0,5,45,45,0)
91:(28,2,1,5,45,45,0)
92:(28,2,0,4,46,46,0)
93:(27,2,1,4,46,46,0)
94:(27,2,0,3,47,47,0)
95:(27,2,1,3,47,47,0)
96:(27,2,2,3,47,47,0)
97:(27,2,3,3,47,47,0)
98:(27,2,2,2,48,48,0)
99:(27,2,1,1,49,49,0)
100:(27,2,0,0,50,50,0)
101:(-1,-1,-1,-1,-1,-1,-1)