(R,L,RL,G,Ga,Gbg,Gd)
0:(-1,-1,-1,-1,-1,-1,-1)
1:(27,2,0,0,50,50,0)
2:(27,2,0,3,47,47,0)
3:(27,2,1,1,49,49,0)
4:(27,2,1,3,47,47,0)
5:(27,2,1,4,46,46,0)
6:(27,2,2,2,48,48,0)
7:(27,2,2,3,47,47,0)
8:(27,2,3,3,47,47,0)
9:(28,2,0,4,46,46,0)
10:(28,2,1,5,45,45,0)
11:(29,2,0,5,45,45,0)
12:(29,2,1,6,44,44,0)
13:(30,2,0,6,44,44,0)
14:(30,2,1,7,43,43,0)
15:(30,2,2,8,42,42,0)
16:(31,2,0,8,42,42,0)
17:(31,2,0,9,41,41,0)
18:(31,2,1,8,42,42,0)
19:(31,2,1,9,41,41,0)
20:(31,2,1,10,40,40,0)
21:(32,2,0,10,40,40,0)
22:(32,2,0,11,39,39,0)
23:(32,2,1,11,39,39,0)
24:(32,2,1,12,38,38,0)
25:(33,2,0,12,38,38,0)
26:(33,2,0,13,37,37,0)
27:(33,2,1,13,37,37,0)
28:(33,2,1,14,36,36,0)
29:(33,2,2,15,35,35,0)
30:(34,2,1,15,35,35,0)
31:(35,2,0,15,35,35,0)
32:(35,2,1,16,34,34,0)
33:(36,2,0,16,34,34,0)
34:(36,2,1,17,33,33,0)
35:(36,2,2,18,32,32,0)
36:(37,2,1,18,32,32,0)
37:(37,2,1,19,31,31,0)
38:(37,2,1,20,30,30,0)
39:(37,2,2,19,31,31,0)
40:(37,2,2,20,30,30,0)
41:(38,2,0,20,30,30,0)
42:(38,2,1,21,29,29,0)
43:(38,2,1,24,26,26,0)
44:(38,2,2,22,28,28,0)
45:(38,2,2,23,27,27,0)
46:(38,2,2,24,26,26,0)
47:(38,2,3,23,27,27,0)
48:(38,2,3,24,26,26,0)
49:(39,2,0,24,26,26,0)
50:(39,2,1,25,25,25,0)
51:(40,2,0,25,25,25,0)
52:(40,2,1,26,24,24,0)
53:(40,2,2,27,23,23,0)
54:(40,2,3,28,22,22,0)
55:(41,2,2,28,22,22,0)
56:(42,2,1,28,22,22,0)
57:(42,2,2,29,21,21,0)
58:(43,2,0,30,20,20,0)
59:(43,2,1,29,21,21,0)
60:(43,2,1,30,20,20,0)
61:(43,2,1,31,19,19,0)
62:(43,2,1,32,18,18,0)
63:(43,2,2,30,20,20,0)
64:(43,2,2,32,18,18,0)
65:(44,2,0,32,18,18,0)
66:(44,2,0,34,16,16,0)
67:(44,2,0,35,15,15,0)
68:(44,2,1,33,17,17,0)
69:(44,2,1,34,16,16,0)
70:(44,2,1,35,15,15,0)
71:(44,2,1,36,14,14,0)
72:(44,2,1,37,13,13,0)
73:(44,2,1,38,12,12,0)
74:(44,2,2,34,16,16,0)
75:(44,2,2,37,13,13,0)
76:(44,2,2,38,12,12,0)
77:(44,2,2,39,11,11,0)
78:(44,2,2,40,10,10,0)
79:(44,2,3,40,10,10,0)
80:(45,2,0,40,10,10,0)
81:(45,2,0,41,9,9,0)
82:(45,2,1,40,10,10,0)
83:(45,2,1,41,9,9,0)
84:(45,2,1,42,8,8,0)
85:(45,2,2,43,7,7,0)
86:(46,2,0,43,7,7,0)
87:(46,2,1,43,7,7,0)
88:(46,2,1,44,6,6,0)
89:(46,2,2,45,5,5,0)
90:(47,2,1,45,5,5,0)
91:(48,2,0,45,5,5,0)
92:(48,2,1,46,4,4,0)
93:(48,2,1,47,3,3,0)
94:(48,2,2,47,3,3,0)
95:(49,2,0,47,3,3,0)
96:(49,2,0,48,2,2,0)
97:(49,2,1,48,2,2,0)
98:(49,2,1,49,1,1,0)
99:(49,2,2,50,0,0,0)
100:(50,2,0,50,0,0,0)
101:(50,2,1,50,0,0,0)
