(R_,L,RL,G_,G_a,G_bg,G_d)
0:(50,2,0,50,0,0,0)
1:(50,2,1,50,0,0,0)
2:(50,2,2,50,0,0,0)
3:(50,2,3,50,0,0,0)
4:(50,2,2,49,1,1,0)
5:(50,2,2,49,0,1,1)
6:(51,2,2,49,0,1,1)
7:(50,2,3,49,0,1,1)
8:(50,2,4,49,0,1,1)
9:(50,2,5,49,0,1,1)
10:(51,2,5,49,0,1,1)
11:(52,2,5,49,0,1,1)
12:(53,2,5,49,0,1,1)
13:(54,2,5,49,0,1,1)
14:(55,2,5,49,0,1,1)
15:(56,2,5,49,0,1,1)
16:(55,2,6,49,0,1,1)
17:(55,2,5,48,1,2,1)
18:(55,2,4,47,2,3,1)
19:(55,2,4,47,1,3,2)
20:(55,2,4,47,0,3,3)
21:(56,2,4,47,0,3,3)
22:(57,2,4,47,0,3,3)
23:(58,2,4,47,0,3,3)
24:(59,2,4,47,0,3,3)
25:(60,2,4,47,0,3,3)
26:(60,2,5,47,0,3,3)
27:(60,2,4,46,1,4,3)
28:(60,2,4,46,0,4,4)
29:(61,2,4,46,0,4,4)
30:(62,2,4,46,0,4,4)
31:(61,2,5,46,0,4,4)
32:(61,2,4,45,1,5,4)
33:(61,2,4,45,0,5,5)
34:(61,2,5,45,0,5,5)
35:(62,2,5,45,0,5,5)
36:(63,2,5,45,0,5,5)
37:(63,2,6,45,0,5,5)
38:(64,2,6,45,0,5,5)
39:(64,2,5,44,1,6,5)
40:(64,2,5,44,0,6,6)
41:(64,2,4,43,1,7,6)
42:(65,2,4,43,1,7,6)
43:(66,2,4,43,1,7,6)
44:(65,2,5,43,1,7,6)
45:(65,2,5,43,0,7,7)
46:(65,2,6,43,0,7,7)
47:(64,2,7,43,0,7,7)
48:(64,2,6,42,1,8,7)
49:(64,2,6,42,0,8,8)
50:(64,2,5,41,1,9,8)
51:(64,2,4,40,2,10,8)
52:(65,2,4,40,2,10,8)
53:(66,2,3,40,2,10,8)
54:(66,2,2,39,3,11,8)
55:(67,2,2,39,3,11,8)
56:(68,2,2,39,3,11,8)
57:(67,2,3,39,3,11,8)
58:(66,2,4,39,3,11,8)
59:(66,2,4,39,2,11,9)
60:(66,2,4,39,1,11,10)
61:(66,2,5,39,1,11,10)
62:(67,2,5,39,1,11,10)
63:(67,2,4,38,2,12,10)
64:(67,2,5,38,2,12,10)
65:(67,2,6,38,2,12,10)
66:(67,2,6,38,1,12,11)
67:(68,2,6,38,1,12,11)
68:(69,2,6,38,1,12,11)
69:(70,2,6,38,1,12,11)
70:(70,2,7,38,1,12,11)
71:(70,2,7,38,0,12,12)
72:(71,2,7,38,0,12,12)
73:(72,2,7,38,0,12,12)
74:(73,2,7,38,0,12,12)
75:(74,2,7,38,0,12,12)
76:(75,2,7,38,0,12,12)
77:(75,2,6,37,1,13,12)
78:(75,2,7,37,1,13,12)
79:(75,2,7,37,0,13,13)
80:(75,2,8,37,0,13,13)
81:(75,2,9,37,0,13,13)
82:(75,2,10,37,0,13,13)
83:(76,2,10,37,0,13,13)
84:(77,2,10,37,0,13,13)
85:(78,2,10,37,0,13,13)
86:(78,2,9,36,1,14,13)
87:(78,2,9,36,0,14,14)
88:(77,2,10,36,0,14,14)
89:(77,2,11,36,0,14,14)
90:(77,2,10,35,1,15,14)
91:(77,2,11,35,1,15,14)
92:(77,2,12,35,1,15,14)
93:(77,2,13,35,1,15,14)
94:(77,2,14,35,1,15,14)
95:(77,2,14,35,0,15,15)
96:(77,2,15,35,0,15,15)
97:(77,2,15,36,0,14,14)
98:(78,2,15,36,0,14,14)
99:(79,2,15,36,0,14,14)
100:(80,2,15,36,0,14,14)
101:(81,2,14,36,0,14,14)
102:(82,2,14,36,0,14,14)
103:(82,2,15,36,0,14,14)
104:(83,2,15,36,0,14,14)
105:(82,2,16,36,0,14,14)
106:(83,2,16,36,0,14,14)
107:(83,2,17,36,0,14,14)
108:(84,2,17,36,0,14,14)
109:(84,2,18,36,0,14,14)
110:(84,2,17,35,1,15,14)
111:(83,2,17,35,1,15,14)
112:(82,2,18,35,1,15,14)
113:(83,2,18,35,1,15,14)
114:(83,2,17,34,2,16,14)
115:(83,2,17,34,1,16,15)
116:(83,2,18,34,1,16,15)
117:(84,2,18,34,1,16,15)
118:(83,2,19,34,1,16,15)
119:(83,2,18,33,2,17,15)
120:(82,2,19,33,2,17,15)
121:(81,2,20,33,2,17,15)
122:(81,2,20,33,1,17,16)
123:(81,2,19,32,2,18,16)
124:(81,2,18,31,3,19,16)
125:(80,2,19,31,3,19,16)
126:(80,2,18,30,4,20,16)
127:(79,2,18,30,4,20,16)
128:(78,2,19,30,4,20,16)
129:(77,2,20,30,4,20,16)
130:(77,2,21,30,4,20,16)
131:(77,2,22,30,4,20,16)
132:(77,2,23,30,4,20,16)
133:(77,2,22,29,5,21,16)
134:(76,2,23,29,5,21,16)
135:(75,2,24,29,5,21,16)
136:(75,2,25,29,5,21,16)
137:(75,2,26,29,5,21,16)
138:(76,2,26,29,5,21,16)
139:(77,2,26,29,5,21,16)
140:(78,2,26,29,5,21,16)
141:(79,2,26,29,5,21,16)
142:(79,2,27,29,5,21,16)
143:(80,2,27,29,5,21,16)
144:(81,2,27,29,5,21,16)
145:(81,2,28,29,5,21,16)
146:(81,2,29,29,5,21,16)
147:(81,2,30,29,5,21,16)
148:(81,2,29,28,6,22,16)
149:(81,2,30,28,6,22,16)
150:(80,2,31,28,6,22,16)
151:(79,2,32,28,6,22,16)
152:(79,2,33,28,6,22,16)
153:(79,2,34,28,6,22,16)
154:(79,2,35,28,6,22,16)
155:(78,2,36,28,6,22,16)
156:(77,2,37,28,6,22,16)
157:(76,2,38,28,6,22,16)
158:(75,2,39,28,6,22,16)
159:(74,2,40,28,6,22,16)
160:(74,2,39,27,7,23,16)
161:(74,2,38,26,8,24,16)
162:(74,2,37,25,9,25,16)
163:(74,2,36,24,10,26,16)
164:(74,2,35,23,11,27,16)
165:(74,2,34,22,12,28,16)
166:(74,2,33,21,13,29,16)
167:(74,2,32,20,14,30,16)
168:(74,2,31,19,15,31,16)
169:(74,2,30,18,16,32,16)
170:(74,2,29,17,17,33,16)
171:(74,2,28,16,18,34,16)
172:(74,2,27,15,19,35,16)
173:(74,2,26,14,20,36,16)
174:(74,2,25,13,21,37,16)
175:(74,2,24,12,22,38,16)
176:(74,2,23,11,23,39,16)
177:(74,2,22,10,24,40,16)
178:(74,2,21,9,25,41,16)
179:(74,2,20,8,26,42,16)
180:(74,2,19,7,27,43,16)
181:(74,2,18,6,28,44,16)
182:(74,2,17,5,29,45,16)
183:(74,2,16,4,30,46,16)
184:(74,2,15,3,31,47,16)
185:(74,2,14,2,32,48,16)
186:(74,2,13,1,33,49,16)
187:(74,2,12,0,34,50,16)
188:(75,2,12,0,34,50,16)
189:(73,2,12,0,34,50,16)
190:(73,2,13,0,34,50,16)
191:(74,2,13,0,34,50,16)
192:(75,2,13,1,33,49,16)
193:(73,2,13,1,33,49,16)
194:(73,2,14,1,33,49,16)
195:(74,2,14,1,33,49,16)
196:(75,2,14,2,32,48,16)
197:(73,2,14,2,32,48,16)
198:(73,2,15,2,32,48,16)
199:(74,2,15,2,32,48,16)
200:(75,2,15,3,31,47,16)
201:(73,2,15,3,31,47,16)
202:(73,2,16,3,31,47,16)
203:(74,2,16,3,31,47,16)
204:(75,2,16,4,30,46,16)
205:(73,2,16,4,30,46,16)
206:(73,2,17,4,30,46,16)
207:(74,2,17,4,30,46,16)
208:(75,2,17,5,29,45,16)
209:(73,2,17,5,29,45,16)
210:(73,2,18,5,29,45,16)
211:(74,2,18,5,29,45,16)
212:(75,2,18,6,28,44,16)
213:(73,2,18,6,28,44,16)
214:(73,2,19,6,28,44,16)
215:(74,2,19,6,28,44,16)
216:(75,2,19,7,27,43,16)
217:(73,2,19,7,27,43,16)
218:(73,2,20,7,27,43,16)
219:(74,2,20,7,27,43,16)
220:(75,2,20,8,26,42,16)
221:(73,2,20,8,26,42,16)
222:(73,2,21,8,26,42,16)
223:(74,2,21,8,26,42,16)
224:(75,2,21,9,25,41,16)
225:(73,2,21,9,25,41,16)
226:(73,2,22,9,25,41,16)
227:(74,2,22,9,25,41,16)
228:(75,2,22,10,24,40,16)
229:(73,2,22,10,24,40,16)
230:(73,2,23,10,24,40,16)
231:(74,2,23,10,24,40,16)
232:(75,2,23,11,23,39,16)
233:(73,2,23,11,23,39,16)
234:(73,2,24,11,23,39,16)
235:(74,2,24,11,23,39,16)
236:(75,2,24,12,22,38,16)
237:(73,2,24,12,22,38,16)
238:(73,2,25,12,22,38,16)
239:(74,2,25,12,22,38,16)
240:(75,2,25,13,21,37,16)
241:(73,2,25,13,21,37,16)
242:(73,2,26,13,21,37,16)
243:(74,2,26,13,21,37,16)
244:(75,2,26,14,20,36,16)
245:(73,2,26,14,20,36,16)
246:(73,2,27,14,20,36,16)
247:(74,2,27,14,20,36,16)
248:(75,2,27,15,19,35,16)
249:(73,2,27,15,19,35,16)
250:(73,2,28,15,19,35,16)
251:(74,2,28,15,19,35,16)
252:(75,2,28,16,18,34,16)
253:(73,2,28,16,18,34,16)
254:(73,2,29,16,18,34,16)
255:(74,2,29,16,18,34,16)
256:(75,2,29,17,17,33,16)
257:(73,2,29,17,17,33,16)
258:(73,2,30,17,17,33,16)
259:(74,2,30,17,17,33,16)
260:(75,2,30,18,16,32,16)
261:(73,2,30,18,16,32,16)
262:(73,2,31,18,16,32,16)
263:(74,2,31,18,16,32,16)
264:(75,2,31,19,15,31,16)
265:(73,2,31,19,15,31,16)
266:(73,2,32,19,15,31,16)
267:(74,2,32,19,15,31,16)
268:(75,2,32,20,14,30,16)
269:(73,2,32,20,14,30,16)
270:(73,2,33,20,14,30,16)
271:(74,2,33,20,14,30,16)
272:(75,2,33,21,13,29,16)
273:(73,2,33,21,13,29,16)
274:(73,2,34,21,13,29,16)
275:(74,2,34,21,13,29,16)
276:(75,2,34,22,12,28,16)
277:(73,2,34,22,12,28,16)
278:(73,2,35,22,12,28,16)
279:(74,2,35,22,12,28,16)
280:(75,2,35,23,11,27,16)
281:(73,2,35,23,11,27,16)
282:(73,2,36,23,11,27,16)
283:(74,2,36,23,11,27,16)
284:(75,2,36,24,10,26,16)
285:(73,2,36,24,10,26,16)
286:(73,2,37,24,10,26,16)
287:(74,2,37,24,10,26,16)
288:(75,2,37,25,9,25,16)
289:(73,2,37,25,9,25,16)
290:(73,2,38,25,9,25,16)
291:(74,2,38,25,9,25,16)
292:(75,2,38,26,8,24,16)
293:(73,2,38,26,8,24,16)
294:(73,2,39,26,8,24,16)
295:(74,2,39,26,8,24,16)
296:(75,2,39,27,7,23,16)
297:(73,2,39,27,7,23,16)
298:(73,2,40,27,7,23,16)
299:(74,2,40,27,7,23,16)
300:(75,2,40,28,6,22,16)
301:(73,2,40,28,6,22,16)
302:(73,2,41,28,6,22,16)
303:(74,2,41,28,6,22,16)
304:(76,2,39,28,6,22,16)
305:(74,2,39,28,6,22,16)
306:(77,2,38,28,6,22,16)
307:(75,2,38,28,6,22,16)
308:(78,2,37,28,6,22,16)
309:(76,2,37,28,6,22,16)
310:(79,2,36,28,6,22,16)
311:(77,2,36,28,6,22,16)
312:(80,2,35,28,6,22,16)
313:(78,2,35,28,6,22,16)
314:(80,2,34,28,6,22,16)
315:(78,2,34,28,6,22,16)
316:(80,2,33,28,6,22,16)
317:(78,2,33,28,6,22,16)
318:(80,2,32,28,6,22,16)
319:(78,2,32,28,6,22,16)
320:(81,2,31,28,6,22,16)
321:(79,2,31,28,6,22,16)
322:(82,2,30,28,6,22,16)
323:(80,2,30,28,6,22,16)
324:(82,2,29,28,6,22,16)
325:(80,2,29,28,6,22,16)
326:(82,2,30,29,5,21,16)
327:(80,2,30,29,5,21,16)
328:(80,2,31,29,5,21,16)
329:(81,2,31,29,5,21,16)
330:(82,2,29,29,5,21,16)
331:(80,2,29,29,5,21,16)
332:(82,2,28,29,5,21,16)
333:(80,2,28,29,5,21,16)
334:(82,2,27,29,5,21,16)
335:(79,2,28,29,5,21,16)
336:(78,2,27,29,5,21,16)
337:(78,2,28,29,5,21,16)
338:(80,2,26,29,5,21,16)
339:(77,2,27,29,5,21,16)
340:(76,2,27,29,5,21,16)
341:(75,2,27,29,5,21,16)
342:(74,2,26,29,5,21,16)
343:(74,2,27,29,5,21,16)
344:(76,2,25,29,5,21,16)
345:(74,2,25,29,5,21,16)
346:(76,2,24,29,5,21,16)
347:(74,2,24,29,5,21,16)
348:(77,2,23,29,5,21,16)
349:(75,2,23,29,5,21,16)
350:(78,2,22,29,5,21,16)
351:(76,2,22,29,5,21,16)
352:(78,2,23,30,4,20,16)
353:(76,2,23,30,4,20,16)
354:(76,2,24,30,4,20,16)
355:(77,2,24,30,4,20,16)
356:(78,2,22,30,4,20,16)
357:(76,2,22,30,4,20,16)
358:(78,2,21,30,4,20,16)
359:(76,2,21,30,4,20,16)
360:(78,2,20,30,4,20,16)
361:(76,2,20,30,4,20,16)
362:(79,2,19,30,4,20,16)
363:(77,2,19,30,4,20,16)
364:(78,2,18,30,4,20,16)
365:(81,2,18,30,4,20,16)
366:(80,2,19,30,4,20,16)
367:(81,2,19,31,3,19,16)
368:(79,2,19,31,3,19,16)
369:(79,2,20,31,3,19,16)
370:(80,2,20,31,3,19,16)
371:(82,2,18,31,3,19,16)
372:(80,2,18,31,3,19,16)
373:(82,2,19,32,2,18,16)
374:(80,2,19,32,2,18,16)
375:(80,2,20,32,2,18,16)
376:(81,2,20,32,2,18,16)
377:(82,2,20,33,1,17,16)
378:(80,2,20,33,1,17,16)
379:(80,2,21,33,1,17,16)
380:(81,2,21,33,1,17,16)
381:(82,2,20,33,2,17,15)
382:(80,2,20,33,2,17,15)
383:(80,2,21,33,2,17,15)
384:(81,2,21,33,2,17,15)
385:(83,2,19,33,2,17,15)
386:(81,2,19,33,2,17,15)
387:(84,2,18,33,2,17,15)
388:(82,2,18,33,2,17,15)
389:(84,2,19,34,1,16,15)
390:(82,2,19,34,1,16,15)
391:(82,2,20,34,1,16,15)
392:(83,2,20,34,1,16,15)
393:(85,2,18,34,1,16,15)
394:(82,2,18,34,1,16,15)
395:(84,2,17,34,1,16,15)
396:(82,2,17,34,1,16,15)
397:(84,2,17,34,2,16,14)
398:(82,2,17,34,2,16,14)
399:(82,2,18,34,2,16,14)
400:(83,2,18,34,2,16,14)
401:(84,2,18,35,1,15,14)
402:(82,2,19,35,1,15,14)
403:(83,2,19,35,1,15,14)
404:(81,2,18,35,1,15,14)
405:(81,2,19,35,1,15,14)
406:(82,2,17,35,1,15,14)
407:(85,2,17,35,1,15,14)
408:(85,2,18,36,0,14,14)
409:(83,2,18,36,0,14,14)
410:(83,2,19,36,0,14,14)
411:(84,2,19,36,0,14,14)
412:(85,2,17,36,0,14,14)
413:(82,2,17,36,0,14,14)
414:(82,2,18,36,0,14,14)
415:(84,2,16,36,0,14,14)
416:(81,2,16,36,0,14,14)
417:(81,2,17,36,0,14,14)
418:(84,2,15,36,0,14,14)
419:(81,2,15,36,0,14,14)
420:(83,2,14,36,0,14,14)
421:(80,2,14,36,0,14,14)
422:(79,2,16,36,0,14,14)
423:(80,2,16,36,0,14,14)
424:(78,2,16,36,0,14,14)
425:(77,2,16,36,0,14,14)
426:(76,2,15,36,0,14,14)
427:(76,2,16,36,0,14,14)
428:(78,2,15,35,0,15,15)
429:(76,2,15,35,0,15,15)
430:(76,2,16,35,0,15,15)
431:(77,2,16,35,0,15,15)
432:(78,2,14,35,0,15,15)
433:(76,2,14,35,0,15,15)
434:(78,2,14,35,1,15,14)
435:(76,2,14,35,1,15,14)
436:(76,2,15,35,1,15,14)
437:(77,2,15,35,1,15,14)
438:(78,2,13,35,1,15,14)
439:(76,2,13,35,1,15,14)
440:(78,2,12,35,1,15,14)
441:(76,2,12,35,1,15,14)
442:(78,2,11,35,1,15,14)
443:(76,2,11,35,1,15,14)
444:(78,2,10,35,1,15,14)
445:(76,2,10,35,1,15,14)
446:(78,2,11,36,0,14,14)
447:(76,2,11,36,0,14,14)
448:(76,2,12,36,0,14,14)
449:(77,2,12,36,0,14,14)
450:(78,2,10,36,0,14,14)
451:(76,2,10,36,0,14,14)
452:(79,2,9,36,0,14,14)
453:(77,2,9,36,0,14,14)
454:(79,2,9,36,1,14,13)
455:(77,2,9,36,1,14,13)
456:(77,2,10,36,1,14,13)
457:(78,2,10,36,1,14,13)
458:(79,2,10,37,0,13,13)
459:(77,2,11,37,0,13,13)
460:(78,2,11,37,0,13,13)
461:(76,2,11,37,0,13,13)
462:(75,2,11,37,0,13,13)
463:(74,2,10,37,0,13,13)
464:(74,2,11,37,0,13,13)
465:(76,2,9,37,0,13,13)
466:(74,2,9,37,0,13,13)
467:(76,2,8,37,0,13,13)
468:(74,2,8,37,0,13,13)
469:(76,2,7,37,0,13,13)
470:(74,2,7,37,0,13,13)
471:(76,2,7,37,1,13,12)
472:(74,2,7,37,1,13,12)
473:(74,2,8,37,1,13,12)
474:(75,2,8,37,1,13,12)
475:(76,2,6,37,1,13,12)
476:(74,2,6,37,1,13,12)
477:(76,2,7,38,0,12,12)
478:(74,2,8,38,0,12,12)
479:(75,2,8,38,0,12,12)
480:(73,2,8,38,0,12,12)
481:(72,2,8,38,0,12,12)
482:(71,2,8,38,0,12,12)
483:(70,2,8,38,0,12,12)
484:(69,2,7,38,0,12,12)
485:(69,2,8,38,0,12,12)
486:(71,2,7,38,1,12,11)
487:(69,2,7,38,1,12,11)
488:(69,2,8,38,1,12,11)
489:(70,2,8,38,1,12,11)
490:(71,2,6,38,1,12,11)
491:(68,2,7,38,1,12,11)
492:(67,2,7,38,1,12,11)
493:(66,2,6,38,1,12,11)
494:(66,2,7,38,1,12,11)
495:(68,2,6,38,2,12,10)
496:(66,2,6,38,2,12,10)
497:(66,2,7,38,2,12,10)
498:(67,2,7,38,2,12,10)
499:(68,2,5,38,2,12,10)
500:(66,2,5,38,2,12,10)
501:(68,2,4,38,2,12,10)
502:(66,2,4,38,2,12,10)
503:(68,2,5,39,1,11,10)
504:(66,2,6,39,1,11,10)
505:(67,2,6,39,1,11,10)
506:(65,2,5,39,1,11,10)
507:(65,2,6,39,1,11,10)
508:(67,2,4,39,1,11,10)
509:(65,2,4,39,1,11,10)
510:(67,2,4,39,2,11,9)
511:(65,2,4,39,2,11,9)
512:(65,2,5,39,2,11,9)
513:(66,2,5,39,2,11,9)
514:(67,2,4,39,3,11,8)
515:(65,2,4,39,3,11,8)
516:(65,2,5,39,3,11,8)
517:(66,2,5,39,3,11,8)
518:(68,2,3,39,3,11,8)
519:(66,2,3,39,3,11,8)
520:(69,2,2,39,3,11,8)
521:(65,2,2,39,3,11,8)
522:(65,2,3,39,3,11,8)
523:(67,2,3,40,2,10,8)
524:(65,2,3,40,2,10,8)
525:(66,2,4,40,2,10,8)
526:(64,2,5,40,2,10,8)
527:(65,2,5,40,2,10,8)
528:(63,2,4,40,2,10,8)
529:(63,2,5,40,2,10,8)
530:(65,2,5,41,1,9,8)
531:(63,2,5,41,1,9,8)
532:(63,2,6,41,1,9,8)
533:(64,2,6,41,1,9,8)
534:(65,2,6,42,0,8,8)
535:(63,2,6,42,0,8,8)
536:(63,2,7,42,0,8,8)
537:(64,2,7,42,0,8,8)
538:(65,2,6,42,1,8,7)
539:(63,2,6,42,1,8,7)
540:(63,2,7,42,1,8,7)
541:(64,2,7,42,1,8,7)
542:(65,2,7,43,0,7,7)
543:(63,2,7,43,0,7,7)
544:(63,2,8,43,0,7,7)
545:(64,2,8,43,0,7,7)
546:(66,2,6,43,0,7,7)
547:(64,2,6,43,0,7,7)
548:(66,2,5,43,0,7,7)
549:(64,2,5,43,0,7,7)
550:(66,2,5,43,1,7,6)
551:(64,2,5,43,1,7,6)
552:(64,2,6,43,1,7,6)
553:(65,2,6,43,1,7,6)
554:(67,2,4,43,1,7,6)
555:(63,2,4,43,1,7,6)
556:(63,2,5,43,1,7,6)
557:(65,2,5,44,0,6,6)
558:(63,2,5,44,0,6,6)
559:(63,2,6,44,0,6,6)
560:(64,2,6,44,0,6,6)
561:(65,2,5,44,1,6,5)
562:(63,2,5,44,1,6,5)
563:(63,2,6,44,1,6,5)
564:(64,2,6,44,1,6,5)
565:(65,2,6,45,0,5,5)
566:(63,2,7,45,0,5,5)
567:(64,2,7,45,0,5,5)
568:(62,2,6,45,0,5,5)
569:(62,2,7,45,0,5,5)
570:(64,2,5,45,0,5,5)
571:(61,2,6,45,0,5,5)
572:(60,2,5,45,0,5,5)
573:(60,2,6,45,0,5,5)
574:(62,2,4,45,0,5,5)
575:(60,2,4,45,0,5,5)
576:(62,2,4,45,1,5,4)
577:(60,2,4,45,1,5,4)
578:(60,2,5,45,1,5,4)
579:(61,2,5,45,1,5,4)
580:(62,2,5,46,0,4,4)
581:(60,2,5,46,0,4,4)
582:(60,2,6,46,0,4,4)
583:(61,2,6,46,0,4,4)
584:(63,2,4,46,0,4,4)
585:(59,2,4,46,0,4,4)
586:(59,2,5,46,0,4,4)
587:(61,2,4,46,1,4,3)
588:(59,2,4,46,1,4,3)
589:(59,2,5,46,1,4,3)
590:(60,2,5,46,1,4,3)
591:(61,2,5,47,0,3,3)
592:(59,2,5,47,0,3,3)
593:(59,2,6,47,0,3,3)
594:(60,2,6,47,0,3,3)
595:(61,2,4,47,0,3,3)
596:(58,2,5,47,0,3,3)
597:(57,2,5,47,0,3,3)
598:(56,2,5,47,0,3,3)
599:(55,2,5,47,0,3,3)
600:(54,2,4,47,0,3,3)
601:(54,2,5,47,0,3,3)
602:(56,2,4,47,1,3,2)
603:(54,2,4,47,1,3,2)
604:(54,2,5,47,1,3,2)
605:(55,2,5,47,1,3,2)
606:(56,2,4,47,2,3,1)
607:(54,2,4,47,2,3,1)
608:(54,2,5,47,2,3,1)
609:(55,2,5,47,2,3,1)
610:(56,2,5,48,1,2,1)
611:(54,2,5,48,1,2,1)
612:(54,2,6,48,1,2,1)
613:(55,2,6,48,1,2,1)
614:(56,2,6,49,0,1,1)
615:(54,2,6,49,0,1,1)
616:(54,2,7,49,0,1,1)
617:(55,2,7,49,0,1,1)
618:(57,2,5,49,0,1,1)
619:(53,2,6,49,0,1,1)
620:(52,2,6,49,0,1,1)
621:(51,2,6,49,0,1,1)
622:(50,2,6,49,0,1,1)
623:(49,2,5,49,0,1,1)
624:(49,2,6,49,0,1,1)
625:(51,2,4,49,0,1,1)
626:(49,2,4,49,0,1,1)
627:(51,2,3,49,0,1,1)
628:(49,2,3,49,0,1,1)
629:(52,2,2,49,0,1,1)
630:(49,2,2,49,0,1,1)
631:(51,2,2,49,1,1,0)
632:(49,2,2,49,1,1,0)
633:(49,2,3,49,1,1,0)
634:(50,2,3,49,1,1,0)
635:(51,2,3,50,0,0,0)
636:(49,2,3,50,0,0,0)
637:(49,2,4,50,0,0,0)
638:(50,2,4,50,0,0,0)
639:(51,2,2,50,0,0,0)
640:(49,2,2,50,0,0,0)
641:(51,2,1,50,0,0,0)
642:(49,2,1,50,0,0,0)
643:(51,2,0,50,0,0,0)
644:(49,2,0,50,0,0,0)
645:(-1,-1,-1,-1,-1,-1,-1)