(r,l,rl,g,ga,gbg,gd)
0:(50,2,0,50,0,0,0)
1:(49,2,0,50,0,0,0)
2:(49,2,1,50,0,0,0)
3:(48,2,2,50,0,0,0)
4:(48,2,3,50,0,0,0)
5:(49,2,3,50,0,0,0)
6:(48,2,4,50,0,0,0)
7:(48,2,5,50,0,0,0)
8:(49,2,5,50,0,0,0)
9:(48,2,6,50,0,0,0)
10:(49,2,6,50,0,0,0)
11:(48,2,7,50,0,0,0)
12:(47,2,8,50,0,0,0)
13:(47,2,9,50,0,0,0)
14:(47,2,10,50,0,0,0)
15:(47,2,11,50,0,0,0)
16:(47,2,12,50,0,0,0)
17:(46,2,12,50,0,0,0)
18:(46,2,11,49,1,1,0)
19:(46,2,12,49,1,1,0)
20:(46,2,12,49,0,1,1)
21:(46,2,13,50,0,0,0)
22:(46,2,14,50,0,0,0)
23:(47,2,14,50,0,0,0)
24:(47,2,15,50,0,0,0)
25:(47,2,16,50,0,0,0)
26:(47,2,15,49,1,1,0)
27:(46,2,15,49,1,1,0)
28:(46,2,14,48,2,2,0)
29:(46,2,15,48,2,2,0)
30:(45,2,16,48,2,2,0)
31:(44,2,16,48,2,2,0)
32:(43,2,17,48,2,2,0)
33:(44,2,17,48,2,2,0)
34:(44,2,18,48,2,2,0)
35:(44,2,17,47,3,3,0)
36:(43,2,18,47,3,3,0)
37:(43,2,19,47,3,3,0)
38:(43,2,18,46,4,4,0)
39:(42,2,19,46,4,4,0)
40:(42,2,18,45,5,5,0)
41:(42,2,17,44,6,6,0)
42:(43,2,17,44,6,6,0)
43:(43,2,16,43,7,7,0)
44:(43,2,17,43,7,7,0)
45:(43,2,18,43,7,7,0)
46:(42,2,18,43,7,7,0)
47:(41,2,18,43,7,7,0)
48:(41,2,17,42,8,8,0)
49:(41,2,16,41,9,9,0)
50:(41,2,16,41,8,9,1)
51:(40,2,17,41,8,9,1)
52:(40,2,16,40,9,10,1)
53:(39,2,17,40,9,10,1)
54:(39,2,16,39,10,11,1)
55:(39,2,17,39,10,11,1)
56:(38,2,18,39,10,11,1)
57:(38,2,19,39,10,11,1)
58:(37,2,19,39,10,11,1)
59:(37,2,19,39,9,11,2)
60:(37,2,20,39,9,11,2)
61:(37,2,21,39,9,11,2)
62:(37,2,22,39,9,11,2)
63:(36,2,23,39,9,11,2)
64:(37,2,23,39,9,11,2)
65:(37,2,24,39,9,11,2)
66:(37,2,24,39,8,11,3)
67:(36,2,25,39,8,11,3)
68:(35,2,25,39,8,11,3)
69:(36,2,26,39,8,11,3)
70:(36,2,25,38,9,12,3)
71:(36,2,24,37,10,13,3)
72:(35,2,24,37,10,13,3)
73:(34,2,25,37,10,13,3)
74:(33,2,26,37,10,13,3)
75:(32,2,27,37,10,13,3)
76:(33,2,27,37,10,13,3)
77:(32,2,28,37,10,13,3)
78:(31,2,29,37,10,13,3)
79:(31,2,28,36,11,14,3)
80:(30,2,29,36,11,14,3)
81:(30,2,28,35,12,15,3)
82:(29,2,29,35,12,15,3)
83:(28,2,30,35,12,15,3)
84:(28,2,29,34,13,16,3)
85:(28,2,30,34,13,16,3)
86:(28,2,31,34,13,16,3)
87:(29,2,31,34,13,16,3)
88:(28,2,32,34,13,16,3)
89:(28,2,31,33,14,17,3)
90:(28,2,32,33,14,17,3)
91:(28,2,33,33,14,17,3)
92:(28,2,32,32,15,18,3)
93:(29,2,32,32,15,18,3)
94:(29,2,31,31,16,19,3)
95:(29,2,32,31,16,19,3)
96:(29,2,33,31,16,19,3)
97:(29,2,34,31,16,19,3)
98:(28,2,35,31,16,19,3)
99:(28,2,36,31,16,19,3)
100:(28,2,35,30,17,20,3)
101:(27,2,36,30,17,20,3)
102:(27,2,36,30,16,20,4)
103:(26,2,36,30,16,20,4)
104:(26,2,37,30,16,20,4)
105:(26,2,36,29,17,21,4)
106:(26,2,35,28,18,22,4)
107:(26,2,34,27,19,23,4)
108:(26,2,33,26,20,24,4)
109:(26,2,32,25,21,25,4)
110:(26,2,31,24,22,26,4)
111:(25,2,31,24,22,26,4)
112:(26,2,32,24,22,26,4)
113:(25,2,33,24,22,26,4)
114:(25,2,33,24,21,26,5)
115:(25,2,32,23,22,27,5)
116:(24,2,33,23,22,27,5)
117:(25,2,33,23,22,27,5)
118:(25,2,32,22,23,28,5)
119:(24,2,33,22,23,28,5)
120:(24,2,34,22,23,28,5)
121:(25,2,34,22,23,28,5)
122:(24,2,34,22,22,28,6)
123:(24,2,35,22,22,28,6)
124:(23,2,36,22,22,28,6)
125:(22,2,36,22,22,28,6)
126:(21,2,37,22,22,28,6)
127:(21,2,38,22,22,28,6)
128:(21,2,38,22,21,28,7)
129:(21,2,37,21,22,29,7)
130:(21,2,38,21,22,29,7)
131:(21,2,39,21,22,29,7)
132:(21,2,39,21,21,29,8)
133:(21,2,40,21,21,29,8)
134:(20,2,40,21,21,29,8)
135:(19,2,41,21,21,29,8)
136:(19,2,42,21,21,29,8)
137:(19,2,43,21,21,29,8)
138:(18,2,44,21,21,29,8)
139:(18,2,43,20,22,30,8)
140:(18,2,44,20,22,30,8)
141:(18,2,43,19,23,31,8)
142:(19,2,43,19,23,31,8)
143:(19,2,42,18,24,32,8)
144:(19,2,42,18,23,32,9)
145:(19,2,41,17,24,33,9)
146:(19,2,42,17,24,33,9)
147:(18,2,43,17,24,33,9)
148:(18,2,44,17,24,33,9)
149:(17,2,45,17,24,33,9)
150:(17,2,44,16,25,34,9)
151:(16,2,45,16,25,34,9)
152:(15,2,45,16,25,34,9)
153:(15,2,46,16,25,34,9)
154:(14,2,47,16,25,34,9)
155:(14,2,48,16,25,34,9)
156:(14,2,47,15,26,35,9)
157:(13,2,48,15,26,35,9)
158:(14,2,48,15,26,35,9)
159:(14,2,47,14,27,36,9)
160:(13,2,48,14,27,36,9)
161:(12,2,49,14,27,36,9)
162:(12,2,48,13,28,37,9)
163:(11,2,49,13,28,37,9)
164:(10,2,50,13,28,37,9)
165:(11,2,50,13,28,37,9)
166:(11,2,49,12,29,38,9)
167:(11,2,50,12,29,38,9)
168:(10,2,50,12,29,38,9)
169:(10,2,51,12,29,38,9)
170:(10,2,51,12,28,38,10)
171:(10,2,52,12,28,38,10)
172:(10,2,53,12,28,38,10)
173:(11,2,53,12,28,38,10)
174:(11,2,54,12,28,38,10)
175:(11,2,53,11,29,39,10)
176:(11,2,52,10,30,40,10)
177:(11,2,51,9,31,41,10)
178:(10,2,52,9,31,41,10)
179:(9,2,53,9,31,41,10)
180:(9,2,54,9,31,41,10)
181:(10,2,54,9,31,41,10)
182:(9,2,55,9,31,41,10)
183:(9,2,54,8,32,42,10)
184:(9,2,53,7,33,43,10)
185:(8,2,54,7,33,43,10)
186:(8,2,55,7,33,43,10)
187:(8,2,55,7,32,43,11)
188:(7,2,56,7,32,43,11)
189:(6,2,57,7,32,43,11)
190:(6,2,56,6,33,44,11)
191:(7,2,56,6,33,44,11)
192:(7,2,57,6,33,44,11)
193:(7,2,58,6,33,44,11)
194:(7,2,59,6,33,44,11)
195:(7,2,60,6,33,44,11)
196:(7,2,61,6,33,44,11)
197:(7,2,62,6,33,44,11)
198:(7,2,63,6,33,44,11)
199:(6,2,63,6,33,44,11)
200:(5,2,64,6,33,44,11)
201:(5,2,63,5,34,45,11)
202:(6,2,62,5,34,45,11)
203:(7,2,62,5,34,45,11)
204:(7,2,63,5,34,45,11)
205:(7,2,63,5,33,45,12)
206:(7,2,62,4,34,46,12)
207:(7,2,61,3,35,47,12)
208:(7,2,60,2,36,48,12)
209:(7,2,59,1,37,49,12)
210:(6,2,60,1,37,49,12)
211:(5,2,60,1,37,49,12)
212:(5,2,61,1,37,49,12)
213:(5,2,60,0,38,50,12)
214:(-1,-1,-1,-1,-1,-1,-1)