(r,l,rl,g,ga,gbg,gd)
0:(50,2,0,50,0,0,0)
1:(49,2,1,50,0,0,0)
2:(48,2,1,50,0,0,0)
3:(48,2,0,49,1,1,0)
4:(47,2,1,49,1,1,0)
5:(47,2,2,49,1,1,0)
6:(48,2,1,49,1,1,0)
7:(49,2,1,49,1,1,0)
8:(48,2,2,49,1,1,0)
9:(49,2,2,49,1,1,0)
10:(49,2,3,49,1,1,0)
11:(49,2,4,49,1,1,0)
12:(50,2,4,49,1,1,0)
13:(50,2,3,48,2,2,0)
14:(50,2,2,47,3,3,0)
15:(50,2,3,47,3,3,0)
16:(50,2,4,47,3,3,0)
17:(49,2,5,47,3,3,0)
18:(49,2,6,47,3,3,0)
19:(49,2,5,46,4,4,0)
20:(50,2,5,46,4,4,0)
21:(49,2,6,46,4,4,0)
22:(48,2,7,46,4,4,0)
23:(48,2,6,45,5,5,0)
24:(47,2,6,45,5,5,0)
25:(47,2,7,45,5,5,0)
26:(46,2,8,45,5,5,0)
27:(45,2,9,45,5,5,0)
28:(44,2,10,45,5,5,0)
29:(44,2,10,45,4,5,1)
30:(44,2,11,45,4,5,1)
31:(44,2,12,45,4,5,1)
32:(44,2,11,44,5,6,1)
33:(44,2,12,44,5,6,1)
34:(44,2,13,44,5,6,1)
35:(44,2,13,45,5,5,0)
36:(45,2,13,45,5,5,0)
37:(45,2,13,45,4,5,1)
38:(45,2,12,44,5,6,1)
39:(45,2,11,43,6,7,1)
40:(44,2,12,43,6,7,1)
41:(45,2,12,43,6,7,1)
42:(45,2,13,43,6,7,1)
43:(45,2,12,42,7,8,1)
44:(45,2,13,42,7,8,1)
45:(45,2,14,42,7,8,1)
46:(45,2,15,42,7,8,1)
47:(44,2,16,42,7,8,1)
48:(43,2,16,42,7,8,1)
49:(43,2,17,42,7,8,1)
50:(43,2,16,41,8,9,1)
51:(42,2,17,41,8,9,1)
52:(41,2,18,41,8,9,1)
53:(41,2,18,41,7,9,2)
54:(41,2,19,41,7,9,2)
55:(41,2,18,40,8,10,2)
56:(41,2,17,39,9,11,2)
57:(40,2,18,39,9,11,2)
58:(41,2,18,39,9,11,2)
59:(41,2,19,39,9,11,2)
60:(41,2,19,39,8,11,3)
61:(41,2,18,38,9,12,3)
62:(41,2,17,37,10,13,3)
63:(41,2,18,37,10,13,3)
64:(42,2,18,37,10,13,3)
65:(42,2,19,37,10,13,3)
66:(41,2,19,37,10,13,3)
67:(40,2,20,37,10,13,3)
68:(40,2,21,37,10,13,3)
69:(40,2,22,37,10,13,3)
70:(40,2,21,36,11,14,3)
71:(40,2,22,36,11,14,3)
72:(39,2,23,36,11,14,3)
73:(39,2,24,36,11,14,3)
74:(40,2,24,36,11,14,3)
75:(40,2,23,35,12,15,3)
76:(40,2,23,35,11,15,4)
77:(40,2,24,35,11,15,4)
78:(39,2,24,35,11,15,4)
79:(40,2,25,35,11,15,4)
80:(40,2,24,34,12,16,4)
81:(39,2,25,34,12,16,4)
82:(39,2,25,34,11,16,5)
83:(38,2,26,34,11,16,5)
84:(38,2,25,33,12,17,5)
85:(38,2,24,32,13,18,5)
86:(38,2,23,31,14,19,5)
87:(37,2,24,31,14,19,5)
88:(37,2,25,31,14,19,5)
89:(37,2,24,30,15,20,5)
90:(36,2,25,30,15,20,5)
91:(35,2,25,30,15,20,5)
92:(35,2,24,29,16,21,5)
93:(34,2,25,29,16,21,5)
94:(34,2,26,29,16,21,5)
95:(34,2,25,28,17,22,5)
96:(35,2,25,28,17,22,5)
97:(35,2,26,28,17,22,5)
98:(34,2,26,28,17,22,5)
99:(34,2,25,27,18,23,5)
100:(34,2,25,27,17,23,6)
101:(33,2,26,27,17,23,6)
102:(32,2,27,27,17,23,6)
103:(32,2,26,26,18,24,6)
104:(32,2,27,26,18,24,6)
105:(31,2,28,26,18,24,6)
106:(32,2,28,26,18,24,6)
107:(31,2,29,26,18,24,6)
108:(31,2,28,25,19,25,6)
109:(31,2,27,24,20,26,6)
110:(31,2,26,23,21,27,6)
111:(30,2,27,23,21,27,6)
112:(29,2,27,23,21,27,6)
113:(28,2,28,23,21,27,6)
114:(27,2,29,23,21,27,6)
115:(28,2,29,23,21,27,6)
116:(27,2,30,23,21,27,6)
117:(27,2,29,22,22,28,6)
118:(27,2,30,22,22,28,6)
119:(27,2,31,22,22,28,6)
120:(26,2,31,22,22,28,6)
121:(26,2,32,22,22,28,6)
122:(26,2,32,22,21,28,7)
123:(27,2,32,22,21,28,7)
124:(27,2,31,21,22,29,7)
125:(27,2,30,20,23,30,7)
126:(27,2,31,20,23,30,7)
127:(27,2,30,19,24,31,7)
128:(27,2,29,18,25,32,7)
129:(26,2,30,18,25,32,7)
130:(25,2,30,18,25,32,7)
131:(25,2,31,18,25,32,7)
132:(24,2,32,18,25,32,7)
133:(24,2,33,18,25,32,7)
134:(23,2,34,18,25,32,7)
135:(24,2,34,18,25,32,7)
136:(23,2,35,18,25,32,7)
137:(23,2,35,18,24,32,8)
138:(23,2,36,18,24,32,8)
139:(22,2,37,18,24,32,8)
140:(22,2,36,18,24,32,8)
141:(21,2,37,18,24,32,8)
142:(21,2,38,18,24,32,8)
143:(21,2,39,18,24,32,8)
144:(21,2,40,18,24,32,8)
145:(21,2,41,18,24,32,8)
146:(21,2,42,18,24,32,8)
147:(21,2,43,18,24,32,8)
148:(21,2,44,18,24,32,8)
149:(21,2,44,18,23,32,9)
150:(22,2,44,18,23,32,9)
151:(21,2,45,18,23,32,9)
152:(21,2,46,18,23,32,9)
153:(20,2,47,18,23,32,9)
154:(20,2,46,17,24,33,9)
155:(20,2,45,16,25,34,9)
156:(20,2,44,15,26,35,9)
157:(21,2,44,15,26,35,9)
158:(21,2,43,14,27,36,9)
159:(20,2,43,14,27,36,9)
160:(20,2,44,14,27,36,9)
161:(20,2,45,14,27,36,9)
162:(19,2,46,14,27,36,9)
163:(19,2,47,14,27,36,9)
164:(19,2,48,14,27,36,9)
165:(18,2,49,14,27,36,9)
166:(17,2,50,14,27,36,9)
167:(17,2,49,13,28,37,9)
168:(16,2,50,13,28,37,9)
169:(16,2,49,12,29,38,9)
170:(15,2,50,12,29,38,9)
171:(15,2,51,12,29,38,9)
172:(15,2,50,11,30,39,9)
173:(15,2,49,10,31,40,9)
174:(14,2,49,10,31,40,9)
175:(14,2,50,10,31,40,9)
176:(15,2,50,10,31,40,9)
177:(14,2,50,10,30,40,10)
178:(13,2,50,10,30,40,10)
179:(12,2,51,10,30,40,10)
180:(12,2,52,10,30,40,10)
181:(11,2,53,10,30,40,10)
182:(11,2,52,9,31,41,10)
183:(10,2,53,9,31,41,10)
184:(10,2,52,8,32,42,10)
185:(10,2,53,8,32,42,10)
186:(9,2,54,8,32,42,10)
187:(10,2,54,8,32,42,10)
188:(10,2,55,8,32,42,10)
189:(10,2,56,8,32,42,10)
190:(10,2,57,8,32,42,10)
191:(10,2,56,7,33,43,10)
192:(10,2,57,7,33,43,10)
193:(11,2,57,7,33,43,10)
194:(11,2,58,7,33,43,10)
195:(11,2,57,6,34,44,10)
196:(11,2,56,5,35,45,10)
197:(11,2,57,5,35,45,10)
198:(12,2,57,5,35,45,10)
199:(12,2,56,4,36,46,10)
200:(12,2,55,3,37,47,10)
201:(12,2,54,2,38,48,10)
202:(11,2,55,2,38,48,10)
203:(11,2,55,2,37,48,11)
204:(11,2,56,2,37,48,11)
205:(10,2,56,2,37,48,11)
206:(10,2,57,2,37,48,11)
207:(10,2,56,1,38,49,11)
208:(10,2,57,1,38,49,11)
209:(11,2,57,1,38,49,11)
210:(11,2,56,0,39,50,11)
211:(-1,-1,-1,-1,-1,-1,-1)