(r,l,rl,g,ga,gbg,gd)
0:(-1,-1,-1,-1,-1,-1,-1)
1:(0,2,52,0,38,50,12)
2:(0,2,52,1,37,49,12)
3:(0,2,52,2,37,48,11)
4:(0,2,53,1,37,49,12)
5:(0,2,53,2,36,48,12)
6:(0,2,53,2,37,48,11)
7:(0,2,53,3,36,47,11)
8:(0,2,54,4,35,46,11)
9:(0,2,55,5,34,45,11)
10:(0,2,56,6,33,44,11)
11:(0,2,57,7,32,43,11)
12:(0,2,58,8,31,42,11)
13:(0,2,58,9,30,41,11)
14:(0,2,58,9,31,41,10)
15:(0,2,58,10,29,40,11)
16:(0,2,58,11,29,39,10)
17:(0,2,59,9,30,41,11)
18:(0,2,59,10,29,40,11)
19:(0,2,59,11,28,39,11)
20:(0,2,59,12,28,38,10)
21:(1,2,52,2,37,48,11)
22:(1,2,58,9,30,41,11)
23:(1,2,58,11,28,39,11)
24:(1,2,58,11,29,39,10)
25:(1,2,59,12,28,38,10)
26:(2,2,58,12,28,38,10)
27:(2,2,59,13,27,37,10)
28:(2,2,60,14,26,36,10)
29:(3,2,60,14,26,36,10)
30:(4,2,59,14,26,36,10)
31:(5,2,58,14,26,36,10)
32:(6,2,57,14,26,36,10)
33:(7,2,57,14,26,36,10)
34:(8,2,56,14,26,36,10)
35:(9,2,55,14,26,36,10)
36:(9,2,56,15,25,35,10)
37:(10,2,55,15,25,35,10)
38:(11,2,53,15,25,35,10)
39:(11,2,54,15,25,35,10)
40:(12,2,48,16,25,34,9)
41:(12,2,49,15,25,35,10)
42:(12,2,49,16,25,34,9)
43:(12,2,49,17,24,33,9)
44:(12,2,50,15,25,35,10)
45:(12,2,50,16,24,34,10)
46:(12,2,50,16,25,34,9)
47:(12,2,51,15,25,35,10)
48:(12,2,52,15,25,35,10)
49:(13,2,49,15,25,35,10)
50:(13,2,49,17,24,33,9)
51:(14,2,45,17,24,33,9)
52:(14,2,46,17,24,33,9)
53:(14,2,46,18,23,32,9)
54:(14,2,47,17,24,33,9)
55:(14,2,48,17,24,33,9)
56:(15,2,41,22,22,28,6)
57:(15,2,41,23,21,27,6)
58:(15,2,42,23,21,27,6)
59:(15,2,44,18,23,32,9)
60:(15,2,45,18,23,32,9)
61:(15,2,46,17,24,33,9)
62:(16,2,39,19,23,31,8)
63:(16,2,40,19,23,31,8)
64:(16,2,40,20,22,30,8)
65:(16,2,40,20,23,30,7)
66:(16,2,40,23,21,27,6)
67:(16,2,40,24,20,26,6)
68:(16,2,40,24,21,26,5)
69:(16,2,41,19,23,31,8)
70:(16,2,41,21,22,29,7)
71:(16,2,41,22,22,28,6)
72:(16,2,41,24,20,26,6)
73:(16,2,41,25,20,25,5)
74:(16,2,42,19,23,31,8)
75:(16,2,42,24,20,26,6)
76:(16,2,43,18,23,32,9)
77:(16,2,43,19,23,31,8)
78:(16,2,44,19,22,31,9)
79:(16,2,44,19,23,31,8)
80:(17,2,40,21,22,29,7)
81:(17,2,40,25,20,25,5)
82:(17,2,41,22,21,28,7)
83:(17,2,41,22,22,28,6)
84:(17,2,41,24,20,26,6)
85:(17,2,41,26,19,24,5)
86:(17,2,42,19,23,31,8)
87:(18,2,40,26,19,24,5)
88:(18,2,40,28,17,22,5)
89:(18,2,41,27,18,23,5)
90:(18,2,41,28,17,22,5)
91:(18,2,41,29,16,21,5)
92:(18,2,42,28,17,22,5)
93:(19,2,39,29,17,21,4)
94:(19,2,39,29,18,21,3)
95:(19,2,40,29,16,21,5)
96:(19,2,40,29,17,21,4)
97:(20,2,37,29,18,21,3)
98:(20,2,38,29,18,21,3)
99:(21,2,37,29,18,21,3)
100:(21,2,38,30,17,20,3)
101:(22,2,37,30,17,20,3)
102:(22,2,38,31,16,19,3)
103:(23,2,36,31,16,19,3)
104:(23,2,37,31,16,19,3)
105:(24,2,34,31,16,19,3)
106:(24,2,35,31,16,19,3)
107:(25,2,31,32,15,18,3)
108:(25,2,32,32,15,18,3)
109:(25,2,33,31,16,19,3)
110:(25,2,33,32,15,18,3)
111:(25,2,34,32,15,18,3)
112:(26,2,31,32,15,18,3)
113:(26,2,33,31,16,19,3)
114:(26,2,34,32,15,18,3)
115:(27,2,29,32,15,18,3)
116:(27,2,30,32,15,18,3)
117:(28,2,27,32,15,18,3)
118:(28,2,28,32,15,18,3)
119:(29,2,23,33,14,17,3)
120:(29,2,23,34,13,16,3)
121:(29,2,24,33,14,17,3)
122:(29,2,24,34,13,16,3)
123:(29,2,25,33,14,17,3)
124:(29,2,26,32,15,18,3)
125:(29,2,26,33,14,17,3)
126:(29,2,27,33,14,17,3)
127:(30,2,21,34,13,16,3)
128:(30,2,21,35,12,15,3)
129:(30,2,22,34,13,16,3)
130:(30,2,22,35,12,15,3)
131:(30,2,25,33,14,17,3)
132:(31,2,20,35,12,15,3)
133:(32,2,19,35,12,15,3)
134:(33,2,17,35,13,15,2)
135:(33,2,17,38,10,12,2)
136:(33,2,18,35,12,15,3)
137:(33,2,18,35,13,15,2)
138:(33,2,18,36,12,14,2)
139:(33,2,18,38,10,12,2)
140:(34,2,16,36,12,14,2)
141:(34,2,17,36,12,14,2)
142:(34,2,17,37,11,13,2)
143:(34,2,17,38,10,12,2)
144:(34,2,18,38,10,12,2)
145:(35,2,16,38,10,12,2)
146:(35,2,17,39,9,11,2)
147:(35,2,18,40,8,10,2)
148:(36,2,16,40,8,10,2)
149:(36,2,17,40,8,10,2)
150:(37,2,16,40,8,10,2)
151:(37,2,17,41,7,9,2)
152:(38,2,15,42,7,8,1)
153:(38,2,16,41,7,9,2)
154:(38,2,16,41,8,9,1)
155:(38,2,16,42,7,8,1)
156:(38,2,17,42,7,8,1)
157:(39,2,14,42,7,8,1)
158:(39,2,15,43,6,7,1)
159:(39,2,15,44,5,6,1)
160:(39,2,16,44,5,6,1)
161:(40,2,14,44,5,6,1)
162:(40,2,14,45,4,5,1)
163:(40,2,15,44,5,6,1)
164:(40,2,15,45,4,5,1)
165:(41,2,13,45,4,5,1)
166:(42,2,12,45,4,5,1)
167:(43,2,11,45,4,5,1)
168:(44,2,10,45,4,5,1)
169:(44,2,11,46,3,4,1)
170:(45,2,8,47,2,3,1)
171:(45,2,9,47,2,3,1)
172:(45,2,10,46,3,4,1)
173:(46,2,8,46,3,4,1)
174:(46,2,8,47,2,3,1)
175:(46,2,9,46,3,4,1)
176:(46,2,9,47,2,3,1)
177:(47,2,6,47,3,3,0)
178:(47,2,7,47,2,3,1)
179:(47,2,7,47,3,3,0)
180:(48,2,5,47,3,3,0)
181:(48,2,6,48,2,2,0)
182:(49,2,1,50,0,0,0)
183:(49,2,2,50,0,0,0)
184:(49,2,3,50,0,0,0)
185:(49,2,4,50,0,0,0)
186:(49,2,5,48,2,2,0)
187:(49,2,5,50,0,0,0)
188:(49,2,6,49,1,1,0)
189:(49,2,6,50,0,0,0)
190:(50,2,0,50,0,0,0)
191:(50,2,4,49,1,1,0)
192:(50,2,5,49,1,1,0)
193:(50,2,5,50,0,0,0)
194:(51,2,5,50,0,0,0)
