(r,l,rl,g,ga,gbg,gd)
0:(-1,-1,-1,-1,-1,-1,-1)
1:(19,2,16,0,44,50,6)
2:(19,2,17,1,43,49,6)
3:(20,2,14,1,43,49,6)
4:(20,2,15,1,43,49,6)
5:(20,2,15,2,42,48,6)
6:(20,2,16,1,43,49,6)
7:(20,2,16,3,41,47,6)
8:(21,2,15,3,41,47,6)
9:(21,2,16,4,40,46,6)
10:(21,2,17,5,39,45,6)
11:(22,2,17,5,39,45,6)
12:(22,2,18,7,37,43,6)
13:(22,2,19,8,36,42,6)
14:(23,2,16,5,39,45,6)
15:(23,2,17,6,38,44,6)
16:(23,2,17,8,37,42,5)
17:(23,2,18,7,37,43,6)
18:(23,2,18,8,36,42,6)
19:(23,2,18,8,37,42,5)
20:(24,2,14,13,32,37,5)
21:(24,2,15,12,33,38,5)
22:(24,2,15,13,32,37,5)
23:(24,2,16,8,37,42,5)
24:(24,2,16,12,33,38,5)
25:(24,2,16,13,32,37,5)
26:(24,2,17,8,37,42,5)
27:(24,2,17,9,36,41,5)
28:(24,2,17,10,35,40,5)
29:(24,2,17,12,33,38,5)
30:(24,2,18,10,35,40,5)
31:(24,2,18,11,34,39,5)
32:(24,2,18,12,33,38,5)
33:(24,2,19,12,33,38,5)
34:(25,2,13,13,32,37,5)
35:(25,2,14,14,31,36,5)
36:(25,2,15,15,30,35,5)
37:(25,2,17,12,33,38,5)
38:(26,2,15,15,30,35,5)
39:(26,2,15,16,29,34,5)
40:(26,2,16,16,29,34,5)
41:(27,2,11,18,28,32,4)
42:(27,2,12,19,27,31,4)
43:(27,2,13,20,26,30,4)
44:(27,2,14,16,29,34,5)
45:(27,2,14,17,28,33,5)
46:(27,2,15,17,28,33,5)
47:(28,2,10,17,28,33,5)
48:(28,2,10,17,29,33,4)
49:(28,2,11,17,28,33,5)
50:(28,2,11,18,28,32,4)
51:(28,2,12,17,28,33,5)
52:(28,2,12,20,26,30,4)
53:(28,2,13,17,28,33,5)
54:(29,2,12,20,26,30,4)
55:(30,2,11,20,26,30,4)
56:(31,2,8,20,26,30,4)
57:(31,2,9,20,26,30,4)
58:(31,2,9,21,25,29,4)
59:(31,2,10,20,26,30,4)
60:(32,2,8,21,25,29,4)
61:(32,2,8,22,24,28,4)
62:(32,2,9,22,24,28,4)
63:(32,2,9,23,23,27,4)
64:(32,2,9,24,22,26,4)
65:(32,2,10,24,22,26,4)
66:(32,2,10,25,21,25,4)
67:(32,2,11,26,19,24,5)
68:(32,2,11,26,20,24,4)
69:(32,2,12,26,19,24,5)
70:(32,2,12,27,19,23,4)
71:(32,2,12,28,17,22,5)
72:(32,2,13,29,16,21,5)
73:(33,2,10,26,19,24,5)
74:(33,2,11,27,18,23,5)
75:(33,2,12,28,17,22,5)
76:(33,2,12,29,16,21,5)
77:(33,2,13,29,16,21,5)
78:(33,2,13,30,15,20,5)
79:(33,2,13,31,14,19,5)
80:(33,2,14,31,14,19,5)
81:(34,2,8,34,12,16,4)
82:(34,2,9,33,13,17,4)
83:(34,2,9,34,12,16,4)
84:(34,2,10,33,13,17,4)
85:(34,2,10,34,12,16,4)
86:(34,2,11,33,13,17,4)
87:(34,2,12,31,14,19,5)
88:(34,2,12,31,15,19,4)
89:(34,2,12,32,14,18,4)
90:(34,2,13,32,14,18,4)
91:(35,2,8,34,12,16,4)
92:(35,2,9,35,11,15,4)
93:(35,2,11,32,14,18,4)
94:(35,2,11,33,13,17,4)
95:(35,2,12,33,13,17,4)
96:(36,2,8,35,11,15,4)
97:(36,2,8,35,12,15,3)
98:(36,2,9,36,11,14,3)
99:(37,2,9,36,11,14,3)
100:(37,2,10,37,10,13,3)
101:(38,2,9,37,10,13,3)
102:(39,2,8,37,10,13,3)
103:(40,2,7,37,10,13,3)
104:(40,2,7,38,10,12,2)
105:(40,2,7,39,9,11,2)
106:(40,2,8,39,9,11,2)
107:(41,2,6,37,10,13,3)
108:(41,2,6,39,9,11,2)
109:(41,2,6,41,7,9,2)
110:(41,2,6,41,8,9,1)
111:(41,2,7,38,9,12,3)
112:(41,2,7,38,10,12,2)
113:(41,2,7,39,9,11,2)
114:(41,2,7,40,8,10,2)
115:(41,2,7,41,7,9,2)
116:(41,2,8,41,7,9,2)
117:(42,2,5,41,8,9,1)
118:(42,2,6,42,7,8,1)
119:(43,2,4,42,7,8,1)
120:(43,2,5,42,7,8,1)
121:(44,2,3,42,7,8,1)
122:(44,2,4,43,6,7,1)
123:(44,2,5,44,5,6,1)
124:(45,2,2,44,5,6,1)
125:(45,2,3,44,5,6,1)
126:(45,2,3,45,4,5,1)
127:(45,2,3,45,5,5,0)
128:(45,2,4,44,5,6,1)
129:(45,2,4,46,4,4,0)
130:(46,2,2,44,5,6,1)
131:(46,2,3,46,4,4,0)
132:(47,2,1,46,4,4,0)
133:(47,2,2,46,4,4,0)
134:(48,2,0,46,4,4,0)
135:(48,2,0,47,3,3,0)
136:(48,2,1,47,3,3,0)
137:(48,2,1,48,2,2,0)
138:(48,2,2,49,1,1,0)
139:(48,2,3,50,0,0,0)
140:(49,2,1,50,0,0,0)
141:(49,2,2,50,0,0,0)
142:(50,2,0,50,0,0,0)
143:(50,2,1,50,0,0,0)
144:(51,2,0,50,0,0,0)
