(r,l,rl,g,ga,gbg,gd)
0:(-1,-1,-1,-1,-1,-1,-1)
1:(0,2,74,14,23,36,13)
2:(0,2,74,14,24,36,12)
3:(0,2,75,14,23,36,13)
4:(0,2,75,15,23,35,12)
5:(0,2,77,13,24,37,13)
6:(0,2,78,13,24,37,13)
7:(0,2,79,13,24,37,13)
8:(0,2,80,13,23,37,14)
9:(0,2,80,13,24,37,13)
10:(0,2,81,13,23,37,14)
11:(0,2,84,6,29,44,15)
12:(0,2,85,1,34,49,15)
13:(0,2,85,6,29,44,15)
14:(0,2,86,0,34,50,16)
15:(0,2,86,1,34,49,15)
16:(0,2,86,4,31,46,15)
17:(0,2,86,6,29,44,15)
18:(0,2,87,1,33,49,16)
19:(0,2,87,1,34,49,15)
20:(0,2,87,4,31,46,15)
21:(0,2,87,5,30,45,15)
22:(0,2,87,6,29,44,15)
23:(0,2,88,6,29,44,15)
24:(1,2,73,14,23,36,13)
25:(1,2,74,15,23,35,12)
26:(1,2,75,13,24,37,13)
27:(1,2,75,14,23,36,13)
28:(1,2,75,15,23,35,12)
29:(1,2,76,13,24,37,13)
30:(1,2,76,14,23,36,13)
31:(1,2,77,13,24,37,13)
32:(1,2,78,13,24,37,13)
33:(1,2,79,13,24,37,13)
34:(1,2,81,13,23,37,14)
35:(1,2,83,6,29,44,15)
36:(1,2,83,6,30,44,14)
37:(1,2,84,1,34,49,15)
38:(1,2,84,6,29,44,15)
39:(1,2,85,2,33,48,15)
40:(1,2,86,3,32,47,15)
41:(1,2,87,1,33,49,16)
42:(1,2,87,4,31,46,15)
43:(2,2,73,15,23,35,12)
44:(2,2,75,13,24,37,13)
45:(2,2,79,6,30,44,14)
46:(2,2,80,6,30,44,14)
47:(2,2,80,7,29,43,14)
48:(2,2,80,12,24,38,14)
49:(2,2,81,6,30,44,14)
50:(2,2,81,8,28,42,14)
51:(2,2,81,13,23,37,14)
52:(2,2,82,6,30,44,14)
53:(2,2,82,9,27,41,14)
54:(2,2,83,6,30,44,14)
55:(3,2,69,15,23,35,12)
56:(3,2,70,15,23,35,12)
57:(3,2,71,15,23,35,12)
58:(3,2,72,15,23,35,12)
59:(3,2,79,10,26,40,14)
60:(3,2,80,9,27,41,14)
61:(3,2,80,10,26,40,14)
62:(3,2,80,11,25,39,14)
63:(3,2,80,12,24,38,14)
64:(3,2,81,9,27,41,14)
65:(3,2,81,10,26,40,14)
66:(3,2,83,6,30,44,14)
67:(4,2,67,15,23,35,12)
68:(4,2,68,15,23,35,12)
69:(4,2,80,11,25,39,14)
70:(4,2,80,12,24,38,14)
71:(4,2,81,12,24,38,14)
72:(5,2,65,15,23,35,12)
73:(5,2,66,15,23,35,12)
74:(6,2,65,15,23,35,12)
75:(7,2,62,16,23,34,11)
76:(7,2,63,16,23,34,11)
77:(7,2,64,15,23,35,12)
78:(7,2,64,15,24,35,11)
79:(7,2,64,16,23,34,11)
80:(7,2,65,16,23,34,11)
81:(8,2,61,16,23,34,11)
82:(8,2,63,16,23,34,11)
83:(9,2,60,16,23,34,11)
84:(9,2,61,16,23,34,11)
85:(10,2,58,17,22,33,11)
86:(10,2,59,16,23,34,11)
87:(10,2,59,17,22,33,11)
88:(10,2,60,17,22,33,11)
89:(11,2,55,17,22,33,11)
90:(11,2,55,18,21,32,11)
91:(11,2,56,17,22,33,11)
92:(11,2,56,18,21,32,11)
93:(11,2,56,19,20,31,11)
94:(11,2,56,19,21,31,10)
95:(11,2,57,17,22,33,11)
96:(12,2,55,19,21,31,10)
97:(12,2,56,19,21,31,10)
98:(12,2,56,20,20,30,10)
99:(13,2,55,20,20,30,10)
100:(14,2,53,20,21,30,9)
101:(14,2,54,20,20,30,10)
102:(14,2,54,20,21,30,9)
103:(15,2,52,20,21,30,9)
104:(16,2,47,20,21,30,9)
105:(16,2,48,20,21,30,9)
106:(16,2,48,21,20,29,9)
107:(16,2,49,20,21,30,9)
108:(16,2,50,20,21,30,9)
109:(16,2,51,20,21,30,9)
110:(17,2,45,23,18,27,9)
111:(17,2,45,24,18,26,8)
112:(17,2,46,23,18,27,9)
113:(17,2,46,24,17,26,9)
114:(17,2,46,24,18,26,8)
115:(17,2,47,21,20,29,9)
116:(17,2,47,22,19,28,9)
117:(17,2,47,23,18,27,9)
118:(17,2,48,22,19,28,9)
119:(17,2,48,23,18,27,9)
120:(18,2,41,24,18,26,8)
121:(18,2,42,24,18,26,8)
122:(18,2,43,24,18,26,8)
123:(18,2,44,24,18,26,8)
124:(19,2,40,24,18,26,8)
125:(19,2,41,25,17,25,8)
126:(20,2,41,25,17,25,8)
127:(21,2,39,25,17,25,8)
128:(21,2,40,25,17,25,8)
129:(22,2,39,25,17,25,8)
130:(22,2,39,27,15,23,8)
131:(22,2,40,26,16,24,8)
132:(22,2,40,27,15,23,8)
133:(22,2,41,27,15,23,8)
134:(23,2,38,27,15,23,8)
135:(23,2,39,28,14,22,8)
136:(23,2,40,29,13,21,8)
137:(23,2,40,31,11,19,8)
138:(23,2,41,30,12,20,8)
139:(23,2,41,31,11,19,8)
140:(24,2,38,31,11,19,8)
141:(24,2,39,31,11,19,8)
142:(24,2,40,30,12,20,8)
143:(24,2,41,31,11,19,8)
144:(25,2,37,31,11,19,8)
145:(25,2,38,32,10,18,8)
146:(26,2,33,34,10,16,6)
147:(26,2,33,35,9,15,6)
148:(26,2,34,35,9,15,6)
149:(26,2,37,32,10,18,8)
150:(27,2,32,34,9,16,7)
151:(27,2,32,34,10,16,6)
152:(27,2,32,35,9,15,6)
153:(27,2,33,32,10,18,8)
154:(27,2,33,36,8,14,6)
155:(27,2,33,37,7,13,6)
156:(27,2,33,37,8,13,5)
157:(27,2,33,39,6,11,5)
158:(27,2,34,32,10,18,8)
159:(27,2,34,37,7,13,6)
160:(27,2,35,32,10,18,8)
161:(27,2,36,32,10,18,8)
162:(28,2,31,33,9,17,8)
163:(28,2,31,33,10,17,7)
164:(28,2,31,37,8,13,5)
165:(28,2,31,39,6,11,5)
166:(28,2,31,40,5,10,5)
167:(28,2,32,33,9,17,8)
168:(28,2,32,34,9,16,7)
169:(28,2,32,37,8,13,5)
170:(28,2,32,38,7,12,5)
171:(28,2,32,39,6,11,5)
172:(28,2,32,40,5,10,5)
173:(28,2,32,41,4,9,5)
174:(28,2,33,32,10,18,8)
175:(28,2,33,33,9,17,8)
176:(28,2,33,39,6,11,5)
177:(28,2,34,33,9,17,8)
178:(29,2,31,41,4,9,5)
179:(30,2,30,41,4,9,5)
180:(30,2,30,41,5,9,4)
181:(30,2,31,41,4,9,5)
182:(31,2,28,41,5,9,4)
183:(31,2,28,43,4,7,3)
184:(31,2,29,41,5,9,4)
185:(31,2,29,42,4,8,4)
186:(31,2,29,42,5,8,3)
187:(32,2,27,42,5,8,3)
188:(32,2,27,43,4,7,3)
189:(32,2,28,42,5,8,3)
190:(32,2,28,43,4,7,3)
191:(32,2,29,42,5,8,3)
192:(33,2,23,43,4,7,3)
193:(33,2,23,44,3,6,3)
194:(33,2,24,43,4,7,3)
195:(33,2,24,44,3,6,3)
196:(33,2,25,43,4,7,3)
197:(33,2,26,43,4,7,3)
198:(34,2,20,44,4,6,2)
199:(34,2,21,44,3,6,3)
200:(34,2,21,44,4,6,2)
201:(34,2,22,44,3,6,3)
202:(35,2,19,44,4,6,2)
203:(36,2,17,44,4,6,2)
204:(36,2,18,44,4,6,2)
205:(37,2,16,44,4,6,2)
206:(38,2,10,44,5,6,1)
207:(38,2,11,44,4,6,2)
208:(38,2,11,44,5,6,1)
209:(38,2,11,45,4,5,1)
210:(38,2,12,44,4,6,2)
211:(38,2,12,46,3,4,1)
212:(38,2,13,44,4,6,2)
213:(38,2,14,44,4,6,2)
214:(38,2,15,44,4,6,2)
215:(39,2,11,46,3,4,1)
216:(39,2,12,46,3,4,1)
217:(39,2,13,44,4,6,2)
218:(40,2,9,46,3,4,1)
219:(40,2,10,46,3,4,1)
220:(40,2,11,46,3,4,1)
221:(41,2,8,45,3,5,2)
222:(41,2,8,46,3,4,1)
223:(41,2,10,46,3,4,1)
224:(42,2,6,45,3,5,2)
225:(42,2,7,45,3,5,2)
226:(42,2,7,47,1,3,2)
227:(43,2,5,45,3,5,2)
228:(43,2,6,46,2,4,2)
229:(43,2,7,47,1,3,2)
230:(43,2,8,48,0,2,2)
231:(44,2,7,48,0,2,2)
232:(45,2,6,48,0,2,2)
233:(45,2,6,48,1,2,1)
234:(46,2,3,48,1,2,1)
235:(46,2,4,48,1,2,1)
236:(46,2,5,48,1,2,1)
237:(47,2,1,49,1,1,0)
238:(47,2,2,48,1,2,1)
239:(47,2,2,49,0,1,1)
240:(47,2,2,49,1,1,0)
241:(47,2,3,49,0,1,1)
242:(48,2,0,49,1,1,0)
243:(48,2,1,49,0,1,1)
244:(48,2,1,49,1,1,0)
245:(48,2,1,50,0,0,0)
246:(49,2,0,50,0,0,0)
247:(50,2,0,50,0,0,0)
