(r,l,rl,g,ga,gbg,gd)
0:(-1,-1,-1,-1,-1,-1,-1)
1:(9,2,54,8,32,42,10)
2:(10,2,52,8,32,42,10)
3:(10,2,53,8,32,42,10)
4:(10,2,53,9,31,41,10)
5:(10,2,54,8,32,42,10)
6:(10,2,55,8,32,42,10)
7:(10,2,56,1,38,49,11)
8:(10,2,56,2,37,48,11)
9:(10,2,56,7,33,43,10)
10:(10,2,56,8,32,42,10)
11:(10,2,57,1,38,49,11)
12:(10,2,57,2,37,48,11)
13:(10,2,57,7,33,43,10)
14:(10,2,57,8,32,42,10)
15:(11,2,52,9,31,41,10)
16:(11,2,53,10,30,40,10)
17:(11,2,55,2,37,48,11)
18:(11,2,55,2,38,48,10)
19:(11,2,56,0,39,50,11)
20:(11,2,56,2,37,48,11)
21:(11,2,56,5,35,45,10)
22:(11,2,57,1,38,49,11)
23:(11,2,57,5,35,45,10)
24:(11,2,57,6,34,44,10)
25:(11,2,57,7,33,43,10)
26:(11,2,58,7,33,43,10)
27:(12,2,51,10,30,40,10)
28:(12,2,52,10,30,40,10)
29:(12,2,54,2,38,48,10)
30:(12,2,55,3,37,47,10)
31:(12,2,56,4,36,46,10)
32:(12,2,57,5,35,45,10)
33:(13,2,50,10,30,40,10)
34:(14,2,49,10,31,40,9)
35:(14,2,50,10,30,40,10)
36:(14,2,50,10,31,40,9)
37:(15,2,49,10,31,40,9)
38:(15,2,50,10,31,40,9)
39:(15,2,50,11,30,39,9)
40:(15,2,50,12,29,38,9)
41:(15,2,51,12,29,38,9)
42:(16,2,49,12,29,38,9)
43:(16,2,50,13,28,37,9)
44:(17,2,49,13,28,37,9)
45:(17,2,50,14,27,36,9)
46:(18,2,49,14,27,36,9)
47:(19,2,46,14,27,36,9)
48:(19,2,47,14,27,36,9)
49:(19,2,48,14,27,36,9)
50:(20,2,43,14,27,36,9)
51:(20,2,44,14,27,36,9)
52:(20,2,44,15,26,35,9)
53:(20,2,45,14,27,36,9)
54:(20,2,45,16,25,34,9)
55:(20,2,46,17,24,33,9)
56:(20,2,47,18,23,32,9)
57:(21,2,37,18,24,32,8)
58:(21,2,38,18,24,32,8)
59:(21,2,39,18,24,32,8)
60:(21,2,40,18,24,32,8)
61:(21,2,41,18,24,32,8)
62:(21,2,42,18,24,32,8)
63:(21,2,43,14,27,36,9)
64:(21,2,43,18,24,32,8)
65:(21,2,44,15,26,35,9)
66:(21,2,44,18,23,32,9)
67:(21,2,44,18,24,32,8)
68:(21,2,45,18,23,32,9)
69:(21,2,46,18,23,32,9)
70:(22,2,36,18,24,32,8)
71:(22,2,37,18,24,32,8)
72:(22,2,44,18,23,32,9)
73:(23,2,34,18,25,32,7)
74:(23,2,35,18,24,32,8)
75:(23,2,35,18,25,32,7)
76:(23,2,36,18,24,32,8)
77:(24,2,32,18,25,32,7)
78:(24,2,33,18,25,32,7)
79:(24,2,34,18,25,32,7)
80:(25,2,30,18,25,32,7)
81:(25,2,31,18,25,32,7)
82:(26,2,30,18,25,32,7)
83:(26,2,31,22,22,28,6)
84:(26,2,32,22,21,28,7)
85:(26,2,32,22,22,28,6)
86:(27,2,29,18,25,32,7)
87:(27,2,29,22,22,28,6)
88:(27,2,29,23,21,27,6)
89:(27,2,30,19,24,31,7)
90:(27,2,30,20,23,30,7)
91:(27,2,30,22,22,28,6)
92:(27,2,30,23,21,27,6)
93:(27,2,31,20,23,30,7)
94:(27,2,31,21,22,29,7)
95:(27,2,31,22,22,28,6)
96:(27,2,32,22,21,28,7)
97:(28,2,28,23,21,27,6)
98:(28,2,29,23,21,27,6)
99:(29,2,27,23,21,27,6)
100:(30,2,27,23,21,27,6)
101:(31,2,26,23,21,27,6)
102:(31,2,27,24,20,26,6)
103:(31,2,28,25,19,25,6)
104:(31,2,28,26,18,24,6)
105:(31,2,29,26,18,24,6)
106:(32,2,26,26,18,24,6)
107:(32,2,27,26,18,24,6)
108:(32,2,27,27,17,23,6)
109:(32,2,28,26,18,24,6)
110:(33,2,26,27,17,23,6)
111:(34,2,25,27,17,23,6)
112:(34,2,25,27,18,23,5)
113:(34,2,25,28,17,22,5)
114:(34,2,25,29,16,21,5)
115:(34,2,26,28,17,22,5)
116:(34,2,26,29,16,21,5)
117:(35,2,24,29,16,21,5)
118:(35,2,25,28,17,22,5)
119:(35,2,25,30,15,20,5)
120:(35,2,26,28,17,22,5)
121:(36,2,25,30,15,20,5)
122:(37,2,24,30,15,20,5)
123:(37,2,24,31,14,19,5)
124:(37,2,25,31,14,19,5)
125:(38,2,23,31,14,19,5)
126:(38,2,24,32,13,18,5)
127:(38,2,25,33,12,17,5)
128:(38,2,26,34,11,16,5)
129:(39,2,23,36,11,14,3)
130:(39,2,24,35,11,15,4)
131:(39,2,24,36,11,14,3)
132:(39,2,25,34,11,16,5)
133:(39,2,25,34,12,16,4)
134:(40,2,18,39,9,11,2)
135:(40,2,20,37,10,13,3)
136:(40,2,21,36,11,14,3)
137:(40,2,21,37,10,13,3)
138:(40,2,22,36,11,14,3)
139:(40,2,22,37,10,13,3)
140:(40,2,23,35,11,15,4)
141:(40,2,23,35,12,15,3)
142:(40,2,24,34,12,16,4)
143:(40,2,24,35,11,15,4)
144:(40,2,24,36,11,14,3)
145:(40,2,25,35,11,15,4)
146:(41,2,17,37,10,13,3)
147:(41,2,17,39,9,11,2)
148:(41,2,18,37,10,13,3)
149:(41,2,18,38,9,12,3)
150:(41,2,18,39,9,11,2)
151:(41,2,18,40,8,10,2)
152:(41,2,18,41,7,9,2)
153:(41,2,18,41,8,9,1)
154:(41,2,19,37,10,13,3)
155:(41,2,19,39,8,11,3)
156:(41,2,19,39,9,11,2)
157:(41,2,19,41,7,9,2)
158:(42,2,17,41,8,9,1)
159:(42,2,18,37,10,13,3)
160:(42,2,19,37,10,13,3)
161:(43,2,16,41,8,9,1)
162:(43,2,16,42,7,8,1)
163:(43,2,17,42,7,8,1)
164:(44,2,10,45,4,5,1)
165:(44,2,10,45,5,5,0)
166:(44,2,11,44,5,6,1)
167:(44,2,11,45,4,5,1)
168:(44,2,12,43,6,7,1)
169:(44,2,12,44,5,6,1)
170:(44,2,12,45,4,5,1)
171:(44,2,13,44,5,6,1)
172:(44,2,13,45,5,5,0)
173:(44,2,16,42,7,8,1)
174:(45,2,9,45,5,5,0)
175:(45,2,11,43,6,7,1)
176:(45,2,12,42,7,8,1)
177:(45,2,12,43,6,7,1)
178:(45,2,12,44,5,6,1)
179:(45,2,13,42,7,8,1)
180:(45,2,13,43,6,7,1)
181:(45,2,13,45,4,5,1)
182:(45,2,13,45,5,5,0)
183:(45,2,14,42,7,8,1)
184:(45,2,15,42,7,8,1)
185:(46,2,8,45,5,5,0)
186:(47,2,1,49,1,1,0)
187:(47,2,2,49,1,1,0)
188:(47,2,6,45,5,5,0)
189:(47,2,7,45,5,5,0)
190:(48,2,0,49,1,1,0)
191:(48,2,1,49,1,1,0)
192:(48,2,1,50,0,0,0)
193:(48,2,2,49,1,1,0)
194:(48,2,6,45,5,5,0)
195:(48,2,7,46,4,4,0)
196:(49,2,1,49,1,1,0)
197:(49,2,1,50,0,0,0)
198:(49,2,2,49,1,1,0)
199:(49,2,3,49,1,1,0)
200:(49,2,4,49,1,1,0)
201:(49,2,5,46,4,4,0)
202:(49,2,5,47,3,3,0)
203:(49,2,6,46,4,4,0)
204:(49,2,6,47,3,3,0)
205:(50,2,0,50,0,0,0)
206:(50,2,2,47,3,3,0)
207:(50,2,3,47,3,3,0)
208:(50,2,3,48,2,2,0)
209:(50,2,4,47,3,3,0)
210:(50,2,4,49,1,1,0)
211:(50,2,5,46,4,4,0)
