(r,l,rl,g,ga,gbg,gd)
0:(50,2,0,50,0,0,0)
1:(49,2,1,50,0,0,0)
2:(51,2,0,50,0,0,0)
3:(52,2,0,50,0,0,0)
4:(51,2,1,50,0,0,0)
5:(51,2,0,49,1,1,0)
6:(51,2,1,49,1,1,0)
7:(51,2,2,49,1,1,0)
8:(52,2,2,49,1,1,0)
9:(51,2,3,49,1,1,0)
10:(51,2,3,49,0,1,1)
11:(51,2,2,48,1,2,1)
12:(50,2,2,49,1,1,0)
13:(49,2,3,49,1,1,0)
14:(48,2,3,49,1,1,0)
15:(48,2,4,49,1,1,0)
16:(49,2,4,49,1,1,0)
17:(49,2,5,49,1,1,0)
18:(48,2,5,49,1,1,0)
19:(47,2,5,49,1,1,0)
20:(46,2,5,49,1,1,0)
21:(45,2,6,49,1,1,0)
22:(45,2,5,48,2,2,0)
23:(44,2,6,48,2,2,0)
24:(44,2,5,47,3,3,0)
25:(44,2,6,47,3,3,0)
26:(43,2,6,47,3,3,0)
27:(43,2,5,46,4,4,0)
28:(42,2,6,46,4,4,0)
29:(42,2,7,46,4,4,0)
30:(42,2,6,45,5,5,0)
31:(42,2,6,45,4,5,1)
32:(42,2,5,44,5,6,1)
33:(41,2,6,44,5,6,1)
34:(40,2,7,44,5,6,1)
35:(39,2,7,44,5,6,1)
36:(39,2,8,44,5,6,1)
37:(39,2,9,44,5,6,1)
38:(39,2,10,44,5,6,1)
39:(39,2,11,44,5,6,1)
40:(38,2,12,44,5,6,1)
41:(37,2,13,44,5,6,1)
42:(37,2,13,44,4,6,2)
43:(38,2,13,44,4,6,2)
44:(38,2,14,44,4,6,2)
45:(38,2,15,44,4,6,2)
46:(37,2,16,44,4,6,2)
47:(37,2,17,44,4,6,2)
48:(37,2,16,43,5,7,2)
49:(37,2,16,43,4,7,3)
50:(36,2,17,43,4,7,3)
51:(35,2,17,43,4,7,3)
52:(35,2,16,42,5,8,3)
53:(35,2,15,41,6,9,3)
54:(36,2,15,41,6,9,3)
55:(36,2,14,40,7,10,3)
56:(36,2,13,39,8,11,3)
57:(35,2,14,39,8,11,3)
58:(35,2,14,39,7,11,4)
59:(35,2,13,38,8,12,4)
60:(35,2,12,37,9,13,4)
61:(35,2,11,36,10,14,4)
62:(35,2,10,35,11,15,4)
63:(35,2,9,34,12,16,4)
64:(35,2,8,33,13,17,4)
65:(36,2,8,33,13,17,4)
66:(34,2,9,33,13,17,4)
67:(33,2,10,33,13,17,4)
68:(33,2,11,33,13,17,4)
69:(32,2,12,33,13,17,4)
70:(31,2,13,33,13,17,4)
71:(31,2,12,32,14,18,4)
72:(31,2,11,31,15,19,4)
73:(31,2,10,30,16,20,4)
74:(31,2,10,30,15,20,5)
75:(30,2,10,30,15,20,5)
76:(29,2,11,30,15,20,5)
77:(29,2,10,29,16,21,5)
78:(29,2,9,28,17,22,5)
79:(29,2,8,27,18,23,5)
80:(29,2,7,26,19,24,5)
81:(29,2,8,26,19,24,5)
82:(28,2,9,26,19,24,5)
83:(28,2,10,26,19,24,5)
84:(29,2,10,26,19,24,5)
85:(29,2,9,25,20,25,5)
86:(29,2,8,24,21,26,5)
87:(29,2,9,24,21,26,5)
88:(29,2,10,24,21,26,5)
89:(29,2,11,24,21,26,5)
90:(28,2,12,24,21,26,5)
91:(28,2,11,23,22,27,5)
92:(28,2,10,22,23,28,5)
93:(28,2,9,21,24,29,5)
94:(28,2,9,21,23,29,6)
95:(27,2,10,21,23,29,6)
96:(27,2,11,21,23,29,6)
97:(26,2,12,21,23,29,6)
98:(26,2,13,21,23,29,6)
99:(27,2,13,21,23,29,6)
100:(27,2,13,21,22,29,7)
101:(27,2,14,21,22,29,7)
102:(26,2,15,21,22,29,7)
103:(28,2,14,21,22,29,7)
104:(28,2,14,21,21,29,8)
105:(27,2,15,21,21,29,8)
106:(27,2,14,20,22,30,8)
107:(26,2,14,20,22,30,8)
108:(25,2,15,20,22,30,8)
109:(25,2,14,19,23,31,8)
110:(25,2,13,18,24,32,8)
111:(25,2,12,17,25,33,8)
112:(24,2,13,17,25,33,8)
113:(25,2,13,17,25,33,8)
114:(25,2,12,16,26,34,8)
115:(24,2,13,16,26,34,8)
116:(23,2,14,16,26,34,8)
117:(23,2,13,15,27,35,8)
118:(22,2,14,15,27,35,8)
119:(21,2,14,15,27,35,8)
120:(20,2,15,15,27,35,8)
121:(21,2,15,15,27,35,8)
122:(21,2,15,15,26,35,9)
123:(20,2,15,15,26,35,9)
124:(19,2,16,15,26,35,9)
125:(19,2,17,15,26,35,9)
126:(19,2,18,15,26,35,9)
127:(19,2,18,15,25,35,10)
128:(19,2,17,14,26,36,10)
129:(19,2,16,13,27,37,10)
130:(18,2,17,13,27,37,10)
131:(18,2,16,12,28,38,10)
132:(18,2,17,12,28,38,10)
133:(18,2,16,11,29,39,10)
134:(18,2,15,10,30,40,10)
135:(18,2,14,9,31,41,10)
136:(17,2,14,9,31,41,10)
137:(17,2,13,8,32,42,10)
138:(17,2,14,8,32,42,10)
139:(17,2,14,8,31,42,11)
140:(18,2,14,8,31,42,11)
141:(18,2,15,8,31,42,11)
142:(17,2,16,8,31,42,11)
143:(16,2,17,8,31,42,11)
144:(16,2,18,8,31,42,11)
145:(15,2,19,8,31,42,11)
146:(15,2,18,7,32,43,11)
147:(15,2,17,6,33,44,11)
148:(16,2,17,6,33,44,11)
149:(16,2,18,6,33,44,11)
150:(16,2,19,6,33,44,11)
151:(16,2,18,5,34,45,11)
152:(15,2,18,5,34,45,11)
153:(15,2,17,4,35,46,11)
154:(16,2,17,4,35,46,11)
155:(16,2,16,3,36,47,11)
156:(16,2,15,2,37,48,11)
157:(17,2,15,2,37,48,11)
158:(16,2,16,2,37,48,11)
159:(16,2,15,1,38,49,11)
160:(16,2,15,1,37,49,12)
161:(16,2,14,0,38,50,12)
162:(-1,-1,-1,-1,-1,-1,-1)