(r,l,rl,g,ga,gbg,gd)
0:(50,2,0,50,0,0,0)
1:(51,2,0,50,0,0,0)
2:(51,2,1,50,0,0,0)
3:(50,2,2,50,0,0,0)
4:(49,2,3,50,0,0,0)
5:(49,2,4,50,0,0,0)
6:(50,2,3,50,0,0,0)
7:(50,2,4,50,0,0,0)
8:(50,2,3,49,1,1,0)
9:(49,2,3,49,1,1,0)
10:(48,2,4,49,1,1,0)
11:(48,2,5,49,1,1,0)
12:(49,2,5,49,1,1,0)
13:(49,2,6,49,1,1,0)
14:(50,2,6,49,1,1,0)
15:(49,2,7,49,1,1,0)
16:(48,2,8,49,1,1,0)
17:(48,2,8,49,0,1,1)
18:(47,2,9,49,0,1,1)
19:(47,2,10,49,0,1,1)
20:(46,2,11,49,0,1,1)
21:(45,2,11,49,0,1,1)
22:(45,2,11,50,0,0,0)
23:(44,2,12,50,0,0,0)
24:(44,2,11,49,1,1,0)
25:(44,2,10,48,2,2,0)
26:(45,2,10,48,2,2,0)
27:(44,2,11,48,2,2,0)
28:(43,2,12,48,2,2,0)
29:(43,2,11,47,3,3,0)
30:(42,2,12,47,3,3,0)
31:(42,2,12,47,2,3,1)
32:(42,2,13,47,2,3,1)
33:(42,2,13,47,1,3,2)
34:(42,2,12,46,2,4,2)
35:(42,2,13,46,2,4,2)
36:(42,2,14,46,2,4,2)
37:(41,2,15,46,2,4,2)
38:(40,2,15,46,2,4,2)
39:(39,2,16,46,2,4,2)
40:(39,2,16,46,1,4,3)
41:(40,2,16,46,1,4,3)
42:(40,2,17,46,1,4,3)
43:(40,2,18,46,1,4,3)
44:(40,2,17,45,2,5,3)
45:(39,2,18,45,2,5,3)
46:(38,2,19,45,2,5,3)
47:(38,2,18,44,3,6,3)
48:(38,2,18,44,2,6,4)
49:(37,2,19,44,2,6,4)
50:(37,2,20,44,2,6,4)
51:(36,2,20,44,2,6,4)
52:(35,2,21,44,2,6,4)
53:(35,2,22,44,2,6,4)
54:(34,2,22,44,2,6,4)
55:(34,2,23,44,2,6,4)
56:(34,2,23,44,1,6,5)
57:(34,2,22,43,2,7,5)
58:(33,2,23,43,2,7,5)
59:(34,2,23,43,2,7,5)
60:(33,2,24,43,2,7,5)
61:(33,2,23,42,3,8,5)
62:(33,2,22,41,4,9,5)
63:(33,2,21,40,5,10,5)
64:(32,2,22,40,5,10,5)
65:(32,2,23,40,5,10,5)
66:(32,2,23,40,4,10,6)
67:(32,2,24,40,4,10,6)
68:(32,2,23,39,5,11,6)
69:(32,2,22,38,6,12,6)
70:(32,2,23,38,6,12,6)
71:(32,2,22,37,7,13,6)
72:(32,2,21,36,8,14,6)
73:(32,2,22,36,8,14,6)
74:(33,2,22,36,8,14,6)
75:(32,2,23,36,8,14,6)
76:(31,2,24,36,8,14,6)
77:(30,2,24,36,8,14,6)
78:(30,2,23,35,9,15,6)
79:(30,2,24,35,9,15,6)
80:(30,2,25,35,9,15,6)
81:(29,2,26,35,9,15,6)
82:(28,2,27,35,9,15,6)
83:(28,2,27,35,8,15,7)
84:(28,2,28,35,8,15,7)
85:(27,2,28,35,8,15,7)
86:(27,2,29,35,8,15,7)
87:(27,2,28,34,9,16,7)
88:(27,2,29,34,9,16,7)
89:(26,2,30,34,9,16,7)
90:(26,2,29,33,10,17,7)
91:(27,2,29,33,10,17,7)
92:(27,2,30,33,10,17,7)
93:(28,2,30,33,10,17,7)
94:(27,2,31,33,10,17,7)
95:(26,2,32,33,10,17,7)
96:(26,2,32,33,9,17,8)
97:(26,2,33,33,9,17,8)
98:(25,2,34,33,9,17,8)
99:(25,2,33,32,10,18,8)
100:(24,2,34,32,10,18,8)
101:(23,2,34,32,10,18,8)
102:(23,2,33,31,11,19,8)
103:(22,2,34,31,11,19,8)
104:(22,2,35,31,11,19,8)
105:(21,2,36,31,11,19,8)
106:(21,2,37,31,11,19,8)
107:(21,2,36,30,12,20,8)
108:(21,2,37,30,12,20,8)
109:(20,2,38,30,12,20,8)
110:(19,2,39,30,12,20,8)
111:(19,2,40,30,12,20,8)
112:(18,2,40,30,12,20,8)
113:(17,2,40,30,12,20,8)
114:(17,2,39,29,13,21,8)
115:(16,2,40,29,13,21,8)
116:(15,2,41,29,13,21,8)
117:(14,2,42,29,13,21,8)
118:(14,2,43,29,13,21,8)
119:(14,2,43,29,12,21,9)
120:(13,2,44,29,12,21,9)
121:(12,2,45,29,12,21,9)
122:(12,2,46,29,12,21,9)
123:(12,2,47,29,12,21,9)
124:(12,2,46,28,13,22,9)
125:(12,2,46,28,12,22,10)
126:(13,2,46,28,12,22,10)
127:(12,2,47,28,12,22,10)
128:(11,2,48,28,12,22,10)
129:(10,2,49,28,12,22,10)
130:(10,2,50,28,12,22,10)
131:(9,2,51,28,12,22,10)
132:(10,2,51,28,12,22,10)
133:(10,2,52,28,12,22,10)
134:(10,2,52,28,11,22,11)
135:(10,2,53,28,11,22,11)
136:(10,2,54,28,11,22,11)
137:(10,2,53,27,12,23,11)
138:(9,2,53,27,12,23,11)
139:(9,2,54,27,12,23,11)
140:(9,2,53,26,13,24,11)
141:(8,2,54,26,13,24,11)
142:(9,2,54,26,13,24,11)
143:(9,2,55,26,13,24,11)
144:(9,2,56,26,13,24,11)
145:(9,2,55,25,14,25,11)
146:(9,2,54,24,15,26,11)
147:(9,2,53,23,16,27,11)
148:(10,2,53,23,16,27,11)
149:(10,2,52,22,17,28,11)
150:(9,2,53,22,17,28,11)
151:(9,2,52,21,18,29,11)
152:(9,2,51,20,19,30,11)
153:(8,2,52,20,19,30,11)
154:(8,2,51,19,20,31,11)
155:(8,2,52,19,20,31,11)
156:(8,2,53,19,20,31,11)
157:(9,2,53,19,20,31,11)
158:(9,2,54,19,20,31,11)
159:(9,2,53,18,21,32,11)
160:(9,2,52,17,22,33,11)
161:(8,2,53,17,22,33,11)
162:(8,2,52,16,23,34,11)
163:(8,2,51,15,24,35,11)
164:(7,2,52,15,24,35,11)
165:(6,2,53,15,24,35,11)
166:(6,2,54,15,24,35,11)
167:(5,2,55,15,24,35,11)
168:(4,2,56,15,24,35,11)
169:(4,2,56,15,23,35,12)
170:(3,2,57,15,23,35,12)
171:(3,2,56,14,24,36,12)
172:(3,2,55,13,25,37,12)
173:(2,2,56,13,25,37,12)
174:(2,2,55,12,26,38,12)
175:(1,2,56,12,26,38,12)
176:(1,2,55,11,27,39,12)
177:(0,2,55,11,27,39,12)
178:(0,2,54,10,28,40,12)
179:(1,2,54,10,28,40,12)
180:(1,2,55,10,28,40,12)
181:(1,2,54,9,29,41,12)
182:(1,2,54,9,28,41,13)
183:(0,2,55,9,28,41,13)
184:(0,2,54,8,29,42,13)
185:(0,2,55,8,29,42,13)
186:(0,2,54,7,30,43,13)
187:(0,2,53,6,31,44,13)
188:(0,2,52,5,32,45,13)
189:(0,2,53,5,32,45,13)
190:(0,2,52,4,33,46,13)
191:(0,2,52,4,32,46,14)
192:(0,2,51,3,33,47,14)
193:(0,2,52,3,33,47,14)
194:(0,2,53,3,33,47,14)
195:(1,2,53,3,33,47,14)
196:(1,2,52,2,34,48,14)
197:(0,2,53,2,34,48,14)
198:(0,2,52,1,35,49,14)
199:(0,2,53,1,35,49,14)
200:(0,2,54,1,35,49,14)
201:(0,2,55,1,35,49,14)
202:(0,2,56,1,35,49,14)
203:(0,2,56,1,34,49,15)
204:(0,2,57,1,34,49,15)
205:(0,2,56,0,35,50,15)
206:(-1,-1,-1,-1,-1,-1,-1)