(r,l,rl,g,ga,gbg,gd)
0:(-1,-1,-1,-1,-1,-1,-1)
1:(0,2,51,3,33,47,14)
2:(0,2,52,1,35,49,14)
3:(0,2,52,3,33,47,14)
4:(0,2,52,4,32,46,14)
5:(0,2,52,4,33,46,13)
6:(0,2,52,5,32,45,13)
7:(0,2,53,1,35,49,14)
8:(0,2,53,2,34,48,14)
9:(0,2,53,3,33,47,14)
10:(0,2,53,5,32,45,13)
11:(0,2,53,6,31,44,13)
12:(0,2,54,1,35,49,14)
13:(0,2,54,7,30,43,13)
14:(0,2,54,8,29,42,13)
15:(0,2,54,10,28,40,12)
16:(0,2,55,1,35,49,14)
17:(0,2,55,8,29,42,13)
18:(0,2,55,9,28,41,13)
19:(0,2,55,11,27,39,12)
20:(0,2,56,0,35,50,15)
21:(0,2,56,1,34,49,15)
22:(0,2,56,1,35,49,14)
23:(0,2,57,1,34,49,15)
24:(1,2,52,2,34,48,14)
25:(1,2,53,3,33,47,14)
26:(1,2,54,9,28,41,13)
27:(1,2,54,9,29,41,12)
28:(1,2,54,10,28,40,12)
29:(1,2,55,10,28,40,12)
30:(1,2,55,11,27,39,12)
31:(1,2,56,12,26,38,12)
32:(2,2,55,12,26,38,12)
33:(2,2,56,13,25,37,12)
34:(3,2,55,13,25,37,12)
35:(3,2,56,14,24,36,12)
36:(3,2,57,15,23,35,12)
37:(4,2,56,15,23,35,12)
38:(4,2,56,15,24,35,11)
39:(5,2,55,15,24,35,11)
40:(6,2,53,15,24,35,11)
41:(6,2,54,15,24,35,11)
42:(7,2,52,15,24,35,11)
43:(8,2,51,15,24,35,11)
44:(8,2,51,19,20,31,11)
45:(8,2,52,16,23,34,11)
46:(8,2,52,19,20,31,11)
47:(8,2,52,20,19,30,11)
48:(8,2,53,17,22,33,11)
49:(8,2,53,19,20,31,11)
50:(8,2,54,26,13,24,11)
51:(9,2,51,20,19,30,11)
52:(9,2,51,28,12,22,10)
53:(9,2,52,17,22,33,11)
54:(9,2,52,21,18,29,11)
55:(9,2,53,18,21,32,11)
56:(9,2,53,19,20,31,11)
57:(9,2,53,22,17,28,11)
58:(9,2,53,23,16,27,11)
59:(9,2,53,26,13,24,11)
60:(9,2,53,27,12,23,11)
61:(9,2,54,19,20,31,11)
62:(9,2,54,24,15,26,11)
63:(9,2,54,26,13,24,11)
64:(9,2,54,27,12,23,11)
65:(9,2,55,25,14,25,11)
66:(9,2,55,26,13,24,11)
67:(9,2,56,26,13,24,11)
68:(10,2,49,28,12,22,10)
69:(10,2,50,28,12,22,10)
70:(10,2,51,28,12,22,10)
71:(10,2,52,22,17,28,11)
72:(10,2,52,28,11,22,11)
73:(10,2,52,28,12,22,10)
74:(10,2,53,23,16,27,11)
75:(10,2,53,27,12,23,11)
76:(10,2,53,28,11,22,11)
77:(10,2,54,28,11,22,11)
78:(11,2,48,28,12,22,10)
79:(12,2,45,29,12,21,9)
80:(12,2,46,28,12,22,10)
81:(12,2,46,28,13,22,9)
82:(12,2,46,29,12,21,9)
83:(12,2,47,28,12,22,10)
84:(12,2,47,29,12,21,9)
85:(13,2,44,29,12,21,9)
86:(13,2,46,28,12,22,10)
87:(14,2,42,29,13,21,8)
88:(14,2,43,29,12,21,9)
89:(14,2,43,29,13,21,8)
90:(15,2,41,29,13,21,8)
91:(16,2,40,29,13,21,8)
92:(17,2,39,29,13,21,8)
93:(17,2,40,30,12,20,8)
94:(18,2,40,30,12,20,8)
95:(19,2,39,30,12,20,8)
96:(19,2,40,30,12,20,8)
97:(20,2,38,30,12,20,8)
98:(21,2,36,30,12,20,8)
99:(21,2,36,31,11,19,8)
100:(21,2,37,30,12,20,8)
101:(21,2,37,31,11,19,8)
102:(22,2,34,31,11,19,8)
103:(22,2,35,31,11,19,8)
104:(23,2,33,31,11,19,8)
105:(23,2,34,32,10,18,8)
106:(24,2,34,32,10,18,8)
107:(25,2,33,32,10,18,8)
108:(25,2,34,33,9,17,8)
109:(26,2,29,33,10,17,7)
110:(26,2,30,34,9,16,7)
111:(26,2,32,33,9,17,8)
112:(26,2,32,33,10,17,7)
113:(26,2,33,33,9,17,8)
114:(27,2,28,34,9,16,7)
115:(27,2,28,35,8,15,7)
116:(27,2,29,33,10,17,7)
117:(27,2,29,34,9,16,7)
118:(27,2,29,35,8,15,7)
119:(27,2,30,33,10,17,7)
120:(27,2,31,33,10,17,7)
121:(28,2,27,35,8,15,7)
122:(28,2,27,35,9,15,6)
123:(28,2,28,35,8,15,7)
124:(28,2,30,33,10,17,7)
125:(29,2,26,35,9,15,6)
126:(30,2,23,35,9,15,6)
127:(30,2,24,35,9,15,6)
128:(30,2,24,36,8,14,6)
129:(30,2,25,35,9,15,6)
130:(31,2,24,36,8,14,6)
131:(32,2,21,36,8,14,6)
132:(32,2,22,36,8,14,6)
133:(32,2,22,37,7,13,6)
134:(32,2,22,38,6,12,6)
135:(32,2,22,40,5,10,5)
136:(32,2,23,36,8,14,6)
137:(32,2,23,38,6,12,6)
138:(32,2,23,39,5,11,6)
139:(32,2,23,40,4,10,6)
140:(32,2,23,40,5,10,5)
141:(32,2,24,40,4,10,6)
142:(33,2,21,40,5,10,5)
143:(33,2,22,36,8,14,6)
144:(33,2,22,41,4,9,5)
145:(33,2,23,42,3,8,5)
146:(33,2,23,43,2,7,5)
147:(33,2,24,43,2,7,5)
148:(34,2,22,43,2,7,5)
149:(34,2,22,44,2,6,4)
150:(34,2,23,43,2,7,5)
151:(34,2,23,44,1,6,5)
152:(34,2,23,44,2,6,4)
153:(35,2,21,44,2,6,4)
154:(35,2,22,44,2,6,4)
155:(36,2,20,44,2,6,4)
156:(37,2,19,44,2,6,4)
157:(37,2,20,44,2,6,4)
158:(38,2,18,44,2,6,4)
159:(38,2,18,44,3,6,3)
160:(38,2,19,45,2,5,3)
161:(39,2,16,46,1,4,3)
162:(39,2,16,46,2,4,2)
163:(39,2,18,45,2,5,3)
164:(40,2,15,46,2,4,2)
165:(40,2,16,46,1,4,3)
166:(40,2,17,45,2,5,3)
167:(40,2,17,46,1,4,3)
168:(40,2,18,46,1,4,3)
169:(41,2,15,46,2,4,2)
170:(42,2,12,46,2,4,2)
171:(42,2,12,47,2,3,1)
172:(42,2,12,47,3,3,0)
173:(42,2,13,46,2,4,2)
174:(42,2,13,47,1,3,2)
175:(42,2,13,47,2,3,1)
176:(42,2,14,46,2,4,2)
177:(43,2,11,47,3,3,0)
178:(43,2,12,48,2,2,0)
179:(44,2,10,48,2,2,0)
180:(44,2,11,48,2,2,0)
181:(44,2,11,49,1,1,0)
182:(44,2,12,50,0,0,0)
183:(45,2,10,48,2,2,0)
184:(45,2,11,49,0,1,1)
185:(45,2,11,50,0,0,0)
186:(46,2,11,49,0,1,1)
187:(47,2,9,49,0,1,1)
188:(47,2,10,49,0,1,1)
189:(48,2,4,49,1,1,0)
190:(48,2,5,49,1,1,0)
191:(48,2,8,49,0,1,1)
192:(48,2,8,49,1,1,0)
193:(49,2,3,49,1,1,0)
194:(49,2,3,50,0,0,0)
195:(49,2,4,50,0,0,0)
196:(49,2,5,49,1,1,0)
197:(49,2,6,49,1,1,0)
198:(49,2,7,49,1,1,0)
199:(50,2,0,50,0,0,0)
200:(50,2,2,50,0,0,0)
201:(50,2,3,49,1,1,0)
202:(50,2,3,50,0,0,0)
203:(50,2,4,50,0,0,0)
204:(50,2,6,49,1,1,0)
205:(51,2,0,50,0,0,0)
206:(51,2,1,50,0,0,0)
