(R_,L,RL,G_,G_a,G_bg,G_d)
0:(50,2,0,50,0,0,0) [ 7.4338 ]
1:(50,2,1,50,0,0,0) [ 7.993799999999999 ]
2:(50,2,2,50,0,0,0) [ 8.553799999999999 ]
3:(50,2,3,50,0,0,0) [ 9.113800000000001 ]
4:(50,2,2,49,1,1,0) [ 8.6318 ]
5:(50,2,2,49,0,1,1) [ 1058.5318 ]
6:(51,2,2,49,0,1,1) [ 1058.6162 ]
7:(50,2,3,49,0,1,1) [ 1059.0808 ]
8:(50,2,4,49,0,1,1) [ 1059.6298 ]
9:(50,2,5,49,0,1,1) [ 1060.1788 ]
10:(51,2,5,49,0,1,1) [ 1060.2632 ]
11:(52,2,5,49,0,1,1) [ 1060.3476 ]
12:(53,2,5,49,0,1,1) [ 1060.432 ]
13:(54,2,5,49,0,1,1) [ 1060.5164 ]
14:(55,2,5,49,0,1,1) [ 1060.6008 ]
15:(56,2,5,49,0,1,1) [ 1060.6852 ]
16:(55,2,6,49,0,1,1) [ 1061.1498 ]
17:(55,2,5,48,1,2,1) [ 2110.6458 ]
18:(55,2,4,47,2,3,1) [ 3160.1638 ]
19:(55,2,4,47,1,3,2) [ 6310.063800000001 ]
20:(55,2,4,47,0,3,3) [ 9459.9638 ]
21:(56,2,4,47,0,3,3) [ 9460.0482 ]
22:(57,2,4,47,0,3,3) [ 9460.1326 ]
23:(58,2,4,47,0,3,3) [ 9460.217 ]
24:(59,2,4,47,0,3,3) [ 9460.3014 ]
25:(60,2,4,47,0,3,3) [ 9460.3858 ]
26:(60,2,5,47,0,3,3) [ 9460.9128 ]
27:(60,2,4,46,1,4,3) [ 12610.4418 ]
28:(60,2,4,46,0,4,4) [ 16810.3418 ]
29:(61,2,4,46,0,4,4) [ 16810.4262 ]
30:(62,2,4,46,0,4,4) [ 16810.5106 ]
31:(61,2,5,46,0,4,4) [ 16810.9422 ]
32:(61,2,4,45,1,5,4) [ 21010.4822 ]
33:(61,2,4,45,0,5,5) [ 26260.3822 ]
34:(61,2,5,45,0,5,5) [ 26260.8872 ]
35:(62,2,5,45,0,5,5) [ 26260.9716 ]
36:(63,2,5,45,0,5,5) [ 26261.056 ]
37:(63,2,6,45,0,5,5) [ 26261.561 ]
38:(64,2,6,45,0,5,5) [ 26261.6454 ]
39:(64,2,5,44,1,6,5) [ 31511.1854 ]
40:(64,2,5,44,0,6,6) [ 37811.0854 ]
41:(64,2,4,43,1,7,6) [ 44110.6474 ]
42:(65,2,4,43,1,7,6) [ 44110.7318 ]
43:(66,2,4,43,1,7,6) [ 44110.8162 ]
44:(65,2,5,43,1,7,6) [ 44111.2148 ]
45:(65,2,5,43,0,7,7) [ 51461.1148 ]
46:(65,2,6,43,0,7,7) [ 51461.5978 ]
47:(64,2,7,43,0,7,7) [ 51461.9964 ]
48:(64,2,6,42,1,8,7) [ 58811.547399999996 ]
49:(64,2,6,42,0,8,8) [ 67211.4474 ]
50:(64,2,5,41,1,9,8) [ 75611.02040000001 ]
51:(64,2,4,40,2,10,8) [ 84010.6154 ]
52:(65,2,4,40,2,10,8) [ 84010.6998 ]
53:(66,2,3,40,2,10,8) [ 84010.3342 ]
54:(66,2,2,39,3,11,8) [ 92409.96220000001 ]
55:(67,2,2,39,3,11,8) [ 92410.0466 ]
56:(68,2,2,39,3,11,8) [ 92410.13100000001 ]
57:(67,2,3,39,3,11,8) [ 92410.4856 ]
58:(66,2,4,39,3,11,8) [ 92410.8402 ]
59:(66,2,4,39,2,11,9) [ 103960.7402 ]
60:(66,2,4,39,1,11,10) [ 115510.64020000001 ]
61:(66,2,5,39,1,11,10) [ 115511.07920000001 ]
62:(67,2,5,39,1,11,10) [ 115511.1636 ]
63:(67,2,4,38,2,12,10) [ 126010.7806 ]
64:(67,2,5,38,2,12,10) [ 126011.2086 ]
65:(67,2,6,38,2,12,10) [ 126011.6366 ]
66:(67,2,6,38,1,12,11) [ 138611.5366 ]
67:(68,2,6,38,1,12,11) [ 138611.621 ]
68:(69,2,6,38,1,12,11) [ 138611.7054 ]
69:(70,2,6,38,1,12,11) [ 138611.7898 ]
70:(70,2,7,38,1,12,11) [ 138612.2178 ]
71:(70,2,7,38,0,12,12) [ 151212.1178 ]
72:(71,2,7,38,0,12,12) [ 151212.2022 ]
73:(72,2,7,38,0,12,12) [ 151212.2866 ]
74:(73,2,7,38,0,12,12) [ 151212.371 ]
75:(74,2,7,38,0,12,12) [ 151212.4554 ]
76:(75,2,7,38,0,12,12) [ 151212.5398 ]
77:(75,2,6,37,1,13,12) [ 163812.1458 ]
78:(75,2,7,37,1,13,12) [ 163812.5628 ]
79:(75,2,7,37,0,13,13) [ 177462.4628 ]
80:(75,2,8,37,0,13,13) [ 177462.8798 ]
81:(75,2,9,37,0,13,13) [ 177463.2968 ]
82:(75,2,10,37,0,13,13) [ 177463.7138 ]
83:(76,2,10,37,0,13,13) [ 177463.7982 ]
84:(77,2,10,37,0,13,13) [ 177463.8826 ]
85:(78,2,10,37,0,13,13) [ 177463.967 ]
86:(78,2,9,36,1,14,13) [ 191113.551 ]
87:(78,2,9,36,0,14,14) [ 205813.451 ]
88:(77,2,10,36,0,14,14) [ 205813.7726 ]
89:(77,2,11,36,0,14,14) [ 205814.1786 ]
90:(77,2,10,35,1,15,14) [ 220513.76260000002 ]
91:(77,2,11,35,1,15,14) [ 220514.1576 ]
92:(77,2,12,35,1,15,14) [ 220514.5526 ]
93:(77,2,13,35,1,15,14) [ 220514.9476 ]
94:(77,2,14,35,1,15,14) [ 220515.3426 ]
95:(77,2,14,35,0,15,15) [ 236265.2426 ]
96:(77,2,15,35,0,15,15) [ 236265.6376 ]
97:(77,2,15,36,0,14,14) [ 205815.8026 ]
98:(78,2,15,36,0,14,14) [ 205815.887 ]
99:(79,2,15,36,0,14,14) [ 205815.9714 ]
100:(80,2,15,36,0,14,14) [ 205816.0558 ]
101:(81,2,14,36,0,14,14) [ 205815.7342 ]
102:(82,2,14,36,0,14,14) [ 205815.8186 ]
103:(82,2,15,36,0,14,14) [ 205816.2246 ]
104:(83,2,15,36,0,14,14) [ 205816.309 ]
105:(82,2,16,36,0,14,14) [ 205816.6306 ]
106:(83,2,16,36,0,14,14) [ 205816.715 ]
107:(83,2,17,36,0,14,14) [ 205817.121 ]
108:(84,2,17,36,0,14,14) [ 205817.2054 ]
109:(84,2,18,36,0,14,14) [ 205817.6114 ]
110:(84,2,17,35,1,15,14) [ 220517.1184 ]
111:(83,2,17,35,1,15,14) [ 220517.034 ]
112:(82,2,18,35,1,15,14) [ 220517.3446 ]
113:(83,2,18,35,1,15,14) [ 220517.429 ]
114:(83,2,17,34,2,16,14) [ 235216.94700000001 ]
115:(83,2,17,34,1,16,15) [ 252016.847 ]
116:(83,2,18,34,1,16,15) [ 252017.231 ]
117:(84,2,18,34,1,16,15) [ 252017.3154 ]
118:(83,2,19,34,1,16,15) [ 252017.61500000002 ]
119:(83,2,18,33,2,17,15) [ 267767.13300000003 ]
120:(82,2,19,33,2,17,15) [ 267767.4216 ]
121:(81,2,20,33,2,17,15) [ 267767.71020000003 ]
122:(81,2,20,33,1,17,16) [ 285617.6102 ]
123:(81,2,19,32,2,18,16) [ 302417.12820000004 ]
124:(81,2,18,31,3,19,16) [ 319216.6682 ]
125:(80,2,19,31,3,19,16) [ 319216.9348 ]
126:(80,2,18,30,4,20,16) [ 336016.4858 ]
127:(79,2,18,30,4,20,16) [ 336016.40140000003 ]
128:(78,2,19,30,4,20,16) [ 336016.657 ]
129:(77,2,20,30,4,20,16) [ 336016.91260000004 ]
130:(77,2,21,30,4,20,16) [ 336017.2526 ]
131:(77,2,22,30,4,20,16) [ 336017.59260000003 ]
132:(77,2,23,30,4,20,16) [ 336017.9326 ]
133:(77,2,22,29,5,21,16) [ 352817.4506 ]
134:(76,2,23,29,5,21,16) [ 352817.6952 ]
135:(75,2,24,29,5,21,16) [ 352817.9398 ]
136:(75,2,25,29,5,21,16) [ 352818.2688 ]
137:(75,2,26,29,5,21,16) [ 352818.5978 ]
138:(76,2,26,29,5,21,16) [ 352818.6822 ]
139:(77,2,26,29,5,21,16) [ 352818.7666 ]
140:(78,2,26,29,5,21,16) [ 352818.851 ]
141:(79,2,26,29,5,21,16) [ 352818.9354 ]
142:(79,2,27,29,5,21,16) [ 352819.2644 ]
143:(80,2,27,29,5,21,16) [ 352819.3488 ]
144:(81,2,27,29,5,21,16) [ 352819.4332 ]
145:(81,2,28,29,5,21,16) [ 352819.7622 ]
146:(81,2,29,29,5,21,16) [ 352820.0912 ]
147:(81,2,30,29,5,21,16) [ 352820.4202 ]
148:(81,2,29,28,6,22,16) [ 369619.8722 ]
149:(81,2,30,28,6,22,16) [ 369620.19019999995 ]
150:(80,2,31,28,6,22,16) [ 369620.4238 ]
151:(79,2,32,28,6,22,16) [ 369620.65739999997 ]
152:(79,2,33,28,6,22,16) [ 369620.9754 ]
153:(79,2,34,28,6,22,16) [ 369621.29339999997 ]
154:(79,2,35,28,6,22,16) [ 369621.6114 ]
155:(78,2,36,28,6,22,16) [ 369621.845 ]
156:(77,2,37,28,6,22,16) [ 369622.07859999995 ]
157:(76,2,38,28,6,22,16) [ 369622.3122 ]
158:(75,2,39,28,6,22,16) [ 369622.54579999996 ]
159:(74,2,40,28,6,22,16) [ 369622.7794 ]
160:(74,2,39,27,7,23,16) [ 386422.1324 ]
161:(74,2,38,26,8,24,16) [ 403221.5074 ]
162:(74,2,37,25,9,25,16) [ 420020.9044 ]
163:(74,2,36,24,10,26,16) [ 436820.3234 ]
164:(74,2,35,23,11,27,16) [ 453619.7644 ]
165:(74,2,34,22,12,28,16) [ 470419.22740000003 ]
166:(74,2,33,21,13,29,16) [ 487218.71239999996 ]
167:(74,2,32,20,14,30,16) [ 504018.2194 ]
168:(74,2,31,19,15,31,16) [ 520817.7484 ]
169:(74,2,30,18,16,32,16) [ 537617.2994 ]
170:(74,2,29,17,17,33,16) [ 554416.8724 ]
171:(74,2,28,16,18,34,16) [ 571216.4674000001 ]
172:(74,2,27,15,19,35,16) [ 588016.0844 ]
173:(74,2,26,14,20,36,16) [ 604815.7234 ]
174:(74,2,25,13,21,37,16) [ 621615.3844 ]
175:(74,2,24,12,22,38,16) [ 638415.0673999999 ]
176:(74,2,23,11,23,39,16) [ 655214.7724 ]
177:(74,2,22,10,24,40,16) [ 672014.4994 ]
178:(74,2,21,9,25,41,16) [ 688814.2484 ]
179:(74,2,20,8,26,42,16) [ 705614.0194 ]
180:(74,2,19,7,27,43,16) [ 722413.8123999999 ]
181:(74,2,18,6,28,44,16) [ 739213.6274 ]
182:(74,2,17,5,29,45,16) [ 756013.4644 ]
183:(74,2,16,4,30,46,16) [ 772813.3234 ]
184:(74,2,15,3,31,47,16) [ 789613.2043999999 ]
185:(74,2,14,2,32,48,16) [ 806413.1074 ]
186:(74,2,13,1,33,49,16) [ 823213.0324 ]
187:(74,2,12,0,34,50,16) [ 840012.9794000001 TARGET ]
188:(75,2,12,0,34,50,16) [ 840013.0638 TARGET ]
189:(73,2,12,0,34,50,16) [ 840012.895 TARGET ]
190:(73,2,13,0,34,50,16) [ 840012.905 TARGET ]
191:(74,2,13,0,34,50,16) [ 840012.9894000001 TARGET ]
192:(75,2,13,1,33,49,16) [ 823213.1168000001 ]
193:(73,2,13,1,33,49,16) [ 823212.9480000001 ]
194:(73,2,14,1,33,49,16) [ 823212.969 ]
195:(74,2,14,1,33,49,16) [ 823213.0534000001 ]
196:(75,2,14,2,32,48,16) [ 806413.1917999999 ]
197:(73,2,14,2,32,48,16) [ 806413.0229999999 ]
198:(73,2,15,2,32,48,16) [ 806413.0549999999 ]
199:(74,2,15,2,32,48,16) [ 806413.1394 ]
200:(75,2,15,3,31,47,16) [ 789613.2888 ]
201:(73,2,15,3,31,47,16) [ 789613.12 ]
202:(73,2,16,3,31,47,16) [ 789613.163 ]
203:(74,2,16,3,31,47,16) [ 789613.2474 ]
204:(75,2,16,4,30,46,16) [ 772813.4078 ]
205:(73,2,16,4,30,46,16) [ 772813.239 ]
206:(73,2,17,4,30,46,16) [ 772813.293 ]
207:(74,2,17,4,30,46,16) [ 772813.3774 ]
208:(75,2,17,5,29,45,16) [ 756013.5488 ]
209:(73,2,17,5,29,45,16) [ 756013.38 ]
210:(73,2,18,5,29,45,16) [ 756013.4450000001 ]
211:(74,2,18,5,29,45,16) [ 756013.5294 ]
212:(75,2,18,6,28,44,16) [ 739213.7118 ]
213:(73,2,18,6,28,44,16) [ 739213.5430000001 ]
214:(73,2,19,6,28,44,16) [ 739213.6190000001 ]
215:(74,2,19,6,28,44,16) [ 739213.7034 ]
216:(75,2,19,7,27,43,16) [ 722413.8968 ]
217:(73,2,19,7,27,43,16) [ 722413.728 ]
218:(73,2,20,7,27,43,16) [ 722413.815 ]
219:(74,2,20,7,27,43,16) [ 722413.8994 ]
220:(75,2,20,8,26,42,16) [ 705614.1037999999 ]
221:(73,2,20,8,26,42,16) [ 705613.9349999999 ]
222:(73,2,21,8,26,42,16) [ 705614.0329999999 ]
223:(74,2,21,8,26,42,16) [ 705614.1174 ]
224:(75,2,21,9,25,41,16) [ 688814.3328 ]
225:(73,2,21,9,25,41,16) [ 688814.164 ]
226:(73,2,22,9,25,41,16) [ 688814.273 ]
227:(74,2,22,9,25,41,16) [ 688814.3574 ]
228:(75,2,22,10,24,40,16) [ 672014.5838 ]
229:(73,2,22,10,24,40,16) [ 672014.415 ]
230:(73,2,23,10,24,40,16) [ 672014.535 ]
231:(74,2,23,10,24,40,16) [ 672014.6194 ]
232:(75,2,23,11,23,39,16) [ 655214.8568000001 ]
233:(73,2,23,11,23,39,16) [ 655214.6880000001 ]
234:(73,2,24,11,23,39,16) [ 655214.819 ]
235:(74,2,24,11,23,39,16) [ 655214.9034000001 ]
236:(75,2,24,12,22,38,16) [ 638415.1518 ]
237:(73,2,24,12,22,38,16) [ 638414.983 ]
238:(73,2,25,12,22,38,16) [ 638415.125 ]
239:(74,2,25,12,22,38,16) [ 638415.2093999999 ]
240:(75,2,25,13,21,37,16) [ 621615.4688 ]
241:(73,2,25,13,21,37,16) [ 621615.2999999999 ]
242:(73,2,26,13,21,37,16) [ 621615.453 ]
243:(74,2,26,13,21,37,16) [ 621615.5374 ]
244:(75,2,26,14,20,36,16) [ 604815.8078 ]
245:(73,2,26,14,20,36,16) [ 604815.639 ]
246:(73,2,27,14,20,36,16) [ 604815.803 ]
247:(74,2,27,14,20,36,16) [ 604815.8874 ]
248:(75,2,27,15,19,35,16) [ 588016.1688 ]
249:(73,2,27,15,19,35,16) [ 588016.0 ]
250:(73,2,28,15,19,35,16) [ 588016.175 ]
251:(74,2,28,15,19,35,16) [ 588016.2594 ]
252:(75,2,28,16,18,34,16) [ 571216.5518 ]
253:(73,2,28,16,18,34,16) [ 571216.383 ]
254:(73,2,29,16,18,34,16) [ 571216.569 ]
255:(74,2,29,16,18,34,16) [ 571216.6534000001 ]
256:(75,2,29,17,17,33,16) [ 554416.9567999999 ]
257:(73,2,29,17,17,33,16) [ 554416.788 ]
258:(73,2,30,17,17,33,16) [ 554416.985 ]
259:(74,2,30,17,17,33,16) [ 554417.0693999999 ]
260:(75,2,30,18,16,32,16) [ 537617.3838 ]
261:(73,2,30,18,16,32,16) [ 537617.215 ]
262:(73,2,31,18,16,32,16) [ 537617.423 ]
263:(74,2,31,18,16,32,16) [ 537617.5074 ]
264:(75,2,31,19,15,31,16) [ 520817.8328 ]
265:(73,2,31,19,15,31,16) [ 520817.664 ]
266:(73,2,32,19,15,31,16) [ 520817.883 ]
267:(74,2,32,19,15,31,16) [ 520817.9674 ]
268:(75,2,32,20,14,30,16) [ 504018.3038 ]
269:(73,2,32,20,14,30,16) [ 504018.135 ]
270:(73,2,33,20,14,30,16) [ 504018.36500000005 ]
271:(74,2,33,20,14,30,16) [ 504018.44940000004 ]
272:(75,2,33,21,13,29,16) [ 487218.7968 ]
273:(73,2,33,21,13,29,16) [ 487218.62799999997 ]
274:(73,2,34,21,13,29,16) [ 487218.869 ]
275:(74,2,34,21,13,29,16) [ 487218.9534 ]
276:(75,2,34,22,12,28,16) [ 470419.3118 ]
277:(73,2,34,22,12,28,16) [ 470419.14300000004 ]
278:(73,2,35,22,12,28,16) [ 470419.395 ]
279:(74,2,35,22,12,28,16) [ 470419.4794 ]
280:(75,2,35,23,11,27,16) [ 453619.8488 ]
281:(73,2,35,23,11,27,16) [ 453619.68 ]
282:(73,2,36,23,11,27,16) [ 453619.94299999997 ]
283:(74,2,36,23,11,27,16) [ 453620.02739999996 ]
284:(75,2,36,24,10,26,16) [ 436820.4078 ]
285:(73,2,36,24,10,26,16) [ 436820.239 ]
286:(73,2,37,24,10,26,16) [ 436820.513 ]
287:(74,2,37,24,10,26,16) [ 436820.5974 ]
288:(75,2,37,25,9,25,16) [ 420020.98880000005 ]
289:(73,2,37,25,9,25,16) [ 420020.82 ]
290:(73,2,38,25,9,25,16) [ 420021.10500000004 ]
291:(74,2,38,25,9,25,16) [ 420021.18940000003 ]
292:(75,2,38,26,8,24,16) [ 403221.5918 ]
293:(73,2,38,26,8,24,16) [ 403221.423 ]
294:(73,2,39,26,8,24,16) [ 403221.719 ]
295:(74,2,39,26,8,24,16) [ 403221.8034 ]
296:(75,2,39,27,7,23,16) [ 386422.2168 ]
297:(73,2,39,27,7,23,16) [ 386422.048 ]
298:(73,2,40,27,7,23,16) [ 386422.35500000004 ]
299:(74,2,40,27,7,23,16) [ 386422.43940000003 ]
300:(75,2,40,28,6,22,16) [ 369622.8638 ]
301:(73,2,40,28,6,22,16) [ 369622.69499999995 ]
302:(73,2,41,28,6,22,16) [ 369623.013 ]
303:(74,2,41,28,6,22,16) [ 369623.09739999997 ]
304:(76,2,39,28,6,22,16) [ 369622.63019999996 ]
305:(74,2,39,28,6,22,16) [ 369622.4614 ]
306:(77,2,38,28,6,22,16) [ 369622.3966 ]
307:(75,2,38,28,6,22,16) [ 369622.2278 ]
308:(78,2,37,28,6,22,16) [ 369622.163 ]
309:(76,2,37,28,6,22,16) [ 369621.99419999996 ]
310:(79,2,36,28,6,22,16) [ 369621.92939999996 ]
311:(77,2,36,28,6,22,16) [ 369621.7606 ]
312:(80,2,35,28,6,22,16) [ 369621.6958 ]
313:(78,2,35,28,6,22,16) [ 369621.527 ]
314:(80,2,34,28,6,22,16) [ 369621.37779999996 ]
315:(78,2,34,28,6,22,16) [ 369621.209 ]
316:(80,2,33,28,6,22,16) [ 369621.0598 ]
317:(78,2,33,28,6,22,16) [ 369620.891 ]
318:(80,2,32,28,6,22,16) [ 369620.74179999996 ]
319:(78,2,32,28,6,22,16) [ 369620.573 ]
320:(81,2,31,28,6,22,16) [ 369620.5082 ]
321:(79,2,31,28,6,22,16) [ 369620.3394 ]
322:(82,2,30,28,6,22,16) [ 369620.2746 ]
323:(80,2,30,28,6,22,16) [ 369620.10579999996 ]
324:(82,2,29,28,6,22,16) [ 369619.9566 ]
325:(80,2,29,28,6,22,16) [ 369619.7878 ]
326:(82,2,30,29,5,21,16) [ 352820.5046 ]
327:(80,2,30,29,5,21,16) [ 352820.3358 ]
328:(80,2,31,29,5,21,16) [ 352820.6648 ]
329:(81,2,31,29,5,21,16) [ 352820.7492 ]
330:(82,2,29,29,5,21,16) [ 352820.1756 ]
331:(80,2,29,29,5,21,16) [ 352820.0068 ]
332:(82,2,28,29,5,21,16) [ 352819.8466 ]
333:(80,2,28,29,5,21,16) [ 352819.6778 ]
334:(82,2,27,29,5,21,16) [ 352819.5176 ]
335:(79,2,28,29,5,21,16) [ 352819.5934 ]
336:(78,2,27,29,5,21,16) [ 352819.18 ]
337:(78,2,28,29,5,21,16) [ 352819.509 ]
338:(80,2,26,29,5,21,16) [ 352819.0198 ]
339:(77,2,27,29,5,21,16) [ 352819.0956 ]
340:(76,2,27,29,5,21,16) [ 352819.0112 ]
341:(75,2,27,29,5,21,16) [ 352818.9268 ]
342:(74,2,26,29,5,21,16) [ 352818.5134 ]
343:(74,2,27,29,5,21,16) [ 352818.8424 ]
344:(76,2,25,29,5,21,16) [ 352818.3532 ]
345:(74,2,25,29,5,21,16) [ 352818.1844 ]
346:(76,2,24,29,5,21,16) [ 352818.0242 ]
347:(74,2,24,29,5,21,16) [ 352817.8554 ]
348:(77,2,23,29,5,21,16) [ 352817.7796 ]
349:(75,2,23,29,5,21,16) [ 352817.6108 ]
350:(78,2,22,29,5,21,16) [ 352817.535 ]
351:(76,2,22,29,5,21,16) [ 352817.3662 ]
352:(78,2,23,30,4,20,16) [ 336018.01700000005 ]
353:(76,2,23,30,4,20,16) [ 336017.8482 ]
354:(76,2,24,30,4,20,16) [ 336018.18820000003 ]
355:(77,2,24,30,4,20,16) [ 336018.2726 ]
356:(78,2,22,30,4,20,16) [ 336017.677 ]
357:(76,2,22,30,4,20,16) [ 336017.50820000004 ]
358:(78,2,21,30,4,20,16) [ 336017.337 ]
359:(76,2,21,30,4,20,16) [ 336017.1682 ]
360:(78,2,20,30,4,20,16) [ 336016.99700000003 ]
361:(76,2,20,30,4,20,16) [ 336016.82820000005 ]
362:(79,2,19,30,4,20,16) [ 336016.7414 ]
363:(77,2,19,30,4,20,16) [ 336016.5726 ]
364:(78,2,18,30,4,20,16) [ 336016.31700000004 ]
365:(81,2,18,30,4,20,16) [ 336016.5702 ]
366:(80,2,19,30,4,20,16) [ 336016.82580000005 ]
367:(81,2,19,31,3,19,16) [ 319217.0192 ]
368:(79,2,19,31,3,19,16) [ 319216.8504 ]
369:(79,2,20,31,3,19,16) [ 319217.20139999996 ]
370:(80,2,20,31,3,19,16) [ 319217.2858 ]
371:(82,2,18,31,3,19,16) [ 319216.7526 ]
372:(80,2,18,31,3,19,16) [ 319216.58379999996 ]
373:(82,2,19,32,2,18,16) [ 302417.2126 ]
374:(80,2,19,32,2,18,16) [ 302417.0438 ]
375:(80,2,20,32,2,18,16) [ 302417.4058 ]
376:(81,2,20,32,2,18,16) [ 302417.4902 ]
377:(82,2,20,33,1,17,16) [ 285617.6946 ]
378:(80,2,20,33,1,17,16) [ 285617.5258 ]
379:(80,2,21,33,1,17,16) [ 285617.89879999997 ]
380:(81,2,21,33,1,17,16) [ 285617.98319999996 ]
381:(82,2,20,33,2,17,15) [ 267767.7946 ]
382:(80,2,20,33,2,17,15) [ 267767.62580000004 ]
383:(80,2,21,33,2,17,15) [ 267767.9988 ]
384:(81,2,21,33,2,17,15) [ 267768.0832 ]
385:(83,2,19,33,2,17,15) [ 267767.506 ]
386:(81,2,19,33,2,17,15) [ 267767.3372 ]
387:(84,2,18,33,2,17,15) [ 267767.2174 ]
388:(82,2,18,33,2,17,15) [ 267767.04860000004 ]
389:(84,2,19,34,1,16,15) [ 252017.6994 ]
390:(82,2,19,34,1,16,15) [ 252017.5306 ]
391:(82,2,20,34,1,16,15) [ 252017.91460000002 ]
392:(83,2,20,34,1,16,15) [ 252017.999 ]
393:(85,2,18,34,1,16,15) [ 252017.3998 ]
394:(82,2,18,34,1,16,15) [ 252017.1466 ]
395:(84,2,17,34,1,16,15) [ 252016.9314 ]
396:(82,2,17,34,1,16,15) [ 252016.76260000002 ]
397:(84,2,17,34,2,16,14) [ 235217.0314 ]
398:(82,2,17,34,2,16,14) [ 235216.86260000002 ]
399:(82,2,18,34,2,16,14) [ 235217.2466 ]
400:(83,2,18,34,2,16,14) [ 235217.331 ]
401:(84,2,18,35,1,15,14) [ 220517.5134 ]
402:(82,2,19,35,1,15,14) [ 220517.7396 ]
403:(83,2,19,35,1,15,14) [ 220517.824 ]
404:(81,2,18,35,1,15,14) [ 220517.26020000002 ]
405:(81,2,19,35,1,15,14) [ 220517.6552 ]
406:(82,2,17,35,1,15,14) [ 220516.9496 ]
407:(85,2,17,35,1,15,14) [ 220517.2028 ]
408:(85,2,18,36,0,14,14) [ 205817.6958 ]
409:(83,2,18,36,0,14,14) [ 205817.527 ]
410:(83,2,19,36,0,14,14) [ 205817.933 ]
411:(84,2,19,36,0,14,14) [ 205818.0174 ]
412:(85,2,17,36,0,14,14) [ 205817.2898 ]
413:(82,2,17,36,0,14,14) [ 205817.0366 ]
414:(82,2,18,36,0,14,14) [ 205817.4426 ]
415:(84,2,16,36,0,14,14) [ 205816.7994 ]
416:(81,2,16,36,0,14,14) [ 205816.5462 ]
417:(81,2,17,36,0,14,14) [ 205816.9522 ]
418:(84,2,15,36,0,14,14) [ 205816.3934 ]
419:(81,2,15,36,0,14,14) [ 205816.1402 ]
420:(83,2,14,36,0,14,14) [ 205815.903 ]
421:(80,2,14,36,0,14,14) [ 205815.6498 ]
422:(79,2,16,36,0,14,14) [ 205816.3774 ]
423:(80,2,16,36,0,14,14) [ 205816.4618 ]
424:(78,2,16,36,0,14,14) [ 205816.293 ]
425:(77,2,16,36,0,14,14) [ 205816.2086 ]
426:(76,2,15,36,0,14,14) [ 205815.7182 ]
427:(76,2,16,36,0,14,14) [ 205816.1242 ]
428:(78,2,15,35,0,15,15) [ 236265.722 ]
429:(76,2,15,35,0,15,15) [ 236265.5532 ]
430:(76,2,16,35,0,15,15) [ 236265.9482 ]
431:(77,2,16,35,0,15,15) [ 236266.0326 ]
432:(78,2,14,35,0,15,15) [ 236265.327 ]
433:(76,2,14,35,0,15,15) [ 236265.1582 ]
434:(78,2,14,35,1,15,14) [ 220515.427 ]
435:(76,2,14,35,1,15,14) [ 220515.2582 ]
436:(76,2,15,35,1,15,14) [ 220515.6532 ]
437:(77,2,15,35,1,15,14) [ 220515.7376 ]
438:(78,2,13,35,1,15,14) [ 220515.032 ]
439:(76,2,13,35,1,15,14) [ 220514.8632 ]
440:(78,2,12,35,1,15,14) [ 220514.63700000002 ]
441:(76,2,12,35,1,15,14) [ 220514.4682 ]
442:(78,2,11,35,1,15,14) [ 220514.242 ]
443:(76,2,11,35,1,15,14) [ 220514.0732 ]
444:(78,2,10,35,1,15,14) [ 220513.847 ]
445:(76,2,10,35,1,15,14) [ 220513.6782 ]
446:(78,2,11,36,0,14,14) [ 205814.263 ]
447:(76,2,11,36,0,14,14) [ 205814.0942 ]
448:(76,2,12,36,0,14,14) [ 205814.5002 ]
449:(77,2,12,36,0,14,14) [ 205814.5846 ]
450:(78,2,10,36,0,14,14) [ 205813.857 ]
451:(76,2,10,36,0,14,14) [ 205813.6882 ]
452:(79,2,9,36,0,14,14) [ 205813.5354 ]
453:(77,2,9,36,0,14,14) [ 205813.3666 ]
454:(79,2,9,36,1,14,13) [ 191113.6354 ]
455:(77,2,9,36,1,14,13) [ 191113.4666 ]
456:(77,2,10,36,1,14,13) [ 191113.8726 ]
457:(78,2,10,36,1,14,13) [ 191113.957 ]
458:(79,2,10,37,0,13,13) [ 177464.0514 ]
459:(77,2,11,37,0,13,13) [ 177464.2996 ]
460:(78,2,11,37,0,13,13) [ 177464.384 ]
461:(76,2,11,37,0,13,13) [ 177464.2152 ]
462:(75,2,11,37,0,13,13) [ 177464.1308 ]
463:(74,2,10,37,0,13,13) [ 177463.6294 ]
464:(74,2,11,37,0,13,13) [ 177464.0464 ]
465:(76,2,9,37,0,13,13) [ 177463.3812 ]
466:(74,2,9,37,0,13,13) [ 177463.2124 ]
467:(76,2,8,37,0,13,13) [ 177462.9642 ]
468:(74,2,8,37,0,13,13) [ 177462.7954 ]
469:(76,2,7,37,0,13,13) [ 177462.5472 ]
470:(74,2,7,37,0,13,13) [ 177462.3784 ]
471:(76,2,7,37,1,13,12) [ 163812.6472 ]
472:(74,2,7,37,1,13,12) [ 163812.4784 ]
473:(74,2,8,37,1,13,12) [ 163812.8954 ]
474:(75,2,8,37,1,13,12) [ 163812.9798 ]
475:(76,2,6,37,1,13,12) [ 163812.23020000002 ]
476:(74,2,6,37,1,13,12) [ 163812.0614 ]
477:(76,2,7,38,0,12,12) [ 151212.6242 ]
478:(74,2,8,38,0,12,12) [ 151212.8834 ]
479:(75,2,8,38,0,12,12) [ 151212.9678 ]
480:(73,2,8,38,0,12,12) [ 151212.799 ]
481:(72,2,8,38,0,12,12) [ 151212.7146 ]
482:(71,2,8,38,0,12,12) [ 151212.6302 ]
483:(70,2,8,38,0,12,12) [ 151212.5458 ]
484:(69,2,7,38,0,12,12) [ 151212.0334 ]
485:(69,2,8,38,0,12,12) [ 151212.4614 ]
486:(71,2,7,38,1,12,11) [ 138612.3022 ]
487:(69,2,7,38,1,12,11) [ 138612.1334 ]
488:(69,2,8,38,1,12,11) [ 138612.5614 ]
489:(70,2,8,38,1,12,11) [ 138612.6458 ]
490:(71,2,6,38,1,12,11) [ 138611.87420000002 ]
491:(68,2,7,38,1,12,11) [ 138612.049 ]
492:(67,2,7,38,1,12,11) [ 138611.9646 ]
493:(66,2,6,38,1,12,11) [ 138611.4522 ]
494:(66,2,7,38,1,12,11) [ 138611.8802 ]
495:(68,2,6,38,2,12,10) [ 126011.72099999999 ]
496:(66,2,6,38,2,12,10) [ 126011.55219999999 ]
497:(66,2,7,38,2,12,10) [ 126011.98019999999 ]
498:(67,2,7,38,2,12,10) [ 126012.0646 ]
499:(68,2,5,38,2,12,10) [ 126011.29299999999 ]
500:(66,2,5,38,2,12,10) [ 126011.12419999999 ]
501:(68,2,4,38,2,12,10) [ 126010.86499999999 ]
502:(66,2,4,38,2,12,10) [ 126010.69619999999 ]
503:(68,2,5,39,1,11,10) [ 115511.248 ]
504:(66,2,6,39,1,11,10) [ 115511.5182 ]
505:(67,2,6,39,1,11,10) [ 115511.60260000001 ]
506:(65,2,5,39,1,11,10) [ 115510.9948 ]
507:(65,2,6,39,1,11,10) [ 115511.4338 ]
508:(67,2,4,39,1,11,10) [ 115510.7246 ]
509:(65,2,4,39,1,11,10) [ 115510.5558 ]
510:(67,2,4,39,2,11,9) [ 103960.82459999999 ]
511:(65,2,4,39,2,11,9) [ 103960.6558 ]
512:(65,2,5,39,2,11,9) [ 103961.09479999999 ]
513:(66,2,5,39,2,11,9) [ 103961.1792 ]
514:(67,2,4,39,3,11,8) [ 92410.9246 ]
515:(65,2,4,39,3,11,8) [ 92410.7558 ]
516:(65,2,5,39,3,11,8) [ 92411.1948 ]
517:(66,2,5,39,3,11,8) [ 92411.2792 ]
518:(68,2,3,39,3,11,8) [ 92410.57 ]
519:(66,2,3,39,3,11,8) [ 92410.40120000001 ]
520:(69,2,2,39,3,11,8) [ 92410.2154 ]
521:(65,2,2,39,3,11,8) [ 92409.8778 ]
522:(65,2,3,39,3,11,8) [ 92410.3168 ]
523:(67,2,3,40,2,10,8) [ 84010.41859999999 ]
524:(65,2,3,40,2,10,8) [ 84010.24979999999 ]
525:(66,2,4,40,2,10,8) [ 84010.7842 ]
526:(64,2,5,40,2,10,8) [ 84011.06539999999 ]
527:(65,2,5,40,2,10,8) [ 84011.1498 ]
528:(63,2,4,40,2,10,8) [ 84010.531 ]
529:(63,2,5,40,2,10,8) [ 84010.981 ]
530:(65,2,5,41,1,9,8) [ 75611.1048 ]
531:(63,2,5,41,1,9,8) [ 75610.936 ]
532:(63,2,6,41,1,9,8) [ 75611.39700000001 ]
533:(64,2,6,41,1,9,8) [ 75611.4814 ]
534:(65,2,6,42,0,8,8) [ 67211.5318 ]
535:(63,2,6,42,0,8,8) [ 67211.363 ]
536:(63,2,7,42,0,8,8) [ 67211.835 ]
537:(64,2,7,42,0,8,8) [ 67211.9194 ]
538:(65,2,6,42,1,8,7) [ 58811.631799999996 ]
539:(63,2,6,42,1,8,7) [ 58811.462999999996 ]
540:(63,2,7,42,1,8,7) [ 58811.935 ]
541:(64,2,7,42,1,8,7) [ 58812.0194 ]
542:(65,2,7,43,0,7,7) [ 51462.0808 ]
543:(63,2,7,43,0,7,7) [ 51461.912 ]
544:(63,2,8,43,0,7,7) [ 51462.395 ]
545:(64,2,8,43,0,7,7) [ 51462.4794 ]
546:(66,2,6,43,0,7,7) [ 51461.6822 ]
547:(64,2,6,43,0,7,7) [ 51461.5134 ]
548:(66,2,5,43,0,7,7) [ 51461.1992 ]
549:(64,2,5,43,0,7,7) [ 51461.0304 ]
550:(66,2,5,43,1,7,6) [ 44111.2992 ]
551:(64,2,5,43,1,7,6) [ 44111.1304 ]
552:(64,2,6,43,1,7,6) [ 44111.6134 ]
553:(65,2,6,43,1,7,6) [ 44111.6978 ]
554:(67,2,4,43,1,7,6) [ 44110.9006 ]
555:(63,2,4,43,1,7,6) [ 44110.563 ]
556:(63,2,5,43,1,7,6) [ 44111.046 ]
557:(65,2,5,44,0,6,6) [ 37811.1698 ]
558:(63,2,5,44,0,6,6) [ 37811.001 ]
559:(63,2,6,44,0,6,6) [ 37811.495 ]
560:(64,2,6,44,0,6,6) [ 37811.5794 ]
561:(65,2,5,44,1,6,5) [ 31511.2698 ]
562:(63,2,5,44,1,6,5) [ 31511.101 ]
563:(63,2,6,44,1,6,5) [ 31511.594999999998 ]
564:(64,2,6,44,1,6,5) [ 31511.679399999997 ]
565:(65,2,6,45,0,5,5) [ 26261.7298 ]
566:(63,2,7,45,0,5,5) [ 26262.066 ]
567:(64,2,7,45,0,5,5) [ 26262.1504 ]
568:(62,2,6,45,0,5,5) [ 26261.4766 ]
569:(62,2,7,45,0,5,5) [ 26261.9816 ]
570:(64,2,5,45,0,5,5) [ 26261.1404 ]
571:(61,2,6,45,0,5,5) [ 26261.3922 ]
572:(60,2,5,45,0,5,5) [ 26260.8028 ]
573:(60,2,6,45,0,5,5) [ 26261.3078 ]
574:(62,2,4,45,0,5,5) [ 26260.4666 ]
575:(60,2,4,45,0,5,5) [ 26260.2978 ]
576:(62,2,4,45,1,5,4) [ 21010.5666 ]
577:(60,2,4,45,1,5,4) [ 21010.3978 ]
578:(60,2,5,45,1,5,4) [ 21010.9028 ]
579:(61,2,5,45,1,5,4) [ 21010.9872 ]
580:(62,2,5,46,0,4,4) [ 16811.0266 ]
581:(60,2,5,46,0,4,4) [ 16810.8578 ]
582:(60,2,6,46,0,4,4) [ 16811.3738 ]
583:(61,2,6,46,0,4,4) [ 16811.4582 ]
584:(63,2,4,46,0,4,4) [ 16810.595 ]
585:(59,2,4,46,0,4,4) [ 16810.2574 ]
586:(59,2,5,46,0,4,4) [ 16810.7734 ]
587:(61,2,4,46,1,4,3) [ 12610.5262 ]
588:(59,2,4,46,1,4,3) [ 12610.3574 ]
589:(59,2,5,46,1,4,3) [ 12610.8734 ]
590:(60,2,5,46,1,4,3) [ 12610.9578 ]
591:(61,2,5,47,0,3,3) [ 9460.9972 ]
592:(59,2,5,47,0,3,3) [ 9460.8284 ]
593:(59,2,6,47,0,3,3) [ 9461.3554 ]
594:(60,2,6,47,0,3,3) [ 9461.4398 ]
595:(61,2,4,47,0,3,3) [ 9460.4702 ]
596:(58,2,5,47,0,3,3) [ 9460.744 ]
597:(57,2,5,47,0,3,3) [ 9460.6596 ]
598:(56,2,5,47,0,3,3) [ 9460.5752 ]
599:(55,2,5,47,0,3,3) [ 9460.4908 ]
600:(54,2,4,47,0,3,3) [ 9459.8794 ]
601:(54,2,5,47,0,3,3) [ 9460.4064 ]
602:(56,2,4,47,1,3,2) [ 6310.1482000000005 ]
603:(54,2,4,47,1,3,2) [ 6309.9794 ]
604:(54,2,5,47,1,3,2) [ 6310.5064 ]
605:(55,2,5,47,1,3,2) [ 6310.5908 ]
606:(56,2,4,47,2,3,1) [ 3160.2482 ]
607:(54,2,4,47,2,3,1) [ 3160.0793999999996 ]
608:(54,2,5,47,2,3,1) [ 3160.6063999999997 ]
609:(55,2,5,47,2,3,1) [ 3160.6908 ]
610:(56,2,5,48,1,2,1) [ 2110.7302 ]
611:(54,2,5,48,1,2,1) [ 2110.5614 ]
612:(54,2,6,48,1,2,1) [ 2111.0994 ]
613:(55,2,6,48,1,2,1) [ 2111.1838 ]
614:(56,2,6,49,0,1,1) [ 1061.2342 ]
615:(54,2,6,49,0,1,1) [ 1061.0654 ]
616:(54,2,7,49,0,1,1) [ 1061.6144 ]
617:(55,2,7,49,0,1,1) [ 1061.6988 ]
618:(57,2,5,49,0,1,1) [ 1060.7696 ]
619:(53,2,6,49,0,1,1) [ 1060.981 ]
620:(52,2,6,49,0,1,1) [ 1060.8966 ]
621:(51,2,6,49,0,1,1) [ 1060.8122 ]
622:(50,2,6,49,0,1,1) [ 1060.7278 ]
623:(49,2,5,49,0,1,1) [ 1060.0944 ]
624:(49,2,6,49,0,1,1) [ 1060.6434 ]
625:(51,2,4,49,0,1,1) [ 1059.7142 ]
626:(49,2,4,49,0,1,1) [ 1059.5454 ]
627:(51,2,3,49,0,1,1) [ 1059.1652 ]
628:(49,2,3,49,0,1,1) [ 1058.9964 ]
629:(52,2,2,49,0,1,1) [ 1058.7006 ]
630:(49,2,2,49,0,1,1) [ 1058.4474 ]
631:(51,2,2,49,1,1,0) [ 8.716199999999999 ]
632:(49,2,2,49,1,1,0) [ 8.547399999999998 ]
633:(49,2,3,49,1,1,0) [ 9.096400000000001 ]
634:(50,2,3,49,1,1,0) [ 9.1808 ]
635:(51,2,3,50,0,0,0) [ 9.198200000000002 ]
636:(49,2,3,50,0,0,0) [ 9.0294 ]
637:(49,2,4,50,0,0,0) [ 9.589400000000001 ]
638:(50,2,4,50,0,0,0) [ 9.6738 ]
639:(51,2,2,50,0,0,0) [ 8.638200000000001 ]
640:(49,2,2,50,0,0,0) [ 8.4694 ]
641:(51,2,1,50,0,0,0) [ 8.0782 ]
642:(49,2,1,50,0,0,0) [ 7.9094 ]
643:(51,2,0,50,0,0,0) [ 7.518200000000001 ]
644:(49,2,0,50,0,0,0) [ 7.3494 ]
645:(76,2,12,0,34,50,16) [ 840013.1482 TARGET ]
646:(75,2,13,0,34,50,16) [ 840013.0738 TARGET ]
647:(76,2,13,1,33,49,16) [ 823213.2012 ]
648:(75,2,14,1,33,49,16) [ 823213.1378 ]
649:(76,2,14,2,32,48,16) [ 806413.2762 ]
650:(75,2,15,2,32,48,16) [ 806413.2237999999 ]
651:(76,2,15,3,31,47,16) [ 789613.3732 ]
652:(75,2,16,3,31,47,16) [ 789613.3317999999 ]
653:(76,2,16,4,30,46,16) [ 772813.4922 ]
654:(75,2,17,4,30,46,16) [ 772813.4618 ]
655:(76,2,17,5,29,45,16) [ 756013.6332 ]
656:(75,2,18,5,29,45,16) [ 756013.6138 ]
657:(76,2,18,6,28,44,16) [ 739213.7962000001 ]
658:(75,2,19,6,28,44,16) [ 739213.7878 ]
659:(76,2,19,7,27,43,16) [ 722413.9811999999 ]
660:(75,2,20,7,27,43,16) [ 722413.9837999999 ]
661:(76,2,20,8,26,42,16) [ 705614.1882 ]
662:(75,2,21,8,26,42,16) [ 705614.2017999999 ]
663:(76,2,21,9,25,41,16) [ 688814.4172 ]
664:(75,2,22,9,25,41,16) [ 688814.4418 ]
665:(76,2,22,10,24,40,16) [ 672014.6682000001 ]
666:(75,2,23,10,24,40,16) [ 672014.7038 ]
667:(76,2,23,11,23,39,16) [ 655214.9412 ]
668:(75,2,24,11,23,39,16) [ 655214.9878 ]
669:(76,2,24,12,22,38,16) [ 638415.2361999999 ]
670:(75,2,25,12,22,38,16) [ 638415.2938 ]
671:(76,2,25,13,21,37,16) [ 621615.5532 ]
672:(75,2,26,13,21,37,16) [ 621615.6218 ]
673:(76,2,26,14,20,36,16) [ 604815.8922 ]
674:(75,2,27,14,20,36,16) [ 604815.9718 ]
675:(76,2,27,15,19,35,16) [ 588016.2532 ]
676:(75,2,28,15,19,35,16) [ 588016.3438 ]
677:(76,2,28,16,18,34,16) [ 571216.6362000001 ]
678:(75,2,29,16,18,34,16) [ 571216.7378 ]
679:(76,2,29,17,17,33,16) [ 554417.0412 ]
680:(75,2,30,17,17,33,16) [ 554417.1538 ]
681:(76,2,30,18,16,32,16) [ 537617.4682 ]
682:(75,2,31,18,16,32,16) [ 537617.5917999999 ]
683:(76,2,31,19,15,31,16) [ 520817.9172 ]
684:(75,2,32,19,15,31,16) [ 520818.0518 ]
685:(76,2,32,20,14,30,16) [ 504018.38820000004 ]
686:(75,2,33,20,14,30,16) [ 504018.53380000003 ]
687:(76,2,33,21,13,29,16) [ 487218.8812 ]
688:(75,2,34,21,13,29,16) [ 487219.0378 ]
689:(76,2,34,22,12,28,16) [ 470419.3962 ]
690:(75,2,35,22,12,28,16) [ 470419.5638 ]
691:(76,2,35,23,11,27,16) [ 453619.93319999997 ]
692:(75,2,36,23,11,27,16) [ 453620.11179999996 ]
693:(76,2,36,24,10,26,16) [ 436820.4922 ]
694:(75,2,37,24,10,26,16) [ 436820.6818 ]
695:(76,2,37,25,9,25,16) [ 420021.07320000004 ]
696:(75,2,38,25,9,25,16) [ 420021.2738 ]
697:(76,2,38,26,8,24,16) [ 403221.6762 ]
698:(75,2,39,26,8,24,16) [ 403221.88779999997 ]
699:(76,2,39,27,7,23,16) [ 386422.3012 ]
700:(75,2,40,27,7,23,16) [ 386422.5238 ]
701:(76,2,40,28,6,22,16) [ 369622.9482 ]
702:(75,2,41,28,6,22,16) [ 369623.18179999996 ]
703:(77,2,39,28,6,22,16) [ 369622.71459999995 ]
704:(78,2,38,28,6,22,16) [ 369622.48099999997 ]
705:(79,2,37,28,6,22,16) [ 369622.2474 ]
706:(80,2,36,28,6,22,16) [ 369622.01379999996 ]
707:(81,2,35,28,6,22,16) [ 369621.7802 ]
708:(81,2,34,28,6,22,16) [ 369621.46219999995 ]
709:(81,2,33,28,6,22,16) [ 369621.1442 ]
710:(81,2,32,28,6,22,16) [ 369620.82619999995 ]
711:(82,2,31,28,6,22,16) [ 369620.5926 ]
712:(83,2,30,28,6,22,16) [ 369620.359 ]
713:(83,2,29,28,6,22,16) [ 369620.04099999997 ]
714:(83,2,30,29,5,21,16) [ 352820.589 ]
715:(82,2,31,29,5,21,16) [ 352820.8336 ]
716:(83,2,29,29,5,21,16) [ 352820.26 ]
717:(83,2,28,29,5,21,16) [ 352819.931 ]
718:(83,2,27,29,5,21,16) [ 352819.602 ]
719:(81,2,26,29,5,21,16) [ 352819.1042 ]
720:(77,2,25,29,5,21,16) [ 352818.4376 ]
721:(77,2,24,29,5,21,16) [ 352818.1086 ]
722:(78,2,23,29,5,21,16) [ 352817.864 ]
723:(79,2,22,29,5,21,16) [ 352817.6194 ]
724:(79,2,23,30,4,20,16) [ 336018.10140000004 ]
725:(78,2,24,30,4,20,16) [ 336018.357 ]
726:(79,2,22,30,4,20,16) [ 336017.7614 ]
727:(79,2,21,30,4,20,16) [ 336017.42140000005 ]
728:(79,2,20,30,4,20,16) [ 336017.0814 ]
729:(82,2,18,30,4,20,16) [ 336016.6546 ]
730:(81,2,19,30,4,20,16) [ 336016.91020000004 ]
731:(82,2,19,31,3,19,16) [ 319217.1036 ]
732:(81,2,20,31,3,19,16) [ 319217.3702 ]
733:(83,2,18,31,3,19,16) [ 319216.837 ]
734:(83,2,19,32,2,18,16) [ 302417.297 ]
735:(82,2,20,32,2,18,16) [ 302417.5746 ]
736:(83,2,20,33,1,17,16) [ 285617.779 ]
737:(82,2,21,33,1,17,16) [ 285618.06759999995 ]
738:(83,2,20,33,2,17,15) [ 267767.879 ]
739:(82,2,21,33,2,17,15) [ 267768.1676 ]
740:(84,2,19,33,2,17,15) [ 267767.5904 ]
741:(85,2,18,33,2,17,15) [ 267767.3018 ]
742:(85,2,19,34,1,16,15) [ 252017.7838 ]
743:(84,2,20,34,1,16,15) [ 252018.0834 ]
744:(86,2,18,34,1,16,15) [ 252017.4842 ]
745:(85,2,17,34,1,16,15) [ 252017.0158 ]
746:(85,2,17,34,2,16,14) [ 235217.1158 ]
747:(84,2,18,34,2,16,14) [ 235217.4154 ]
748:(85,2,18,35,1,15,14) [ 220517.59780000002 ]
749:(84,2,19,35,1,15,14) [ 220517.90840000001 ]
750:(86,2,17,35,1,15,14) [ 220517.2872 ]
751:(86,2,18,36,0,14,14) [ 205817.7802 ]
752:(85,2,19,36,0,14,14) [ 205818.1018 ]
753:(86,2,17,36,0,14,14) [ 205817.3742 ]
754:(85,2,16,36,0,14,14) [ 205816.8838 ]
755:(85,2,15,36,0,14,14) [ 205816.4778 ]
756:(84,2,14,36,0,14,14) [ 205815.9874 ]
757:(79,2,15,35,0,15,15) [ 236265.8064 ]
758:(78,2,16,35,0,15,15) [ 236266.117 ]
759:(79,2,14,35,0,15,15) [ 236265.4114 ]
760:(79,2,14,35,1,15,14) [ 220515.51140000002 ]
761:(78,2,15,35,1,15,14) [ 220515.82200000001 ]
762:(79,2,13,35,1,15,14) [ 220515.1164 ]
763:(79,2,12,35,1,15,14) [ 220514.7214 ]
764:(79,2,11,35,1,15,14) [ 220514.32640000002 ]
765:(79,2,10,35,1,15,14) [ 220513.9314 ]
766:(79,2,11,36,0,14,14) [ 205814.3474 ]
767:(78,2,12,36,0,14,14) [ 205814.669 ]
768:(79,2,10,36,0,14,14) [ 205813.9414 ]
769:(80,2,9,36,0,14,14) [ 205813.6198 ]
770:(80,2,9,36,1,14,13) [ 191113.7198 ]
771:(79,2,10,36,1,14,13) [ 191114.04140000002 ]
772:(80,2,10,37,0,13,13) [ 177464.1358 ]
773:(79,2,11,37,0,13,13) [ 177464.4684 ]
774:(77,2,9,37,0,13,13) [ 177463.4656 ]
775:(77,2,8,37,0,13,13) [ 177463.0486 ]
776:(77,2,7,37,0,13,13) [ 177462.6316 ]
777:(77,2,7,37,1,13,12) [ 163812.7316 ]
778:(76,2,8,37,1,13,12) [ 163813.0642 ]
779:(77,2,6,37,1,13,12) [ 163812.3146 ]
780:(77,2,7,38,0,12,12) [ 151212.7086 ]
781:(76,2,8,38,0,12,12) [ 151213.0522 ]
782:(72,2,7,38,1,12,11) [ 138612.3866 ]
783:(71,2,8,38,1,12,11) [ 138612.73020000002 ]
784:(72,2,6,38,1,12,11) [ 138611.9586 ]
785:(69,2,6,38,2,12,10) [ 126011.8054 ]
786:(68,2,7,38,2,12,10) [ 126012.14899999999 ]
787:(69,2,5,38,2,12,10) [ 126011.3774 ]
788:(69,2,4,38,2,12,10) [ 126010.9494 ]
789:(69,2,5,39,1,11,10) [ 115511.3324 ]
790:(68,2,6,39,1,11,10) [ 115511.687 ]
791:(68,2,4,39,1,11,10) [ 115510.80900000001 ]
792:(68,2,4,39,2,11,9) [ 103960.909 ]
793:(67,2,5,39,2,11,9) [ 103961.26359999999 ]
794:(68,2,4,39,3,11,8) [ 92411.009 ]
795:(67,2,5,39,3,11,8) [ 92411.3636 ]
796:(69,2,3,39,3,11,8) [ 92410.6544 ]
797:(70,2,2,39,3,11,8) [ 92410.29980000001 ]
798:(68,2,3,40,2,10,8) [ 84010.503 ]
799:(67,2,4,40,2,10,8) [ 84010.8686 ]
800:(66,2,5,40,2,10,8) [ 84011.23419999999 ]
801:(66,2,5,41,1,9,8) [ 75611.18920000001 ]
802:(65,2,6,41,1,9,8) [ 75611.56580000001 ]
803:(66,2,6,42,0,8,8) [ 67211.6162 ]
804:(65,2,7,42,0,8,8) [ 67212.0038 ]
805:(66,2,6,42,1,8,7) [ 58811.716199999995 ]
806:(65,2,7,42,1,8,7) [ 58812.1038 ]
807:(66,2,7,43,0,7,7) [ 51462.1652 ]
808:(65,2,8,43,0,7,7) [ 51462.5638 ]
809:(67,2,6,43,0,7,7) [ 51461.7666 ]
810:(67,2,5,43,0,7,7) [ 51461.2836 ]
811:(67,2,5,43,1,7,6) [ 44111.3836 ]
812:(66,2,6,43,1,7,6) [ 44111.7822 ]
813:(68,2,4,43,1,7,6) [ 44110.985 ]
814:(66,2,5,44,0,6,6) [ 37811.2542 ]
815:(65,2,6,44,0,6,6) [ 37811.6638 ]
816:(66,2,5,44,1,6,5) [ 31511.354199999998 ]
817:(65,2,6,44,1,6,5) [ 31511.763799999997 ]
818:(66,2,6,45,0,5,5) [ 26261.8142 ]
819:(65,2,7,45,0,5,5) [ 26262.2348 ]
820:(65,2,5,45,0,5,5) [ 26261.2248 ]
821:(63,2,4,45,0,5,5) [ 26260.551 ]
822:(63,2,4,45,1,5,4) [ 21010.650999999998 ]
823:(62,2,5,45,1,5,4) [ 21011.0716 ]
824:(63,2,5,46,0,4,4) [ 16811.111 ]
825:(62,2,6,46,0,4,4) [ 16811.5426 ]
826:(64,2,4,46,0,4,4) [ 16810.6794 ]
827:(62,2,4,46,1,4,3) [ 12610.6106 ]
828:(61,2,5,46,1,4,3) [ 12611.0422 ]
829:(62,2,5,47,0,3,3) [ 9461.0816 ]
830:(61,2,6,47,0,3,3) [ 9461.5242 ]
831:(62,2,4,47,0,3,3) [ 9460.5546 ]
832:(57,2,4,47,1,3,2) [ 6310.2326 ]
833:(56,2,5,47,1,3,2) [ 6310.675200000001 ]
834:(57,2,4,47,2,3,1) [ 3160.3325999999997 ]
835:(56,2,5,47,2,3,1) [ 3160.7752 ]
836:(57,2,5,48,1,2,1) [ 2110.8145999999997 ]
837:(56,2,6,48,1,2,1) [ 2111.2682 ]
838:(57,2,6,49,0,1,1) [ 1061.3186 ]
839:(56,2,7,49,0,1,1) [ 1061.7832 ]
840:(58,2,5,49,0,1,1) [ 1060.854 ]
841:(52,2,4,49,0,1,1) [ 1059.7986 ]
842:(52,2,3,49,0,1,1) [ 1059.2496 ]
843:(53,2,2,49,0,1,1) [ 1058.785 ]
844:(52,2,2,49,1,1,0) [ 8.800600000000001 ]
845:(51,2,3,49,1,1,0) [ 9.265200000000002 ]
846:(52,2,3,50,0,0,0) [ 9.282600000000002 ]
847:(51,2,4,50,0,0,0) [ 9.758200000000002 ]
848:(52,2,2,50,0,0,0) [ 8.7226 ]
849:(52,2,1,50,0,0,0) [ 8.162600000000001 ]
850:(52,2,0,50,0,0,0) [ 7.602600000000001 ]
851:(77,2,12,0,34,50,16) [ 840013.2326 TARGET ]
852:(76,2,13,0,34,50,16) [ 840013.1582000001 TARGET ]
853:(77,2,13,1,33,49,16) [ 823213.2856000001 ]
854:(76,2,14,1,33,49,16) [ 823213.2222000001 ]
855:(77,2,14,2,32,48,16) [ 806413.3605999999 ]
856:(76,2,15,2,32,48,16) [ 806413.3082 ]
857:(77,2,15,3,31,47,16) [ 789613.4576 ]
858:(76,2,16,3,31,47,16) [ 789613.4162 ]
859:(77,2,16,4,30,46,16) [ 772813.5766 ]
860:(76,2,17,4,30,46,16) [ 772813.5462 ]
861:(77,2,17,5,29,45,16) [ 756013.7176 ]
862:(76,2,18,5,29,45,16) [ 756013.6982 ]
863:(77,2,18,6,28,44,16) [ 739213.8806 ]
864:(76,2,19,6,28,44,16) [ 739213.8722000001 ]
865:(77,2,19,7,27,43,16) [ 722414.0656 ]
866:(76,2,20,7,27,43,16) [ 722414.0682 ]
867:(77,2,20,8,26,42,16) [ 705614.2726 ]
868:(76,2,21,8,26,42,16) [ 705614.2862 ]
869:(77,2,21,9,25,41,16) [ 688814.5016 ]
870:(76,2,22,9,25,41,16) [ 688814.5262 ]
871:(77,2,22,10,24,40,16) [ 672014.7526 ]
872:(76,2,23,10,24,40,16) [ 672014.7882000001 ]
873:(77,2,23,11,23,39,16) [ 655215.0256 ]
874:(76,2,24,11,23,39,16) [ 655215.0722 ]
875:(77,2,24,12,22,38,16) [ 638415.3206 ]
876:(76,2,25,12,22,38,16) [ 638415.3781999999 ]
877:(77,2,25,13,21,37,16) [ 621615.6376 ]
878:(76,2,26,13,21,37,16) [ 621615.7062 ]
879:(77,2,26,14,20,36,16) [ 604815.9766 ]
880:(76,2,27,14,20,36,16) [ 604816.0562 ]
881:(77,2,27,15,19,35,16) [ 588016.3376 ]
882:(76,2,28,15,19,35,16) [ 588016.4282 ]
883:(77,2,28,16,18,34,16) [ 571216.7206 ]
884:(76,2,29,16,18,34,16) [ 571216.8222 ]
885:(77,2,29,17,17,33,16) [ 554417.1255999999 ]
886:(76,2,30,17,17,33,16) [ 554417.2381999999 ]
887:(77,2,30,18,16,32,16) [ 537617.5525999999 ]
888:(76,2,31,18,16,32,16) [ 537617.6762 ]
889:(77,2,31,19,15,31,16) [ 520818.0016 ]
890:(76,2,32,19,15,31,16) [ 520818.1362 ]
891:(77,2,32,20,14,30,16) [ 504018.47260000004 ]
892:(76,2,33,20,14,30,16) [ 504018.6182 ]
893:(77,2,33,21,13,29,16) [ 487218.9656 ]
894:(76,2,34,21,13,29,16) [ 487219.1222 ]
895:(77,2,34,22,12,28,16) [ 470419.4806 ]
896:(76,2,35,22,12,28,16) [ 470419.6482 ]
897:(77,2,35,23,11,27,16) [ 453620.01759999996 ]
898:(76,2,36,23,11,27,16) [ 453620.1962 ]
899:(77,2,36,24,10,26,16) [ 436820.5766 ]
900:(76,2,37,24,10,26,16) [ 436820.7662 ]
901:(77,2,37,25,9,25,16) [ 420021.15760000004 ]
902:(76,2,38,25,9,25,16) [ 420021.3582 ]
903:(77,2,38,26,8,24,16) [ 403221.7606 ]
904:(76,2,39,26,8,24,16) [ 403221.97219999996 ]
905:(77,2,39,27,7,23,16) [ 386422.38560000004 ]
906:(76,2,40,27,7,23,16) [ 386422.6082 ]
907:(77,2,40,28,6,22,16) [ 369623.0326 ]
908:(76,2,41,28,6,22,16) [ 369623.26619999995 ]
909:(78,2,39,28,6,22,16) [ 369622.799 ]
910:(79,2,38,28,6,22,16) [ 369622.56539999996 ]
911:(80,2,37,28,6,22,16) [ 369622.3318 ]
912:(81,2,36,28,6,22,16) [ 369622.09819999995 ]
913:(82,2,35,28,6,22,16) [ 369621.8646 ]
914:(82,2,34,28,6,22,16) [ 369621.5466 ]
915:(82,2,33,28,6,22,16) [ 369621.2286 ]
916:(82,2,32,28,6,22,16) [ 369620.9106 ]
917:(83,2,31,28,6,22,16) [ 369620.67699999997 ]
918:(84,2,30,28,6,22,16) [ 369620.4434 ]
919:(84,2,29,28,6,22,16) [ 369620.12539999996 ]
920:(84,2,30,29,5,21,16) [ 352820.6734 ]
921:(83,2,31,29,5,21,16) [ 352820.918 ]
922:(84,2,29,29,5,21,16) [ 352820.3444 ]
923:(84,2,28,29,5,21,16) [ 352820.0154 ]
924:(84,2,27,29,5,21,16) [ 352819.6864 ]
925:(82,2,26,29,5,21,16) [ 352819.1886 ]
926:(78,2,25,29,5,21,16) [ 352818.522 ]
927:(78,2,24,29,5,21,16) [ 352818.193 ]
928:(79,2,23,29,5,21,16) [ 352817.9484 ]
929:(80,2,22,29,5,21,16) [ 352817.7038 ]
930:(80,2,23,30,4,20,16) [ 336018.18580000004 ]
931:(79,2,24,30,4,20,16) [ 336018.4414 ]
932:(80,2,22,30,4,20,16) [ 336017.8458 ]
933:(80,2,21,30,4,20,16) [ 336017.50580000004 ]
934:(80,2,20,30,4,20,16) [ 336017.1658 ]
935:(83,2,18,30,4,20,16) [ 336016.739 ]
936:(82,2,19,30,4,20,16) [ 336016.99460000003 ]
937:(83,2,19,31,3,19,16) [ 319217.18799999997 ]
938:(82,2,20,31,3,19,16) [ 319217.4546 ]
939:(84,2,18,31,3,19,16) [ 319216.9214 ]
940:(84,2,19,32,2,18,16) [ 302417.3814 ]
941:(83,2,20,32,2,18,16) [ 302417.659 ]
942:(84,2,20,33,1,17,16) [ 285617.8634 ]
943:(83,2,21,33,1,17,16) [ 285618.152 ]
944:(84,2,20,33,2,17,15) [ 267767.9634 ]
945:(83,2,21,33,2,17,15) [ 267768.25200000004 ]
946:(85,2,19,33,2,17,15) [ 267767.67480000004 ]
947:(86,2,18,33,2,17,15) [ 267767.3862 ]
948:(86,2,19,34,1,16,15) [ 252017.8682 ]
949:(85,2,20,34,1,16,15) [ 252018.1678 ]
950:(87,2,18,34,1,16,15) [ 252017.5686 ]
951:(86,2,17,34,1,16,15) [ 252017.10020000002 ]
952:(86,2,17,34,2,16,14) [ 235217.20020000002 ]
953:(85,2,18,34,2,16,14) [ 235217.49980000002 ]
954:(86,2,18,35,1,15,14) [ 220517.6822 ]
955:(85,2,19,35,1,15,14) [ 220517.9928 ]
956:(87,2,17,35,1,15,14) [ 220517.3716 ]
957:(87,2,18,36,0,14,14) [ 205817.8646 ]
958:(86,2,19,36,0,14,14) [ 205818.1862 ]
959:(87,2,17,36,0,14,14) [ 205817.4586 ]
960:(86,2,16,36,0,14,14) [ 205816.9682 ]
961:(86,2,15,36,0,14,14) [ 205816.5622 ]
962:(85,2,14,36,0,14,14) [ 205816.0718 ]
963:(80,2,15,35,0,15,15) [ 236265.8908 ]
964:(79,2,16,35,0,15,15) [ 236266.2014 ]
965:(80,2,14,35,0,15,15) [ 236265.4958 ]
966:(80,2,14,35,1,15,14) [ 220515.5958 ]
967:(79,2,15,35,1,15,14) [ 220515.9064 ]
968:(80,2,13,35,1,15,14) [ 220515.2008 ]
969:(80,2,12,35,1,15,14) [ 220514.8058 ]
970:(80,2,11,35,1,15,14) [ 220514.4108 ]
971:(80,2,10,35,1,15,14) [ 220514.0158 ]
972:(80,2,11,36,0,14,14) [ 205814.4318 ]
973:(79,2,12,36,0,14,14) [ 205814.7534 ]
974:(80,2,10,36,0,14,14) [ 205814.0258 ]
975:(81,2,9,36,0,14,14) [ 205813.7042 ]
976:(81,2,9,36,1,14,13) [ 191113.8042 ]
977:(80,2,10,36,1,14,13) [ 191114.1258 ]
978:(81,2,10,37,0,13,13) [ 177464.2202 ]
979:(80,2,11,37,0,13,13) [ 177464.5528 ]
980:(78,2,9,37,0,13,13) [ 177463.55 ]
981:(78,2,8,37,0,13,13) [ 177463.133 ]
982:(78,2,7,37,0,13,13) [ 177462.716 ]
983:(78,2,7,37,1,13,12) [ 163812.816 ]
984:(77,2,8,37,1,13,12) [ 163813.14860000001 ]
985:(78,2,6,37,1,13,12) [ 163812.399 ]
986:(78,2,7,38,0,12,12) [ 151212.793 ]
987:(77,2,8,38,0,12,12) [ 151213.1366 ]
988:(73,2,7,38,1,12,11) [ 138612.47100000002 ]
989:(72,2,8,38,1,12,11) [ 138612.8146 ]
990:(73,2,6,38,1,12,11) [ 138612.043 ]
991:(70,2,6,38,2,12,10) [ 126011.88979999999 ]
992:(69,2,7,38,2,12,10) [ 126012.2334 ]
993:(70,2,5,38,2,12,10) [ 126011.46179999999 ]
994:(70,2,4,38,2,12,10) [ 126011.03379999999 ]
995:(70,2,5,39,1,11,10) [ 115511.4168 ]
996:(69,2,6,39,1,11,10) [ 115511.77140000001 ]
997:(69,2,4,39,1,11,10) [ 115510.8934 ]
998:(69,2,4,39,2,11,9) [ 103960.99339999999 ]
999:(68,2,5,39,2,11,9) [ 103961.348 ]
1000:(69,2,4,39,3,11,8) [ 92411.0934 ]
1001:(68,2,5,39,3,11,8) [ 92411.448 ]
1002:(70,2,3,39,3,11,8) [ 92410.7388 ]
1003:(71,2,2,39,3,11,8) [ 92410.3842 ]
1004:(69,2,3,40,2,10,8) [ 84010.5874 ]
1005:(68,2,4,40,2,10,8) [ 84010.953 ]
1006:(67,2,5,40,2,10,8) [ 84011.3186 ]
1007:(67,2,5,41,1,9,8) [ 75611.2736 ]
1008:(66,2,6,41,1,9,8) [ 75611.6502 ]
1009:(67,2,6,42,0,8,8) [ 67211.7006 ]
1010:(66,2,7,42,0,8,8) [ 67212.0882 ]
1011:(67,2,6,42,1,8,7) [ 58811.800599999995 ]
1012:(66,2,7,42,1,8,7) [ 58812.1882 ]
1013:(67,2,7,43,0,7,7) [ 51462.2496 ]
1014:(66,2,8,43,0,7,7) [ 51462.6482 ]
1015:(68,2,6,43,0,7,7) [ 51461.851 ]
1016:(68,2,5,43,0,7,7) [ 51461.368 ]
1017:(68,2,5,43,1,7,6) [ 44111.468 ]
1018:(67,2,6,43,1,7,6) [ 44111.8666 ]
1019:(69,2,4,43,1,7,6) [ 44111.0694 ]
1020:(67,2,5,44,0,6,6) [ 37811.3386 ]
1021:(66,2,6,44,0,6,6) [ 37811.7482 ]
1022:(67,2,5,44,1,6,5) [ 31511.438599999998 ]
1023:(66,2,6,44,1,6,5) [ 31511.8482 ]
1024:(67,2,6,45,0,5,5) [ 26261.8986 ]
1025:(66,2,7,45,0,5,5) [ 26262.3192 ]
1026:(66,2,5,45,0,5,5) [ 26261.3092 ]
1027:(64,2,4,45,0,5,5) [ 26260.6354 ]
1028:(64,2,4,45,1,5,4) [ 21010.735399999998 ]
1029:(63,2,5,45,1,5,4) [ 21011.156 ]
1030:(64,2,5,46,0,4,4) [ 16811.1954 ]
1031:(63,2,6,46,0,4,4) [ 16811.627 ]
1032:(65,2,4,46,0,4,4) [ 16810.7638 ]
1033:(63,2,4,46,1,4,3) [ 12610.695 ]
1034:(62,2,5,46,1,4,3) [ 12611.1266 ]
1035:(63,2,5,47,0,3,3) [ 9461.166 ]
1036:(62,2,6,47,0,3,3) [ 9461.6086 ]
1037:(63,2,4,47,0,3,3) [ 9460.639 ]
1038:(58,2,4,47,1,3,2) [ 6310.317 ]
1039:(57,2,5,47,1,3,2) [ 6310.7596 ]
1040:(58,2,4,47,2,3,1) [ 3160.417 ]
1041:(57,2,5,47,2,3,1) [ 3160.8596 ]
1042:(58,2,5,48,1,2,1) [ 2110.899 ]
1043:(57,2,6,48,1,2,1) [ 2111.3525999999997 ]
1044:(58,2,6,49,0,1,1) [ 1061.403 ]
1045:(57,2,7,49,0,1,1) [ 1061.8676 ]
1046:(59,2,5,49,0,1,1) [ 1060.9384 ]
1047:(53,2,4,49,0,1,1) [ 1059.883 ]
1048:(53,2,3,49,0,1,1) [ 1059.334 ]
1049:(54,2,2,49,0,1,1) [ 1058.8694 ]
1050:(53,2,2,49,1,1,0) [ 8.885 ]
1051:(52,2,3,49,1,1,0) [ 9.3496 ]
1052:(53,2,3,50,0,0,0) [ 9.367 ]
1053:(52,2,4,50,0,0,0) [ 9.842600000000001 ]
1054:(53,2,2,50,0,0,0) [ 8.806999999999999 ]
1055:(53,2,1,50,0,0,0) [ 8.247 ]
1056:(53,2,0,50,0,0,0) [ 7.687 ]
1057:(74,2,14,0,34,50,16) [ 840012.9994 TARGET ]
1058:(74,2,15,1,33,49,16) [ 823213.0744 ]
1059:(74,2,16,2,32,48,16) [ 806413.1714 ]
1060:(74,2,17,3,31,47,16) [ 789613.2903999999 ]
1061:(74,2,18,4,30,46,16) [ 772813.4314 ]
1062:(74,2,19,5,29,45,16) [ 756013.5944000001 ]
1063:(74,2,20,6,28,44,16) [ 739213.7794 ]
1064:(74,2,21,7,27,43,16) [ 722413.9863999999 ]
1065:(74,2,22,8,26,42,16) [ 705614.2154 ]
1066:(74,2,23,9,25,41,16) [ 688814.4664 ]
1067:(74,2,24,10,24,40,16) [ 672014.7394000001 ]
1068:(74,2,25,11,23,39,16) [ 655215.0344 ]
1069:(74,2,26,12,22,38,16) [ 638415.3513999999 ]
1070:(74,2,27,13,21,37,16) [ 621615.6904 ]
1071:(74,2,28,14,20,36,16) [ 604816.0514 ]
1072:(74,2,29,15,19,35,16) [ 588016.4344 ]
1073:(74,2,30,16,18,34,16) [ 571216.8394 ]
1074:(74,2,31,17,17,33,16) [ 554417.2664 ]
1075:(74,2,32,18,16,32,16) [ 537617.7154 ]
1076:(74,2,33,19,15,31,16) [ 520818.1864 ]
1077:(74,2,34,20,14,30,16) [ 504018.6794 ]
1078:(74,2,35,21,13,29,16) [ 487219.1944 ]
1079:(74,2,36,22,12,28,16) [ 470419.7314 ]
1080:(74,2,37,23,11,27,16) [ 453620.2904 ]
1081:(74,2,38,24,10,26,16) [ 436820.8714 ]
1082:(74,2,39,25,9,25,16) [ 420021.4744 ]
1083:(74,2,40,26,8,24,16) [ 403222.0994 ]
1084:(74,2,41,27,7,23,16) [ 386422.7464 ]
1085:(74,2,42,28,6,22,16) [ 369623.4154 ]
1086:(81,2,32,29,5,21,16) [ 352821.0782 ]
1087:(79,2,29,29,5,21,16) [ 352819.9224 ]
1088:(77,2,28,29,5,21,16) [ 352819.4246 ]
1089:(76,2,28,29,5,21,16) [ 352819.3402 ]
1090:(75,2,28,29,5,21,16) [ 352819.2558 ]
1091:(77,2,25,30,4,20,16) [ 336018.61260000005 ]
1092:(80,2,21,31,3,19,16) [ 319217.6368 ]
1093:(81,2,21,32,2,18,16) [ 302417.8522 ]
1094:(81,2,22,33,1,17,16) [ 285618.3562 ]
1095:(81,2,22,33,2,17,15) [ 267768.4562 ]
1096:(83,2,21,34,1,16,15) [ 252018.383 ]
1097:(83,2,19,34,2,16,14) [ 235217.71500000003 ]
1098:(83,2,20,35,1,15,14) [ 220518.219 ]
1099:(82,2,20,35,1,15,14) [ 220518.13460000002 ]
1100:(84,2,20,36,0,14,14) [ 205818.4234 ]
1101:(80,2,17,36,0,14,14) [ 205816.8678 ]
1102:(79,2,17,36,0,14,14) [ 205816.7834 ]
1103:(78,2,17,36,0,14,14) [ 205816.699 ]
1104:(77,2,17,36,0,14,14) [ 205816.6146 ]
1105:(77,2,17,35,0,15,15) [ 236266.4276 ]
1106:(77,2,16,35,1,15,14) [ 220516.1326 ]
1107:(77,2,13,36,0,14,14) [ 205814.9906 ]
1108:(78,2,11,36,1,14,13) [ 191114.363 ]
1109:(78,2,12,37,0,13,13) [ 177464.801 ]
1110:(77,2,12,37,0,13,13) [ 177464.7166 ]
1111:(76,2,12,37,0,13,13) [ 177464.6322 ]
1112:(75,2,12,37,0,13,13) [ 177464.5478 ]
1113:(75,2,9,37,1,13,12) [ 163813.39680000002 ]
1114:(75,2,9,38,0,12,12) [ 151213.3958 ]
1115:(74,2,9,38,0,12,12) [ 151213.3114 ]
1116:(73,2,9,38,0,12,12) [ 151213.227 ]
1117:(72,2,9,38,0,12,12) [ 151213.1426 ]
1118:(71,2,9,38,0,12,12) [ 151213.0582 ]
1119:(70,2,9,38,0,12,12) [ 151212.9738 ]
1120:(70,2,9,38,1,12,11) [ 138613.0738 ]
1121:(68,2,8,38,1,12,11) [ 138612.477 ]
1122:(67,2,8,38,1,12,11) [ 138612.3926 ]
1123:(67,2,8,38,2,12,10) [ 126012.4926 ]
1124:(67,2,7,39,1,11,10) [ 115512.04160000001 ]
1125:(66,2,7,39,1,11,10) [ 115511.9572 ]
1126:(66,2,6,39,2,11,9) [ 103961.6182 ]
1127:(66,2,6,39,3,11,8) [ 92411.7182 ]
1128:(65,2,6,40,2,10,8) [ 84011.5998 ]
1129:(64,2,6,40,2,10,8) [ 84011.5154 ]
1130:(64,2,7,41,1,9,8) [ 75611.9424 ]
1131:(64,2,8,42,0,8,8) [ 67212.3914 ]
1132:(64,2,8,42,1,8,7) [ 58812.4914 ]
1133:(64,2,9,43,0,7,7) [ 51462.9624 ]
1134:(65,2,7,43,1,7,6) [ 44112.1808 ]
1135:(64,2,7,44,0,6,6) [ 37812.0734 ]
1136:(64,2,7,44,1,6,5) [ 31512.1734 ]
1137:(64,2,8,45,0,5,5) [ 26262.6554 ]
1138:(63,2,8,45,0,5,5) [ 26262.571 ]
1139:(61,2,7,45,0,5,5) [ 26261.8972 ]
1140:(61,2,6,45,1,5,4) [ 21011.492199999997 ]
1141:(61,2,7,46,0,4,4) [ 16811.9742 ]
1142:(60,2,6,46,1,4,3) [ 12611.4738 ]
1143:(60,2,7,47,0,3,3) [ 9461.9668 ]
1144:(58,2,6,47,0,3,3) [ 9461.271 ]
1145:(57,2,6,47,0,3,3) [ 9461.1866 ]
1146:(56,2,6,47,0,3,3) [ 9461.1022 ]
1147:(55,2,6,47,0,3,3) [ 9461.0178 ]
1148:(55,2,6,47,1,3,2) [ 6311.1178 ]
1149:(55,2,6,47,2,3,1) [ 3161.2178 ]
1150:(55,2,7,48,1,2,1) [ 2111.7218 ]
1151:(55,2,8,49,0,1,1) [ 1062.2478 ]
1152:(53,2,7,49,0,1,1) [ 1061.53 ]
1153:(52,2,7,49,0,1,1) [ 1061.4456 ]
1154:(51,2,7,49,0,1,1) [ 1061.3612 ]
1155:(50,2,7,49,0,1,1) [ 1061.2768 ]
1156:(50,2,4,49,1,1,0) [ 9.7298 ]
1157:(50,2,5,50,0,0,0) [ 10.233799999999999 ]
1158:(73,2,14,0,34,50,16) [ 840012.915 TARGET ]
1159:(73,2,15,1,33,49,16) [ 823212.99 ]
1160:(73,2,16,2,32,48,16) [ 806413.0869999999 ]
1161:(73,2,17,3,31,47,16) [ 789613.206 ]
1162:(73,2,18,4,30,46,16) [ 772813.347 ]
1163:(73,2,19,5,29,45,16) [ 756013.51 ]
1164:(73,2,20,6,28,44,16) [ 739213.6950000001 ]
1165:(73,2,21,7,27,43,16) [ 722413.902 ]
1166:(73,2,22,8,26,42,16) [ 705614.1309999999 ]
1167:(73,2,23,9,25,41,16) [ 688814.382 ]
1168:(73,2,24,10,24,40,16) [ 672014.655 ]
1169:(73,2,25,11,23,39,16) [ 655214.9500000001 ]
1170:(73,2,26,12,22,38,16) [ 638415.267 ]
1171:(73,2,27,13,21,37,16) [ 621615.606 ]
1172:(73,2,28,14,20,36,16) [ 604815.967 ]
1173:(73,2,29,15,19,35,16) [ 588016.35 ]
1174:(73,2,30,16,18,34,16) [ 571216.755 ]
1175:(73,2,31,17,17,33,16) [ 554417.1819999999 ]
1176:(73,2,32,18,16,32,16) [ 537617.6309999999 ]
1177:(73,2,33,19,15,31,16) [ 520818.102 ]
1178:(73,2,34,20,14,30,16) [ 504018.59500000003 ]
1179:(73,2,35,21,13,29,16) [ 487219.11 ]
1180:(73,2,36,22,12,28,16) [ 470419.647 ]
1181:(73,2,37,23,11,27,16) [ 453620.206 ]
1182:(73,2,38,24,10,26,16) [ 436820.787 ]
1183:(73,2,39,25,9,25,16) [ 420021.39 ]
1184:(73,2,40,26,8,24,16) [ 403222.015 ]
1185:(73,2,41,27,7,23,16) [ 386422.662 ]
1186:(73,2,42,28,6,22,16) [ 369623.331 ]
1187:(80,2,32,29,5,21,16) [ 352820.9938 ]
1188:(78,2,29,29,5,21,16) [ 352819.838 ]
1189:(74,2,28,29,5,21,16) [ 352819.1714 ]
1190:(76,2,25,30,4,20,16) [ 336018.5282 ]
1191:(79,2,21,31,3,19,16) [ 319217.5524 ]
1192:(80,2,21,32,2,18,16) [ 302417.76780000003 ]
1193:(80,2,22,33,1,17,16) [ 285618.2718 ]
1194:(80,2,22,33,2,17,15) [ 267768.3718 ]
1195:(82,2,21,34,1,16,15) [ 252018.2986 ]
1196:(82,2,19,34,2,16,14) [ 235217.6306 ]
1197:(81,2,20,35,1,15,14) [ 220518.0502 ]
1198:(83,2,20,36,0,14,14) [ 205818.339 ]
1199:(82,2,19,36,0,14,14) [ 205817.8486 ]
1200:(81,2,18,36,0,14,14) [ 205817.3582 ]
1201:(76,2,17,36,0,14,14) [ 205816.5302 ]
1202:(76,2,17,35,0,15,15) [ 236266.3432 ]
1203:(76,2,16,35,1,15,14) [ 220516.04820000002 ]
1204:(76,2,13,36,0,14,14) [ 205814.9062 ]
1205:(77,2,11,36,1,14,13) [ 191114.27860000002 ]
1206:(74,2,12,37,0,13,13) [ 177464.4634 ]
1207:(74,2,9,37,1,13,12) [ 163813.3124 ]
1208:(69,2,9,38,0,12,12) [ 151212.8894 ]
1209:(69,2,9,38,1,12,11) [ 138612.9894 ]
1210:(66,2,8,38,1,12,11) [ 138612.3082 ]
1211:(66,2,8,38,2,12,10) [ 126012.40819999999 ]
1212:(65,2,7,39,1,11,10) [ 115511.87280000001 ]
1213:(65,2,6,39,2,11,9) [ 103961.53379999999 ]
1214:(65,2,6,39,3,11,8) [ 92411.6338 ]
1215:(63,2,6,40,2,10,8) [ 84011.431 ]
1216:(63,2,7,41,1,9,8) [ 75611.85800000001 ]
1217:(63,2,8,42,0,8,8) [ 67212.307 ]
1218:(63,2,8,42,1,8,7) [ 58812.407 ]
1219:(63,2,9,43,0,7,7) [ 51462.878 ]
1220:(64,2,7,43,1,7,6) [ 44112.0964 ]
1221:(63,2,6,43,1,7,6) [ 44111.528999999995 ]
1222:(63,2,7,44,0,6,6) [ 37811.989 ]
1223:(63,2,7,44,1,6,5) [ 31512.089 ]
1224:(62,2,8,45,0,5,5) [ 26262.4866 ]
1225:(60,2,7,45,0,5,5) [ 26261.8128 ]
1226:(60,2,6,45,1,5,4) [ 21011.407799999997 ]
1227:(60,2,7,46,0,4,4) [ 16811.8898 ]
1228:(59,2,6,46,0,4,4) [ 16811.2894 ]
1229:(59,2,6,46,1,4,3) [ 12611.3894 ]
1230:(59,2,7,47,0,3,3) [ 9461.8824 ]
1231:(54,2,6,47,0,3,3) [ 9460.9334 ]
1232:(54,2,6,47,1,3,2) [ 6311.0334 ]
1233:(54,2,6,47,2,3,1) [ 3161.1333999999997 ]
1234:(54,2,7,48,1,2,1) [ 2111.6374 ]
1235:(54,2,8,49,0,1,1) [ 1062.1634 ]
1236:(49,2,7,49,0,1,1) [ 1061.1924 ]
1237:(49,2,4,49,1,1,0) [ 9.6454 ]
1238:(49,2,5,50,0,0,0) [ 10.1494 ]
1239:(72,2,13,0,34,50,16) [ 840012.8206 TARGET ]
1240:(72,2,14,1,33,49,16) [ 823212.8846 ]
1241:(72,2,15,2,32,48,16) [ 806412.9706 ]
1242:(72,2,16,3,31,47,16) [ 789613.0786 ]
1243:(72,2,17,4,30,46,16) [ 772813.2086 ]
1244:(72,2,18,5,29,45,16) [ 756013.3606 ]
1245:(72,2,19,6,28,44,16) [ 739213.5346 ]
1246:(72,2,20,7,27,43,16) [ 722413.7306 ]
1247:(72,2,21,8,26,42,16) [ 705613.9486 ]
1248:(72,2,22,9,25,41,16) [ 688814.1886 ]
1249:(72,2,23,10,24,40,16) [ 672014.4506 ]
1250:(72,2,24,11,23,39,16) [ 655214.7346000001 ]
1251:(72,2,25,12,22,38,16) [ 638415.0406 ]
1252:(72,2,26,13,21,37,16) [ 621615.3685999999 ]
1253:(72,2,27,14,20,36,16) [ 604815.7186 ]
1254:(72,2,28,15,19,35,16) [ 588016.0906 ]
1255:(72,2,29,16,18,34,16) [ 571216.4846000001 ]
1256:(72,2,30,17,17,33,16) [ 554416.9005999999 ]
1257:(72,2,31,18,16,32,16) [ 537617.3386 ]
1258:(72,2,32,19,15,31,16) [ 520817.7986 ]
1259:(72,2,33,20,14,30,16) [ 504018.2806 ]
1260:(72,2,34,21,13,29,16) [ 487218.7846 ]
1261:(72,2,35,22,12,28,16) [ 470419.3106 ]
1262:(72,2,36,23,11,27,16) [ 453619.8586 ]
1263:(72,2,37,24,10,26,16) [ 436820.4286 ]
1264:(72,2,38,25,9,25,16) [ 420021.02060000005 ]
1265:(72,2,39,26,8,24,16) [ 403221.6346 ]
1266:(72,2,40,27,7,23,16) [ 386422.2706 ]
1267:(72,2,41,28,6,22,16) [ 369622.9286 ]
1268:(77,2,35,28,6,22,16) [ 369621.44259999995 ]
1269:(77,2,34,28,6,22,16) [ 369621.1246 ]
1270:(77,2,33,28,6,22,16) [ 369620.80659999995 ]
1271:(79,2,30,28,6,22,16) [ 369620.02139999997 ]
1272:(79,2,31,29,5,21,16) [ 352820.5804 ]
1273:(79,2,30,29,5,21,16) [ 352820.2514 ]
1274:(73,2,27,29,5,21,16) [ 352818.758 ]
1275:(73,2,26,29,5,21,16) [ 352818.429 ]
1276:(73,2,25,29,5,21,16) [ 352818.1 ]
1277:(75,2,24,30,4,20,16) [ 336018.10380000004 ]
1278:(75,2,23,30,4,20,16) [ 336017.7638 ]
1279:(75,2,22,30,4,20,16) [ 336017.42380000005 ]
1280:(75,2,21,30,4,20,16) [ 336017.0838 ]
1281:(78,2,20,31,3,19,16) [ 319217.11699999997 ]
1282:(79,2,20,32,2,18,16) [ 302417.3214 ]
1283:(79,2,21,33,1,17,16) [ 285617.8144 ]
1284:(79,2,21,33,2,17,15) [ 267767.9144 ]
1285:(81,2,20,34,1,16,15) [ 252017.8302 ]
1286:(81,2,19,34,1,16,15) [ 252017.4462 ]
1287:(81,2,18,34,1,16,15) [ 252017.06220000001 ]
1288:(81,2,18,34,2,16,14) [ 235217.16220000002 ]
1289:(80,2,19,35,1,15,14) [ 220517.57080000002 ]
1290:(81,2,19,36,0,14,14) [ 205817.7642 ]
1291:(80,2,18,36,0,14,14) [ 205817.2738 ]
1292:(75,2,16,36,0,14,14) [ 205816.0398 ]
1293:(75,2,16,35,0,15,15) [ 236265.8638 ]
1294:(75,2,15,35,0,15,15) [ 236265.4688 ]
1295:(75,2,15,35,1,15,14) [ 220515.5688 ]
1296:(75,2,14,35,1,15,14) [ 220515.17380000002 ]
1297:(75,2,13,35,1,15,14) [ 220514.7788 ]
1298:(75,2,12,35,1,15,14) [ 220514.3838 ]
1299:(75,2,11,35,1,15,14) [ 220513.9888 ]
1300:(75,2,12,36,0,14,14) [ 205814.4158 ]
1301:(75,2,11,36,0,14,14) [ 205814.0098 ]
1302:(76,2,10,36,1,14,13) [ 191113.7882 ]
1303:(73,2,11,37,0,13,13) [ 177463.962 ]
1304:(73,2,10,37,0,13,13) [ 177463.545 ]
1305:(73,2,9,37,0,13,13) [ 177463.128 ]
1306:(73,2,8,37,0,13,13) [ 177462.711 ]
1307:(73,2,8,37,1,13,12) [ 163812.81100000002 ]
1308:(73,2,7,37,1,13,12) [ 163812.394 ]
1309:(68,2,8,38,0,12,12) [ 151212.377 ]
1310:(65,2,7,38,1,12,11) [ 138611.7958 ]
1311:(65,2,7,38,2,12,10) [ 126011.8958 ]
1312:(65,2,6,38,2,12,10) [ 126011.4678 ]
1313:(65,2,5,38,2,12,10) [ 126011.0398 ]
1314:(64,2,6,39,1,11,10) [ 115511.3494 ]
1315:(64,2,5,39,1,11,10) [ 115510.91040000001 ]
1316:(64,2,5,39,2,11,9) [ 103961.0104 ]
1317:(64,2,5,39,3,11,8) [ 92411.1104 ]
1318:(64,2,3,39,3,11,8) [ 92410.23240000001 ]
1319:(64,2,4,39,3,11,8) [ 92410.6714 ]
1320:(62,2,5,40,2,10,8) [ 84010.8966 ]
1321:(62,2,6,41,1,9,8) [ 75611.3126 ]
1322:(62,2,7,42,0,8,8) [ 67211.7506 ]
1323:(62,2,7,42,1,8,7) [ 58811.8506 ]
1324:(62,2,8,43,0,7,7) [ 51462.3106 ]
1325:(63,2,6,43,0,7,7) [ 51461.429 ]
1326:(62,2,5,43,1,7,6) [ 44110.961599999995 ]
1327:(62,2,6,43,1,7,6) [ 44111.444599999995 ]
1328:(62,2,6,44,0,6,6) [ 37811.4106 ]
1329:(62,2,6,44,1,6,5) [ 31511.510599999998 ]
1330:(59,2,6,45,0,5,5) [ 26261.2234 ]
1331:(59,2,5,45,0,5,5) [ 26260.7184 ]
1332:(59,2,5,45,1,5,4) [ 21010.8184 ]
1333:(58,2,5,46,0,4,4) [ 16810.689 ]
1334:(58,2,6,46,0,4,4) [ 16811.205 ]
1335:(58,2,5,46,1,4,3) [ 12610.789 ]
1336:(53,2,5,47,0,3,3) [ 9460.322 ]
1337:(53,2,5,47,1,3,2) [ 6310.4220000000005 ]
1338:(53,2,5,47,2,3,1) [ 3160.522 ]
1339:(53,2,6,48,1,2,1) [ 2111.015 ]
1340:(48,2,6,49,0,1,1) [ 1060.559 ]
1341:(48,2,5,49,0,1,1) [ 1060.01 ]
1342:(48,2,4,49,0,1,1) [ 1059.461 ]
1343:(48,2,3,49,0,1,1) [ 1058.912 ]
1344:(48,2,3,49,1,1,0) [ 9.011999999999999 ]
1345:(48,2,4,50,0,0,0) [ 9.504999999999999 ]
1346:(48,2,3,50,0,0,0) [ 8.945 ]
1347:(48,2,2,50,0,0,0) [ 8.384999999999998 ]
1348:(48,2,1,50,0,0,0) [ 7.824999999999999 ]
1349:(78,2,30,29,5,21,16) [ 352820.167 ]
1350:(50,2,6,50,0,0,0) [ 10.793800000000001 ]
1351:(72,2,12,0,34,50,16) [ 840012.8106 TARGET ]
1352:(72,2,13,1,33,49,16) [ 823212.8636 ]
1353:(72,2,14,2,32,48,16) [ 806412.9386 ]
1354:(72,2,15,3,31,47,16) [ 789613.0356 ]
1355:(72,2,16,4,30,46,16) [ 772813.1546 ]
1356:(72,2,17,5,29,45,16) [ 756013.2956000001 ]
1357:(72,2,18,6,28,44,16) [ 739213.4586 ]
1358:(72,2,19,7,27,43,16) [ 722413.6436 ]
1359:(72,2,20,8,26,42,16) [ 705613.8506 ]
1360:(72,2,21,9,25,41,16) [ 688814.0796 ]
1361:(72,2,22,10,24,40,16) [ 672014.3306 ]
1362:(72,2,23,11,23,39,16) [ 655214.6036 ]
1363:(72,2,24,12,22,38,16) [ 638414.8986 ]
1364:(72,2,25,13,21,37,16) [ 621615.2156 ]
1365:(72,2,26,14,20,36,16) [ 604815.5546 ]
1366:(72,2,27,15,19,35,16) [ 588015.9156000001 ]
1367:(72,2,28,16,18,34,16) [ 571216.2986000001 ]
1368:(72,2,29,17,17,33,16) [ 554416.7036 ]
1369:(72,2,30,18,16,32,16) [ 537617.1306 ]
1370:(72,2,31,19,15,31,16) [ 520817.5796 ]
1371:(72,2,32,20,14,30,16) [ 504018.0506 ]
1372:(72,2,33,21,13,29,16) [ 487218.5436 ]
1373:(72,2,34,22,12,28,16) [ 470419.0586 ]
1374:(72,2,35,23,11,27,16) [ 453619.5956 ]
1375:(72,2,36,24,10,26,16) [ 436820.1546 ]
1376:(72,2,37,25,9,25,16) [ 420020.7356 ]
1377:(72,2,38,26,8,24,16) [ 403221.3386 ]
1378:(72,2,39,27,7,23,16) [ 386421.9636 ]
1379:(72,2,40,28,6,22,16) [ 369622.61059999996 ]
1380:(73,2,39,28,6,22,16) [ 369622.377 ]
1381:(74,2,38,28,6,22,16) [ 369622.1434 ]
1382:(75,2,37,28,6,22,16) [ 369621.90979999996 ]
1383:(76,2,36,28,6,22,16) [ 369621.6762 ]
1384:(77,2,32,28,6,22,16) [ 369620.4886 ]
1385:(78,2,31,28,6,22,16) [ 369620.255 ]
1386:(79,2,29,28,6,22,16) [ 369619.7034 ]
1387:(73,2,24,29,5,21,16) [ 352817.771 ]
1388:(74,2,23,29,5,21,16) [ 352817.5264 ]
1389:(75,2,22,29,5,21,16) [ 352817.2818 ]
1390:(75,2,20,30,4,20,16) [ 336016.7438 ]
1391:(76,2,19,30,4,20,16) [ 336016.4882 ]
1392:(77,2,18,30,4,20,16) [ 336016.23260000005 ]
1393:(78,2,19,31,3,19,16) [ 319216.766 ]
1394:(79,2,18,31,3,19,16) [ 319216.4994 ]
1395:(79,2,19,32,2,18,16) [ 302416.9594 ]
1396:(79,2,20,33,1,17,16) [ 285617.44139999995 ]
1397:(79,2,20,33,2,17,15) [ 267767.5414 ]
1398:(80,2,19,33,2,17,15) [ 267767.2528 ]
1399:(81,2,18,33,2,17,15) [ 267766.9642 ]
1400:(81,2,17,34,1,16,15) [ 252016.6782 ]
1401:(81,2,17,34,2,16,14) [ 235216.7782 ]
1402:(80,2,18,35,1,15,14) [ 220517.1758 ]
1403:(81,2,17,35,1,15,14) [ 220516.8652 ]
1404:(79,2,14,36,0,14,14) [ 205815.5654 ]
1405:(75,2,15,36,0,14,14) [ 205815.6338 ]
1406:(75,2,14,35,0,15,15) [ 236265.0738 ]
1407:(75,2,10,35,1,15,14) [ 220513.5938 ]
1408:(75,2,10,36,0,14,14) [ 205813.6038 ]
1409:(76,2,9,36,0,14,14) [ 205813.2822 ]
1410:(76,2,9,36,1,14,13) [ 191113.3822 ]
1411:(73,2,7,37,0,13,13) [ 177462.294 ]
1412:(73,2,6,37,1,13,12) [ 163811.977 ]
1413:(68,2,7,38,0,12,12) [ 151211.949 ]
1414:(65,2,6,38,1,12,11) [ 138611.3678 ]
1415:(65,2,4,38,2,12,10) [ 126010.6118 ]
1416:(64,2,4,39,1,11,10) [ 115510.47140000001 ]
1417:(64,2,4,39,2,11,9) [ 103960.5714 ]
1418:(64,2,2,39,3,11,8) [ 92409.79340000001 ]
1419:(64,2,3,40,2,10,8) [ 84010.1654 ]
1420:(62,2,4,40,2,10,8) [ 84010.4466 ]
1421:(62,2,5,41,1,9,8) [ 75610.85160000001 ]
1422:(62,2,6,42,0,8,8) [ 67211.2786 ]
1423:(62,2,6,42,1,8,7) [ 58811.3786 ]
1424:(62,2,7,43,0,7,7) [ 51461.8276 ]
1425:(63,2,5,43,0,7,7) [ 51460.946 ]
1426:(62,2,4,43,1,7,6) [ 44110.478599999995 ]
1427:(62,2,5,44,0,6,6) [ 37810.9166 ]
1428:(62,2,5,44,1,6,5) [ 31511.0166 ]
1429:(59,2,4,45,0,5,5) [ 26260.2134 ]
1430:(59,2,4,45,1,5,4) [ 21010.3134 ]
1431:(58,2,4,46,0,4,4) [ 16810.173 ]
1432:(58,2,4,46,1,4,3) [ 12610.273000000001 ]
1433:(53,2,4,47,0,3,3) [ 9459.795 ]
1434:(53,2,4,47,1,3,2) [ 6309.895 ]
1435:(53,2,4,47,2,3,1) [ 3159.995 ]
1436:(53,2,5,48,1,2,1) [ 2110.477 ]
1437:(48,2,2,49,0,1,1) [ 1058.363 ]
1438:(48,2,2,49,1,1,0) [ 8.463 ]
1439:(48,2,0,50,0,0,0) [ 7.265 ]
1440:(71,2,12,0,34,50,16) [ 840012.7262 TARGET ]
1441:(71,2,13,0,34,50,16) [ 840012.7362 TARGET ]
1442:(71,2,13,1,33,49,16) [ 823212.7792 ]
1443:(71,2,14,1,33,49,16) [ 823212.8002 ]
1444:(71,2,14,2,32,48,16) [ 806412.8542 ]
1445:(71,2,15,2,32,48,16) [ 806412.8862 ]
1446:(71,2,15,3,31,47,16) [ 789612.9512 ]
1447:(71,2,16,3,31,47,16) [ 789612.9942 ]
1448:(71,2,16,4,30,46,16) [ 772813.0702 ]
1449:(71,2,17,4,30,46,16) [ 772813.1242 ]
1450:(71,2,17,5,29,45,16) [ 756013.2112 ]
1451:(71,2,18,5,29,45,16) [ 756013.2762000001 ]
1452:(71,2,18,6,28,44,16) [ 739213.3742000001 ]
1453:(71,2,19,6,28,44,16) [ 739213.4502000001 ]
1454:(71,2,19,7,27,43,16) [ 722413.5591999999 ]
1455:(71,2,20,7,27,43,16) [ 722413.6462 ]
1456:(71,2,20,8,26,42,16) [ 705613.7662 ]
1457:(71,2,21,8,26,42,16) [ 705613.8642 ]
1458:(71,2,21,9,25,41,16) [ 688813.9952 ]
1459:(71,2,22,9,25,41,16) [ 688814.1042 ]
1460:(71,2,22,10,24,40,16) [ 672014.2462 ]
1461:(71,2,23,10,24,40,16) [ 672014.3662 ]
1462:(71,2,23,11,23,39,16) [ 655214.5192000001 ]
1463:(71,2,24,11,23,39,16) [ 655214.6502 ]
1464:(71,2,24,12,22,38,16) [ 638414.8141999999 ]
1465:(71,2,25,12,22,38,16) [ 638414.9561999999 ]
1466:(71,2,25,13,21,37,16) [ 621615.1312 ]
1467:(71,2,26,13,21,37,16) [ 621615.2842 ]
1468:(71,2,26,14,20,36,16) [ 604815.4702 ]
1469:(71,2,27,14,20,36,16) [ 604815.6342 ]
1470:(71,2,27,15,19,35,16) [ 588015.8312 ]
1471:(71,2,28,15,19,35,16) [ 588016.0062000001 ]
1472:(71,2,28,16,18,34,16) [ 571216.2142 ]
1473:(71,2,29,16,18,34,16) [ 571216.4002 ]
1474:(71,2,29,17,17,33,16) [ 554416.6192 ]
1475:(71,2,30,17,17,33,16) [ 554416.8162 ]
1476:(71,2,30,18,16,32,16) [ 537617.0462 ]
1477:(71,2,31,18,16,32,16) [ 537617.2542 ]
1478:(71,2,31,19,15,31,16) [ 520817.4952 ]
1479:(71,2,32,19,15,31,16) [ 520817.7142 ]
1480:(71,2,32,20,14,30,16) [ 504017.9662 ]
1481:(71,2,33,20,14,30,16) [ 504018.1962 ]
1482:(71,2,33,21,13,29,16) [ 487218.4592 ]
1483:(71,2,34,21,13,29,16) [ 487218.70019999996 ]
1484:(71,2,34,22,12,28,16) [ 470418.9742 ]
1485:(71,2,35,22,12,28,16) [ 470419.22620000003 ]
1486:(71,2,35,23,11,27,16) [ 453619.51119999995 ]
1487:(71,2,36,23,11,27,16) [ 453619.7742 ]
1488:(71,2,36,24,10,26,16) [ 436820.0702 ]
1489:(71,2,37,24,10,26,16) [ 436820.3442 ]
1490:(71,2,37,25,9,25,16) [ 420020.6512 ]
1491:(71,2,38,25,9,25,16) [ 420020.9362 ]
1492:(71,2,38,26,8,24,16) [ 403221.25419999997 ]
1493:(71,2,39,26,8,24,16) [ 403221.5502 ]
1494:(71,2,39,27,7,23,16) [ 386421.8792 ]
1495:(71,2,40,27,7,23,16) [ 386422.1862 ]
1496:(71,2,40,28,6,22,16) [ 369622.52619999996 ]
1497:(71,2,41,28,6,22,16) [ 369622.8442 ]
1498:(72,2,39,28,6,22,16) [ 369622.2926 ]
1499:(73,2,38,28,6,22,16) [ 369622.05899999995 ]
1500:(74,2,37,28,6,22,16) [ 369621.8254 ]
1501:(75,2,36,28,6,22,16) [ 369621.5918 ]
1502:(76,2,35,28,6,22,16) [ 369621.35819999996 ]
1503:(76,2,34,28,6,22,16) [ 369621.0402 ]
1504:(76,2,33,28,6,22,16) [ 369620.72219999996 ]
1505:(76,2,32,28,6,22,16) [ 369620.4042 ]
1506:(77,2,31,28,6,22,16) [ 369620.17059999995 ]
1507:(78,2,30,28,6,22,16) [ 369619.937 ]
1508:(78,2,29,28,6,22,16) [ 369619.61899999995 ]
1509:(78,2,31,29,5,21,16) [ 352820.496 ]
1510:(72,2,26,29,5,21,16) [ 352818.3446 ]
1511:(72,2,27,29,5,21,16) [ 352818.6736 ]
1512:(72,2,25,29,5,21,16) [ 352818.0156 ]
1513:(72,2,24,29,5,21,16) [ 352817.6866 ]
1514:(73,2,23,29,5,21,16) [ 352817.442 ]
1515:(74,2,22,29,5,21,16) [ 352817.1974 ]
1516:(74,2,23,30,4,20,16) [ 336017.6794 ]
1517:(74,2,24,30,4,20,16) [ 336018.01940000005 ]
1518:(74,2,22,30,4,20,16) [ 336017.3394 ]
1519:(74,2,21,30,4,20,16) [ 336016.99940000003 ]
1520:(74,2,20,30,4,20,16) [ 336016.6594 ]
1521:(75,2,19,30,4,20,16) [ 336016.40380000003 ]
1522:(76,2,18,30,4,20,16) [ 336016.1482 ]
1523:(77,2,19,31,3,19,16) [ 319216.6816 ]
1524:(77,2,20,31,3,19,16) [ 319217.0326 ]
1525:(78,2,18,31,3,19,16) [ 319216.415 ]
1526:(78,2,19,32,2,18,16) [ 302416.875 ]
1527:(78,2,20,32,2,18,16) [ 302417.237 ]
1528:(78,2,20,33,1,17,16) [ 285617.35699999996 ]
1529:(78,2,21,33,1,17,16) [ 285617.73 ]
1530:(78,2,20,33,2,17,15) [ 267767.457 ]
1531:(78,2,21,33,2,17,15) [ 267767.83 ]
1532:(79,2,19,33,2,17,15) [ 267767.1684 ]
1533:(80,2,18,33,2,17,15) [ 267766.8798 ]
1534:(80,2,19,34,1,16,15) [ 252017.3618 ]
1535:(80,2,20,34,1,16,15) [ 252017.7458 ]
1536:(80,2,18,34,1,16,15) [ 252016.9778 ]
1537:(80,2,17,34,1,16,15) [ 252016.5938 ]
1538:(80,2,17,34,2,16,14) [ 235216.6938 ]
1539:(80,2,18,34,2,16,14) [ 235217.0778 ]
1540:(79,2,18,35,1,15,14) [ 220517.0914 ]
1541:(79,2,19,35,1,15,14) [ 220517.4864 ]
1542:(80,2,17,35,1,15,14) [ 220516.7808 ]
1543:(78,2,14,36,0,14,14) [ 205815.481 ]
1544:(74,2,15,36,0,14,14) [ 205815.5494 ]
1545:(74,2,16,36,0,14,14) [ 205815.9554 ]
1546:(74,2,15,35,0,15,15) [ 236265.3844 ]
1547:(74,2,16,35,0,15,15) [ 236265.7794 ]
1548:(74,2,14,35,0,15,15) [ 236264.9894 ]
1549:(74,2,14,35,1,15,14) [ 220515.0894 ]
1550:(74,2,15,35,1,15,14) [ 220515.48440000002 ]
1551:(74,2,13,35,1,15,14) [ 220514.6944 ]
1552:(74,2,12,35,1,15,14) [ 220514.29940000002 ]
1553:(74,2,11,35,1,15,14) [ 220513.9044 ]
1554:(74,2,10,35,1,15,14) [ 220513.5094 ]
1555:(74,2,11,36,0,14,14) [ 205813.9254 ]
1556:(74,2,12,36,0,14,14) [ 205814.3314 ]
1557:(74,2,10,36,0,14,14) [ 205813.5194 ]
1558:(75,2,9,36,0,14,14) [ 205813.1978 ]
1559:(75,2,9,36,1,14,13) [ 191113.2978 ]
1560:(75,2,10,36,1,14,13) [ 191113.70380000002 ]
1561:(72,2,10,37,0,13,13) [ 177463.4606 ]
1562:(72,2,11,37,0,13,13) [ 177463.8776 ]
1563:(72,2,9,37,0,13,13) [ 177463.0436 ]
1564:(72,2,8,37,0,13,13) [ 177462.6266 ]
1565:(72,2,7,37,0,13,13) [ 177462.2096 ]
1566:(72,2,7,37,1,13,12) [ 163812.3096 ]
1567:(72,2,8,37,1,13,12) [ 163812.7266 ]
1568:(72,2,6,37,1,13,12) [ 163811.8926 ]
1569:(67,2,7,38,0,12,12) [ 151211.8646 ]
1570:(67,2,8,38,0,12,12) [ 151212.2926 ]
1571:(64,2,6,38,1,12,11) [ 138611.28340000001 ]
1572:(64,2,7,38,1,12,11) [ 138611.7114 ]
1573:(64,2,6,38,2,12,10) [ 126011.38339999999 ]
1574:(64,2,7,38,2,12,10) [ 126011.81139999999 ]
1575:(64,2,5,38,2,12,10) [ 126010.95539999999 ]
1576:(64,2,4,38,2,12,10) [ 126010.52739999999 ]
1577:(63,2,5,39,1,11,10) [ 115510.826 ]
1578:(63,2,6,39,1,11,10) [ 115511.265 ]
1579:(63,2,4,39,1,11,10) [ 115510.387 ]
1580:(63,2,4,39,2,11,9) [ 103960.487 ]
1581:(63,2,5,39,2,11,9) [ 103960.92599999999 ]
1582:(63,2,4,39,3,11,8) [ 92410.587 ]
1583:(63,2,5,39,3,11,8) [ 92411.026 ]
1584:(63,2,2,39,3,11,8) [ 92409.709 ]
1585:(63,2,3,39,3,11,8) [ 92410.148 ]
1586:(63,2,3,40,2,10,8) [ 84010.08099999999 ]
1587:(61,2,4,40,2,10,8) [ 84010.3622 ]
1588:(61,2,5,40,2,10,8) [ 84010.8122 ]
1589:(61,2,5,41,1,9,8) [ 75610.7672 ]
1590:(61,2,6,41,1,9,8) [ 75611.22820000001 ]
1591:(61,2,6,42,0,8,8) [ 67211.1942 ]
1592:(61,2,7,42,0,8,8) [ 67211.6662 ]
1593:(61,2,6,42,1,8,7) [ 58811.2942 ]
1594:(61,2,7,42,1,8,7) [ 58811.7662 ]
1595:(61,2,7,43,0,7,7) [ 51461.7432 ]
1596:(61,2,8,43,0,7,7) [ 51462.2262 ]
1597:(62,2,6,43,0,7,7) [ 51461.3446 ]
1598:(62,2,5,43,0,7,7) [ 51460.8616 ]
1599:(61,2,4,43,1,7,6) [ 44110.394199999995 ]
1600:(61,2,5,43,1,7,6) [ 44110.877199999995 ]
1601:(61,2,5,44,0,6,6) [ 37810.8322 ]
1602:(61,2,6,44,0,6,6) [ 37811.3262 ]
1603:(61,2,5,44,1,6,5) [ 31510.9322 ]
1604:(61,2,6,44,1,6,5) [ 31511.426199999998 ]
1605:(58,2,5,45,0,5,5) [ 26260.634 ]
1606:(58,2,6,45,0,5,5) [ 26261.139 ]
1607:(58,2,4,45,0,5,5) [ 26260.129 ]
1608:(58,2,4,45,1,5,4) [ 21010.229 ]
1609:(58,2,5,45,1,5,4) [ 21010.733999999997 ]
1610:(57,2,4,46,0,4,4) [ 16810.0886 ]
1611:(57,2,5,46,0,4,4) [ 16810.6046 ]
1612:(57,2,4,46,1,4,3) [ 12610.1886 ]
1613:(57,2,5,46,1,4,3) [ 12610.704600000001 ]
1614:(52,2,4,47,0,3,3) [ 9459.7106 ]
1615:(52,2,5,47,0,3,3) [ 9460.2376 ]
1616:(52,2,4,47,1,3,2) [ 6309.810600000001 ]
1617:(52,2,5,47,1,3,2) [ 6310.337600000001 ]
1618:(52,2,4,47,2,3,1) [ 3159.9105999999997 ]
1619:(52,2,5,47,2,3,1) [ 3160.4375999999997 ]
1620:(52,2,5,48,1,2,1) [ 2110.3926 ]
1621:(52,2,6,48,1,2,1) [ 2110.9305999999997 ]
1622:(47,2,5,49,0,1,1) [ 1059.9256 ]
1623:(47,2,6,49,0,1,1) [ 1060.4746 ]
1624:(47,2,4,49,0,1,1) [ 1059.3766 ]
1625:(47,2,3,49,0,1,1) [ 1058.8276 ]
1626:(47,2,2,49,0,1,1) [ 1058.2786 ]
1627:(47,2,2,49,1,1,0) [ 8.3786 ]
1628:(47,2,3,49,1,1,0) [ 8.9276 ]
1629:(47,2,3,50,0,0,0) [ 8.860600000000002 ]
1630:(47,2,4,50,0,0,0) [ 9.4206 ]
1631:(47,2,2,50,0,0,0) [ 8.3006 ]
1632:(47,2,1,50,0,0,0) [ 7.740600000000001 ]
1633:(47,2,0,50,0,0,0) [ 7.1806 ]
1634:(50,2,7,50,0,0,0) [ 11.3538 ]
1635:(50,2,8,50,0,0,0) [ 11.913799999999998 ]
1636:(50,2,9,50,0,0,0) [ 12.4738 ]
1637:(50,2,10,50,0,0,0) [ 13.0338 ]
1638:(50,2,11,50,0,0,0) [ 13.593800000000002 ]
1639:(50,2,12,50,0,0,0) [ 14.1538 ]
1640:(50,2,13,50,0,0,0) [ 14.713799999999999 ]
1641:(50,2,14,50,0,0,0) [ 15.273800000000001 ]
1642:(50,2,15,50,0,0,0) [ 15.8338 ]
1643:(50,2,16,50,0,0,0) [ 16.3938 ]
1644:(50,2,17,50,0,0,0) [ 16.9538 ]
1645:(50,2,18,50,0,0,0) [ 17.5138 ]
1646:(50,2,19,50,0,0,0) [ 18.0738 ]
1647:(50,2,20,50,0,0,0) [ 18.633799999999997 ]
1648:(50,2,21,50,0,0,0) [ 19.1938 ]
1649:(50,2,22,50,0,0,0) [ 19.7538 ]
1650:(50,2,23,50,0,0,0) [ 20.3138 ]
1651:(50,2,24,50,0,0,0) [ 20.873800000000003 ]
1652:(50,2,23,49,1,1,0) [ 20.160800000000002 ]
1653:(50,2,22,48,2,2,0) [ 19.4698 ]
1654:(50,2,23,48,2,2,0) [ 20.0078 ]
1655:(50,2,22,47,3,3,0) [ 19.3278 ]
1656:(50,2,23,47,3,3,0) [ 19.8548 ]
1657:(50,2,24,47,3,3,0) [ 20.381800000000002 ]
1658:(50,2,23,46,4,4,0) [ 19.7018 ]
1659:(50,2,22,45,5,5,0) [ 19.0438 ]
1660:(50,2,23,45,5,5,0) [ 19.5488 ]
1661:(50,2,22,44,6,6,0) [ 18.9018 ]
1662:(50,2,21,43,7,7,0) [ 18.276799999999998 ]
1663:(50,2,20,42,8,8,0) [ 17.6738 ]
1664:(50,2,19,41,9,9,0) [ 17.092799999999997 ]
1665:(50,2,20,41,9,9,0) [ 17.5538 ]
1666:(50,2,21,41,9,9,0) [ 18.014799999999997 ]
1667:(50,2,20,40,10,10,0) [ 17.433799999999998 ]
1668:(50,2,21,40,10,10,0) [ 17.883799999999997 ]
1669:(50,2,20,39,11,11,0) [ 17.3138 ]
1670:(50,2,19,38,12,12,0) [ 16.7658 ]
1671:(50,2,18,37,13,13,0) [ 16.2398 ]
1672:(50,2,17,36,14,14,0) [ 15.7358 ]
1673:(50,2,18,36,14,14,0) [ 16.141799999999996 ]
1674:(50,2,19,36,14,14,0) [ 16.5478 ]
1675:(50,2,18,35,15,15,0) [ 16.0438 ]
1676:(50,2,17,34,16,16,0) [ 15.5618 ]
1677:(50,2,16,33,17,17,0) [ 15.1018 ]
1678:(50,2,15,32,18,18,0) [ 14.663800000000002 ]
1679:(50,2,14,31,19,19,0) [ 14.2478 ]
1680:(50,2,15,31,19,19,0) [ 14.598799999999999 ]
1681:(50,2,14,30,20,20,0) [ 14.1938 ]
1682:(50,2,15,30,20,20,0) [ 14.5338 ]
1683:(50,2,14,29,21,21,0) [ 14.1398 ]
1684:(50,2,13,28,22,22,0) [ 13.767799999999998 ]
1685:(50,2,12,27,23,23,0) [ 13.4178 ]
1686:(50,2,13,27,23,23,0) [ 13.724800000000002 ]
1687:(50,2,12,26,24,24,0) [ 13.385800000000001 ]
1688:(50,2,13,26,24,24,0) [ 13.6818 ]
1689:(50,2,12,25,25,25,0) [ 13.3538 ]
1690:(50,2,13,25,25,25,0) [ 13.6388 ]
1691:(50,2,12,24,26,26,0) [ 13.3218 ]
1692:(50,2,11,23,27,27,0) [ 13.026799999999998 ]
1693:(50,2,12,23,27,27,0) [ 13.2898 ]
1694:(50,2,13,23,27,27,0) [ 13.552799999999998 ]
1695:(50,2,12,22,28,28,0) [ 13.2578 ]
1696:(50,2,13,22,28,28,0) [ 13.5098 ]
1697:(50,2,12,21,29,29,0) [ 13.225800000000001 ]
1698:(50,2,11,20,30,30,0) [ 12.963799999999999 ]
1699:(50,2,12,20,30,30,0) [ 13.1938 ]
1700:(50,2,11,19,31,31,0) [ 12.9428 ]
1701:(50,2,12,19,31,31,0) [ 13.1618 ]
1702:(50,2,11,18,32,32,0) [ 12.921800000000001 ]
1703:(50,2,10,17,33,33,0) [ 12.703800000000001 ]
1704:(50,2,9,16,34,34,0) [ 12.5078 ]
1705:(50,2,8,15,35,35,0) [ 12.3338 ]
1706:(50,2,7,14,36,36,0) [ 12.1818 ]
1707:(50,2,8,14,36,36,0) [ 12.345799999999999 ]
1708:(50,2,7,13,37,37,0) [ 12.204799999999999 ]
1709:(50,2,6,12,38,38,0) [ 12.085799999999999 ]
1710:(50,2,5,11,39,39,0) [ 11.9888 ]
1711:(50,2,6,11,39,39,0) [ 12.1198 ]
1712:(50,2,5,10,40,40,0) [ 12.0338 ]
1713:(49,2,6,10,40,40,0) [ 12.0694 ]
1714:(48,2,7,10,40,40,0) [ 12.105 ]
1715:(48,2,6,9,41,41,0) [ 12.019 ]
1716:(48,2,5,8,42,42,0) [ 11.955 ]
1717:(48,2,6,8,42,42,0) [ 12.052999999999999 ]
1718:(48,2,5,7,43,43,0) [ 12.0 ]
1719:(48,2,4,6,44,44,0) [ 11.969000000000001 ]
1720:(48,2,3,5,45,45,0) [ 11.96 ]
1721:(47,2,4,5,45,45,0) [ 11.9406 ]
1722:(47,2,3,4,46,46,0) [ 11.9426 ]
1723:(47,2,2,3,47,47,0) [ 11.9666 ]
1724:(47,2,1,2,48,48,0) [ 12.0126 ]
1725:(47,2,0,1,49,49,0) [ 12.0806 ]
1726:(46,2,1,1,49,49,0) [ 12.0172 ]
1727:(46,2,0,0,50,50,0) [ 12.0962 TARGET ]
1728:(-1,-1,-1,-1,-1,-1,-1) [ 0.0 ]