(R_,L,RL,G_,G_a,G_bg,G_d)
0:(50,2,0,50,0,0,0)
1:(50,2,1,50,0,0,0)
2:(50,2,2,50,0,0,0)
3:(50,2,3,50,0,0,0)
4:(50,2,4,50,0,0,0)
5:(50,2,5,50,0,0,0)
6:(50,2,6,50,0,0,0)
7:(50,2,7,50,0,0,0)
8:(50,2,8,50,0,0,0)
9:(50,2,9,50,0,0,0)
10:(50,2,10,50,0,0,0)
11:(50,2,11,50,0,0,0)
12:(50,2,12,50,0,0,0)
13:(50,2,13,50,0,0,0)
14:(50,2,14,50,0,0,0)
15:(50,2,15,50,0,0,0)
16:(50,2,16,50,0,0,0)
17:(50,2,17,50,0,0,0)
18:(50,2,18,50,0,0,0)
19:(50,2,19,50,0,0,0)
20:(50,2,20,50,0,0,0)
21:(50,2,21,50,0,0,0)
22:(50,2,22,50,0,0,0)
23:(50,2,23,50,0,0,0)
24:(50,2,24,50,0,0,0)
25:(50,2,23,49,1,1,0)
26:(50,2,22,48,2,2,0)
27:(50,2,23,48,2,2,0)
28:(50,2,22,47,3,3,0)
29:(50,2,23,47,3,3,0)
30:(50,2,24,47,3,3,0)
31:(50,2,23,46,4,4,0)
32:(50,2,22,45,5,5,0)
33:(50,2,23,45,5,5,0)
34:(50,2,22,44,6,6,0)
35:(50,2,21,43,7,7,0)
36:(50,2,20,42,8,8,0)
37:(50,2,19,41,9,9,0)
38:(50,2,20,41,9,9,0)
39:(50,2,21,41,9,9,0)
40:(50,2,20,40,10,10,0)
41:(50,2,21,40,10,10,0)
42:(50,2,20,39,11,11,0)
43:(50,2,19,38,12,12,0)
44:(50,2,18,37,13,13,0)
45:(50,2,17,36,14,14,0)
46:(50,2,18,36,14,14,0)
47:(50,2,19,36,14,14,0)
48:(50,2,18,35,15,15,0)
49:(50,2,17,34,16,16,0)
50:(50,2,16,33,17,17,0)
51:(50,2,15,32,18,18,0)
52:(50,2,14,31,19,19,0)
53:(50,2,15,31,19,19,0)
54:(50,2,14,30,20,20,0)
55:(50,2,15,30,20,20,0)
56:(50,2,14,29,21,21,0)
57:(50,2,13,28,22,22,0)
58:(50,2,12,27,23,23,0)
59:(50,2,13,27,23,23,0)
60:(50,2,12,26,24,24,0)
61:(50,2,13,26,24,24,0)
62:(50,2,12,25,25,25,0)
63:(50,2,13,25,25,25,0)
64:(50,2,12,24,26,26,0)
65:(50,2,11,23,27,27,0)
66:(50,2,12,23,27,27,0)
67:(50,2,13,23,27,27,0)
68:(50,2,12,22,28,28,0)
69:(50,2,13,22,28,28,0)
70:(50,2,12,21,29,29,0)
71:(50,2,11,20,30,30,0)
72:(50,2,12,20,30,30,0)
73:(50,2,11,19,31,31,0)
74:(50,2,12,19,31,31,0)
75:(50,2,11,18,32,32,0)
76:(50,2,10,17,33,33,0)
77:(50,2,9,16,34,34,0)
78:(50,2,8,15,35,35,0)
79:(50,2,7,14,36,36,0)
80:(50,2,8,14,36,36,0)
81:(50,2,7,13,37,37,0)
82:(50,2,6,12,38,38,0)
83:(50,2,5,11,39,39,0)
84:(50,2,6,11,39,39,0)
85:(50,2,5,10,40,40,0)
86:(49,2,6,10,40,40,0)
87:(48,2,7,10,40,40,0)
88:(48,2,6,9,41,41,0)
89:(48,2,5,8,42,42,0)
90:(48,2,6,8,42,42,0)
91:(48,2,5,7,43,43,0)
92:(48,2,4,6,44,44,0)
93:(48,2,3,5,45,45,0)
94:(47,2,4,5,45,45,0)
95:(47,2,3,4,46,46,0)
96:(47,2,2,3,47,47,0)
97:(47,2,1,2,48,48,0)
98:(47,2,0,1,49,49,0)
99:(46,2,1,1,49,49,0)
100:(46,2,0,0,50,50,0)
101:(47,2,0,0,50,50,0)
102:(45,2,0,0,50,50,0)
103:(45,2,1,0,50,50,0)
104:(46,2,1,0,50,50,0)
105:(47,2,1,1,49,49,0)
106:(45,2,1,1,49,49,0)
107:(45,2,2,1,49,49,0)
108:(46,2,2,1,49,49,0)
109:(48,2,0,1,49,49,0)
110:(46,2,0,1,49,49,0)
111:(48,2,1,2,48,48,0)
112:(46,2,1,2,48,48,0)
113:(46,2,2,2,48,48,0)
114:(47,2,2,2,48,48,0)
115:(48,2,2,3,47,47,0)
116:(46,2,2,3,47,47,0)
117:(46,2,3,3,47,47,0)
118:(47,2,3,3,47,47,0)
119:(48,2,3,4,46,46,0)
120:(46,2,3,4,46,46,0)
121:(46,2,4,4,46,46,0)
122:(47,2,4,4,46,46,0)
123:(48,2,4,5,45,45,0)
124:(46,2,4,5,45,45,0)
125:(46,2,5,5,45,45,0)
126:(47,2,5,5,45,45,0)
127:(49,2,3,5,45,45,0)
128:(47,2,3,5,45,45,0)
129:(49,2,4,6,44,44,0)
130:(47,2,4,6,44,44,0)
131:(47,2,5,6,44,44,0)
132:(48,2,5,6,44,44,0)
133:(49,2,5,7,43,43,0)
134:(47,2,5,7,43,43,0)
135:(47,2,6,7,43,43,0)
136:(48,2,6,7,43,43,0)
137:(49,2,6,8,42,42,0)
138:(47,2,6,8,42,42,0)
139:(47,2,7,8,42,42,0)
140:(48,2,7,8,42,42,0)
141:(49,2,5,8,42,42,0)
142:(47,2,5,8,42,42,0)
143:(49,2,6,9,41,41,0)
144:(47,2,6,9,41,41,0)
145:(47,2,7,9,41,41,0)
146:(48,2,7,9,41,41,0)
147:(49,2,7,10,40,40,0)
148:(47,2,7,10,40,40,0)
149:(47,2,8,10,40,40,0)
150:(48,2,8,10,40,40,0)
151:(50,2,6,10,40,40,0)
152:(48,2,6,10,40,40,0)
153:(51,2,5,10,40,40,0)
154:(49,2,5,10,40,40,0)
155:(51,2,6,11,39,39,0)
156:(49,2,6,11,39,39,0)
157:(49,2,7,11,39,39,0)
158:(50,2,7,11,39,39,0)
159:(51,2,5,11,39,39,0)
160:(49,2,5,11,39,39,0)
161:(51,2,6,12,38,38,0)
162:(49,2,6,12,38,38,0)
163:(49,2,7,12,38,38,0)
164:(50,2,7,12,38,38,0)
165:(51,2,7,13,37,37,0)
166:(49,2,7,13,37,37,0)
167:(49,2,8,13,37,37,0)
168:(50,2,8,13,37,37,0)
169:(51,2,8,14,36,36,0)
170:(49,2,8,14,36,36,0)
171:(49,2,9,14,36,36,0)
172:(50,2,9,14,36,36,0)
173:(51,2,7,14,36,36,0)
174:(49,2,7,14,36,36,0)
175:(51,2,8,15,35,35,0)
176:(49,2,8,15,35,35,0)
177:(49,2,9,15,35,35,0)
178:(50,2,9,15,35,35,0)
179:(51,2,9,16,34,34,0)
180:(49,2,9,16,34,34,0)
181:(49,2,10,16,34,34,0)
182:(50,2,10,16,34,34,0)
183:(51,2,10,17,33,33,0)
184:(49,2,10,17,33,33,0)
185:(49,2,11,17,33,33,0)
186:(50,2,11,17,33,33,0)
187:(51,2,11,18,32,32,0)
188:(49,2,11,18,32,32,0)
189:(49,2,12,18,32,32,0)
190:(50,2,12,18,32,32,0)
191:(51,2,12,19,31,31,0)
192:(49,2,12,19,31,31,0)
193:(49,2,13,19,31,31,0)
194:(50,2,13,19,31,31,0)
195:(51,2,11,19,31,31,0)
196:(49,2,11,19,31,31,0)
197:(51,2,12,20,30,30,0)
198:(49,2,12,20,30,30,0)
199:(49,2,13,20,30,30,0)
200:(50,2,13,20,30,30,0)
201:(51,2,11,20,30,30,0)
202:(49,2,11,20,30,30,0)
203:(51,2,12,21,29,29,0)
204:(49,2,12,21,29,29,0)
205:(49,2,13,21,29,29,0)
206:(50,2,13,21,29,29,0)
207:(51,2,13,22,28,28,0)
208:(49,2,13,22,28,28,0)
209:(49,2,14,22,28,28,0)
210:(50,2,14,22,28,28,0)
211:(51,2,12,22,28,28,0)
212:(49,2,12,22,28,28,0)
213:(51,2,13,23,27,27,0)
214:(49,2,13,23,27,27,0)
215:(49,2,14,23,27,27,0)
216:(50,2,14,23,27,27,0)
217:(51,2,12,23,27,27,0)
218:(49,2,12,23,27,27,0)
219:(51,2,11,23,27,27,0)
220:(49,2,11,23,27,27,0)
221:(51,2,12,24,26,26,0)
222:(49,2,12,24,26,26,0)
223:(49,2,13,24,26,26,0)
224:(50,2,13,24,26,26,0)
225:(51,2,13,25,25,25,0)
226:(49,2,13,25,25,25,0)
227:(49,2,14,25,25,25,0)
228:(50,2,14,25,25,25,0)
229:(51,2,12,25,25,25,0)
230:(49,2,12,25,25,25,0)
231:(51,2,13,26,24,24,0)
232:(49,2,13,26,24,24,0)
233:(49,2,14,26,24,24,0)
234:(50,2,14,26,24,24,0)
235:(51,2,12,26,24,24,0)
236:(49,2,12,26,24,24,0)
237:(51,2,13,27,23,23,0)
238:(49,2,13,27,23,23,0)
239:(49,2,14,27,23,23,0)
240:(50,2,14,27,23,23,0)
241:(51,2,12,27,23,23,0)
242:(49,2,12,27,23,23,0)
243:(51,2,13,28,22,22,0)
244:(49,2,13,28,22,22,0)
245:(49,2,14,28,22,22,0)
246:(50,2,14,28,22,22,0)
247:(51,2,14,29,21,21,0)
248:(49,2,14,29,21,21,0)
249:(49,2,15,29,21,21,0)
250:(50,2,15,29,21,21,0)
251:(51,2,15,30,20,20,0)
252:(49,2,15,30,20,20,0)
253:(49,2,16,30,20,20,0)
254:(50,2,16,30,20,20,0)
255:(51,2,14,30,20,20,0)
256:(49,2,14,30,20,20,0)
257:(51,2,15,31,19,19,0)
258:(49,2,15,31,19,19,0)
259:(49,2,16,31,19,19,0)
260:(50,2,16,31,19,19,0)
261:(51,2,14,31,19,19,0)
262:(49,2,14,31,19,19,0)
263:(51,2,15,32,18,18,0)
264:(49,2,15,32,18,18,0)
265:(49,2,16,32,18,18,0)
266:(50,2,16,32,18,18,0)
267:(51,2,16,33,17,17,0)
268:(49,2,16,33,17,17,0)
269:(49,2,17,33,17,17,0)
270:(50,2,17,33,17,17,0)
271:(51,2,17,34,16,16,0)
272:(49,2,17,34,16,16,0)
273:(49,2,18,34,16,16,0)
274:(50,2,18,34,16,16,0)
275:(51,2,18,35,15,15,0)
276:(49,2,18,35,15,15,0)
277:(49,2,19,35,15,15,0)
278:(50,2,19,35,15,15,0)
279:(51,2,19,36,14,14,0)
280:(49,2,19,36,14,14,0)
281:(49,2,20,36,14,14,0)
282:(50,2,20,36,14,14,0)
283:(51,2,18,36,14,14,0)
284:(49,2,18,36,14,14,0)
285:(51,2,17,36,14,14,0)
286:(49,2,17,36,14,14,0)
287:(51,2,18,37,13,13,0)
288:(49,2,18,37,13,13,0)
289:(49,2,19,37,13,13,0)
290:(50,2,19,37,13,13,0)
291:(51,2,19,38,12,12,0)
292:(49,2,19,38,12,12,0)
293:(49,2,20,38,12,12,0)
294:(50,2,20,38,12,12,0)
295:(51,2,20,39,11,11,0)
296:(49,2,20,39,11,11,0)
297:(49,2,21,39,11,11,0)
298:(50,2,21,39,11,11,0)
299:(51,2,21,40,10,10,0)
300:(49,2,21,40,10,10,0)
301:(49,2,22,40,10,10,0)
302:(50,2,22,40,10,10,0)
303:(51,2,20,40,10,10,0)
304:(49,2,20,40,10,10,0)
305:(51,2,21,41,9,9,0)
306:(49,2,21,41,9,9,0)
307:(49,2,22,41,9,9,0)
308:(50,2,22,41,9,9,0)
309:(51,2,20,41,9,9,0)
310:(49,2,20,41,9,9,0)
311:(51,2,19,41,9,9,0)
312:(49,2,19,41,9,9,0)
313:(51,2,20,42,8,8,0)
314:(49,2,20,42,8,8,0)
315:(49,2,21,42,8,8,0)
316:(50,2,21,42,8,8,0)
317:(51,2,21,43,7,7,0)
318:(49,2,21,43,7,7,0)
319:(49,2,22,43,7,7,0)
320:(50,2,22,43,7,7,0)
321:(51,2,22,44,6,6,0)
322:(49,2,22,44,6,6,0)
323:(49,2,23,44,6,6,0)
324:(50,2,23,44,6,6,0)
325:(51,2,23,45,5,5,0)
326:(49,2,23,45,5,5,0)
327:(49,2,24,45,5,5,0)
328:(50,2,24,45,5,5,0)
329:(51,2,22,45,5,5,0)
330:(49,2,22,45,5,5,0)
331:(51,2,23,46,4,4,0)
332:(49,2,23,46,4,4,0)
333:(49,2,24,46,4,4,0)
334:(50,2,24,46,4,4,0)
335:(51,2,24,47,3,3,0)
336:(49,2,24,47,3,3,0)
337:(49,2,25,47,3,3,0)
338:(50,2,25,47,3,3,0)
339:(51,2,23,47,3,3,0)
340:(49,2,23,47,3,3,0)
341:(51,2,22,47,3,3,0)
342:(49,2,22,47,3,3,0)
343:(51,2,23,48,2,2,0)
344:(49,2,23,48,2,2,0)
345:(49,2,24,48,2,2,0)
346:(50,2,24,48,2,2,0)
347:(51,2,22,48,2,2,0)
348:(49,2,22,48,2,2,0)
349:(51,2,23,49,1,1,0)
350:(49,2,23,49,1,1,0)
351:(49,2,24,49,1,1,0)
352:(50,2,24,49,1,1,0)
353:(51,2,24,50,0,0,0)
354:(49,2,24,50,0,0,0)
355:(49,2,25,50,0,0,0)
356:(50,2,25,50,0,0,0)
357:(51,2,23,50,0,0,0)
358:(49,2,23,50,0,0,0)
359:(51,2,22,50,0,0,0)
360:(49,2,22,50,0,0,0)
361:(51,2,21,50,0,0,0)
362:(49,2,21,50,0,0,0)
363:(51,2,20,50,0,0,0)
364:(49,2,20,50,0,0,0)
365:(51,2,19,50,0,0,0)
366:(49,2,19,50,0,0,0)
367:(51,2,18,50,0,0,0)
368:(49,2,18,50,0,0,0)
369:(51,2,17,50,0,0,0)
370:(49,2,17,50,0,0,0)
371:(51,2,16,50,0,0,0)
372:(49,2,16,50,0,0,0)
373:(51,2,15,50,0,0,0)
374:(49,2,15,50,0,0,0)
375:(51,2,14,50,0,0,0)
376:(49,2,14,50,0,0,0)
377:(51,2,13,50,0,0,0)
378:(49,2,13,50,0,0,0)
379:(51,2,12,50,0,0,0)
380:(49,2,12,50,0,0,0)
381:(51,2,11,50,0,0,0)
382:(49,2,11,50,0,0,0)
383:(51,2,10,50,0,0,0)
384:(49,2,10,50,0,0,0)
385:(51,2,9,50,0,0,0)
386:(49,2,9,50,0,0,0)
387:(51,2,8,50,0,0,0)
388:(49,2,8,50,0,0,0)
389:(51,2,7,50,0,0,0)
390:(49,2,7,50,0,0,0)
391:(51,2,6,50,0,0,0)
392:(49,2,6,50,0,0,0)
393:(51,2,5,50,0,0,0)
394:(49,2,5,50,0,0,0)
395:(51,2,4,50,0,0,0)
396:(49,2,4,50,0,0,0)
397:(51,2,3,50,0,0,0)
398:(49,2,3,50,0,0,0)
399:(51,2,2,50,0,0,0)
400:(49,2,2,50,0,0,0)
401:(51,2,1,50,0,0,0)
402:(49,2,1,50,0,0,0)
403:(51,2,0,50,0,0,0)
404:(49,2,0,50,0,0,0)
405:(48,2,1,1,49,49,0)
406:(47,2,2,1,49,49,0)
407:(49,2,0,1,49,49,0)
408:(49,2,1,2,48,48,0)
409:(48,2,2,2,48,48,0)
410:(49,2,2,3,47,47,0)
411:(48,2,3,3,47,47,0)
412:(49,2,3,4,46,46,0)
413:(48,2,4,4,46,46,0)
414:(49,2,4,5,45,45,0)
415:(48,2,5,5,45,45,0)
416:(50,2,3,5,45,45,0)
417:(50,2,4,6,44,44,0)
418:(49,2,5,6,44,44,0)
419:(50,2,5,7,43,43,0)
420:(49,2,6,7,43,43,0)
421:(50,2,6,8,42,42,0)
422:(49,2,7,8,42,42,0)
423:(50,2,5,8,42,42,0)
424:(50,2,6,9,41,41,0)
425:(49,2,7,9,41,41,0)
426:(50,2,7,10,40,40,0)
427:(49,2,8,10,40,40,0)
428:(51,2,6,10,40,40,0)
429:(52,2,5,10,40,40,0)
430:(52,2,6,11,39,39,0)
431:(51,2,7,11,39,39,0)
432:(52,2,5,11,39,39,0)
433:(52,2,6,12,38,38,0)
434:(51,2,7,12,38,38,0)
435:(52,2,7,13,37,37,0)
436:(51,2,8,13,37,37,0)
437:(52,2,8,14,36,36,0)
438:(51,2,9,14,36,36,0)
439:(52,2,7,14,36,36,0)
440:(52,2,8,15,35,35,0)
441:(51,2,9,15,35,35,0)
442:(52,2,9,16,34,34,0)
443:(51,2,10,16,34,34,0)
444:(52,2,10,17,33,33,0)
445:(51,2,11,17,33,33,0)
446:(52,2,11,18,32,32,0)
447:(51,2,12,18,32,32,0)
448:(52,2,12,19,31,31,0)
449:(51,2,13,19,31,31,0)
450:(52,2,11,19,31,31,0)
451:(52,2,12,20,30,30,0)
452:(51,2,13,20,30,30,0)
453:(52,2,11,20,30,30,0)
454:(52,2,12,21,29,29,0)
455:(51,2,13,21,29,29,0)
456:(52,2,13,22,28,28,0)
457:(51,2,14,22,28,28,0)
458:(52,2,12,22,28,28,0)
459:(52,2,13,23,27,27,0)
460:(51,2,14,23,27,27,0)
461:(52,2,12,23,27,27,0)
462:(52,2,11,23,27,27,0)
463:(52,2,12,24,26,26,0)
464:(51,2,13,24,26,26,0)
465:(52,2,13,25,25,25,0)
466:(51,2,14,25,25,25,0)
467:(52,2,12,25,25,25,0)
468:(52,2,13,26,24,24,0)
469:(51,2,14,26,24,24,0)
470:(52,2,12,26,24,24,0)
471:(52,2,13,27,23,23,0)
472:(51,2,14,27,23,23,0)
473:(52,2,12,27,23,23,0)
474:(52,2,13,28,22,22,0)
475:(51,2,14,28,22,22,0)
476:(52,2,14,29,21,21,0)
477:(51,2,15,29,21,21,0)
478:(52,2,15,30,20,20,0)
479:(51,2,16,30,20,20,0)
480:(52,2,14,30,20,20,0)
481:(52,2,15,31,19,19,0)
482:(51,2,16,31,19,19,0)
483:(52,2,14,31,19,19,0)
484:(52,2,15,32,18,18,0)
485:(51,2,16,32,18,18,0)
486:(52,2,16,33,17,17,0)
487:(51,2,17,33,17,17,0)
488:(52,2,17,34,16,16,0)
489:(51,2,18,34,16,16,0)
490:(52,2,18,35,15,15,0)
491:(51,2,19,35,15,15,0)
492:(52,2,19,36,14,14,0)
493:(51,2,20,36,14,14,0)
494:(52,2,18,36,14,14,0)
495:(52,2,17,36,14,14,0)
496:(52,2,18,37,13,13,0)
497:(51,2,19,37,13,13,0)
498:(52,2,19,38,12,12,0)
499:(51,2,20,38,12,12,0)
500:(52,2,20,39,11,11,0)
501:(51,2,21,39,11,11,0)
502:(52,2,21,40,10,10,0)
503:(51,2,22,40,10,10,0)
504:(52,2,20,40,10,10,0)
505:(52,2,21,41,9,9,0)
506:(51,2,22,41,9,9,0)
507:(52,2,20,41,9,9,0)
508:(52,2,19,41,9,9,0)
509:(52,2,20,42,8,8,0)
510:(51,2,21,42,8,8,0)
511:(52,2,21,43,7,7,0)
512:(51,2,22,43,7,7,0)
513:(52,2,22,44,6,6,0)
514:(51,2,23,44,6,6,0)
515:(52,2,23,45,5,5,0)
516:(51,2,24,45,5,5,0)
517:(52,2,22,45,5,5,0)
518:(52,2,23,46,4,4,0)
519:(51,2,24,46,4,4,0)
520:(52,2,24,47,3,3,0)
521:(51,2,25,47,3,3,0)
522:(52,2,23,47,3,3,0)
523:(52,2,22,47,3,3,0)
524:(52,2,23,48,2,2,0)
525:(51,2,24,48,2,2,0)
526:(52,2,22,48,2,2,0)
527:(52,2,23,49,1,1,0)
528:(51,2,24,49,1,1,0)
529:(52,2,24,50,0,0,0)
530:(51,2,25,50,0,0,0)
531:(52,2,23,50,0,0,0)
532:(52,2,22,50,0,0,0)
533:(52,2,21,50,0,0,0)
534:(52,2,20,50,0,0,0)
535:(52,2,19,50,0,0,0)
536:(52,2,18,50,0,0,0)
537:(52,2,17,50,0,0,0)
538:(52,2,16,50,0,0,0)
539:(52,2,15,50,0,0,0)
540:(52,2,14,50,0,0,0)
541:(52,2,13,50,0,0,0)
542:(52,2,12,50,0,0,0)
543:(52,2,11,50,0,0,0)
544:(52,2,10,50,0,0,0)
545:(52,2,9,50,0,0,0)
546:(52,2,8,50,0,0,0)
547:(52,2,7,50,0,0,0)
548:(52,2,6,50,0,0,0)
549:(52,2,5,50,0,0,0)
550:(52,2,4,50,0,0,0)
551:(52,2,3,50,0,0,0)
552:(52,2,2,50,0,0,0)
553:(52,2,1,50,0,0,0)
554:(52,2,0,50,0,0,0)
555:(48,2,0,0,50,50,0)
556:(50,2,0,1,49,49,0)
557:(49,2,1,1,49,49,0)
558:(50,2,1,2,48,48,0)
559:(49,2,2,2,48,48,0)
560:(50,2,2,3,47,47,0)
561:(49,2,3,3,47,47,0)
562:(50,2,3,4,46,46,0)
563:(49,2,4,4,46,46,0)
564:(50,2,4,5,45,45,0)
565:(49,2,5,5,45,45,0)
566:(51,2,3,5,45,45,0)
567:(51,2,4,6,44,44,0)
568:(50,2,5,6,44,44,0)
569:(51,2,5,7,43,43,0)
570:(50,2,6,7,43,43,0)
571:(51,2,6,8,42,42,0)
572:(50,2,7,8,42,42,0)
573:(51,2,5,8,42,42,0)
574:(51,2,6,9,41,41,0)
575:(50,2,7,9,41,41,0)
576:(51,2,7,10,40,40,0)
577:(50,2,8,10,40,40,0)
578:(52,2,6,10,40,40,0)
579:(53,2,5,10,40,40,0)
580:(53,2,6,11,39,39,0)
581:(52,2,7,11,39,39,0)
582:(53,2,5,11,39,39,0)
583:(53,2,6,12,38,38,0)
584:(52,2,7,12,38,38,0)
585:(53,2,7,13,37,37,0)
586:(52,2,8,13,37,37,0)
587:(53,2,8,14,36,36,0)
588:(52,2,9,14,36,36,0)
589:(53,2,7,14,36,36,0)
590:(53,2,8,15,35,35,0)
591:(52,2,9,15,35,35,0)
592:(53,2,9,16,34,34,0)
593:(52,2,10,16,34,34,0)
594:(53,2,10,17,33,33,0)
595:(52,2,11,17,33,33,0)
596:(53,2,11,18,32,32,0)
597:(52,2,12,18,32,32,0)
598:(53,2,12,19,31,31,0)
599:(52,2,13,19,31,31,0)
600:(53,2,11,19,31,31,0)
601:(53,2,12,20,30,30,0)
602:(52,2,13,20,30,30,0)
603:(53,2,11,20,30,30,0)
604:(53,2,12,21,29,29,0)
605:(52,2,13,21,29,29,0)
606:(53,2,13,22,28,28,0)
607:(52,2,14,22,28,28,0)
608:(53,2,12,22,28,28,0)
609:(53,2,13,23,27,27,0)
610:(52,2,14,23,27,27,0)
611:(53,2,12,23,27,27,0)
612:(53,2,11,23,27,27,0)
613:(53,2,12,24,26,26,0)
614:(52,2,13,24,26,26,0)
615:(53,2,13,25,25,25,0)
616:(52,2,14,25,25,25,0)
617:(53,2,12,25,25,25,0)
618:(53,2,13,26,24,24,0)
619:(52,2,14,26,24,24,0)
620:(53,2,12,26,24,24,0)
621:(53,2,13,27,23,23,0)
622:(52,2,14,27,23,23,0)
623:(53,2,12,27,23,23,0)
624:(53,2,13,28,22,22,0)
625:(52,2,14,28,22,22,0)
626:(53,2,14,29,21,21,0)
627:(52,2,15,29,21,21,0)
628:(53,2,15,30,20,20,0)
629:(52,2,16,30,20,20,0)
630:(53,2,14,30,20,20,0)
631:(53,2,15,31,19,19,0)
632:(52,2,16,31,19,19,0)
633:(53,2,14,31,19,19,0)
634:(53,2,15,32,18,18,0)
635:(52,2,16,32,18,18,0)
636:(53,2,16,33,17,17,0)
637:(52,2,17,33,17,17,0)
638:(53,2,17,34,16,16,0)
639:(52,2,18,34,16,16,0)
640:(53,2,18,35,15,15,0)
641:(52,2,19,35,15,15,0)
642:(53,2,19,36,14,14,0)
643:(52,2,20,36,14,14,0)
644:(53,2,18,36,14,14,0)
645:(53,2,17,36,14,14,0)
646:(53,2,18,37,13,13,0)
647:(52,2,19,37,13,13,0)
648:(53,2,19,38,12,12,0)
649:(52,2,20,38,12,12,0)
650:(53,2,20,39,11,11,0)
651:(52,2,21,39,11,11,0)
652:(53,2,21,40,10,10,0)
653:(52,2,22,40,10,10,0)
654:(53,2,20,40,10,10,0)
655:(53,2,21,41,9,9,0)
656:(52,2,22,41,9,9,0)
657:(53,2,20,41,9,9,0)
658:(53,2,19,41,9,9,0)
659:(53,2,20,42,8,8,0)
660:(52,2,21,42,8,8,0)
661:(53,2,21,43,7,7,0)
662:(52,2,22,43,7,7,0)
663:(53,2,22,44,6,6,0)
664:(52,2,23,44,6,6,0)
665:(53,2,23,45,5,5,0)
666:(52,2,24,45,5,5,0)
667:(53,2,22,45,5,5,0)
668:(53,2,23,46,4,4,0)
669:(52,2,24,46,4,4,0)
670:(53,2,24,47,3,3,0)
671:(52,2,25,47,3,3,0)
672:(53,2,23,47,3,3,0)
673:(53,2,22,47,3,3,0)
674:(53,2,23,48,2,2,0)
675:(52,2,24,48,2,2,0)
676:(53,2,22,48,2,2,0)
677:(53,2,23,49,1,1,0)
678:(52,2,24,49,1,1,0)
679:(53,2,24,50,0,0,0)
680:(52,2,25,50,0,0,0)
681:(53,2,23,50,0,0,0)
682:(53,2,22,50,0,0,0)
683:(53,2,21,50,0,0,0)
684:(53,2,20,50,0,0,0)
685:(53,2,19,50,0,0,0)
686:(53,2,18,50,0,0,0)
687:(53,2,17,50,0,0,0)
688:(53,2,16,50,0,0,0)
689:(53,2,15,50,0,0,0)
690:(53,2,14,50,0,0,0)
691:(53,2,13,50,0,0,0)
692:(53,2,12,50,0,0,0)
693:(53,2,11,50,0,0,0)
694:(53,2,10,50,0,0,0)
695:(53,2,9,50,0,0,0)
696:(53,2,8,50,0,0,0)
697:(53,2,7,50,0,0,0)
698:(53,2,6,50,0,0,0)
699:(53,2,5,50,0,0,0)
700:(53,2,4,50,0,0,0)
701:(53,2,3,50,0,0,0)
702:(53,2,2,50,0,0,0)
703:(53,2,1,50,0,0,0)
704:(53,2,0,50,0,0,0)
705:(49,2,0,0,50,50,0)
706:(51,2,1,2,48,48,0)
707:(50,2,2,2,48,48,0)
708:(51,2,2,3,47,47,0)
709:(50,2,3,3,47,47,0)
710:(51,2,3,4,46,46,0)
711:(50,2,4,4,46,46,0)
712:(51,2,4,5,45,45,0)
713:(50,2,5,5,45,45,0)
714:(52,2,3,5,45,45,0)
715:(52,2,4,6,44,44,0)
716:(51,2,5,6,44,44,0)
717:(52,2,5,7,43,43,0)
718:(51,2,6,7,43,43,0)
719:(52,2,6,8,42,42,0)
720:(51,2,7,8,42,42,0)
721:(52,2,5,8,42,42,0)
722:(52,2,6,9,41,41,0)
723:(51,2,7,9,41,41,0)
724:(52,2,7,10,40,40,0)
725:(51,2,8,10,40,40,0)
726:(53,2,6,10,40,40,0)
727:(54,2,5,10,40,40,0)
728:(54,2,6,11,39,39,0)
729:(53,2,7,11,39,39,0)
730:(54,2,5,11,39,39,0)
731:(54,2,6,12,38,38,0)
732:(53,2,7,12,38,38,0)
733:(54,2,7,13,37,37,0)
734:(53,2,8,13,37,37,0)
735:(54,2,8,14,36,36,0)
736:(53,2,9,14,36,36,0)
737:(54,2,7,14,36,36,0)
738:(54,2,8,15,35,35,0)
739:(53,2,9,15,35,35,0)
740:(54,2,9,16,34,34,0)
741:(53,2,10,16,34,34,0)
742:(54,2,10,17,33,33,0)
743:(53,2,11,17,33,33,0)
744:(54,2,11,18,32,32,0)
745:(53,2,12,18,32,32,0)
746:(54,2,12,19,31,31,0)
747:(53,2,13,19,31,31,0)
748:(54,2,11,19,31,31,0)
749:(54,2,12,20,30,30,0)
750:(53,2,13,20,30,30,0)
751:(54,2,11,20,30,30,0)
752:(54,2,12,21,29,29,0)
753:(53,2,13,21,29,29,0)
754:(54,2,13,22,28,28,0)
755:(53,2,14,22,28,28,0)
756:(54,2,12,22,28,28,0)
757:(54,2,13,23,27,27,0)
758:(53,2,14,23,27,27,0)
759:(54,2,12,23,27,27,0)
760:(54,2,11,23,27,27,0)
761:(54,2,12,24,26,26,0)
762:(53,2,13,24,26,26,0)
763:(54,2,13,25,25,25,0)
764:(53,2,14,25,25,25,0)
765:(54,2,12,25,25,25,0)
766:(54,2,13,26,24,24,0)
767:(53,2,14,26,24,24,0)
768:(54,2,12,26,24,24,0)
769:(54,2,13,27,23,23,0)
770:(53,2,14,27,23,23,0)
771:(54,2,12,27,23,23,0)
772:(54,2,13,28,22,22,0)
773:(53,2,14,28,22,22,0)
774:(54,2,14,29,21,21,0)
775:(53,2,15,29,21,21,0)
776:(54,2,15,30,20,20,0)
777:(53,2,16,30,20,20,0)
778:(54,2,14,30,20,20,0)
779:(54,2,15,31,19,19,0)
780:(53,2,16,31,19,19,0)
781:(54,2,14,31,19,19,0)
782:(54,2,15,32,18,18,0)
783:(53,2,16,32,18,18,0)
784:(54,2,16,33,17,17,0)
785:(53,2,17,33,17,17,0)
786:(54,2,17,34,16,16,0)
787:(53,2,18,34,16,16,0)
788:(54,2,18,35,15,15,0)
789:(53,2,19,35,15,15,0)
790:(54,2,19,36,14,14,0)
791:(53,2,20,36,14,14,0)
792:(54,2,18,36,14,14,0)
793:(54,2,17,36,14,14,0)
794:(54,2,18,37,13,13,0)
795:(53,2,19,37,13,13,0)
796:(54,2,19,38,12,12,0)
797:(53,2,20,38,12,12,0)
798:(54,2,20,39,11,11,0)
799:(53,2,21,39,11,11,0)
800:(54,2,21,40,10,10,0)
801:(53,2,22,40,10,10,0)
802:(54,2,20,40,10,10,0)
803:(54,2,21,41,9,9,0)
804:(53,2,22,41,9,9,0)
805:(54,2,20,41,9,9,0)
806:(54,2,19,41,9,9,0)
807:(54,2,20,42,8,8,0)
808:(53,2,21,42,8,8,0)
809:(54,2,21,43,7,7,0)
810:(53,2,22,43,7,7,0)
811:(54,2,22,44,6,6,0)
812:(53,2,23,44,6,6,0)
813:(54,2,23,45,5,5,0)
814:(53,2,24,45,5,5,0)
815:(54,2,22,45,5,5,0)
816:(54,2,23,46,4,4,0)
817:(53,2,24,46,4,4,0)
818:(54,2,24,47,3,3,0)
819:(53,2,25,47,3,3,0)
820:(54,2,23,47,3,3,0)
821:(54,2,22,47,3,3,0)
822:(54,2,23,48,2,2,0)
823:(53,2,24,48,2,2,0)
824:(54,2,22,48,2,2,0)
825:(54,2,23,49,1,1,0)
826:(53,2,24,49,1,1,0)
827:(54,2,24,50,0,0,0)
828:(53,2,25,50,0,0,0)
829:(54,2,23,50,0,0,0)
830:(54,2,22,50,0,0,0)
831:(54,2,21,50,0,0,0)
832:(54,2,20,50,0,0,0)
833:(54,2,19,50,0,0,0)
834:(54,2,18,50,0,0,0)
835:(54,2,17,50,0,0,0)
836:(54,2,16,50,0,0,0)
837:(54,2,15,50,0,0,0)
838:(54,2,14,50,0,0,0)
839:(54,2,13,50,0,0,0)
840:(54,2,12,50,0,0,0)
841:(54,2,11,50,0,0,0)
842:(54,2,10,50,0,0,0)
843:(54,2,9,50,0,0,0)
844:(54,2,8,50,0,0,0)
845:(54,2,7,50,0,0,0)
846:(54,2,6,50,0,0,0)
847:(54,2,5,50,0,0,0)
848:(54,2,4,50,0,0,0)
849:(54,2,3,50,0,0,0)
850:(54,2,2,50,0,0,0)
851:(54,2,1,50,0,0,0)
852:(54,2,0,50,0,0,0)
853:(51,2,0,1,49,49,0)
854:(50,2,1,1,49,49,0)
855:(50,2,0,0,50,50,0)
856:(52,2,2,3,47,47,0)
857:(51,2,3,3,47,47,0)
858:(52,2,3,4,46,46,0)
859:(51,2,4,4,46,46,0)
860:(52,2,4,5,45,45,0)
861:(51,2,5,5,45,45,0)
862:(53,2,3,5,45,45,0)
863:(53,2,4,6,44,44,0)
864:(52,2,5,6,44,44,0)
865:(53,2,5,7,43,43,0)
866:(52,2,6,7,43,43,0)
867:(53,2,6,8,42,42,0)
868:(52,2,7,8,42,42,0)
869:(53,2,5,8,42,42,0)
870:(53,2,6,9,41,41,0)
871:(52,2,7,9,41,41,0)
872:(53,2,7,10,40,40,0)
873:(52,2,8,10,40,40,0)
874:(54,2,6,10,40,40,0)
875:(55,2,5,10,40,40,0)
876:(55,2,6,11,39,39,0)
877:(54,2,7,11,39,39,0)
878:(55,2,5,11,39,39,0)
879:(55,2,6,12,38,38,0)
880:(54,2,7,12,38,38,0)
881:(55,2,7,13,37,37,0)
882:(54,2,8,13,37,37,0)
883:(55,2,8,14,36,36,0)
884:(54,2,9,14,36,36,0)
885:(55,2,7,14,36,36,0)
886:(55,2,8,15,35,35,0)
887:(54,2,9,15,35,35,0)
888:(55,2,9,16,34,34,0)
889:(54,2,10,16,34,34,0)
890:(55,2,10,17,33,33,0)
891:(54,2,11,17,33,33,0)
892:(55,2,11,18,32,32,0)
893:(54,2,12,18,32,32,0)
894:(55,2,12,19,31,31,0)
895:(54,2,13,19,31,31,0)
896:(55,2,11,19,31,31,0)
897:(55,2,12,20,30,30,0)
898:(54,2,13,20,30,30,0)
899:(55,2,11,20,30,30,0)
900:(55,2,12,21,29,29,0)
901:(54,2,13,21,29,29,0)
902:(55,2,13,22,28,28,0)
903:(54,2,14,22,28,28,0)
904:(55,2,12,22,28,28,0)
905:(55,2,13,23,27,27,0)
906:(54,2,14,23,27,27,0)
907:(55,2,12,23,27,27,0)
908:(55,2,11,23,27,27,0)
909:(55,2,12,24,26,26,0)
910:(54,2,13,24,26,26,0)
911:(55,2,13,25,25,25,0)
912:(54,2,14,25,25,25,0)
913:(55,2,12,25,25,25,0)
914:(55,2,13,26,24,24,0)
915:(54,2,14,26,24,24,0)
916:(55,2,12,26,24,24,0)
917:(55,2,13,27,23,23,0)
918:(54,2,14,27,23,23,0)
919:(55,2,12,27,23,23,0)
920:(55,2,13,28,22,22,0)
921:(54,2,14,28,22,22,0)
922:(55,2,14,29,21,21,0)
923:(54,2,15,29,21,21,0)
924:(55,2,15,30,20,20,0)
925:(54,2,16,30,20,20,0)
926:(55,2,14,30,20,20,0)
927:(55,2,15,31,19,19,0)
928:(54,2,16,31,19,19,0)
929:(55,2,14,31,19,19,0)
930:(55,2,15,32,18,18,0)
931:(54,2,16,32,18,18,0)
932:(55,2,16,33,17,17,0)
933:(54,2,17,33,17,17,0)
934:(55,2,17,34,16,16,0)
935:(54,2,18,34,16,16,0)
936:(55,2,18,35,15,15,0)
937:(54,2,19,35,15,15,0)
938:(55,2,19,36,14,14,0)
939:(54,2,20,36,14,14,0)
940:(55,2,18,36,14,14,0)
941:(55,2,17,36,14,14,0)
942:(55,2,18,37,13,13,0)
943:(54,2,19,37,13,13,0)
944:(55,2,19,38,12,12,0)
945:(54,2,20,38,12,12,0)
946:(55,2,20,39,11,11,0)
947:(54,2,21,39,11,11,0)
948:(55,2,21,40,10,10,0)
949:(54,2,22,40,10,10,0)
950:(55,2,20,40,10,10,0)
951:(55,2,21,41,9,9,0)
952:(54,2,22,41,9,9,0)
953:(55,2,20,41,9,9,0)
954:(55,2,19,41,9,9,0)
955:(55,2,20,42,8,8,0)
956:(54,2,21,42,8,8,0)
957:(55,2,21,43,7,7,0)
958:(54,2,22,43,7,7,0)
959:(55,2,22,44,6,6,0)
960:(54,2,23,44,6,6,0)
961:(55,2,23,45,5,5,0)
962:(54,2,24,45,5,5,0)
963:(55,2,22,45,5,5,0)
964:(55,2,23,46,4,4,0)
965:(54,2,24,46,4,4,0)
966:(55,2,24,47,3,3,0)
967:(54,2,25,47,3,3,0)
968:(55,2,23,47,3,3,0)
969:(55,2,22,47,3,3,0)
970:(55,2,23,48,2,2,0)
971:(54,2,24,48,2,2,0)
972:(55,2,22,48,2,2,0)
973:(55,2,23,49,1,1,0)
974:(54,2,24,49,1,1,0)
975:(55,2,24,50,0,0,0)
976:(54,2,25,50,0,0,0)
977:(55,2,23,50,0,0,0)
978:(55,2,22,50,0,0,0)
979:(55,2,21,50,0,0,0)
980:(55,2,20,50,0,0,0)
981:(55,2,19,50,0,0,0)
982:(55,2,18,50,0,0,0)
983:(55,2,17,50,0,0,0)
984:(55,2,16,50,0,0,0)
985:(55,2,15,50,0,0,0)
986:(55,2,14,50,0,0,0)
987:(55,2,13,50,0,0,0)
988:(55,2,12,50,0,0,0)
989:(55,2,11,50,0,0,0)
990:(55,2,10,50,0,0,0)
991:(55,2,9,50,0,0,0)
992:(55,2,8,50,0,0,0)
993:(55,2,7,50,0,0,0)
994:(55,2,6,50,0,0,0)
995:(55,2,5,50,0,0,0)
996:(55,2,4,50,0,0,0)
997:(55,2,3,50,0,0,0)
998:(55,2,2,50,0,0,0)
999:(55,2,1,50,0,0,0)
1000:(55,2,0,50,0,0,0)
1001:(48,2,2,1,49,49,0)
1002:(48,2,1,0,50,50,0)
1003:(48,2,4,3,47,47,0)
1004:(49,2,4,3,47,47,0)
1005:(48,2,5,4,46,46,0)
1006:(49,2,5,4,46,46,0)
1007:(48,2,6,5,45,45,0)
1008:(49,2,6,5,45,45,0)
1009:(49,2,6,6,44,44,0)
1010:(50,2,6,6,44,44,0)
1011:(49,2,7,7,43,43,0)
1012:(50,2,7,7,43,43,0)
1013:(49,2,8,8,42,42,0)
1014:(50,2,8,8,42,42,0)
1015:(49,2,8,9,41,41,0)
1016:(50,2,8,9,41,41,0)
1017:(49,2,9,10,40,40,0)
1018:(50,2,9,10,40,40,0)
1019:(51,2,8,11,39,39,0)
1020:(52,2,8,11,39,39,0)
1021:(51,2,8,12,38,38,0)
1022:(52,2,8,12,38,38,0)
1023:(51,2,9,13,37,37,0)
1024:(52,2,9,13,37,37,0)
1025:(51,2,10,14,36,36,0)
1026:(52,2,10,14,36,36,0)
1027:(51,2,10,15,35,35,0)
1028:(52,2,10,15,35,35,0)
1029:(51,2,11,16,34,34,0)
1030:(52,2,11,16,34,34,0)
1031:(51,2,12,17,33,33,0)
1032:(52,2,12,17,33,33,0)
1033:(51,2,13,18,32,32,0)
1034:(52,2,13,18,32,32,0)
1035:(51,2,14,19,31,31,0)
1036:(52,2,14,19,31,31,0)
1037:(51,2,14,20,30,30,0)
1038:(52,2,14,20,30,30,0)
1039:(51,2,14,21,29,29,0)
1040:(52,2,14,21,29,29,0)
1041:(51,2,15,22,28,28,0)
1042:(52,2,15,22,28,28,0)
1043:(51,2,15,23,27,27,0)
1044:(52,2,15,23,27,27,0)
1045:(51,2,14,24,26,26,0)
1046:(52,2,14,24,26,26,0)
1047:(51,2,15,25,25,25,0)
1048:(52,2,15,25,25,25,0)
1049:(51,2,15,26,24,24,0)
1050:(52,2,15,26,24,24,0)
1051:(51,2,15,27,23,23,0)
1052:(52,2,15,27,23,23,0)
1053:(51,2,15,28,22,22,0)
1054:(52,2,15,28,22,22,0)
1055:(51,2,16,29,21,21,0)
1056:(52,2,16,29,21,21,0)
1057:(51,2,17,30,20,20,0)
1058:(52,2,17,30,20,20,0)
1059:(51,2,17,31,19,19,0)
1060:(52,2,17,31,19,19,0)
1061:(51,2,17,32,18,18,0)
1062:(52,2,17,32,18,18,0)
1063:(51,2,18,33,17,17,0)
1064:(52,2,18,33,17,17,0)
1065:(51,2,19,34,16,16,0)
1066:(52,2,19,34,16,16,0)
1067:(51,2,20,35,15,15,0)
1068:(52,2,20,35,15,15,0)
1069:(51,2,21,36,14,14,0)
1070:(52,2,21,36,14,14,0)
1071:(51,2,20,37,13,13,0)
1072:(52,2,20,37,13,13,0)
1073:(51,2,21,38,12,12,0)
1074:(52,2,21,38,12,12,0)
1075:(51,2,22,39,11,11,0)
1076:(52,2,22,39,11,11,0)
1077:(51,2,23,40,10,10,0)
1078:(52,2,23,40,10,10,0)
1079:(51,2,23,41,9,9,0)
1080:(52,2,23,41,9,9,0)
1081:(51,2,22,42,8,8,0)
1082:(52,2,22,42,8,8,0)
1083:(51,2,23,43,7,7,0)
1084:(52,2,23,43,7,7,0)
1085:(51,2,24,44,6,6,0)
1086:(52,2,24,44,6,6,0)
1087:(51,2,25,45,5,5,0)
1088:(52,2,25,45,5,5,0)
1089:(51,2,25,46,4,4,0)
1090:(52,2,25,46,4,4,0)
1091:(51,2,26,47,3,3,0)
1092:(52,2,26,47,3,3,0)
1093:(51,2,25,48,2,2,0)
1094:(52,2,25,48,2,2,0)
1095:(51,2,25,49,1,1,0)
1096:(52,2,25,49,1,1,0)
1097:(51,2,26,50,0,0,0)
1098:(52,2,26,50,0,0,0)
1099:(49,2,2,1,49,49,0)
1100:(49,2,1,0,50,50,0)
1101:(50,2,4,3,47,47,0)
1102:(50,2,5,4,46,46,0)
1103:(50,2,6,5,45,45,0)
1104:(51,2,6,6,44,44,0)
1105:(51,2,7,7,43,43,0)
1106:(51,2,8,8,42,42,0)
1107:(51,2,8,9,41,41,0)
1108:(51,2,9,10,40,40,0)
1109:(53,2,8,11,39,39,0)
1110:(53,2,8,12,38,38,0)
1111:(53,2,9,13,37,37,0)
1112:(53,2,10,14,36,36,0)
1113:(53,2,10,15,35,35,0)
1114:(53,2,11,16,34,34,0)
1115:(53,2,12,17,33,33,0)
1116:(53,2,13,18,32,32,0)
1117:(53,2,14,19,31,31,0)
1118:(53,2,14,20,30,30,0)
1119:(53,2,14,21,29,29,0)
1120:(53,2,15,22,28,28,0)
1121:(53,2,15,23,27,27,0)
1122:(53,2,14,24,26,26,0)
1123:(53,2,15,25,25,25,0)
1124:(53,2,15,26,24,24,0)
1125:(53,2,15,27,23,23,0)
1126:(53,2,15,28,22,22,0)
1127:(53,2,16,29,21,21,0)
1128:(53,2,17,30,20,20,0)
1129:(53,2,17,31,19,19,0)
1130:(53,2,17,32,18,18,0)
1131:(53,2,18,33,17,17,0)
1132:(53,2,19,34,16,16,0)
1133:(53,2,20,35,15,15,0)
1134:(53,2,21,36,14,14,0)
1135:(53,2,20,37,13,13,0)
1136:(53,2,21,38,12,12,0)
1137:(53,2,22,39,11,11,0)
1138:(53,2,23,40,10,10,0)
1139:(53,2,23,41,9,9,0)
1140:(53,2,22,42,8,8,0)
1141:(53,2,23,43,7,7,0)
1142:(53,2,24,44,6,6,0)
1143:(53,2,25,45,5,5,0)
1144:(53,2,25,46,4,4,0)
1145:(53,2,26,47,3,3,0)
1146:(53,2,25,48,2,2,0)
1147:(53,2,25,49,1,1,0)
1148:(53,2,26,50,0,0,0)
1149:(47,2,1,0,50,50,0)
1150:(47,2,3,2,48,48,0)
1151:(48,2,3,2,48,48,0)
1152:(47,2,4,3,47,47,0)
1153:(47,2,5,4,46,46,0)
1154:(47,2,6,5,45,45,0)
1155:(48,2,6,6,44,44,0)
1156:(48,2,7,7,43,43,0)
1157:(48,2,8,8,42,42,0)
1158:(48,2,8,9,41,41,0)
1159:(48,2,9,10,40,40,0)
1160:(50,2,8,11,39,39,0)
1161:(50,2,8,12,38,38,0)
1162:(50,2,9,13,37,37,0)
1163:(50,2,10,14,36,36,0)
1164:(50,2,10,15,35,35,0)
1165:(50,2,11,16,34,34,0)
1166:(50,2,12,17,33,33,0)
1167:(50,2,13,18,32,32,0)
1168:(50,2,14,19,31,31,0)
1169:(50,2,14,20,30,30,0)
1170:(50,2,14,21,29,29,0)
1171:(50,2,15,22,28,28,0)
1172:(50,2,15,23,27,27,0)
1173:(50,2,14,24,26,26,0)
1174:(50,2,15,25,25,25,0)
1175:(50,2,15,26,24,24,0)
1176:(50,2,15,27,23,23,0)
1177:(50,2,15,28,22,22,0)
1178:(50,2,16,29,21,21,0)
1179:(50,2,17,30,20,20,0)
1180:(50,2,17,31,19,19,0)
1181:(50,2,17,32,18,18,0)
1182:(50,2,18,33,17,17,0)
1183:(50,2,19,34,16,16,0)
1184:(50,2,20,35,15,15,0)
1185:(50,2,21,36,14,14,0)
1186:(50,2,20,37,13,13,0)
1187:(50,2,21,38,12,12,0)
1188:(50,2,22,39,11,11,0)
1189:(50,2,23,40,10,10,0)
1190:(50,2,23,41,9,9,0)
1191:(50,2,22,42,8,8,0)
1192:(50,2,23,43,7,7,0)
1193:(50,2,24,44,6,6,0)
1194:(50,2,25,45,5,5,0)
1195:(50,2,25,46,4,4,0)
1196:(50,2,26,47,3,3,0)
1197:(50,2,25,48,2,2,0)
1198:(50,2,25,49,1,1,0)
1199:(50,2,26,50,0,0,0)
1200:(46,2,4,3,47,47,0)
1201:(46,2,5,4,46,46,0)
1202:(46,2,6,5,45,45,0)
1203:(47,2,6,6,44,44,0)
1204:(47,2,7,7,43,43,0)
1205:(47,2,8,8,42,42,0)
1206:(47,2,8,9,41,41,0)
1207:(47,2,9,10,40,40,0)
1208:(49,2,8,11,39,39,0)
1209:(49,2,8,12,38,38,0)
1210:(49,2,9,13,37,37,0)
1211:(49,2,10,14,36,36,0)
1212:(49,2,10,15,35,35,0)
1213:(49,2,11,16,34,34,0)
1214:(49,2,12,17,33,33,0)
1215:(49,2,13,18,32,32,0)
1216:(49,2,14,19,31,31,0)
1217:(49,2,14,20,30,30,0)
1218:(49,2,14,21,29,29,0)
1219:(49,2,15,22,28,28,0)
1220:(49,2,15,23,27,27,0)
1221:(49,2,14,24,26,26,0)
1222:(49,2,15,25,25,25,0)
1223:(49,2,15,26,24,24,0)
1224:(49,2,15,27,23,23,0)
1225:(49,2,15,28,22,22,0)
1226:(49,2,16,29,21,21,0)
1227:(49,2,17,30,20,20,0)
1228:(49,2,17,31,19,19,0)
1229:(49,2,17,32,18,18,0)
1230:(49,2,18,33,17,17,0)
1231:(49,2,19,34,16,16,0)
1232:(49,2,20,35,15,15,0)
1233:(49,2,21,36,14,14,0)
1234:(49,2,20,37,13,13,0)
1235:(49,2,21,38,12,12,0)
1236:(49,2,22,39,11,11,0)
1237:(49,2,23,40,10,10,0)
1238:(49,2,23,41,9,9,0)
1239:(49,2,22,42,8,8,0)
1240:(49,2,23,43,7,7,0)
1241:(49,2,24,44,6,6,0)
1242:(49,2,25,45,5,5,0)
1243:(49,2,25,46,4,4,0)
1244:(49,2,26,47,3,3,0)
1245:(49,2,25,48,2,2,0)
1246:(49,2,25,49,1,1,0)
1247:(49,2,26,50,0,0,0)
1248:(46,2,3,1,49,49,0)
1249:(46,2,2,0,50,50,0)
1250:(46,2,5,3,47,47,0)
1251:(47,2,5,3,47,47,0)
1252:(46,2,6,4,46,46,0)
1253:(47,2,6,4,46,46,0)
1254:(46,2,7,5,45,45,0)
1255:(47,2,7,5,45,45,0)
1256:(47,2,7,6,44,44,0)
1257:(48,2,7,6,44,44,0)
1258:(47,2,8,7,43,43,0)
1259:(48,2,8,7,43,43,0)
1260:(47,2,9,8,42,42,0)
1261:(48,2,9,8,42,42,0)
1262:(47,2,9,9,41,41,0)
1263:(48,2,9,9,41,41,0)
1264:(47,2,10,10,40,40,0)
1265:(48,2,10,10,40,40,0)
1266:(49,2,9,11,39,39,0)
1267:(50,2,9,11,39,39,0)
1268:(49,2,9,12,38,38,0)
1269:(50,2,9,12,38,38,0)
1270:(49,2,10,13,37,37,0)
1271:(50,2,10,13,37,37,0)
1272:(49,2,11,14,36,36,0)
1273:(50,2,11,14,36,36,0)
1274:(49,2,11,15,35,35,0)
1275:(50,2,11,15,35,35,0)
1276:(49,2,12,16,34,34,0)
1277:(50,2,12,16,34,34,0)
1278:(49,2,13,17,33,33,0)
1279:(50,2,13,17,33,33,0)
1280:(49,2,14,18,32,32,0)
1281:(50,2,14,18,32,32,0)
1282:(49,2,15,19,31,31,0)
1283:(50,2,15,19,31,31,0)
1284:(49,2,15,20,30,30,0)
1285:(50,2,15,20,30,30,0)
1286:(49,2,15,21,29,29,0)
1287:(50,2,15,21,29,29,0)
1288:(49,2,16,22,28,28,0)
1289:(50,2,16,22,28,28,0)
1290:(49,2,16,23,27,27,0)
1291:(50,2,16,23,27,27,0)
1292:(49,2,15,24,26,26,0)
1293:(50,2,15,24,26,26,0)
1294:(49,2,16,25,25,25,0)
1295:(50,2,16,25,25,25,0)
1296:(49,2,16,26,24,24,0)
1297:(50,2,16,26,24,24,0)
1298:(49,2,16,27,23,23,0)
1299:(50,2,16,27,23,23,0)
1300:(49,2,16,28,22,22,0)
1301:(50,2,16,28,22,22,0)
1302:(49,2,17,29,21,21,0)
1303:(50,2,17,29,21,21,0)
1304:(49,2,18,30,20,20,0)
1305:(50,2,18,30,20,20,0)
1306:(49,2,18,31,19,19,0)
1307:(50,2,18,31,19,19,0)
1308:(49,2,18,32,18,18,0)
1309:(50,2,18,32,18,18,0)
1310:(49,2,19,33,17,17,0)
1311:(50,2,19,33,17,17,0)
1312:(49,2,20,34,16,16,0)
1313:(50,2,20,34,16,16,0)
1314:(49,2,21,35,15,15,0)
1315:(50,2,21,35,15,15,0)
1316:(49,2,22,36,14,14,0)
1317:(50,2,22,36,14,14,0)
1318:(49,2,21,37,13,13,0)
1319:(50,2,21,37,13,13,0)
1320:(49,2,22,38,12,12,0)
1321:(50,2,22,38,12,12,0)
1322:(49,2,23,39,11,11,0)
1323:(50,2,23,39,11,11,0)
1324:(49,2,24,40,10,10,0)
1325:(50,2,24,40,10,10,0)
1326:(49,2,24,41,9,9,0)
1327:(50,2,24,41,9,9,0)
1328:(49,2,23,42,8,8,0)
1329:(50,2,23,42,8,8,0)
1330:(49,2,24,43,7,7,0)
1331:(50,2,24,43,7,7,0)
1332:(49,2,25,44,6,6,0)
1333:(50,2,25,44,6,6,0)
1334:(49,2,26,45,5,5,0)
1335:(50,2,26,45,5,5,0)
1336:(49,2,26,46,4,4,0)
1337:(50,2,26,46,4,4,0)
1338:(49,2,27,47,3,3,0)
1339:(50,2,27,47,3,3,0)
1340:(49,2,26,48,2,2,0)
1341:(50,2,26,48,2,2,0)
1342:(49,2,26,49,1,1,0)
1343:(50,2,26,49,1,1,0)
1344:(49,2,27,50,0,0,0)
1345:(50,2,27,50,0,0,0)
1346:(47,2,3,1,49,49,0)
1347:(47,2,2,0,50,50,0)
1348:(48,2,5,3,47,47,0)
1349:(48,2,6,4,46,46,0)
1350:(48,2,7,5,45,45,0)
1351:(49,2,7,6,44,44,0)
1352:(49,2,8,7,43,43,0)
1353:(49,2,9,8,42,42,0)
1354:(49,2,9,9,41,41,0)
1355:(49,2,10,10,40,40,0)
1356:(51,2,9,11,39,39,0)
1357:(51,2,9,12,38,38,0)
1358:(51,2,10,13,37,37,0)
1359:(51,2,11,14,36,36,0)
1360:(51,2,11,15,35,35,0)
1361:(51,2,12,16,34,34,0)
1362:(51,2,13,17,33,33,0)
1363:(51,2,14,18,32,32,0)
1364:(51,2,15,19,31,31,0)
1365:(51,2,15,20,30,30,0)
1366:(51,2,15,21,29,29,0)
1367:(51,2,16,22,28,28,0)
1368:(51,2,16,23,27,27,0)
1369:(51,2,15,24,26,26,0)
1370:(51,2,16,25,25,25,0)
1371:(51,2,16,26,24,24,0)
1372:(51,2,16,27,23,23,0)
1373:(51,2,16,28,22,22,0)
1374:(51,2,17,29,21,21,0)
1375:(51,2,18,30,20,20,0)
1376:(51,2,18,31,19,19,0)
1377:(51,2,18,32,18,18,0)
1378:(51,2,19,33,17,17,0)
1379:(51,2,20,34,16,16,0)
1380:(51,2,21,35,15,15,0)
1381:(51,2,22,36,14,14,0)
1382:(51,2,21,37,13,13,0)
1383:(51,2,22,38,12,12,0)
1384:(51,2,23,39,11,11,0)
1385:(51,2,24,40,10,10,0)
1386:(51,2,24,41,9,9,0)
1387:(51,2,23,42,8,8,0)
1388:(51,2,24,43,7,7,0)
1389:(51,2,25,44,6,6,0)
1390:(51,2,26,45,5,5,0)
1391:(51,2,26,46,4,4,0)
1392:(51,2,27,47,3,3,0)
1393:(51,2,26,48,2,2,0)
1394:(51,2,26,49,1,1,0)
1395:(51,2,27,50,0,0,0)
1396:(44,2,1,1,49,49,0)
1397:(44,2,2,1,49,49,0)
1398:(45,2,0,1,49,49,0)
1399:(45,2,1,2,48,48,0)
1400:(45,2,2,2,48,48,0)
1401:(45,2,2,3,47,47,0)
1402:(45,2,3,3,47,47,0)
1403:(45,2,3,4,46,46,0)
1404:(45,2,4,4,46,46,0)
1405:(45,2,4,5,45,45,0)
1406:(45,2,5,5,45,45,0)
1407:(46,2,3,5,45,45,0)
1408:(46,2,4,6,44,44,0)
1409:(46,2,5,6,44,44,0)
1410:(46,2,5,7,43,43,0)
1411:(46,2,6,7,43,43,0)
1412:(46,2,6,8,42,42,0)
1413:(46,2,7,8,42,42,0)
1414:(46,2,5,8,42,42,0)
1415:(46,2,6,9,41,41,0)
1416:(46,2,7,9,41,41,0)
1417:(46,2,7,10,40,40,0)
1418:(46,2,8,10,40,40,0)
1419:(47,2,6,10,40,40,0)
1420:(48,2,5,10,40,40,0)
1421:(48,2,6,11,39,39,0)
1422:(48,2,7,11,39,39,0)
1423:(48,2,5,11,39,39,0)
1424:(48,2,6,12,38,38,0)
1425:(48,2,7,12,38,38,0)
1426:(48,2,7,13,37,37,0)
1427:(48,2,8,13,37,37,0)
1428:(48,2,8,14,36,36,0)
1429:(48,2,9,14,36,36,0)
1430:(48,2,7,14,36,36,0)
1431:(48,2,8,15,35,35,0)
1432:(48,2,9,15,35,35,0)
1433:(48,2,9,16,34,34,0)
1434:(48,2,10,16,34,34,0)
1435:(48,2,10,17,33,33,0)
1436:(48,2,11,17,33,33,0)
1437:(48,2,11,18,32,32,0)
1438:(48,2,12,18,32,32,0)
1439:(48,2,12,19,31,31,0)
1440:(48,2,13,19,31,31,0)
1441:(48,2,11,19,31,31,0)
1442:(48,2,12,20,30,30,0)
1443:(48,2,13,20,30,30,0)
1444:(48,2,11,20,30,30,0)
1445:(48,2,12,21,29,29,0)
1446:(48,2,13,21,29,29,0)
1447:(48,2,13,22,28,28,0)
1448:(48,2,14,22,28,28,0)
1449:(48,2,12,22,28,28,0)
1450:(48,2,13,23,27,27,0)
1451:(48,2,14,23,27,27,0)
1452:(48,2,12,23,27,27,0)
1453:(48,2,11,23,27,27,0)
1454:(48,2,12,24,26,26,0)
1455:(48,2,13,24,26,26,0)
1456:(48,2,13,25,25,25,0)
1457:(48,2,14,25,25,25,0)
1458:(48,2,12,25,25,25,0)
1459:(48,2,13,26,24,24,0)
1460:(48,2,14,26,24,24,0)
1461:(48,2,12,26,24,24,0)
1462:(48,2,13,27,23,23,0)
1463:(48,2,14,27,23,23,0)
1464:(48,2,12,27,23,23,0)
1465:(48,2,13,28,22,22,0)
1466:(48,2,14,28,22,22,0)
1467:(48,2,14,29,21,21,0)
1468:(48,2,15,29,21,21,0)
1469:(48,2,15,30,20,20,0)
1470:(48,2,16,30,20,20,0)
1471:(48,2,14,30,20,20,0)
1472:(48,2,15,31,19,19,0)
1473:(48,2,16,31,19,19,0)
1474:(48,2,14,31,19,19,0)
1475:(48,2,15,32,18,18,0)
1476:(48,2,16,32,18,18,0)
1477:(48,2,16,33,17,17,0)
1478:(48,2,17,33,17,17,0)
1479:(48,2,17,34,16,16,0)
1480:(48,2,18,34,16,16,0)
1481:(48,2,18,35,15,15,0)
1482:(48,2,19,35,15,15,0)
1483:(48,2,19,36,14,14,0)
1484:(48,2,20,36,14,14,0)
1485:(48,2,18,36,14,14,0)
1486:(48,2,17,36,14,14,0)
1487:(48,2,18,37,13,13,0)
1488:(48,2,19,37,13,13,0)
1489:(48,2,19,38,12,12,0)
1490:(48,2,20,38,12,12,0)
1491:(48,2,20,39,11,11,0)
1492:(48,2,21,39,11,11,0)
1493:(48,2,21,40,10,10,0)
1494:(48,2,22,40,10,10,0)
1495:(48,2,20,40,10,10,0)
1496:(48,2,21,41,9,9,0)
1497:(48,2,22,41,9,9,0)
1498:(48,2,20,41,9,9,0)
1499:(48,2,19,41,9,9,0)
1500:(48,2,20,42,8,8,0)
1501:(48,2,21,42,8,8,0)
1502:(48,2,21,43,7,7,0)
1503:(48,2,22,43,7,7,0)
1504:(48,2,22,44,6,6,0)
1505:(48,2,23,44,6,6,0)
1506:(48,2,23,45,5,5,0)
1507:(48,2,24,45,5,5,0)
1508:(48,2,22,45,5,5,0)
1509:(48,2,23,46,4,4,0)
1510:(48,2,24,46,4,4,0)
1511:(48,2,24,47,3,3,0)
1512:(48,2,25,47,3,3,0)
1513:(48,2,23,47,3,3,0)
1514:(48,2,22,47,3,3,0)
1515:(48,2,23,48,2,2,0)
1516:(48,2,24,48,2,2,0)
1517:(48,2,22,48,2,2,0)
1518:(48,2,23,49,1,1,0)
1519:(48,2,24,49,1,1,0)
1520:(48,2,24,50,0,0,0)
1521:(48,2,25,50,0,0,0)
1522:(48,2,23,50,0,0,0)
1523:(48,2,22,50,0,0,0)
1524:(48,2,21,50,0,0,0)
1525:(48,2,20,50,0,0,0)
1526:(48,2,19,50,0,0,0)
1527:(48,2,18,50,0,0,0)
1528:(48,2,17,50,0,0,0)
1529:(48,2,16,50,0,0,0)
1530:(48,2,15,50,0,0,0)
1531:(48,2,14,50,0,0,0)
1532:(48,2,13,50,0,0,0)
1533:(48,2,12,50,0,0,0)
1534:(48,2,11,50,0,0,0)
1535:(48,2,10,50,0,0,0)
1536:(48,2,9,50,0,0,0)
1537:(48,2,8,50,0,0,0)
1538:(48,2,7,50,0,0,0)
1539:(48,2,6,50,0,0,0)
1540:(48,2,5,50,0,0,0)
1541:(48,2,4,50,0,0,0)
1542:(48,2,3,50,0,0,0)
1543:(48,2,2,50,0,0,0)
1544:(48,2,1,50,0,0,0)
1545:(48,2,0,50,0,0,0)
1546:(44,2,0,0,50,50,0)
1547:(44,2,0,1,49,49,0)
1548:(44,2,1,2,48,48,0)
1549:(44,2,2,2,48,48,0)
1550:(44,2,2,3,47,47,0)
1551:(44,2,3,3,47,47,0)
1552:(44,2,3,4,46,46,0)
1553:(44,2,4,4,46,46,0)
1554:(44,2,4,5,45,45,0)
1555:(44,2,5,5,45,45,0)
1556:(45,2,3,5,45,45,0)
1557:(45,2,4,6,44,44,0)
1558:(45,2,5,6,44,44,0)
1559:(45,2,5,7,43,43,0)
1560:(45,2,6,7,43,43,0)
1561:(45,2,6,8,42,42,0)
1562:(45,2,7,8,42,42,0)
1563:(45,2,5,8,42,42,0)
1564:(45,2,6,9,41,41,0)
1565:(45,2,7,9,41,41,0)
1566:(45,2,7,10,40,40,0)
1567:(45,2,8,10,40,40,0)
1568:(46,2,6,10,40,40,0)
1569:(47,2,5,10,40,40,0)
1570:(47,2,6,11,39,39,0)
1571:(47,2,7,11,39,39,0)
1572:(47,2,5,11,39,39,0)
1573:(47,2,6,12,38,38,0)
1574:(47,2,7,12,38,38,0)
1575:(47,2,7,13,37,37,0)
1576:(47,2,8,13,37,37,0)
1577:(47,2,8,14,36,36,0)
1578:(47,2,9,14,36,36,0)
1579:(47,2,7,14,36,36,0)
1580:(47,2,8,15,35,35,0)
1581:(47,2,9,15,35,35,0)
1582:(47,2,9,16,34,34,0)
1583:(47,2,10,16,34,34,0)
1584:(47,2,10,17,33,33,0)
1585:(47,2,11,17,33,33,0)
1586:(47,2,11,18,32,32,0)
1587:(47,2,12,18,32,32,0)
1588:(47,2,12,19,31,31,0)
1589:(47,2,13,19,31,31,0)
1590:(47,2,11,19,31,31,0)
1591:(47,2,12,20,30,30,0)
1592:(47,2,13,20,30,30,0)
1593:(47,2,11,20,30,30,0)
1594:(47,2,12,21,29,29,0)
1595:(47,2,13,21,29,29,0)
1596:(47,2,13,22,28,28,0)
1597:(47,2,14,22,28,28,0)
1598:(47,2,12,22,28,28,0)
1599:(47,2,13,23,27,27,0)
1600:(47,2,14,23,27,27,0)
1601:(47,2,12,23,27,27,0)
1602:(47,2,11,23,27,27,0)
1603:(47,2,12,24,26,26,0)
1604:(47,2,13,24,26,26,0)
1605:(47,2,13,25,25,25,0)
1606:(47,2,14,25,25,25,0)
1607:(47,2,12,25,25,25,0)
1608:(47,2,13,26,24,24,0)
1609:(47,2,14,26,24,24,0)
1610:(47,2,12,26,24,24,0)
1611:(47,2,13,27,23,23,0)
1612:(47,2,14,27,23,23,0)
1613:(47,2,12,27,23,23,0)
1614:(47,2,13,28,22,22,0)
1615:(47,2,14,28,22,22,0)
1616:(47,2,14,29,21,21,0)
1617:(47,2,15,29,21,21,0)
1618:(47,2,15,30,20,20,0)
1619:(47,2,16,30,20,20,0)
1620:(47,2,14,30,20,20,0)
1621:(47,2,15,31,19,19,0)
1622:(47,2,16,31,19,19,0)
1623:(47,2,14,31,19,19,0)
1624:(47,2,15,32,18,18,0)
1625:(47,2,16,32,18,18,0)
1626:(47,2,16,33,17,17,0)
1627:(47,2,17,33,17,17,0)
1628:(47,2,17,34,16,16,0)
1629:(47,2,18,34,16,16,0)
1630:(47,2,18,35,15,15,0)
1631:(47,2,19,35,15,15,0)
1632:(47,2,19,36,14,14,0)
1633:(47,2,20,36,14,14,0)
1634:(47,2,18,36,14,14,0)
1635:(47,2,17,36,14,14,0)
1636:(47,2,18,37,13,13,0)
1637:(47,2,19,37,13,13,0)
1638:(47,2,19,38,12,12,0)
1639:(47,2,20,38,12,12,0)
1640:(47,2,20,39,11,11,0)
1641:(47,2,21,39,11,11,0)
1642:(47,2,21,40,10,10,0)
1643:(47,2,22,40,10,10,0)
1644:(47,2,20,40,10,10,0)
1645:(47,2,21,41,9,9,0)
1646:(47,2,22,41,9,9,0)
1647:(47,2,20,41,9,9,0)
1648:(47,2,19,41,9,9,0)
1649:(47,2,20,42,8,8,0)
1650:(47,2,21,42,8,8,0)
1651:(47,2,21,43,7,7,0)
1652:(47,2,22,43,7,7,0)
1653:(47,2,22,44,6,6,0)
1654:(47,2,23,44,6,6,0)
1655:(47,2,23,45,5,5,0)
1656:(47,2,24,45,5,5,0)
1657:(47,2,22,45,5,5,0)
1658:(47,2,23,46,4,4,0)
1659:(47,2,24,46,4,4,0)
1660:(47,2,24,47,3,3,0)
1661:(47,2,25,47,3,3,0)
1662:(47,2,23,47,3,3,0)
1663:(47,2,22,47,3,3,0)
1664:(47,2,23,48,2,2,0)
1665:(47,2,24,48,2,2,0)
1666:(47,2,22,48,2,2,0)
1667:(47,2,23,49,1,1,0)
1668:(47,2,24,49,1,1,0)
1669:(47,2,24,50,0,0,0)
1670:(47,2,25,50,0,0,0)
1671:(47,2,23,50,0,0,0)
1672:(47,2,22,50,0,0,0)
1673:(47,2,21,50,0,0,0)
1674:(47,2,20,50,0,0,0)
1675:(47,2,19,50,0,0,0)
1676:(47,2,18,50,0,0,0)
1677:(47,2,17,50,0,0,0)
1678:(47,2,16,50,0,0,0)
1679:(47,2,15,50,0,0,0)
1680:(47,2,14,50,0,0,0)
1681:(47,2,13,50,0,0,0)
1682:(47,2,12,50,0,0,0)
1683:(47,2,11,50,0,0,0)
1684:(47,2,10,50,0,0,0)
1685:(47,2,9,50,0,0,0)
1686:(47,2,8,50,0,0,0)
1687:(47,2,7,50,0,0,0)
1688:(47,2,6,50,0,0,0)
1689:(47,2,5,50,0,0,0)
1690:(47,2,4,50,0,0,0)
1691:(47,2,3,50,0,0,0)
1692:(47,2,2,50,0,0,0)
1693:(47,2,1,50,0,0,0)
1694:(47,2,0,50,0,0,0)
1695:(43,2,1,1,49,49,0)
1696:(43,2,0,0,50,50,0)
1697:(43,2,1,2,48,48,0)
1698:(43,2,2,2,48,48,0)
1699:(43,2,2,3,47,47,0)
1700:(43,2,3,3,47,47,0)
1701:(43,2,3,4,46,46,0)
1702:(43,2,4,4,46,46,0)
1703:(43,2,4,5,45,45,0)
1704:(43,2,5,5,45,45,0)
1705:(44,2,3,5,45,45,0)
1706:(44,2,4,6,44,44,0)
1707:(44,2,5,6,44,44,0)
1708:(44,2,5,7,43,43,0)
1709:(44,2,6,7,43,43,0)
1710:(44,2,6,8,42,42,0)
1711:(44,2,7,8,42,42,0)
1712:(44,2,5,8,42,42,0)
1713:(44,2,6,9,41,41,0)
1714:(44,2,7,9,41,41,0)
1715:(44,2,7,10,40,40,0)
1716:(44,2,8,10,40,40,0)
1717:(45,2,6,10,40,40,0)
1718:(46,2,5,10,40,40,0)
1719:(46,2,6,11,39,39,0)
1720:(46,2,7,11,39,39,0)
1721:(46,2,5,11,39,39,0)
1722:(46,2,6,12,38,38,0)
1723:(46,2,7,12,38,38,0)
1724:(46,2,7,13,37,37,0)
1725:(46,2,8,13,37,37,0)
1726:(46,2,8,14,36,36,0)
1727:(46,2,9,14,36,36,0)
1728:(46,2,7,14,36,36,0)
1729:(46,2,8,15,35,35,0)
1730:(46,2,9,15,35,35,0)
1731:(46,2,9,16,34,34,0)
1732:(46,2,10,16,34,34,0)
1733:(46,2,10,17,33,33,0)
1734:(46,2,11,17,33,33,0)
1735:(46,2,11,18,32,32,0)
1736:(46,2,12,18,32,32,0)
1737:(46,2,12,19,31,31,0)
1738:(46,2,13,19,31,31,0)
1739:(46,2,11,19,31,31,0)
1740:(46,2,12,20,30,30,0)
1741:(46,2,13,20,30,30,0)
1742:(46,2,11,20,30,30,0)
1743:(46,2,12,21,29,29,0)
1744:(46,2,13,21,29,29,0)
1745:(46,2,13,22,28,28,0)
1746:(46,2,14,22,28,28,0)
1747:(46,2,12,22,28,28,0)
1748:(46,2,13,23,27,27,0)
1749:(46,2,14,23,27,27,0)
1750:(46,2,12,23,27,27,0)
1751:(46,2,11,23,27,27,0)
1752:(46,2,12,24,26,26,0)
1753:(46,2,13,24,26,26,0)
1754:(46,2,13,25,25,25,0)
1755:(46,2,14,25,25,25,0)
1756:(46,2,12,25,25,25,0)
1757:(46,2,13,26,24,24,0)
1758:(46,2,14,26,24,24,0)
1759:(46,2,12,26,24,24,0)
1760:(46,2,13,27,23,23,0)
1761:(46,2,14,27,23,23,0)
1762:(46,2,12,27,23,23,0)
1763:(46,2,13,28,22,22,0)
1764:(46,2,14,28,22,22,0)
1765:(46,2,14,29,21,21,0)
1766:(46,2,15,29,21,21,0)
1767:(46,2,15,30,20,20,0)
1768:(46,2,16,30,20,20,0)
1769:(46,2,14,30,20,20,0)
1770:(46,2,15,31,19,19,0)
1771:(46,2,16,31,19,19,0)
1772:(46,2,14,31,19,19,0)
1773:(46,2,15,32,18,18,0)
1774:(46,2,16,32,18,18,0)
1775:(46,2,16,33,17,17,0)
1776:(46,2,17,33,17,17,0)
1777:(46,2,17,34,16,16,0)
1778:(46,2,18,34,16,16,0)
1779:(46,2,18,35,15,15,0)
1780:(46,2,19,35,15,15,0)
1781:(46,2,19,36,14,14,0)
1782:(46,2,20,36,14,14,0)
1783:(46,2,18,36,14,14,0)
1784:(46,2,17,36,14,14,0)
1785:(46,2,18,37,13,13,0)
1786:(46,2,19,37,13,13,0)
1787:(46,2,19,38,12,12,0)
1788:(46,2,20,38,12,12,0)
1789:(46,2,20,39,11,11,0)
1790:(46,2,21,39,11,11,0)
1791:(46,2,21,40,10,10,0)
1792:(46,2,22,40,10,10,0)
1793:(46,2,20,40,10,10,0)
1794:(46,2,21,41,9,9,0)
1795:(46,2,22,41,9,9,0)
1796:(46,2,20,41,9,9,0)
1797:(46,2,19,41,9,9,0)
1798:(46,2,20,42,8,8,0)
1799:(46,2,21,42,8,8,0)
1800:(46,2,21,43,7,7,0)
1801:(46,2,22,43,7,7,0)
1802:(46,2,22,44,6,6,0)
1803:(46,2,23,44,6,6,0)
1804:(46,2,23,45,5,5,0)
1805:(46,2,24,45,5,5,0)
1806:(46,2,22,45,5,5,0)
1807:(46,2,23,46,4,4,0)
1808:(46,2,24,46,4,4,0)
1809:(46,2,24,47,3,3,0)
1810:(46,2,25,47,3,3,0)
1811:(46,2,23,47,3,3,0)
1812:(46,2,22,47,3,3,0)
1813:(46,2,23,48,2,2,0)
1814:(46,2,24,48,2,2,0)
1815:(46,2,22,48,2,2,0)
1816:(46,2,23,49,1,1,0)
1817:(46,2,24,49,1,1,0)
1818:(46,2,24,50,0,0,0)
1819:(46,2,25,50,0,0,0)
1820:(46,2,23,50,0,0,0)
1821:(46,2,22,50,0,0,0)
1822:(46,2,21,50,0,0,0)
1823:(46,2,20,50,0,0,0)
1824:(46,2,19,50,0,0,0)
1825:(46,2,18,50,0,0,0)
1826:(46,2,17,50,0,0,0)
1827:(46,2,16,50,0,0,0)
1828:(46,2,15,50,0,0,0)
1829:(46,2,14,50,0,0,0)
1830:(46,2,13,50,0,0,0)
1831:(46,2,12,50,0,0,0)
1832:(46,2,11,50,0,0,0)
1833:(46,2,10,50,0,0,0)
1834:(46,2,9,50,0,0,0)
1835:(46,2,8,50,0,0,0)
1836:(46,2,7,50,0,0,0)
1837:(46,2,6,50,0,0,0)
1838:(46,2,5,50,0,0,0)
1839:(46,2,4,50,0,0,0)
1840:(46,2,3,50,0,0,0)
1841:(46,2,2,50,0,0,0)
1842:(46,2,1,50,0,0,0)
1843:(46,2,0,50,0,0,0)
1844:(43,2,0,1,49,49,0)
1845:(42,2,1,1,49,49,0)
1846:(42,2,0,0,50,50,0)
1847:(42,2,2,3,47,47,0)
1848:(42,2,3,3,47,47,0)
1849:(42,2,3,4,46,46,0)
1850:(42,2,4,4,46,46,0)
1851:(42,2,4,5,45,45,0)
1852:(42,2,5,5,45,45,0)
1853:(43,2,3,5,45,45,0)
1854:(43,2,4,6,44,44,0)
1855:(43,2,5,6,44,44,0)
1856:(43,2,5,7,43,43,0)
1857:(43,2,6,7,43,43,0)
1858:(43,2,6,8,42,42,0)
1859:(43,2,7,8,42,42,0)
1860:(43,2,5,8,42,42,0)
1861:(43,2,6,9,41,41,0)
1862:(43,2,7,9,41,41,0)
1863:(43,2,7,10,40,40,0)
1864:(43,2,8,10,40,40,0)
1865:(44,2,6,10,40,40,0)
1866:(45,2,5,10,40,40,0)
1867:(45,2,6,11,39,39,0)
1868:(45,2,7,11,39,39,0)
1869:(45,2,5,11,39,39,0)
1870:(45,2,6,12,38,38,0)
1871:(45,2,7,12,38,38,0)
1872:(45,2,7,13,37,37,0)
1873:(45,2,8,13,37,37,0)
1874:(45,2,8,14,36,36,0)
1875:(45,2,9,14,36,36,0)
1876:(45,2,7,14,36,36,0)
1877:(45,2,8,15,35,35,0)
1878:(45,2,9,15,35,35,0)
1879:(45,2,9,16,34,34,0)
1880:(45,2,10,16,34,34,0)
1881:(45,2,10,17,33,33,0)
1882:(45,2,11,17,33,33,0)
1883:(45,2,11,18,32,32,0)
1884:(45,2,12,18,32,32,0)
1885:(45,2,12,19,31,31,0)
1886:(45,2,13,19,31,31,0)
1887:(45,2,11,19,31,31,0)
1888:(45,2,12,20,30,30,0)
1889:(45,2,13,20,30,30,0)
1890:(45,2,11,20,30,30,0)
1891:(45,2,12,21,29,29,0)
1892:(45,2,13,21,29,29,0)
1893:(45,2,13,22,28,28,0)
1894:(45,2,14,22,28,28,0)
1895:(45,2,12,22,28,28,0)
1896:(45,2,13,23,27,27,0)
1897:(45,2,14,23,27,27,0)
1898:(45,2,12,23,27,27,0)
1899:(45,2,11,23,27,27,0)
1900:(45,2,12,24,26,26,0)
1901:(45,2,13,24,26,26,0)
1902:(45,2,13,25,25,25,0)
1903:(45,2,14,25,25,25,0)
1904:(45,2,12,25,25,25,0)
1905:(45,2,13,26,24,24,0)
1906:(45,2,14,26,24,24,0)
1907:(45,2,12,26,24,24,0)
1908:(45,2,13,27,23,23,0)
1909:(45,2,14,27,23,23,0)
1910:(45,2,12,27,23,23,0)
1911:(45,2,13,28,22,22,0)
1912:(45,2,14,28,22,22,0)
1913:(45,2,14,29,21,21,0)
1914:(45,2,15,29,21,21,0)
1915:(45,2,15,30,20,20,0)
1916:(45,2,16,30,20,20,0)
1917:(45,2,14,30,20,20,0)
1918:(45,2,15,31,19,19,0)
1919:(45,2,16,31,19,19,0)
1920:(45,2,14,31,19,19,0)
1921:(45,2,15,32,18,18,0)
1922:(45,2,16,32,18,18,0)
1923:(45,2,16,33,17,17,0)
1924:(45,2,17,33,17,17,0)
1925:(45,2,17,34,16,16,0)
1926:(45,2,18,34,16,16,0)
1927:(45,2,18,35,15,15,0)
1928:(45,2,19,35,15,15,0)
1929:(45,2,19,36,14,14,0)
1930:(45,2,20,36,14,14,0)
1931:(45,2,18,36,14,14,0)
1932:(45,2,17,36,14,14,0)
1933:(45,2,18,37,13,13,0)
1934:(45,2,19,37,13,13,0)
1935:(45,2,19,38,12,12,0)
1936:(45,2,20,38,12,12,0)
1937:(45,2,20,39,11,11,0)
1938:(45,2,21,39,11,11,0)
1939:(45,2,21,40,10,10,0)
1940:(45,2,22,40,10,10,0)
1941:(45,2,20,40,10,10,0)
1942:(45,2,21,41,9,9,0)
1943:(45,2,22,41,9,9,0)
1944:(45,2,20,41,9,9,0)
1945:(45,2,19,41,9,9,0)
1946:(45,2,20,42,8,8,0)
1947:(45,2,21,42,8,8,0)
1948:(45,2,21,43,7,7,0)
1949:(45,2,22,43,7,7,0)
1950:(45,2,22,44,6,6,0)
1951:(45,2,23,44,6,6,0)
1952:(45,2,23,45,5,5,0)
1953:(45,2,24,45,5,5,0)
1954:(45,2,22,45,5,5,0)
1955:(45,2,23,46,4,4,0)
1956:(45,2,24,46,4,4,0)
1957:(45,2,24,47,3,3,0)
1958:(45,2,25,47,3,3,0)
1959:(45,2,23,47,3,3,0)
1960:(45,2,22,47,3,3,0)
1961:(45,2,23,48,2,2,0)
1962:(45,2,24,48,2,2,0)
1963:(45,2,22,48,2,2,0)
1964:(45,2,23,49,1,1,0)
1965:(45,2,24,49,1,1,0)
1966:(45,2,24,50,0,0,0)
1967:(45,2,25,50,0,0,0)
1968:(45,2,23,50,0,0,0)
1969:(45,2,22,50,0,0,0)
1970:(45,2,21,50,0,0,0)
1971:(45,2,20,50,0,0,0)
1972:(45,2,19,50,0,0,0)
1973:(45,2,18,50,0,0,0)
1974:(45,2,17,50,0,0,0)
1975:(45,2,16,50,0,0,0)
1976:(45,2,15,50,0,0,0)
1977:(45,2,14,50,0,0,0)
1978:(45,2,13,50,0,0,0)
1979:(45,2,12,50,0,0,0)
1980:(45,2,11,50,0,0,0)
1981:(45,2,10,50,0,0,0)
1982:(45,2,9,50,0,0,0)
1983:(45,2,8,50,0,0,0)
1984:(45,2,7,50,0,0,0)
1985:(45,2,6,50,0,0,0)
1986:(45,2,5,50,0,0,0)
1987:(45,2,4,50,0,0,0)
1988:(45,2,3,50,0,0,0)
1989:(45,2,2,50,0,0,0)
1990:(45,2,1,50,0,0,0)
1991:(45,2,0,50,0,0,0)
1992:(42,2,2,1,49,49,0)
1993:(42,2,1,0,50,50,0)
1994:(42,2,4,3,47,47,0)
1995:(43,2,4,3,47,47,0)
1996:(42,2,5,4,46,46,0)
1997:(43,2,5,4,46,46,0)
1998:(42,2,6,5,45,45,0)
1999:(43,2,6,5,45,45,0)
2000:(43,2,6,6,44,44,0)
2001:(44,2,6,6,44,44,0)
2002:(43,2,7,7,43,43,0)
2003:(44,2,7,7,43,43,0)
2004:(43,2,8,8,42,42,0)
2005:(44,2,8,8,42,42,0)
2006:(43,2,8,9,41,41,0)
2007:(44,2,8,9,41,41,0)
2008:(43,2,9,10,40,40,0)
2009:(44,2,9,10,40,40,0)
2010:(45,2,8,11,39,39,0)
2011:(46,2,8,11,39,39,0)
2012:(45,2,8,12,38,38,0)
2013:(46,2,8,12,38,38,0)
2014:(45,2,9,13,37,37,0)
2015:(46,2,9,13,37,37,0)
2016:(45,2,10,14,36,36,0)
2017:(46,2,10,14,36,36,0)
2018:(45,2,10,15,35,35,0)
2019:(46,2,10,15,35,35,0)
2020:(45,2,11,16,34,34,0)
2021:(46,2,11,16,34,34,0)
2022:(45,2,12,17,33,33,0)
2023:(46,2,12,17,33,33,0)
2024:(45,2,13,18,32,32,0)
2025:(46,2,13,18,32,32,0)
2026:(45,2,14,19,31,31,0)
2027:(46,2,14,19,31,31,0)
2028:(45,2,14,20,30,30,0)
2029:(46,2,14,20,30,30,0)
2030:(45,2,14,21,29,29,0)
2031:(46,2,14,21,29,29,0)
2032:(45,2,15,22,28,28,0)
2033:(46,2,15,22,28,28,0)
2034:(45,2,15,23,27,27,0)
2035:(46,2,15,23,27,27,0)
2036:(45,2,14,24,26,26,0)
2037:(46,2,14,24,26,26,0)
2038:(45,2,15,25,25,25,0)
2039:(46,2,15,25,25,25,0)
2040:(45,2,15,26,24,24,0)
2041:(46,2,15,26,24,24,0)
2042:(45,2,15,27,23,23,0)
2043:(46,2,15,27,23,23,0)
2044:(45,2,15,28,22,22,0)
2045:(46,2,15,28,22,22,0)
2046:(45,2,16,29,21,21,0)
2047:(46,2,16,29,21,21,0)
2048:(45,2,17,30,20,20,0)
2049:(46,2,17,30,20,20,0)
2050:(45,2,17,31,19,19,0)
2051:(46,2,17,31,19,19,0)
2052:(45,2,17,32,18,18,0)
2053:(46,2,17,32,18,18,0)
2054:(45,2,18,33,17,17,0)
2055:(46,2,18,33,17,17,0)
2056:(45,2,19,34,16,16,0)
2057:(46,2,19,34,16,16,0)
2058:(45,2,20,35,15,15,0)
2059:(46,2,20,35,15,15,0)
2060:(45,2,21,36,14,14,0)
2061:(46,2,21,36,14,14,0)
2062:(45,2,20,37,13,13,0)
2063:(46,2,20,37,13,13,0)
2064:(45,2,21,38,12,12,0)
2065:(46,2,21,38,12,12,0)
2066:(45,2,22,39,11,11,0)
2067:(46,2,22,39,11,11,0)
2068:(45,2,23,40,10,10,0)
2069:(46,2,23,40,10,10,0)
2070:(45,2,23,41,9,9,0)
2071:(46,2,23,41,9,9,0)
2072:(45,2,22,42,8,8,0)
2073:(46,2,22,42,8,8,0)
2074:(45,2,23,43,7,7,0)
2075:(46,2,23,43,7,7,0)
2076:(45,2,24,44,6,6,0)
2077:(46,2,24,44,6,6,0)
2078:(45,2,25,45,5,5,0)
2079:(46,2,25,45,5,5,0)
2080:(45,2,25,46,4,4,0)
2081:(46,2,25,46,4,4,0)
2082:(45,2,26,47,3,3,0)
2083:(46,2,26,47,3,3,0)
2084:(45,2,25,48,2,2,0)
2085:(46,2,25,48,2,2,0)
2086:(45,2,25,49,1,1,0)
2087:(46,2,25,49,1,1,0)
2088:(45,2,26,50,0,0,0)
2089:(46,2,26,50,0,0,0)
2090:(43,2,2,1,49,49,0)
2091:(43,2,1,0,50,50,0)
2092:(44,2,4,3,47,47,0)
2093:(44,2,5,4,46,46,0)
2094:(44,2,6,5,45,45,0)
2095:(45,2,6,6,44,44,0)
2096:(45,2,7,7,43,43,0)
2097:(45,2,8,8,42,42,0)
2098:(45,2,8,9,41,41,0)
2099:(45,2,9,10,40,40,0)
2100:(47,2,8,11,39,39,0)
2101:(47,2,8,12,38,38,0)
2102:(47,2,9,13,37,37,0)
2103:(47,2,10,14,36,36,0)
2104:(47,2,10,15,35,35,0)
2105:(47,2,11,16,34,34,0)
2106:(47,2,12,17,33,33,0)
2107:(47,2,13,18,32,32,0)
2108:(47,2,14,19,31,31,0)
2109:(47,2,14,20,30,30,0)
2110:(47,2,14,21,29,29,0)
2111:(47,2,15,22,28,28,0)
2112:(47,2,15,23,27,27,0)
2113:(47,2,14,24,26,26,0)
2114:(47,2,15,25,25,25,0)
2115:(47,2,15,26,24,24,0)
2116:(47,2,15,27,23,23,0)
2117:(47,2,15,28,22,22,0)
2118:(47,2,16,29,21,21,0)
2119:(47,2,17,30,20,20,0)
2120:(47,2,17,31,19,19,0)
2121:(47,2,17,32,18,18,0)
2122:(47,2,18,33,17,17,0)
2123:(47,2,19,34,16,16,0)
2124:(47,2,20,35,15,15,0)
2125:(47,2,21,36,14,14,0)
2126:(47,2,20,37,13,13,0)
2127:(47,2,21,38,12,12,0)
2128:(47,2,22,39,11,11,0)
2129:(47,2,23,40,10,10,0)
2130:(47,2,23,41,9,9,0)
2131:(47,2,22,42,8,8,0)
2132:(47,2,23,43,7,7,0)
2133:(47,2,24,44,6,6,0)
2134:(47,2,25,45,5,5,0)
2135:(47,2,25,46,4,4,0)
2136:(47,2,26,47,3,3,0)
2137:(47,2,25,48,2,2,0)
2138:(47,2,25,49,1,1,0)
2139:(47,2,26,50,0,0,0)
2140:(44,2,1,0,50,50,0)
2141:(44,2,3,2,48,48,0)
2142:(45,2,3,2,48,48,0)
2143:(45,2,4,3,47,47,0)
2144:(45,2,5,4,46,46,0)
2145:(45,2,6,5,45,45,0)
2146:(46,2,6,6,44,44,0)
2147:(46,2,7,7,43,43,0)
2148:(46,2,8,8,42,42,0)
2149:(46,2,8,9,41,41,0)
2150:(46,2,9,10,40,40,0)
2151:(48,2,8,11,39,39,0)
2152:(48,2,8,12,38,38,0)
2153:(48,2,9,13,37,37,0)
2154:(48,2,10,14,36,36,0)
2155:(48,2,10,15,35,35,0)
2156:(48,2,11,16,34,34,0)
2157:(48,2,12,17,33,33,0)
2158:(48,2,13,18,32,32,0)
2159:(48,2,14,19,31,31,0)
2160:(48,2,14,20,30,30,0)
2161:(48,2,14,21,29,29,0)
2162:(48,2,15,22,28,28,0)
2163:(48,2,15,23,27,27,0)
2164:(48,2,14,24,26,26,0)
2165:(48,2,15,25,25,25,0)
2166:(48,2,15,26,24,24,0)
2167:(48,2,15,27,23,23,0)
2168:(48,2,15,28,22,22,0)
2169:(48,2,16,29,21,21,0)
2170:(48,2,17,30,20,20,0)
2171:(48,2,17,31,19,19,0)
2172:(48,2,17,32,18,18,0)
2173:(48,2,18,33,17,17,0)
2174:(48,2,19,34,16,16,0)
2175:(48,2,20,35,15,15,0)
2176:(48,2,21,36,14,14,0)
2177:(48,2,20,37,13,13,0)
2178:(48,2,21,38,12,12,0)
2179:(48,2,22,39,11,11,0)
2180:(48,2,23,40,10,10,0)
2181:(48,2,23,41,9,9,0)
2182:(48,2,22,42,8,8,0)
2183:(48,2,23,43,7,7,0)
2184:(48,2,24,44,6,6,0)
2185:(48,2,25,45,5,5,0)
2186:(48,2,25,46,4,4,0)
2187:(48,2,26,47,3,3,0)
2188:(48,2,25,48,2,2,0)
2189:(48,2,25,49,1,1,0)
2190:(48,2,26,50,0,0,0)
2191:(43,2,3,1,49,49,0)
2192:(43,2,2,0,50,50,0)
2193:(43,2,5,3,47,47,0)
2194:(44,2,5,3,47,47,0)
2195:(43,2,6,4,46,46,0)
2196:(44,2,6,4,46,46,0)
2197:(43,2,7,5,45,45,0)
2198:(44,2,7,5,45,45,0)
2199:(44,2,7,6,44,44,0)
2200:(45,2,7,6,44,44,0)
2201:(44,2,8,7,43,43,0)
2202:(45,2,8,7,43,43,0)
2203:(44,2,9,8,42,42,0)
2204:(45,2,9,8,42,42,0)
2205:(44,2,9,9,41,41,0)
2206:(45,2,9,9,41,41,0)
2207:(44,2,10,10,40,40,0)
2208:(45,2,10,10,40,40,0)
2209:(46,2,9,11,39,39,0)
2210:(47,2,9,11,39,39,0)
2211:(46,2,9,12,38,38,0)
2212:(47,2,9,12,38,38,0)
2213:(46,2,10,13,37,37,0)
2214:(47,2,10,13,37,37,0)
2215:(46,2,11,14,36,36,0)
2216:(47,2,11,14,36,36,0)
2217:(46,2,11,15,35,35,0)
2218:(47,2,11,15,35,35,0)
2219:(46,2,12,16,34,34,0)
2220:(47,2,12,16,34,34,0)
2221:(46,2,13,17,33,33,0)
2222:(47,2,13,17,33,33,0)
2223:(46,2,14,18,32,32,0)
2224:(47,2,14,18,32,32,0)
2225:(46,2,15,19,31,31,0)
2226:(47,2,15,19,31,31,0)
2227:(46,2,15,20,30,30,0)
2228:(47,2,15,20,30,30,0)
2229:(46,2,15,21,29,29,0)
2230:(47,2,15,21,29,29,0)
2231:(46,2,16,22,28,28,0)
2232:(47,2,16,22,28,28,0)
2233:(46,2,16,23,27,27,0)
2234:(47,2,16,23,27,27,0)
2235:(46,2,15,24,26,26,0)
2236:(47,2,15,24,26,26,0)
2237:(46,2,16,25,25,25,0)
2238:(47,2,16,25,25,25,0)
2239:(46,2,16,26,24,24,0)
2240:(47,2,16,26,24,24,0)
2241:(46,2,16,27,23,23,0)
2242:(47,2,16,27,23,23,0)
2243:(46,2,16,28,22,22,0)
2244:(47,2,16,28,22,22,0)
2245:(46,2,17,29,21,21,0)
2246:(47,2,17,29,21,21,0)
2247:(46,2,18,30,20,20,0)
2248:(47,2,18,30,20,20,0)
2249:(46,2,18,31,19,19,0)
2250:(47,2,18,31,19,19,0)
2251:(46,2,18,32,18,18,0)
2252:(47,2,18,32,18,18,0)
2253:(46,2,19,33,17,17,0)
2254:(47,2,19,33,17,17,0)
2255:(46,2,20,34,16,16,0)
2256:(47,2,20,34,16,16,0)
2257:(46,2,21,35,15,15,0)
2258:(47,2,21,35,15,15,0)
2259:(46,2,22,36,14,14,0)
2260:(47,2,22,36,14,14,0)
2261:(46,2,21,37,13,13,0)
2262:(47,2,21,37,13,13,0)
2263:(46,2,22,38,12,12,0)
2264:(47,2,22,38,12,12,0)
2265:(46,2,23,39,11,11,0)
2266:(47,2,23,39,11,11,0)
2267:(46,2,24,40,10,10,0)
2268:(47,2,24,40,10,10,0)
2269:(46,2,24,41,9,9,0)
2270:(47,2,24,41,9,9,0)
2271:(46,2,23,42,8,8,0)
2272:(47,2,23,42,8,8,0)
2273:(46,2,24,43,7,7,0)
2274:(47,2,24,43,7,7,0)
2275:(46,2,25,44,6,6,0)
2276:(47,2,25,44,6,6,0)
2277:(46,2,26,45,5,5,0)
2278:(47,2,26,45,5,5,0)
2279:(46,2,26,46,4,4,0)
2280:(47,2,26,46,4,4,0)
2281:(46,2,27,47,3,3,0)
2282:(47,2,27,47,3,3,0)
2283:(46,2,26,48,2,2,0)
2284:(47,2,26,48,2,2,0)
2285:(46,2,26,49,1,1,0)
2286:(47,2,26,49,1,1,0)
2287:(46,2,27,50,0,0,0)
2288:(47,2,27,50,0,0,0)
2289:(44,2,3,1,49,49,0)
2290:(44,2,2,0,50,50,0)
2291:(45,2,5,3,47,47,0)
2292:(45,2,6,4,46,46,0)
2293:(45,2,7,5,45,45,0)
2294:(46,2,7,6,44,44,0)
2295:(46,2,8,7,43,43,0)
2296:(46,2,9,8,42,42,0)
2297:(46,2,9,9,41,41,0)
2298:(46,2,10,10,40,40,0)
2299:(48,2,9,11,39,39,0)
2300:(48,2,9,12,38,38,0)
2301:(48,2,10,13,37,37,0)
2302:(48,2,11,14,36,36,0)
2303:(48,2,11,15,35,35,0)
2304:(48,2,12,16,34,34,0)
2305:(48,2,13,17,33,33,0)
2306:(48,2,14,18,32,32,0)
2307:(48,2,15,19,31,31,0)
2308:(48,2,15,20,30,30,0)
2309:(48,2,15,21,29,29,0)
2310:(48,2,16,22,28,28,0)
2311:(48,2,16,23,27,27,0)
2312:(48,2,15,24,26,26,0)
2313:(48,2,16,25,25,25,0)
2314:(48,2,16,26,24,24,0)
2315:(48,2,16,27,23,23,0)
2316:(48,2,16,28,22,22,0)
2317:(48,2,17,29,21,21,0)
2318:(48,2,18,30,20,20,0)
2319:(48,2,18,31,19,19,0)
2320:(48,2,18,32,18,18,0)
2321:(48,2,19,33,17,17,0)
2322:(48,2,20,34,16,16,0)
2323:(48,2,21,35,15,15,0)
2324:(48,2,22,36,14,14,0)
2325:(48,2,21,37,13,13,0)
2326:(48,2,22,38,12,12,0)
2327:(48,2,23,39,11,11,0)
2328:(48,2,24,40,10,10,0)
2329:(48,2,24,41,9,9,0)
2330:(48,2,23,42,8,8,0)
2331:(48,2,24,43,7,7,0)
2332:(48,2,25,44,6,6,0)
2333:(48,2,26,45,5,5,0)
2334:(48,2,26,46,4,4,0)
2335:(48,2,27,47,3,3,0)
2336:(48,2,26,48,2,2,0)
2337:(48,2,26,49,1,1,0)
2338:(48,2,27,50,0,0,0)
2339:(-1,-1,-1,-1,-1,-1,-1)